ARM GAS  C:\usertemp\ccC9x0kW.s 			page 1


   1              		.cpu cortex-m33
   2              		.arch armv8-m.main
   3              		.fpu fpv4-sp-d16
   4              		.arch_extension dsp
   5              		.eabi_attribute 27, 1
   6              		.eabi_attribute 28, 1
   7              		.eabi_attribute 20, 1
   8              		.eabi_attribute 21, 1
   9              		.eabi_attribute 23, 3
  10              		.eabi_attribute 24, 1
  11              		.eabi_attribute 25, 1
  12              		.eabi_attribute 26, 1
  13              		.eabi_attribute 30, 1
  14              		.eabi_attribute 34, 1
  15              		.eabi_attribute 18, 4
  16              		.file	"dcmi.c"
  17              		.text
  18              	.Ltext0:
  19              		.cfi_sections	.debug_frame
  20              		.file 1 "Core/Src/dcmi.c"
  21              		.section	.text.MX_DCMI_Init,"ax",%progbits
  22              		.align	1
  23              		.global	MX_DCMI_Init
  24              		.syntax unified
  25              		.thumb
  26              		.thumb_func
  28              	MX_DCMI_Init:
  29              	.LFB157:
   1:Core/Src/dcmi.c **** /* USER CODE BEGIN Header */
   2:Core/Src/dcmi.c **** /**
   3:Core/Src/dcmi.c ****   ******************************************************************************
   4:Core/Src/dcmi.c ****   * @file    dcmi.c
   5:Core/Src/dcmi.c ****   * @brief   This file provides code for the configuration
   6:Core/Src/dcmi.c ****   *          of the DCMI instances.
   7:Core/Src/dcmi.c ****   ******************************************************************************
   8:Core/Src/dcmi.c ****   * @attention
   9:Core/Src/dcmi.c ****   *
  10:Core/Src/dcmi.c ****   * Copyright (c) 2025 STMicroelectronics.
  11:Core/Src/dcmi.c ****   * All rights reserved.
  12:Core/Src/dcmi.c ****   *
  13:Core/Src/dcmi.c ****   * This software is licensed under terms that can be found in the LICENSE file
  14:Core/Src/dcmi.c ****   * in the root directory of this software component.
  15:Core/Src/dcmi.c ****   * If no LICENSE file comes with this software, it is provided AS-IS.
  16:Core/Src/dcmi.c ****   *
  17:Core/Src/dcmi.c ****   ******************************************************************************
  18:Core/Src/dcmi.c ****   */
  19:Core/Src/dcmi.c **** /* USER CODE END Header */
  20:Core/Src/dcmi.c **** /* Includes ------------------------------------------------------------------*/
  21:Core/Src/dcmi.c **** #include "dcmi.h"
  22:Core/Src/dcmi.c **** 
  23:Core/Src/dcmi.c **** /* USER CODE BEGIN 0 */
  24:Core/Src/dcmi.c **** 
  25:Core/Src/dcmi.c **** /* USER CODE END 0 */
  26:Core/Src/dcmi.c **** 
  27:Core/Src/dcmi.c **** DCMI_HandleTypeDef hdcmi;
  28:Core/Src/dcmi.c **** DMA_NodeTypeDef Node_GPDMA1_Channel0;
  29:Core/Src/dcmi.c **** DMA_QListTypeDef List_GPDMA1_Channel0;
ARM GAS  C:\usertemp\ccC9x0kW.s 			page 2


  30:Core/Src/dcmi.c **** DMA_HandleTypeDef handle_GPDMA1_Channel0;
  31:Core/Src/dcmi.c **** 
  32:Core/Src/dcmi.c **** /* DCMI init function */
  33:Core/Src/dcmi.c **** void MX_DCMI_Init(void)
  34:Core/Src/dcmi.c **** {
  30              		.loc 1 34 1 view -0
  31              		.cfi_startproc
  32              		@ args = 0, pretend = 0, frame = 0
  33              		@ frame_needed = 0, uses_anonymous_args = 0
  34 0000 08B5     		push	{r3, lr}
  35              	.LCFI0:
  36              		.cfi_def_cfa_offset 8
  37              		.cfi_offset 3, -8
  38              		.cfi_offset 14, -4
  35:Core/Src/dcmi.c **** 
  36:Core/Src/dcmi.c ****   /* USER CODE BEGIN DCMI_Init 0 */
  37:Core/Src/dcmi.c **** 
  38:Core/Src/dcmi.c ****   /* USER CODE END DCMI_Init 0 */
  39:Core/Src/dcmi.c **** 
  40:Core/Src/dcmi.c ****   /* USER CODE BEGIN DCMI_Init 1 */
  41:Core/Src/dcmi.c **** 
  42:Core/Src/dcmi.c ****   /* USER CODE END DCMI_Init 1 */
  43:Core/Src/dcmi.c ****   hdcmi.Instance = DCMI;
  39              		.loc 1 43 3 view .LVU1
  40              		.loc 1 43 18 is_stmt 0 view .LVU2
  41 0002 0B48     		ldr	r0, .L5
  42 0004 0B4B     		ldr	r3, .L5+4
  43 0006 0360     		str	r3, [r0]
  44:Core/Src/dcmi.c ****   hdcmi.Init.SynchroMode = DCMI_SYNCHRO_HARDWARE;
  44              		.loc 1 44 3 is_stmt 1 view .LVU3
  45              		.loc 1 44 26 is_stmt 0 view .LVU4
  46 0008 0023     		movs	r3, #0
  47 000a 4360     		str	r3, [r0, #4]
  45:Core/Src/dcmi.c ****   hdcmi.Init.PCKPolarity = DCMI_PCKPOLARITY_FALLING;
  48              		.loc 1 45 3 is_stmt 1 view .LVU5
  49              		.loc 1 45 26 is_stmt 0 view .LVU6
  50 000c 8360     		str	r3, [r0, #8]
  46:Core/Src/dcmi.c ****   hdcmi.Init.VSPolarity = DCMI_VSPOLARITY_LOW;
  51              		.loc 1 46 3 is_stmt 1 view .LVU7
  52              		.loc 1 46 25 is_stmt 0 view .LVU8
  53 000e C360     		str	r3, [r0, #12]
  47:Core/Src/dcmi.c ****   hdcmi.Init.HSPolarity = DCMI_HSPOLARITY_LOW;
  54              		.loc 1 47 3 is_stmt 1 view .LVU9
  55              		.loc 1 47 25 is_stmt 0 view .LVU10
  56 0010 0361     		str	r3, [r0, #16]
  48:Core/Src/dcmi.c ****   hdcmi.Init.CaptureRate = DCMI_CR_ALL_FRAME;
  57              		.loc 1 48 3 is_stmt 1 view .LVU11
  58              		.loc 1 48 26 is_stmt 0 view .LVU12
  59 0012 4361     		str	r3, [r0, #20]
  49:Core/Src/dcmi.c ****   hdcmi.Init.ExtendedDataMode = DCMI_EXTEND_DATA_8B;
  60              		.loc 1 49 3 is_stmt 1 view .LVU13
  61              		.loc 1 49 31 is_stmt 0 view .LVU14
  62 0014 8361     		str	r3, [r0, #24]
  50:Core/Src/dcmi.c ****   hdcmi.Init.JPEGMode = DCMI_JPEG_DISABLE;
  63              		.loc 1 50 3 is_stmt 1 view .LVU15
  64              		.loc 1 50 23 is_stmt 0 view .LVU16
  65 0016 0362     		str	r3, [r0, #32]
ARM GAS  C:\usertemp\ccC9x0kW.s 			page 3


  51:Core/Src/dcmi.c ****   hdcmi.Init.ByteSelectMode = DCMI_BSM_ALL;
  66              		.loc 1 51 3 is_stmt 1 view .LVU17
  67              		.loc 1 51 29 is_stmt 0 view .LVU18
  68 0018 4362     		str	r3, [r0, #36]
  52:Core/Src/dcmi.c ****   hdcmi.Init.ByteSelectStart = DCMI_OEBS_ODD;
  69              		.loc 1 52 3 is_stmt 1 view .LVU19
  70              		.loc 1 52 30 is_stmt 0 view .LVU20
  71 001a 8362     		str	r3, [r0, #40]
  53:Core/Src/dcmi.c ****   hdcmi.Init.LineSelectMode = DCMI_LSM_ALL;
  72              		.loc 1 53 3 is_stmt 1 view .LVU21
  73              		.loc 1 53 29 is_stmt 0 view .LVU22
  74 001c C362     		str	r3, [r0, #44]
  54:Core/Src/dcmi.c ****   hdcmi.Init.LineSelectStart = DCMI_OELS_ODD;
  75              		.loc 1 54 3 is_stmt 1 view .LVU23
  76              		.loc 1 54 30 is_stmt 0 view .LVU24
  77 001e 0363     		str	r3, [r0, #48]
  55:Core/Src/dcmi.c ****   if (HAL_DCMI_Init(&hdcmi) != HAL_OK)
  78              		.loc 1 55 3 is_stmt 1 view .LVU25
  79              		.loc 1 55 7 is_stmt 0 view .LVU26
  80 0020 FFF7FEFF 		bl	HAL_DCMI_Init
  81              	.LVL0:
  82              		.loc 1 55 6 discriminator 1 view .LVU27
  83 0024 00B9     		cbnz	r0, .L4
  84              	.L1:
  56:Core/Src/dcmi.c ****   {
  57:Core/Src/dcmi.c ****     Error_Handler();
  58:Core/Src/dcmi.c ****   }
  59:Core/Src/dcmi.c ****   /* USER CODE BEGIN DCMI_Init 2 */
  60:Core/Src/dcmi.c **** 
  61:Core/Src/dcmi.c ****   /* USER CODE END DCMI_Init 2 */
  62:Core/Src/dcmi.c **** 
  63:Core/Src/dcmi.c **** }
  85              		.loc 1 63 1 view .LVU28
  86 0026 08BD     		pop	{r3, pc}
  87              	.L4:
  57:Core/Src/dcmi.c ****   }
  88              		.loc 1 57 5 is_stmt 1 view .LVU29
  89 0028 FFF7FEFF 		bl	Error_Handler
  90              	.LVL1:
  91              		.loc 1 63 1 is_stmt 0 view .LVU30
  92 002c FBE7     		b	.L1
  93              	.L6:
  94 002e 00BF     		.align	2
  95              	.L5:
  96 0030 00000000 		.word	hdcmi
  97 0034 00C00242 		.word	1107476480
  98              		.cfi_endproc
  99              	.LFE157:
 101              		.section	.text.HAL_DCMI_MspInit,"ax",%progbits
 102              		.align	1
 103              		.global	HAL_DCMI_MspInit
 104              		.syntax unified
 105              		.thumb
 106              		.thumb_func
 108              	HAL_DCMI_MspInit:
 109              	.LVL2:
 110              	.LFB158:
ARM GAS  C:\usertemp\ccC9x0kW.s 			page 4


  64:Core/Src/dcmi.c **** 
  65:Core/Src/dcmi.c **** void HAL_DCMI_MspInit(DCMI_HandleTypeDef* dcmiHandle)
  66:Core/Src/dcmi.c **** {
 111              		.loc 1 66 1 is_stmt 1 view -0
 112              		.cfi_startproc
 113              		@ args = 0, pretend = 0, frame = 152
 114              		@ frame_needed = 0, uses_anonymous_args = 0
 115              		.loc 1 66 1 is_stmt 0 view .LVU32
 116 0000 2DE9F043 		push	{r4, r5, r6, r7, r8, r9, lr}
 117              	.LCFI1:
 118              		.cfi_def_cfa_offset 28
 119              		.cfi_offset 4, -28
 120              		.cfi_offset 5, -24
 121              		.cfi_offset 6, -20
 122              		.cfi_offset 7, -16
 123              		.cfi_offset 8, -12
 124              		.cfi_offset 9, -8
 125              		.cfi_offset 14, -4
 126 0004 A7B0     		sub	sp, sp, #156
 127              	.LCFI2:
 128              		.cfi_def_cfa_offset 184
 129 0006 0446     		mov	r4, r0
  67:Core/Src/dcmi.c **** 
  68:Core/Src/dcmi.c ****   GPIO_InitTypeDef GPIO_InitStruct = {0};
 130              		.loc 1 68 3 is_stmt 1 view .LVU33
 131              		.loc 1 68 20 is_stmt 0 view .LVU34
 132 0008 0021     		movs	r1, #0
 133 000a 2191     		str	r1, [sp, #132]
 134 000c 2291     		str	r1, [sp, #136]
 135 000e 2391     		str	r1, [sp, #140]
 136 0010 2491     		str	r1, [sp, #144]
 137 0012 2591     		str	r1, [sp, #148]
  69:Core/Src/dcmi.c ****   DMA_NodeConfTypeDef NodeConfig= {0};
 138              		.loc 1 69 3 is_stmt 1 view .LVU35
 139              		.loc 1 69 23 is_stmt 0 view .LVU36
 140 0014 6C22     		movs	r2, #108
 141 0016 06A8     		add	r0, sp, #24
 142              	.LVL3:
 143              		.loc 1 69 23 view .LVU37
 144 0018 FFF7FEFF 		bl	memset
 145              	.LVL4:
  70:Core/Src/dcmi.c ****   if(dcmiHandle->Instance==DCMI)
 146              		.loc 1 70 3 is_stmt 1 view .LVU38
 147              		.loc 1 70 16 is_stmt 0 view .LVU39
 148 001c 2268     		ldr	r2, [r4]
 149              		.loc 1 70 5 view .LVU40
 150 001e 6C4B     		ldr	r3, .L23
 151 0020 9A42     		cmp	r2, r3
 152 0022 02D0     		beq	.L16
 153              	.L7:
  71:Core/Src/dcmi.c ****   {
  72:Core/Src/dcmi.c ****   /* USER CODE BEGIN DCMI_MspInit 0 */
  73:Core/Src/dcmi.c **** 
  74:Core/Src/dcmi.c ****   /* USER CODE END DCMI_MspInit 0 */
  75:Core/Src/dcmi.c ****     /* DCMI clock enable */
  76:Core/Src/dcmi.c ****     __HAL_RCC_DCMI_PSSI_CLK_ENABLE();
  77:Core/Src/dcmi.c **** 
ARM GAS  C:\usertemp\ccC9x0kW.s 			page 5


  78:Core/Src/dcmi.c ****     __HAL_RCC_GPIOD_CLK_ENABLE();
  79:Core/Src/dcmi.c ****     __HAL_RCC_GPIOC_CLK_ENABLE();
  80:Core/Src/dcmi.c ****     __HAL_RCC_GPIOA_CLK_ENABLE();
  81:Core/Src/dcmi.c ****     __HAL_RCC_GPIOB_CLK_ENABLE();
  82:Core/Src/dcmi.c ****     /**DCMI GPIO Configuration
  83:Core/Src/dcmi.c ****     PD8     ------> DCMI_HSYNC
  84:Core/Src/dcmi.c ****     PD9     ------> DCMI_PIXCLK
  85:Core/Src/dcmi.c ****     PC7     ------> DCMI_D1
  86:Core/Src/dcmi.c ****     PC8     ------> DCMI_D2
  87:Core/Src/dcmi.c ****     PC9     ------> DCMI_D3
  88:Core/Src/dcmi.c ****     PA9     ------> DCMI_D0
  89:Core/Src/dcmi.c ****     PC11     ------> DCMI_D4
  90:Core/Src/dcmi.c ****     PB6     ------> DCMI_D5
  91:Core/Src/dcmi.c ****     PB7     ------> DCMI_VSYNC
  92:Core/Src/dcmi.c ****     PB8     ------> DCMI_D6
  93:Core/Src/dcmi.c ****     PB9     ------> DCMI_D7
  94:Core/Src/dcmi.c ****     */
  95:Core/Src/dcmi.c ****     GPIO_InitStruct.Pin = GPIO_PIN_8|GPIO_PIN_9;
  96:Core/Src/dcmi.c ****     GPIO_InitStruct.Mode = GPIO_MODE_AF_PP;
  97:Core/Src/dcmi.c ****     GPIO_InitStruct.Pull = GPIO_NOPULL;
  98:Core/Src/dcmi.c ****     GPIO_InitStruct.Speed = GPIO_SPEED_FREQ_LOW;
  99:Core/Src/dcmi.c ****     GPIO_InitStruct.Alternate = GPIO_AF10_DCMI;
 100:Core/Src/dcmi.c ****     HAL_GPIO_Init(GPIOD, &GPIO_InitStruct);
 101:Core/Src/dcmi.c **** 
 102:Core/Src/dcmi.c ****     GPIO_InitStruct.Pin = GPIO_PIN_7|GPIO_PIN_8|GPIO_PIN_11;
 103:Core/Src/dcmi.c ****     GPIO_InitStruct.Mode = GPIO_MODE_AF_PP;
 104:Core/Src/dcmi.c ****     GPIO_InitStruct.Pull = GPIO_NOPULL;
 105:Core/Src/dcmi.c ****     GPIO_InitStruct.Speed = GPIO_SPEED_FREQ_LOW;
 106:Core/Src/dcmi.c ****     GPIO_InitStruct.Alternate = GPIO_AF10_DCMI;
 107:Core/Src/dcmi.c ****     HAL_GPIO_Init(GPIOC, &GPIO_InitStruct);
 108:Core/Src/dcmi.c **** 
 109:Core/Src/dcmi.c ****     GPIO_InitStruct.Pin = GPIO_PIN_9;
 110:Core/Src/dcmi.c ****     GPIO_InitStruct.Mode = GPIO_MODE_AF_PP;
 111:Core/Src/dcmi.c ****     GPIO_InitStruct.Pull = GPIO_NOPULL;
 112:Core/Src/dcmi.c ****     GPIO_InitStruct.Speed = GPIO_SPEED_FREQ_LOW;
 113:Core/Src/dcmi.c ****     GPIO_InitStruct.Alternate = GPIO_AF4_DCMI;
 114:Core/Src/dcmi.c ****     HAL_GPIO_Init(GPIOC, &GPIO_InitStruct);
 115:Core/Src/dcmi.c **** 
 116:Core/Src/dcmi.c ****     GPIO_InitStruct.Pin = GPIO_PIN_9;
 117:Core/Src/dcmi.c ****     GPIO_InitStruct.Mode = GPIO_MODE_AF_PP;
 118:Core/Src/dcmi.c ****     GPIO_InitStruct.Pull = GPIO_NOPULL;
 119:Core/Src/dcmi.c ****     GPIO_InitStruct.Speed = GPIO_SPEED_FREQ_LOW;
 120:Core/Src/dcmi.c ****     GPIO_InitStruct.Alternate = GPIO_AF5_DCMI;
 121:Core/Src/dcmi.c ****     HAL_GPIO_Init(GPIOA, &GPIO_InitStruct);
 122:Core/Src/dcmi.c **** 
 123:Core/Src/dcmi.c ****     GPIO_InitStruct.Pin = GPIO_PIN_6|GPIO_PIN_7|GPIO_PIN_8|GPIO_PIN_9;
 124:Core/Src/dcmi.c ****     GPIO_InitStruct.Mode = GPIO_MODE_AF_PP;
 125:Core/Src/dcmi.c ****     GPIO_InitStruct.Pull = GPIO_NOPULL;
 126:Core/Src/dcmi.c ****     GPIO_InitStruct.Speed = GPIO_SPEED_FREQ_LOW;
 127:Core/Src/dcmi.c ****     GPIO_InitStruct.Alternate = GPIO_AF10_DCMI;
 128:Core/Src/dcmi.c ****     HAL_GPIO_Init(GPIOB, &GPIO_InitStruct);
 129:Core/Src/dcmi.c **** 
 130:Core/Src/dcmi.c ****     /* DCMI DMA Init */
 131:Core/Src/dcmi.c ****     /* GPDMA1_REQUEST_DCMI_PSSI Init */
 132:Core/Src/dcmi.c ****     NodeConfig.NodeType = DMA_GPDMA_LINEAR_NODE;
 133:Core/Src/dcmi.c ****     NodeConfig.Init.Request = GPDMA1_REQUEST_DCMI_PSSI;
 134:Core/Src/dcmi.c ****     NodeConfig.Init.BlkHWRequest = DMA_BREQ_SINGLE_BURST;
ARM GAS  C:\usertemp\ccC9x0kW.s 			page 6


 135:Core/Src/dcmi.c ****     NodeConfig.Init.Direction = DMA_PERIPH_TO_MEMORY;
 136:Core/Src/dcmi.c ****     NodeConfig.Init.SrcInc = DMA_SINC_FIXED;
 137:Core/Src/dcmi.c ****     NodeConfig.Init.DestInc = DMA_DINC_INCREMENTED;
 138:Core/Src/dcmi.c ****     NodeConfig.Init.SrcDataWidth = DMA_SRC_DATAWIDTH_WORD;
 139:Core/Src/dcmi.c ****     NodeConfig.Init.DestDataWidth = DMA_DEST_DATAWIDTH_WORD;
 140:Core/Src/dcmi.c ****     NodeConfig.Init.SrcBurstLength = 1;
 141:Core/Src/dcmi.c ****     NodeConfig.Init.DestBurstLength = 1;
 142:Core/Src/dcmi.c ****     NodeConfig.Init.TransferAllocatedPort = DMA_SRC_ALLOCATED_PORT0|DMA_DEST_ALLOCATED_PORT0;
 143:Core/Src/dcmi.c ****     NodeConfig.Init.TransferEventMode = DMA_TCEM_BLOCK_TRANSFER;
 144:Core/Src/dcmi.c ****     NodeConfig.Init.Mode = DMA_NORMAL;
 145:Core/Src/dcmi.c ****     NodeConfig.TriggerConfig.TriggerPolarity = DMA_TRIG_POLARITY_MASKED;
 146:Core/Src/dcmi.c ****     NodeConfig.DataHandlingConfig.DataExchange = DMA_EXCHANGE_NONE;
 147:Core/Src/dcmi.c ****     NodeConfig.DataHandlingConfig.DataAlignment = DMA_DATA_RIGHTALIGN_ZEROPADDED;
 148:Core/Src/dcmi.c ****     if (HAL_DMAEx_List_BuildNode(&NodeConfig, &Node_GPDMA1_Channel0) != HAL_OK)
 149:Core/Src/dcmi.c ****     {
 150:Core/Src/dcmi.c ****       Error_Handler();
 151:Core/Src/dcmi.c ****     }
 152:Core/Src/dcmi.c **** 
 153:Core/Src/dcmi.c ****     if (HAL_DMAEx_List_InsertNode(&List_GPDMA1_Channel0, NULL, &Node_GPDMA1_Channel0) != HAL_OK)
 154:Core/Src/dcmi.c ****     {
 155:Core/Src/dcmi.c ****       Error_Handler();
 156:Core/Src/dcmi.c ****     }
 157:Core/Src/dcmi.c **** 
 158:Core/Src/dcmi.c ****     if (HAL_DMAEx_List_SetCircularMode(&List_GPDMA1_Channel0) != HAL_OK)
 159:Core/Src/dcmi.c ****     {
 160:Core/Src/dcmi.c ****       Error_Handler();
 161:Core/Src/dcmi.c ****     }
 162:Core/Src/dcmi.c **** 
 163:Core/Src/dcmi.c ****     handle_GPDMA1_Channel0.Instance = GPDMA1_Channel0;
 164:Core/Src/dcmi.c ****     handle_GPDMA1_Channel0.InitLinkedList.Priority = DMA_LOW_PRIORITY_LOW_WEIGHT;
 165:Core/Src/dcmi.c ****     handle_GPDMA1_Channel0.InitLinkedList.LinkStepMode = DMA_LSM_FULL_EXECUTION;
 166:Core/Src/dcmi.c ****     handle_GPDMA1_Channel0.InitLinkedList.LinkAllocatedPort = DMA_LINK_ALLOCATED_PORT0;
 167:Core/Src/dcmi.c ****     handle_GPDMA1_Channel0.InitLinkedList.TransferEventMode = DMA_TCEM_BLOCK_TRANSFER;
 168:Core/Src/dcmi.c ****     handle_GPDMA1_Channel0.InitLinkedList.LinkedListMode = DMA_LINKEDLIST_CIRCULAR;
 169:Core/Src/dcmi.c ****     if (HAL_DMAEx_List_Init(&handle_GPDMA1_Channel0) != HAL_OK)
 170:Core/Src/dcmi.c ****     {
 171:Core/Src/dcmi.c ****       Error_Handler();
 172:Core/Src/dcmi.c ****     }
 173:Core/Src/dcmi.c **** 
 174:Core/Src/dcmi.c ****     if (HAL_DMAEx_List_LinkQ(&handle_GPDMA1_Channel0, &List_GPDMA1_Channel0) != HAL_OK)
 175:Core/Src/dcmi.c ****     {
 176:Core/Src/dcmi.c ****       Error_Handler();
 177:Core/Src/dcmi.c ****     }
 178:Core/Src/dcmi.c **** 
 179:Core/Src/dcmi.c ****     __HAL_LINKDMA(dcmiHandle, DMA_Handle, handle_GPDMA1_Channel0);
 180:Core/Src/dcmi.c **** 
 181:Core/Src/dcmi.c ****     if (HAL_DMA_ConfigChannelAttributes(&handle_GPDMA1_Channel0, DMA_CHANNEL_NPRIV) != HAL_OK)
 182:Core/Src/dcmi.c ****     {
 183:Core/Src/dcmi.c ****       Error_Handler();
 184:Core/Src/dcmi.c ****     }
 185:Core/Src/dcmi.c **** 
 186:Core/Src/dcmi.c ****     /* DCMI interrupt Init */
 187:Core/Src/dcmi.c ****     HAL_NVIC_SetPriority(DCMI_PSSI_IRQn, 0, 0);
 188:Core/Src/dcmi.c ****     HAL_NVIC_EnableIRQ(DCMI_PSSI_IRQn);
 189:Core/Src/dcmi.c ****   /* USER CODE BEGIN DCMI_MspInit 1 */
 190:Core/Src/dcmi.c **** 
 191:Core/Src/dcmi.c ****   /* USER CODE END DCMI_MspInit 1 */
ARM GAS  C:\usertemp\ccC9x0kW.s 			page 7


 192:Core/Src/dcmi.c ****   }
 193:Core/Src/dcmi.c **** }
 154              		.loc 1 193 1 view .LVU41
 155 0024 27B0     		add	sp, sp, #156
 156              	.LCFI3:
 157              		.cfi_remember_state
 158              		.cfi_def_cfa_offset 28
 159              		@ sp needed
 160 0026 BDE8F083 		pop	{r4, r5, r6, r7, r8, r9, pc}
 161              	.LVL5:
 162              	.L16:
 163              	.LCFI4:
 164              		.cfi_restore_state
  76:Core/Src/dcmi.c **** 
 165              		.loc 1 76 5 is_stmt 1 view .LVU42
 166              	.LBB2:
  76:Core/Src/dcmi.c **** 
 167              		.loc 1 76 5 view .LVU43
  76:Core/Src/dcmi.c **** 
 168              		.loc 1 76 5 view .LVU44
 169 002a 6A4B     		ldr	r3, .L23+4
 170 002c D3F88C20 		ldr	r2, [r3, #140]
 171 0030 42F48052 		orr	r2, r2, #4096
 172 0034 C3F88C20 		str	r2, [r3, #140]
  76:Core/Src/dcmi.c **** 
 173              		.loc 1 76 5 view .LVU45
 174 0038 D3F88C20 		ldr	r2, [r3, #140]
 175 003c 02F48052 		and	r2, r2, #4096
 176 0040 0192     		str	r2, [sp, #4]
  76:Core/Src/dcmi.c **** 
 177              		.loc 1 76 5 view .LVU46
 178 0042 019A     		ldr	r2, [sp, #4]
 179              	.LBE2:
  76:Core/Src/dcmi.c **** 
 180              		.loc 1 76 5 view .LVU47
  78:Core/Src/dcmi.c ****     __HAL_RCC_GPIOC_CLK_ENABLE();
 181              		.loc 1 78 5 view .LVU48
 182              	.LBB3:
  78:Core/Src/dcmi.c ****     __HAL_RCC_GPIOC_CLK_ENABLE();
 183              		.loc 1 78 5 view .LVU49
  78:Core/Src/dcmi.c ****     __HAL_RCC_GPIOC_CLK_ENABLE();
 184              		.loc 1 78 5 view .LVU50
 185 0044 D3F88C20 		ldr	r2, [r3, #140]
 186 0048 42F00802 		orr	r2, r2, #8
 187 004c C3F88C20 		str	r2, [r3, #140]
  78:Core/Src/dcmi.c ****     __HAL_RCC_GPIOC_CLK_ENABLE();
 188              		.loc 1 78 5 view .LVU51
 189 0050 D3F88C20 		ldr	r2, [r3, #140]
 190 0054 02F00802 		and	r2, r2, #8
 191 0058 0292     		str	r2, [sp, #8]
  78:Core/Src/dcmi.c ****     __HAL_RCC_GPIOC_CLK_ENABLE();
 192              		.loc 1 78 5 view .LVU52
 193 005a 029A     		ldr	r2, [sp, #8]
 194              	.LBE3:
  78:Core/Src/dcmi.c ****     __HAL_RCC_GPIOC_CLK_ENABLE();
 195              		.loc 1 78 5 view .LVU53
  79:Core/Src/dcmi.c ****     __HAL_RCC_GPIOA_CLK_ENABLE();
ARM GAS  C:\usertemp\ccC9x0kW.s 			page 8


 196              		.loc 1 79 5 view .LVU54
 197              	.LBB4:
  79:Core/Src/dcmi.c ****     __HAL_RCC_GPIOA_CLK_ENABLE();
 198              		.loc 1 79 5 view .LVU55
  79:Core/Src/dcmi.c ****     __HAL_RCC_GPIOA_CLK_ENABLE();
 199              		.loc 1 79 5 view .LVU56
 200 005c D3F88C20 		ldr	r2, [r3, #140]
 201 0060 42F00402 		orr	r2, r2, #4
 202 0064 C3F88C20 		str	r2, [r3, #140]
  79:Core/Src/dcmi.c ****     __HAL_RCC_GPIOA_CLK_ENABLE();
 203              		.loc 1 79 5 view .LVU57
 204 0068 D3F88C20 		ldr	r2, [r3, #140]
 205 006c 02F00402 		and	r2, r2, #4
 206 0070 0392     		str	r2, [sp, #12]
  79:Core/Src/dcmi.c ****     __HAL_RCC_GPIOA_CLK_ENABLE();
 207              		.loc 1 79 5 view .LVU58
 208 0072 039A     		ldr	r2, [sp, #12]
 209              	.LBE4:
  79:Core/Src/dcmi.c ****     __HAL_RCC_GPIOA_CLK_ENABLE();
 210              		.loc 1 79 5 view .LVU59
  80:Core/Src/dcmi.c ****     __HAL_RCC_GPIOB_CLK_ENABLE();
 211              		.loc 1 80 5 view .LVU60
 212              	.LBB5:
  80:Core/Src/dcmi.c ****     __HAL_RCC_GPIOB_CLK_ENABLE();
 213              		.loc 1 80 5 view .LVU61
  80:Core/Src/dcmi.c ****     __HAL_RCC_GPIOB_CLK_ENABLE();
 214              		.loc 1 80 5 view .LVU62
 215 0074 D3F88C20 		ldr	r2, [r3, #140]
 216 0078 42F00102 		orr	r2, r2, #1
 217 007c C3F88C20 		str	r2, [r3, #140]
  80:Core/Src/dcmi.c ****     __HAL_RCC_GPIOB_CLK_ENABLE();
 218              		.loc 1 80 5 view .LVU63
 219 0080 D3F88C20 		ldr	r2, [r3, #140]
 220 0084 02F00102 		and	r2, r2, #1
 221 0088 0492     		str	r2, [sp, #16]
  80:Core/Src/dcmi.c ****     __HAL_RCC_GPIOB_CLK_ENABLE();
 222              		.loc 1 80 5 view .LVU64
 223 008a 049A     		ldr	r2, [sp, #16]
 224              	.LBE5:
  80:Core/Src/dcmi.c ****     __HAL_RCC_GPIOB_CLK_ENABLE();
 225              		.loc 1 80 5 view .LVU65
  81:Core/Src/dcmi.c ****     /**DCMI GPIO Configuration
 226              		.loc 1 81 5 view .LVU66
 227              	.LBB6:
  81:Core/Src/dcmi.c ****     /**DCMI GPIO Configuration
 228              		.loc 1 81 5 view .LVU67
  81:Core/Src/dcmi.c ****     /**DCMI GPIO Configuration
 229              		.loc 1 81 5 view .LVU68
 230 008c D3F88C20 		ldr	r2, [r3, #140]
 231 0090 42F00202 		orr	r2, r2, #2
 232 0094 C3F88C20 		str	r2, [r3, #140]
  81:Core/Src/dcmi.c ****     /**DCMI GPIO Configuration
 233              		.loc 1 81 5 view .LVU69
 234 0098 D3F88C30 		ldr	r3, [r3, #140]
 235 009c 03F00203 		and	r3, r3, #2
 236 00a0 0593     		str	r3, [sp, #20]
  81:Core/Src/dcmi.c ****     /**DCMI GPIO Configuration
ARM GAS  C:\usertemp\ccC9x0kW.s 			page 9


 237              		.loc 1 81 5 view .LVU70
 238 00a2 059B     		ldr	r3, [sp, #20]
 239              	.LBE6:
  81:Core/Src/dcmi.c ****     /**DCMI GPIO Configuration
 240              		.loc 1 81 5 view .LVU71
  95:Core/Src/dcmi.c ****     GPIO_InitStruct.Mode = GPIO_MODE_AF_PP;
 241              		.loc 1 95 5 view .LVU72
  95:Core/Src/dcmi.c ****     GPIO_InitStruct.Mode = GPIO_MODE_AF_PP;
 242              		.loc 1 95 25 is_stmt 0 view .LVU73
 243 00a4 4FF44073 		mov	r3, #768
 244 00a8 2193     		str	r3, [sp, #132]
  96:Core/Src/dcmi.c ****     GPIO_InitStruct.Pull = GPIO_NOPULL;
 245              		.loc 1 96 5 is_stmt 1 view .LVU74
  96:Core/Src/dcmi.c ****     GPIO_InitStruct.Pull = GPIO_NOPULL;
 246              		.loc 1 96 26 is_stmt 0 view .LVU75
 247 00aa 0226     		movs	r6, #2
 248 00ac 2296     		str	r6, [sp, #136]
  97:Core/Src/dcmi.c ****     GPIO_InitStruct.Speed = GPIO_SPEED_FREQ_LOW;
 249              		.loc 1 97 5 is_stmt 1 view .LVU76
  98:Core/Src/dcmi.c ****     GPIO_InitStruct.Alternate = GPIO_AF10_DCMI;
 250              		.loc 1 98 5 view .LVU77
  99:Core/Src/dcmi.c ****     HAL_GPIO_Init(GPIOD, &GPIO_InitStruct);
 251              		.loc 1 99 5 view .LVU78
  99:Core/Src/dcmi.c ****     HAL_GPIO_Init(GPIOD, &GPIO_InitStruct);
 252              		.loc 1 99 31 is_stmt 0 view .LVU79
 253 00ae 0A27     		movs	r7, #10
 254 00b0 2597     		str	r7, [sp, #148]
 100:Core/Src/dcmi.c **** 
 255              		.loc 1 100 5 is_stmt 1 view .LVU80
 256 00b2 21A9     		add	r1, sp, #132
 257 00b4 4848     		ldr	r0, .L23+8
 258 00b6 FFF7FEFF 		bl	HAL_GPIO_Init
 259              	.LVL6:
 102:Core/Src/dcmi.c ****     GPIO_InitStruct.Mode = GPIO_MODE_AF_PP;
 260              		.loc 1 102 5 view .LVU81
 102:Core/Src/dcmi.c ****     GPIO_InitStruct.Mode = GPIO_MODE_AF_PP;
 261              		.loc 1 102 25 is_stmt 0 view .LVU82
 262 00ba 4FF41863 		mov	r3, #2432
 263 00be 2193     		str	r3, [sp, #132]
 103:Core/Src/dcmi.c ****     GPIO_InitStruct.Pull = GPIO_NOPULL;
 264              		.loc 1 103 5 is_stmt 1 view .LVU83
 103:Core/Src/dcmi.c ****     GPIO_InitStruct.Pull = GPIO_NOPULL;
 265              		.loc 1 103 26 is_stmt 0 view .LVU84
 266 00c0 2296     		str	r6, [sp, #136]
 104:Core/Src/dcmi.c ****     GPIO_InitStruct.Speed = GPIO_SPEED_FREQ_LOW;
 267              		.loc 1 104 5 is_stmt 1 view .LVU85
 104:Core/Src/dcmi.c ****     GPIO_InitStruct.Speed = GPIO_SPEED_FREQ_LOW;
 268              		.loc 1 104 26 is_stmt 0 view .LVU86
 269 00c2 0025     		movs	r5, #0
 270 00c4 2395     		str	r5, [sp, #140]
 105:Core/Src/dcmi.c ****     GPIO_InitStruct.Alternate = GPIO_AF10_DCMI;
 271              		.loc 1 105 5 is_stmt 1 view .LVU87
 105:Core/Src/dcmi.c ****     GPIO_InitStruct.Alternate = GPIO_AF10_DCMI;
 272              		.loc 1 105 27 is_stmt 0 view .LVU88
 273 00c6 2495     		str	r5, [sp, #144]
 106:Core/Src/dcmi.c ****     HAL_GPIO_Init(GPIOC, &GPIO_InitStruct);
 274              		.loc 1 106 5 is_stmt 1 view .LVU89
ARM GAS  C:\usertemp\ccC9x0kW.s 			page 10


 106:Core/Src/dcmi.c ****     HAL_GPIO_Init(GPIOC, &GPIO_InitStruct);
 275              		.loc 1 106 31 is_stmt 0 view .LVU90
 276 00c8 2597     		str	r7, [sp, #148]
 107:Core/Src/dcmi.c **** 
 277              		.loc 1 107 5 is_stmt 1 view .LVU91
 278 00ca DFF82891 		ldr	r9, .L23+36
 279 00ce 21A9     		add	r1, sp, #132
 280 00d0 4846     		mov	r0, r9
 281 00d2 FFF7FEFF 		bl	HAL_GPIO_Init
 282              	.LVL7:
 109:Core/Src/dcmi.c ****     GPIO_InitStruct.Mode = GPIO_MODE_AF_PP;
 283              		.loc 1 109 5 view .LVU92
 109:Core/Src/dcmi.c ****     GPIO_InitStruct.Mode = GPIO_MODE_AF_PP;
 284              		.loc 1 109 25 is_stmt 0 view .LVU93
 285 00d6 4FF40078 		mov	r8, #512
 286 00da CDF88480 		str	r8, [sp, #132]
 110:Core/Src/dcmi.c ****     GPIO_InitStruct.Pull = GPIO_NOPULL;
 287              		.loc 1 110 5 is_stmt 1 view .LVU94
 110:Core/Src/dcmi.c ****     GPIO_InitStruct.Pull = GPIO_NOPULL;
 288              		.loc 1 110 26 is_stmt 0 view .LVU95
 289 00de 2296     		str	r6, [sp, #136]
 111:Core/Src/dcmi.c ****     GPIO_InitStruct.Speed = GPIO_SPEED_FREQ_LOW;
 290              		.loc 1 111 5 is_stmt 1 view .LVU96
 111:Core/Src/dcmi.c ****     GPIO_InitStruct.Speed = GPIO_SPEED_FREQ_LOW;
 291              		.loc 1 111 26 is_stmt 0 view .LVU97
 292 00e0 2395     		str	r5, [sp, #140]
 112:Core/Src/dcmi.c ****     GPIO_InitStruct.Alternate = GPIO_AF4_DCMI;
 293              		.loc 1 112 5 is_stmt 1 view .LVU98
 112:Core/Src/dcmi.c ****     GPIO_InitStruct.Alternate = GPIO_AF4_DCMI;
 294              		.loc 1 112 27 is_stmt 0 view .LVU99
 295 00e2 2495     		str	r5, [sp, #144]
 113:Core/Src/dcmi.c ****     HAL_GPIO_Init(GPIOC, &GPIO_InitStruct);
 296              		.loc 1 113 5 is_stmt 1 view .LVU100
 113:Core/Src/dcmi.c ****     HAL_GPIO_Init(GPIOC, &GPIO_InitStruct);
 297              		.loc 1 113 31 is_stmt 0 view .LVU101
 298 00e4 0423     		movs	r3, #4
 299 00e6 2593     		str	r3, [sp, #148]
 114:Core/Src/dcmi.c **** 
 300              		.loc 1 114 5 is_stmt 1 view .LVU102
 301 00e8 21A9     		add	r1, sp, #132
 302 00ea 4846     		mov	r0, r9
 303 00ec FFF7FEFF 		bl	HAL_GPIO_Init
 304              	.LVL8:
 116:Core/Src/dcmi.c ****     GPIO_InitStruct.Mode = GPIO_MODE_AF_PP;
 305              		.loc 1 116 5 view .LVU103
 116:Core/Src/dcmi.c ****     GPIO_InitStruct.Mode = GPIO_MODE_AF_PP;
 306              		.loc 1 116 25 is_stmt 0 view .LVU104
 307 00f0 CDF88480 		str	r8, [sp, #132]
 117:Core/Src/dcmi.c ****     GPIO_InitStruct.Pull = GPIO_NOPULL;
 308              		.loc 1 117 5 is_stmt 1 view .LVU105
 117:Core/Src/dcmi.c ****     GPIO_InitStruct.Pull = GPIO_NOPULL;
 309              		.loc 1 117 26 is_stmt 0 view .LVU106
 310 00f4 2296     		str	r6, [sp, #136]
 118:Core/Src/dcmi.c ****     GPIO_InitStruct.Speed = GPIO_SPEED_FREQ_LOW;
 311              		.loc 1 118 5 is_stmt 1 view .LVU107
 118:Core/Src/dcmi.c ****     GPIO_InitStruct.Speed = GPIO_SPEED_FREQ_LOW;
 312              		.loc 1 118 26 is_stmt 0 view .LVU108
ARM GAS  C:\usertemp\ccC9x0kW.s 			page 11


 313 00f6 2395     		str	r5, [sp, #140]
 119:Core/Src/dcmi.c ****     GPIO_InitStruct.Alternate = GPIO_AF5_DCMI;
 314              		.loc 1 119 5 is_stmt 1 view .LVU109
 119:Core/Src/dcmi.c ****     GPIO_InitStruct.Alternate = GPIO_AF5_DCMI;
 315              		.loc 1 119 27 is_stmt 0 view .LVU110
 316 00f8 2495     		str	r5, [sp, #144]
 120:Core/Src/dcmi.c ****     HAL_GPIO_Init(GPIOA, &GPIO_InitStruct);
 317              		.loc 1 120 5 is_stmt 1 view .LVU111
 120:Core/Src/dcmi.c ****     HAL_GPIO_Init(GPIOA, &GPIO_InitStruct);
 318              		.loc 1 120 31 is_stmt 0 view .LVU112
 319 00fa 0523     		movs	r3, #5
 320 00fc 2593     		str	r3, [sp, #148]
 121:Core/Src/dcmi.c **** 
 321              		.loc 1 121 5 is_stmt 1 view .LVU113
 322 00fe 21A9     		add	r1, sp, #132
 323 0100 3648     		ldr	r0, .L23+12
 324 0102 FFF7FEFF 		bl	HAL_GPIO_Init
 325              	.LVL9:
 123:Core/Src/dcmi.c ****     GPIO_InitStruct.Mode = GPIO_MODE_AF_PP;
 326              		.loc 1 123 5 view .LVU114
 123:Core/Src/dcmi.c ****     GPIO_InitStruct.Mode = GPIO_MODE_AF_PP;
 327              		.loc 1 123 25 is_stmt 0 view .LVU115
 328 0106 4FF47073 		mov	r3, #960
 329 010a 2193     		str	r3, [sp, #132]
 124:Core/Src/dcmi.c ****     GPIO_InitStruct.Pull = GPIO_NOPULL;
 330              		.loc 1 124 5 is_stmt 1 view .LVU116
 124:Core/Src/dcmi.c ****     GPIO_InitStruct.Pull = GPIO_NOPULL;
 331              		.loc 1 124 26 is_stmt 0 view .LVU117
 332 010c 2296     		str	r6, [sp, #136]
 125:Core/Src/dcmi.c ****     GPIO_InitStruct.Speed = GPIO_SPEED_FREQ_LOW;
 333              		.loc 1 125 5 is_stmt 1 view .LVU118
 125:Core/Src/dcmi.c ****     GPIO_InitStruct.Speed = GPIO_SPEED_FREQ_LOW;
 334              		.loc 1 125 26 is_stmt 0 view .LVU119
 335 010e 2395     		str	r5, [sp, #140]
 126:Core/Src/dcmi.c ****     GPIO_InitStruct.Alternate = GPIO_AF10_DCMI;
 336              		.loc 1 126 5 is_stmt 1 view .LVU120
 126:Core/Src/dcmi.c ****     GPIO_InitStruct.Alternate = GPIO_AF10_DCMI;
 337              		.loc 1 126 27 is_stmt 0 view .LVU121
 338 0110 2495     		str	r5, [sp, #144]
 127:Core/Src/dcmi.c ****     HAL_GPIO_Init(GPIOB, &GPIO_InitStruct);
 339              		.loc 1 127 5 is_stmt 1 view .LVU122
 127:Core/Src/dcmi.c ****     HAL_GPIO_Init(GPIOB, &GPIO_InitStruct);
 340              		.loc 1 127 31 is_stmt 0 view .LVU123
 341 0112 2597     		str	r7, [sp, #148]
 128:Core/Src/dcmi.c **** 
 342              		.loc 1 128 5 is_stmt 1 view .LVU124
 343 0114 21A9     		add	r1, sp, #132
 344 0116 3248     		ldr	r0, .L23+16
 345 0118 FFF7FEFF 		bl	HAL_GPIO_Init
 346              	.LVL10:
 132:Core/Src/dcmi.c ****     NodeConfig.Init.Request = GPDMA1_REQUEST_DCMI_PSSI;
 347              		.loc 1 132 5 view .LVU125
 132:Core/Src/dcmi.c ****     NodeConfig.Init.Request = GPDMA1_REQUEST_DCMI_PSSI;
 348              		.loc 1 132 25 is_stmt 0 view .LVU126
 349 011c 2123     		movs	r3, #33
 350 011e 0693     		str	r3, [sp, #24]
 133:Core/Src/dcmi.c ****     NodeConfig.Init.BlkHWRequest = DMA_BREQ_SINGLE_BURST;
ARM GAS  C:\usertemp\ccC9x0kW.s 			page 12


 351              		.loc 1 133 5 is_stmt 1 view .LVU127
 133:Core/Src/dcmi.c ****     NodeConfig.Init.BlkHWRequest = DMA_BREQ_SINGLE_BURST;
 352              		.loc 1 133 29 is_stmt 0 view .LVU128
 353 0120 5623     		movs	r3, #86
 354 0122 0793     		str	r3, [sp, #28]
 134:Core/Src/dcmi.c ****     NodeConfig.Init.Direction = DMA_PERIPH_TO_MEMORY;
 355              		.loc 1 134 5 is_stmt 1 view .LVU129
 134:Core/Src/dcmi.c ****     NodeConfig.Init.Direction = DMA_PERIPH_TO_MEMORY;
 356              		.loc 1 134 34 is_stmt 0 view .LVU130
 357 0124 0895     		str	r5, [sp, #32]
 135:Core/Src/dcmi.c ****     NodeConfig.Init.SrcInc = DMA_SINC_FIXED;
 358              		.loc 1 135 5 is_stmt 1 view .LVU131
 135:Core/Src/dcmi.c ****     NodeConfig.Init.SrcInc = DMA_SINC_FIXED;
 359              		.loc 1 135 31 is_stmt 0 view .LVU132
 360 0126 0995     		str	r5, [sp, #36]
 136:Core/Src/dcmi.c ****     NodeConfig.Init.DestInc = DMA_DINC_INCREMENTED;
 361              		.loc 1 136 5 is_stmt 1 view .LVU133
 136:Core/Src/dcmi.c ****     NodeConfig.Init.DestInc = DMA_DINC_INCREMENTED;
 362              		.loc 1 136 28 is_stmt 0 view .LVU134
 363 0128 0A95     		str	r5, [sp, #40]
 137:Core/Src/dcmi.c ****     NodeConfig.Init.SrcDataWidth = DMA_SRC_DATAWIDTH_WORD;
 364              		.loc 1 137 5 is_stmt 1 view .LVU135
 137:Core/Src/dcmi.c ****     NodeConfig.Init.SrcDataWidth = DMA_SRC_DATAWIDTH_WORD;
 365              		.loc 1 137 29 is_stmt 0 view .LVU136
 366 012a 4FF40023 		mov	r3, #524288
 367 012e 0B93     		str	r3, [sp, #44]
 138:Core/Src/dcmi.c ****     NodeConfig.Init.DestDataWidth = DMA_DEST_DATAWIDTH_WORD;
 368              		.loc 1 138 5 is_stmt 1 view .LVU137
 138:Core/Src/dcmi.c ****     NodeConfig.Init.DestDataWidth = DMA_DEST_DATAWIDTH_WORD;
 369              		.loc 1 138 34 is_stmt 0 view .LVU138
 370 0130 0C96     		str	r6, [sp, #48]
 139:Core/Src/dcmi.c ****     NodeConfig.Init.SrcBurstLength = 1;
 371              		.loc 1 139 5 is_stmt 1 view .LVU139
 139:Core/Src/dcmi.c ****     NodeConfig.Init.SrcBurstLength = 1;
 372              		.loc 1 139 35 is_stmt 0 view .LVU140
 373 0132 4FF40033 		mov	r3, #131072
 374 0136 0D93     		str	r3, [sp, #52]
 140:Core/Src/dcmi.c ****     NodeConfig.Init.DestBurstLength = 1;
 375              		.loc 1 140 5 is_stmt 1 view .LVU141
 140:Core/Src/dcmi.c ****     NodeConfig.Init.DestBurstLength = 1;
 376              		.loc 1 140 36 is_stmt 0 view .LVU142
 377 0138 0123     		movs	r3, #1
 378 013a 0F93     		str	r3, [sp, #60]
 141:Core/Src/dcmi.c ****     NodeConfig.Init.TransferAllocatedPort = DMA_SRC_ALLOCATED_PORT0|DMA_DEST_ALLOCATED_PORT0;
 379              		.loc 1 141 5 is_stmt 1 view .LVU143
 141:Core/Src/dcmi.c ****     NodeConfig.Init.TransferAllocatedPort = DMA_SRC_ALLOCATED_PORT0|DMA_DEST_ALLOCATED_PORT0;
 380              		.loc 1 141 37 is_stmt 0 view .LVU144
 381 013c 1093     		str	r3, [sp, #64]
 142:Core/Src/dcmi.c ****     NodeConfig.Init.TransferEventMode = DMA_TCEM_BLOCK_TRANSFER;
 382              		.loc 1 142 5 is_stmt 1 view .LVU145
 142:Core/Src/dcmi.c ****     NodeConfig.Init.TransferEventMode = DMA_TCEM_BLOCK_TRANSFER;
 383              		.loc 1 142 43 is_stmt 0 view .LVU146
 384 013e 1195     		str	r5, [sp, #68]
 143:Core/Src/dcmi.c ****     NodeConfig.Init.Mode = DMA_NORMAL;
 385              		.loc 1 143 5 is_stmt 1 view .LVU147
 143:Core/Src/dcmi.c ****     NodeConfig.Init.Mode = DMA_NORMAL;
 386              		.loc 1 143 39 is_stmt 0 view .LVU148
ARM GAS  C:\usertemp\ccC9x0kW.s 			page 13


 387 0140 1295     		str	r5, [sp, #72]
 144:Core/Src/dcmi.c ****     NodeConfig.TriggerConfig.TriggerPolarity = DMA_TRIG_POLARITY_MASKED;
 388              		.loc 1 144 5 is_stmt 1 view .LVU149
 144:Core/Src/dcmi.c ****     NodeConfig.TriggerConfig.TriggerPolarity = DMA_TRIG_POLARITY_MASKED;
 389              		.loc 1 144 26 is_stmt 0 view .LVU150
 390 0142 1395     		str	r5, [sp, #76]
 145:Core/Src/dcmi.c ****     NodeConfig.DataHandlingConfig.DataExchange = DMA_EXCHANGE_NONE;
 391              		.loc 1 145 5 is_stmt 1 view .LVU151
 145:Core/Src/dcmi.c ****     NodeConfig.DataHandlingConfig.DataExchange = DMA_EXCHANGE_NONE;
 392              		.loc 1 145 46 is_stmt 0 view .LVU152
 393 0144 1795     		str	r5, [sp, #92]
 146:Core/Src/dcmi.c ****     NodeConfig.DataHandlingConfig.DataAlignment = DMA_DATA_RIGHTALIGN_ZEROPADDED;
 394              		.loc 1 146 5 is_stmt 1 view .LVU153
 146:Core/Src/dcmi.c ****     NodeConfig.DataHandlingConfig.DataAlignment = DMA_DATA_RIGHTALIGN_ZEROPADDED;
 395              		.loc 1 146 48 is_stmt 0 view .LVU154
 396 0146 1495     		str	r5, [sp, #80]
 147:Core/Src/dcmi.c ****     if (HAL_DMAEx_List_BuildNode(&NodeConfig, &Node_GPDMA1_Channel0) != HAL_OK)
 397              		.loc 1 147 5 is_stmt 1 view .LVU155
 147:Core/Src/dcmi.c ****     if (HAL_DMAEx_List_BuildNode(&NodeConfig, &Node_GPDMA1_Channel0) != HAL_OK)
 398              		.loc 1 147 49 is_stmt 0 view .LVU156
 399 0148 1595     		str	r5, [sp, #84]
 148:Core/Src/dcmi.c ****     {
 400              		.loc 1 148 5 is_stmt 1 view .LVU157
 148:Core/Src/dcmi.c ****     {
 401              		.loc 1 148 9 is_stmt 0 view .LVU158
 402 014a 2649     		ldr	r1, .L23+20
 403 014c 06A8     		add	r0, sp, #24
 404 014e FFF7FEFF 		bl	HAL_DMAEx_List_BuildNode
 405              	.LVL11:
 148:Core/Src/dcmi.c ****     {
 406              		.loc 1 148 8 discriminator 1 view .LVU159
 407 0152 58BB     		cbnz	r0, .L17
 408              	.L9:
 153:Core/Src/dcmi.c ****     {
 409              		.loc 1 153 5 is_stmt 1 view .LVU160
 153:Core/Src/dcmi.c ****     {
 410              		.loc 1 153 9 is_stmt 0 view .LVU161
 411 0154 234A     		ldr	r2, .L23+20
 412 0156 0021     		movs	r1, #0
 413 0158 2348     		ldr	r0, .L23+24
 414 015a FFF7FEFF 		bl	HAL_DMAEx_List_InsertNode
 415              	.LVL12:
 153:Core/Src/dcmi.c ****     {
 416              		.loc 1 153 8 discriminator 1 view .LVU162
 417 015e 40BB     		cbnz	r0, .L18
 418              	.L10:
 158:Core/Src/dcmi.c ****     {
 419              		.loc 1 158 5 is_stmt 1 view .LVU163
 158:Core/Src/dcmi.c ****     {
 420              		.loc 1 158 9 is_stmt 0 view .LVU164
 421 0160 2148     		ldr	r0, .L23+24
 422 0162 FFF7FEFF 		bl	HAL_DMAEx_List_SetCircularMode
 423              	.LVL13:
 158:Core/Src/dcmi.c ****     {
 424              		.loc 1 158 8 discriminator 1 view .LVU165
 425 0166 38BB     		cbnz	r0, .L19
 426              	.L11:
ARM GAS  C:\usertemp\ccC9x0kW.s 			page 14


 163:Core/Src/dcmi.c ****     handle_GPDMA1_Channel0.InitLinkedList.Priority = DMA_LOW_PRIORITY_LOW_WEIGHT;
 427              		.loc 1 163 5 is_stmt 1 view .LVU166
 163:Core/Src/dcmi.c ****     handle_GPDMA1_Channel0.InitLinkedList.Priority = DMA_LOW_PRIORITY_LOW_WEIGHT;
 428              		.loc 1 163 37 is_stmt 0 view .LVU167
 429 0168 2048     		ldr	r0, .L23+28
 430 016a 214B     		ldr	r3, .L23+32
 431 016c 0360     		str	r3, [r0]
 164:Core/Src/dcmi.c ****     handle_GPDMA1_Channel0.InitLinkedList.LinkStepMode = DMA_LSM_FULL_EXECUTION;
 432              		.loc 1 164 5 is_stmt 1 view .LVU168
 164:Core/Src/dcmi.c ****     handle_GPDMA1_Channel0.InitLinkedList.LinkStepMode = DMA_LSM_FULL_EXECUTION;
 433              		.loc 1 164 52 is_stmt 0 view .LVU169
 434 016e 0023     		movs	r3, #0
 435 0170 8363     		str	r3, [r0, #56]
 165:Core/Src/dcmi.c ****     handle_GPDMA1_Channel0.InitLinkedList.LinkAllocatedPort = DMA_LINK_ALLOCATED_PORT0;
 436              		.loc 1 165 5 is_stmt 1 view .LVU170
 165:Core/Src/dcmi.c ****     handle_GPDMA1_Channel0.InitLinkedList.LinkAllocatedPort = DMA_LINK_ALLOCATED_PORT0;
 437              		.loc 1 165 56 is_stmt 0 view .LVU171
 438 0172 C363     		str	r3, [r0, #60]
 166:Core/Src/dcmi.c ****     handle_GPDMA1_Channel0.InitLinkedList.TransferEventMode = DMA_TCEM_BLOCK_TRANSFER;
 439              		.loc 1 166 5 is_stmt 1 view .LVU172
 166:Core/Src/dcmi.c ****     handle_GPDMA1_Channel0.InitLinkedList.TransferEventMode = DMA_TCEM_BLOCK_TRANSFER;
 440              		.loc 1 166 61 is_stmt 0 view .LVU173
 441 0174 0364     		str	r3, [r0, #64]
 167:Core/Src/dcmi.c ****     handle_GPDMA1_Channel0.InitLinkedList.LinkedListMode = DMA_LINKEDLIST_CIRCULAR;
 442              		.loc 1 167 5 is_stmt 1 view .LVU174
 167:Core/Src/dcmi.c ****     handle_GPDMA1_Channel0.InitLinkedList.LinkedListMode = DMA_LINKEDLIST_CIRCULAR;
 443              		.loc 1 167 61 is_stmt 0 view .LVU175
 444 0176 4364     		str	r3, [r0, #68]
 168:Core/Src/dcmi.c ****     if (HAL_DMAEx_List_Init(&handle_GPDMA1_Channel0) != HAL_OK)
 445              		.loc 1 168 5 is_stmt 1 view .LVU176
 168:Core/Src/dcmi.c ****     if (HAL_DMAEx_List_Init(&handle_GPDMA1_Channel0) != HAL_OK)
 446              		.loc 1 168 58 is_stmt 0 view .LVU177
 447 0178 8123     		movs	r3, #129
 448 017a 8364     		str	r3, [r0, #72]
 169:Core/Src/dcmi.c ****     {
 449              		.loc 1 169 5 is_stmt 1 view .LVU178
 169:Core/Src/dcmi.c ****     {
 450              		.loc 1 169 9 is_stmt 0 view .LVU179
 451 017c FFF7FEFF 		bl	HAL_DMAEx_List_Init
 452              	.LVL14:
 169:Core/Src/dcmi.c ****     {
 453              		.loc 1 169 8 discriminator 1 view .LVU180
 454 0180 E8B9     		cbnz	r0, .L20
 455              	.L12:
 174:Core/Src/dcmi.c ****     {
 456              		.loc 1 174 5 is_stmt 1 view .LVU181
 174:Core/Src/dcmi.c ****     {
 457              		.loc 1 174 9 is_stmt 0 view .LVU182
 458 0182 1949     		ldr	r1, .L23+24
 459 0184 1948     		ldr	r0, .L23+28
 460 0186 FFF7FEFF 		bl	HAL_DMAEx_List_LinkQ
 461              	.LVL15:
 174:Core/Src/dcmi.c ****     {
 462              		.loc 1 174 8 discriminator 1 view .LVU183
 463 018a D8B9     		cbnz	r0, .L21
 464              	.L13:
 179:Core/Src/dcmi.c **** 
ARM GAS  C:\usertemp\ccC9x0kW.s 			page 15


 465              		.loc 1 179 5 is_stmt 1 view .LVU184
 179:Core/Src/dcmi.c **** 
 466              		.loc 1 179 5 view .LVU185
 467 018c 1748     		ldr	r0, .L23+28
 468 018e A064     		str	r0, [r4, #72]
 179:Core/Src/dcmi.c **** 
 469              		.loc 1 179 5 view .LVU186
 470 0190 C465     		str	r4, [r0, #92]
 179:Core/Src/dcmi.c **** 
 471              		.loc 1 179 5 view .LVU187
 181:Core/Src/dcmi.c ****     {
 472              		.loc 1 181 5 view .LVU188
 181:Core/Src/dcmi.c ****     {
 473              		.loc 1 181 9 is_stmt 0 view .LVU189
 474 0192 1021     		movs	r1, #16
 475 0194 FFF7FEFF 		bl	HAL_DMA_ConfigChannelAttributes
 476              	.LVL16:
 181:Core/Src/dcmi.c ****     {
 477              		.loc 1 181 8 discriminator 1 view .LVU190
 478 0198 B8B9     		cbnz	r0, .L22
 479              	.L14:
 187:Core/Src/dcmi.c ****     HAL_NVIC_EnableIRQ(DCMI_PSSI_IRQn);
 480              		.loc 1 187 5 is_stmt 1 view .LVU191
 481 019a 0022     		movs	r2, #0
 482 019c 1146     		mov	r1, r2
 483 019e 7720     		movs	r0, #119
 484 01a0 FFF7FEFF 		bl	HAL_NVIC_SetPriority
 485              	.LVL17:
 188:Core/Src/dcmi.c ****   /* USER CODE BEGIN DCMI_MspInit 1 */
 486              		.loc 1 188 5 view .LVU192
 487 01a4 7720     		movs	r0, #119
 488 01a6 FFF7FEFF 		bl	HAL_NVIC_EnableIRQ
 489              	.LVL18:
 490              		.loc 1 193 1 is_stmt 0 view .LVU193
 491 01aa 3BE7     		b	.L7
 492              	.L17:
 150:Core/Src/dcmi.c ****     }
 493              		.loc 1 150 7 is_stmt 1 view .LVU194
 494 01ac FFF7FEFF 		bl	Error_Handler
 495              	.LVL19:
 496 01b0 D0E7     		b	.L9
 497              	.L18:
 155:Core/Src/dcmi.c ****     }
 498              		.loc 1 155 7 view .LVU195
 499 01b2 FFF7FEFF 		bl	Error_Handler
 500              	.LVL20:
 501 01b6 D3E7     		b	.L10
 502              	.L19:
 160:Core/Src/dcmi.c ****     }
 503              		.loc 1 160 7 view .LVU196
 504 01b8 FFF7FEFF 		bl	Error_Handler
 505              	.LVL21:
 506 01bc D4E7     		b	.L11
 507              	.L20:
 171:Core/Src/dcmi.c ****     }
 508              		.loc 1 171 7 view .LVU197
 509 01be FFF7FEFF 		bl	Error_Handler
ARM GAS  C:\usertemp\ccC9x0kW.s 			page 16


 510              	.LVL22:
 511 01c2 DEE7     		b	.L12
 512              	.L21:
 176:Core/Src/dcmi.c ****     }
 513              		.loc 1 176 7 view .LVU198
 514 01c4 FFF7FEFF 		bl	Error_Handler
 515              	.LVL23:
 516 01c8 E0E7     		b	.L13
 517              	.L22:
 183:Core/Src/dcmi.c ****     }
 518              		.loc 1 183 7 view .LVU199
 519 01ca FFF7FEFF 		bl	Error_Handler
 520              	.LVL24:
 521 01ce E4E7     		b	.L14
 522              	.L24:
 523              		.align	2
 524              	.L23:
 525 01d0 00C00242 		.word	1107476480
 526 01d4 000C0246 		.word	1174539264
 527 01d8 000C0242 		.word	1107430400
 528 01dc 00000242 		.word	1107427328
 529 01e0 00040242 		.word	1107428352
 530 01e4 00000000 		.word	Node_GPDMA1_Channel0
 531 01e8 00000000 		.word	List_GPDMA1_Channel0
 532 01ec 00000000 		.word	handle_GPDMA1_Channel0
 533 01f0 50000240 		.word	1073872976
 534 01f4 00080242 		.word	1107429376
 535              		.cfi_endproc
 536              	.LFE158:
 538              		.section	.text.HAL_DCMI_MspDeInit,"ax",%progbits
 539              		.align	1
 540              		.global	HAL_DCMI_MspDeInit
 541              		.syntax unified
 542              		.thumb
 543              		.thumb_func
 545              	HAL_DCMI_MspDeInit:
 546              	.LVL25:
 547              	.LFB159:
 194:Core/Src/dcmi.c **** 
 195:Core/Src/dcmi.c **** void HAL_DCMI_MspDeInit(DCMI_HandleTypeDef* dcmiHandle)
 196:Core/Src/dcmi.c **** {
 548              		.loc 1 196 1 view -0
 549              		.cfi_startproc
 550              		@ args = 0, pretend = 0, frame = 0
 551              		@ frame_needed = 0, uses_anonymous_args = 0
 197:Core/Src/dcmi.c **** 
 198:Core/Src/dcmi.c ****   if(dcmiHandle->Instance==DCMI)
 552              		.loc 1 198 3 view .LVU201
 553              		.loc 1 198 16 is_stmt 0 view .LVU202
 554 0000 0268     		ldr	r2, [r0]
 555              		.loc 1 198 5 view .LVU203
 556 0002 144B     		ldr	r3, .L32
 557 0004 9A42     		cmp	r2, r3
 558 0006 00D0     		beq	.L31
 559 0008 7047     		bx	lr
 560              	.L31:
 196:Core/Src/dcmi.c **** 
ARM GAS  C:\usertemp\ccC9x0kW.s 			page 17


 561              		.loc 1 196 1 view .LVU204
 562 000a 10B5     		push	{r4, lr}
 563              	.LCFI5:
 564              		.cfi_def_cfa_offset 8
 565              		.cfi_offset 4, -8
 566              		.cfi_offset 14, -4
 567 000c 0446     		mov	r4, r0
 199:Core/Src/dcmi.c ****   {
 200:Core/Src/dcmi.c ****   /* USER CODE BEGIN DCMI_MspDeInit 0 */
 201:Core/Src/dcmi.c **** 
 202:Core/Src/dcmi.c ****   /* USER CODE END DCMI_MspDeInit 0 */
 203:Core/Src/dcmi.c ****     /* Peripheral clock disable */
 204:Core/Src/dcmi.c ****     __HAL_RCC_DCMI_PSSI_CLK_DISABLE();
 568              		.loc 1 204 5 is_stmt 1 view .LVU205
 569 000e 124A     		ldr	r2, .L32+4
 570 0010 D2F88C30 		ldr	r3, [r2, #140]
 571 0014 23F48053 		bic	r3, r3, #4096
 572 0018 C2F88C30 		str	r3, [r2, #140]
 205:Core/Src/dcmi.c **** 
 206:Core/Src/dcmi.c ****     /**DCMI GPIO Configuration
 207:Core/Src/dcmi.c ****     PD8     ------> DCMI_HSYNC
 208:Core/Src/dcmi.c ****     PD9     ------> DCMI_PIXCLK
 209:Core/Src/dcmi.c ****     PC7     ------> DCMI_D1
 210:Core/Src/dcmi.c ****     PC8     ------> DCMI_D2
 211:Core/Src/dcmi.c ****     PC9     ------> DCMI_D3
 212:Core/Src/dcmi.c ****     PA9     ------> DCMI_D0
 213:Core/Src/dcmi.c ****     PC11     ------> DCMI_D4
 214:Core/Src/dcmi.c ****     PB6     ------> DCMI_D5
 215:Core/Src/dcmi.c ****     PB7     ------> DCMI_VSYNC
 216:Core/Src/dcmi.c ****     PB8     ------> DCMI_D6
 217:Core/Src/dcmi.c ****     PB9     ------> DCMI_D7
 218:Core/Src/dcmi.c ****     */
 219:Core/Src/dcmi.c ****     HAL_GPIO_DeInit(GPIOD, GPIO_PIN_8|GPIO_PIN_9);
 573              		.loc 1 219 5 view .LVU206
 574 001c 4FF44071 		mov	r1, #768
 575 0020 0E48     		ldr	r0, .L32+8
 576              	.LVL26:
 577              		.loc 1 219 5 is_stmt 0 view .LVU207
 578 0022 FFF7FEFF 		bl	HAL_GPIO_DeInit
 579              	.LVL27:
 220:Core/Src/dcmi.c **** 
 221:Core/Src/dcmi.c ****     HAL_GPIO_DeInit(GPIOC, GPIO_PIN_7|GPIO_PIN_8|GPIO_PIN_9|GPIO_PIN_11);
 580              		.loc 1 221 5 is_stmt 1 view .LVU208
 581 0026 4FF43861 		mov	r1, #2944
 582 002a 0D48     		ldr	r0, .L32+12
 583 002c FFF7FEFF 		bl	HAL_GPIO_DeInit
 584              	.LVL28:
 222:Core/Src/dcmi.c **** 
 223:Core/Src/dcmi.c ****     HAL_GPIO_DeInit(GPIOA, GPIO_PIN_9);
 585              		.loc 1 223 5 view .LVU209
 586 0030 4FF40071 		mov	r1, #512
 587 0034 0B48     		ldr	r0, .L32+16
 588 0036 FFF7FEFF 		bl	HAL_GPIO_DeInit
 589              	.LVL29:
 224:Core/Src/dcmi.c **** 
 225:Core/Src/dcmi.c ****     HAL_GPIO_DeInit(GPIOB, GPIO_PIN_6|GPIO_PIN_7|GPIO_PIN_8|GPIO_PIN_9);
 590              		.loc 1 225 5 view .LVU210
ARM GAS  C:\usertemp\ccC9x0kW.s 			page 18


 591 003a 4FF47071 		mov	r1, #960
 592 003e 0A48     		ldr	r0, .L32+20
 593 0040 FFF7FEFF 		bl	HAL_GPIO_DeInit
 594              	.LVL30:
 226:Core/Src/dcmi.c **** 
 227:Core/Src/dcmi.c ****     /* DCMI DMA DeInit */
 228:Core/Src/dcmi.c ****     HAL_DMA_DeInit(dcmiHandle->DMA_Handle);
 595              		.loc 1 228 5 view .LVU211
 596 0044 A06C     		ldr	r0, [r4, #72]
 597 0046 FFF7FEFF 		bl	HAL_DMA_DeInit
 598              	.LVL31:
 229:Core/Src/dcmi.c **** 
 230:Core/Src/dcmi.c ****     /* DCMI interrupt Deinit */
 231:Core/Src/dcmi.c ****     HAL_NVIC_DisableIRQ(DCMI_PSSI_IRQn);
 599              		.loc 1 231 5 view .LVU212
 600 004a 7720     		movs	r0, #119
 601 004c FFF7FEFF 		bl	HAL_NVIC_DisableIRQ
 602              	.LVL32:
 232:Core/Src/dcmi.c ****   /* USER CODE BEGIN DCMI_MspDeInit 1 */
 233:Core/Src/dcmi.c **** 
 234:Core/Src/dcmi.c ****   /* USER CODE END DCMI_MspDeInit 1 */
 235:Core/Src/dcmi.c ****   }
 236:Core/Src/dcmi.c **** }
 603              		.loc 1 236 1 is_stmt 0 view .LVU213
 604 0050 10BD     		pop	{r4, pc}
 605              	.LVL33:
 606              	.L33:
 607              		.loc 1 236 1 view .LVU214
 608 0052 00BF     		.align	2
 609              	.L32:
 610 0054 00C00242 		.word	1107476480
 611 0058 000C0246 		.word	1174539264
 612 005c 000C0242 		.word	1107430400
 613 0060 00080242 		.word	1107429376
 614 0064 00000242 		.word	1107427328
 615 0068 00040242 		.word	1107428352
 616              		.cfi_endproc
 617              	.LFE159:
 619              		.section	.text.OV_OR_TINYC_DCMI_Init,"ax",%progbits
 620              		.align	1
 621              		.global	OV_OR_TINYC_DCMI_Init
 622              		.syntax unified
 623              		.thumb
 624              		.thumb_func
 626              	OV_OR_TINYC_DCMI_Init:
 627              	.LVL34:
 628              	.LFB160:
 237:Core/Src/dcmi.c **** 
 238:Core/Src/dcmi.c **** /* USER CODE BEGIN 1 */
 239:Core/Src/dcmi.c **** void OV_OR_TINYC_DCMI_Init(uint8_t type)
 240:Core/Src/dcmi.c **** {
 629              		.loc 1 240 1 is_stmt 1 view -0
 630              		.cfi_startproc
 631              		@ args = 0, pretend = 0, frame = 0
 632              		@ frame_needed = 0, uses_anonymous_args = 0
 633              		.loc 1 240 1 is_stmt 0 view .LVU216
 634 0000 38B5     		push	{r3, r4, r5, lr}
ARM GAS  C:\usertemp\ccC9x0kW.s 			page 19


 635              	.LCFI6:
 636              		.cfi_def_cfa_offset 16
 637              		.cfi_offset 3, -16
 638              		.cfi_offset 4, -12
 639              		.cfi_offset 5, -8
 640              		.cfi_offset 14, -4
 641 0002 0446     		mov	r4, r0
 241:Core/Src/dcmi.c ****   HAL_DCMI_Stop(&hdcmi);
 642              		.loc 1 241 3 is_stmt 1 view .LVU217
 643 0004 1C4D     		ldr	r5, .L39
 644 0006 2846     		mov	r0, r5
 645              	.LVL35:
 646              		.loc 1 241 3 is_stmt 0 view .LVU218
 647 0008 FFF7FEFF 		bl	HAL_DCMI_Stop
 648              	.LVL36:
 242:Core/Src/dcmi.c ****   HAL_DCMI_MspDeInit(&hdcmi);
 649              		.loc 1 242 3 is_stmt 1 view .LVU219
 650 000c 2846     		mov	r0, r5
 651 000e FFF7FEFF 		bl	HAL_DCMI_MspDeInit
 652              	.LVL37:
 243:Core/Src/dcmi.c ****   HAL_DCMI_MspInit(&hdcmi);
 653              		.loc 1 243 3 view .LVU220
 654 0012 2846     		mov	r0, r5
 655 0014 FFF7FEFF 		bl	HAL_DCMI_MspInit
 656              	.LVL38:
 244:Core/Src/dcmi.c ****   if (type)
 657              		.loc 1 244 3 view .LVU221
 658              		.loc 1 244 6 is_stmt 0 view .LVU222
 659 0018 B4B1     		cbz	r4, .L35
 245:Core/Src/dcmi.c ****   {
 246:Core/Src/dcmi.c ****     hdcmi.Instance = DCMI;
 660              		.loc 1 246 5 is_stmt 1 view .LVU223
 661              		.loc 1 246 20 is_stmt 0 view .LVU224
 662 001a 2846     		mov	r0, r5
 663 001c 174B     		ldr	r3, .L39+4
 664 001e 2B60     		str	r3, [r5]
 247:Core/Src/dcmi.c ****     hdcmi.Init.SynchroMode = DCMI_SYNCHRO_HARDWARE;
 665              		.loc 1 247 5 is_stmt 1 view .LVU225
 666              		.loc 1 247 28 is_stmt 0 view .LVU226
 667 0020 0023     		movs	r3, #0
 668 0022 6B60     		str	r3, [r5, #4]
 248:Core/Src/dcmi.c ****     hdcmi.Init.PCKPolarity = DCMI_PCKPOLARITY_RISING;
 669              		.loc 1 248 5 is_stmt 1 view .LVU227
 670              		.loc 1 248 28 is_stmt 0 view .LVU228
 671 0024 2022     		movs	r2, #32
 672 0026 AA60     		str	r2, [r5, #8]
 249:Core/Src/dcmi.c ****     hdcmi.Init.VSPolarity = DCMI_VSPOLARITY_LOW;
 673              		.loc 1 249 5 is_stmt 1 view .LVU229
 674              		.loc 1 249 27 is_stmt 0 view .LVU230
 675 0028 EB60     		str	r3, [r5, #12]
 250:Core/Src/dcmi.c ****     hdcmi.Init.HSPolarity = DCMI_HSPOLARITY_LOW;
 676              		.loc 1 250 5 is_stmt 1 view .LVU231
 677              		.loc 1 250 27 is_stmt 0 view .LVU232
 678 002a 2B61     		str	r3, [r5, #16]
 251:Core/Src/dcmi.c ****     hdcmi.Init.CaptureRate = DCMI_CR_ALL_FRAME;
 679              		.loc 1 251 5 is_stmt 1 view .LVU233
 680              		.loc 1 251 28 is_stmt 0 view .LVU234
ARM GAS  C:\usertemp\ccC9x0kW.s 			page 20


 681 002c 6B61     		str	r3, [r5, #20]
 252:Core/Src/dcmi.c ****     hdcmi.Init.ExtendedDataMode = DCMI_EXTEND_DATA_8B;
 682              		.loc 1 252 5 is_stmt 1 view .LVU235
 683              		.loc 1 252 33 is_stmt 0 view .LVU236
 684 002e AB61     		str	r3, [r5, #24]
 253:Core/Src/dcmi.c ****     hdcmi.Init.JPEGMode = DCMI_JPEG_DISABLE;
 685              		.loc 1 253 5 is_stmt 1 view .LVU237
 686              		.loc 1 253 25 is_stmt 0 view .LVU238
 687 0030 2B62     		str	r3, [r5, #32]
 254:Core/Src/dcmi.c ****     hdcmi.Init.ByteSelectMode = DCMI_BSM_ALL;
 688              		.loc 1 254 5 is_stmt 1 view .LVU239
 689              		.loc 1 254 31 is_stmt 0 view .LVU240
 690 0032 6B62     		str	r3, [r5, #36]
 255:Core/Src/dcmi.c ****     hdcmi.Init.ByteSelectStart = DCMI_OEBS_ODD;
 691              		.loc 1 255 5 is_stmt 1 view .LVU241
 692              		.loc 1 255 32 is_stmt 0 view .LVU242
 693 0034 AB62     		str	r3, [r5, #40]
 256:Core/Src/dcmi.c ****     hdcmi.Init.LineSelectMode = DCMI_LSM_ALL;
 694              		.loc 1 256 5 is_stmt 1 view .LVU243
 695              		.loc 1 256 31 is_stmt 0 view .LVU244
 696 0036 EB62     		str	r3, [r5, #44]
 257:Core/Src/dcmi.c ****     hdcmi.Init.LineSelectStart = DCMI_OELS_ODD;
 697              		.loc 1 257 5 is_stmt 1 view .LVU245
 698              		.loc 1 257 32 is_stmt 0 view .LVU246
 699 0038 2B63     		str	r3, [r5, #48]
 258:Core/Src/dcmi.c ****     if (HAL_DCMI_Init(&hdcmi) != HAL_OK)
 700              		.loc 1 258 5 is_stmt 1 view .LVU247
 701              		.loc 1 258 9 is_stmt 0 view .LVU248
 702 003a FFF7FEFF 		bl	HAL_DCMI_Init
 703              	.LVL39:
 704              		.loc 1 258 8 discriminator 1 view .LVU249
 705 003e 00B9     		cbnz	r0, .L38
 706              	.L34:
 259:Core/Src/dcmi.c ****     {
 260:Core/Src/dcmi.c ****       Error_Handler();
 261:Core/Src/dcmi.c ****     }
 262:Core/Src/dcmi.c ****   }
 263:Core/Src/dcmi.c ****   else
 264:Core/Src/dcmi.c ****   {
 265:Core/Src/dcmi.c ****     hdcmi.Instance = DCMI;
 266:Core/Src/dcmi.c ****     hdcmi.Init.SynchroMode = DCMI_SYNCHRO_HARDWARE;
 267:Core/Src/dcmi.c ****     hdcmi.Init.PCKPolarity = DCMI_PCKPOLARITY_FALLING;
 268:Core/Src/dcmi.c ****     hdcmi.Init.VSPolarity = DCMI_VSPOLARITY_HIGH;
 269:Core/Src/dcmi.c ****     hdcmi.Init.HSPolarity = DCMI_HSPOLARITY_LOW;
 270:Core/Src/dcmi.c ****     hdcmi.Init.CaptureRate = DCMI_CR_ALL_FRAME;
 271:Core/Src/dcmi.c ****     hdcmi.Init.ExtendedDataMode = DCMI_EXTEND_DATA_8B;
 272:Core/Src/dcmi.c ****     hdcmi.Init.JPEGMode = DCMI_JPEG_DISABLE;
 273:Core/Src/dcmi.c ****     hdcmi.Init.ByteSelectMode = DCMI_BSM_ALL;
 274:Core/Src/dcmi.c ****     hdcmi.Init.ByteSelectStart = DCMI_OEBS_ODD;
 275:Core/Src/dcmi.c ****     hdcmi.Init.LineSelectMode = DCMI_LSM_ALL;
 276:Core/Src/dcmi.c ****     hdcmi.Init.LineSelectStart = DCMI_OELS_ODD;
 277:Core/Src/dcmi.c ****     if (HAL_DCMI_Init(&hdcmi) != HAL_OK)
 278:Core/Src/dcmi.c ****     {
 279:Core/Src/dcmi.c ****       Error_Handler();
 280:Core/Src/dcmi.c ****     }
 281:Core/Src/dcmi.c ****   }
 282:Core/Src/dcmi.c **** }
ARM GAS  C:\usertemp\ccC9x0kW.s 			page 21


 707              		.loc 1 282 1 view .LVU250
 708 0040 38BD     		pop	{r3, r4, r5, pc}
 709              	.LVL40:
 710              	.L38:
 260:Core/Src/dcmi.c ****     }
 711              		.loc 1 260 7 is_stmt 1 view .LVU251
 712 0042 FFF7FEFF 		bl	Error_Handler
 713              	.LVL41:
 714 0046 FBE7     		b	.L34
 715              	.L35:
 265:Core/Src/dcmi.c ****     hdcmi.Init.SynchroMode = DCMI_SYNCHRO_HARDWARE;
 716              		.loc 1 265 5 view .LVU252
 265:Core/Src/dcmi.c ****     hdcmi.Init.SynchroMode = DCMI_SYNCHRO_HARDWARE;
 717              		.loc 1 265 20 is_stmt 0 view .LVU253
 718 0048 0B48     		ldr	r0, .L39
 719 004a 0C4B     		ldr	r3, .L39+4
 720 004c 0360     		str	r3, [r0]
 266:Core/Src/dcmi.c ****     hdcmi.Init.PCKPolarity = DCMI_PCKPOLARITY_FALLING;
 721              		.loc 1 266 5 is_stmt 1 view .LVU254
 266:Core/Src/dcmi.c ****     hdcmi.Init.PCKPolarity = DCMI_PCKPOLARITY_FALLING;
 722              		.loc 1 266 28 is_stmt 0 view .LVU255
 723 004e 0023     		movs	r3, #0
 724 0050 4360     		str	r3, [r0, #4]
 267:Core/Src/dcmi.c ****     hdcmi.Init.VSPolarity = DCMI_VSPOLARITY_HIGH;
 725              		.loc 1 267 5 is_stmt 1 view .LVU256
 267:Core/Src/dcmi.c ****     hdcmi.Init.VSPolarity = DCMI_VSPOLARITY_HIGH;
 726              		.loc 1 267 28 is_stmt 0 view .LVU257
 727 0052 8360     		str	r3, [r0, #8]
 268:Core/Src/dcmi.c ****     hdcmi.Init.HSPolarity = DCMI_HSPOLARITY_LOW;
 728              		.loc 1 268 5 is_stmt 1 view .LVU258
 268:Core/Src/dcmi.c ****     hdcmi.Init.HSPolarity = DCMI_HSPOLARITY_LOW;
 729              		.loc 1 268 27 is_stmt 0 view .LVU259
 730 0054 8022     		movs	r2, #128
 731 0056 C260     		str	r2, [r0, #12]
 269:Core/Src/dcmi.c ****     hdcmi.Init.CaptureRate = DCMI_CR_ALL_FRAME;
 732              		.loc 1 269 5 is_stmt 1 view .LVU260
 269:Core/Src/dcmi.c ****     hdcmi.Init.CaptureRate = DCMI_CR_ALL_FRAME;
 733              		.loc 1 269 27 is_stmt 0 view .LVU261
 734 0058 0361     		str	r3, [r0, #16]
 270:Core/Src/dcmi.c ****     hdcmi.Init.ExtendedDataMode = DCMI_EXTEND_DATA_8B;
 735              		.loc 1 270 5 is_stmt 1 view .LVU262
 270:Core/Src/dcmi.c ****     hdcmi.Init.ExtendedDataMode = DCMI_EXTEND_DATA_8B;
 736              		.loc 1 270 28 is_stmt 0 view .LVU263
 737 005a 4361     		str	r3, [r0, #20]
 271:Core/Src/dcmi.c ****     hdcmi.Init.JPEGMode = DCMI_JPEG_DISABLE;
 738              		.loc 1 271 5 is_stmt 1 view .LVU264
 271:Core/Src/dcmi.c ****     hdcmi.Init.JPEGMode = DCMI_JPEG_DISABLE;
 739              		.loc 1 271 33 is_stmt 0 view .LVU265
 740 005c 8361     		str	r3, [r0, #24]
 272:Core/Src/dcmi.c ****     hdcmi.Init.ByteSelectMode = DCMI_BSM_ALL;
 741              		.loc 1 272 5 is_stmt 1 view .LVU266
 272:Core/Src/dcmi.c ****     hdcmi.Init.ByteSelectMode = DCMI_BSM_ALL;
 742              		.loc 1 272 25 is_stmt 0 view .LVU267
 743 005e 0362     		str	r3, [r0, #32]
 273:Core/Src/dcmi.c ****     hdcmi.Init.ByteSelectStart = DCMI_OEBS_ODD;
 744              		.loc 1 273 5 is_stmt 1 view .LVU268
 273:Core/Src/dcmi.c ****     hdcmi.Init.ByteSelectStart = DCMI_OEBS_ODD;
ARM GAS  C:\usertemp\ccC9x0kW.s 			page 22


 745              		.loc 1 273 31 is_stmt 0 view .LVU269
 746 0060 4362     		str	r3, [r0, #36]
 274:Core/Src/dcmi.c ****     hdcmi.Init.LineSelectMode = DCMI_LSM_ALL;
 747              		.loc 1 274 5 is_stmt 1 view .LVU270
 274:Core/Src/dcmi.c ****     hdcmi.Init.LineSelectMode = DCMI_LSM_ALL;
 748              		.loc 1 274 32 is_stmt 0 view .LVU271
 749 0062 8362     		str	r3, [r0, #40]
 275:Core/Src/dcmi.c ****     hdcmi.Init.LineSelectStart = DCMI_OELS_ODD;
 750              		.loc 1 275 5 is_stmt 1 view .LVU272
 275:Core/Src/dcmi.c ****     hdcmi.Init.LineSelectStart = DCMI_OELS_ODD;
 751              		.loc 1 275 31 is_stmt 0 view .LVU273
 752 0064 C362     		str	r3, [r0, #44]
 276:Core/Src/dcmi.c ****     if (HAL_DCMI_Init(&hdcmi) != HAL_OK)
 753              		.loc 1 276 5 is_stmt 1 view .LVU274
 276:Core/Src/dcmi.c ****     if (HAL_DCMI_Init(&hdcmi) != HAL_OK)
 754              		.loc 1 276 32 is_stmt 0 view .LVU275
 755 0066 0363     		str	r3, [r0, #48]
 277:Core/Src/dcmi.c ****     {
 756              		.loc 1 277 5 is_stmt 1 view .LVU276
 277:Core/Src/dcmi.c ****     {
 757              		.loc 1 277 9 is_stmt 0 view .LVU277
 758 0068 FFF7FEFF 		bl	HAL_DCMI_Init
 759              	.LVL42:
 277:Core/Src/dcmi.c ****     {
 760              		.loc 1 277 8 discriminator 1 view .LVU278
 761 006c 0028     		cmp	r0, #0
 762 006e E7D0     		beq	.L34
 279:Core/Src/dcmi.c ****     }
 763              		.loc 1 279 7 is_stmt 1 view .LVU279
 764 0070 FFF7FEFF 		bl	Error_Handler
 765              	.LVL43:
 766              		.loc 1 282 1 is_stmt 0 view .LVU280
 767 0074 E4E7     		b	.L34
 768              	.L40:
 769 0076 00BF     		.align	2
 770              	.L39:
 771 0078 00000000 		.word	hdcmi
 772 007c 00C00242 		.word	1107476480
 773              		.cfi_endproc
 774              	.LFE160:
 776              		.global	handle_GPDMA1_Channel0
 777              		.section	.bss.handle_GPDMA1_Channel0,"aw",%nobits
 778              		.align	2
 781              	handle_GPDMA1_Channel0:
 782 0000 00000000 		.space	120
 782      00000000 
 782      00000000 
 782      00000000 
 782      00000000 
 783              		.global	List_GPDMA1_Channel0
 784              		.section	.bss.List_GPDMA1_Channel0,"aw",%nobits
 785              		.align	2
 788              	List_GPDMA1_Channel0:
 789 0000 00000000 		.space	24
 789      00000000 
 789      00000000 
 789      00000000 
ARM GAS  C:\usertemp\ccC9x0kW.s 			page 23


 789      00000000 
 790              		.global	Node_GPDMA1_Channel0
 791              		.section	.bss.Node_GPDMA1_Channel0,"aw",%nobits
 792              		.align	2
 795              	Node_GPDMA1_Channel0:
 796 0000 00000000 		.space	36
 796      00000000 
 796      00000000 
 796      00000000 
 796      00000000 
 797              		.global	hdcmi
 798              		.section	.bss.hdcmi,"aw",%nobits
 799              		.align	2
 802              	hdcmi:
 803 0000 00000000 		.space	80
 803      00000000 
 803      00000000 
 803      00000000 
 803      00000000 
 804              		.text
 805              	.Letext0:
 806              		.file 2 "Drivers/CMSIS/Device/ST/STM32U5xx/Include/stm32u575xx.h"
 807              		.file 3 "D:/armtoolchain/arm-gnu-toolchain-13.3.rel1-mingw-w64-i686-arm-none-eabi/arm-none-eabi/in
 808              		.file 4 "D:/armtoolchain/arm-gnu-toolchain-13.3.rel1-mingw-w64-i686-arm-none-eabi/arm-none-eabi/in
 809              		.file 5 "Drivers/STM32U5xx_HAL_Driver/Inc/stm32u5xx_hal_def.h"
 810              		.file 6 "Drivers/STM32U5xx_HAL_Driver/Inc/stm32u5xx_hal_gpio.h"
 811              		.file 7 "Drivers/STM32U5xx_HAL_Driver/Inc/stm32u5xx_hal_dma.h"
 812              		.file 8 "Drivers/STM32U5xx_HAL_Driver/Inc/stm32u5xx_hal_dma_ex.h"
 813              		.file 9 "Drivers/STM32U5xx_HAL_Driver/Inc/stm32u5xx_hal_dcmi.h"
 814              		.file 10 "Core/Inc/dcmi.h"
 815              		.file 11 "Drivers/STM32U5xx_HAL_Driver/Inc/stm32u5xx_hal_cortex.h"
 816              		.file 12 "Core/Inc/main.h"
 817              		.file 13 "<built-in>"
ARM GAS  C:\usertemp\ccC9x0kW.s 			page 24


DEFINED SYMBOLS
                            *ABS*:00000000 dcmi.c
C:\usertemp\ccC9x0kW.s:22     .text.MX_DCMI_Init:00000000 $t
C:\usertemp\ccC9x0kW.s:28     .text.MX_DCMI_Init:00000000 MX_DCMI_Init
C:\usertemp\ccC9x0kW.s:96     .text.MX_DCMI_Init:00000030 $d
C:\usertemp\ccC9x0kW.s:802    .bss.hdcmi:00000000 hdcmi
C:\usertemp\ccC9x0kW.s:102    .text.HAL_DCMI_MspInit:00000000 $t
C:\usertemp\ccC9x0kW.s:108    .text.HAL_DCMI_MspInit:00000000 HAL_DCMI_MspInit
C:\usertemp\ccC9x0kW.s:525    .text.HAL_DCMI_MspInit:000001d0 $d
C:\usertemp\ccC9x0kW.s:795    .bss.Node_GPDMA1_Channel0:00000000 Node_GPDMA1_Channel0
C:\usertemp\ccC9x0kW.s:788    .bss.List_GPDMA1_Channel0:00000000 List_GPDMA1_Channel0
C:\usertemp\ccC9x0kW.s:781    .bss.handle_GPDMA1_Channel0:00000000 handle_GPDMA1_Channel0
C:\usertemp\ccC9x0kW.s:539    .text.HAL_DCMI_MspDeInit:00000000 $t
C:\usertemp\ccC9x0kW.s:545    .text.HAL_DCMI_MspDeInit:00000000 HAL_DCMI_MspDeInit
C:\usertemp\ccC9x0kW.s:610    .text.HAL_DCMI_MspDeInit:00000054 $d
C:\usertemp\ccC9x0kW.s:620    .text.OV_OR_TINYC_DCMI_Init:00000000 $t
C:\usertemp\ccC9x0kW.s:626    .text.OV_OR_TINYC_DCMI_Init:00000000 OV_OR_TINYC_DCMI_Init
C:\usertemp\ccC9x0kW.s:771    .text.OV_OR_TINYC_DCMI_Init:00000078 $d
C:\usertemp\ccC9x0kW.s:778    .bss.handle_GPDMA1_Channel0:00000000 $d
C:\usertemp\ccC9x0kW.s:785    .bss.List_GPDMA1_Channel0:00000000 $d
C:\usertemp\ccC9x0kW.s:792    .bss.Node_GPDMA1_Channel0:00000000 $d
C:\usertemp\ccC9x0kW.s:799    .bss.hdcmi:00000000 $d

UNDEFINED SYMBOLS
HAL_DCMI_Init
Error_Handler
memset
HAL_GPIO_Init
HAL_DMAEx_List_BuildNode
HAL_DMAEx_List_InsertNode
HAL_DMAEx_List_SetCircularMode
HAL_DMAEx_List_Init
HAL_DMAEx_List_LinkQ
HAL_DMA_ConfigChannelAttributes
HAL_NVIC_SetPriority
HAL_NVIC_EnableIRQ
HAL_GPIO_DeInit
HAL_DMA_DeInit
HAL_NVIC_DisableIRQ
HAL_DCMI_Stop
