ARM GAS  C:\usertemp\cchjHYEH.s 			page 1


   1              		.cpu cortex-m33
   2              		.arch armv8-m.main
   3              		.fpu fpv4-sp-d16
   4              		.arch_extension dsp
   5              		.eabi_attribute 27, 1
   6              		.eabi_attribute 28, 1
   7              		.eabi_attribute 20, 1
   8              		.eabi_attribute 21, 1
   9              		.eabi_attribute 23, 3
  10              		.eabi_attribute 24, 1
  11              		.eabi_attribute 25, 1
  12              		.eabi_attribute 26, 1
  13              		.eabi_attribute 30, 1
  14              		.eabi_attribute 34, 1
  15              		.eabi_attribute 18, 4
  16              		.file	"gpio.c"
  17              		.text
  18              	.Ltext0:
  19              		.cfi_sections	.debug_frame
  20              		.file 1 "Core/Src/gpio.c"
  21              		.section	.text.MX_GPIO_Init,"ax",%progbits
  22              		.align	1
  23              		.global	MX_GPIO_Init
  24              		.syntax unified
  25              		.thumb
  26              		.thumb_func
  28              	MX_GPIO_Init:
  29              	.LFB157:
   1:Core/Src/gpio.c **** /* USER CODE BEGIN Header */
   2:Core/Src/gpio.c **** /**
   3:Core/Src/gpio.c ****   ******************************************************************************
   4:Core/Src/gpio.c ****   * @file    gpio.c
   5:Core/Src/gpio.c ****   * @brief   This file provides code for the configuration
   6:Core/Src/gpio.c ****   *          of all used GPIO pins.
   7:Core/Src/gpio.c ****   ******************************************************************************
   8:Core/Src/gpio.c ****   * @attention
   9:Core/Src/gpio.c ****   *
  10:Core/Src/gpio.c ****   * Copyright (c) 2025 STMicroelectronics.
  11:Core/Src/gpio.c ****   * All rights reserved.
  12:Core/Src/gpio.c ****   *
  13:Core/Src/gpio.c ****   * This software is licensed under terms that can be found in the LICENSE file
  14:Core/Src/gpio.c ****   * in the root directory of this software component.
  15:Core/Src/gpio.c ****   * If no LICENSE file comes with this software, it is provided AS-IS.
  16:Core/Src/gpio.c ****   *
  17:Core/Src/gpio.c ****   ******************************************************************************
  18:Core/Src/gpio.c ****   */
  19:Core/Src/gpio.c **** /* USER CODE END Header */
  20:Core/Src/gpio.c **** 
  21:Core/Src/gpio.c **** /* Includes ------------------------------------------------------------------*/
  22:Core/Src/gpio.c **** #include "gpio.h"
  23:Core/Src/gpio.c **** 
  24:Core/Src/gpio.c **** /* USER CODE BEGIN 0 */
  25:Core/Src/gpio.c **** 
  26:Core/Src/gpio.c **** /* USER CODE END 0 */
  27:Core/Src/gpio.c **** 
  28:Core/Src/gpio.c **** /*----------------------------------------------------------------------------*/
  29:Core/Src/gpio.c **** /* Configure GPIO                                                             */
ARM GAS  C:\usertemp\cchjHYEH.s 			page 2


  30:Core/Src/gpio.c **** /*----------------------------------------------------------------------------*/
  31:Core/Src/gpio.c **** /* USER CODE BEGIN 1 */
  32:Core/Src/gpio.c **** 
  33:Core/Src/gpio.c **** /* USER CODE END 1 */
  34:Core/Src/gpio.c **** 
  35:Core/Src/gpio.c **** /** Configure pins
  36:Core/Src/gpio.c ****      PC14-OSC32_IN (PC14)   ------> RCC_OSC32_IN
  37:Core/Src/gpio.c ****      PC15-OSC32_OUT (PC15)   ------> RCC_OSC32_OUT
  38:Core/Src/gpio.c ****      PH0-OSC_IN (PH0)   ------> RCC_OSC_IN
  39:Core/Src/gpio.c ****      PH1-OSC_OUT (PH1)   ------> RCC_OSC_OUT
  40:Core/Src/gpio.c ****      PA13 (JTMS/SWDIO)   ------> DEBUG_JTMS-SWDIO
  41:Core/Src/gpio.c ****      PA14 (JTCK/SWCLK)   ------> DEBUG_JTCK-SWCLK
  42:Core/Src/gpio.c **** */
  43:Core/Src/gpio.c **** void MX_GPIO_Init(void)
  44:Core/Src/gpio.c **** {
  30              		.loc 1 44 1 view -0
  31              		.cfi_startproc
  32              		@ args = 0, pretend = 0, frame = 48
  33              		@ frame_needed = 0, uses_anonymous_args = 0
  34 0000 2DE9F047 		push	{r4, r5, r6, r7, r8, r9, r10, lr}
  35              	.LCFI0:
  36              		.cfi_def_cfa_offset 32
  37              		.cfi_offset 4, -32
  38              		.cfi_offset 5, -28
  39              		.cfi_offset 6, -24
  40              		.cfi_offset 7, -20
  41              		.cfi_offset 8, -16
  42              		.cfi_offset 9, -12
  43              		.cfi_offset 10, -8
  44              		.cfi_offset 14, -4
  45 0004 8CB0     		sub	sp, sp, #48
  46              	.LCFI1:
  47              		.cfi_def_cfa_offset 80
  45:Core/Src/gpio.c **** 
  46:Core/Src/gpio.c ****   GPIO_InitTypeDef GPIO_InitStruct = {0};
  48              		.loc 1 46 3 view .LVU1
  49              		.loc 1 46 20 is_stmt 0 view .LVU2
  50 0006 0024     		movs	r4, #0
  51 0008 0794     		str	r4, [sp, #28]
  52 000a 0894     		str	r4, [sp, #32]
  53 000c 0994     		str	r4, [sp, #36]
  54 000e 0A94     		str	r4, [sp, #40]
  55 0010 0B94     		str	r4, [sp, #44]
  47:Core/Src/gpio.c **** 
  48:Core/Src/gpio.c ****   /* GPIO Ports Clock Enable */
  49:Core/Src/gpio.c ****   __HAL_RCC_GPIOC_CLK_ENABLE();
  56              		.loc 1 49 3 is_stmt 1 view .LVU3
  57              	.LBB2:
  58              		.loc 1 49 3 view .LVU4
  59              		.loc 1 49 3 view .LVU5
  60 0012 674B     		ldr	r3, .L3
  61 0014 D3F88C20 		ldr	r2, [r3, #140]
  62 0018 42F00402 		orr	r2, r2, #4
  63 001c C3F88C20 		str	r2, [r3, #140]
  64              		.loc 1 49 3 view .LVU6
  65 0020 D3F88C20 		ldr	r2, [r3, #140]
  66 0024 02F00402 		and	r2, r2, #4
ARM GAS  C:\usertemp\cchjHYEH.s 			page 3


  67 0028 0192     		str	r2, [sp, #4]
  68              		.loc 1 49 3 view .LVU7
  69 002a 019A     		ldr	r2, [sp, #4]
  70              	.LBE2:
  71              		.loc 1 49 3 view .LVU8
  50:Core/Src/gpio.c ****   __HAL_RCC_GPIOH_CLK_ENABLE();
  72              		.loc 1 50 3 view .LVU9
  73              	.LBB3:
  74              		.loc 1 50 3 view .LVU10
  75              		.loc 1 50 3 view .LVU11
  76 002c D3F88C20 		ldr	r2, [r3, #140]
  77 0030 42F08002 		orr	r2, r2, #128
  78 0034 C3F88C20 		str	r2, [r3, #140]
  79              		.loc 1 50 3 view .LVU12
  80 0038 D3F88C20 		ldr	r2, [r3, #140]
  81 003c 02F08002 		and	r2, r2, #128
  82 0040 0292     		str	r2, [sp, #8]
  83              		.loc 1 50 3 view .LVU13
  84 0042 029A     		ldr	r2, [sp, #8]
  85              	.LBE3:
  86              		.loc 1 50 3 view .LVU14
  51:Core/Src/gpio.c ****   __HAL_RCC_GPIOA_CLK_ENABLE();
  87              		.loc 1 51 3 view .LVU15
  88              	.LBB4:
  89              		.loc 1 51 3 view .LVU16
  90              		.loc 1 51 3 view .LVU17
  91 0044 D3F88C20 		ldr	r2, [r3, #140]
  92 0048 42F00102 		orr	r2, r2, #1
  93 004c C3F88C20 		str	r2, [r3, #140]
  94              		.loc 1 51 3 view .LVU18
  95 0050 D3F88C20 		ldr	r2, [r3, #140]
  96 0054 02F00102 		and	r2, r2, #1
  97 0058 0392     		str	r2, [sp, #12]
  98              		.loc 1 51 3 view .LVU19
  99 005a 039A     		ldr	r2, [sp, #12]
 100              	.LBE4:
 101              		.loc 1 51 3 view .LVU20
  52:Core/Src/gpio.c ****   __HAL_RCC_GPIOB_CLK_ENABLE();
 102              		.loc 1 52 3 view .LVU21
 103              	.LBB5:
 104              		.loc 1 52 3 view .LVU22
 105              		.loc 1 52 3 view .LVU23
 106 005c D3F88C20 		ldr	r2, [r3, #140]
 107 0060 42F00202 		orr	r2, r2, #2
 108 0064 C3F88C20 		str	r2, [r3, #140]
 109              		.loc 1 52 3 view .LVU24
 110 0068 D3F88C20 		ldr	r2, [r3, #140]
 111 006c 02F00202 		and	r2, r2, #2
 112 0070 0492     		str	r2, [sp, #16]
 113              		.loc 1 52 3 view .LVU25
 114 0072 049A     		ldr	r2, [sp, #16]
 115              	.LBE5:
 116              		.loc 1 52 3 view .LVU26
  53:Core/Src/gpio.c ****   __HAL_RCC_GPIOE_CLK_ENABLE();
 117              		.loc 1 53 3 view .LVU27
 118              	.LBB6:
 119              		.loc 1 53 3 view .LVU28
ARM GAS  C:\usertemp\cchjHYEH.s 			page 4


 120              		.loc 1 53 3 view .LVU29
 121 0074 D3F88C20 		ldr	r2, [r3, #140]
 122 0078 42F01002 		orr	r2, r2, #16
 123 007c C3F88C20 		str	r2, [r3, #140]
 124              		.loc 1 53 3 view .LVU30
 125 0080 D3F88C20 		ldr	r2, [r3, #140]
 126 0084 02F01002 		and	r2, r2, #16
 127 0088 0592     		str	r2, [sp, #20]
 128              		.loc 1 53 3 view .LVU31
 129 008a 059A     		ldr	r2, [sp, #20]
 130              	.LBE6:
 131              		.loc 1 53 3 view .LVU32
  54:Core/Src/gpio.c ****   __HAL_RCC_GPIOD_CLK_ENABLE();
 132              		.loc 1 54 3 view .LVU33
 133              	.LBB7:
 134              		.loc 1 54 3 view .LVU34
 135              		.loc 1 54 3 view .LVU35
 136 008c D3F88C20 		ldr	r2, [r3, #140]
 137 0090 42F00802 		orr	r2, r2, #8
 138 0094 C3F88C20 		str	r2, [r3, #140]
 139              		.loc 1 54 3 view .LVU36
 140 0098 D3F88C30 		ldr	r3, [r3, #140]
 141 009c 03F00803 		and	r3, r3, #8
 142 00a0 0693     		str	r3, [sp, #24]
 143              		.loc 1 54 3 view .LVU37
 144 00a2 069B     		ldr	r3, [sp, #24]
 145              	.LBE7:
 146              		.loc 1 54 3 view .LVU38
  55:Core/Src/gpio.c **** 
  56:Core/Src/gpio.c ****   /*Configure GPIO pin Output Level */
  57:Core/Src/gpio.c ****   HAL_GPIO_WritePin(GPIOA, LED_1_Pin|LED_3_Pin|LED_2_Pin|RST_TINY_Pin, GPIO_PIN_RESET);
 147              		.loc 1 57 3 view .LVU39
 148 00a4 434F     		ldr	r7, .L3+4
 149 00a6 2246     		mov	r2, r4
 150 00a8 48F23801 		movw	r1, #32824
 151 00ac 3846     		mov	r0, r7
 152 00ae FFF7FEFF 		bl	HAL_GPIO_WritePin
 153              	.LVL0:
  58:Core/Src/gpio.c **** 
  59:Core/Src/gpio.c ****   /*Configure GPIO pin Output Level */
  60:Core/Src/gpio.c ****   HAL_GPIO_WritePin(SPIF_CS_GPIO_Port, SPIF_CS_Pin, GPIO_PIN_RESET);
 154              		.loc 1 60 3 view .LVU40
 155 00b2 DFF80C91 		ldr	r9, .L3+16
 156 00b6 2246     		mov	r2, r4
 157 00b8 4FF48051 		mov	r1, #4096
 158 00bc 4846     		mov	r0, r9
 159 00be FFF7FEFF 		bl	HAL_GPIO_WritePin
 160              	.LVL1:
  61:Core/Src/gpio.c **** 
  62:Core/Src/gpio.c ****   /*Configure GPIO pin Output Level */
  63:Core/Src/gpio.c ****   HAL_GPIO_WritePin(GPIOD, LCD_CS_Pin|LCD_RS_Pin, GPIO_PIN_SET);
 161              		.loc 1 63 3 view .LVU41
 162 00c2 3D4E     		ldr	r6, .L3+8
 163 00c4 0122     		movs	r2, #1
 164 00c6 4FF44061 		mov	r1, #3072
 165 00ca 3046     		mov	r0, r6
 166 00cc FFF7FEFF 		bl	HAL_GPIO_WritePin
ARM GAS  C:\usertemp\cchjHYEH.s 			page 5


 167              	.LVL2:
  64:Core/Src/gpio.c **** 
  65:Core/Src/gpio.c ****   /*Configure GPIO pin Output Level */
  66:Core/Src/gpio.c ****   HAL_GPIO_WritePin(LCD_RST_GPIO_Port, LCD_RST_Pin, GPIO_PIN_SET);
 168              		.loc 1 66 3 view .LVU42
 169 00d0 0122     		movs	r2, #1
 170 00d2 4FF48061 		mov	r1, #1024
 171 00d6 3846     		mov	r0, r7
 172 00d8 FFF7FEFF 		bl	HAL_GPIO_WritePin
 173              	.LVL3:
  67:Core/Src/gpio.c **** 
  68:Core/Src/gpio.c ****   /*Configure GPIO pin Output Level */
  69:Core/Src/gpio.c ****   HAL_GPIO_WritePin(POWER_5V0_GPIO_Port, POWER_5V0_Pin, GPIO_PIN_RESET);
 174              		.loc 1 69 3 view .LVU43
 175 00dc DFF8E4A0 		ldr	r10, .L3+20
 176 00e0 2246     		mov	r2, r4
 177 00e2 4FF48061 		mov	r1, #1024
 178 00e6 5046     		mov	r0, r10
 179 00e8 FFF7FEFF 		bl	HAL_GPIO_WritePin
 180              	.LVL4:
  70:Core/Src/gpio.c **** 
  71:Core/Src/gpio.c ****   /*Configure GPIO pin Output Level */
  72:Core/Src/gpio.c ****   HAL_GPIO_WritePin(POWER_3V3_GPIO_Port, POWER_3V3_Pin, GPIO_PIN_RESET);
 181              		.loc 1 72 3 view .LVU44
 182 00ec 2246     		mov	r2, r4
 183 00ee 0121     		movs	r1, #1
 184 00f0 3046     		mov	r0, r6
 185 00f2 FFF7FEFF 		bl	HAL_GPIO_WritePin
 186              	.LVL5:
  73:Core/Src/gpio.c **** 
  74:Core/Src/gpio.c ****   /*Configure GPIO pins : LED_1_Pin LED_3_Pin LED_2_Pin RST_TINY_Pin */
  75:Core/Src/gpio.c ****   GPIO_InitStruct.Pin = LED_1_Pin|LED_3_Pin|LED_2_Pin|RST_TINY_Pin;
 187              		.loc 1 75 3 view .LVU45
 188              		.loc 1 75 23 is_stmt 0 view .LVU46
 189 00f6 48F23803 		movw	r3, #32824
 190 00fa 0793     		str	r3, [sp, #28]
  76:Core/Src/gpio.c ****   GPIO_InitStruct.Mode = GPIO_MODE_OUTPUT_PP;
 191              		.loc 1 76 3 is_stmt 1 view .LVU47
 192              		.loc 1 76 24 is_stmt 0 view .LVU48
 193 00fc 0125     		movs	r5, #1
 194 00fe 0895     		str	r5, [sp, #32]
  77:Core/Src/gpio.c ****   GPIO_InitStruct.Pull = GPIO_NOPULL;
 195              		.loc 1 77 3 is_stmt 1 view .LVU49
 196              		.loc 1 77 24 is_stmt 0 view .LVU50
 197 0100 0994     		str	r4, [sp, #36]
  78:Core/Src/gpio.c ****   GPIO_InitStruct.Speed = GPIO_SPEED_FREQ_LOW;
 198              		.loc 1 78 3 is_stmt 1 view .LVU51
 199              		.loc 1 78 25 is_stmt 0 view .LVU52
 200 0102 0A94     		str	r4, [sp, #40]
  79:Core/Src/gpio.c ****   HAL_GPIO_Init(GPIOA, &GPIO_InitStruct);
 201              		.loc 1 79 3 is_stmt 1 view .LVU53
 202 0104 07A9     		add	r1, sp, #28
 203 0106 3846     		mov	r0, r7
 204 0108 FFF7FEFF 		bl	HAL_GPIO_Init
 205              	.LVL6:
  80:Core/Src/gpio.c **** 
  81:Core/Src/gpio.c ****   /*Configure GPIO pins : BTN_1_Pin BTN_2_Pin */
ARM GAS  C:\usertemp\cchjHYEH.s 			page 6


  82:Core/Src/gpio.c ****   GPIO_InitStruct.Pin = BTN_1_Pin|BTN_2_Pin;
 206              		.loc 1 82 3 view .LVU54
 207              		.loc 1 82 23 is_stmt 0 view .LVU55
 208 010c 4FF00308 		mov	r8, #3
 209 0110 CDF81C80 		str	r8, [sp, #28]
  83:Core/Src/gpio.c ****   GPIO_InitStruct.Mode = GPIO_MODE_IT_FALLING;
 210              		.loc 1 83 3 is_stmt 1 view .LVU56
 211              		.loc 1 83 24 is_stmt 0 view .LVU57
 212 0114 294B     		ldr	r3, .L3+12
 213 0116 0893     		str	r3, [sp, #32]
  84:Core/Src/gpio.c ****   GPIO_InitStruct.Pull = GPIO_PULLUP;
 214              		.loc 1 84 3 is_stmt 1 view .LVU58
 215              		.loc 1 84 24 is_stmt 0 view .LVU59
 216 0118 0995     		str	r5, [sp, #36]
  85:Core/Src/gpio.c ****   HAL_GPIO_Init(GPIOB, &GPIO_InitStruct);
 217              		.loc 1 85 3 is_stmt 1 view .LVU60
 218 011a 07A9     		add	r1, sp, #28
 219 011c 4846     		mov	r0, r9
 220 011e FFF7FEFF 		bl	HAL_GPIO_Init
 221              	.LVL7:
  86:Core/Src/gpio.c **** 
  87:Core/Src/gpio.c ****   /*Configure GPIO pin : SPIF_CS_Pin */
  88:Core/Src/gpio.c ****   GPIO_InitStruct.Pin = SPIF_CS_Pin;
 222              		.loc 1 88 3 view .LVU61
 223              		.loc 1 88 23 is_stmt 0 view .LVU62
 224 0122 4FF48053 		mov	r3, #4096
 225 0126 0793     		str	r3, [sp, #28]
  89:Core/Src/gpio.c ****   GPIO_InitStruct.Mode = GPIO_MODE_OUTPUT_PP;
 226              		.loc 1 89 3 is_stmt 1 view .LVU63
 227              		.loc 1 89 24 is_stmt 0 view .LVU64
 228 0128 0895     		str	r5, [sp, #32]
  90:Core/Src/gpio.c ****   GPIO_InitStruct.Pull = GPIO_NOPULL;
 229              		.loc 1 90 3 is_stmt 1 view .LVU65
 230              		.loc 1 90 24 is_stmt 0 view .LVU66
 231 012a 0994     		str	r4, [sp, #36]
  91:Core/Src/gpio.c ****   GPIO_InitStruct.Speed = GPIO_SPEED_FREQ_LOW;
 232              		.loc 1 91 3 is_stmt 1 view .LVU67
 233              		.loc 1 91 25 is_stmt 0 view .LVU68
 234 012c 0A94     		str	r4, [sp, #40]
  92:Core/Src/gpio.c ****   HAL_GPIO_Init(SPIF_CS_GPIO_Port, &GPIO_InitStruct);
 235              		.loc 1 92 3 is_stmt 1 view .LVU69
 236 012e 07A9     		add	r1, sp, #28
 237 0130 4846     		mov	r0, r9
 238 0132 FFF7FEFF 		bl	HAL_GPIO_Init
 239              	.LVL8:
  93:Core/Src/gpio.c **** 
  94:Core/Src/gpio.c ****   /*Configure GPIO pins : LCD_CS_Pin LCD_RS_Pin */
  95:Core/Src/gpio.c ****   GPIO_InitStruct.Pin = LCD_CS_Pin|LCD_RS_Pin;
 240              		.loc 1 95 3 view .LVU70
 241              		.loc 1 95 23 is_stmt 0 view .LVU71
 242 0136 4FF44063 		mov	r3, #3072
 243 013a 0793     		str	r3, [sp, #28]
  96:Core/Src/gpio.c ****   GPIO_InitStruct.Mode = GPIO_MODE_OUTPUT_PP;
 244              		.loc 1 96 3 is_stmt 1 view .LVU72
 245              		.loc 1 96 24 is_stmt 0 view .LVU73
 246 013c 0895     		str	r5, [sp, #32]
  97:Core/Src/gpio.c ****   GPIO_InitStruct.Pull = GPIO_PULLUP;
ARM GAS  C:\usertemp\cchjHYEH.s 			page 7


 247              		.loc 1 97 3 is_stmt 1 view .LVU74
 248              		.loc 1 97 24 is_stmt 0 view .LVU75
 249 013e 0995     		str	r5, [sp, #36]
  98:Core/Src/gpio.c ****   GPIO_InitStruct.Speed = GPIO_SPEED_FREQ_VERY_HIGH;
 250              		.loc 1 98 3 is_stmt 1 view .LVU76
 251              		.loc 1 98 25 is_stmt 0 view .LVU77
 252 0140 CDF82880 		str	r8, [sp, #40]
  99:Core/Src/gpio.c ****   HAL_GPIO_Init(GPIOD, &GPIO_InitStruct);
 253              		.loc 1 99 3 is_stmt 1 view .LVU78
 254 0144 07A9     		add	r1, sp, #28
 255 0146 3046     		mov	r0, r6
 256 0148 FFF7FEFF 		bl	HAL_GPIO_Init
 257              	.LVL9:
 100:Core/Src/gpio.c **** 
 101:Core/Src/gpio.c ****   /*Configure GPIO pin : LCD_RST_Pin */
 102:Core/Src/gpio.c ****   GPIO_InitStruct.Pin = LCD_RST_Pin;
 258              		.loc 1 102 3 view .LVU79
 259              		.loc 1 102 23 is_stmt 0 view .LVU80
 260 014c 4FF48069 		mov	r9, #1024
 261 0150 CDF81C90 		str	r9, [sp, #28]
 103:Core/Src/gpio.c ****   GPIO_InitStruct.Mode = GPIO_MODE_OUTPUT_PP;
 262              		.loc 1 103 3 is_stmt 1 view .LVU81
 263              		.loc 1 103 24 is_stmt 0 view .LVU82
 264 0154 0895     		str	r5, [sp, #32]
 104:Core/Src/gpio.c ****   GPIO_InitStruct.Pull = GPIO_PULLUP;
 265              		.loc 1 104 3 is_stmt 1 view .LVU83
 266              		.loc 1 104 24 is_stmt 0 view .LVU84
 267 0156 0995     		str	r5, [sp, #36]
 105:Core/Src/gpio.c ****   GPIO_InitStruct.Speed = GPIO_SPEED_FREQ_VERY_HIGH;
 268              		.loc 1 105 3 is_stmt 1 view .LVU85
 269              		.loc 1 105 25 is_stmt 0 view .LVU86
 270 0158 CDF82880 		str	r8, [sp, #40]
 106:Core/Src/gpio.c ****   HAL_GPIO_Init(LCD_RST_GPIO_Port, &GPIO_InitStruct);
 271              		.loc 1 106 3 is_stmt 1 view .LVU87
 272 015c 07A9     		add	r1, sp, #28
 273 015e 3846     		mov	r0, r7
 274 0160 FFF7FEFF 		bl	HAL_GPIO_Init
 275              	.LVL10:
 107:Core/Src/gpio.c **** 
 108:Core/Src/gpio.c ****   /*Configure GPIO pin : POWER_5V0_Pin */
 109:Core/Src/gpio.c ****   GPIO_InitStruct.Pin = POWER_5V0_Pin;
 276              		.loc 1 109 3 view .LVU88
 277              		.loc 1 109 23 is_stmt 0 view .LVU89
 278 0164 CDF81C90 		str	r9, [sp, #28]
 110:Core/Src/gpio.c ****   GPIO_InitStruct.Mode = GPIO_MODE_OUTPUT_PP;
 279              		.loc 1 110 3 is_stmt 1 view .LVU90
 280              		.loc 1 110 24 is_stmt 0 view .LVU91
 281 0168 0895     		str	r5, [sp, #32]
 111:Core/Src/gpio.c ****   GPIO_InitStruct.Pull = GPIO_PULLDOWN;
 282              		.loc 1 111 3 is_stmt 1 view .LVU92
 283              		.loc 1 111 24 is_stmt 0 view .LVU93
 284 016a 0223     		movs	r3, #2
 285 016c 0993     		str	r3, [sp, #36]
 112:Core/Src/gpio.c ****   GPIO_InitStruct.Speed = GPIO_SPEED_FREQ_LOW;
 286              		.loc 1 112 3 is_stmt 1 view .LVU94
 287              		.loc 1 112 25 is_stmt 0 view .LVU95
 288 016e 0A94     		str	r4, [sp, #40]
ARM GAS  C:\usertemp\cchjHYEH.s 			page 8


 113:Core/Src/gpio.c ****   HAL_GPIO_Init(POWER_5V0_GPIO_Port, &GPIO_InitStruct);
 289              		.loc 1 113 3 is_stmt 1 view .LVU96
 290 0170 07A9     		add	r1, sp, #28
 291 0172 5046     		mov	r0, r10
 292 0174 FFF7FEFF 		bl	HAL_GPIO_Init
 293              	.LVL11:
 114:Core/Src/gpio.c **** 
 115:Core/Src/gpio.c ****   /*Configure GPIO pin : POWER_3V3_Pin */
 116:Core/Src/gpio.c ****   GPIO_InitStruct.Pin = POWER_3V3_Pin;
 294              		.loc 1 116 3 view .LVU97
 295              		.loc 1 116 23 is_stmt 0 view .LVU98
 296 0178 0795     		str	r5, [sp, #28]
 117:Core/Src/gpio.c ****   GPIO_InitStruct.Mode = GPIO_MODE_OUTPUT_PP;
 297              		.loc 1 117 3 is_stmt 1 view .LVU99
 298              		.loc 1 117 24 is_stmt 0 view .LVU100
 299 017a 0895     		str	r5, [sp, #32]
 118:Core/Src/gpio.c ****   GPIO_InitStruct.Pull = GPIO_NOPULL;
 300              		.loc 1 118 3 is_stmt 1 view .LVU101
 301              		.loc 1 118 24 is_stmt 0 view .LVU102
 302 017c 0994     		str	r4, [sp, #36]
 119:Core/Src/gpio.c ****   GPIO_InitStruct.Speed = GPIO_SPEED_FREQ_LOW;
 303              		.loc 1 119 3 is_stmt 1 view .LVU103
 304              		.loc 1 119 25 is_stmt 0 view .LVU104
 305 017e 0A94     		str	r4, [sp, #40]
 120:Core/Src/gpio.c ****   HAL_GPIO_Init(POWER_3V3_GPIO_Port, &GPIO_InitStruct);
 306              		.loc 1 120 3 is_stmt 1 view .LVU105
 307 0180 07A9     		add	r1, sp, #28
 308 0182 3046     		mov	r0, r6
 309 0184 FFF7FEFF 		bl	HAL_GPIO_Init
 310              	.LVL12:
 121:Core/Src/gpio.c **** 
 122:Core/Src/gpio.c ****   /* EXTI interrupt init*/
 123:Core/Src/gpio.c ****   HAL_NVIC_SetPriority(EXTI0_IRQn, 0, 0);
 311              		.loc 1 123 3 view .LVU106
 312 0188 2246     		mov	r2, r4
 313 018a 2146     		mov	r1, r4
 314 018c 0B20     		movs	r0, #11
 315 018e FFF7FEFF 		bl	HAL_NVIC_SetPriority
 316              	.LVL13:
 124:Core/Src/gpio.c ****   HAL_NVIC_EnableIRQ(EXTI0_IRQn);
 317              		.loc 1 124 3 view .LVU107
 318 0192 0B20     		movs	r0, #11
 319 0194 FFF7FEFF 		bl	HAL_NVIC_EnableIRQ
 320              	.LVL14:
 125:Core/Src/gpio.c **** 
 126:Core/Src/gpio.c ****   HAL_NVIC_SetPriority(EXTI1_IRQn, 0, 0);
 321              		.loc 1 126 3 view .LVU108
 322 0198 2246     		mov	r2, r4
 323 019a 2146     		mov	r1, r4
 324 019c 0C20     		movs	r0, #12
 325 019e FFF7FEFF 		bl	HAL_NVIC_SetPriority
 326              	.LVL15:
 127:Core/Src/gpio.c ****   HAL_NVIC_EnableIRQ(EXTI1_IRQn);
 327              		.loc 1 127 3 view .LVU109
 328 01a2 0C20     		movs	r0, #12
 329 01a4 FFF7FEFF 		bl	HAL_NVIC_EnableIRQ
 330              	.LVL16:
ARM GAS  C:\usertemp\cchjHYEH.s 			page 9


 128:Core/Src/gpio.c **** 
 129:Core/Src/gpio.c **** }
 331              		.loc 1 129 1 is_stmt 0 view .LVU110
 332 01a8 0CB0     		add	sp, sp, #48
 333              	.LCFI2:
 334              		.cfi_def_cfa_offset 32
 335              		@ sp needed
 336 01aa BDE8F087 		pop	{r4, r5, r6, r7, r8, r9, r10, pc}
 337              	.L4:
 338 01ae 00BF     		.align	2
 339              	.L3:
 340 01b0 000C0246 		.word	1174539264
 341 01b4 00000242 		.word	1107427328
 342 01b8 000C0242 		.word	1107430400
 343 01bc 00002110 		.word	270598144
 344 01c0 00040242 		.word	1107428352
 345 01c4 00080242 		.word	1107429376
 346              		.cfi_endproc
 347              	.LFE157:
 349              		.text
 350              	.Letext0:
 351              		.file 2 "Drivers/CMSIS/Device/ST/STM32U5xx/Include/stm32u575xx.h"
 352              		.file 3 "D:/armtoolchain/arm-gnu-toolchain-13.3.rel1-mingw-w64-i686-arm-none-eabi/arm-none-eabi/in
 353              		.file 4 "D:/armtoolchain/arm-gnu-toolchain-13.3.rel1-mingw-w64-i686-arm-none-eabi/arm-none-eabi/in
 354              		.file 5 "Drivers/STM32U5xx_HAL_Driver/Inc/stm32u5xx_hal_gpio.h"
 355              		.file 6 "Drivers/STM32U5xx_HAL_Driver/Inc/stm32u5xx_hal_cortex.h"
ARM GAS  C:\usertemp\cchjHYEH.s 			page 10


DEFINED SYMBOLS
                            *ABS*:00000000 gpio.c
C:\usertemp\cchjHYEH.s:22     .text.MX_GPIO_Init:00000000 $t
C:\usertemp\cchjHYEH.s:28     .text.MX_GPIO_Init:00000000 MX_GPIO_Init
C:\usertemp\cchjHYEH.s:340    .text.MX_GPIO_Init:000001b0 $d

UNDEFINED SYMBOLS
HAL_GPIO_WritePin
HAL_GPIO_Init
HAL_NVIC_SetPriority
HAL_NVIC_EnableIRQ
