ARM GAS  C:\usertemp\ccnW4ANK.s 			page 1


   1              		.cpu cortex-m33
   2              		.arch armv8-m.main
   3              		.fpu fpv4-sp-d16
   4              		.arch_extension dsp
   5              		.eabi_attribute 27, 1
   6              		.eabi_attribute 28, 1
   7              		.eabi_attribute 20, 1
   8              		.eabi_attribute 21, 1
   9              		.eabi_attribute 23, 3
  10              		.eabi_attribute 24, 1
  11              		.eabi_attribute 25, 1
  12              		.eabi_attribute 26, 1
  13              		.eabi_attribute 30, 1
  14              		.eabi_attribute 34, 1
  15              		.eabi_attribute 18, 4
  16              		.file	"stm32u5xx_hal_i2c_ex.c"
  17              		.text
  18              	.Ltext0:
  19              		.cfi_sections	.debug_frame
  20              		.file 1 "Drivers/STM32U5xx_HAL_Driver/Src/stm32u5xx_hal_i2c_ex.c"
  21              		.section	.text.HAL_I2CEx_ConfigAnalogFilter,"ax",%progbits
  22              		.align	1
  23              		.global	HAL_I2CEx_ConfigAnalogFilter
  24              		.syntax unified
  25              		.thumb
  26              		.thumb_func
  28              	HAL_I2CEx_ConfigAnalogFilter:
  29              	.LVL0:
  30              	.LFB157:
   1:Drivers/STM32U5xx_HAL_Driver/Src/stm32u5xx_hal_i2c_ex.c **** /**
   2:Drivers/STM32U5xx_HAL_Driver/Src/stm32u5xx_hal_i2c_ex.c ****   ******************************************************************************
   3:Drivers/STM32U5xx_HAL_Driver/Src/stm32u5xx_hal_i2c_ex.c ****   * @file    stm32u5xx_hal_i2c_ex.c
   4:Drivers/STM32U5xx_HAL_Driver/Src/stm32u5xx_hal_i2c_ex.c ****   * @author  MCD Application Team
   5:Drivers/STM32U5xx_HAL_Driver/Src/stm32u5xx_hal_i2c_ex.c ****   * @brief   I2C Extended HAL module driver.
   6:Drivers/STM32U5xx_HAL_Driver/Src/stm32u5xx_hal_i2c_ex.c ****   *          This file provides firmware functions to manage the following
   7:Drivers/STM32U5xx_HAL_Driver/Src/stm32u5xx_hal_i2c_ex.c ****   *          functionalities of I2C Extended peripheral:
   8:Drivers/STM32U5xx_HAL_Driver/Src/stm32u5xx_hal_i2c_ex.c ****   *           + Filter Mode Functions
   9:Drivers/STM32U5xx_HAL_Driver/Src/stm32u5xx_hal_i2c_ex.c ****   *           + WakeUp Mode Functions
  10:Drivers/STM32U5xx_HAL_Driver/Src/stm32u5xx_hal_i2c_ex.c ****   *           + FastModePlus Functions
  11:Drivers/STM32U5xx_HAL_Driver/Src/stm32u5xx_hal_i2c_ex.c ****   *           + Autonomous Mode Functions
  12:Drivers/STM32U5xx_HAL_Driver/Src/stm32u5xx_hal_i2c_ex.c ****   *
  13:Drivers/STM32U5xx_HAL_Driver/Src/stm32u5xx_hal_i2c_ex.c ****   ******************************************************************************
  14:Drivers/STM32U5xx_HAL_Driver/Src/stm32u5xx_hal_i2c_ex.c ****   * @attention
  15:Drivers/STM32U5xx_HAL_Driver/Src/stm32u5xx_hal_i2c_ex.c ****   *
  16:Drivers/STM32U5xx_HAL_Driver/Src/stm32u5xx_hal_i2c_ex.c ****   * Copyright (c) 2021 STMicroelectronics.
  17:Drivers/STM32U5xx_HAL_Driver/Src/stm32u5xx_hal_i2c_ex.c ****   * All rights reserved.
  18:Drivers/STM32U5xx_HAL_Driver/Src/stm32u5xx_hal_i2c_ex.c ****   *
  19:Drivers/STM32U5xx_HAL_Driver/Src/stm32u5xx_hal_i2c_ex.c ****   * This software is licensed under terms that can be found in the LICENSE file
  20:Drivers/STM32U5xx_HAL_Driver/Src/stm32u5xx_hal_i2c_ex.c ****   * in the root directory of this software component.
  21:Drivers/STM32U5xx_HAL_Driver/Src/stm32u5xx_hal_i2c_ex.c ****   * If no LICENSE file comes with this software, it is provided AS-IS.
  22:Drivers/STM32U5xx_HAL_Driver/Src/stm32u5xx_hal_i2c_ex.c ****   *
  23:Drivers/STM32U5xx_HAL_Driver/Src/stm32u5xx_hal_i2c_ex.c ****   ******************************************************************************
  24:Drivers/STM32U5xx_HAL_Driver/Src/stm32u5xx_hal_i2c_ex.c ****   @verbatim
  25:Drivers/STM32U5xx_HAL_Driver/Src/stm32u5xx_hal_i2c_ex.c ****   ==============================================================================
  26:Drivers/STM32U5xx_HAL_Driver/Src/stm32u5xx_hal_i2c_ex.c ****                ##### I2C peripheral Extended features  #####
  27:Drivers/STM32U5xx_HAL_Driver/Src/stm32u5xx_hal_i2c_ex.c ****   ==============================================================================
  28:Drivers/STM32U5xx_HAL_Driver/Src/stm32u5xx_hal_i2c_ex.c **** 
ARM GAS  C:\usertemp\ccnW4ANK.s 			page 2


  29:Drivers/STM32U5xx_HAL_Driver/Src/stm32u5xx_hal_i2c_ex.c ****   [..] Comparing to other previous devices, the I2C interface for STM32U5xx
  30:Drivers/STM32U5xx_HAL_Driver/Src/stm32u5xx_hal_i2c_ex.c ****        devices contains the following additional features
  31:Drivers/STM32U5xx_HAL_Driver/Src/stm32u5xx_hal_i2c_ex.c **** 
  32:Drivers/STM32U5xx_HAL_Driver/Src/stm32u5xx_hal_i2c_ex.c ****        (+) Possibility to disable or enable Analog Noise Filter
  33:Drivers/STM32U5xx_HAL_Driver/Src/stm32u5xx_hal_i2c_ex.c ****        (+) Use of a configured Digital Noise Filter
  34:Drivers/STM32U5xx_HAL_Driver/Src/stm32u5xx_hal_i2c_ex.c ****        (+) Disable or enable wakeup from Stop mode(s)
  35:Drivers/STM32U5xx_HAL_Driver/Src/stm32u5xx_hal_i2c_ex.c ****        (+) Disable or enable Fast Mode Plus
  36:Drivers/STM32U5xx_HAL_Driver/Src/stm32u5xx_hal_i2c_ex.c ****        (+) Configure Autonomous mode
  37:Drivers/STM32U5xx_HAL_Driver/Src/stm32u5xx_hal_i2c_ex.c **** 
  38:Drivers/STM32U5xx_HAL_Driver/Src/stm32u5xx_hal_i2c_ex.c ****                      ##### How to use this driver #####
  39:Drivers/STM32U5xx_HAL_Driver/Src/stm32u5xx_hal_i2c_ex.c ****   ==============================================================================
  40:Drivers/STM32U5xx_HAL_Driver/Src/stm32u5xx_hal_i2c_ex.c ****   [..] This driver provides functions to configure Noise Filter and Wake Up Feature
  41:Drivers/STM32U5xx_HAL_Driver/Src/stm32u5xx_hal_i2c_ex.c ****     (#) Configure I2C Analog noise filter using the function HAL_I2CEx_ConfigAnalogFilter()
  42:Drivers/STM32U5xx_HAL_Driver/Src/stm32u5xx_hal_i2c_ex.c ****     (#) Configure I2C Digital noise filter using the function HAL_I2CEx_ConfigDigitalFilter()
  43:Drivers/STM32U5xx_HAL_Driver/Src/stm32u5xx_hal_i2c_ex.c ****     (#) Configure the enable or disable of I2C Wake Up Mode using the functions :
  44:Drivers/STM32U5xx_HAL_Driver/Src/stm32u5xx_hal_i2c_ex.c ****           (++) HAL_I2CEx_EnableWakeUp()
  45:Drivers/STM32U5xx_HAL_Driver/Src/stm32u5xx_hal_i2c_ex.c ****           (++) HAL_I2CEx_DisableWakeUp()
  46:Drivers/STM32U5xx_HAL_Driver/Src/stm32u5xx_hal_i2c_ex.c ****     (#) Configure the enable or disable of fast mode plus driving capability using the functions :
  47:Drivers/STM32U5xx_HAL_Driver/Src/stm32u5xx_hal_i2c_ex.c ****           (++) HAL_I2CEx_ConfigFastModePlus()
  48:Drivers/STM32U5xx_HAL_Driver/Src/stm32u5xx_hal_i2c_ex.c ****     (#) Set or get or clear the autonomous mode configuration using these functions :
  49:Drivers/STM32U5xx_HAL_Driver/Src/stm32u5xx_hal_i2c_ex.c ****           (++) HAL_I2CEx_SetConfigAutonomousMode()
  50:Drivers/STM32U5xx_HAL_Driver/Src/stm32u5xx_hal_i2c_ex.c ****           (++) HAL_I2CEx_GetConfigAutonomousMode()
  51:Drivers/STM32U5xx_HAL_Driver/Src/stm32u5xx_hal_i2c_ex.c ****           (++) HAL_I2CEx_ClearConfigAutonomousMode()
  52:Drivers/STM32U5xx_HAL_Driver/Src/stm32u5xx_hal_i2c_ex.c ****   @endverbatim
  53:Drivers/STM32U5xx_HAL_Driver/Src/stm32u5xx_hal_i2c_ex.c ****   */
  54:Drivers/STM32U5xx_HAL_Driver/Src/stm32u5xx_hal_i2c_ex.c **** 
  55:Drivers/STM32U5xx_HAL_Driver/Src/stm32u5xx_hal_i2c_ex.c **** /* Includes ------------------------------------------------------------------*/
  56:Drivers/STM32U5xx_HAL_Driver/Src/stm32u5xx_hal_i2c_ex.c **** #include "stm32u5xx_hal.h"
  57:Drivers/STM32U5xx_HAL_Driver/Src/stm32u5xx_hal_i2c_ex.c **** 
  58:Drivers/STM32U5xx_HAL_Driver/Src/stm32u5xx_hal_i2c_ex.c **** /** @addtogroup STM32U5xx_HAL_Driver
  59:Drivers/STM32U5xx_HAL_Driver/Src/stm32u5xx_hal_i2c_ex.c ****   * @{
  60:Drivers/STM32U5xx_HAL_Driver/Src/stm32u5xx_hal_i2c_ex.c ****   */
  61:Drivers/STM32U5xx_HAL_Driver/Src/stm32u5xx_hal_i2c_ex.c **** 
  62:Drivers/STM32U5xx_HAL_Driver/Src/stm32u5xx_hal_i2c_ex.c **** /** @defgroup I2CEx I2CEx
  63:Drivers/STM32U5xx_HAL_Driver/Src/stm32u5xx_hal_i2c_ex.c ****   * @brief I2C Extended HAL module driver
  64:Drivers/STM32U5xx_HAL_Driver/Src/stm32u5xx_hal_i2c_ex.c ****   * @{
  65:Drivers/STM32U5xx_HAL_Driver/Src/stm32u5xx_hal_i2c_ex.c ****   */
  66:Drivers/STM32U5xx_HAL_Driver/Src/stm32u5xx_hal_i2c_ex.c **** 
  67:Drivers/STM32U5xx_HAL_Driver/Src/stm32u5xx_hal_i2c_ex.c **** #ifdef HAL_I2C_MODULE_ENABLED
  68:Drivers/STM32U5xx_HAL_Driver/Src/stm32u5xx_hal_i2c_ex.c **** 
  69:Drivers/STM32U5xx_HAL_Driver/Src/stm32u5xx_hal_i2c_ex.c **** /* Private typedef -----------------------------------------------------------*/
  70:Drivers/STM32U5xx_HAL_Driver/Src/stm32u5xx_hal_i2c_ex.c **** /* Private define ------------------------------------------------------------*/
  71:Drivers/STM32U5xx_HAL_Driver/Src/stm32u5xx_hal_i2c_ex.c **** /* Private macro -------------------------------------------------------------*/
  72:Drivers/STM32U5xx_HAL_Driver/Src/stm32u5xx_hal_i2c_ex.c **** /* Private variables ---------------------------------------------------------*/
  73:Drivers/STM32U5xx_HAL_Driver/Src/stm32u5xx_hal_i2c_ex.c **** /* Private function prototypes -----------------------------------------------*/
  74:Drivers/STM32U5xx_HAL_Driver/Src/stm32u5xx_hal_i2c_ex.c **** /* Private functions ---------------------------------------------------------*/
  75:Drivers/STM32U5xx_HAL_Driver/Src/stm32u5xx_hal_i2c_ex.c **** 
  76:Drivers/STM32U5xx_HAL_Driver/Src/stm32u5xx_hal_i2c_ex.c **** /** @defgroup I2CEx_Exported_Functions I2C Extended Exported Functions
  77:Drivers/STM32U5xx_HAL_Driver/Src/stm32u5xx_hal_i2c_ex.c ****   * @{
  78:Drivers/STM32U5xx_HAL_Driver/Src/stm32u5xx_hal_i2c_ex.c ****   */
  79:Drivers/STM32U5xx_HAL_Driver/Src/stm32u5xx_hal_i2c_ex.c **** 
  80:Drivers/STM32U5xx_HAL_Driver/Src/stm32u5xx_hal_i2c_ex.c **** /** @defgroup I2CEx_Exported_Functions_Group1 Filter Mode Functions
  81:Drivers/STM32U5xx_HAL_Driver/Src/stm32u5xx_hal_i2c_ex.c ****   * @brief    Filter Mode Functions
  82:Drivers/STM32U5xx_HAL_Driver/Src/stm32u5xx_hal_i2c_ex.c ****   *
  83:Drivers/STM32U5xx_HAL_Driver/Src/stm32u5xx_hal_i2c_ex.c **** @verbatim
  84:Drivers/STM32U5xx_HAL_Driver/Src/stm32u5xx_hal_i2c_ex.c ****  ===============================================================================
  85:Drivers/STM32U5xx_HAL_Driver/Src/stm32u5xx_hal_i2c_ex.c ****                       ##### Filter Mode Functions #####
ARM GAS  C:\usertemp\ccnW4ANK.s 			page 3


  86:Drivers/STM32U5xx_HAL_Driver/Src/stm32u5xx_hal_i2c_ex.c ****  ===============================================================================
  87:Drivers/STM32U5xx_HAL_Driver/Src/stm32u5xx_hal_i2c_ex.c ****     [..] This section provides functions allowing to:
  88:Drivers/STM32U5xx_HAL_Driver/Src/stm32u5xx_hal_i2c_ex.c ****       (+) Configure Noise Filters
  89:Drivers/STM32U5xx_HAL_Driver/Src/stm32u5xx_hal_i2c_ex.c **** 
  90:Drivers/STM32U5xx_HAL_Driver/Src/stm32u5xx_hal_i2c_ex.c **** @endverbatim
  91:Drivers/STM32U5xx_HAL_Driver/Src/stm32u5xx_hal_i2c_ex.c ****   * @{
  92:Drivers/STM32U5xx_HAL_Driver/Src/stm32u5xx_hal_i2c_ex.c ****   */
  93:Drivers/STM32U5xx_HAL_Driver/Src/stm32u5xx_hal_i2c_ex.c **** 
  94:Drivers/STM32U5xx_HAL_Driver/Src/stm32u5xx_hal_i2c_ex.c **** /**
  95:Drivers/STM32U5xx_HAL_Driver/Src/stm32u5xx_hal_i2c_ex.c ****   * @brief  Configure I2C Analog noise filter.
  96:Drivers/STM32U5xx_HAL_Driver/Src/stm32u5xx_hal_i2c_ex.c ****   * @param  hi2c Pointer to a I2C_HandleTypeDef structure that contains
  97:Drivers/STM32U5xx_HAL_Driver/Src/stm32u5xx_hal_i2c_ex.c ****   *                the configuration information for the specified I2Cx peripheral.
  98:Drivers/STM32U5xx_HAL_Driver/Src/stm32u5xx_hal_i2c_ex.c ****   * @param  AnalogFilter New state of the Analog filter.
  99:Drivers/STM32U5xx_HAL_Driver/Src/stm32u5xx_hal_i2c_ex.c ****   * @retval HAL status
 100:Drivers/STM32U5xx_HAL_Driver/Src/stm32u5xx_hal_i2c_ex.c ****   */
 101:Drivers/STM32U5xx_HAL_Driver/Src/stm32u5xx_hal_i2c_ex.c **** HAL_StatusTypeDef HAL_I2CEx_ConfigAnalogFilter(I2C_HandleTypeDef *hi2c, uint32_t AnalogFilter)
 102:Drivers/STM32U5xx_HAL_Driver/Src/stm32u5xx_hal_i2c_ex.c **** {
  31              		.loc 1 102 1 view -0
  32              		.cfi_startproc
  33              		@ args = 0, pretend = 0, frame = 0
  34              		@ frame_needed = 0, uses_anonymous_args = 0
  35              		@ link register save eliminated.
  36              		.loc 1 102 1 is_stmt 0 view .LVU1
  37 0000 0346     		mov	r3, r0
 103:Drivers/STM32U5xx_HAL_Driver/Src/stm32u5xx_hal_i2c_ex.c ****   /* Check the parameters */
 104:Drivers/STM32U5xx_HAL_Driver/Src/stm32u5xx_hal_i2c_ex.c ****   assert_param(IS_I2C_ALL_INSTANCE(hi2c->Instance));
  38              		.loc 1 104 3 is_stmt 1 view .LVU2
 105:Drivers/STM32U5xx_HAL_Driver/Src/stm32u5xx_hal_i2c_ex.c ****   assert_param(IS_I2C_ANALOG_FILTER(AnalogFilter));
  39              		.loc 1 105 3 view .LVU3
 106:Drivers/STM32U5xx_HAL_Driver/Src/stm32u5xx_hal_i2c_ex.c **** 
 107:Drivers/STM32U5xx_HAL_Driver/Src/stm32u5xx_hal_i2c_ex.c ****   if (hi2c->State == HAL_I2C_STATE_READY)
  40              		.loc 1 107 3 view .LVU4
  41              		.loc 1 107 11 is_stmt 0 view .LVU5
  42 0002 90F84120 		ldrb	r2, [r0, #65]	@ zero_extendqisi2
  43 0006 D2B2     		uxtb	r2, r2
  44              		.loc 1 107 6 view .LVU6
  45 0008 202A     		cmp	r2, #32
  46 000a 23D1     		bne	.L3
 108:Drivers/STM32U5xx_HAL_Driver/Src/stm32u5xx_hal_i2c_ex.c ****   {
 109:Drivers/STM32U5xx_HAL_Driver/Src/stm32u5xx_hal_i2c_ex.c ****     /* Process Locked */
 110:Drivers/STM32U5xx_HAL_Driver/Src/stm32u5xx_hal_i2c_ex.c ****     __HAL_LOCK(hi2c);
  47              		.loc 1 110 5 is_stmt 1 view .LVU7
  48              		.loc 1 110 5 view .LVU8
  49 000c 90F84020 		ldrb	r2, [r0, #64]	@ zero_extendqisi2
  50 0010 012A     		cmp	r2, #1
  51 0012 21D0     		beq	.L4
  52              		.loc 1 110 5 discriminator 2 view .LVU9
  53 0014 0122     		movs	r2, #1
  54 0016 80F84020 		strb	r2, [r0, #64]
  55              		.loc 1 110 5 discriminator 2 view .LVU10
 111:Drivers/STM32U5xx_HAL_Driver/Src/stm32u5xx_hal_i2c_ex.c **** 
 112:Drivers/STM32U5xx_HAL_Driver/Src/stm32u5xx_hal_i2c_ex.c ****     hi2c->State = HAL_I2C_STATE_BUSY;
  56              		.loc 1 112 5 view .LVU11
  57              		.loc 1 112 17 is_stmt 0 view .LVU12
  58 001a 2422     		movs	r2, #36
  59 001c 80F84120 		strb	r2, [r0, #65]
 113:Drivers/STM32U5xx_HAL_Driver/Src/stm32u5xx_hal_i2c_ex.c **** 
ARM GAS  C:\usertemp\ccnW4ANK.s 			page 4


 114:Drivers/STM32U5xx_HAL_Driver/Src/stm32u5xx_hal_i2c_ex.c ****     /* Disable the selected I2C peripheral */
 115:Drivers/STM32U5xx_HAL_Driver/Src/stm32u5xx_hal_i2c_ex.c ****     __HAL_I2C_DISABLE(hi2c);
  60              		.loc 1 115 5 is_stmt 1 view .LVU13
  61 0020 0068     		ldr	r0, [r0]
  62              	.LVL1:
  63              		.loc 1 115 5 is_stmt 0 view .LVU14
  64 0022 0268     		ldr	r2, [r0]
  65 0024 22F00102 		bic	r2, r2, #1
  66 0028 0260     		str	r2, [r0]
 116:Drivers/STM32U5xx_HAL_Driver/Src/stm32u5xx_hal_i2c_ex.c **** 
 117:Drivers/STM32U5xx_HAL_Driver/Src/stm32u5xx_hal_i2c_ex.c ****     /* Reset I2Cx ANOFF bit */
 118:Drivers/STM32U5xx_HAL_Driver/Src/stm32u5xx_hal_i2c_ex.c ****     hi2c->Instance->CR1 &= ~(I2C_CR1_ANFOFF);
  67              		.loc 1 118 5 is_stmt 1 view .LVU15
  68              		.loc 1 118 9 is_stmt 0 view .LVU16
  69 002a 1868     		ldr	r0, [r3]
  70              		.loc 1 118 19 view .LVU17
  71 002c 0268     		ldr	r2, [r0]
  72              		.loc 1 118 25 view .LVU18
  73 002e 22F48052 		bic	r2, r2, #4096
  74 0032 0260     		str	r2, [r0]
 119:Drivers/STM32U5xx_HAL_Driver/Src/stm32u5xx_hal_i2c_ex.c **** 
 120:Drivers/STM32U5xx_HAL_Driver/Src/stm32u5xx_hal_i2c_ex.c ****     /* Set analog filter bit*/
 121:Drivers/STM32U5xx_HAL_Driver/Src/stm32u5xx_hal_i2c_ex.c ****     hi2c->Instance->CR1 |= AnalogFilter;
  75              		.loc 1 121 5 is_stmt 1 view .LVU19
  76              		.loc 1 121 9 is_stmt 0 view .LVU20
  77 0034 1868     		ldr	r0, [r3]
  78              		.loc 1 121 19 view .LVU21
  79 0036 0268     		ldr	r2, [r0]
  80              		.loc 1 121 25 view .LVU22
  81 0038 1143     		orrs	r1, r1, r2
  82              	.LVL2:
  83              		.loc 1 121 25 view .LVU23
  84 003a 0160     		str	r1, [r0]
 122:Drivers/STM32U5xx_HAL_Driver/Src/stm32u5xx_hal_i2c_ex.c **** 
 123:Drivers/STM32U5xx_HAL_Driver/Src/stm32u5xx_hal_i2c_ex.c ****     __HAL_I2C_ENABLE(hi2c);
  85              		.loc 1 123 5 is_stmt 1 view .LVU24
  86 003c 1968     		ldr	r1, [r3]
  87 003e 0A68     		ldr	r2, [r1]
  88 0040 42F00102 		orr	r2, r2, #1
  89 0044 0A60     		str	r2, [r1]
 124:Drivers/STM32U5xx_HAL_Driver/Src/stm32u5xx_hal_i2c_ex.c **** 
 125:Drivers/STM32U5xx_HAL_Driver/Src/stm32u5xx_hal_i2c_ex.c ****     hi2c->State = HAL_I2C_STATE_READY;
  90              		.loc 1 125 5 view .LVU25
  91              		.loc 1 125 17 is_stmt 0 view .LVU26
  92 0046 2022     		movs	r2, #32
  93 0048 83F84120 		strb	r2, [r3, #65]
 126:Drivers/STM32U5xx_HAL_Driver/Src/stm32u5xx_hal_i2c_ex.c **** 
 127:Drivers/STM32U5xx_HAL_Driver/Src/stm32u5xx_hal_i2c_ex.c ****     /* Process Unlocked */
 128:Drivers/STM32U5xx_HAL_Driver/Src/stm32u5xx_hal_i2c_ex.c ****     __HAL_UNLOCK(hi2c);
  94              		.loc 1 128 5 is_stmt 1 view .LVU27
  95              		.loc 1 128 5 view .LVU28
  96 004c 0020     		movs	r0, #0
  97 004e 83F84000 		strb	r0, [r3, #64]
  98              		.loc 1 128 5 view .LVU29
 129:Drivers/STM32U5xx_HAL_Driver/Src/stm32u5xx_hal_i2c_ex.c **** 
 130:Drivers/STM32U5xx_HAL_Driver/Src/stm32u5xx_hal_i2c_ex.c ****     return HAL_OK;
  99              		.loc 1 130 5 view .LVU30
ARM GAS  C:\usertemp\ccnW4ANK.s 			page 5


 100              		.loc 1 130 12 is_stmt 0 view .LVU31
 101 0052 7047     		bx	lr
 102              	.LVL3:
 103              	.L3:
 131:Drivers/STM32U5xx_HAL_Driver/Src/stm32u5xx_hal_i2c_ex.c ****   }
 132:Drivers/STM32U5xx_HAL_Driver/Src/stm32u5xx_hal_i2c_ex.c ****   else
 133:Drivers/STM32U5xx_HAL_Driver/Src/stm32u5xx_hal_i2c_ex.c ****   {
 134:Drivers/STM32U5xx_HAL_Driver/Src/stm32u5xx_hal_i2c_ex.c ****     return HAL_BUSY;
 104              		.loc 1 134 12 view .LVU32
 105 0054 0220     		movs	r0, #2
 106              	.LVL4:
 107              		.loc 1 134 12 view .LVU33
 108 0056 7047     		bx	lr
 109              	.LVL5:
 110              	.L4:
 110:Drivers/STM32U5xx_HAL_Driver/Src/stm32u5xx_hal_i2c_ex.c **** 
 111              		.loc 1 110 5 discriminator 1 view .LVU34
 112 0058 0220     		movs	r0, #2
 113              	.LVL6:
 135:Drivers/STM32U5xx_HAL_Driver/Src/stm32u5xx_hal_i2c_ex.c ****   }
 136:Drivers/STM32U5xx_HAL_Driver/Src/stm32u5xx_hal_i2c_ex.c **** }
 114              		.loc 1 136 1 view .LVU35
 115 005a 7047     		bx	lr
 116              		.cfi_endproc
 117              	.LFE157:
 119              		.section	.text.HAL_I2CEx_ConfigDigitalFilter,"ax",%progbits
 120              		.align	1
 121              		.global	HAL_I2CEx_ConfigDigitalFilter
 122              		.syntax unified
 123              		.thumb
 124              		.thumb_func
 126              	HAL_I2CEx_ConfigDigitalFilter:
 127              	.LVL7:
 128              	.LFB158:
 137:Drivers/STM32U5xx_HAL_Driver/Src/stm32u5xx_hal_i2c_ex.c **** 
 138:Drivers/STM32U5xx_HAL_Driver/Src/stm32u5xx_hal_i2c_ex.c **** /**
 139:Drivers/STM32U5xx_HAL_Driver/Src/stm32u5xx_hal_i2c_ex.c ****   * @brief  Configure I2C Digital noise filter.
 140:Drivers/STM32U5xx_HAL_Driver/Src/stm32u5xx_hal_i2c_ex.c ****   * @param  hi2c Pointer to a I2C_HandleTypeDef structure that contains
 141:Drivers/STM32U5xx_HAL_Driver/Src/stm32u5xx_hal_i2c_ex.c ****   *                the configuration information for the specified I2Cx peripheral.
 142:Drivers/STM32U5xx_HAL_Driver/Src/stm32u5xx_hal_i2c_ex.c ****   * @param  DigitalFilter Coefficient of digital noise filter between Min_Data=0x00 and Max_Data=0x
 143:Drivers/STM32U5xx_HAL_Driver/Src/stm32u5xx_hal_i2c_ex.c ****   * @retval HAL status
 144:Drivers/STM32U5xx_HAL_Driver/Src/stm32u5xx_hal_i2c_ex.c ****   */
 145:Drivers/STM32U5xx_HAL_Driver/Src/stm32u5xx_hal_i2c_ex.c **** HAL_StatusTypeDef HAL_I2CEx_ConfigDigitalFilter(I2C_HandleTypeDef *hi2c, uint32_t DigitalFilter)
 146:Drivers/STM32U5xx_HAL_Driver/Src/stm32u5xx_hal_i2c_ex.c **** {
 129              		.loc 1 146 1 is_stmt 1 view -0
 130              		.cfi_startproc
 131              		@ args = 0, pretend = 0, frame = 0
 132              		@ frame_needed = 0, uses_anonymous_args = 0
 133              		@ link register save eliminated.
 134              		.loc 1 146 1 is_stmt 0 view .LVU37
 135 0000 0346     		mov	r3, r0
 147:Drivers/STM32U5xx_HAL_Driver/Src/stm32u5xx_hal_i2c_ex.c ****   uint32_t tmpreg;
 136              		.loc 1 147 3 is_stmt 1 view .LVU38
 148:Drivers/STM32U5xx_HAL_Driver/Src/stm32u5xx_hal_i2c_ex.c **** 
 149:Drivers/STM32U5xx_HAL_Driver/Src/stm32u5xx_hal_i2c_ex.c ****   /* Check the parameters */
 150:Drivers/STM32U5xx_HAL_Driver/Src/stm32u5xx_hal_i2c_ex.c ****   assert_param(IS_I2C_ALL_INSTANCE(hi2c->Instance));
 137              		.loc 1 150 3 view .LVU39
ARM GAS  C:\usertemp\ccnW4ANK.s 			page 6


 151:Drivers/STM32U5xx_HAL_Driver/Src/stm32u5xx_hal_i2c_ex.c ****   assert_param(IS_I2C_DIGITAL_FILTER(DigitalFilter));
 138              		.loc 1 151 3 view .LVU40
 152:Drivers/STM32U5xx_HAL_Driver/Src/stm32u5xx_hal_i2c_ex.c **** 
 153:Drivers/STM32U5xx_HAL_Driver/Src/stm32u5xx_hal_i2c_ex.c ****   if (hi2c->State == HAL_I2C_STATE_READY)
 139              		.loc 1 153 3 view .LVU41
 140              		.loc 1 153 11 is_stmt 0 view .LVU42
 141 0002 90F84120 		ldrb	r2, [r0, #65]	@ zero_extendqisi2
 142 0006 D2B2     		uxtb	r2, r2
 143              		.loc 1 153 6 view .LVU43
 144 0008 202A     		cmp	r2, #32
 145 000a 21D1     		bne	.L7
 154:Drivers/STM32U5xx_HAL_Driver/Src/stm32u5xx_hal_i2c_ex.c ****   {
 155:Drivers/STM32U5xx_HAL_Driver/Src/stm32u5xx_hal_i2c_ex.c ****     /* Process Locked */
 156:Drivers/STM32U5xx_HAL_Driver/Src/stm32u5xx_hal_i2c_ex.c ****     __HAL_LOCK(hi2c);
 146              		.loc 1 156 5 is_stmt 1 view .LVU44
 147              		.loc 1 156 5 view .LVU45
 148 000c 90F84020 		ldrb	r2, [r0, #64]	@ zero_extendqisi2
 149 0010 012A     		cmp	r2, #1
 150 0012 1FD0     		beq	.L8
 151              		.loc 1 156 5 discriminator 2 view .LVU46
 152 0014 0122     		movs	r2, #1
 153 0016 80F84020 		strb	r2, [r0, #64]
 154              		.loc 1 156 5 discriminator 2 view .LVU47
 157:Drivers/STM32U5xx_HAL_Driver/Src/stm32u5xx_hal_i2c_ex.c **** 
 158:Drivers/STM32U5xx_HAL_Driver/Src/stm32u5xx_hal_i2c_ex.c ****     hi2c->State = HAL_I2C_STATE_BUSY;
 155              		.loc 1 158 5 view .LVU48
 156              		.loc 1 158 17 is_stmt 0 view .LVU49
 157 001a 2422     		movs	r2, #36
 158 001c 80F84120 		strb	r2, [r0, #65]
 159:Drivers/STM32U5xx_HAL_Driver/Src/stm32u5xx_hal_i2c_ex.c **** 
 160:Drivers/STM32U5xx_HAL_Driver/Src/stm32u5xx_hal_i2c_ex.c ****     /* Disable the selected I2C peripheral */
 161:Drivers/STM32U5xx_HAL_Driver/Src/stm32u5xx_hal_i2c_ex.c ****     __HAL_I2C_DISABLE(hi2c);
 159              		.loc 1 161 5 is_stmt 1 view .LVU50
 160 0020 0068     		ldr	r0, [r0]
 161              	.LVL8:
 162              		.loc 1 161 5 is_stmt 0 view .LVU51
 163 0022 0268     		ldr	r2, [r0]
 164 0024 22F00102 		bic	r2, r2, #1
 165 0028 0260     		str	r2, [r0]
 162:Drivers/STM32U5xx_HAL_Driver/Src/stm32u5xx_hal_i2c_ex.c **** 
 163:Drivers/STM32U5xx_HAL_Driver/Src/stm32u5xx_hal_i2c_ex.c ****     /* Get the old register value */
 164:Drivers/STM32U5xx_HAL_Driver/Src/stm32u5xx_hal_i2c_ex.c ****     tmpreg = hi2c->Instance->CR1;
 166              		.loc 1 164 5 is_stmt 1 view .LVU52
 167              		.loc 1 164 18 is_stmt 0 view .LVU53
 168 002a 1868     		ldr	r0, [r3]
 169              		.loc 1 164 12 view .LVU54
 170 002c 0268     		ldr	r2, [r0]
 171              	.LVL9:
 165:Drivers/STM32U5xx_HAL_Driver/Src/stm32u5xx_hal_i2c_ex.c **** 
 166:Drivers/STM32U5xx_HAL_Driver/Src/stm32u5xx_hal_i2c_ex.c ****     /* Reset I2Cx DNF bits [11:8] */
 167:Drivers/STM32U5xx_HAL_Driver/Src/stm32u5xx_hal_i2c_ex.c ****     tmpreg &= ~(I2C_CR1_DNF);
 172              		.loc 1 167 5 is_stmt 1 view .LVU55
 173              		.loc 1 167 12 is_stmt 0 view .LVU56
 174 002e 22F47062 		bic	r2, r2, #3840
 175              	.LVL10:
 168:Drivers/STM32U5xx_HAL_Driver/Src/stm32u5xx_hal_i2c_ex.c **** 
 169:Drivers/STM32U5xx_HAL_Driver/Src/stm32u5xx_hal_i2c_ex.c ****     /* Set I2Cx DNF coefficient */
ARM GAS  C:\usertemp\ccnW4ANK.s 			page 7


 170:Drivers/STM32U5xx_HAL_Driver/Src/stm32u5xx_hal_i2c_ex.c ****     tmpreg |= DigitalFilter << 8U;
 176              		.loc 1 170 5 is_stmt 1 view .LVU57
 177              		.loc 1 170 12 is_stmt 0 view .LVU58
 178 0032 42EA0122 		orr	r2, r2, r1, lsl #8
 179              	.LVL11:
 171:Drivers/STM32U5xx_HAL_Driver/Src/stm32u5xx_hal_i2c_ex.c **** 
 172:Drivers/STM32U5xx_HAL_Driver/Src/stm32u5xx_hal_i2c_ex.c ****     /* Store the new register value */
 173:Drivers/STM32U5xx_HAL_Driver/Src/stm32u5xx_hal_i2c_ex.c ****     hi2c->Instance->CR1 = tmpreg;
 180              		.loc 1 173 5 is_stmt 1 view .LVU59
 181              		.loc 1 173 25 is_stmt 0 view .LVU60
 182 0036 0260     		str	r2, [r0]
 174:Drivers/STM32U5xx_HAL_Driver/Src/stm32u5xx_hal_i2c_ex.c **** 
 175:Drivers/STM32U5xx_HAL_Driver/Src/stm32u5xx_hal_i2c_ex.c ****     __HAL_I2C_ENABLE(hi2c);
 183              		.loc 1 175 5 is_stmt 1 view .LVU61
 184 0038 1968     		ldr	r1, [r3]
 185              	.LVL12:
 186              		.loc 1 175 5 is_stmt 0 view .LVU62
 187 003a 0A68     		ldr	r2, [r1]
 188              	.LVL13:
 189              		.loc 1 175 5 view .LVU63
 190 003c 42F00102 		orr	r2, r2, #1
 191 0040 0A60     		str	r2, [r1]
 192              	.LVL14:
 176:Drivers/STM32U5xx_HAL_Driver/Src/stm32u5xx_hal_i2c_ex.c **** 
 177:Drivers/STM32U5xx_HAL_Driver/Src/stm32u5xx_hal_i2c_ex.c ****     hi2c->State = HAL_I2C_STATE_READY;
 193              		.loc 1 177 5 is_stmt 1 view .LVU64
 194              		.loc 1 177 17 is_stmt 0 view .LVU65
 195 0042 2022     		movs	r2, #32
 196 0044 83F84120 		strb	r2, [r3, #65]
 178:Drivers/STM32U5xx_HAL_Driver/Src/stm32u5xx_hal_i2c_ex.c **** 
 179:Drivers/STM32U5xx_HAL_Driver/Src/stm32u5xx_hal_i2c_ex.c ****     /* Process Unlocked */
 180:Drivers/STM32U5xx_HAL_Driver/Src/stm32u5xx_hal_i2c_ex.c ****     __HAL_UNLOCK(hi2c);
 197              		.loc 1 180 5 is_stmt 1 view .LVU66
 198              		.loc 1 180 5 view .LVU67
 199 0048 0020     		movs	r0, #0
 200 004a 83F84000 		strb	r0, [r3, #64]
 201              		.loc 1 180 5 view .LVU68
 181:Drivers/STM32U5xx_HAL_Driver/Src/stm32u5xx_hal_i2c_ex.c **** 
 182:Drivers/STM32U5xx_HAL_Driver/Src/stm32u5xx_hal_i2c_ex.c ****     return HAL_OK;
 202              		.loc 1 182 5 view .LVU69
 203              		.loc 1 182 12 is_stmt 0 view .LVU70
 204 004e 7047     		bx	lr
 205              	.LVL15:
 206              	.L7:
 183:Drivers/STM32U5xx_HAL_Driver/Src/stm32u5xx_hal_i2c_ex.c ****   }
 184:Drivers/STM32U5xx_HAL_Driver/Src/stm32u5xx_hal_i2c_ex.c ****   else
 185:Drivers/STM32U5xx_HAL_Driver/Src/stm32u5xx_hal_i2c_ex.c ****   {
 186:Drivers/STM32U5xx_HAL_Driver/Src/stm32u5xx_hal_i2c_ex.c ****     return HAL_BUSY;
 207              		.loc 1 186 12 view .LVU71
 208 0050 0220     		movs	r0, #2
 209              	.LVL16:
 210              		.loc 1 186 12 view .LVU72
 211 0052 7047     		bx	lr
 212              	.LVL17:
 213              	.L8:
 156:Drivers/STM32U5xx_HAL_Driver/Src/stm32u5xx_hal_i2c_ex.c **** 
 214              		.loc 1 156 5 discriminator 1 view .LVU73
ARM GAS  C:\usertemp\ccnW4ANK.s 			page 8


 215 0054 0220     		movs	r0, #2
 216              	.LVL18:
 187:Drivers/STM32U5xx_HAL_Driver/Src/stm32u5xx_hal_i2c_ex.c ****   }
 188:Drivers/STM32U5xx_HAL_Driver/Src/stm32u5xx_hal_i2c_ex.c **** }
 217              		.loc 1 188 1 view .LVU74
 218 0056 7047     		bx	lr
 219              		.cfi_endproc
 220              	.LFE158:
 222              		.section	.text.HAL_I2CEx_EnableWakeUp,"ax",%progbits
 223              		.align	1
 224              		.global	HAL_I2CEx_EnableWakeUp
 225              		.syntax unified
 226              		.thumb
 227              		.thumb_func
 229              	HAL_I2CEx_EnableWakeUp:
 230              	.LVL19:
 231              	.LFB159:
 189:Drivers/STM32U5xx_HAL_Driver/Src/stm32u5xx_hal_i2c_ex.c **** /**
 190:Drivers/STM32U5xx_HAL_Driver/Src/stm32u5xx_hal_i2c_ex.c ****   * @}
 191:Drivers/STM32U5xx_HAL_Driver/Src/stm32u5xx_hal_i2c_ex.c ****   */
 192:Drivers/STM32U5xx_HAL_Driver/Src/stm32u5xx_hal_i2c_ex.c **** 
 193:Drivers/STM32U5xx_HAL_Driver/Src/stm32u5xx_hal_i2c_ex.c **** /** @defgroup I2CEx_Exported_Functions_Group2 WakeUp Mode Functions
 194:Drivers/STM32U5xx_HAL_Driver/Src/stm32u5xx_hal_i2c_ex.c ****   * @brief    WakeUp Mode Functions
 195:Drivers/STM32U5xx_HAL_Driver/Src/stm32u5xx_hal_i2c_ex.c ****   *
 196:Drivers/STM32U5xx_HAL_Driver/Src/stm32u5xx_hal_i2c_ex.c **** @verbatim
 197:Drivers/STM32U5xx_HAL_Driver/Src/stm32u5xx_hal_i2c_ex.c ****  ===============================================================================
 198:Drivers/STM32U5xx_HAL_Driver/Src/stm32u5xx_hal_i2c_ex.c ****                       ##### WakeUp Mode Functions #####
 199:Drivers/STM32U5xx_HAL_Driver/Src/stm32u5xx_hal_i2c_ex.c ****  ===============================================================================
 200:Drivers/STM32U5xx_HAL_Driver/Src/stm32u5xx_hal_i2c_ex.c ****     [..] This section provides functions allowing to:
 201:Drivers/STM32U5xx_HAL_Driver/Src/stm32u5xx_hal_i2c_ex.c ****       (+) Configure Wake Up Feature
 202:Drivers/STM32U5xx_HAL_Driver/Src/stm32u5xx_hal_i2c_ex.c **** 
 203:Drivers/STM32U5xx_HAL_Driver/Src/stm32u5xx_hal_i2c_ex.c **** @endverbatim
 204:Drivers/STM32U5xx_HAL_Driver/Src/stm32u5xx_hal_i2c_ex.c ****   * @{
 205:Drivers/STM32U5xx_HAL_Driver/Src/stm32u5xx_hal_i2c_ex.c ****   */
 206:Drivers/STM32U5xx_HAL_Driver/Src/stm32u5xx_hal_i2c_ex.c **** 
 207:Drivers/STM32U5xx_HAL_Driver/Src/stm32u5xx_hal_i2c_ex.c **** /**
 208:Drivers/STM32U5xx_HAL_Driver/Src/stm32u5xx_hal_i2c_ex.c ****   * @brief  Enable I2C wakeup from Stop mode(s).
 209:Drivers/STM32U5xx_HAL_Driver/Src/stm32u5xx_hal_i2c_ex.c ****   * @param  hi2c Pointer to a I2C_HandleTypeDef structure that contains
 210:Drivers/STM32U5xx_HAL_Driver/Src/stm32u5xx_hal_i2c_ex.c ****   *                the configuration information for the specified I2Cx peripheral.
 211:Drivers/STM32U5xx_HAL_Driver/Src/stm32u5xx_hal_i2c_ex.c ****   * @retval HAL status
 212:Drivers/STM32U5xx_HAL_Driver/Src/stm32u5xx_hal_i2c_ex.c ****   */
 213:Drivers/STM32U5xx_HAL_Driver/Src/stm32u5xx_hal_i2c_ex.c **** HAL_StatusTypeDef HAL_I2CEx_EnableWakeUp(I2C_HandleTypeDef *hi2c)
 214:Drivers/STM32U5xx_HAL_Driver/Src/stm32u5xx_hal_i2c_ex.c **** {
 232              		.loc 1 214 1 is_stmt 1 view -0
 233              		.cfi_startproc
 234              		@ args = 0, pretend = 0, frame = 0
 235              		@ frame_needed = 0, uses_anonymous_args = 0
 236              		@ link register save eliminated.
 237              		.loc 1 214 1 is_stmt 0 view .LVU76
 238 0000 0346     		mov	r3, r0
 215:Drivers/STM32U5xx_HAL_Driver/Src/stm32u5xx_hal_i2c_ex.c ****   /* Check the parameters */
 216:Drivers/STM32U5xx_HAL_Driver/Src/stm32u5xx_hal_i2c_ex.c ****   assert_param(IS_I2C_WAKEUP_FROMSTOP_INSTANCE(hi2c->Instance));
 239              		.loc 1 216 3 is_stmt 1 view .LVU77
 217:Drivers/STM32U5xx_HAL_Driver/Src/stm32u5xx_hal_i2c_ex.c **** 
 218:Drivers/STM32U5xx_HAL_Driver/Src/stm32u5xx_hal_i2c_ex.c ****   if (hi2c->State == HAL_I2C_STATE_READY)
 240              		.loc 1 218 3 view .LVU78
 241              		.loc 1 218 11 is_stmt 0 view .LVU79
ARM GAS  C:\usertemp\ccnW4ANK.s 			page 9


 242 0002 90F84120 		ldrb	r2, [r0, #65]	@ zero_extendqisi2
 243 0006 D2B2     		uxtb	r2, r2
 244              		.loc 1 218 6 view .LVU80
 245 0008 202A     		cmp	r2, #32
 246 000a 1FD1     		bne	.L11
 219:Drivers/STM32U5xx_HAL_Driver/Src/stm32u5xx_hal_i2c_ex.c ****   {
 220:Drivers/STM32U5xx_HAL_Driver/Src/stm32u5xx_hal_i2c_ex.c ****     /* Process Locked */
 221:Drivers/STM32U5xx_HAL_Driver/Src/stm32u5xx_hal_i2c_ex.c ****     __HAL_LOCK(hi2c);
 247              		.loc 1 221 5 is_stmt 1 view .LVU81
 248              		.loc 1 221 5 view .LVU82
 249 000c 90F84020 		ldrb	r2, [r0, #64]	@ zero_extendqisi2
 250 0010 012A     		cmp	r2, #1
 251 0012 1DD0     		beq	.L12
 252              		.loc 1 221 5 discriminator 2 view .LVU83
 253 0014 0122     		movs	r2, #1
 254 0016 80F84020 		strb	r2, [r0, #64]
 255              		.loc 1 221 5 discriminator 2 view .LVU84
 222:Drivers/STM32U5xx_HAL_Driver/Src/stm32u5xx_hal_i2c_ex.c **** 
 223:Drivers/STM32U5xx_HAL_Driver/Src/stm32u5xx_hal_i2c_ex.c ****     hi2c->State = HAL_I2C_STATE_BUSY;
 256              		.loc 1 223 5 view .LVU85
 257              		.loc 1 223 17 is_stmt 0 view .LVU86
 258 001a 2422     		movs	r2, #36
 259 001c 80F84120 		strb	r2, [r0, #65]
 224:Drivers/STM32U5xx_HAL_Driver/Src/stm32u5xx_hal_i2c_ex.c **** 
 225:Drivers/STM32U5xx_HAL_Driver/Src/stm32u5xx_hal_i2c_ex.c ****     /* Disable the selected I2C peripheral */
 226:Drivers/STM32U5xx_HAL_Driver/Src/stm32u5xx_hal_i2c_ex.c ****     __HAL_I2C_DISABLE(hi2c);
 260              		.loc 1 226 5 is_stmt 1 view .LVU87
 261 0020 0168     		ldr	r1, [r0]
 262 0022 0A68     		ldr	r2, [r1]
 263 0024 22F00102 		bic	r2, r2, #1
 264 0028 0A60     		str	r2, [r1]
 227:Drivers/STM32U5xx_HAL_Driver/Src/stm32u5xx_hal_i2c_ex.c **** 
 228:Drivers/STM32U5xx_HAL_Driver/Src/stm32u5xx_hal_i2c_ex.c ****     /* Enable wakeup from stop mode */
 229:Drivers/STM32U5xx_HAL_Driver/Src/stm32u5xx_hal_i2c_ex.c ****     hi2c->Instance->CR1 |= I2C_CR1_WUPEN;
 265              		.loc 1 229 5 view .LVU88
 266              		.loc 1 229 9 is_stmt 0 view .LVU89
 267 002a 0168     		ldr	r1, [r0]
 268              		.loc 1 229 19 view .LVU90
 269 002c 0A68     		ldr	r2, [r1]
 270              		.loc 1 229 25 view .LVU91
 271 002e 42F48022 		orr	r2, r2, #262144
 272 0032 0A60     		str	r2, [r1]
 230:Drivers/STM32U5xx_HAL_Driver/Src/stm32u5xx_hal_i2c_ex.c **** 
 231:Drivers/STM32U5xx_HAL_Driver/Src/stm32u5xx_hal_i2c_ex.c ****     __HAL_I2C_ENABLE(hi2c);
 273              		.loc 1 231 5 is_stmt 1 view .LVU92
 274 0034 0168     		ldr	r1, [r0]
 275 0036 0A68     		ldr	r2, [r1]
 276 0038 42F00102 		orr	r2, r2, #1
 277 003c 0A60     		str	r2, [r1]
 232:Drivers/STM32U5xx_HAL_Driver/Src/stm32u5xx_hal_i2c_ex.c **** 
 233:Drivers/STM32U5xx_HAL_Driver/Src/stm32u5xx_hal_i2c_ex.c ****     hi2c->State = HAL_I2C_STATE_READY;
 278              		.loc 1 233 5 view .LVU93
 279              		.loc 1 233 17 is_stmt 0 view .LVU94
 280 003e 2022     		movs	r2, #32
 281 0040 80F84120 		strb	r2, [r0, #65]
 234:Drivers/STM32U5xx_HAL_Driver/Src/stm32u5xx_hal_i2c_ex.c **** 
 235:Drivers/STM32U5xx_HAL_Driver/Src/stm32u5xx_hal_i2c_ex.c ****     /* Process Unlocked */
ARM GAS  C:\usertemp\ccnW4ANK.s 			page 10


 236:Drivers/STM32U5xx_HAL_Driver/Src/stm32u5xx_hal_i2c_ex.c ****     __HAL_UNLOCK(hi2c);
 282              		.loc 1 236 5 is_stmt 1 view .LVU95
 283              		.loc 1 236 5 view .LVU96
 284 0044 0020     		movs	r0, #0
 285              	.LVL20:
 286              		.loc 1 236 5 is_stmt 0 view .LVU97
 287 0046 83F84000 		strb	r0, [r3, #64]
 288              		.loc 1 236 5 is_stmt 1 view .LVU98
 237:Drivers/STM32U5xx_HAL_Driver/Src/stm32u5xx_hal_i2c_ex.c **** 
 238:Drivers/STM32U5xx_HAL_Driver/Src/stm32u5xx_hal_i2c_ex.c ****     return HAL_OK;
 289              		.loc 1 238 5 view .LVU99
 290              		.loc 1 238 12 is_stmt 0 view .LVU100
 291 004a 7047     		bx	lr
 292              	.LVL21:
 293              	.L11:
 239:Drivers/STM32U5xx_HAL_Driver/Src/stm32u5xx_hal_i2c_ex.c ****   }
 240:Drivers/STM32U5xx_HAL_Driver/Src/stm32u5xx_hal_i2c_ex.c ****   else
 241:Drivers/STM32U5xx_HAL_Driver/Src/stm32u5xx_hal_i2c_ex.c ****   {
 242:Drivers/STM32U5xx_HAL_Driver/Src/stm32u5xx_hal_i2c_ex.c ****     return HAL_BUSY;
 294              		.loc 1 242 12 view .LVU101
 295 004c 0220     		movs	r0, #2
 296              	.LVL22:
 297              		.loc 1 242 12 view .LVU102
 298 004e 7047     		bx	lr
 299              	.LVL23:
 300              	.L12:
 221:Drivers/STM32U5xx_HAL_Driver/Src/stm32u5xx_hal_i2c_ex.c **** 
 301              		.loc 1 221 5 discriminator 1 view .LVU103
 302 0050 0220     		movs	r0, #2
 303              	.LVL24:
 243:Drivers/STM32U5xx_HAL_Driver/Src/stm32u5xx_hal_i2c_ex.c ****   }
 244:Drivers/STM32U5xx_HAL_Driver/Src/stm32u5xx_hal_i2c_ex.c **** }
 304              		.loc 1 244 1 view .LVU104
 305 0052 7047     		bx	lr
 306              		.cfi_endproc
 307              	.LFE159:
 309              		.section	.text.HAL_I2CEx_DisableWakeUp,"ax",%progbits
 310              		.align	1
 311              		.global	HAL_I2CEx_DisableWakeUp
 312              		.syntax unified
 313              		.thumb
 314              		.thumb_func
 316              	HAL_I2CEx_DisableWakeUp:
 317              	.LVL25:
 318              	.LFB160:
 245:Drivers/STM32U5xx_HAL_Driver/Src/stm32u5xx_hal_i2c_ex.c **** 
 246:Drivers/STM32U5xx_HAL_Driver/Src/stm32u5xx_hal_i2c_ex.c **** /**
 247:Drivers/STM32U5xx_HAL_Driver/Src/stm32u5xx_hal_i2c_ex.c ****   * @brief  Disable I2C wakeup from Stop mode(s).
 248:Drivers/STM32U5xx_HAL_Driver/Src/stm32u5xx_hal_i2c_ex.c ****   * @param  hi2c Pointer to a I2C_HandleTypeDef structure that contains
 249:Drivers/STM32U5xx_HAL_Driver/Src/stm32u5xx_hal_i2c_ex.c ****   *                the configuration information for the specified I2Cx peripheral.
 250:Drivers/STM32U5xx_HAL_Driver/Src/stm32u5xx_hal_i2c_ex.c ****   * @retval HAL status
 251:Drivers/STM32U5xx_HAL_Driver/Src/stm32u5xx_hal_i2c_ex.c ****   */
 252:Drivers/STM32U5xx_HAL_Driver/Src/stm32u5xx_hal_i2c_ex.c **** HAL_StatusTypeDef HAL_I2CEx_DisableWakeUp(I2C_HandleTypeDef *hi2c)
 253:Drivers/STM32U5xx_HAL_Driver/Src/stm32u5xx_hal_i2c_ex.c **** {
 319              		.loc 1 253 1 is_stmt 1 view -0
 320              		.cfi_startproc
 321              		@ args = 0, pretend = 0, frame = 0
ARM GAS  C:\usertemp\ccnW4ANK.s 			page 11


 322              		@ frame_needed = 0, uses_anonymous_args = 0
 323              		@ link register save eliminated.
 324              		.loc 1 253 1 is_stmt 0 view .LVU106
 325 0000 0346     		mov	r3, r0
 254:Drivers/STM32U5xx_HAL_Driver/Src/stm32u5xx_hal_i2c_ex.c ****   /* Check the parameters */
 255:Drivers/STM32U5xx_HAL_Driver/Src/stm32u5xx_hal_i2c_ex.c ****   assert_param(IS_I2C_WAKEUP_FROMSTOP_INSTANCE(hi2c->Instance));
 326              		.loc 1 255 3 is_stmt 1 view .LVU107
 256:Drivers/STM32U5xx_HAL_Driver/Src/stm32u5xx_hal_i2c_ex.c **** 
 257:Drivers/STM32U5xx_HAL_Driver/Src/stm32u5xx_hal_i2c_ex.c ****   if (hi2c->State == HAL_I2C_STATE_READY)
 327              		.loc 1 257 3 view .LVU108
 328              		.loc 1 257 11 is_stmt 0 view .LVU109
 329 0002 90F84120 		ldrb	r2, [r0, #65]	@ zero_extendqisi2
 330 0006 D2B2     		uxtb	r2, r2
 331              		.loc 1 257 6 view .LVU110
 332 0008 202A     		cmp	r2, #32
 333 000a 1FD1     		bne	.L15
 258:Drivers/STM32U5xx_HAL_Driver/Src/stm32u5xx_hal_i2c_ex.c ****   {
 259:Drivers/STM32U5xx_HAL_Driver/Src/stm32u5xx_hal_i2c_ex.c ****     /* Process Locked */
 260:Drivers/STM32U5xx_HAL_Driver/Src/stm32u5xx_hal_i2c_ex.c ****     __HAL_LOCK(hi2c);
 334              		.loc 1 260 5 is_stmt 1 view .LVU111
 335              		.loc 1 260 5 view .LVU112
 336 000c 90F84020 		ldrb	r2, [r0, #64]	@ zero_extendqisi2
 337 0010 012A     		cmp	r2, #1
 338 0012 1DD0     		beq	.L16
 339              		.loc 1 260 5 discriminator 2 view .LVU113
 340 0014 0122     		movs	r2, #1
 341 0016 80F84020 		strb	r2, [r0, #64]
 342              		.loc 1 260 5 discriminator 2 view .LVU114
 261:Drivers/STM32U5xx_HAL_Driver/Src/stm32u5xx_hal_i2c_ex.c **** 
 262:Drivers/STM32U5xx_HAL_Driver/Src/stm32u5xx_hal_i2c_ex.c ****     hi2c->State = HAL_I2C_STATE_BUSY;
 343              		.loc 1 262 5 view .LVU115
 344              		.loc 1 262 17 is_stmt 0 view .LVU116
 345 001a 2422     		movs	r2, #36
 346 001c 80F84120 		strb	r2, [r0, #65]
 263:Drivers/STM32U5xx_HAL_Driver/Src/stm32u5xx_hal_i2c_ex.c **** 
 264:Drivers/STM32U5xx_HAL_Driver/Src/stm32u5xx_hal_i2c_ex.c ****     /* Disable the selected I2C peripheral */
 265:Drivers/STM32U5xx_HAL_Driver/Src/stm32u5xx_hal_i2c_ex.c ****     __HAL_I2C_DISABLE(hi2c);
 347              		.loc 1 265 5 is_stmt 1 view .LVU117
 348 0020 0168     		ldr	r1, [r0]
 349 0022 0A68     		ldr	r2, [r1]
 350 0024 22F00102 		bic	r2, r2, #1
 351 0028 0A60     		str	r2, [r1]
 266:Drivers/STM32U5xx_HAL_Driver/Src/stm32u5xx_hal_i2c_ex.c **** 
 267:Drivers/STM32U5xx_HAL_Driver/Src/stm32u5xx_hal_i2c_ex.c ****     /* Enable wakeup from stop mode */
 268:Drivers/STM32U5xx_HAL_Driver/Src/stm32u5xx_hal_i2c_ex.c ****     hi2c->Instance->CR1 &= ~(I2C_CR1_WUPEN);
 352              		.loc 1 268 5 view .LVU118
 353              		.loc 1 268 9 is_stmt 0 view .LVU119
 354 002a 0168     		ldr	r1, [r0]
 355              		.loc 1 268 19 view .LVU120
 356 002c 0A68     		ldr	r2, [r1]
 357              		.loc 1 268 25 view .LVU121
 358 002e 22F48022 		bic	r2, r2, #262144
 359 0032 0A60     		str	r2, [r1]
 269:Drivers/STM32U5xx_HAL_Driver/Src/stm32u5xx_hal_i2c_ex.c **** 
 270:Drivers/STM32U5xx_HAL_Driver/Src/stm32u5xx_hal_i2c_ex.c ****     __HAL_I2C_ENABLE(hi2c);
 360              		.loc 1 270 5 is_stmt 1 view .LVU122
 361 0034 0168     		ldr	r1, [r0]
ARM GAS  C:\usertemp\ccnW4ANK.s 			page 12


 362 0036 0A68     		ldr	r2, [r1]
 363 0038 42F00102 		orr	r2, r2, #1
 364 003c 0A60     		str	r2, [r1]
 271:Drivers/STM32U5xx_HAL_Driver/Src/stm32u5xx_hal_i2c_ex.c **** 
 272:Drivers/STM32U5xx_HAL_Driver/Src/stm32u5xx_hal_i2c_ex.c ****     hi2c->State = HAL_I2C_STATE_READY;
 365              		.loc 1 272 5 view .LVU123
 366              		.loc 1 272 17 is_stmt 0 view .LVU124
 367 003e 2022     		movs	r2, #32
 368 0040 80F84120 		strb	r2, [r0, #65]
 273:Drivers/STM32U5xx_HAL_Driver/Src/stm32u5xx_hal_i2c_ex.c **** 
 274:Drivers/STM32U5xx_HAL_Driver/Src/stm32u5xx_hal_i2c_ex.c ****     /* Process Unlocked */
 275:Drivers/STM32U5xx_HAL_Driver/Src/stm32u5xx_hal_i2c_ex.c ****     __HAL_UNLOCK(hi2c);
 369              		.loc 1 275 5 is_stmt 1 view .LVU125
 370              		.loc 1 275 5 view .LVU126
 371 0044 0020     		movs	r0, #0
 372              	.LVL26:
 373              		.loc 1 275 5 is_stmt 0 view .LVU127
 374 0046 83F84000 		strb	r0, [r3, #64]
 375              		.loc 1 275 5 is_stmt 1 view .LVU128
 276:Drivers/STM32U5xx_HAL_Driver/Src/stm32u5xx_hal_i2c_ex.c **** 
 277:Drivers/STM32U5xx_HAL_Driver/Src/stm32u5xx_hal_i2c_ex.c ****     return HAL_OK;
 376              		.loc 1 277 5 view .LVU129
 377              		.loc 1 277 12 is_stmt 0 view .LVU130
 378 004a 7047     		bx	lr
 379              	.LVL27:
 380              	.L15:
 278:Drivers/STM32U5xx_HAL_Driver/Src/stm32u5xx_hal_i2c_ex.c ****   }
 279:Drivers/STM32U5xx_HAL_Driver/Src/stm32u5xx_hal_i2c_ex.c ****   else
 280:Drivers/STM32U5xx_HAL_Driver/Src/stm32u5xx_hal_i2c_ex.c ****   {
 281:Drivers/STM32U5xx_HAL_Driver/Src/stm32u5xx_hal_i2c_ex.c ****     return HAL_BUSY;
 381              		.loc 1 281 12 view .LVU131
 382 004c 0220     		movs	r0, #2
 383              	.LVL28:
 384              		.loc 1 281 12 view .LVU132
 385 004e 7047     		bx	lr
 386              	.LVL29:
 387              	.L16:
 260:Drivers/STM32U5xx_HAL_Driver/Src/stm32u5xx_hal_i2c_ex.c **** 
 388              		.loc 1 260 5 discriminator 1 view .LVU133
 389 0050 0220     		movs	r0, #2
 390              	.LVL30:
 282:Drivers/STM32U5xx_HAL_Driver/Src/stm32u5xx_hal_i2c_ex.c ****   }
 283:Drivers/STM32U5xx_HAL_Driver/Src/stm32u5xx_hal_i2c_ex.c **** }
 391              		.loc 1 283 1 view .LVU134
 392 0052 7047     		bx	lr
 393              		.cfi_endproc
 394              	.LFE160:
 396              		.section	.text.HAL_I2CEx_ConfigFastModePlus,"ax",%progbits
 397              		.align	1
 398              		.global	HAL_I2CEx_ConfigFastModePlus
 399              		.syntax unified
 400              		.thumb
 401              		.thumb_func
 403              	HAL_I2CEx_ConfigFastModePlus:
 404              	.LVL31:
 405              	.LFB161:
 284:Drivers/STM32U5xx_HAL_Driver/Src/stm32u5xx_hal_i2c_ex.c **** /**
ARM GAS  C:\usertemp\ccnW4ANK.s 			page 13


 285:Drivers/STM32U5xx_HAL_Driver/Src/stm32u5xx_hal_i2c_ex.c ****   * @}
 286:Drivers/STM32U5xx_HAL_Driver/Src/stm32u5xx_hal_i2c_ex.c ****   */
 287:Drivers/STM32U5xx_HAL_Driver/Src/stm32u5xx_hal_i2c_ex.c **** 
 288:Drivers/STM32U5xx_HAL_Driver/Src/stm32u5xx_hal_i2c_ex.c **** /** @defgroup I2CEx_Exported_Functions_Group3 Fast Mode Plus Functions
 289:Drivers/STM32U5xx_HAL_Driver/Src/stm32u5xx_hal_i2c_ex.c ****   * @brief    Fast Mode Plus Functions
 290:Drivers/STM32U5xx_HAL_Driver/Src/stm32u5xx_hal_i2c_ex.c ****   *
 291:Drivers/STM32U5xx_HAL_Driver/Src/stm32u5xx_hal_i2c_ex.c **** @verbatim
 292:Drivers/STM32U5xx_HAL_Driver/Src/stm32u5xx_hal_i2c_ex.c ****  ===============================================================================
 293:Drivers/STM32U5xx_HAL_Driver/Src/stm32u5xx_hal_i2c_ex.c ****                       ##### Fast Mode Plus Functions #####
 294:Drivers/STM32U5xx_HAL_Driver/Src/stm32u5xx_hal_i2c_ex.c ****  ===============================================================================
 295:Drivers/STM32U5xx_HAL_Driver/Src/stm32u5xx_hal_i2c_ex.c ****     [..] This section provides functions allowing to:
 296:Drivers/STM32U5xx_HAL_Driver/Src/stm32u5xx_hal_i2c_ex.c ****       (+) Configure Fast Mode Plus
 297:Drivers/STM32U5xx_HAL_Driver/Src/stm32u5xx_hal_i2c_ex.c **** 
 298:Drivers/STM32U5xx_HAL_Driver/Src/stm32u5xx_hal_i2c_ex.c **** @endverbatim
 299:Drivers/STM32U5xx_HAL_Driver/Src/stm32u5xx_hal_i2c_ex.c ****   * @{
 300:Drivers/STM32U5xx_HAL_Driver/Src/stm32u5xx_hal_i2c_ex.c ****   */
 301:Drivers/STM32U5xx_HAL_Driver/Src/stm32u5xx_hal_i2c_ex.c **** 
 302:Drivers/STM32U5xx_HAL_Driver/Src/stm32u5xx_hal_i2c_ex.c **** /**
 303:Drivers/STM32U5xx_HAL_Driver/Src/stm32u5xx_hal_i2c_ex.c ****   * @brief  Configure I2C Fast Mode Plus.
 304:Drivers/STM32U5xx_HAL_Driver/Src/stm32u5xx_hal_i2c_ex.c ****   * @param  hi2c Pointer to a I2C_HandleTypeDef structure that contains
 305:Drivers/STM32U5xx_HAL_Driver/Src/stm32u5xx_hal_i2c_ex.c ****   *                the configuration information for the specified I2Cx peripheral.
 306:Drivers/STM32U5xx_HAL_Driver/Src/stm32u5xx_hal_i2c_ex.c ****   * @param  FastModePlus New state of the Fast Mode Plus.
 307:Drivers/STM32U5xx_HAL_Driver/Src/stm32u5xx_hal_i2c_ex.c ****   * @retval HAL status
 308:Drivers/STM32U5xx_HAL_Driver/Src/stm32u5xx_hal_i2c_ex.c ****   */
 309:Drivers/STM32U5xx_HAL_Driver/Src/stm32u5xx_hal_i2c_ex.c **** HAL_StatusTypeDef HAL_I2CEx_ConfigFastModePlus(I2C_HandleTypeDef *hi2c, uint32_t FastModePlus)
 310:Drivers/STM32U5xx_HAL_Driver/Src/stm32u5xx_hal_i2c_ex.c **** {
 406              		.loc 1 310 1 is_stmt 1 view -0
 407              		.cfi_startproc
 408              		@ args = 0, pretend = 0, frame = 0
 409              		@ frame_needed = 0, uses_anonymous_args = 0
 410              		@ link register save eliminated.
 411              		.loc 1 310 1 is_stmt 0 view .LVU136
 412 0000 0346     		mov	r3, r0
 311:Drivers/STM32U5xx_HAL_Driver/Src/stm32u5xx_hal_i2c_ex.c ****   /* Check the parameters */
 312:Drivers/STM32U5xx_HAL_Driver/Src/stm32u5xx_hal_i2c_ex.c ****   assert_param(IS_I2C_ALL_INSTANCE(hi2c->Instance));
 413              		.loc 1 312 3 is_stmt 1 view .LVU137
 313:Drivers/STM32U5xx_HAL_Driver/Src/stm32u5xx_hal_i2c_ex.c ****   assert_param(IS_I2C_FASTMODEPLUS(FastModePlus));
 414              		.loc 1 313 3 view .LVU138
 314:Drivers/STM32U5xx_HAL_Driver/Src/stm32u5xx_hal_i2c_ex.c **** 
 315:Drivers/STM32U5xx_HAL_Driver/Src/stm32u5xx_hal_i2c_ex.c ****   if (hi2c->State == HAL_I2C_STATE_READY)
 415              		.loc 1 315 3 view .LVU139
 416              		.loc 1 315 11 is_stmt 0 view .LVU140
 417 0002 90F84120 		ldrb	r2, [r0, #65]	@ zero_extendqisi2
 418 0006 D2B2     		uxtb	r2, r2
 419              		.loc 1 315 6 view .LVU141
 420 0008 202A     		cmp	r2, #32
 421 000a 26D1     		bne	.L21
 316:Drivers/STM32U5xx_HAL_Driver/Src/stm32u5xx_hal_i2c_ex.c ****   {
 317:Drivers/STM32U5xx_HAL_Driver/Src/stm32u5xx_hal_i2c_ex.c ****     /* Process Locked */
 318:Drivers/STM32U5xx_HAL_Driver/Src/stm32u5xx_hal_i2c_ex.c ****     __HAL_LOCK(hi2c);
 422              		.loc 1 318 5 is_stmt 1 view .LVU142
 423              		.loc 1 318 5 view .LVU143
 424 000c 90F84020 		ldrb	r2, [r0, #64]	@ zero_extendqisi2
 425 0010 012A     		cmp	r2, #1
 426 0012 24D0     		beq	.L22
 427              		.loc 1 318 5 discriminator 2 view .LVU144
 428 0014 0122     		movs	r2, #1
ARM GAS  C:\usertemp\ccnW4ANK.s 			page 14


 429 0016 80F84020 		strb	r2, [r0, #64]
 430              		.loc 1 318 5 discriminator 2 view .LVU145
 319:Drivers/STM32U5xx_HAL_Driver/Src/stm32u5xx_hal_i2c_ex.c **** 
 320:Drivers/STM32U5xx_HAL_Driver/Src/stm32u5xx_hal_i2c_ex.c ****     hi2c->State = HAL_I2C_STATE_BUSY;
 431              		.loc 1 320 5 view .LVU146
 432              		.loc 1 320 17 is_stmt 0 view .LVU147
 433 001a 2422     		movs	r2, #36
 434 001c 80F84120 		strb	r2, [r0, #65]
 321:Drivers/STM32U5xx_HAL_Driver/Src/stm32u5xx_hal_i2c_ex.c **** 
 322:Drivers/STM32U5xx_HAL_Driver/Src/stm32u5xx_hal_i2c_ex.c ****     /* Disable the selected I2C peripheral */
 323:Drivers/STM32U5xx_HAL_Driver/Src/stm32u5xx_hal_i2c_ex.c ****     __HAL_I2C_DISABLE(hi2c);
 435              		.loc 1 323 5 is_stmt 1 view .LVU148
 436 0020 0068     		ldr	r0, [r0]
 437              	.LVL32:
 438              		.loc 1 323 5 is_stmt 0 view .LVU149
 439 0022 0268     		ldr	r2, [r0]
 440 0024 22F00102 		bic	r2, r2, #1
 441 0028 0260     		str	r2, [r0]
 324:Drivers/STM32U5xx_HAL_Driver/Src/stm32u5xx_hal_i2c_ex.c **** 
 325:Drivers/STM32U5xx_HAL_Driver/Src/stm32u5xx_hal_i2c_ex.c ****     if (FastModePlus == I2C_FASTMODEPLUS_ENABLE)
 442              		.loc 1 325 5 is_stmt 1 view .LVU150
 443              		.loc 1 325 8 is_stmt 0 view .LVU151
 444 002a 81B9     		cbnz	r1, .L19
 326:Drivers/STM32U5xx_HAL_Driver/Src/stm32u5xx_hal_i2c_ex.c ****     {
 327:Drivers/STM32U5xx_HAL_Driver/Src/stm32u5xx_hal_i2c_ex.c ****       /* Set I2Cx FMP bit */
 328:Drivers/STM32U5xx_HAL_Driver/Src/stm32u5xx_hal_i2c_ex.c ****       hi2c->Instance->CR1 |= (I2C_CR1_FMP);
 445              		.loc 1 328 7 is_stmt 1 view .LVU152
 446              		.loc 1 328 11 is_stmt 0 view .LVU153
 447 002c 1968     		ldr	r1, [r3]
 448              	.LVL33:
 449              		.loc 1 328 21 view .LVU154
 450 002e 0A68     		ldr	r2, [r1]
 451              		.loc 1 328 27 view .LVU155
 452 0030 42F08072 		orr	r2, r2, #16777216
 453 0034 0A60     		str	r2, [r1]
 454              	.L20:
 329:Drivers/STM32U5xx_HAL_Driver/Src/stm32u5xx_hal_i2c_ex.c ****     }
 330:Drivers/STM32U5xx_HAL_Driver/Src/stm32u5xx_hal_i2c_ex.c ****     else
 331:Drivers/STM32U5xx_HAL_Driver/Src/stm32u5xx_hal_i2c_ex.c ****     {
 332:Drivers/STM32U5xx_HAL_Driver/Src/stm32u5xx_hal_i2c_ex.c ****       /* Reset I2Cx FMP bit */
 333:Drivers/STM32U5xx_HAL_Driver/Src/stm32u5xx_hal_i2c_ex.c ****       hi2c->Instance->CR1 &= ~(I2C_CR1_FMP);
 334:Drivers/STM32U5xx_HAL_Driver/Src/stm32u5xx_hal_i2c_ex.c ****     }
 335:Drivers/STM32U5xx_HAL_Driver/Src/stm32u5xx_hal_i2c_ex.c **** 
 336:Drivers/STM32U5xx_HAL_Driver/Src/stm32u5xx_hal_i2c_ex.c ****     __HAL_I2C_ENABLE(hi2c);
 455              		.loc 1 336 5 is_stmt 1 view .LVU156
 456 0036 1968     		ldr	r1, [r3]
 457 0038 0A68     		ldr	r2, [r1]
 458 003a 42F00102 		orr	r2, r2, #1
 459 003e 0A60     		str	r2, [r1]
 337:Drivers/STM32U5xx_HAL_Driver/Src/stm32u5xx_hal_i2c_ex.c **** 
 338:Drivers/STM32U5xx_HAL_Driver/Src/stm32u5xx_hal_i2c_ex.c ****     hi2c->State = HAL_I2C_STATE_READY;
 460              		.loc 1 338 5 view .LVU157
 461              		.loc 1 338 17 is_stmt 0 view .LVU158
 462 0040 2022     		movs	r2, #32
 463 0042 83F84120 		strb	r2, [r3, #65]
 339:Drivers/STM32U5xx_HAL_Driver/Src/stm32u5xx_hal_i2c_ex.c **** 
 340:Drivers/STM32U5xx_HAL_Driver/Src/stm32u5xx_hal_i2c_ex.c ****     /* Process Unlocked */
ARM GAS  C:\usertemp\ccnW4ANK.s 			page 15


 341:Drivers/STM32U5xx_HAL_Driver/Src/stm32u5xx_hal_i2c_ex.c ****     __HAL_UNLOCK(hi2c);
 464              		.loc 1 341 5 is_stmt 1 view .LVU159
 465              		.loc 1 341 5 view .LVU160
 466 0046 0020     		movs	r0, #0
 467 0048 83F84000 		strb	r0, [r3, #64]
 468              		.loc 1 341 5 view .LVU161
 342:Drivers/STM32U5xx_HAL_Driver/Src/stm32u5xx_hal_i2c_ex.c **** 
 343:Drivers/STM32U5xx_HAL_Driver/Src/stm32u5xx_hal_i2c_ex.c ****     return HAL_OK;
 469              		.loc 1 343 5 view .LVU162
 470              		.loc 1 343 12 is_stmt 0 view .LVU163
 471 004c 7047     		bx	lr
 472              	.LVL34:
 473              	.L19:
 333:Drivers/STM32U5xx_HAL_Driver/Src/stm32u5xx_hal_i2c_ex.c ****     }
 474              		.loc 1 333 7 is_stmt 1 view .LVU164
 333:Drivers/STM32U5xx_HAL_Driver/Src/stm32u5xx_hal_i2c_ex.c ****     }
 475              		.loc 1 333 11 is_stmt 0 view .LVU165
 476 004e 1968     		ldr	r1, [r3]
 477              	.LVL35:
 333:Drivers/STM32U5xx_HAL_Driver/Src/stm32u5xx_hal_i2c_ex.c ****     }
 478              		.loc 1 333 21 view .LVU166
 479 0050 0A68     		ldr	r2, [r1]
 333:Drivers/STM32U5xx_HAL_Driver/Src/stm32u5xx_hal_i2c_ex.c ****     }
 480              		.loc 1 333 27 view .LVU167
 481 0052 22F08072 		bic	r2, r2, #16777216
 482 0056 0A60     		str	r2, [r1]
 483 0058 EDE7     		b	.L20
 484              	.LVL36:
 485              	.L21:
 344:Drivers/STM32U5xx_HAL_Driver/Src/stm32u5xx_hal_i2c_ex.c ****   }
 345:Drivers/STM32U5xx_HAL_Driver/Src/stm32u5xx_hal_i2c_ex.c ****   else
 346:Drivers/STM32U5xx_HAL_Driver/Src/stm32u5xx_hal_i2c_ex.c ****   {
 347:Drivers/STM32U5xx_HAL_Driver/Src/stm32u5xx_hal_i2c_ex.c ****     return HAL_BUSY;
 486              		.loc 1 347 12 view .LVU168
 487 005a 0220     		movs	r0, #2
 488              	.LVL37:
 489              		.loc 1 347 12 view .LVU169
 490 005c 7047     		bx	lr
 491              	.LVL38:
 492              	.L22:
 318:Drivers/STM32U5xx_HAL_Driver/Src/stm32u5xx_hal_i2c_ex.c **** 
 493              		.loc 1 318 5 discriminator 1 view .LVU170
 494 005e 0220     		movs	r0, #2
 495              	.LVL39:
 348:Drivers/STM32U5xx_HAL_Driver/Src/stm32u5xx_hal_i2c_ex.c ****   }
 349:Drivers/STM32U5xx_HAL_Driver/Src/stm32u5xx_hal_i2c_ex.c **** }
 496              		.loc 1 349 1 view .LVU171
 497 0060 7047     		bx	lr
 498              		.cfi_endproc
 499              	.LFE161:
 501              		.section	.text.HAL_I2CEx_SetConfigAutonomousMode,"ax",%progbits
 502              		.align	1
 503              		.global	HAL_I2CEx_SetConfigAutonomousMode
 504              		.syntax unified
 505              		.thumb
 506              		.thumb_func
 508              	HAL_I2CEx_SetConfigAutonomousMode:
ARM GAS  C:\usertemp\ccnW4ANK.s 			page 16


 509              	.LVL40:
 510              	.LFB162:
 350:Drivers/STM32U5xx_HAL_Driver/Src/stm32u5xx_hal_i2c_ex.c **** 
 351:Drivers/STM32U5xx_HAL_Driver/Src/stm32u5xx_hal_i2c_ex.c **** /**
 352:Drivers/STM32U5xx_HAL_Driver/Src/stm32u5xx_hal_i2c_ex.c ****   * @}
 353:Drivers/STM32U5xx_HAL_Driver/Src/stm32u5xx_hal_i2c_ex.c ****   */
 354:Drivers/STM32U5xx_HAL_Driver/Src/stm32u5xx_hal_i2c_ex.c **** 
 355:Drivers/STM32U5xx_HAL_Driver/Src/stm32u5xx_hal_i2c_ex.c **** /** @defgroup I2CEx_Exported_Functions_Group4 Autonomous Mode Functions
 356:Drivers/STM32U5xx_HAL_Driver/Src/stm32u5xx_hal_i2c_ex.c ****   * @brief    Autonomous Mode Functions
 357:Drivers/STM32U5xx_HAL_Driver/Src/stm32u5xx_hal_i2c_ex.c ****   *
 358:Drivers/STM32U5xx_HAL_Driver/Src/stm32u5xx_hal_i2c_ex.c **** @verbatim
 359:Drivers/STM32U5xx_HAL_Driver/Src/stm32u5xx_hal_i2c_ex.c ****  ===============================================================================
 360:Drivers/STM32U5xx_HAL_Driver/Src/stm32u5xx_hal_i2c_ex.c ****                      ##### Autonomous Mode functions #####
 361:Drivers/STM32U5xx_HAL_Driver/Src/stm32u5xx_hal_i2c_ex.c ****  ===============================================================================
 362:Drivers/STM32U5xx_HAL_Driver/Src/stm32u5xx_hal_i2c_ex.c ****     [..] This section provides functions allowing to:
 363:Drivers/STM32U5xx_HAL_Driver/Src/stm32u5xx_hal_i2c_ex.c ****       (+) Configure Autonomous Mode
 364:Drivers/STM32U5xx_HAL_Driver/Src/stm32u5xx_hal_i2c_ex.c **** 
 365:Drivers/STM32U5xx_HAL_Driver/Src/stm32u5xx_hal_i2c_ex.c **** @endverbatim
 366:Drivers/STM32U5xx_HAL_Driver/Src/stm32u5xx_hal_i2c_ex.c ****   * @{
 367:Drivers/STM32U5xx_HAL_Driver/Src/stm32u5xx_hal_i2c_ex.c ****   */
 368:Drivers/STM32U5xx_HAL_Driver/Src/stm32u5xx_hal_i2c_ex.c **** 
 369:Drivers/STM32U5xx_HAL_Driver/Src/stm32u5xx_hal_i2c_ex.c **** /**
 370:Drivers/STM32U5xx_HAL_Driver/Src/stm32u5xx_hal_i2c_ex.c ****   * @brief  Set Autonomous Mode configuration
 371:Drivers/STM32U5xx_HAL_Driver/Src/stm32u5xx_hal_i2c_ex.c ****   * @param  hi2c Pointer to a I2C_HandleTypeDef structure that contains
 372:Drivers/STM32U5xx_HAL_Driver/Src/stm32u5xx_hal_i2c_ex.c ****   *                the configuration information for the specified I2Cx peripheral.
 373:Drivers/STM32U5xx_HAL_Driver/Src/stm32u5xx_hal_i2c_ex.c ****   * @param  sConfig Pointer to a I2C_AutonomousModeConfTypeDef structure that contains
 374:Drivers/STM32U5xx_HAL_Driver/Src/stm32u5xx_hal_i2c_ex.c ****   *                the configuration information of the autonomous mode for the specified I2Cx peri
 375:Drivers/STM32U5xx_HAL_Driver/Src/stm32u5xx_hal_i2c_ex.c ****   * @retval HAL status
 376:Drivers/STM32U5xx_HAL_Driver/Src/stm32u5xx_hal_i2c_ex.c ****   */
 377:Drivers/STM32U5xx_HAL_Driver/Src/stm32u5xx_hal_i2c_ex.c **** HAL_StatusTypeDef HAL_I2CEx_SetConfigAutonomousMode(I2C_HandleTypeDef *hi2c,
 378:Drivers/STM32U5xx_HAL_Driver/Src/stm32u5xx_hal_i2c_ex.c ****                                                     const I2C_AutonomousModeConfTypeDef *sConfig)
 379:Drivers/STM32U5xx_HAL_Driver/Src/stm32u5xx_hal_i2c_ex.c **** {
 511              		.loc 1 379 1 is_stmt 1 view -0
 512              		.cfi_startproc
 513              		@ args = 0, pretend = 0, frame = 0
 514              		@ frame_needed = 0, uses_anonymous_args = 0
 515              		@ link register save eliminated.
 380:Drivers/STM32U5xx_HAL_Driver/Src/stm32u5xx_hal_i2c_ex.c ****   if (hi2c->State == HAL_I2C_STATE_READY)
 516              		.loc 1 380 3 view .LVU173
 517              		.loc 1 380 11 is_stmt 0 view .LVU174
 518 0000 90F84130 		ldrb	r3, [r0, #65]	@ zero_extendqisi2
 519 0004 DBB2     		uxtb	r3, r3
 520              		.loc 1 380 6 view .LVU175
 521 0006 202B     		cmp	r3, #32
 522 0008 24D1     		bne	.L25
 381:Drivers/STM32U5xx_HAL_Driver/Src/stm32u5xx_hal_i2c_ex.c ****   {
 382:Drivers/STM32U5xx_HAL_Driver/Src/stm32u5xx_hal_i2c_ex.c ****     /* Process Locked */
 383:Drivers/STM32U5xx_HAL_Driver/Src/stm32u5xx_hal_i2c_ex.c ****     __HAL_LOCK(hi2c);
 523              		.loc 1 383 5 is_stmt 1 view .LVU176
 524              		.loc 1 383 5 view .LVU177
 525 000a 90F84030 		ldrb	r3, [r0, #64]	@ zero_extendqisi2
 526 000e 012B     		cmp	r3, #1
 527 0010 22D0     		beq	.L26
 528              		.loc 1 383 5 discriminator 2 view .LVU178
 529 0012 0123     		movs	r3, #1
 530 0014 80F84030 		strb	r3, [r0, #64]
 531              		.loc 1 383 5 discriminator 2 view .LVU179
ARM GAS  C:\usertemp\ccnW4ANK.s 			page 17


 384:Drivers/STM32U5xx_HAL_Driver/Src/stm32u5xx_hal_i2c_ex.c **** 
 385:Drivers/STM32U5xx_HAL_Driver/Src/stm32u5xx_hal_i2c_ex.c ****     hi2c->State = HAL_I2C_STATE_BUSY;
 532              		.loc 1 385 5 view .LVU180
 533              		.loc 1 385 17 is_stmt 0 view .LVU181
 534 0018 2423     		movs	r3, #36
 535 001a 80F84130 		strb	r3, [r0, #65]
 386:Drivers/STM32U5xx_HAL_Driver/Src/stm32u5xx_hal_i2c_ex.c **** 
 387:Drivers/STM32U5xx_HAL_Driver/Src/stm32u5xx_hal_i2c_ex.c ****     /* Check the parameters */
 388:Drivers/STM32U5xx_HAL_Driver/Src/stm32u5xx_hal_i2c_ex.c ****     assert_param(IS_I2C_TRIG_INPUT_INSTANCE(hi2c->Instance));
 536              		.loc 1 388 5 is_stmt 1 view .LVU182
 389:Drivers/STM32U5xx_HAL_Driver/Src/stm32u5xx_hal_i2c_ex.c ****     assert_param(IS_I2C_TRIG_SOURCE(hi2c->Instance, sConfig->TriggerSelection));
 537              		.loc 1 389 5 view .LVU183
 390:Drivers/STM32U5xx_HAL_Driver/Src/stm32u5xx_hal_i2c_ex.c ****     assert_param(IS_I2C_AUTO_MODE_TRG_POL(sConfig->TriggerPolarity));
 538              		.loc 1 390 5 view .LVU184
 391:Drivers/STM32U5xx_HAL_Driver/Src/stm32u5xx_hal_i2c_ex.c **** 
 392:Drivers/STM32U5xx_HAL_Driver/Src/stm32u5xx_hal_i2c_ex.c ****     /* Disable the selected I2C peripheral to be able to configure AUTOCR */
 393:Drivers/STM32U5xx_HAL_Driver/Src/stm32u5xx_hal_i2c_ex.c ****     __HAL_I2C_DISABLE(hi2c);
 539              		.loc 1 393 5 view .LVU185
 540 001e 0268     		ldr	r2, [r0]
 541 0020 1368     		ldr	r3, [r2]
 542 0022 23F00103 		bic	r3, r3, #1
 543 0026 1360     		str	r3, [r2]
 394:Drivers/STM32U5xx_HAL_Driver/Src/stm32u5xx_hal_i2c_ex.c **** 
 395:Drivers/STM32U5xx_HAL_Driver/Src/stm32u5xx_hal_i2c_ex.c ****     /* I2Cx AUTOCR Configuration */
 396:Drivers/STM32U5xx_HAL_Driver/Src/stm32u5xx_hal_i2c_ex.c ****     WRITE_REG(hi2c->Instance->AUTOCR,
 544              		.loc 1 396 5 view .LVU186
 545 0028 0B68     		ldr	r3, [r1]
 546 002a 4A68     		ldr	r2, [r1, #4]
 547 002c 02F47022 		and	r2, r2, #983040
 548 0030 1343     		orrs	r3, r3, r2
 549 0032 8968     		ldr	r1, [r1, #8]
 550              	.LVL41:
 551              		.loc 1 396 5 is_stmt 0 view .LVU187
 552 0034 0268     		ldr	r2, [r0]
 553 0036 0B43     		orrs	r3, r3, r1
 554 0038 D362     		str	r3, [r2, #44]
 397:Drivers/STM32U5xx_HAL_Driver/Src/stm32u5xx_hal_i2c_ex.c ****               (sConfig->TriggerState | \
 398:Drivers/STM32U5xx_HAL_Driver/Src/stm32u5xx_hal_i2c_ex.c ****                ((sConfig->TriggerSelection) & I2C_AUTOCR_TRIGSEL_Msk) | \
 399:Drivers/STM32U5xx_HAL_Driver/Src/stm32u5xx_hal_i2c_ex.c ****                sConfig->TriggerPolarity));
 400:Drivers/STM32U5xx_HAL_Driver/Src/stm32u5xx_hal_i2c_ex.c **** 
 401:Drivers/STM32U5xx_HAL_Driver/Src/stm32u5xx_hal_i2c_ex.c ****     /* Enable the selected I2C peripheral */
 402:Drivers/STM32U5xx_HAL_Driver/Src/stm32u5xx_hal_i2c_ex.c ****     __HAL_I2C_ENABLE(hi2c);
 555              		.loc 1 402 5 is_stmt 1 view .LVU188
 556 003a 0268     		ldr	r2, [r0]
 557 003c 1368     		ldr	r3, [r2]
 558 003e 43F00103 		orr	r3, r3, #1
 559 0042 1360     		str	r3, [r2]
 403:Drivers/STM32U5xx_HAL_Driver/Src/stm32u5xx_hal_i2c_ex.c **** 
 404:Drivers/STM32U5xx_HAL_Driver/Src/stm32u5xx_hal_i2c_ex.c ****     hi2c->State = HAL_I2C_STATE_READY;
 560              		.loc 1 404 5 view .LVU189
 561              		.loc 1 404 17 is_stmt 0 view .LVU190
 562 0044 2023     		movs	r3, #32
 563 0046 80F84130 		strb	r3, [r0, #65]
 405:Drivers/STM32U5xx_HAL_Driver/Src/stm32u5xx_hal_i2c_ex.c **** 
 406:Drivers/STM32U5xx_HAL_Driver/Src/stm32u5xx_hal_i2c_ex.c ****     /* Process Unlocked */
 407:Drivers/STM32U5xx_HAL_Driver/Src/stm32u5xx_hal_i2c_ex.c ****     __HAL_UNLOCK(hi2c);
 564              		.loc 1 407 5 is_stmt 1 view .LVU191
ARM GAS  C:\usertemp\ccnW4ANK.s 			page 18


 565              		.loc 1 407 5 view .LVU192
 566 004a 0023     		movs	r3, #0
 567 004c 80F84030 		strb	r3, [r0, #64]
 568              		.loc 1 407 5 view .LVU193
 408:Drivers/STM32U5xx_HAL_Driver/Src/stm32u5xx_hal_i2c_ex.c **** 
 409:Drivers/STM32U5xx_HAL_Driver/Src/stm32u5xx_hal_i2c_ex.c ****     return HAL_OK;
 569              		.loc 1 409 5 view .LVU194
 570              		.loc 1 409 12 is_stmt 0 view .LVU195
 571 0050 1846     		mov	r0, r3
 572              	.LVL42:
 573              		.loc 1 409 12 view .LVU196
 574 0052 7047     		bx	lr
 575              	.LVL43:
 576              	.L25:
 410:Drivers/STM32U5xx_HAL_Driver/Src/stm32u5xx_hal_i2c_ex.c ****   }
 411:Drivers/STM32U5xx_HAL_Driver/Src/stm32u5xx_hal_i2c_ex.c ****   else
 412:Drivers/STM32U5xx_HAL_Driver/Src/stm32u5xx_hal_i2c_ex.c ****   {
 413:Drivers/STM32U5xx_HAL_Driver/Src/stm32u5xx_hal_i2c_ex.c ****     return HAL_ERROR;
 577              		.loc 1 413 12 view .LVU197
 578 0054 0120     		movs	r0, #1
 579              	.LVL44:
 580              		.loc 1 413 12 view .LVU198
 581 0056 7047     		bx	lr
 582              	.LVL45:
 583              	.L26:
 383:Drivers/STM32U5xx_HAL_Driver/Src/stm32u5xx_hal_i2c_ex.c **** 
 584              		.loc 1 383 5 discriminator 1 view .LVU199
 585 0058 0220     		movs	r0, #2
 586              	.LVL46:
 414:Drivers/STM32U5xx_HAL_Driver/Src/stm32u5xx_hal_i2c_ex.c ****   }
 415:Drivers/STM32U5xx_HAL_Driver/Src/stm32u5xx_hal_i2c_ex.c **** }
 587              		.loc 1 415 1 view .LVU200
 588 005a 7047     		bx	lr
 589              		.cfi_endproc
 590              	.LFE162:
 592              		.section	.text.HAL_I2CEx_GetConfigAutonomousMode,"ax",%progbits
 593              		.align	1
 594              		.global	HAL_I2CEx_GetConfigAutonomousMode
 595              		.syntax unified
 596              		.thumb
 597              		.thumb_func
 599              	HAL_I2CEx_GetConfigAutonomousMode:
 600              	.LVL47:
 601              	.LFB163:
 416:Drivers/STM32U5xx_HAL_Driver/Src/stm32u5xx_hal_i2c_ex.c **** 
 417:Drivers/STM32U5xx_HAL_Driver/Src/stm32u5xx_hal_i2c_ex.c **** /**
 418:Drivers/STM32U5xx_HAL_Driver/Src/stm32u5xx_hal_i2c_ex.c ****   * @brief  Get Autonomous Mode configuration
 419:Drivers/STM32U5xx_HAL_Driver/Src/stm32u5xx_hal_i2c_ex.c ****   * @param  hi2c Pointer to a I2C_HandleTypeDef structure that contains
 420:Drivers/STM32U5xx_HAL_Driver/Src/stm32u5xx_hal_i2c_ex.c ****   *                the configuration information for the specified I2Cx peripheral.
 421:Drivers/STM32U5xx_HAL_Driver/Src/stm32u5xx_hal_i2c_ex.c ****   * @param  sConfig Pointer to a I2C_AutonomousModeConfTypeDef structure that contains
 422:Drivers/STM32U5xx_HAL_Driver/Src/stm32u5xx_hal_i2c_ex.c ****   *                the configuration information of the autonomous mode for the specified I2Cx peri
 423:Drivers/STM32U5xx_HAL_Driver/Src/stm32u5xx_hal_i2c_ex.c ****   * @retval HAL status
 424:Drivers/STM32U5xx_HAL_Driver/Src/stm32u5xx_hal_i2c_ex.c ****   */
 425:Drivers/STM32U5xx_HAL_Driver/Src/stm32u5xx_hal_i2c_ex.c **** HAL_StatusTypeDef HAL_I2CEx_GetConfigAutonomousMode(const I2C_HandleTypeDef *hi2c,
 426:Drivers/STM32U5xx_HAL_Driver/Src/stm32u5xx_hal_i2c_ex.c ****                                                     I2C_AutonomousModeConfTypeDef *sConfig)
 427:Drivers/STM32U5xx_HAL_Driver/Src/stm32u5xx_hal_i2c_ex.c **** {
 602              		.loc 1 427 1 is_stmt 1 view -0
ARM GAS  C:\usertemp\ccnW4ANK.s 			page 19


 603              		.cfi_startproc
 604              		@ args = 0, pretend = 0, frame = 0
 605              		@ frame_needed = 0, uses_anonymous_args = 0
 606              		@ link register save eliminated.
 428:Drivers/STM32U5xx_HAL_Driver/Src/stm32u5xx_hal_i2c_ex.c ****   uint32_t autocr_tmp;
 607              		.loc 1 428 3 view .LVU202
 429:Drivers/STM32U5xx_HAL_Driver/Src/stm32u5xx_hal_i2c_ex.c **** 
 430:Drivers/STM32U5xx_HAL_Driver/Src/stm32u5xx_hal_i2c_ex.c ****   /* Check the parameters */
 431:Drivers/STM32U5xx_HAL_Driver/Src/stm32u5xx_hal_i2c_ex.c ****   assert_param(IS_I2C_TRIG_INPUT_INSTANCE(hi2c->Instance));
 608              		.loc 1 431 3 view .LVU203
 432:Drivers/STM32U5xx_HAL_Driver/Src/stm32u5xx_hal_i2c_ex.c **** 
 433:Drivers/STM32U5xx_HAL_Driver/Src/stm32u5xx_hal_i2c_ex.c ****   autocr_tmp = hi2c->Instance->AUTOCR;
 609              		.loc 1 433 3 view .LVU204
 610              		.loc 1 433 20 is_stmt 0 view .LVU205
 611 0000 0368     		ldr	r3, [r0]
 612              		.loc 1 433 14 view .LVU206
 613 0002 DB6A     		ldr	r3, [r3, #44]
 614              	.LVL48:
 434:Drivers/STM32U5xx_HAL_Driver/Src/stm32u5xx_hal_i2c_ex.c **** 
 435:Drivers/STM32U5xx_HAL_Driver/Src/stm32u5xx_hal_i2c_ex.c ****   sConfig->TriggerState     = (autocr_tmp & I2C_AUTOCR_TRIGEN);
 615              		.loc 1 435 3 is_stmt 1 view .LVU207
 616              		.loc 1 435 43 is_stmt 0 view .LVU208
 617 0004 03F40012 		and	r2, r3, #2097152
 618              		.loc 1 435 29 view .LVU209
 619 0008 0A60     		str	r2, [r1]
 436:Drivers/STM32U5xx_HAL_Driver/Src/stm32u5xx_hal_i2c_ex.c ****   if (IS_I2C_GRP2_INSTANCE(hi2c->Instance))
 620              		.loc 1 436 3 is_stmt 1 view .LVU210
 621              		.loc 1 436 7 is_stmt 0 view .LVU211
 622 000a 0268     		ldr	r2, [r0]
 623              		.loc 1 436 6 view .LVU212
 624 000c 0B48     		ldr	r0, .L31
 625              	.LVL49:
 626              		.loc 1 436 6 view .LVU213
 627 000e 8242     		cmp	r2, r0
 628 0010 09D0     		beq	.L28
 629              		.loc 1 436 7 discriminator 1 view .LVU214
 630 0012 00F18050 		add	r0, r0, #268435456
 631 0016 8242     		cmp	r2, r0
 632 0018 05D0     		beq	.L28
 437:Drivers/STM32U5xx_HAL_Driver/Src/stm32u5xx_hal_i2c_ex.c ****   {
 438:Drivers/STM32U5xx_HAL_Driver/Src/stm32u5xx_hal_i2c_ex.c ****     sConfig->TriggerSelection = ((autocr_tmp & I2C_AUTOCR_TRIGSEL) | I2C_TRIG_GRP2);
 439:Drivers/STM32U5xx_HAL_Driver/Src/stm32u5xx_hal_i2c_ex.c ****   }
 440:Drivers/STM32U5xx_HAL_Driver/Src/stm32u5xx_hal_i2c_ex.c ****   else
 441:Drivers/STM32U5xx_HAL_Driver/Src/stm32u5xx_hal_i2c_ex.c ****   {
 442:Drivers/STM32U5xx_HAL_Driver/Src/stm32u5xx_hal_i2c_ex.c ****     sConfig->TriggerSelection = ((autocr_tmp & I2C_AUTOCR_TRIGSEL) | I2C_TRIG_GRP1);
 633              		.loc 1 442 5 is_stmt 1 view .LVU215
 634              		.loc 1 442 46 is_stmt 0 view .LVU216
 635 001a 03F47022 		and	r2, r3, #983040
 636              		.loc 1 442 68 view .LVU217
 637 001e 42F08052 		orr	r2, r2, #268435456
 638              		.loc 1 442 31 view .LVU218
 639 0022 4A60     		str	r2, [r1, #4]
 640 0024 04E0     		b	.L30
 641              	.L28:
 438:Drivers/STM32U5xx_HAL_Driver/Src/stm32u5xx_hal_i2c_ex.c ****   }
 642              		.loc 1 438 5 is_stmt 1 view .LVU219
 438:Drivers/STM32U5xx_HAL_Driver/Src/stm32u5xx_hal_i2c_ex.c ****   }
ARM GAS  C:\usertemp\ccnW4ANK.s 			page 20


 643              		.loc 1 438 46 is_stmt 0 view .LVU220
 644 0026 03F47022 		and	r2, r3, #983040
 438:Drivers/STM32U5xx_HAL_Driver/Src/stm32u5xx_hal_i2c_ex.c ****   }
 645              		.loc 1 438 68 view .LVU221
 646 002a 42F00052 		orr	r2, r2, #536870912
 438:Drivers/STM32U5xx_HAL_Driver/Src/stm32u5xx_hal_i2c_ex.c ****   }
 647              		.loc 1 438 31 view .LVU222
 648 002e 4A60     		str	r2, [r1, #4]
 649              	.L30:
 443:Drivers/STM32U5xx_HAL_Driver/Src/stm32u5xx_hal_i2c_ex.c ****   }
 444:Drivers/STM32U5xx_HAL_Driver/Src/stm32u5xx_hal_i2c_ex.c ****   sConfig->TriggerPolarity  = (autocr_tmp & I2C_AUTOCR_TRIGPOL);
 650              		.loc 1 444 3 is_stmt 1 view .LVU223
 651              		.loc 1 444 43 is_stmt 0 view .LVU224
 652 0030 03F48013 		and	r3, r3, #1048576
 653              	.LVL50:
 654              		.loc 1 444 29 view .LVU225
 655 0034 8B60     		str	r3, [r1, #8]
 445:Drivers/STM32U5xx_HAL_Driver/Src/stm32u5xx_hal_i2c_ex.c **** 
 446:Drivers/STM32U5xx_HAL_Driver/Src/stm32u5xx_hal_i2c_ex.c ****   return HAL_OK;
 656              		.loc 1 446 3 is_stmt 1 view .LVU226
 447:Drivers/STM32U5xx_HAL_Driver/Src/stm32u5xx_hal_i2c_ex.c **** }
 657              		.loc 1 447 1 is_stmt 0 view .LVU227
 658 0036 0020     		movs	r0, #0
 659 0038 7047     		bx	lr
 660              	.L32:
 661 003a 00BF     		.align	2
 662              	.L31:
 663 003c 00280046 		.word	1174415360
 664              		.cfi_endproc
 665              	.LFE163:
 667              		.section	.text.HAL_I2CEx_ClearConfigAutonomousMode,"ax",%progbits
 668              		.align	1
 669              		.global	HAL_I2CEx_ClearConfigAutonomousMode
 670              		.syntax unified
 671              		.thumb
 672              		.thumb_func
 674              	HAL_I2CEx_ClearConfigAutonomousMode:
 675              	.LVL51:
 676              	.LFB164:
 448:Drivers/STM32U5xx_HAL_Driver/Src/stm32u5xx_hal_i2c_ex.c **** 
 449:Drivers/STM32U5xx_HAL_Driver/Src/stm32u5xx_hal_i2c_ex.c **** /**
 450:Drivers/STM32U5xx_HAL_Driver/Src/stm32u5xx_hal_i2c_ex.c ****   * @brief  Clear Autonomous Mode configuration
 451:Drivers/STM32U5xx_HAL_Driver/Src/stm32u5xx_hal_i2c_ex.c ****   * @param  hi2c Pointer to a I2C_HandleTypeDef structure that contains
 452:Drivers/STM32U5xx_HAL_Driver/Src/stm32u5xx_hal_i2c_ex.c ****   *                the configuration information for the specified I2Cx peripheral.
 453:Drivers/STM32U5xx_HAL_Driver/Src/stm32u5xx_hal_i2c_ex.c ****   * @retval HAL status
 454:Drivers/STM32U5xx_HAL_Driver/Src/stm32u5xx_hal_i2c_ex.c ****   */
 455:Drivers/STM32U5xx_HAL_Driver/Src/stm32u5xx_hal_i2c_ex.c **** HAL_StatusTypeDef HAL_I2CEx_ClearConfigAutonomousMode(I2C_HandleTypeDef *hi2c)
 456:Drivers/STM32U5xx_HAL_Driver/Src/stm32u5xx_hal_i2c_ex.c **** {
 677              		.loc 1 456 1 is_stmt 1 view -0
 678              		.cfi_startproc
 679              		@ args = 0, pretend = 0, frame = 0
 680              		@ frame_needed = 0, uses_anonymous_args = 0
 681              		@ link register save eliminated.
 457:Drivers/STM32U5xx_HAL_Driver/Src/stm32u5xx_hal_i2c_ex.c ****   if (hi2c->State == HAL_I2C_STATE_READY)
 682              		.loc 1 457 3 view .LVU229
 683              		.loc 1 457 11 is_stmt 0 view .LVU230
 684 0000 90F84130 		ldrb	r3, [r0, #65]	@ zero_extendqisi2
ARM GAS  C:\usertemp\ccnW4ANK.s 			page 21


 685 0004 DBB2     		uxtb	r3, r3
 686              		.loc 1 457 6 view .LVU231
 687 0006 202B     		cmp	r3, #32
 688 0008 1DD1     		bne	.L35
 458:Drivers/STM32U5xx_HAL_Driver/Src/stm32u5xx_hal_i2c_ex.c ****   {
 459:Drivers/STM32U5xx_HAL_Driver/Src/stm32u5xx_hal_i2c_ex.c ****     /* Process Locked */
 460:Drivers/STM32U5xx_HAL_Driver/Src/stm32u5xx_hal_i2c_ex.c ****     __HAL_LOCK(hi2c);
 689              		.loc 1 460 5 is_stmt 1 view .LVU232
 690              		.loc 1 460 5 view .LVU233
 691 000a 90F84030 		ldrb	r3, [r0, #64]	@ zero_extendqisi2
 692 000e 012B     		cmp	r3, #1
 693 0010 1BD0     		beq	.L36
 694              		.loc 1 460 5 discriminator 2 view .LVU234
 695 0012 0123     		movs	r3, #1
 696 0014 80F84030 		strb	r3, [r0, #64]
 697              		.loc 1 460 5 discriminator 2 view .LVU235
 461:Drivers/STM32U5xx_HAL_Driver/Src/stm32u5xx_hal_i2c_ex.c **** 
 462:Drivers/STM32U5xx_HAL_Driver/Src/stm32u5xx_hal_i2c_ex.c ****     hi2c->State = HAL_I2C_STATE_BUSY;
 698              		.loc 1 462 5 view .LVU236
 699              		.loc 1 462 17 is_stmt 0 view .LVU237
 700 0018 2423     		movs	r3, #36
 701 001a 80F84130 		strb	r3, [r0, #65]
 463:Drivers/STM32U5xx_HAL_Driver/Src/stm32u5xx_hal_i2c_ex.c **** 
 464:Drivers/STM32U5xx_HAL_Driver/Src/stm32u5xx_hal_i2c_ex.c ****     /* Check the parameters */
 465:Drivers/STM32U5xx_HAL_Driver/Src/stm32u5xx_hal_i2c_ex.c ****     assert_param(IS_I2C_TRIG_INPUT_INSTANCE(hi2c->Instance));
 702              		.loc 1 465 5 is_stmt 1 view .LVU238
 466:Drivers/STM32U5xx_HAL_Driver/Src/stm32u5xx_hal_i2c_ex.c **** 
 467:Drivers/STM32U5xx_HAL_Driver/Src/stm32u5xx_hal_i2c_ex.c ****     /* Disable the selected I2C peripheral to be able to clear AUTOCR */
 468:Drivers/STM32U5xx_HAL_Driver/Src/stm32u5xx_hal_i2c_ex.c ****     __HAL_I2C_DISABLE(hi2c);
 703              		.loc 1 468 5 view .LVU239
 704 001e 0268     		ldr	r2, [r0]
 705 0020 1368     		ldr	r3, [r2]
 706 0022 23F00103 		bic	r3, r3, #1
 707 0026 1360     		str	r3, [r2]
 469:Drivers/STM32U5xx_HAL_Driver/Src/stm32u5xx_hal_i2c_ex.c **** 
 470:Drivers/STM32U5xx_HAL_Driver/Src/stm32u5xx_hal_i2c_ex.c ****     CLEAR_REG(hi2c->Instance->AUTOCR);
 708              		.loc 1 470 5 view .LVU240
 709 0028 0268     		ldr	r2, [r0]
 710 002a 0023     		movs	r3, #0
 711 002c D362     		str	r3, [r2, #44]
 471:Drivers/STM32U5xx_HAL_Driver/Src/stm32u5xx_hal_i2c_ex.c **** 
 472:Drivers/STM32U5xx_HAL_Driver/Src/stm32u5xx_hal_i2c_ex.c ****     /* Enable the selected I2C peripheral */
 473:Drivers/STM32U5xx_HAL_Driver/Src/stm32u5xx_hal_i2c_ex.c ****     __HAL_I2C_ENABLE(hi2c);
 712              		.loc 1 473 5 view .LVU241
 713 002e 0168     		ldr	r1, [r0]
 714 0030 0A68     		ldr	r2, [r1]
 715 0032 42F00102 		orr	r2, r2, #1
 716 0036 0A60     		str	r2, [r1]
 474:Drivers/STM32U5xx_HAL_Driver/Src/stm32u5xx_hal_i2c_ex.c **** 
 475:Drivers/STM32U5xx_HAL_Driver/Src/stm32u5xx_hal_i2c_ex.c ****     hi2c->State = HAL_I2C_STATE_READY;
 717              		.loc 1 475 5 view .LVU242
 718              		.loc 1 475 17 is_stmt 0 view .LVU243
 719 0038 2022     		movs	r2, #32
 720 003a 80F84120 		strb	r2, [r0, #65]
 476:Drivers/STM32U5xx_HAL_Driver/Src/stm32u5xx_hal_i2c_ex.c **** 
 477:Drivers/STM32U5xx_HAL_Driver/Src/stm32u5xx_hal_i2c_ex.c ****     /* Process Unlocked */
 478:Drivers/STM32U5xx_HAL_Driver/Src/stm32u5xx_hal_i2c_ex.c ****     __HAL_UNLOCK(hi2c);
ARM GAS  C:\usertemp\ccnW4ANK.s 			page 22


 721              		.loc 1 478 5 is_stmt 1 view .LVU244
 722              		.loc 1 478 5 view .LVU245
 723 003e 80F84030 		strb	r3, [r0, #64]
 724              		.loc 1 478 5 view .LVU246
 479:Drivers/STM32U5xx_HAL_Driver/Src/stm32u5xx_hal_i2c_ex.c **** 
 480:Drivers/STM32U5xx_HAL_Driver/Src/stm32u5xx_hal_i2c_ex.c ****     return HAL_OK;
 725              		.loc 1 480 5 view .LVU247
 726              		.loc 1 480 12 is_stmt 0 view .LVU248
 727 0042 1846     		mov	r0, r3
 728              	.LVL52:
 729              		.loc 1 480 12 view .LVU249
 730 0044 7047     		bx	lr
 731              	.LVL53:
 732              	.L35:
 481:Drivers/STM32U5xx_HAL_Driver/Src/stm32u5xx_hal_i2c_ex.c ****   }
 482:Drivers/STM32U5xx_HAL_Driver/Src/stm32u5xx_hal_i2c_ex.c ****   else
 483:Drivers/STM32U5xx_HAL_Driver/Src/stm32u5xx_hal_i2c_ex.c ****   {
 484:Drivers/STM32U5xx_HAL_Driver/Src/stm32u5xx_hal_i2c_ex.c ****     return HAL_ERROR;
 733              		.loc 1 484 12 view .LVU250
 734 0046 0120     		movs	r0, #1
 735              	.LVL54:
 736              		.loc 1 484 12 view .LVU251
 737 0048 7047     		bx	lr
 738              	.LVL55:
 739              	.L36:
 460:Drivers/STM32U5xx_HAL_Driver/Src/stm32u5xx_hal_i2c_ex.c **** 
 740              		.loc 1 460 5 discriminator 1 view .LVU252
 741 004a 0220     		movs	r0, #2
 742              	.LVL56:
 485:Drivers/STM32U5xx_HAL_Driver/Src/stm32u5xx_hal_i2c_ex.c ****   }
 486:Drivers/STM32U5xx_HAL_Driver/Src/stm32u5xx_hal_i2c_ex.c **** }
 743              		.loc 1 486 1 view .LVU253
 744 004c 7047     		bx	lr
 745              		.cfi_endproc
 746              	.LFE164:
 748              		.text
 749              	.Letext0:
 750              		.file 2 "D:/armtoolchain/arm-gnu-toolchain-13.3.rel1-mingw-w64-i686-arm-none-eabi/arm-none-eabi/in
 751              		.file 3 "D:/armtoolchain/arm-gnu-toolchain-13.3.rel1-mingw-w64-i686-arm-none-eabi/arm-none-eabi/in
 752              		.file 4 "Drivers/CMSIS/Device/ST/STM32U5xx/Include/stm32u575xx.h"
 753              		.file 5 "Drivers/STM32U5xx_HAL_Driver/Inc/stm32u5xx_hal_def.h"
 754              		.file 6 "Drivers/STM32U5xx_HAL_Driver/Inc/stm32u5xx_hal_dma.h"
 755              		.file 7 "Drivers/STM32U5xx_HAL_Driver/Inc/stm32u5xx_hal_dma_ex.h"
 756              		.file 8 "Drivers/STM32U5xx_HAL_Driver/Inc/stm32u5xx_hal_i2c.h"
 757              		.file 9 "Drivers/STM32U5xx_HAL_Driver/Inc/stm32u5xx_hal_i2c_ex.h"
ARM GAS  C:\usertemp\ccnW4ANK.s 			page 23


DEFINED SYMBOLS
                            *ABS*:00000000 stm32u5xx_hal_i2c_ex.c
C:\usertemp\ccnW4ANK.s:22     .text.HAL_I2CEx_ConfigAnalogFilter:00000000 $t
C:\usertemp\ccnW4ANK.s:28     .text.HAL_I2CEx_ConfigAnalogFilter:00000000 HAL_I2CEx_ConfigAnalogFilter
C:\usertemp\ccnW4ANK.s:120    .text.HAL_I2CEx_ConfigDigitalFilter:00000000 $t
C:\usertemp\ccnW4ANK.s:126    .text.HAL_I2CEx_ConfigDigitalFilter:00000000 HAL_I2CEx_ConfigDigitalFilter
C:\usertemp\ccnW4ANK.s:223    .text.HAL_I2CEx_EnableWakeUp:00000000 $t
C:\usertemp\ccnW4ANK.s:229    .text.HAL_I2CEx_EnableWakeUp:00000000 HAL_I2CEx_EnableWakeUp
C:\usertemp\ccnW4ANK.s:310    .text.HAL_I2CEx_DisableWakeUp:00000000 $t
C:\usertemp\ccnW4ANK.s:316    .text.HAL_I2CEx_DisableWakeUp:00000000 HAL_I2CEx_DisableWakeUp
C:\usertemp\ccnW4ANK.s:397    .text.HAL_I2CEx_ConfigFastModePlus:00000000 $t
C:\usertemp\ccnW4ANK.s:403    .text.HAL_I2CEx_ConfigFastModePlus:00000000 HAL_I2CEx_ConfigFastModePlus
C:\usertemp\ccnW4ANK.s:502    .text.HAL_I2CEx_SetConfigAutonomousMode:00000000 $t
C:\usertemp\ccnW4ANK.s:508    .text.HAL_I2CEx_SetConfigAutonomousMode:00000000 HAL_I2CEx_SetConfigAutonomousMode
C:\usertemp\ccnW4ANK.s:593    .text.HAL_I2CEx_GetConfigAutonomousMode:00000000 $t
C:\usertemp\ccnW4ANK.s:599    .text.HAL_I2CEx_GetConfigAutonomousMode:00000000 HAL_I2CEx_GetConfigAutonomousMode
C:\usertemp\ccnW4ANK.s:663    .text.HAL_I2CEx_GetConfigAutonomousMode:0000003c $d
C:\usertemp\ccnW4ANK.s:668    .text.HAL_I2CEx_ClearConfigAutonomousMode:00000000 $t
C:\usertemp\ccnW4ANK.s:674    .text.HAL_I2CEx_ClearConfigAutonomousMode:00000000 HAL_I2CEx_ClearConfigAutonomousMode

NO UNDEFINED SYMBOLS
