ARM GAS  C:\usertemp\ccvtoeGc.s 			page 1


   1              		.cpu cortex-m33
   2              		.arch armv8-m.main
   3              		.fpu fpv4-sp-d16
   4              		.arch_extension dsp
   5              		.eabi_attribute 27, 1
   6              		.eabi_attribute 28, 1
   7              		.eabi_attribute 20, 1
   8              		.eabi_attribute 21, 1
   9              		.eabi_attribute 23, 3
  10              		.eabi_attribute 24, 1
  11              		.eabi_attribute 25, 1
  12              		.eabi_attribute 26, 1
  13              		.eabi_attribute 30, 1
  14              		.eabi_attribute 34, 1
  15              		.eabi_attribute 18, 4
  16              		.file	"stm32u5xx_hal_pcd_ex.c"
  17              		.text
  18              	.Ltext0:
  19              		.cfi_sections	.debug_frame
  20              		.file 1 "Drivers/STM32U5xx_HAL_Driver/Src/stm32u5xx_hal_pcd_ex.c"
  21              		.section	.text.HAL_PCDEx_SetTxFiFo,"ax",%progbits
  22              		.align	1
  23              		.global	HAL_PCDEx_SetTxFiFo
  24              		.syntax unified
  25              		.thumb
  26              		.thumb_func
  28              	HAL_PCDEx_SetTxFiFo:
  29              	.LVL0:
  30              	.LFB157:
   1:Drivers/STM32U5xx_HAL_Driver/Src/stm32u5xx_hal_pcd_ex.c **** /**
   2:Drivers/STM32U5xx_HAL_Driver/Src/stm32u5xx_hal_pcd_ex.c ****   ******************************************************************************
   3:Drivers/STM32U5xx_HAL_Driver/Src/stm32u5xx_hal_pcd_ex.c ****   * @file    stm32u5xx_hal_pcd_ex.c
   4:Drivers/STM32U5xx_HAL_Driver/Src/stm32u5xx_hal_pcd_ex.c ****   * @author  MCD Application Team
   5:Drivers/STM32U5xx_HAL_Driver/Src/stm32u5xx_hal_pcd_ex.c ****   * @brief   PCD Extended HAL module driver.
   6:Drivers/STM32U5xx_HAL_Driver/Src/stm32u5xx_hal_pcd_ex.c ****   *          This file provides firmware functions to manage the following
   7:Drivers/STM32U5xx_HAL_Driver/Src/stm32u5xx_hal_pcd_ex.c ****   *          functionalities of the USB Peripheral Controller:
   8:Drivers/STM32U5xx_HAL_Driver/Src/stm32u5xx_hal_pcd_ex.c ****   *           + Extended features functions
   9:Drivers/STM32U5xx_HAL_Driver/Src/stm32u5xx_hal_pcd_ex.c ****   *
  10:Drivers/STM32U5xx_HAL_Driver/Src/stm32u5xx_hal_pcd_ex.c ****   ******************************************************************************
  11:Drivers/STM32U5xx_HAL_Driver/Src/stm32u5xx_hal_pcd_ex.c ****   * @attention
  12:Drivers/STM32U5xx_HAL_Driver/Src/stm32u5xx_hal_pcd_ex.c ****   *
  13:Drivers/STM32U5xx_HAL_Driver/Src/stm32u5xx_hal_pcd_ex.c ****   * Copyright (c) 2021 STMicroelectronics.
  14:Drivers/STM32U5xx_HAL_Driver/Src/stm32u5xx_hal_pcd_ex.c ****   * All rights reserved.
  15:Drivers/STM32U5xx_HAL_Driver/Src/stm32u5xx_hal_pcd_ex.c ****   *
  16:Drivers/STM32U5xx_HAL_Driver/Src/stm32u5xx_hal_pcd_ex.c ****   * This software is licensed under terms that can be found in the LICENSE file
  17:Drivers/STM32U5xx_HAL_Driver/Src/stm32u5xx_hal_pcd_ex.c ****   * in the root directory of this software component.
  18:Drivers/STM32U5xx_HAL_Driver/Src/stm32u5xx_hal_pcd_ex.c ****   * If no LICENSE file comes with this software, it is provided AS-IS.
  19:Drivers/STM32U5xx_HAL_Driver/Src/stm32u5xx_hal_pcd_ex.c ****   *
  20:Drivers/STM32U5xx_HAL_Driver/Src/stm32u5xx_hal_pcd_ex.c ****   ******************************************************************************
  21:Drivers/STM32U5xx_HAL_Driver/Src/stm32u5xx_hal_pcd_ex.c ****   */
  22:Drivers/STM32U5xx_HAL_Driver/Src/stm32u5xx_hal_pcd_ex.c **** 
  23:Drivers/STM32U5xx_HAL_Driver/Src/stm32u5xx_hal_pcd_ex.c **** /* Includes ------------------------------------------------------------------*/
  24:Drivers/STM32U5xx_HAL_Driver/Src/stm32u5xx_hal_pcd_ex.c **** #include "stm32u5xx_hal.h"
  25:Drivers/STM32U5xx_HAL_Driver/Src/stm32u5xx_hal_pcd_ex.c **** 
  26:Drivers/STM32U5xx_HAL_Driver/Src/stm32u5xx_hal_pcd_ex.c **** /** @addtogroup STM32U5xx_HAL_Driver
  27:Drivers/STM32U5xx_HAL_Driver/Src/stm32u5xx_hal_pcd_ex.c ****   * @{
  28:Drivers/STM32U5xx_HAL_Driver/Src/stm32u5xx_hal_pcd_ex.c ****   */
ARM GAS  C:\usertemp\ccvtoeGc.s 			page 2


  29:Drivers/STM32U5xx_HAL_Driver/Src/stm32u5xx_hal_pcd_ex.c **** 
  30:Drivers/STM32U5xx_HAL_Driver/Src/stm32u5xx_hal_pcd_ex.c **** /** @defgroup PCDEx PCDEx
  31:Drivers/STM32U5xx_HAL_Driver/Src/stm32u5xx_hal_pcd_ex.c ****   * @brief PCD Extended HAL module driver
  32:Drivers/STM32U5xx_HAL_Driver/Src/stm32u5xx_hal_pcd_ex.c ****   * @{
  33:Drivers/STM32U5xx_HAL_Driver/Src/stm32u5xx_hal_pcd_ex.c ****   */
  34:Drivers/STM32U5xx_HAL_Driver/Src/stm32u5xx_hal_pcd_ex.c **** 
  35:Drivers/STM32U5xx_HAL_Driver/Src/stm32u5xx_hal_pcd_ex.c **** #ifdef HAL_PCD_MODULE_ENABLED
  36:Drivers/STM32U5xx_HAL_Driver/Src/stm32u5xx_hal_pcd_ex.c **** 
  37:Drivers/STM32U5xx_HAL_Driver/Src/stm32u5xx_hal_pcd_ex.c **** #if defined (USB_OTG_FS) || defined (USB_OTG_HS) || defined (USB_DRD_FS)
  38:Drivers/STM32U5xx_HAL_Driver/Src/stm32u5xx_hal_pcd_ex.c **** /* Private types -------------------------------------------------------------*/
  39:Drivers/STM32U5xx_HAL_Driver/Src/stm32u5xx_hal_pcd_ex.c **** /* Private variables ---------------------------------------------------------*/
  40:Drivers/STM32U5xx_HAL_Driver/Src/stm32u5xx_hal_pcd_ex.c **** /* Private constants ---------------------------------------------------------*/
  41:Drivers/STM32U5xx_HAL_Driver/Src/stm32u5xx_hal_pcd_ex.c **** /* Private macros ------------------------------------------------------------*/
  42:Drivers/STM32U5xx_HAL_Driver/Src/stm32u5xx_hal_pcd_ex.c **** /* Private functions ---------------------------------------------------------*/
  43:Drivers/STM32U5xx_HAL_Driver/Src/stm32u5xx_hal_pcd_ex.c **** /* Exported functions --------------------------------------------------------*/
  44:Drivers/STM32U5xx_HAL_Driver/Src/stm32u5xx_hal_pcd_ex.c **** 
  45:Drivers/STM32U5xx_HAL_Driver/Src/stm32u5xx_hal_pcd_ex.c **** /** @defgroup PCDEx_Exported_Functions PCDEx Exported Functions
  46:Drivers/STM32U5xx_HAL_Driver/Src/stm32u5xx_hal_pcd_ex.c ****   * @{
  47:Drivers/STM32U5xx_HAL_Driver/Src/stm32u5xx_hal_pcd_ex.c ****   */
  48:Drivers/STM32U5xx_HAL_Driver/Src/stm32u5xx_hal_pcd_ex.c **** 
  49:Drivers/STM32U5xx_HAL_Driver/Src/stm32u5xx_hal_pcd_ex.c **** /** @defgroup PCDEx_Exported_Functions_Group1 Peripheral Control functions
  50:Drivers/STM32U5xx_HAL_Driver/Src/stm32u5xx_hal_pcd_ex.c ****   * @brief    PCDEx control functions
  51:Drivers/STM32U5xx_HAL_Driver/Src/stm32u5xx_hal_pcd_ex.c ****   *
  52:Drivers/STM32U5xx_HAL_Driver/Src/stm32u5xx_hal_pcd_ex.c **** @verbatim
  53:Drivers/STM32U5xx_HAL_Driver/Src/stm32u5xx_hal_pcd_ex.c ****  ===============================================================================
  54:Drivers/STM32U5xx_HAL_Driver/Src/stm32u5xx_hal_pcd_ex.c ****                  ##### Extended features functions #####
  55:Drivers/STM32U5xx_HAL_Driver/Src/stm32u5xx_hal_pcd_ex.c ****  ===============================================================================
  56:Drivers/STM32U5xx_HAL_Driver/Src/stm32u5xx_hal_pcd_ex.c ****     [..]  This section provides functions allowing to:
  57:Drivers/STM32U5xx_HAL_Driver/Src/stm32u5xx_hal_pcd_ex.c ****       (+) Update FIFO configuration
  58:Drivers/STM32U5xx_HAL_Driver/Src/stm32u5xx_hal_pcd_ex.c **** 
  59:Drivers/STM32U5xx_HAL_Driver/Src/stm32u5xx_hal_pcd_ex.c **** @endverbatim
  60:Drivers/STM32U5xx_HAL_Driver/Src/stm32u5xx_hal_pcd_ex.c ****   * @{
  61:Drivers/STM32U5xx_HAL_Driver/Src/stm32u5xx_hal_pcd_ex.c ****   */
  62:Drivers/STM32U5xx_HAL_Driver/Src/stm32u5xx_hal_pcd_ex.c **** #if defined (USB_OTG_FS) || defined (USB_OTG_HS)
  63:Drivers/STM32U5xx_HAL_Driver/Src/stm32u5xx_hal_pcd_ex.c **** /**
  64:Drivers/STM32U5xx_HAL_Driver/Src/stm32u5xx_hal_pcd_ex.c ****   * @brief  Set Tx FIFO
  65:Drivers/STM32U5xx_HAL_Driver/Src/stm32u5xx_hal_pcd_ex.c ****   * @param  hpcd PCD handle
  66:Drivers/STM32U5xx_HAL_Driver/Src/stm32u5xx_hal_pcd_ex.c ****   * @param  fifo The number of Tx fifo
  67:Drivers/STM32U5xx_HAL_Driver/Src/stm32u5xx_hal_pcd_ex.c ****   * @param  size Fifo size
  68:Drivers/STM32U5xx_HAL_Driver/Src/stm32u5xx_hal_pcd_ex.c ****   * @retval HAL status
  69:Drivers/STM32U5xx_HAL_Driver/Src/stm32u5xx_hal_pcd_ex.c ****   */
  70:Drivers/STM32U5xx_HAL_Driver/Src/stm32u5xx_hal_pcd_ex.c **** HAL_StatusTypeDef HAL_PCDEx_SetTxFiFo(PCD_HandleTypeDef *hpcd, uint8_t fifo, uint16_t size)
  71:Drivers/STM32U5xx_HAL_Driver/Src/stm32u5xx_hal_pcd_ex.c **** {
  31              		.loc 1 71 1 view -0
  32              		.cfi_startproc
  33              		@ args = 0, pretend = 0, frame = 0
  34              		@ frame_needed = 0, uses_anonymous_args = 0
  35              		@ link register save eliminated.
  36              		.loc 1 71 1 is_stmt 0 view .LVU1
  37 0000 10B4     		push	{r4}
  38              	.LCFI0:
  39              		.cfi_def_cfa_offset 4
  40              		.cfi_offset 4, -4
  72:Drivers/STM32U5xx_HAL_Driver/Src/stm32u5xx_hal_pcd_ex.c ****   uint8_t i;
  41              		.loc 1 72 3 is_stmt 1 view .LVU2
  73:Drivers/STM32U5xx_HAL_Driver/Src/stm32u5xx_hal_pcd_ex.c ****   uint32_t Tx_Offset;
  42              		.loc 1 73 3 view .LVU3
ARM GAS  C:\usertemp\ccvtoeGc.s 			page 3


  74:Drivers/STM32U5xx_HAL_Driver/Src/stm32u5xx_hal_pcd_ex.c **** 
  75:Drivers/STM32U5xx_HAL_Driver/Src/stm32u5xx_hal_pcd_ex.c ****   /*  TXn min size = 16 words. (n  : Transmit FIFO index)
  76:Drivers/STM32U5xx_HAL_Driver/Src/stm32u5xx_hal_pcd_ex.c ****       When a TxFIFO is not used, the Configuration should be as follows:
  77:Drivers/STM32U5xx_HAL_Driver/Src/stm32u5xx_hal_pcd_ex.c ****           case 1 :  n > m    and Txn is not used    (n,m  : Transmit FIFO indexes)
  78:Drivers/STM32U5xx_HAL_Driver/Src/stm32u5xx_hal_pcd_ex.c ****          --> Txm can use the space allocated for Txn.
  79:Drivers/STM32U5xx_HAL_Driver/Src/stm32u5xx_hal_pcd_ex.c ****          case2  :  n < m    and Txn is not used    (n,m  : Transmit FIFO indexes)
  80:Drivers/STM32U5xx_HAL_Driver/Src/stm32u5xx_hal_pcd_ex.c ****          --> Txn should be configured with the minimum space of 16 words
  81:Drivers/STM32U5xx_HAL_Driver/Src/stm32u5xx_hal_pcd_ex.c ****      The FIFO is used optimally when used TxFIFOs are allocated in the top
  82:Drivers/STM32U5xx_HAL_Driver/Src/stm32u5xx_hal_pcd_ex.c ****          of the FIFO.Ex: use EP1 and EP2 as IN instead of EP1 and EP3 as IN ones.
  83:Drivers/STM32U5xx_HAL_Driver/Src/stm32u5xx_hal_pcd_ex.c ****      When DMA is used 3n * FIFO locations should be reserved for internal DMA registers */
  84:Drivers/STM32U5xx_HAL_Driver/Src/stm32u5xx_hal_pcd_ex.c **** 
  85:Drivers/STM32U5xx_HAL_Driver/Src/stm32u5xx_hal_pcd_ex.c ****   Tx_Offset = hpcd->Instance->GRXFSIZ;
  43              		.loc 1 85 3 view .LVU4
  44              		.loc 1 85 19 is_stmt 0 view .LVU5
  45 0002 0468     		ldr	r4, [r0]
  46              		.loc 1 85 13 view .LVU6
  47 0004 606A     		ldr	r0, [r4, #36]
  48              	.LVL1:
  86:Drivers/STM32U5xx_HAL_Driver/Src/stm32u5xx_hal_pcd_ex.c **** 
  87:Drivers/STM32U5xx_HAL_Driver/Src/stm32u5xx_hal_pcd_ex.c ****   if (fifo == 0U)
  49              		.loc 1 87 3 is_stmt 1 view .LVU7
  50              		.loc 1 87 6 is_stmt 0 view .LVU8
  51 0006 31B9     		cbnz	r1, .L2
  88:Drivers/STM32U5xx_HAL_Driver/Src/stm32u5xx_hal_pcd_ex.c ****   {
  89:Drivers/STM32U5xx_HAL_Driver/Src/stm32u5xx_hal_pcd_ex.c ****     hpcd->Instance->DIEPTXF0_HNPTXFSIZ = ((uint32_t)size << 16) | Tx_Offset;
  52              		.loc 1 89 5 is_stmt 1 view .LVU9
  53              		.loc 1 89 65 is_stmt 0 view .LVU10
  54 0008 40EA0240 		orr	r0, r0, r2, lsl #16
  55              	.LVL2:
  56              		.loc 1 89 40 view .LVU11
  57 000c A062     		str	r0, [r4, #40]
  58              	.LVL3:
  59              	.L3:
  90:Drivers/STM32U5xx_HAL_Driver/Src/stm32u5xx_hal_pcd_ex.c ****   }
  91:Drivers/STM32U5xx_HAL_Driver/Src/stm32u5xx_hal_pcd_ex.c ****   else
  92:Drivers/STM32U5xx_HAL_Driver/Src/stm32u5xx_hal_pcd_ex.c ****   {
  93:Drivers/STM32U5xx_HAL_Driver/Src/stm32u5xx_hal_pcd_ex.c ****     Tx_Offset += (hpcd->Instance->DIEPTXF0_HNPTXFSIZ) >> 16;
  94:Drivers/STM32U5xx_HAL_Driver/Src/stm32u5xx_hal_pcd_ex.c ****     for (i = 0U; i < (fifo - 1U); i++)
  95:Drivers/STM32U5xx_HAL_Driver/Src/stm32u5xx_hal_pcd_ex.c ****     {
  96:Drivers/STM32U5xx_HAL_Driver/Src/stm32u5xx_hal_pcd_ex.c ****       Tx_Offset += (hpcd->Instance->DIEPTXF[i] >> 16);
  97:Drivers/STM32U5xx_HAL_Driver/Src/stm32u5xx_hal_pcd_ex.c ****     }
  98:Drivers/STM32U5xx_HAL_Driver/Src/stm32u5xx_hal_pcd_ex.c **** 
  99:Drivers/STM32U5xx_HAL_Driver/Src/stm32u5xx_hal_pcd_ex.c ****     /* Multiply Tx_Size by 2 to get higher performance */
 100:Drivers/STM32U5xx_HAL_Driver/Src/stm32u5xx_hal_pcd_ex.c ****     hpcd->Instance->DIEPTXF[fifo - 1U] = ((uint32_t)size << 16) | Tx_Offset;
 101:Drivers/STM32U5xx_HAL_Driver/Src/stm32u5xx_hal_pcd_ex.c ****   }
 102:Drivers/STM32U5xx_HAL_Driver/Src/stm32u5xx_hal_pcd_ex.c **** 
 103:Drivers/STM32U5xx_HAL_Driver/Src/stm32u5xx_hal_pcd_ex.c ****   return HAL_OK;
  60              		.loc 1 103 3 is_stmt 1 view .LVU12
 104:Drivers/STM32U5xx_HAL_Driver/Src/stm32u5xx_hal_pcd_ex.c **** }
  61              		.loc 1 104 1 is_stmt 0 view .LVU13
  62 000e 0020     		movs	r0, #0
  63 0010 5DF8044B 		ldr	r4, [sp], #4
  64              	.LCFI1:
  65              		.cfi_remember_state
  66              		.cfi_restore 4
  67              		.cfi_def_cfa_offset 0
  68 0014 7047     		bx	lr
ARM GAS  C:\usertemp\ccvtoeGc.s 			page 4


  69              	.LVL4:
  70              	.L2:
  71              	.LCFI2:
  72              		.cfi_restore_state
  73              		.loc 1 104 1 view .LVU14
  74 0016 8C46     		mov	ip, r1
  93:Drivers/STM32U5xx_HAL_Driver/Src/stm32u5xx_hal_pcd_ex.c ****     for (i = 0U; i < (fifo - 1U); i++)
  75              		.loc 1 93 5 is_stmt 1 view .LVU15
  93:Drivers/STM32U5xx_HAL_Driver/Src/stm32u5xx_hal_pcd_ex.c ****     for (i = 0U; i < (fifo - 1U); i++)
  76              		.loc 1 93 33 is_stmt 0 view .LVU16
  77 0018 A36A     		ldr	r3, [r4, #40]
  93:Drivers/STM32U5xx_HAL_Driver/Src/stm32u5xx_hal_pcd_ex.c ****     for (i = 0U; i < (fifo - 1U); i++)
  78              		.loc 1 93 15 view .LVU17
  79 001a 00EB1340 		add	r0, r0, r3, lsr #16
  80              	.LVL5:
  94:Drivers/STM32U5xx_HAL_Driver/Src/stm32u5xx_hal_pcd_ex.c ****     {
  81              		.loc 1 94 5 is_stmt 1 view .LVU18
  94:Drivers/STM32U5xx_HAL_Driver/Src/stm32u5xx_hal_pcd_ex.c ****     {
  82              		.loc 1 94 12 is_stmt 0 view .LVU19
  83 001e 0023     		movs	r3, #0
  94:Drivers/STM32U5xx_HAL_Driver/Src/stm32u5xx_hal_pcd_ex.c ****     {
  84              		.loc 1 94 5 view .LVU20
  85 0020 08E0     		b	.L4
  86              	.LVL6:
  87              	.L5:
  96:Drivers/STM32U5xx_HAL_Driver/Src/stm32u5xx_hal_pcd_ex.c ****     }
  88              		.loc 1 96 7 is_stmt 1 view .LVU21
  96:Drivers/STM32U5xx_HAL_Driver/Src/stm32u5xx_hal_pcd_ex.c ****     }
  89              		.loc 1 96 44 is_stmt 0 view .LVU22
  90 0022 03F14001 		add	r1, r3, #64
  91 0026 04EB8101 		add	r1, r4, r1, lsl #2
  92 002a 4968     		ldr	r1, [r1, #4]
  96:Drivers/STM32U5xx_HAL_Driver/Src/stm32u5xx_hal_pcd_ex.c ****     }
  93              		.loc 1 96 17 view .LVU23
  94 002c 00EB1140 		add	r0, r0, r1, lsr #16
  95              	.LVL7:
  94:Drivers/STM32U5xx_HAL_Driver/Src/stm32u5xx_hal_pcd_ex.c ****     {
  96              		.loc 1 94 36 is_stmt 1 discriminator 3 view .LVU24
  97 0030 0133     		adds	r3, r3, #1
  98              	.LVL8:
  94:Drivers/STM32U5xx_HAL_Driver/Src/stm32u5xx_hal_pcd_ex.c ****     {
  99              		.loc 1 94 36 is_stmt 0 discriminator 3 view .LVU25
 100 0032 DBB2     		uxtb	r3, r3
 101              	.LVL9:
 102              	.L4:
  94:Drivers/STM32U5xx_HAL_Driver/Src/stm32u5xx_hal_pcd_ex.c ****     {
 103              		.loc 1 94 20 is_stmt 1 discriminator 1 view .LVU26
  94:Drivers/STM32U5xx_HAL_Driver/Src/stm32u5xx_hal_pcd_ex.c ****     {
 104              		.loc 1 94 28 is_stmt 0 discriminator 1 view .LVU27
 105 0034 0CF1FF31 		add	r1, ip, #-1
  94:Drivers/STM32U5xx_HAL_Driver/Src/stm32u5xx_hal_pcd_ex.c ****     {
 106              		.loc 1 94 20 discriminator 1 view .LVU28
 107 0038 8B42     		cmp	r3, r1
 108 003a F2D3     		bcc	.L5
 100:Drivers/STM32U5xx_HAL_Driver/Src/stm32u5xx_hal_pcd_ex.c ****   }
 109              		.loc 1 100 5 is_stmt 1 view .LVU29
 100:Drivers/STM32U5xx_HAL_Driver/Src/stm32u5xx_hal_pcd_ex.c ****   }
ARM GAS  C:\usertemp\ccvtoeGc.s 			page 5


 110              		.loc 1 100 65 is_stmt 0 view .LVU30
 111 003c 40EA0240 		orr	r0, r0, r2, lsl #16
 112              	.LVL10:
 100:Drivers/STM32U5xx_HAL_Driver/Src/stm32u5xx_hal_pcd_ex.c ****   }
 113              		.loc 1 100 40 view .LVU31
 114 0040 0CF13F01 		add	r1, ip, #63
 115 0044 04EB8104 		add	r4, r4, r1, lsl #2
 116 0048 6060     		str	r0, [r4, #4]
 117 004a E0E7     		b	.L3
 118              		.cfi_endproc
 119              	.LFE157:
 121              		.section	.text.HAL_PCDEx_SetRxFiFo,"ax",%progbits
 122              		.align	1
 123              		.global	HAL_PCDEx_SetRxFiFo
 124              		.syntax unified
 125              		.thumb
 126              		.thumb_func
 128              	HAL_PCDEx_SetRxFiFo:
 129              	.LVL11:
 130              	.LFB158:
 105:Drivers/STM32U5xx_HAL_Driver/Src/stm32u5xx_hal_pcd_ex.c **** 
 106:Drivers/STM32U5xx_HAL_Driver/Src/stm32u5xx_hal_pcd_ex.c **** /**
 107:Drivers/STM32U5xx_HAL_Driver/Src/stm32u5xx_hal_pcd_ex.c ****   * @brief  Set Rx FIFO
 108:Drivers/STM32U5xx_HAL_Driver/Src/stm32u5xx_hal_pcd_ex.c ****   * @param  hpcd PCD handle
 109:Drivers/STM32U5xx_HAL_Driver/Src/stm32u5xx_hal_pcd_ex.c ****   * @param  size Size of Rx fifo
 110:Drivers/STM32U5xx_HAL_Driver/Src/stm32u5xx_hal_pcd_ex.c ****   * @retval HAL status
 111:Drivers/STM32U5xx_HAL_Driver/Src/stm32u5xx_hal_pcd_ex.c ****   */
 112:Drivers/STM32U5xx_HAL_Driver/Src/stm32u5xx_hal_pcd_ex.c **** HAL_StatusTypeDef HAL_PCDEx_SetRxFiFo(PCD_HandleTypeDef *hpcd, uint16_t size)
 113:Drivers/STM32U5xx_HAL_Driver/Src/stm32u5xx_hal_pcd_ex.c **** {
 131              		.loc 1 113 1 is_stmt 1 view -0
 132              		.cfi_startproc
 133              		@ args = 0, pretend = 0, frame = 0
 134              		@ frame_needed = 0, uses_anonymous_args = 0
 135              		@ link register save eliminated.
 114:Drivers/STM32U5xx_HAL_Driver/Src/stm32u5xx_hal_pcd_ex.c ****   hpcd->Instance->GRXFSIZ = size;
 136              		.loc 1 114 3 view .LVU33
 137              		.loc 1 114 7 is_stmt 0 view .LVU34
 138 0000 0368     		ldr	r3, [r0]
 139              		.loc 1 114 27 view .LVU35
 140 0002 5962     		str	r1, [r3, #36]
 115:Drivers/STM32U5xx_HAL_Driver/Src/stm32u5xx_hal_pcd_ex.c **** 
 116:Drivers/STM32U5xx_HAL_Driver/Src/stm32u5xx_hal_pcd_ex.c ****   return HAL_OK;
 141              		.loc 1 116 3 is_stmt 1 view .LVU36
 117:Drivers/STM32U5xx_HAL_Driver/Src/stm32u5xx_hal_pcd_ex.c **** }
 142              		.loc 1 117 1 is_stmt 0 view .LVU37
 143 0004 0020     		movs	r0, #0
 144              	.LVL12:
 145              		.loc 1 117 1 view .LVU38
 146 0006 7047     		bx	lr
 147              		.cfi_endproc
 148              	.LFE158:
 150              		.section	.text.HAL_PCDEx_ActivateLPM,"ax",%progbits
 151              		.align	1
 152              		.global	HAL_PCDEx_ActivateLPM
 153              		.syntax unified
 154              		.thumb
 155              		.thumb_func
ARM GAS  C:\usertemp\ccvtoeGc.s 			page 6


 157              	HAL_PCDEx_ActivateLPM:
 158              	.LVL13:
 159              	.LFB159:
 118:Drivers/STM32U5xx_HAL_Driver/Src/stm32u5xx_hal_pcd_ex.c **** 
 119:Drivers/STM32U5xx_HAL_Driver/Src/stm32u5xx_hal_pcd_ex.c **** /**
 120:Drivers/STM32U5xx_HAL_Driver/Src/stm32u5xx_hal_pcd_ex.c ****   * @brief  Activate LPM feature.
 121:Drivers/STM32U5xx_HAL_Driver/Src/stm32u5xx_hal_pcd_ex.c ****   * @param  hpcd PCD handle
 122:Drivers/STM32U5xx_HAL_Driver/Src/stm32u5xx_hal_pcd_ex.c ****   * @retval HAL status
 123:Drivers/STM32U5xx_HAL_Driver/Src/stm32u5xx_hal_pcd_ex.c ****   */
 124:Drivers/STM32U5xx_HAL_Driver/Src/stm32u5xx_hal_pcd_ex.c **** HAL_StatusTypeDef HAL_PCDEx_ActivateLPM(PCD_HandleTypeDef *hpcd)
 125:Drivers/STM32U5xx_HAL_Driver/Src/stm32u5xx_hal_pcd_ex.c **** {
 160              		.loc 1 125 1 is_stmt 1 view -0
 161              		.cfi_startproc
 162              		@ args = 0, pretend = 0, frame = 0
 163              		@ frame_needed = 0, uses_anonymous_args = 0
 164              		@ link register save eliminated.
 165              		.loc 1 125 1 is_stmt 0 view .LVU40
 166 0000 0346     		mov	r3, r0
 126:Drivers/STM32U5xx_HAL_Driver/Src/stm32u5xx_hal_pcd_ex.c ****   USB_OTG_GlobalTypeDef *USBx = hpcd->Instance;
 167              		.loc 1 126 3 is_stmt 1 view .LVU41
 168              		.loc 1 126 26 is_stmt 0 view .LVU42
 169 0002 0268     		ldr	r2, [r0]
 170              	.LVL14:
 127:Drivers/STM32U5xx_HAL_Driver/Src/stm32u5xx_hal_pcd_ex.c **** 
 128:Drivers/STM32U5xx_HAL_Driver/Src/stm32u5xx_hal_pcd_ex.c ****   hpcd->lpm_active = 1U;
 171              		.loc 1 128 3 is_stmt 1 view .LVU43
 172              		.loc 1 128 20 is_stmt 0 view .LVU44
 173 0004 0121     		movs	r1, #1
 174 0006 C0F8D814 		str	r1, [r0, #1240]
 129:Drivers/STM32U5xx_HAL_Driver/Src/stm32u5xx_hal_pcd_ex.c ****   hpcd->LPM_State = LPM_L0;
 175              		.loc 1 129 3 is_stmt 1 view .LVU45
 176              		.loc 1 129 19 is_stmt 0 view .LVU46
 177 000a 0020     		movs	r0, #0
 178              	.LVL15:
 179              		.loc 1 129 19 view .LVU47
 180 000c 83F8CC04 		strb	r0, [r3, #1228]
 130:Drivers/STM32U5xx_HAL_Driver/Src/stm32u5xx_hal_pcd_ex.c ****   USBx->GINTMSK |= USB_OTG_GINTMSK_LPMINTM;
 181              		.loc 1 130 3 is_stmt 1 view .LVU48
 182              		.loc 1 130 7 is_stmt 0 view .LVU49
 183 0010 9369     		ldr	r3, [r2, #24]
 184              	.LVL16:
 185              		.loc 1 130 17 view .LVU50
 186 0012 43F00063 		orr	r3, r3, #134217728
 187 0016 9361     		str	r3, [r2, #24]
 131:Drivers/STM32U5xx_HAL_Driver/Src/stm32u5xx_hal_pcd_ex.c ****   USBx->GLPMCFG |= (USB_OTG_GLPMCFG_LPMEN | USB_OTG_GLPMCFG_LPMACK | USB_OTG_GLPMCFG_ENBESL);
 188              		.loc 1 131 3 is_stmt 1 view .LVU51
 189              		.loc 1 131 7 is_stmt 0 view .LVU52
 190 0018 536D     		ldr	r3, [r2, #84]
 191              		.loc 1 131 17 view .LVU53
 192 001a 43F08053 		orr	r3, r3, #268435456
 193 001e 43F00303 		orr	r3, r3, #3
 194 0022 5365     		str	r3, [r2, #84]
 132:Drivers/STM32U5xx_HAL_Driver/Src/stm32u5xx_hal_pcd_ex.c **** 
 133:Drivers/STM32U5xx_HAL_Driver/Src/stm32u5xx_hal_pcd_ex.c ****   return HAL_OK;
 195              		.loc 1 133 3 is_stmt 1 view .LVU54
 134:Drivers/STM32U5xx_HAL_Driver/Src/stm32u5xx_hal_pcd_ex.c **** }
 196              		.loc 1 134 1 is_stmt 0 view .LVU55
ARM GAS  C:\usertemp\ccvtoeGc.s 			page 7


 197 0024 7047     		bx	lr
 198              		.cfi_endproc
 199              	.LFE159:
 201              		.section	.text.HAL_PCDEx_DeActivateLPM,"ax",%progbits
 202              		.align	1
 203              		.global	HAL_PCDEx_DeActivateLPM
 204              		.syntax unified
 205              		.thumb
 206              		.thumb_func
 208              	HAL_PCDEx_DeActivateLPM:
 209              	.LVL17:
 210              	.LFB160:
 135:Drivers/STM32U5xx_HAL_Driver/Src/stm32u5xx_hal_pcd_ex.c **** 
 136:Drivers/STM32U5xx_HAL_Driver/Src/stm32u5xx_hal_pcd_ex.c **** /**
 137:Drivers/STM32U5xx_HAL_Driver/Src/stm32u5xx_hal_pcd_ex.c ****   * @brief  Deactivate LPM feature.
 138:Drivers/STM32U5xx_HAL_Driver/Src/stm32u5xx_hal_pcd_ex.c ****   * @param  hpcd PCD handle
 139:Drivers/STM32U5xx_HAL_Driver/Src/stm32u5xx_hal_pcd_ex.c ****   * @retval HAL status
 140:Drivers/STM32U5xx_HAL_Driver/Src/stm32u5xx_hal_pcd_ex.c ****   */
 141:Drivers/STM32U5xx_HAL_Driver/Src/stm32u5xx_hal_pcd_ex.c **** HAL_StatusTypeDef HAL_PCDEx_DeActivateLPM(PCD_HandleTypeDef *hpcd)
 142:Drivers/STM32U5xx_HAL_Driver/Src/stm32u5xx_hal_pcd_ex.c **** {
 211              		.loc 1 142 1 is_stmt 1 view -0
 212              		.cfi_startproc
 213              		@ args = 0, pretend = 0, frame = 0
 214              		@ frame_needed = 0, uses_anonymous_args = 0
 215              		@ link register save eliminated.
 216              		.loc 1 142 1 is_stmt 0 view .LVU57
 217 0000 0346     		mov	r3, r0
 143:Drivers/STM32U5xx_HAL_Driver/Src/stm32u5xx_hal_pcd_ex.c ****   USB_OTG_GlobalTypeDef *USBx = hpcd->Instance;
 218              		.loc 1 143 3 is_stmt 1 view .LVU58
 219              		.loc 1 143 26 is_stmt 0 view .LVU59
 220 0002 0268     		ldr	r2, [r0]
 221              	.LVL18:
 144:Drivers/STM32U5xx_HAL_Driver/Src/stm32u5xx_hal_pcd_ex.c **** 
 145:Drivers/STM32U5xx_HAL_Driver/Src/stm32u5xx_hal_pcd_ex.c ****   hpcd->lpm_active = 0U;
 222              		.loc 1 145 3 is_stmt 1 view .LVU60
 223              		.loc 1 145 20 is_stmt 0 view .LVU61
 224 0004 0020     		movs	r0, #0
 225              	.LVL19:
 226              		.loc 1 145 20 view .LVU62
 227 0006 C3F8D804 		str	r0, [r3, #1240]
 146:Drivers/STM32U5xx_HAL_Driver/Src/stm32u5xx_hal_pcd_ex.c ****   USBx->GINTMSK &= ~USB_OTG_GINTMSK_LPMINTM;
 228              		.loc 1 146 3 is_stmt 1 view .LVU63
 229              		.loc 1 146 7 is_stmt 0 view .LVU64
 230 000a 9369     		ldr	r3, [r2, #24]
 231              	.LVL20:
 232              		.loc 1 146 17 view .LVU65
 233 000c 23F00063 		bic	r3, r3, #134217728
 234 0010 9361     		str	r3, [r2, #24]
 147:Drivers/STM32U5xx_HAL_Driver/Src/stm32u5xx_hal_pcd_ex.c ****   USBx->GLPMCFG &= ~(USB_OTG_GLPMCFG_LPMEN | USB_OTG_GLPMCFG_LPMACK | USB_OTG_GLPMCFG_ENBESL);
 235              		.loc 1 147 3 is_stmt 1 view .LVU66
 236              		.loc 1 147 7 is_stmt 0 view .LVU67
 237 0012 536D     		ldr	r3, [r2, #84]
 238              		.loc 1 147 17 view .LVU68
 239 0014 23F08053 		bic	r3, r3, #268435456
 240 0018 23F00303 		bic	r3, r3, #3
 241 001c 5365     		str	r3, [r2, #84]
 148:Drivers/STM32U5xx_HAL_Driver/Src/stm32u5xx_hal_pcd_ex.c **** 
ARM GAS  C:\usertemp\ccvtoeGc.s 			page 8


 149:Drivers/STM32U5xx_HAL_Driver/Src/stm32u5xx_hal_pcd_ex.c ****   return HAL_OK;
 242              		.loc 1 149 3 is_stmt 1 view .LVU69
 150:Drivers/STM32U5xx_HAL_Driver/Src/stm32u5xx_hal_pcd_ex.c **** }
 243              		.loc 1 150 1 is_stmt 0 view .LVU70
 244 001e 7047     		bx	lr
 245              		.cfi_endproc
 246              	.LFE160:
 248              		.section	.text.HAL_PCDEx_ActivateBCD,"ax",%progbits
 249              		.align	1
 250              		.global	HAL_PCDEx_ActivateBCD
 251              		.syntax unified
 252              		.thumb
 253              		.thumb_func
 255              	HAL_PCDEx_ActivateBCD:
 256              	.LVL21:
 257              	.LFB162:
 151:Drivers/STM32U5xx_HAL_Driver/Src/stm32u5xx_hal_pcd_ex.c **** 
 152:Drivers/STM32U5xx_HAL_Driver/Src/stm32u5xx_hal_pcd_ex.c **** 
 153:Drivers/STM32U5xx_HAL_Driver/Src/stm32u5xx_hal_pcd_ex.c **** /**
 154:Drivers/STM32U5xx_HAL_Driver/Src/stm32u5xx_hal_pcd_ex.c ****   * @brief  Handle BatteryCharging Process.
 155:Drivers/STM32U5xx_HAL_Driver/Src/stm32u5xx_hal_pcd_ex.c ****   * @param  hpcd PCD handle
 156:Drivers/STM32U5xx_HAL_Driver/Src/stm32u5xx_hal_pcd_ex.c ****   * @retval HAL status
 157:Drivers/STM32U5xx_HAL_Driver/Src/stm32u5xx_hal_pcd_ex.c ****   */
 158:Drivers/STM32U5xx_HAL_Driver/Src/stm32u5xx_hal_pcd_ex.c **** void HAL_PCDEx_BCD_VBUSDetect(PCD_HandleTypeDef *hpcd)
 159:Drivers/STM32U5xx_HAL_Driver/Src/stm32u5xx_hal_pcd_ex.c **** {
 160:Drivers/STM32U5xx_HAL_Driver/Src/stm32u5xx_hal_pcd_ex.c ****   USB_OTG_GlobalTypeDef *USBx = hpcd->Instance;
 161:Drivers/STM32U5xx_HAL_Driver/Src/stm32u5xx_hal_pcd_ex.c ****   uint32_t tickstart = HAL_GetTick();
 162:Drivers/STM32U5xx_HAL_Driver/Src/stm32u5xx_hal_pcd_ex.c **** 
 163:Drivers/STM32U5xx_HAL_Driver/Src/stm32u5xx_hal_pcd_ex.c ****   /* Enable DCD : Data Contact Detect */
 164:Drivers/STM32U5xx_HAL_Driver/Src/stm32u5xx_hal_pcd_ex.c ****   USBx->GCCFG |= USB_OTG_GCCFG_DCDEN;
 165:Drivers/STM32U5xx_HAL_Driver/Src/stm32u5xx_hal_pcd_ex.c **** 
 166:Drivers/STM32U5xx_HAL_Driver/Src/stm32u5xx_hal_pcd_ex.c ****   /* Wait for Min DCD Timeout */
 167:Drivers/STM32U5xx_HAL_Driver/Src/stm32u5xx_hal_pcd_ex.c ****   HAL_Delay(300U);
 168:Drivers/STM32U5xx_HAL_Driver/Src/stm32u5xx_hal_pcd_ex.c **** 
 169:Drivers/STM32U5xx_HAL_Driver/Src/stm32u5xx_hal_pcd_ex.c **** #if defined (STM32U575xx) || defined (STM32U585xx)
 170:Drivers/STM32U5xx_HAL_Driver/Src/stm32u5xx_hal_pcd_ex.c ****   /* Check Detect flag */
 171:Drivers/STM32U5xx_HAL_Driver/Src/stm32u5xx_hal_pcd_ex.c ****   if ((USBx->GCCFG & USB_OTG_GCCFG_DCDET) == USB_OTG_GCCFG_DCDET)
 172:Drivers/STM32U5xx_HAL_Driver/Src/stm32u5xx_hal_pcd_ex.c ****   {
 173:Drivers/STM32U5xx_HAL_Driver/Src/stm32u5xx_hal_pcd_ex.c **** #if (USE_HAL_PCD_REGISTER_CALLBACKS == 1U)
 174:Drivers/STM32U5xx_HAL_Driver/Src/stm32u5xx_hal_pcd_ex.c ****     hpcd->BCDCallback(hpcd, PCD_BCD_CONTACT_DETECTION);
 175:Drivers/STM32U5xx_HAL_Driver/Src/stm32u5xx_hal_pcd_ex.c **** #else
 176:Drivers/STM32U5xx_HAL_Driver/Src/stm32u5xx_hal_pcd_ex.c ****     HAL_PCDEx_BCD_Callback(hpcd, PCD_BCD_CONTACT_DETECTION);
 177:Drivers/STM32U5xx_HAL_Driver/Src/stm32u5xx_hal_pcd_ex.c **** #endif /* USE_HAL_PCD_REGISTER_CALLBACKS */
 178:Drivers/STM32U5xx_HAL_Driver/Src/stm32u5xx_hal_pcd_ex.c ****   }
 179:Drivers/STM32U5xx_HAL_Driver/Src/stm32u5xx_hal_pcd_ex.c **** #endif /* defined (STM32U575xx) || defined (STM32U585xx) */
 180:Drivers/STM32U5xx_HAL_Driver/Src/stm32u5xx_hal_pcd_ex.c **** 
 181:Drivers/STM32U5xx_HAL_Driver/Src/stm32u5xx_hal_pcd_ex.c ****   /* Primary detection: checks if connected to Standard Downstream Port
 182:Drivers/STM32U5xx_HAL_Driver/Src/stm32u5xx_hal_pcd_ex.c ****   (without charging capability) */
 183:Drivers/STM32U5xx_HAL_Driver/Src/stm32u5xx_hal_pcd_ex.c ****   USBx->GCCFG &= ~USB_OTG_GCCFG_DCDEN;
 184:Drivers/STM32U5xx_HAL_Driver/Src/stm32u5xx_hal_pcd_ex.c ****   HAL_Delay(50U);
 185:Drivers/STM32U5xx_HAL_Driver/Src/stm32u5xx_hal_pcd_ex.c ****   USBx->GCCFG |= USB_OTG_GCCFG_PDEN;
 186:Drivers/STM32U5xx_HAL_Driver/Src/stm32u5xx_hal_pcd_ex.c ****   HAL_Delay(50U);
 187:Drivers/STM32U5xx_HAL_Driver/Src/stm32u5xx_hal_pcd_ex.c **** 
 188:Drivers/STM32U5xx_HAL_Driver/Src/stm32u5xx_hal_pcd_ex.c **** #if defined (STM32U575xx) || defined (STM32U585xx)
 189:Drivers/STM32U5xx_HAL_Driver/Src/stm32u5xx_hal_pcd_ex.c ****   if ((USBx->GCCFG & USB_OTG_GCCFG_PDET) == 0U)
 190:Drivers/STM32U5xx_HAL_Driver/Src/stm32u5xx_hal_pcd_ex.c **** #else
 191:Drivers/STM32U5xx_HAL_Driver/Src/stm32u5xx_hal_pcd_ex.c ****   if ((USBx->GCCFG & USB_OTG_GCCFG_CHGDET) == 0U)
ARM GAS  C:\usertemp\ccvtoeGc.s 			page 9


 192:Drivers/STM32U5xx_HAL_Driver/Src/stm32u5xx_hal_pcd_ex.c **** #endif /* defined (STM32U575xx) || defined (STM32U585xx) */
 193:Drivers/STM32U5xx_HAL_Driver/Src/stm32u5xx_hal_pcd_ex.c ****   {
 194:Drivers/STM32U5xx_HAL_Driver/Src/stm32u5xx_hal_pcd_ex.c ****     /* Case of Standard Downstream Port */
 195:Drivers/STM32U5xx_HAL_Driver/Src/stm32u5xx_hal_pcd_ex.c **** #if (USE_HAL_PCD_REGISTER_CALLBACKS == 1U)
 196:Drivers/STM32U5xx_HAL_Driver/Src/stm32u5xx_hal_pcd_ex.c ****     hpcd->BCDCallback(hpcd, PCD_BCD_STD_DOWNSTREAM_PORT);
 197:Drivers/STM32U5xx_HAL_Driver/Src/stm32u5xx_hal_pcd_ex.c **** #else
 198:Drivers/STM32U5xx_HAL_Driver/Src/stm32u5xx_hal_pcd_ex.c ****     HAL_PCDEx_BCD_Callback(hpcd, PCD_BCD_STD_DOWNSTREAM_PORT);
 199:Drivers/STM32U5xx_HAL_Driver/Src/stm32u5xx_hal_pcd_ex.c **** #endif /* USE_HAL_PCD_REGISTER_CALLBACKS */
 200:Drivers/STM32U5xx_HAL_Driver/Src/stm32u5xx_hal_pcd_ex.c ****   }
 201:Drivers/STM32U5xx_HAL_Driver/Src/stm32u5xx_hal_pcd_ex.c ****   else
 202:Drivers/STM32U5xx_HAL_Driver/Src/stm32u5xx_hal_pcd_ex.c ****   {
 203:Drivers/STM32U5xx_HAL_Driver/Src/stm32u5xx_hal_pcd_ex.c ****     /* start secondary detection to check connection to Charging Downstream
 204:Drivers/STM32U5xx_HAL_Driver/Src/stm32u5xx_hal_pcd_ex.c ****     Port or Dedicated Charging Port */
 205:Drivers/STM32U5xx_HAL_Driver/Src/stm32u5xx_hal_pcd_ex.c ****     USBx->GCCFG &= ~(USB_OTG_GCCFG_PDEN);
 206:Drivers/STM32U5xx_HAL_Driver/Src/stm32u5xx_hal_pcd_ex.c ****     HAL_Delay(50U);
 207:Drivers/STM32U5xx_HAL_Driver/Src/stm32u5xx_hal_pcd_ex.c ****     USBx->GCCFG |= USB_OTG_GCCFG_SDEN;
 208:Drivers/STM32U5xx_HAL_Driver/Src/stm32u5xx_hal_pcd_ex.c ****     HAL_Delay(50U);
 209:Drivers/STM32U5xx_HAL_Driver/Src/stm32u5xx_hal_pcd_ex.c **** 
 210:Drivers/STM32U5xx_HAL_Driver/Src/stm32u5xx_hal_pcd_ex.c **** #if defined (STM32U575xx) || defined (STM32U585xx)
 211:Drivers/STM32U5xx_HAL_Driver/Src/stm32u5xx_hal_pcd_ex.c ****     if ((USBx->GCCFG & USB_OTG_GCCFG_SDET) == USB_OTG_GCCFG_SDET)
 212:Drivers/STM32U5xx_HAL_Driver/Src/stm32u5xx_hal_pcd_ex.c **** #else
 213:Drivers/STM32U5xx_HAL_Driver/Src/stm32u5xx_hal_pcd_ex.c ****     if ((USBx->GCCFG & USB_OTG_GCCFG_FSVPLUS) == USB_OTG_GCCFG_FSVPLUS)
 214:Drivers/STM32U5xx_HAL_Driver/Src/stm32u5xx_hal_pcd_ex.c **** #endif /* defined (STM32U575xx) || defined (STM32U585xx) */
 215:Drivers/STM32U5xx_HAL_Driver/Src/stm32u5xx_hal_pcd_ex.c ****     {
 216:Drivers/STM32U5xx_HAL_Driver/Src/stm32u5xx_hal_pcd_ex.c ****       /* case Dedicated Charging Port  */
 217:Drivers/STM32U5xx_HAL_Driver/Src/stm32u5xx_hal_pcd_ex.c **** #if (USE_HAL_PCD_REGISTER_CALLBACKS == 1U)
 218:Drivers/STM32U5xx_HAL_Driver/Src/stm32u5xx_hal_pcd_ex.c ****       hpcd->BCDCallback(hpcd, PCD_BCD_DEDICATED_CHARGING_PORT);
 219:Drivers/STM32U5xx_HAL_Driver/Src/stm32u5xx_hal_pcd_ex.c **** #else
 220:Drivers/STM32U5xx_HAL_Driver/Src/stm32u5xx_hal_pcd_ex.c ****       HAL_PCDEx_BCD_Callback(hpcd, PCD_BCD_DEDICATED_CHARGING_PORT);
 221:Drivers/STM32U5xx_HAL_Driver/Src/stm32u5xx_hal_pcd_ex.c **** #endif /* USE_HAL_PCD_REGISTER_CALLBACKS */
 222:Drivers/STM32U5xx_HAL_Driver/Src/stm32u5xx_hal_pcd_ex.c ****     }
 223:Drivers/STM32U5xx_HAL_Driver/Src/stm32u5xx_hal_pcd_ex.c ****     else
 224:Drivers/STM32U5xx_HAL_Driver/Src/stm32u5xx_hal_pcd_ex.c ****     {
 225:Drivers/STM32U5xx_HAL_Driver/Src/stm32u5xx_hal_pcd_ex.c ****       /* case Charging Downstream Port */
 226:Drivers/STM32U5xx_HAL_Driver/Src/stm32u5xx_hal_pcd_ex.c **** #if (USE_HAL_PCD_REGISTER_CALLBACKS == 1U)
 227:Drivers/STM32U5xx_HAL_Driver/Src/stm32u5xx_hal_pcd_ex.c ****       hpcd->BCDCallback(hpcd, PCD_BCD_CHARGING_DOWNSTREAM_PORT);
 228:Drivers/STM32U5xx_HAL_Driver/Src/stm32u5xx_hal_pcd_ex.c **** #else
 229:Drivers/STM32U5xx_HAL_Driver/Src/stm32u5xx_hal_pcd_ex.c ****       HAL_PCDEx_BCD_Callback(hpcd, PCD_BCD_CHARGING_DOWNSTREAM_PORT);
 230:Drivers/STM32U5xx_HAL_Driver/Src/stm32u5xx_hal_pcd_ex.c **** #endif /* USE_HAL_PCD_REGISTER_CALLBACKS */
 231:Drivers/STM32U5xx_HAL_Driver/Src/stm32u5xx_hal_pcd_ex.c ****     }
 232:Drivers/STM32U5xx_HAL_Driver/Src/stm32u5xx_hal_pcd_ex.c ****   }
 233:Drivers/STM32U5xx_HAL_Driver/Src/stm32u5xx_hal_pcd_ex.c **** 
 234:Drivers/STM32U5xx_HAL_Driver/Src/stm32u5xx_hal_pcd_ex.c ****   /* Battery Charging capability discovery finished */
 235:Drivers/STM32U5xx_HAL_Driver/Src/stm32u5xx_hal_pcd_ex.c ****   (void)HAL_PCDEx_DeActivateBCD(hpcd);
 236:Drivers/STM32U5xx_HAL_Driver/Src/stm32u5xx_hal_pcd_ex.c **** 
 237:Drivers/STM32U5xx_HAL_Driver/Src/stm32u5xx_hal_pcd_ex.c ****   /* Check for the Timeout, else start USB Device */
 238:Drivers/STM32U5xx_HAL_Driver/Src/stm32u5xx_hal_pcd_ex.c ****   if ((HAL_GetTick() - tickstart) > 1000U)
 239:Drivers/STM32U5xx_HAL_Driver/Src/stm32u5xx_hal_pcd_ex.c ****   {
 240:Drivers/STM32U5xx_HAL_Driver/Src/stm32u5xx_hal_pcd_ex.c **** #if (USE_HAL_PCD_REGISTER_CALLBACKS == 1U)
 241:Drivers/STM32U5xx_HAL_Driver/Src/stm32u5xx_hal_pcd_ex.c ****     hpcd->BCDCallback(hpcd, PCD_BCD_ERROR);
 242:Drivers/STM32U5xx_HAL_Driver/Src/stm32u5xx_hal_pcd_ex.c **** #else
 243:Drivers/STM32U5xx_HAL_Driver/Src/stm32u5xx_hal_pcd_ex.c ****     HAL_PCDEx_BCD_Callback(hpcd, PCD_BCD_ERROR);
 244:Drivers/STM32U5xx_HAL_Driver/Src/stm32u5xx_hal_pcd_ex.c **** #endif /* USE_HAL_PCD_REGISTER_CALLBACKS */
 245:Drivers/STM32U5xx_HAL_Driver/Src/stm32u5xx_hal_pcd_ex.c ****   }
 246:Drivers/STM32U5xx_HAL_Driver/Src/stm32u5xx_hal_pcd_ex.c ****   else
 247:Drivers/STM32U5xx_HAL_Driver/Src/stm32u5xx_hal_pcd_ex.c ****   {
 248:Drivers/STM32U5xx_HAL_Driver/Src/stm32u5xx_hal_pcd_ex.c **** #if (USE_HAL_PCD_REGISTER_CALLBACKS == 1U)
ARM GAS  C:\usertemp\ccvtoeGc.s 			page 10


 249:Drivers/STM32U5xx_HAL_Driver/Src/stm32u5xx_hal_pcd_ex.c ****     hpcd->BCDCallback(hpcd, PCD_BCD_DISCOVERY_COMPLETED);
 250:Drivers/STM32U5xx_HAL_Driver/Src/stm32u5xx_hal_pcd_ex.c **** #else
 251:Drivers/STM32U5xx_HAL_Driver/Src/stm32u5xx_hal_pcd_ex.c ****     HAL_PCDEx_BCD_Callback(hpcd, PCD_BCD_DISCOVERY_COMPLETED);
 252:Drivers/STM32U5xx_HAL_Driver/Src/stm32u5xx_hal_pcd_ex.c **** #endif /* USE_HAL_PCD_REGISTER_CALLBACKS */
 253:Drivers/STM32U5xx_HAL_Driver/Src/stm32u5xx_hal_pcd_ex.c ****   }
 254:Drivers/STM32U5xx_HAL_Driver/Src/stm32u5xx_hal_pcd_ex.c **** }
 255:Drivers/STM32U5xx_HAL_Driver/Src/stm32u5xx_hal_pcd_ex.c **** 
 256:Drivers/STM32U5xx_HAL_Driver/Src/stm32u5xx_hal_pcd_ex.c **** /**
 257:Drivers/STM32U5xx_HAL_Driver/Src/stm32u5xx_hal_pcd_ex.c ****   * @brief  Activate BatteryCharging feature.
 258:Drivers/STM32U5xx_HAL_Driver/Src/stm32u5xx_hal_pcd_ex.c ****   * @param  hpcd PCD handle
 259:Drivers/STM32U5xx_HAL_Driver/Src/stm32u5xx_hal_pcd_ex.c ****   * @retval HAL status
 260:Drivers/STM32U5xx_HAL_Driver/Src/stm32u5xx_hal_pcd_ex.c ****   */
 261:Drivers/STM32U5xx_HAL_Driver/Src/stm32u5xx_hal_pcd_ex.c **** HAL_StatusTypeDef HAL_PCDEx_ActivateBCD(PCD_HandleTypeDef *hpcd)
 262:Drivers/STM32U5xx_HAL_Driver/Src/stm32u5xx_hal_pcd_ex.c **** {
 258              		.loc 1 262 1 is_stmt 1 view -0
 259              		.cfi_startproc
 260              		@ args = 0, pretend = 0, frame = 0
 261              		@ frame_needed = 0, uses_anonymous_args = 0
 262              		@ link register save eliminated.
 263:Drivers/STM32U5xx_HAL_Driver/Src/stm32u5xx_hal_pcd_ex.c ****   USB_OTG_GlobalTypeDef *USBx = hpcd->Instance;
 263              		.loc 1 263 3 view .LVU72
 264              		.loc 1 263 26 is_stmt 0 view .LVU73
 265 0000 0368     		ldr	r3, [r0]
 266              	.LVL22:
 264:Drivers/STM32U5xx_HAL_Driver/Src/stm32u5xx_hal_pcd_ex.c **** 
 265:Drivers/STM32U5xx_HAL_Driver/Src/stm32u5xx_hal_pcd_ex.c ****   USBx->GCCFG &= ~(USB_OTG_GCCFG_PDEN);
 267              		.loc 1 265 3 is_stmt 1 view .LVU74
 268              		.loc 1 265 7 is_stmt 0 view .LVU75
 269 0002 9A6B     		ldr	r2, [r3, #56]
 270              		.loc 1 265 15 view .LVU76
 271 0004 22F40022 		bic	r2, r2, #524288
 272 0008 9A63     		str	r2, [r3, #56]
 266:Drivers/STM32U5xx_HAL_Driver/Src/stm32u5xx_hal_pcd_ex.c ****   USBx->GCCFG &= ~(USB_OTG_GCCFG_SDEN);
 273              		.loc 1 266 3 is_stmt 1 view .LVU77
 274              		.loc 1 266 7 is_stmt 0 view .LVU78
 275 000a 9A6B     		ldr	r2, [r3, #56]
 276              		.loc 1 266 15 view .LVU79
 277 000c 22F48012 		bic	r2, r2, #1048576
 278 0010 9A63     		str	r2, [r3, #56]
 267:Drivers/STM32U5xx_HAL_Driver/Src/stm32u5xx_hal_pcd_ex.c **** 
 268:Drivers/STM32U5xx_HAL_Driver/Src/stm32u5xx_hal_pcd_ex.c **** #if defined (STM32U575xx) || defined (STM32U585xx)
 269:Drivers/STM32U5xx_HAL_Driver/Src/stm32u5xx_hal_pcd_ex.c ****   /* Power Down USB transceiver  */
 270:Drivers/STM32U5xx_HAL_Driver/Src/stm32u5xx_hal_pcd_ex.c ****   USBx->GCCFG &= ~(USB_OTG_GCCFG_PWRDWN);
 279              		.loc 1 270 3 is_stmt 1 view .LVU80
 280              		.loc 1 270 7 is_stmt 0 view .LVU81
 281 0012 9A6B     		ldr	r2, [r3, #56]
 282              		.loc 1 270 15 view .LVU82
 283 0014 22F48032 		bic	r2, r2, #65536
 284 0018 9A63     		str	r2, [r3, #56]
 271:Drivers/STM32U5xx_HAL_Driver/Src/stm32u5xx_hal_pcd_ex.c **** 
 272:Drivers/STM32U5xx_HAL_Driver/Src/stm32u5xx_hal_pcd_ex.c ****   /* Enable Battery charging */
 273:Drivers/STM32U5xx_HAL_Driver/Src/stm32u5xx_hal_pcd_ex.c ****   USBx->GCCFG |= USB_OTG_GCCFG_BCDEN;
 285              		.loc 1 273 3 is_stmt 1 view .LVU83
 286              		.loc 1 273 7 is_stmt 0 view .LVU84
 287 001a 9A6B     		ldr	r2, [r3, #56]
 288              		.loc 1 273 15 view .LVU85
 289 001c 42F40032 		orr	r2, r2, #131072
ARM GAS  C:\usertemp\ccvtoeGc.s 			page 11


 290 0020 9A63     		str	r2, [r3, #56]
 274:Drivers/STM32U5xx_HAL_Driver/Src/stm32u5xx_hal_pcd_ex.c **** #endif /* defined (STM32U575xx) || defined (STM32U585xx) */
 275:Drivers/STM32U5xx_HAL_Driver/Src/stm32u5xx_hal_pcd_ex.c **** 
 276:Drivers/STM32U5xx_HAL_Driver/Src/stm32u5xx_hal_pcd_ex.c ****   hpcd->battery_charging_active = 1U;
 291              		.loc 1 276 3 is_stmt 1 view .LVU86
 292              		.loc 1 276 33 is_stmt 0 view .LVU87
 293 0022 0123     		movs	r3, #1
 294              	.LVL23:
 295              		.loc 1 276 33 view .LVU88
 296 0024 C0F8DC34 		str	r3, [r0, #1244]
 277:Drivers/STM32U5xx_HAL_Driver/Src/stm32u5xx_hal_pcd_ex.c **** 
 278:Drivers/STM32U5xx_HAL_Driver/Src/stm32u5xx_hal_pcd_ex.c ****   return HAL_OK;
 297              		.loc 1 278 3 is_stmt 1 view .LVU89
 279:Drivers/STM32U5xx_HAL_Driver/Src/stm32u5xx_hal_pcd_ex.c **** }
 298              		.loc 1 279 1 is_stmt 0 view .LVU90
 299 0028 0020     		movs	r0, #0
 300              	.LVL24:
 301              		.loc 1 279 1 view .LVU91
 302 002a 7047     		bx	lr
 303              		.cfi_endproc
 304              	.LFE162:
 306              		.section	.text.HAL_PCDEx_DeActivateBCD,"ax",%progbits
 307              		.align	1
 308              		.global	HAL_PCDEx_DeActivateBCD
 309              		.syntax unified
 310              		.thumb
 311              		.thumb_func
 313              	HAL_PCDEx_DeActivateBCD:
 314              	.LVL25:
 315              	.LFB163:
 280:Drivers/STM32U5xx_HAL_Driver/Src/stm32u5xx_hal_pcd_ex.c **** 
 281:Drivers/STM32U5xx_HAL_Driver/Src/stm32u5xx_hal_pcd_ex.c **** /**
 282:Drivers/STM32U5xx_HAL_Driver/Src/stm32u5xx_hal_pcd_ex.c ****   * @brief  Deactivate BatteryCharging feature.
 283:Drivers/STM32U5xx_HAL_Driver/Src/stm32u5xx_hal_pcd_ex.c ****   * @param  hpcd PCD handle
 284:Drivers/STM32U5xx_HAL_Driver/Src/stm32u5xx_hal_pcd_ex.c ****   * @retval HAL status
 285:Drivers/STM32U5xx_HAL_Driver/Src/stm32u5xx_hal_pcd_ex.c ****   */
 286:Drivers/STM32U5xx_HAL_Driver/Src/stm32u5xx_hal_pcd_ex.c **** HAL_StatusTypeDef HAL_PCDEx_DeActivateBCD(PCD_HandleTypeDef *hpcd)
 287:Drivers/STM32U5xx_HAL_Driver/Src/stm32u5xx_hal_pcd_ex.c **** {
 316              		.loc 1 287 1 is_stmt 1 view -0
 317              		.cfi_startproc
 318              		@ args = 0, pretend = 0, frame = 0
 319              		@ frame_needed = 0, uses_anonymous_args = 0
 320              		@ link register save eliminated.
 321              		.loc 1 287 1 is_stmt 0 view .LVU93
 322 0000 0246     		mov	r2, r0
 288:Drivers/STM32U5xx_HAL_Driver/Src/stm32u5xx_hal_pcd_ex.c ****   USB_OTG_GlobalTypeDef *USBx = hpcd->Instance;
 323              		.loc 1 288 3 is_stmt 1 view .LVU94
 324              		.loc 1 288 26 is_stmt 0 view .LVU95
 325 0002 0368     		ldr	r3, [r0]
 326              	.LVL26:
 289:Drivers/STM32U5xx_HAL_Driver/Src/stm32u5xx_hal_pcd_ex.c **** 
 290:Drivers/STM32U5xx_HAL_Driver/Src/stm32u5xx_hal_pcd_ex.c ****   USBx->GCCFG &= ~(USB_OTG_GCCFG_SDEN);
 327              		.loc 1 290 3 is_stmt 1 view .LVU96
 328              		.loc 1 290 7 is_stmt 0 view .LVU97
 329 0004 996B     		ldr	r1, [r3, #56]
 330              		.loc 1 290 15 view .LVU98
 331 0006 21F48011 		bic	r1, r1, #1048576
ARM GAS  C:\usertemp\ccvtoeGc.s 			page 12


 332 000a 9963     		str	r1, [r3, #56]
 291:Drivers/STM32U5xx_HAL_Driver/Src/stm32u5xx_hal_pcd_ex.c ****   USBx->GCCFG &= ~(USB_OTG_GCCFG_PDEN);
 333              		.loc 1 291 3 is_stmt 1 view .LVU99
 334              		.loc 1 291 7 is_stmt 0 view .LVU100
 335 000c 996B     		ldr	r1, [r3, #56]
 336              		.loc 1 291 15 view .LVU101
 337 000e 21F40021 		bic	r1, r1, #524288
 338 0012 9963     		str	r1, [r3, #56]
 292:Drivers/STM32U5xx_HAL_Driver/Src/stm32u5xx_hal_pcd_ex.c **** 
 293:Drivers/STM32U5xx_HAL_Driver/Src/stm32u5xx_hal_pcd_ex.c **** #if defined (STM32U575xx) || defined (STM32U585xx)
 294:Drivers/STM32U5xx_HAL_Driver/Src/stm32u5xx_hal_pcd_ex.c ****   /* Disable Battery charging */
 295:Drivers/STM32U5xx_HAL_Driver/Src/stm32u5xx_hal_pcd_ex.c ****   USBx->GCCFG &= ~(USB_OTG_GCCFG_BCDEN);
 339              		.loc 1 295 3 is_stmt 1 view .LVU102
 340              		.loc 1 295 7 is_stmt 0 view .LVU103
 341 0014 996B     		ldr	r1, [r3, #56]
 342              		.loc 1 295 15 view .LVU104
 343 0016 21F40031 		bic	r1, r1, #131072
 344 001a 9963     		str	r1, [r3, #56]
 296:Drivers/STM32U5xx_HAL_Driver/Src/stm32u5xx_hal_pcd_ex.c **** #endif /* defined (STM32U575xx) || defined (STM32U585xx) */
 297:Drivers/STM32U5xx_HAL_Driver/Src/stm32u5xx_hal_pcd_ex.c **** 
 298:Drivers/STM32U5xx_HAL_Driver/Src/stm32u5xx_hal_pcd_ex.c ****   hpcd->battery_charging_active = 0U;
 345              		.loc 1 298 3 is_stmt 1 view .LVU105
 346              		.loc 1 298 33 is_stmt 0 view .LVU106
 347 001c 0020     		movs	r0, #0
 348              	.LVL27:
 349              		.loc 1 298 33 view .LVU107
 350 001e C2F8DC04 		str	r0, [r2, #1244]
 299:Drivers/STM32U5xx_HAL_Driver/Src/stm32u5xx_hal_pcd_ex.c **** 
 300:Drivers/STM32U5xx_HAL_Driver/Src/stm32u5xx_hal_pcd_ex.c ****   return HAL_OK;
 351              		.loc 1 300 3 is_stmt 1 view .LVU108
 301:Drivers/STM32U5xx_HAL_Driver/Src/stm32u5xx_hal_pcd_ex.c **** }
 352              		.loc 1 301 1 is_stmt 0 view .LVU109
 353 0022 7047     		bx	lr
 354              		.cfi_endproc
 355              	.LFE163:
 357              		.section	.text.HAL_PCDEx_LPM_Callback,"ax",%progbits
 358              		.align	1
 359              		.weak	HAL_PCDEx_LPM_Callback
 360              		.syntax unified
 361              		.thumb
 362              		.thumb_func
 364              	HAL_PCDEx_LPM_Callback:
 365              	.LVL28:
 366              	.LFB164:
 302:Drivers/STM32U5xx_HAL_Driver/Src/stm32u5xx_hal_pcd_ex.c **** 
 303:Drivers/STM32U5xx_HAL_Driver/Src/stm32u5xx_hal_pcd_ex.c **** #endif /* defined (USB_OTG_FS) || defined (USB_OTG_HS) */
 304:Drivers/STM32U5xx_HAL_Driver/Src/stm32u5xx_hal_pcd_ex.c **** #if defined (USB_DRD_FS)
 305:Drivers/STM32U5xx_HAL_Driver/Src/stm32u5xx_hal_pcd_ex.c **** /**
 306:Drivers/STM32U5xx_HAL_Driver/Src/stm32u5xx_hal_pcd_ex.c ****   * @brief  Configure PMA for EP
 307:Drivers/STM32U5xx_HAL_Driver/Src/stm32u5xx_hal_pcd_ex.c ****   * @param  hpcd  Device instance
 308:Drivers/STM32U5xx_HAL_Driver/Src/stm32u5xx_hal_pcd_ex.c ****   * @param  ep_addr endpoint address
 309:Drivers/STM32U5xx_HAL_Driver/Src/stm32u5xx_hal_pcd_ex.c ****   * @param  ep_kind endpoint Kind
 310:Drivers/STM32U5xx_HAL_Driver/Src/stm32u5xx_hal_pcd_ex.c ****   *                  USB_SNG_BUF: Single Buffer used
 311:Drivers/STM32U5xx_HAL_Driver/Src/stm32u5xx_hal_pcd_ex.c ****   *                  USB_DBL_BUF: Double Buffer used
 312:Drivers/STM32U5xx_HAL_Driver/Src/stm32u5xx_hal_pcd_ex.c ****   * @param  pmaadress: EP address in The PMA: In case of single buffer endpoint
 313:Drivers/STM32U5xx_HAL_Driver/Src/stm32u5xx_hal_pcd_ex.c ****   *                   this parameter is 16-bit value providing the address
 314:Drivers/STM32U5xx_HAL_Driver/Src/stm32u5xx_hal_pcd_ex.c ****   *                   in PMA allocated to endpoint.
ARM GAS  C:\usertemp\ccvtoeGc.s 			page 13


 315:Drivers/STM32U5xx_HAL_Driver/Src/stm32u5xx_hal_pcd_ex.c ****   *                   In case of double buffer endpoint this parameter
 316:Drivers/STM32U5xx_HAL_Driver/Src/stm32u5xx_hal_pcd_ex.c ****   *                   is a 32-bit value providing the endpoint buffer 0 address
 317:Drivers/STM32U5xx_HAL_Driver/Src/stm32u5xx_hal_pcd_ex.c ****   *                   in the LSB part of 32-bit value and endpoint buffer 1 address
 318:Drivers/STM32U5xx_HAL_Driver/Src/stm32u5xx_hal_pcd_ex.c ****   *                   in the MSB part of 32-bit value.
 319:Drivers/STM32U5xx_HAL_Driver/Src/stm32u5xx_hal_pcd_ex.c ****   * @retval HAL status
 320:Drivers/STM32U5xx_HAL_Driver/Src/stm32u5xx_hal_pcd_ex.c ****   */
 321:Drivers/STM32U5xx_HAL_Driver/Src/stm32u5xx_hal_pcd_ex.c **** 
 322:Drivers/STM32U5xx_HAL_Driver/Src/stm32u5xx_hal_pcd_ex.c **** HAL_StatusTypeDef  HAL_PCDEx_PMAConfig(PCD_HandleTypeDef *hpcd, uint16_t ep_addr,
 323:Drivers/STM32U5xx_HAL_Driver/Src/stm32u5xx_hal_pcd_ex.c ****                                        uint16_t ep_kind, uint32_t pmaadress)
 324:Drivers/STM32U5xx_HAL_Driver/Src/stm32u5xx_hal_pcd_ex.c **** {
 325:Drivers/STM32U5xx_HAL_Driver/Src/stm32u5xx_hal_pcd_ex.c ****   PCD_EPTypeDef *ep;
 326:Drivers/STM32U5xx_HAL_Driver/Src/stm32u5xx_hal_pcd_ex.c **** 
 327:Drivers/STM32U5xx_HAL_Driver/Src/stm32u5xx_hal_pcd_ex.c ****   /* Initialize ep structure */
 328:Drivers/STM32U5xx_HAL_Driver/Src/stm32u5xx_hal_pcd_ex.c ****   if ((0x80U & ep_addr) == 0x80U)
 329:Drivers/STM32U5xx_HAL_Driver/Src/stm32u5xx_hal_pcd_ex.c ****   {
 330:Drivers/STM32U5xx_HAL_Driver/Src/stm32u5xx_hal_pcd_ex.c ****     ep = &hpcd->IN_ep[ep_addr & EP_ADDR_MSK];
 331:Drivers/STM32U5xx_HAL_Driver/Src/stm32u5xx_hal_pcd_ex.c ****   }
 332:Drivers/STM32U5xx_HAL_Driver/Src/stm32u5xx_hal_pcd_ex.c ****   else
 333:Drivers/STM32U5xx_HAL_Driver/Src/stm32u5xx_hal_pcd_ex.c ****   {
 334:Drivers/STM32U5xx_HAL_Driver/Src/stm32u5xx_hal_pcd_ex.c ****     ep = &hpcd->OUT_ep[ep_addr];
 335:Drivers/STM32U5xx_HAL_Driver/Src/stm32u5xx_hal_pcd_ex.c ****   }
 336:Drivers/STM32U5xx_HAL_Driver/Src/stm32u5xx_hal_pcd_ex.c **** 
 337:Drivers/STM32U5xx_HAL_Driver/Src/stm32u5xx_hal_pcd_ex.c ****   /* Here we check if the endpoint is single or double Buffer*/
 338:Drivers/STM32U5xx_HAL_Driver/Src/stm32u5xx_hal_pcd_ex.c ****   if (ep_kind == PCD_SNG_BUF)
 339:Drivers/STM32U5xx_HAL_Driver/Src/stm32u5xx_hal_pcd_ex.c ****   {
 340:Drivers/STM32U5xx_HAL_Driver/Src/stm32u5xx_hal_pcd_ex.c ****     /* Single Buffer */
 341:Drivers/STM32U5xx_HAL_Driver/Src/stm32u5xx_hal_pcd_ex.c ****     ep->doublebuffer = 0U;
 342:Drivers/STM32U5xx_HAL_Driver/Src/stm32u5xx_hal_pcd_ex.c **** 
 343:Drivers/STM32U5xx_HAL_Driver/Src/stm32u5xx_hal_pcd_ex.c ****     /* Configure the PMA */
 344:Drivers/STM32U5xx_HAL_Driver/Src/stm32u5xx_hal_pcd_ex.c ****     ep->pmaadress = (uint16_t)pmaadress;
 345:Drivers/STM32U5xx_HAL_Driver/Src/stm32u5xx_hal_pcd_ex.c ****   }
 346:Drivers/STM32U5xx_HAL_Driver/Src/stm32u5xx_hal_pcd_ex.c **** #if (USE_USB_DOUBLE_BUFFER == 1U)
 347:Drivers/STM32U5xx_HAL_Driver/Src/stm32u5xx_hal_pcd_ex.c ****   else /* USB_DBL_BUF */
 348:Drivers/STM32U5xx_HAL_Driver/Src/stm32u5xx_hal_pcd_ex.c ****   {
 349:Drivers/STM32U5xx_HAL_Driver/Src/stm32u5xx_hal_pcd_ex.c ****     /* Double Buffer Endpoint */
 350:Drivers/STM32U5xx_HAL_Driver/Src/stm32u5xx_hal_pcd_ex.c ****     ep->doublebuffer = 1U;
 351:Drivers/STM32U5xx_HAL_Driver/Src/stm32u5xx_hal_pcd_ex.c **** 
 352:Drivers/STM32U5xx_HAL_Driver/Src/stm32u5xx_hal_pcd_ex.c ****     /* Configure the PMA */
 353:Drivers/STM32U5xx_HAL_Driver/Src/stm32u5xx_hal_pcd_ex.c ****     ep->pmaaddr0 = (uint16_t)(pmaadress & 0xFFFFU);
 354:Drivers/STM32U5xx_HAL_Driver/Src/stm32u5xx_hal_pcd_ex.c ****     ep->pmaaddr1 = (uint16_t)((pmaadress & 0xFFFF0000U) >> 16);
 355:Drivers/STM32U5xx_HAL_Driver/Src/stm32u5xx_hal_pcd_ex.c ****   }
 356:Drivers/STM32U5xx_HAL_Driver/Src/stm32u5xx_hal_pcd_ex.c **** #endif /* (USE_USB_DOUBLE_BUFFER == 1U) */
 357:Drivers/STM32U5xx_HAL_Driver/Src/stm32u5xx_hal_pcd_ex.c **** 
 358:Drivers/STM32U5xx_HAL_Driver/Src/stm32u5xx_hal_pcd_ex.c ****   return HAL_OK;
 359:Drivers/STM32U5xx_HAL_Driver/Src/stm32u5xx_hal_pcd_ex.c **** }
 360:Drivers/STM32U5xx_HAL_Driver/Src/stm32u5xx_hal_pcd_ex.c **** 
 361:Drivers/STM32U5xx_HAL_Driver/Src/stm32u5xx_hal_pcd_ex.c **** /**
 362:Drivers/STM32U5xx_HAL_Driver/Src/stm32u5xx_hal_pcd_ex.c ****   * @brief  Activate BatteryCharging feature.
 363:Drivers/STM32U5xx_HAL_Driver/Src/stm32u5xx_hal_pcd_ex.c ****   * @param  hpcd PCD handle
 364:Drivers/STM32U5xx_HAL_Driver/Src/stm32u5xx_hal_pcd_ex.c ****   * @retval HAL status
 365:Drivers/STM32U5xx_HAL_Driver/Src/stm32u5xx_hal_pcd_ex.c ****   */
 366:Drivers/STM32U5xx_HAL_Driver/Src/stm32u5xx_hal_pcd_ex.c **** HAL_StatusTypeDef HAL_PCDEx_ActivateBCD(PCD_HandleTypeDef *hpcd)
 367:Drivers/STM32U5xx_HAL_Driver/Src/stm32u5xx_hal_pcd_ex.c **** {
 368:Drivers/STM32U5xx_HAL_Driver/Src/stm32u5xx_hal_pcd_ex.c ****   USB_DRD_TypeDef *USBx = hpcd->Instance;
 369:Drivers/STM32U5xx_HAL_Driver/Src/stm32u5xx_hal_pcd_ex.c ****   hpcd->battery_charging_active = 1U;
 370:Drivers/STM32U5xx_HAL_Driver/Src/stm32u5xx_hal_pcd_ex.c **** 
 371:Drivers/STM32U5xx_HAL_Driver/Src/stm32u5xx_hal_pcd_ex.c ****   USBx->BCDR &= ~(USB_BCDR_PDEN);
ARM GAS  C:\usertemp\ccvtoeGc.s 			page 14


 372:Drivers/STM32U5xx_HAL_Driver/Src/stm32u5xx_hal_pcd_ex.c ****   USBx->BCDR &= ~(USB_BCDR_SDEN);
 373:Drivers/STM32U5xx_HAL_Driver/Src/stm32u5xx_hal_pcd_ex.c **** 
 374:Drivers/STM32U5xx_HAL_Driver/Src/stm32u5xx_hal_pcd_ex.c ****   /* Enable BCD feature */
 375:Drivers/STM32U5xx_HAL_Driver/Src/stm32u5xx_hal_pcd_ex.c ****   USBx->BCDR |= USB_BCDR_BCDEN;
 376:Drivers/STM32U5xx_HAL_Driver/Src/stm32u5xx_hal_pcd_ex.c **** 
 377:Drivers/STM32U5xx_HAL_Driver/Src/stm32u5xx_hal_pcd_ex.c ****   return HAL_OK;
 378:Drivers/STM32U5xx_HAL_Driver/Src/stm32u5xx_hal_pcd_ex.c **** }
 379:Drivers/STM32U5xx_HAL_Driver/Src/stm32u5xx_hal_pcd_ex.c **** 
 380:Drivers/STM32U5xx_HAL_Driver/Src/stm32u5xx_hal_pcd_ex.c **** /**
 381:Drivers/STM32U5xx_HAL_Driver/Src/stm32u5xx_hal_pcd_ex.c ****   * @brief  Deactivate BatteryCharging feature.
 382:Drivers/STM32U5xx_HAL_Driver/Src/stm32u5xx_hal_pcd_ex.c ****   * @param  hpcd PCD handle
 383:Drivers/STM32U5xx_HAL_Driver/Src/stm32u5xx_hal_pcd_ex.c ****   * @retval HAL status
 384:Drivers/STM32U5xx_HAL_Driver/Src/stm32u5xx_hal_pcd_ex.c ****   */
 385:Drivers/STM32U5xx_HAL_Driver/Src/stm32u5xx_hal_pcd_ex.c **** HAL_StatusTypeDef HAL_PCDEx_DeActivateBCD(PCD_HandleTypeDef *hpcd)
 386:Drivers/STM32U5xx_HAL_Driver/Src/stm32u5xx_hal_pcd_ex.c **** {
 387:Drivers/STM32U5xx_HAL_Driver/Src/stm32u5xx_hal_pcd_ex.c ****   USB_DRD_TypeDef *USBx = hpcd->Instance;
 388:Drivers/STM32U5xx_HAL_Driver/Src/stm32u5xx_hal_pcd_ex.c ****   hpcd->battery_charging_active = 0U;
 389:Drivers/STM32U5xx_HAL_Driver/Src/stm32u5xx_hal_pcd_ex.c **** 
 390:Drivers/STM32U5xx_HAL_Driver/Src/stm32u5xx_hal_pcd_ex.c ****   /* Disable BCD feature */
 391:Drivers/STM32U5xx_HAL_Driver/Src/stm32u5xx_hal_pcd_ex.c ****   USBx->BCDR &= ~(USB_BCDR_BCDEN);
 392:Drivers/STM32U5xx_HAL_Driver/Src/stm32u5xx_hal_pcd_ex.c **** 
 393:Drivers/STM32U5xx_HAL_Driver/Src/stm32u5xx_hal_pcd_ex.c ****   return HAL_OK;
 394:Drivers/STM32U5xx_HAL_Driver/Src/stm32u5xx_hal_pcd_ex.c **** }
 395:Drivers/STM32U5xx_HAL_Driver/Src/stm32u5xx_hal_pcd_ex.c **** 
 396:Drivers/STM32U5xx_HAL_Driver/Src/stm32u5xx_hal_pcd_ex.c **** /**
 397:Drivers/STM32U5xx_HAL_Driver/Src/stm32u5xx_hal_pcd_ex.c ****   * @brief  Handle BatteryCharging Process.
 398:Drivers/STM32U5xx_HAL_Driver/Src/stm32u5xx_hal_pcd_ex.c ****   * @param  hpcd PCD handle
 399:Drivers/STM32U5xx_HAL_Driver/Src/stm32u5xx_hal_pcd_ex.c ****   * @retval HAL status
 400:Drivers/STM32U5xx_HAL_Driver/Src/stm32u5xx_hal_pcd_ex.c ****   */
 401:Drivers/STM32U5xx_HAL_Driver/Src/stm32u5xx_hal_pcd_ex.c **** void HAL_PCDEx_BCD_VBUSDetect(PCD_HandleTypeDef *hpcd)
 402:Drivers/STM32U5xx_HAL_Driver/Src/stm32u5xx_hal_pcd_ex.c **** {
 403:Drivers/STM32U5xx_HAL_Driver/Src/stm32u5xx_hal_pcd_ex.c ****   USB_DRD_TypeDef *USBx = hpcd->Instance;
 404:Drivers/STM32U5xx_HAL_Driver/Src/stm32u5xx_hal_pcd_ex.c ****   uint32_t tickstart = HAL_GetTick();
 405:Drivers/STM32U5xx_HAL_Driver/Src/stm32u5xx_hal_pcd_ex.c **** 
 406:Drivers/STM32U5xx_HAL_Driver/Src/stm32u5xx_hal_pcd_ex.c ****   /* Wait for Min DCD Timeout */
 407:Drivers/STM32U5xx_HAL_Driver/Src/stm32u5xx_hal_pcd_ex.c ****   HAL_Delay(350U);
 408:Drivers/STM32U5xx_HAL_Driver/Src/stm32u5xx_hal_pcd_ex.c **** 
 409:Drivers/STM32U5xx_HAL_Driver/Src/stm32u5xx_hal_pcd_ex.c ****   /* Primary detection: checks if connected to Standard Downstream Port
 410:Drivers/STM32U5xx_HAL_Driver/Src/stm32u5xx_hal_pcd_ex.c ****   (without charging capability) */
 411:Drivers/STM32U5xx_HAL_Driver/Src/stm32u5xx_hal_pcd_ex.c ****   USBx->BCDR |= (USB_BCDR_PDEN);
 412:Drivers/STM32U5xx_HAL_Driver/Src/stm32u5xx_hal_pcd_ex.c ****   HAL_Delay(50U);
 413:Drivers/STM32U5xx_HAL_Driver/Src/stm32u5xx_hal_pcd_ex.c **** 
 414:Drivers/STM32U5xx_HAL_Driver/Src/stm32u5xx_hal_pcd_ex.c ****   /* If Charger detect ? */
 415:Drivers/STM32U5xx_HAL_Driver/Src/stm32u5xx_hal_pcd_ex.c ****   if ((USBx->BCDR & USB_BCDR_PDET) == USB_BCDR_PDET)
 416:Drivers/STM32U5xx_HAL_Driver/Src/stm32u5xx_hal_pcd_ex.c ****   {
 417:Drivers/STM32U5xx_HAL_Driver/Src/stm32u5xx_hal_pcd_ex.c ****     /* Start secondary detection to check connection to Charging Downstream
 418:Drivers/STM32U5xx_HAL_Driver/Src/stm32u5xx_hal_pcd_ex.c ****     Port or Dedicated Charging Port */
 419:Drivers/STM32U5xx_HAL_Driver/Src/stm32u5xx_hal_pcd_ex.c ****     USBx->BCDR &= ~(USB_BCDR_PDEN);
 420:Drivers/STM32U5xx_HAL_Driver/Src/stm32u5xx_hal_pcd_ex.c ****     HAL_Delay(50U);
 421:Drivers/STM32U5xx_HAL_Driver/Src/stm32u5xx_hal_pcd_ex.c ****     USBx->BCDR |= (USB_BCDR_SDEN);
 422:Drivers/STM32U5xx_HAL_Driver/Src/stm32u5xx_hal_pcd_ex.c ****     HAL_Delay(50U);
 423:Drivers/STM32U5xx_HAL_Driver/Src/stm32u5xx_hal_pcd_ex.c **** 
 424:Drivers/STM32U5xx_HAL_Driver/Src/stm32u5xx_hal_pcd_ex.c ****     /* If CDP ? */
 425:Drivers/STM32U5xx_HAL_Driver/Src/stm32u5xx_hal_pcd_ex.c ****     if ((USBx->BCDR & USB_BCDR_SDET) == USB_BCDR_SDET)
 426:Drivers/STM32U5xx_HAL_Driver/Src/stm32u5xx_hal_pcd_ex.c ****     {
 427:Drivers/STM32U5xx_HAL_Driver/Src/stm32u5xx_hal_pcd_ex.c ****       /* Dedicated Downstream Port DCP */
 428:Drivers/STM32U5xx_HAL_Driver/Src/stm32u5xx_hal_pcd_ex.c **** #if (USE_HAL_PCD_REGISTER_CALLBACKS == 1U)
ARM GAS  C:\usertemp\ccvtoeGc.s 			page 15


 429:Drivers/STM32U5xx_HAL_Driver/Src/stm32u5xx_hal_pcd_ex.c ****       hpcd->BCDCallback(hpcd, PCD_BCD_DEDICATED_CHARGING_PORT);
 430:Drivers/STM32U5xx_HAL_Driver/Src/stm32u5xx_hal_pcd_ex.c **** #else
 431:Drivers/STM32U5xx_HAL_Driver/Src/stm32u5xx_hal_pcd_ex.c ****       HAL_PCDEx_BCD_Callback(hpcd, PCD_BCD_DEDICATED_CHARGING_PORT);
 432:Drivers/STM32U5xx_HAL_Driver/Src/stm32u5xx_hal_pcd_ex.c **** #endif /* USE_HAL_PCD_REGISTER_CALLBACKS */
 433:Drivers/STM32U5xx_HAL_Driver/Src/stm32u5xx_hal_pcd_ex.c ****     }
 434:Drivers/STM32U5xx_HAL_Driver/Src/stm32u5xx_hal_pcd_ex.c ****     else
 435:Drivers/STM32U5xx_HAL_Driver/Src/stm32u5xx_hal_pcd_ex.c ****     {
 436:Drivers/STM32U5xx_HAL_Driver/Src/stm32u5xx_hal_pcd_ex.c ****       /* Charging Downstream Port CDP */
 437:Drivers/STM32U5xx_HAL_Driver/Src/stm32u5xx_hal_pcd_ex.c **** #if (USE_HAL_PCD_REGISTER_CALLBACKS == 1U)
 438:Drivers/STM32U5xx_HAL_Driver/Src/stm32u5xx_hal_pcd_ex.c ****       hpcd->BCDCallback(hpcd, PCD_BCD_CHARGING_DOWNSTREAM_PORT);
 439:Drivers/STM32U5xx_HAL_Driver/Src/stm32u5xx_hal_pcd_ex.c **** #else
 440:Drivers/STM32U5xx_HAL_Driver/Src/stm32u5xx_hal_pcd_ex.c ****       HAL_PCDEx_BCD_Callback(hpcd, PCD_BCD_CHARGING_DOWNSTREAM_PORT);
 441:Drivers/STM32U5xx_HAL_Driver/Src/stm32u5xx_hal_pcd_ex.c **** #endif /* USE_HAL_PCD_REGISTER_CALLBACKS */
 442:Drivers/STM32U5xx_HAL_Driver/Src/stm32u5xx_hal_pcd_ex.c ****     }
 443:Drivers/STM32U5xx_HAL_Driver/Src/stm32u5xx_hal_pcd_ex.c ****   }
 444:Drivers/STM32U5xx_HAL_Driver/Src/stm32u5xx_hal_pcd_ex.c ****   else /* NO */
 445:Drivers/STM32U5xx_HAL_Driver/Src/stm32u5xx_hal_pcd_ex.c ****   {
 446:Drivers/STM32U5xx_HAL_Driver/Src/stm32u5xx_hal_pcd_ex.c ****     /* Standard Downstream Port */
 447:Drivers/STM32U5xx_HAL_Driver/Src/stm32u5xx_hal_pcd_ex.c **** #if (USE_HAL_PCD_REGISTER_CALLBACKS == 1U)
 448:Drivers/STM32U5xx_HAL_Driver/Src/stm32u5xx_hal_pcd_ex.c ****     hpcd->BCDCallback(hpcd, PCD_BCD_STD_DOWNSTREAM_PORT);
 449:Drivers/STM32U5xx_HAL_Driver/Src/stm32u5xx_hal_pcd_ex.c **** #else
 450:Drivers/STM32U5xx_HAL_Driver/Src/stm32u5xx_hal_pcd_ex.c ****     HAL_PCDEx_BCD_Callback(hpcd, PCD_BCD_STD_DOWNSTREAM_PORT);
 451:Drivers/STM32U5xx_HAL_Driver/Src/stm32u5xx_hal_pcd_ex.c **** #endif /* USE_HAL_PCD_REGISTER_CALLBACKS */
 452:Drivers/STM32U5xx_HAL_Driver/Src/stm32u5xx_hal_pcd_ex.c ****   }
 453:Drivers/STM32U5xx_HAL_Driver/Src/stm32u5xx_hal_pcd_ex.c **** 
 454:Drivers/STM32U5xx_HAL_Driver/Src/stm32u5xx_hal_pcd_ex.c ****   /* Battery Charging capability discovery finished Start Enumeration */
 455:Drivers/STM32U5xx_HAL_Driver/Src/stm32u5xx_hal_pcd_ex.c ****   (void)HAL_PCDEx_DeActivateBCD(hpcd);
 456:Drivers/STM32U5xx_HAL_Driver/Src/stm32u5xx_hal_pcd_ex.c **** 
 457:Drivers/STM32U5xx_HAL_Driver/Src/stm32u5xx_hal_pcd_ex.c ****   /* Check for the Timeout, else start USB Device */
 458:Drivers/STM32U5xx_HAL_Driver/Src/stm32u5xx_hal_pcd_ex.c ****   if ((HAL_GetTick() - tickstart) > 1000U)
 459:Drivers/STM32U5xx_HAL_Driver/Src/stm32u5xx_hal_pcd_ex.c ****   {
 460:Drivers/STM32U5xx_HAL_Driver/Src/stm32u5xx_hal_pcd_ex.c **** #if (USE_HAL_PCD_REGISTER_CALLBACKS == 1U)
 461:Drivers/STM32U5xx_HAL_Driver/Src/stm32u5xx_hal_pcd_ex.c ****     hpcd->BCDCallback(hpcd, PCD_BCD_ERROR);
 462:Drivers/STM32U5xx_HAL_Driver/Src/stm32u5xx_hal_pcd_ex.c **** #else
 463:Drivers/STM32U5xx_HAL_Driver/Src/stm32u5xx_hal_pcd_ex.c ****     HAL_PCDEx_BCD_Callback(hpcd, PCD_BCD_ERROR);
 464:Drivers/STM32U5xx_HAL_Driver/Src/stm32u5xx_hal_pcd_ex.c **** #endif /* USE_HAL_PCD_REGISTER_CALLBACKS */
 465:Drivers/STM32U5xx_HAL_Driver/Src/stm32u5xx_hal_pcd_ex.c ****   }
 466:Drivers/STM32U5xx_HAL_Driver/Src/stm32u5xx_hal_pcd_ex.c ****   else
 467:Drivers/STM32U5xx_HAL_Driver/Src/stm32u5xx_hal_pcd_ex.c ****   {
 468:Drivers/STM32U5xx_HAL_Driver/Src/stm32u5xx_hal_pcd_ex.c **** #if (USE_HAL_PCD_REGISTER_CALLBACKS == 1U)
 469:Drivers/STM32U5xx_HAL_Driver/Src/stm32u5xx_hal_pcd_ex.c ****     hpcd->BCDCallback(hpcd, PCD_BCD_DISCOVERY_COMPLETED);
 470:Drivers/STM32U5xx_HAL_Driver/Src/stm32u5xx_hal_pcd_ex.c **** #else
 471:Drivers/STM32U5xx_HAL_Driver/Src/stm32u5xx_hal_pcd_ex.c ****     HAL_PCDEx_BCD_Callback(hpcd, PCD_BCD_DISCOVERY_COMPLETED);
 472:Drivers/STM32U5xx_HAL_Driver/Src/stm32u5xx_hal_pcd_ex.c **** #endif /* USE_HAL_PCD_REGISTER_CALLBACKS */
 473:Drivers/STM32U5xx_HAL_Driver/Src/stm32u5xx_hal_pcd_ex.c ****   }
 474:Drivers/STM32U5xx_HAL_Driver/Src/stm32u5xx_hal_pcd_ex.c **** }
 475:Drivers/STM32U5xx_HAL_Driver/Src/stm32u5xx_hal_pcd_ex.c **** 
 476:Drivers/STM32U5xx_HAL_Driver/Src/stm32u5xx_hal_pcd_ex.c **** /**
 477:Drivers/STM32U5xx_HAL_Driver/Src/stm32u5xx_hal_pcd_ex.c ****   * @brief  Activate LPM feature.
 478:Drivers/STM32U5xx_HAL_Driver/Src/stm32u5xx_hal_pcd_ex.c ****   * @param  hpcd PCD handle
 479:Drivers/STM32U5xx_HAL_Driver/Src/stm32u5xx_hal_pcd_ex.c ****   * @retval HAL status
 480:Drivers/STM32U5xx_HAL_Driver/Src/stm32u5xx_hal_pcd_ex.c ****   */
 481:Drivers/STM32U5xx_HAL_Driver/Src/stm32u5xx_hal_pcd_ex.c **** HAL_StatusTypeDef HAL_PCDEx_ActivateLPM(PCD_HandleTypeDef *hpcd)
 482:Drivers/STM32U5xx_HAL_Driver/Src/stm32u5xx_hal_pcd_ex.c **** {
 483:Drivers/STM32U5xx_HAL_Driver/Src/stm32u5xx_hal_pcd_ex.c **** 
 484:Drivers/STM32U5xx_HAL_Driver/Src/stm32u5xx_hal_pcd_ex.c ****   USB_DRD_TypeDef *USBx = hpcd->Instance;
 485:Drivers/STM32U5xx_HAL_Driver/Src/stm32u5xx_hal_pcd_ex.c ****   hpcd->lpm_active = 1U;
ARM GAS  C:\usertemp\ccvtoeGc.s 			page 16


 486:Drivers/STM32U5xx_HAL_Driver/Src/stm32u5xx_hal_pcd_ex.c ****   hpcd->LPM_State = LPM_L0;
 487:Drivers/STM32U5xx_HAL_Driver/Src/stm32u5xx_hal_pcd_ex.c **** 
 488:Drivers/STM32U5xx_HAL_Driver/Src/stm32u5xx_hal_pcd_ex.c ****   USBx->LPMCSR |= USB_LPMCSR_LMPEN;
 489:Drivers/STM32U5xx_HAL_Driver/Src/stm32u5xx_hal_pcd_ex.c ****   USBx->LPMCSR |= USB_LPMCSR_LPMACK;
 490:Drivers/STM32U5xx_HAL_Driver/Src/stm32u5xx_hal_pcd_ex.c **** 
 491:Drivers/STM32U5xx_HAL_Driver/Src/stm32u5xx_hal_pcd_ex.c ****   return HAL_OK;
 492:Drivers/STM32U5xx_HAL_Driver/Src/stm32u5xx_hal_pcd_ex.c **** }
 493:Drivers/STM32U5xx_HAL_Driver/Src/stm32u5xx_hal_pcd_ex.c **** 
 494:Drivers/STM32U5xx_HAL_Driver/Src/stm32u5xx_hal_pcd_ex.c **** /**
 495:Drivers/STM32U5xx_HAL_Driver/Src/stm32u5xx_hal_pcd_ex.c ****   * @brief  Deactivate LPM feature.
 496:Drivers/STM32U5xx_HAL_Driver/Src/stm32u5xx_hal_pcd_ex.c ****   * @param  hpcd PCD handle
 497:Drivers/STM32U5xx_HAL_Driver/Src/stm32u5xx_hal_pcd_ex.c ****   * @retval HAL status
 498:Drivers/STM32U5xx_HAL_Driver/Src/stm32u5xx_hal_pcd_ex.c ****   */
 499:Drivers/STM32U5xx_HAL_Driver/Src/stm32u5xx_hal_pcd_ex.c **** HAL_StatusTypeDef HAL_PCDEx_DeActivateLPM(PCD_HandleTypeDef *hpcd)
 500:Drivers/STM32U5xx_HAL_Driver/Src/stm32u5xx_hal_pcd_ex.c **** {
 501:Drivers/STM32U5xx_HAL_Driver/Src/stm32u5xx_hal_pcd_ex.c ****   USB_DRD_TypeDef *USBx = hpcd->Instance;
 502:Drivers/STM32U5xx_HAL_Driver/Src/stm32u5xx_hal_pcd_ex.c **** 
 503:Drivers/STM32U5xx_HAL_Driver/Src/stm32u5xx_hal_pcd_ex.c ****   hpcd->lpm_active = 0U;
 504:Drivers/STM32U5xx_HAL_Driver/Src/stm32u5xx_hal_pcd_ex.c **** 
 505:Drivers/STM32U5xx_HAL_Driver/Src/stm32u5xx_hal_pcd_ex.c ****   USBx->LPMCSR &= ~(USB_LPMCSR_LMPEN);
 506:Drivers/STM32U5xx_HAL_Driver/Src/stm32u5xx_hal_pcd_ex.c ****   USBx->LPMCSR &= ~(USB_LPMCSR_LPMACK);
 507:Drivers/STM32U5xx_HAL_Driver/Src/stm32u5xx_hal_pcd_ex.c **** 
 508:Drivers/STM32U5xx_HAL_Driver/Src/stm32u5xx_hal_pcd_ex.c ****   return HAL_OK;
 509:Drivers/STM32U5xx_HAL_Driver/Src/stm32u5xx_hal_pcd_ex.c **** }
 510:Drivers/STM32U5xx_HAL_Driver/Src/stm32u5xx_hal_pcd_ex.c **** #endif /* defined (USB_DRD_FS) */
 511:Drivers/STM32U5xx_HAL_Driver/Src/stm32u5xx_hal_pcd_ex.c **** 
 512:Drivers/STM32U5xx_HAL_Driver/Src/stm32u5xx_hal_pcd_ex.c **** /**
 513:Drivers/STM32U5xx_HAL_Driver/Src/stm32u5xx_hal_pcd_ex.c ****   * @brief  Send LPM message to user layer callback.
 514:Drivers/STM32U5xx_HAL_Driver/Src/stm32u5xx_hal_pcd_ex.c ****   * @param  hpcd PCD handle
 515:Drivers/STM32U5xx_HAL_Driver/Src/stm32u5xx_hal_pcd_ex.c ****   * @param  msg LPM message
 516:Drivers/STM32U5xx_HAL_Driver/Src/stm32u5xx_hal_pcd_ex.c ****   * @retval HAL status
 517:Drivers/STM32U5xx_HAL_Driver/Src/stm32u5xx_hal_pcd_ex.c ****   */
 518:Drivers/STM32U5xx_HAL_Driver/Src/stm32u5xx_hal_pcd_ex.c **** __weak void HAL_PCDEx_LPM_Callback(PCD_HandleTypeDef *hpcd, PCD_LPM_MsgTypeDef msg)
 519:Drivers/STM32U5xx_HAL_Driver/Src/stm32u5xx_hal_pcd_ex.c **** {
 367              		.loc 1 519 1 is_stmt 1 view -0
 368              		.cfi_startproc
 369              		@ args = 0, pretend = 0, frame = 0
 370              		@ frame_needed = 0, uses_anonymous_args = 0
 371              		@ link register save eliminated.
 520:Drivers/STM32U5xx_HAL_Driver/Src/stm32u5xx_hal_pcd_ex.c ****   /* Prevent unused argument(s) compilation warning */
 521:Drivers/STM32U5xx_HAL_Driver/Src/stm32u5xx_hal_pcd_ex.c ****   UNUSED(hpcd);
 372              		.loc 1 521 3 view .LVU111
 522:Drivers/STM32U5xx_HAL_Driver/Src/stm32u5xx_hal_pcd_ex.c ****   UNUSED(msg);
 373              		.loc 1 522 3 view .LVU112
 523:Drivers/STM32U5xx_HAL_Driver/Src/stm32u5xx_hal_pcd_ex.c **** 
 524:Drivers/STM32U5xx_HAL_Driver/Src/stm32u5xx_hal_pcd_ex.c ****   /* NOTE : This function should not be modified, when the callback is needed,
 525:Drivers/STM32U5xx_HAL_Driver/Src/stm32u5xx_hal_pcd_ex.c ****             the HAL_PCDEx_LPM_Callback could be implemented in the user file
 526:Drivers/STM32U5xx_HAL_Driver/Src/stm32u5xx_hal_pcd_ex.c ****    */
 527:Drivers/STM32U5xx_HAL_Driver/Src/stm32u5xx_hal_pcd_ex.c **** }
 374              		.loc 1 527 1 is_stmt 0 view .LVU113
 375 0000 7047     		bx	lr
 376              		.cfi_endproc
 377              	.LFE164:
 379              		.section	.text.HAL_PCDEx_BCD_Callback,"ax",%progbits
 380              		.align	1
 381              		.weak	HAL_PCDEx_BCD_Callback
 382              		.syntax unified
ARM GAS  C:\usertemp\ccvtoeGc.s 			page 17


 383              		.thumb
 384              		.thumb_func
 386              	HAL_PCDEx_BCD_Callback:
 387              	.LVL29:
 388              	.LFB165:
 528:Drivers/STM32U5xx_HAL_Driver/Src/stm32u5xx_hal_pcd_ex.c **** 
 529:Drivers/STM32U5xx_HAL_Driver/Src/stm32u5xx_hal_pcd_ex.c **** /**
 530:Drivers/STM32U5xx_HAL_Driver/Src/stm32u5xx_hal_pcd_ex.c ****   * @brief  Send BatteryCharging message to user layer callback.
 531:Drivers/STM32U5xx_HAL_Driver/Src/stm32u5xx_hal_pcd_ex.c ****   * @param  hpcd PCD handle
 532:Drivers/STM32U5xx_HAL_Driver/Src/stm32u5xx_hal_pcd_ex.c ****   * @param  msg LPM message
 533:Drivers/STM32U5xx_HAL_Driver/Src/stm32u5xx_hal_pcd_ex.c ****   * @retval HAL status
 534:Drivers/STM32U5xx_HAL_Driver/Src/stm32u5xx_hal_pcd_ex.c ****   */
 535:Drivers/STM32U5xx_HAL_Driver/Src/stm32u5xx_hal_pcd_ex.c **** __weak void HAL_PCDEx_BCD_Callback(PCD_HandleTypeDef *hpcd, PCD_BCD_MsgTypeDef msg)
 536:Drivers/STM32U5xx_HAL_Driver/Src/stm32u5xx_hal_pcd_ex.c **** {
 389              		.loc 1 536 1 is_stmt 1 view -0
 390              		.cfi_startproc
 391              		@ args = 0, pretend = 0, frame = 0
 392              		@ frame_needed = 0, uses_anonymous_args = 0
 393              		@ link register save eliminated.
 537:Drivers/STM32U5xx_HAL_Driver/Src/stm32u5xx_hal_pcd_ex.c ****   /* Prevent unused argument(s) compilation warning */
 538:Drivers/STM32U5xx_HAL_Driver/Src/stm32u5xx_hal_pcd_ex.c ****   UNUSED(hpcd);
 394              		.loc 1 538 3 view .LVU115
 539:Drivers/STM32U5xx_HAL_Driver/Src/stm32u5xx_hal_pcd_ex.c ****   UNUSED(msg);
 395              		.loc 1 539 3 view .LVU116
 540:Drivers/STM32U5xx_HAL_Driver/Src/stm32u5xx_hal_pcd_ex.c **** 
 541:Drivers/STM32U5xx_HAL_Driver/Src/stm32u5xx_hal_pcd_ex.c ****   /* NOTE : This function should not be modified, when the callback is needed,
 542:Drivers/STM32U5xx_HAL_Driver/Src/stm32u5xx_hal_pcd_ex.c ****             the HAL_PCDEx_BCD_Callback could be implemented in the user file
 543:Drivers/STM32U5xx_HAL_Driver/Src/stm32u5xx_hal_pcd_ex.c ****    */
 544:Drivers/STM32U5xx_HAL_Driver/Src/stm32u5xx_hal_pcd_ex.c **** }
 396              		.loc 1 544 1 is_stmt 0 view .LVU117
 397 0000 7047     		bx	lr
 398              		.cfi_endproc
 399              	.LFE165:
 401              		.section	.text.HAL_PCDEx_BCD_VBUSDetect,"ax",%progbits
 402              		.align	1
 403              		.global	HAL_PCDEx_BCD_VBUSDetect
 404              		.syntax unified
 405              		.thumb
 406              		.thumb_func
 408              	HAL_PCDEx_BCD_VBUSDetect:
 409              	.LVL30:
 410              	.LFB161:
 159:Drivers/STM32U5xx_HAL_Driver/Src/stm32u5xx_hal_pcd_ex.c ****   USB_OTG_GlobalTypeDef *USBx = hpcd->Instance;
 411              		.loc 1 159 1 is_stmt 1 view -0
 412              		.cfi_startproc
 413              		@ args = 0, pretend = 0, frame = 0
 414              		@ frame_needed = 0, uses_anonymous_args = 0
 159:Drivers/STM32U5xx_HAL_Driver/Src/stm32u5xx_hal_pcd_ex.c ****   USB_OTG_GlobalTypeDef *USBx = hpcd->Instance;
 415              		.loc 1 159 1 is_stmt 0 view .LVU119
 416 0000 70B5     		push	{r4, r5, r6, lr}
 417              	.LCFI3:
 418              		.cfi_def_cfa_offset 16
 419              		.cfi_offset 4, -16
 420              		.cfi_offset 5, -12
 421              		.cfi_offset 6, -8
 422              		.cfi_offset 14, -4
 423 0002 0546     		mov	r5, r0
ARM GAS  C:\usertemp\ccvtoeGc.s 			page 18


 160:Drivers/STM32U5xx_HAL_Driver/Src/stm32u5xx_hal_pcd_ex.c ****   uint32_t tickstart = HAL_GetTick();
 424              		.loc 1 160 3 is_stmt 1 view .LVU120
 160:Drivers/STM32U5xx_HAL_Driver/Src/stm32u5xx_hal_pcd_ex.c ****   uint32_t tickstart = HAL_GetTick();
 425              		.loc 1 160 26 is_stmt 0 view .LVU121
 426 0004 0468     		ldr	r4, [r0]
 427              	.LVL31:
 161:Drivers/STM32U5xx_HAL_Driver/Src/stm32u5xx_hal_pcd_ex.c **** 
 428              		.loc 1 161 3 is_stmt 1 view .LVU122
 161:Drivers/STM32U5xx_HAL_Driver/Src/stm32u5xx_hal_pcd_ex.c **** 
 429              		.loc 1 161 24 is_stmt 0 view .LVU123
 430 0006 FFF7FEFF 		bl	HAL_GetTick
 431              	.LVL32:
 161:Drivers/STM32U5xx_HAL_Driver/Src/stm32u5xx_hal_pcd_ex.c **** 
 432              		.loc 1 161 24 view .LVU124
 433 000a 0646     		mov	r6, r0
 434              	.LVL33:
 164:Drivers/STM32U5xx_HAL_Driver/Src/stm32u5xx_hal_pcd_ex.c **** 
 435              		.loc 1 164 3 is_stmt 1 view .LVU125
 164:Drivers/STM32U5xx_HAL_Driver/Src/stm32u5xx_hal_pcd_ex.c **** 
 436              		.loc 1 164 7 is_stmt 0 view .LVU126
 437 000c A36B     		ldr	r3, [r4, #56]
 164:Drivers/STM32U5xx_HAL_Driver/Src/stm32u5xx_hal_pcd_ex.c **** 
 438              		.loc 1 164 15 view .LVU127
 439 000e 43F48023 		orr	r3, r3, #262144
 440 0012 A363     		str	r3, [r4, #56]
 167:Drivers/STM32U5xx_HAL_Driver/Src/stm32u5xx_hal_pcd_ex.c **** 
 441              		.loc 1 167 3 is_stmt 1 view .LVU128
 442 0014 4FF49670 		mov	r0, #300
 443              	.LVL34:
 167:Drivers/STM32U5xx_HAL_Driver/Src/stm32u5xx_hal_pcd_ex.c **** 
 444              		.loc 1 167 3 is_stmt 0 view .LVU129
 445 0018 FFF7FEFF 		bl	HAL_Delay
 446              	.LVL35:
 171:Drivers/STM32U5xx_HAL_Driver/Src/stm32u5xx_hal_pcd_ex.c ****   {
 447              		.loc 1 171 3 is_stmt 1 view .LVU130
 171:Drivers/STM32U5xx_HAL_Driver/Src/stm32u5xx_hal_pcd_ex.c ****   {
 448              		.loc 1 171 12 is_stmt 0 view .LVU131
 449 001c A36B     		ldr	r3, [r4, #56]
 171:Drivers/STM32U5xx_HAL_Driver/Src/stm32u5xx_hal_pcd_ex.c ****   {
 450              		.loc 1 171 6 view .LVU132
 451 001e 13F0010F 		tst	r3, #1
 452 0022 23D1     		bne	.L22
 453              	.L15:
 183:Drivers/STM32U5xx_HAL_Driver/Src/stm32u5xx_hal_pcd_ex.c ****   HAL_Delay(50U);
 454              		.loc 1 183 3 is_stmt 1 view .LVU133
 183:Drivers/STM32U5xx_HAL_Driver/Src/stm32u5xx_hal_pcd_ex.c ****   HAL_Delay(50U);
 455              		.loc 1 183 7 is_stmt 0 view .LVU134
 456 0024 A36B     		ldr	r3, [r4, #56]
 183:Drivers/STM32U5xx_HAL_Driver/Src/stm32u5xx_hal_pcd_ex.c ****   HAL_Delay(50U);
 457              		.loc 1 183 15 view .LVU135
 458 0026 23F48023 		bic	r3, r3, #262144
 459 002a A363     		str	r3, [r4, #56]
 184:Drivers/STM32U5xx_HAL_Driver/Src/stm32u5xx_hal_pcd_ex.c ****   USBx->GCCFG |= USB_OTG_GCCFG_PDEN;
 460              		.loc 1 184 3 is_stmt 1 view .LVU136
 461 002c 3220     		movs	r0, #50
 462 002e FFF7FEFF 		bl	HAL_Delay
 463              	.LVL36:
ARM GAS  C:\usertemp\ccvtoeGc.s 			page 19


 185:Drivers/STM32U5xx_HAL_Driver/Src/stm32u5xx_hal_pcd_ex.c ****   HAL_Delay(50U);
 464              		.loc 1 185 3 view .LVU137
 185:Drivers/STM32U5xx_HAL_Driver/Src/stm32u5xx_hal_pcd_ex.c ****   HAL_Delay(50U);
 465              		.loc 1 185 7 is_stmt 0 view .LVU138
 466 0032 A36B     		ldr	r3, [r4, #56]
 185:Drivers/STM32U5xx_HAL_Driver/Src/stm32u5xx_hal_pcd_ex.c ****   HAL_Delay(50U);
 467              		.loc 1 185 15 view .LVU139
 468 0034 43F40023 		orr	r3, r3, #524288
 469 0038 A363     		str	r3, [r4, #56]
 186:Drivers/STM32U5xx_HAL_Driver/Src/stm32u5xx_hal_pcd_ex.c **** 
 470              		.loc 1 186 3 is_stmt 1 view .LVU140
 471 003a 3220     		movs	r0, #50
 472 003c FFF7FEFF 		bl	HAL_Delay
 473              	.LVL37:
 189:Drivers/STM32U5xx_HAL_Driver/Src/stm32u5xx_hal_pcd_ex.c **** #else
 474              		.loc 1 189 3 view .LVU141
 189:Drivers/STM32U5xx_HAL_Driver/Src/stm32u5xx_hal_pcd_ex.c **** #else
 475              		.loc 1 189 12 is_stmt 0 view .LVU142
 476 0040 A36B     		ldr	r3, [r4, #56]
 189:Drivers/STM32U5xx_HAL_Driver/Src/stm32u5xx_hal_pcd_ex.c **** #else
 477              		.loc 1 189 6 view .LVU143
 478 0042 13F0020F 		tst	r3, #2
 479 0046 16D1     		bne	.L16
 198:Drivers/STM32U5xx_HAL_Driver/Src/stm32u5xx_hal_pcd_ex.c **** #endif /* USE_HAL_PCD_REGISTER_CALLBACKS */
 480              		.loc 1 198 5 is_stmt 1 view .LVU144
 481 0048 FD21     		movs	r1, #253
 482 004a 2846     		mov	r0, r5
 483 004c FFF7FEFF 		bl	HAL_PCDEx_BCD_Callback
 484              	.LVL38:
 485              	.L17:
 235:Drivers/STM32U5xx_HAL_Driver/Src/stm32u5xx_hal_pcd_ex.c **** 
 486              		.loc 1 235 3 view .LVU145
 235:Drivers/STM32U5xx_HAL_Driver/Src/stm32u5xx_hal_pcd_ex.c **** 
 487              		.loc 1 235 9 is_stmt 0 view .LVU146
 488 0050 2846     		mov	r0, r5
 489 0052 FFF7FEFF 		bl	HAL_PCDEx_DeActivateBCD
 490              	.LVL39:
 238:Drivers/STM32U5xx_HAL_Driver/Src/stm32u5xx_hal_pcd_ex.c ****   {
 491              		.loc 1 238 3 is_stmt 1 view .LVU147
 238:Drivers/STM32U5xx_HAL_Driver/Src/stm32u5xx_hal_pcd_ex.c ****   {
 492              		.loc 1 238 8 is_stmt 0 view .LVU148
 493 0056 FFF7FEFF 		bl	HAL_GetTick
 494              	.LVL40:
 238:Drivers/STM32U5xx_HAL_Driver/Src/stm32u5xx_hal_pcd_ex.c ****   {
 495              		.loc 1 238 22 discriminator 1 view .LVU149
 496 005a 801B     		subs	r0, r0, r6
 238:Drivers/STM32U5xx_HAL_Driver/Src/stm32u5xx_hal_pcd_ex.c ****   {
 497              		.loc 1 238 6 discriminator 1 view .LVU150
 498 005c B0F57A7F 		cmp	r0, #1000
 499 0060 25D9     		bls	.L19
 243:Drivers/STM32U5xx_HAL_Driver/Src/stm32u5xx_hal_pcd_ex.c **** #endif /* USE_HAL_PCD_REGISTER_CALLBACKS */
 500              		.loc 1 243 5 is_stmt 1 view .LVU151
 501 0062 FF21     		movs	r1, #255
 502 0064 2846     		mov	r0, r5
 503 0066 FFF7FEFF 		bl	HAL_PCDEx_BCD_Callback
 504              	.LVL41:
 505              	.L14:
ARM GAS  C:\usertemp\ccvtoeGc.s 			page 20


 254:Drivers/STM32U5xx_HAL_Driver/Src/stm32u5xx_hal_pcd_ex.c **** 
 506              		.loc 1 254 1 is_stmt 0 view .LVU152
 507 006a 70BD     		pop	{r4, r5, r6, pc}
 508              	.LVL42:
 509              	.L22:
 176:Drivers/STM32U5xx_HAL_Driver/Src/stm32u5xx_hal_pcd_ex.c **** #endif /* USE_HAL_PCD_REGISTER_CALLBACKS */
 510              		.loc 1 176 5 is_stmt 1 view .LVU153
 511 006c FE21     		movs	r1, #254
 512 006e 2846     		mov	r0, r5
 513 0070 FFF7FEFF 		bl	HAL_PCDEx_BCD_Callback
 514              	.LVL43:
 515 0074 D6E7     		b	.L15
 516              	.L16:
 205:Drivers/STM32U5xx_HAL_Driver/Src/stm32u5xx_hal_pcd_ex.c ****     HAL_Delay(50U);
 517              		.loc 1 205 5 view .LVU154
 205:Drivers/STM32U5xx_HAL_Driver/Src/stm32u5xx_hal_pcd_ex.c ****     HAL_Delay(50U);
 518              		.loc 1 205 9 is_stmt 0 view .LVU155
 519 0076 A36B     		ldr	r3, [r4, #56]
 205:Drivers/STM32U5xx_HAL_Driver/Src/stm32u5xx_hal_pcd_ex.c ****     HAL_Delay(50U);
 520              		.loc 1 205 17 view .LVU156
 521 0078 23F40023 		bic	r3, r3, #524288
 522 007c A363     		str	r3, [r4, #56]
 206:Drivers/STM32U5xx_HAL_Driver/Src/stm32u5xx_hal_pcd_ex.c ****     USBx->GCCFG |= USB_OTG_GCCFG_SDEN;
 523              		.loc 1 206 5 is_stmt 1 view .LVU157
 524 007e 3220     		movs	r0, #50
 525 0080 FFF7FEFF 		bl	HAL_Delay
 526              	.LVL44:
 207:Drivers/STM32U5xx_HAL_Driver/Src/stm32u5xx_hal_pcd_ex.c ****     HAL_Delay(50U);
 527              		.loc 1 207 5 view .LVU158
 207:Drivers/STM32U5xx_HAL_Driver/Src/stm32u5xx_hal_pcd_ex.c ****     HAL_Delay(50U);
 528              		.loc 1 207 9 is_stmt 0 view .LVU159
 529 0084 A36B     		ldr	r3, [r4, #56]
 207:Drivers/STM32U5xx_HAL_Driver/Src/stm32u5xx_hal_pcd_ex.c ****     HAL_Delay(50U);
 530              		.loc 1 207 17 view .LVU160
 531 0086 43F48013 		orr	r3, r3, #1048576
 532 008a A363     		str	r3, [r4, #56]
 208:Drivers/STM32U5xx_HAL_Driver/Src/stm32u5xx_hal_pcd_ex.c **** 
 533              		.loc 1 208 5 is_stmt 1 view .LVU161
 534 008c 3220     		movs	r0, #50
 535 008e FFF7FEFF 		bl	HAL_Delay
 536              	.LVL45:
 211:Drivers/STM32U5xx_HAL_Driver/Src/stm32u5xx_hal_pcd_ex.c **** #else
 537              		.loc 1 211 5 view .LVU162
 211:Drivers/STM32U5xx_HAL_Driver/Src/stm32u5xx_hal_pcd_ex.c **** #else
 538              		.loc 1 211 14 is_stmt 0 view .LVU163
 539 0092 A36B     		ldr	r3, [r4, #56]
 211:Drivers/STM32U5xx_HAL_Driver/Src/stm32u5xx_hal_pcd_ex.c **** #else
 540              		.loc 1 211 8 view .LVU164
 541 0094 13F0040F 		tst	r3, #4
 542 0098 04D0     		beq	.L18
 220:Drivers/STM32U5xx_HAL_Driver/Src/stm32u5xx_hal_pcd_ex.c **** #endif /* USE_HAL_PCD_REGISTER_CALLBACKS */
 543              		.loc 1 220 7 is_stmt 1 view .LVU165
 544 009a FB21     		movs	r1, #251
 545 009c 2846     		mov	r0, r5
 546 009e FFF7FEFF 		bl	HAL_PCDEx_BCD_Callback
 547              	.LVL46:
 548 00a2 D5E7     		b	.L17
ARM GAS  C:\usertemp\ccvtoeGc.s 			page 21


 549              	.L18:
 229:Drivers/STM32U5xx_HAL_Driver/Src/stm32u5xx_hal_pcd_ex.c **** #endif /* USE_HAL_PCD_REGISTER_CALLBACKS */
 550              		.loc 1 229 7 view .LVU166
 551 00a4 FC21     		movs	r1, #252
 552 00a6 2846     		mov	r0, r5
 553 00a8 FFF7FEFF 		bl	HAL_PCDEx_BCD_Callback
 554              	.LVL47:
 555 00ac D0E7     		b	.L17
 556              	.L19:
 251:Drivers/STM32U5xx_HAL_Driver/Src/stm32u5xx_hal_pcd_ex.c **** #endif /* USE_HAL_PCD_REGISTER_CALLBACKS */
 557              		.loc 1 251 5 view .LVU167
 558 00ae 0021     		movs	r1, #0
 559 00b0 2846     		mov	r0, r5
 560 00b2 FFF7FEFF 		bl	HAL_PCDEx_BCD_Callback
 561              	.LVL48:
 254:Drivers/STM32U5xx_HAL_Driver/Src/stm32u5xx_hal_pcd_ex.c **** 
 562              		.loc 1 254 1 is_stmt 0 view .LVU168
 563 00b6 D8E7     		b	.L14
 564              		.cfi_endproc
 565              	.LFE161:
 567              		.text
 568              	.Letext0:
 569              		.file 2 "D:/armtoolchain/arm-gnu-toolchain-13.3.rel1-mingw-w64-i686-arm-none-eabi/arm-none-eabi/in
 570              		.file 3 "D:/armtoolchain/arm-gnu-toolchain-13.3.rel1-mingw-w64-i686-arm-none-eabi/arm-none-eabi/in
 571              		.file 4 "Drivers/CMSIS/Device/ST/STM32U5xx/Include/stm32u575xx.h"
 572              		.file 5 "Drivers/STM32U5xx_HAL_Driver/Inc/stm32u5xx_hal_def.h"
 573              		.file 6 "Drivers/STM32U5xx_HAL_Driver/Inc/stm32u5xx_ll_usb.h"
 574              		.file 7 "Drivers/STM32U5xx_HAL_Driver/Inc/stm32u5xx_hal_pcd.h"
 575              		.file 8 "Drivers/STM32U5xx_HAL_Driver/Inc/stm32u5xx_hal.h"
ARM GAS  C:\usertemp\ccvtoeGc.s 			page 22


DEFINED SYMBOLS
                            *ABS*:00000000 stm32u5xx_hal_pcd_ex.c
C:\usertemp\ccvtoeGc.s:22     .text.HAL_PCDEx_SetTxFiFo:00000000 $t
C:\usertemp\ccvtoeGc.s:28     .text.HAL_PCDEx_SetTxFiFo:00000000 HAL_PCDEx_SetTxFiFo
C:\usertemp\ccvtoeGc.s:122    .text.HAL_PCDEx_SetRxFiFo:00000000 $t
C:\usertemp\ccvtoeGc.s:128    .text.HAL_PCDEx_SetRxFiFo:00000000 HAL_PCDEx_SetRxFiFo
C:\usertemp\ccvtoeGc.s:151    .text.HAL_PCDEx_ActivateLPM:00000000 $t
C:\usertemp\ccvtoeGc.s:157    .text.HAL_PCDEx_ActivateLPM:00000000 HAL_PCDEx_ActivateLPM
C:\usertemp\ccvtoeGc.s:202    .text.HAL_PCDEx_DeActivateLPM:00000000 $t
C:\usertemp\ccvtoeGc.s:208    .text.HAL_PCDEx_DeActivateLPM:00000000 HAL_PCDEx_DeActivateLPM
C:\usertemp\ccvtoeGc.s:249    .text.HAL_PCDEx_ActivateBCD:00000000 $t
C:\usertemp\ccvtoeGc.s:255    .text.HAL_PCDEx_ActivateBCD:00000000 HAL_PCDEx_ActivateBCD
C:\usertemp\ccvtoeGc.s:307    .text.HAL_PCDEx_DeActivateBCD:00000000 $t
C:\usertemp\ccvtoeGc.s:313    .text.HAL_PCDEx_DeActivateBCD:00000000 HAL_PCDEx_DeActivateBCD
C:\usertemp\ccvtoeGc.s:358    .text.HAL_PCDEx_LPM_Callback:00000000 $t
C:\usertemp\ccvtoeGc.s:364    .text.HAL_PCDEx_LPM_Callback:00000000 HAL_PCDEx_LPM_Callback
C:\usertemp\ccvtoeGc.s:380    .text.HAL_PCDEx_BCD_Callback:00000000 $t
C:\usertemp\ccvtoeGc.s:386    .text.HAL_PCDEx_BCD_Callback:00000000 HAL_PCDEx_BCD_Callback
C:\usertemp\ccvtoeGc.s:402    .text.HAL_PCDEx_BCD_VBUSDetect:00000000 $t
C:\usertemp\ccvtoeGc.s:408    .text.HAL_PCDEx_BCD_VBUSDetect:00000000 HAL_PCDEx_BCD_VBUSDetect

UNDEFINED SYMBOLS
HAL_GetTick
HAL_Delay
