ARM GAS  C:\usertemp\ccSJti0R.s 			page 1


   1              		.cpu cortex-m33
   2              		.arch armv8-m.main
   3              		.fpu fpv4-sp-d16
   4              		.arch_extension dsp
   5              		.eabi_attribute 27, 1
   6              		.eabi_attribute 28, 1
   7              		.eabi_attribute 20, 1
   8              		.eabi_attribute 21, 1
   9              		.eabi_attribute 23, 3
  10              		.eabi_attribute 24, 1
  11              		.eabi_attribute 25, 1
  12              		.eabi_attribute 26, 1
  13              		.eabi_attribute 30, 1
  14              		.eabi_attribute 34, 1
  15              		.eabi_attribute 18, 4
  16              		.file	"stm32u5xx_hal_spi_ex.c"
  17              		.text
  18              	.Ltext0:
  19              		.cfi_sections	.debug_frame
  20              		.file 1 "Drivers/STM32U5xx_HAL_Driver/Src/stm32u5xx_hal_spi_ex.c"
  21              		.section	.text.HAL_SPIEx_FlushRxFifo,"ax",%progbits
  22              		.align	1
  23              		.global	HAL_SPIEx_FlushRxFifo
  24              		.syntax unified
  25              		.thumb
  26              		.thumb_func
  28              	HAL_SPIEx_FlushRxFifo:
  29              	.LVL0:
  30              	.LFB157:
   1:Drivers/STM32U5xx_HAL_Driver/Src/stm32u5xx_hal_spi_ex.c **** /**
   2:Drivers/STM32U5xx_HAL_Driver/Src/stm32u5xx_hal_spi_ex.c ****   ******************************************************************************
   3:Drivers/STM32U5xx_HAL_Driver/Src/stm32u5xx_hal_spi_ex.c ****   * @file    stm32u5xx_hal_spi_ex.c
   4:Drivers/STM32U5xx_HAL_Driver/Src/stm32u5xx_hal_spi_ex.c ****   * @author  MCD Application Team
   5:Drivers/STM32U5xx_HAL_Driver/Src/stm32u5xx_hal_spi_ex.c ****   * @brief   Extended SPI HAL module driver.
   6:Drivers/STM32U5xx_HAL_Driver/Src/stm32u5xx_hal_spi_ex.c ****   *          This file provides firmware functions to manage the following
   7:Drivers/STM32U5xx_HAL_Driver/Src/stm32u5xx_hal_spi_ex.c ****   *          SPI peripheral extended functionalities :
   8:Drivers/STM32U5xx_HAL_Driver/Src/stm32u5xx_hal_spi_ex.c ****   *           + IO operation functions
   9:Drivers/STM32U5xx_HAL_Driver/Src/stm32u5xx_hal_spi_ex.c ****   *           + Peripheral Control functions
  10:Drivers/STM32U5xx_HAL_Driver/Src/stm32u5xx_hal_spi_ex.c ****   *
  11:Drivers/STM32U5xx_HAL_Driver/Src/stm32u5xx_hal_spi_ex.c ****   ******************************************************************************
  12:Drivers/STM32U5xx_HAL_Driver/Src/stm32u5xx_hal_spi_ex.c ****   * @attention
  13:Drivers/STM32U5xx_HAL_Driver/Src/stm32u5xx_hal_spi_ex.c ****   *
  14:Drivers/STM32U5xx_HAL_Driver/Src/stm32u5xx_hal_spi_ex.c ****   * Copyright (c) 2021 STMicroelectronics.
  15:Drivers/STM32U5xx_HAL_Driver/Src/stm32u5xx_hal_spi_ex.c ****   * All rights reserved.
  16:Drivers/STM32U5xx_HAL_Driver/Src/stm32u5xx_hal_spi_ex.c ****   *
  17:Drivers/STM32U5xx_HAL_Driver/Src/stm32u5xx_hal_spi_ex.c ****   * This software is licensed under terms that can be found in the LICENSE file
  18:Drivers/STM32U5xx_HAL_Driver/Src/stm32u5xx_hal_spi_ex.c ****   * in the root directory of this software component.
  19:Drivers/STM32U5xx_HAL_Driver/Src/stm32u5xx_hal_spi_ex.c ****   * If no LICENSE file comes with this software, it is provided AS-IS.
  20:Drivers/STM32U5xx_HAL_Driver/Src/stm32u5xx_hal_spi_ex.c ****   *
  21:Drivers/STM32U5xx_HAL_Driver/Src/stm32u5xx_hal_spi_ex.c ****   ******************************************************************************
  22:Drivers/STM32U5xx_HAL_Driver/Src/stm32u5xx_hal_spi_ex.c ****   */
  23:Drivers/STM32U5xx_HAL_Driver/Src/stm32u5xx_hal_spi_ex.c **** 
  24:Drivers/STM32U5xx_HAL_Driver/Src/stm32u5xx_hal_spi_ex.c **** /* Includes ------------------------------------------------------------------*/
  25:Drivers/STM32U5xx_HAL_Driver/Src/stm32u5xx_hal_spi_ex.c **** #include "stm32u5xx_hal.h"
  26:Drivers/STM32U5xx_HAL_Driver/Src/stm32u5xx_hal_spi_ex.c **** 
  27:Drivers/STM32U5xx_HAL_Driver/Src/stm32u5xx_hal_spi_ex.c **** /** @addtogroup STM32U5xx_HAL_Driver
  28:Drivers/STM32U5xx_HAL_Driver/Src/stm32u5xx_hal_spi_ex.c ****   * @{
ARM GAS  C:\usertemp\ccSJti0R.s 			page 2


  29:Drivers/STM32U5xx_HAL_Driver/Src/stm32u5xx_hal_spi_ex.c ****   */
  30:Drivers/STM32U5xx_HAL_Driver/Src/stm32u5xx_hal_spi_ex.c **** 
  31:Drivers/STM32U5xx_HAL_Driver/Src/stm32u5xx_hal_spi_ex.c **** /** @defgroup SPIEx SPIEx
  32:Drivers/STM32U5xx_HAL_Driver/Src/stm32u5xx_hal_spi_ex.c ****   * @brief SPI Extended HAL module driver
  33:Drivers/STM32U5xx_HAL_Driver/Src/stm32u5xx_hal_spi_ex.c ****   * @{
  34:Drivers/STM32U5xx_HAL_Driver/Src/stm32u5xx_hal_spi_ex.c ****   */
  35:Drivers/STM32U5xx_HAL_Driver/Src/stm32u5xx_hal_spi_ex.c **** #ifdef HAL_SPI_MODULE_ENABLED
  36:Drivers/STM32U5xx_HAL_Driver/Src/stm32u5xx_hal_spi_ex.c **** 
  37:Drivers/STM32U5xx_HAL_Driver/Src/stm32u5xx_hal_spi_ex.c **** /* Private typedef -----------------------------------------------------------*/
  38:Drivers/STM32U5xx_HAL_Driver/Src/stm32u5xx_hal_spi_ex.c **** /* Private defines -----------------------------------------------------------*/
  39:Drivers/STM32U5xx_HAL_Driver/Src/stm32u5xx_hal_spi_ex.c **** /* Private macros ------------------------------------------------------------*/
  40:Drivers/STM32U5xx_HAL_Driver/Src/stm32u5xx_hal_spi_ex.c **** /* Private variables ---------------------------------------------------------*/
  41:Drivers/STM32U5xx_HAL_Driver/Src/stm32u5xx_hal_spi_ex.c **** /* Private function prototypes -----------------------------------------------*/
  42:Drivers/STM32U5xx_HAL_Driver/Src/stm32u5xx_hal_spi_ex.c **** /* Exported functions --------------------------------------------------------*/
  43:Drivers/STM32U5xx_HAL_Driver/Src/stm32u5xx_hal_spi_ex.c **** 
  44:Drivers/STM32U5xx_HAL_Driver/Src/stm32u5xx_hal_spi_ex.c **** /** @defgroup SPIEx_Exported_Functions SPIEx Exported Functions
  45:Drivers/STM32U5xx_HAL_Driver/Src/stm32u5xx_hal_spi_ex.c ****   * @{
  46:Drivers/STM32U5xx_HAL_Driver/Src/stm32u5xx_hal_spi_ex.c ****   */
  47:Drivers/STM32U5xx_HAL_Driver/Src/stm32u5xx_hal_spi_ex.c **** 
  48:Drivers/STM32U5xx_HAL_Driver/Src/stm32u5xx_hal_spi_ex.c **** /** @defgroup SPIEx_Exported_Functions_Group1 IO operation functions
  49:Drivers/STM32U5xx_HAL_Driver/Src/stm32u5xx_hal_spi_ex.c ****   *  @brief   Data transfers functions
  50:Drivers/STM32U5xx_HAL_Driver/Src/stm32u5xx_hal_spi_ex.c ****   *
  51:Drivers/STM32U5xx_HAL_Driver/Src/stm32u5xx_hal_spi_ex.c **** @verbatim
  52:Drivers/STM32U5xx_HAL_Driver/Src/stm32u5xx_hal_spi_ex.c ****   ==============================================================================
  53:Drivers/STM32U5xx_HAL_Driver/Src/stm32u5xx_hal_spi_ex.c ****                       ##### IO operation functions #####
  54:Drivers/STM32U5xx_HAL_Driver/Src/stm32u5xx_hal_spi_ex.c ****  ===============================================================================
  55:Drivers/STM32U5xx_HAL_Driver/Src/stm32u5xx_hal_spi_ex.c ****  [..]
  56:Drivers/STM32U5xx_HAL_Driver/Src/stm32u5xx_hal_spi_ex.c ****     This subsection provides a set of extended functions to manage the SPI
  57:Drivers/STM32U5xx_HAL_Driver/Src/stm32u5xx_hal_spi_ex.c ****     data transfers.
  58:Drivers/STM32U5xx_HAL_Driver/Src/stm32u5xx_hal_spi_ex.c **** 
  59:Drivers/STM32U5xx_HAL_Driver/Src/stm32u5xx_hal_spi_ex.c ****     (#) SPIEx function:
  60:Drivers/STM32U5xx_HAL_Driver/Src/stm32u5xx_hal_spi_ex.c ****         (++) HAL_SPIEx_FlushRxFifo()
  61:Drivers/STM32U5xx_HAL_Driver/Src/stm32u5xx_hal_spi_ex.c ****         (++) HAL_SPIEx_EnableLockConfiguration()
  62:Drivers/STM32U5xx_HAL_Driver/Src/stm32u5xx_hal_spi_ex.c ****         (++) HAL_SPIEx_ConfigureUnderrun()
  63:Drivers/STM32U5xx_HAL_Driver/Src/stm32u5xx_hal_spi_ex.c **** 
  64:Drivers/STM32U5xx_HAL_Driver/Src/stm32u5xx_hal_spi_ex.c **** @endverbatim
  65:Drivers/STM32U5xx_HAL_Driver/Src/stm32u5xx_hal_spi_ex.c ****   * @{
  66:Drivers/STM32U5xx_HAL_Driver/Src/stm32u5xx_hal_spi_ex.c ****   */
  67:Drivers/STM32U5xx_HAL_Driver/Src/stm32u5xx_hal_spi_ex.c **** 
  68:Drivers/STM32U5xx_HAL_Driver/Src/stm32u5xx_hal_spi_ex.c **** /**
  69:Drivers/STM32U5xx_HAL_Driver/Src/stm32u5xx_hal_spi_ex.c ****   * @brief Flush the RX fifo.
  70:Drivers/STM32U5xx_HAL_Driver/Src/stm32u5xx_hal_spi_ex.c ****   * @param  hspi: pointer to a SPI_HandleTypeDef structure that contains
  71:Drivers/STM32U5xx_HAL_Driver/Src/stm32u5xx_hal_spi_ex.c ****   *               the configuration information for the specified SPI module.
  72:Drivers/STM32U5xx_HAL_Driver/Src/stm32u5xx_hal_spi_ex.c ****   * @retval HAL status
  73:Drivers/STM32U5xx_HAL_Driver/Src/stm32u5xx_hal_spi_ex.c ****   */
  74:Drivers/STM32U5xx_HAL_Driver/Src/stm32u5xx_hal_spi_ex.c **** HAL_StatusTypeDef HAL_SPIEx_FlushRxFifo(const SPI_HandleTypeDef *hspi)
  75:Drivers/STM32U5xx_HAL_Driver/Src/stm32u5xx_hal_spi_ex.c **** {
  31              		.loc 1 75 1 view -0
  32              		.cfi_startproc
  33              		@ args = 0, pretend = 0, frame = 8
  34              		@ frame_needed = 0, uses_anonymous_args = 0
  35              		@ link register save eliminated.
  76:Drivers/STM32U5xx_HAL_Driver/Src/stm32u5xx_hal_spi_ex.c ****   uint8_t  count  = 0;
  36              		.loc 1 76 3 view .LVU1
  77:Drivers/STM32U5xx_HAL_Driver/Src/stm32u5xx_hal_spi_ex.c ****   uint32_t itflag = hspi->Instance->SR;
  37              		.loc 1 77 3 view .LVU2
  38              		.loc 1 77 25 is_stmt 0 view .LVU3
ARM GAS  C:\usertemp\ccSJti0R.s 			page 3


  39 0000 0268     		ldr	r2, [r0]
  40              		.loc 1 77 12 view .LVU4
  41 0002 5069     		ldr	r0, [r2, #20]
  42              	.LVL1:
  78:Drivers/STM32U5xx_HAL_Driver/Src/stm32u5xx_hal_spi_ex.c ****   __IO uint32_t tmpreg;
  43              		.loc 1 78 3 is_stmt 1 view .LVU5
  79:Drivers/STM32U5xx_HAL_Driver/Src/stm32u5xx_hal_spi_ex.c **** 
  80:Drivers/STM32U5xx_HAL_Driver/Src/stm32u5xx_hal_spi_ex.c ****   while (((hspi->Instance->SR & SPI_FLAG_FRLVL) !=  SPI_RX_FIFO_0PACKET) || ((itflag & SPI_FLAG_RXW
  44              		.loc 1 80 3 view .LVU6
  76:Drivers/STM32U5xx_HAL_Driver/Src/stm32u5xx_hal_spi_ex.c ****   uint32_t itflag = hspi->Instance->SR;
  45              		.loc 1 76 12 is_stmt 0 view .LVU7
  46 0004 0023     		movs	r3, #0
  47              	.LVL2:
  48              		.loc 1 80 74 is_stmt 1 view .LVU8
  49              		.loc 1 80 26 is_stmt 0 view .LVU9
  50 0006 5169     		ldr	r1, [r2, #20]
  51              		.loc 1 80 74 view .LVU10
  52 0008 11F4C04F 		tst	r1, #24576
  53 000c 02D1     		bne	.L13
  54              		.loc 1 80 74 discriminator 1 view .LVU11
  55 000e 10F4004F 		tst	r0, #32768
  56 0012 25D0     		beq	.L14
  57              	.L13:
  75:Drivers/STM32U5xx_HAL_Driver/Src/stm32u5xx_hal_spi_ex.c ****   uint8_t  count  = 0;
  58              		.loc 1 75 1 view .LVU12
  59 0014 82B0     		sub	sp, sp, #8
  60              	.LCFI0:
  61              		.cfi_def_cfa_offset 8
  62              	.L6:
  81:Drivers/STM32U5xx_HAL_Driver/Src/stm32u5xx_hal_spi_ex.c ****   {
  82:Drivers/STM32U5xx_HAL_Driver/Src/stm32u5xx_hal_spi_ex.c ****     count += (uint8_t)4UL;
  63              		.loc 1 82 5 is_stmt 1 view .LVU13
  64              		.loc 1 82 11 is_stmt 0 view .LVU14
  65 0016 0433     		adds	r3, r3, #4
  66              	.LVL3:
  67              		.loc 1 82 11 view .LVU15
  68 0018 DBB2     		uxtb	r3, r3
  69              	.LVL4:
  83:Drivers/STM32U5xx_HAL_Driver/Src/stm32u5xx_hal_spi_ex.c ****     tmpreg = hspi->Instance->RXDR;
  70              		.loc 1 83 5 is_stmt 1 view .LVU16
  71              		.loc 1 83 28 is_stmt 0 view .LVU17
  72 001a 116B     		ldr	r1, [r2, #48]
  73              		.loc 1 83 12 view .LVU18
  74 001c 0191     		str	r1, [sp, #4]
  84:Drivers/STM32U5xx_HAL_Driver/Src/stm32u5xx_hal_spi_ex.c ****     UNUSED(tmpreg); /* To avoid GCC warning */
  75              		.loc 1 84 5 is_stmt 1 view .LVU19
  76 001e 0199     		ldr	r1, [sp, #4]
  85:Drivers/STM32U5xx_HAL_Driver/Src/stm32u5xx_hal_spi_ex.c **** 
  86:Drivers/STM32U5xx_HAL_Driver/Src/stm32u5xx_hal_spi_ex.c ****     if (IS_SPI_FULL_INSTANCE(hspi->Instance))
  77              		.loc 1 86 5 view .LVU20
  78              		.loc 1 86 8 is_stmt 0 view .LVU21
  79 0020 1049     		ldr	r1, .L16
  80 0022 8A42     		cmp	r2, r1
  81 0024 0ED0     		beq	.L3
  82              		.loc 1 86 9 discriminator 1 view .LVU22
  83 0026 01F18051 		add	r1, r1, #268435456
  84 002a 8A42     		cmp	r2, r1
ARM GAS  C:\usertemp\ccSJti0R.s 			page 4


  85 002c 0AD0     		beq	.L3
  86              		.loc 1 86 9 discriminator 2 view .LVU23
  87 002e 0E49     		ldr	r1, .L16+4
  88 0030 8A42     		cmp	r2, r1
  89 0032 07D0     		beq	.L3
  90              		.loc 1 86 9 discriminator 3 view .LVU24
  91 0034 01F18051 		add	r1, r1, #268435456
  92 0038 8A42     		cmp	r2, r1
  93 003a 03D0     		beq	.L3
  87:Drivers/STM32U5xx_HAL_Driver/Src/stm32u5xx_hal_spi_ex.c ****     {
  88:Drivers/STM32U5xx_HAL_Driver/Src/stm32u5xx_hal_spi_ex.c ****       if (count > SPI_HIGHEND_FIFO_SIZE)
  89:Drivers/STM32U5xx_HAL_Driver/Src/stm32u5xx_hal_spi_ex.c ****       {
  90:Drivers/STM32U5xx_HAL_Driver/Src/stm32u5xx_hal_spi_ex.c ****         return HAL_TIMEOUT;
  91:Drivers/STM32U5xx_HAL_Driver/Src/stm32u5xx_hal_spi_ex.c ****       }
  92:Drivers/STM32U5xx_HAL_Driver/Src/stm32u5xx_hal_spi_ex.c ****     }
  93:Drivers/STM32U5xx_HAL_Driver/Src/stm32u5xx_hal_spi_ex.c ****     else
  94:Drivers/STM32U5xx_HAL_Driver/Src/stm32u5xx_hal_spi_ex.c ****     {
  95:Drivers/STM32U5xx_HAL_Driver/Src/stm32u5xx_hal_spi_ex.c ****       if (count > SPI_LOWEND_FIFO_SIZE)
  94              		.loc 1 95 7 is_stmt 1 view .LVU25
  95              		.loc 1 95 10 is_stmt 0 view .LVU26
  96 003c 082B     		cmp	r3, #8
  97 003e 03D9     		bls	.L2
  96:Drivers/STM32U5xx_HAL_Driver/Src/stm32u5xx_hal_spi_ex.c ****       {
  97:Drivers/STM32U5xx_HAL_Driver/Src/stm32u5xx_hal_spi_ex.c ****         return HAL_TIMEOUT;
  98              		.loc 1 97 16 view .LVU27
  99 0040 0320     		movs	r0, #3
 100              	.LVL5:
 101              		.loc 1 97 16 view .LVU28
 102 0042 0BE0     		b	.L5
 103              	.LVL6:
 104              	.L3:
  88:Drivers/STM32U5xx_HAL_Driver/Src/stm32u5xx_hal_spi_ex.c ****       {
 105              		.loc 1 88 7 is_stmt 1 view .LVU29
  88:Drivers/STM32U5xx_HAL_Driver/Src/stm32u5xx_hal_spi_ex.c ****       {
 106              		.loc 1 88 10 is_stmt 0 view .LVU30
 107 0044 102B     		cmp	r3, #16
 108 0046 08D8     		bhi	.L15
 109              	.L2:
  80:Drivers/STM32U5xx_HAL_Driver/Src/stm32u5xx_hal_spi_ex.c ****   {
 110              		.loc 1 80 74 is_stmt 1 view .LVU31
  80:Drivers/STM32U5xx_HAL_Driver/Src/stm32u5xx_hal_spi_ex.c ****   {
 111              		.loc 1 80 26 is_stmt 0 view .LVU32
 112 0048 5169     		ldr	r1, [r2, #20]
  80:Drivers/STM32U5xx_HAL_Driver/Src/stm32u5xx_hal_spi_ex.c ****   {
 113              		.loc 1 80 74 view .LVU33
 114 004a 11F4C04F 		tst	r1, #24576
 115 004e E2D1     		bne	.L6
  80:Drivers/STM32U5xx_HAL_Driver/Src/stm32u5xx_hal_spi_ex.c ****   {
 116              		.loc 1 80 74 discriminator 1 view .LVU34
 117 0050 10F4004F 		tst	r0, #32768
 118 0054 DFD1     		bne	.L6
  98:Drivers/STM32U5xx_HAL_Driver/Src/stm32u5xx_hal_spi_ex.c ****       }
  99:Drivers/STM32U5xx_HAL_Driver/Src/stm32u5xx_hal_spi_ex.c ****     }
 100:Drivers/STM32U5xx_HAL_Driver/Src/stm32u5xx_hal_spi_ex.c ****   }
 101:Drivers/STM32U5xx_HAL_Driver/Src/stm32u5xx_hal_spi_ex.c ****   return HAL_OK;
 119              		.loc 1 101 10 view .LVU35
 120 0056 0020     		movs	r0, #0
ARM GAS  C:\usertemp\ccSJti0R.s 			page 5


 121              	.LVL7:
 122              		.loc 1 101 10 view .LVU36
 123 0058 00E0     		b	.L5
 124              	.LVL8:
 125              	.L15:
  90:Drivers/STM32U5xx_HAL_Driver/Src/stm32u5xx_hal_spi_ex.c ****       }
 126              		.loc 1 90 16 view .LVU37
 127 005a 0320     		movs	r0, #3
 128              	.LVL9:
 129              	.L5:
 102:Drivers/STM32U5xx_HAL_Driver/Src/stm32u5xx_hal_spi_ex.c **** }
 130              		.loc 1 102 1 view .LVU38
 131 005c 02B0     		add	sp, sp, #8
 132              	.LCFI1:
 133              		.cfi_def_cfa_offset 0
 134              		@ sp needed
 135 005e 7047     		bx	lr
 136              	.LVL10:
 137              	.L14:
 101:Drivers/STM32U5xx_HAL_Driver/Src/stm32u5xx_hal_spi_ex.c **** }
 138              		.loc 1 101 10 view .LVU39
 139 0060 0020     		movs	r0, #0
 140              	.LVL11:
 141              		.loc 1 102 1 view .LVU40
 142 0062 7047     		bx	lr
 143              	.L17:
 144              		.align	2
 145              	.L16:
 146 0064 00300140 		.word	1073819648
 147 0068 00380040 		.word	1073756160
 148              		.cfi_endproc
 149              	.LFE157:
 151              		.section	.text.HAL_SPIEx_EnableLockConfiguration,"ax",%progbits
 152              		.align	1
 153              		.global	HAL_SPIEx_EnableLockConfiguration
 154              		.syntax unified
 155              		.thumb
 156              		.thumb_func
 158              	HAL_SPIEx_EnableLockConfiguration:
 159              	.LVL12:
 160              	.LFB158:
 103:Drivers/STM32U5xx_HAL_Driver/Src/stm32u5xx_hal_spi_ex.c **** 
 104:Drivers/STM32U5xx_HAL_Driver/Src/stm32u5xx_hal_spi_ex.c **** 
 105:Drivers/STM32U5xx_HAL_Driver/Src/stm32u5xx_hal_spi_ex.c **** /**
 106:Drivers/STM32U5xx_HAL_Driver/Src/stm32u5xx_hal_spi_ex.c ****   * @brief  Enable the Lock for the AF configuration of associated IOs
 107:Drivers/STM32U5xx_HAL_Driver/Src/stm32u5xx_hal_spi_ex.c ****   *         and write protect the Content of Configuration register 2
 108:Drivers/STM32U5xx_HAL_Driver/Src/stm32u5xx_hal_spi_ex.c ****   *         when SPI is enabled
 109:Drivers/STM32U5xx_HAL_Driver/Src/stm32u5xx_hal_spi_ex.c ****   * @param  hspi: pointer to a SPI_HandleTypeDef structure that contains
 110:Drivers/STM32U5xx_HAL_Driver/Src/stm32u5xx_hal_spi_ex.c ****   *               the configuration information for SPI module.
 111:Drivers/STM32U5xx_HAL_Driver/Src/stm32u5xx_hal_spi_ex.c ****   * @retval None
 112:Drivers/STM32U5xx_HAL_Driver/Src/stm32u5xx_hal_spi_ex.c ****   */
 113:Drivers/STM32U5xx_HAL_Driver/Src/stm32u5xx_hal_spi_ex.c **** HAL_StatusTypeDef HAL_SPIEx_EnableLockConfiguration(SPI_HandleTypeDef *hspi)
 114:Drivers/STM32U5xx_HAL_Driver/Src/stm32u5xx_hal_spi_ex.c **** {
 161              		.loc 1 114 1 is_stmt 1 view -0
 162              		.cfi_startproc
 163              		@ args = 0, pretend = 0, frame = 0
 164              		@ frame_needed = 0, uses_anonymous_args = 0
ARM GAS  C:\usertemp\ccSJti0R.s 			page 6


 165              		@ link register save eliminated.
 166              		.loc 1 114 1 is_stmt 0 view .LVU42
 167 0000 0346     		mov	r3, r0
 115:Drivers/STM32U5xx_HAL_Driver/Src/stm32u5xx_hal_spi_ex.c ****   HAL_StatusTypeDef errorcode = HAL_OK;
 168              		.loc 1 115 3 is_stmt 1 view .LVU43
 169              	.LVL13:
 116:Drivers/STM32U5xx_HAL_Driver/Src/stm32u5xx_hal_spi_ex.c **** 
 117:Drivers/STM32U5xx_HAL_Driver/Src/stm32u5xx_hal_spi_ex.c ****   /* Process Locked */
 118:Drivers/STM32U5xx_HAL_Driver/Src/stm32u5xx_hal_spi_ex.c ****   __HAL_LOCK(hspi);
 170              		.loc 1 118 3 view .LVU44
 171              		.loc 1 118 3 view .LVU45
 172 0002 90F88820 		ldrb	r2, [r0, #136]	@ zero_extendqisi2
 173 0006 012A     		cmp	r2, #1
 174 0008 2ED0     		beq	.L23
 175              		.loc 1 118 3 discriminator 2 view .LVU46
 176 000a 0122     		movs	r2, #1
 177 000c 80F88820 		strb	r2, [r0, #136]
 178              		.loc 1 118 3 discriminator 2 view .LVU47
 119:Drivers/STM32U5xx_HAL_Driver/Src/stm32u5xx_hal_spi_ex.c **** 
 120:Drivers/STM32U5xx_HAL_Driver/Src/stm32u5xx_hal_spi_ex.c ****   if (hspi->State != HAL_SPI_STATE_READY)
 179              		.loc 1 120 3 view .LVU48
 180              		.loc 1 120 11 is_stmt 0 view .LVU49
 181 0010 90F88920 		ldrb	r2, [r0, #137]	@ zero_extendqisi2
 182 0014 D2B2     		uxtb	r2, r2
 183              		.loc 1 120 6 view .LVU50
 184 0016 012A     		cmp	r2, #1
 185 0018 0FD1     		bne	.L24
 121:Drivers/STM32U5xx_HAL_Driver/Src/stm32u5xx_hal_spi_ex.c ****   {
 122:Drivers/STM32U5xx_HAL_Driver/Src/stm32u5xx_hal_spi_ex.c ****     errorcode = HAL_BUSY;
 123:Drivers/STM32U5xx_HAL_Driver/Src/stm32u5xx_hal_spi_ex.c ****     hspi->State = HAL_SPI_STATE_READY;
 124:Drivers/STM32U5xx_HAL_Driver/Src/stm32u5xx_hal_spi_ex.c ****     /* Process Unlocked */
 125:Drivers/STM32U5xx_HAL_Driver/Src/stm32u5xx_hal_spi_ex.c ****     __HAL_UNLOCK(hspi);
 126:Drivers/STM32U5xx_HAL_Driver/Src/stm32u5xx_hal_spi_ex.c ****     return errorcode;
 127:Drivers/STM32U5xx_HAL_Driver/Src/stm32u5xx_hal_spi_ex.c ****   }
 128:Drivers/STM32U5xx_HAL_Driver/Src/stm32u5xx_hal_spi_ex.c **** 
 129:Drivers/STM32U5xx_HAL_Driver/Src/stm32u5xx_hal_spi_ex.c ****   /* Check if the SPI is disabled to edit IOLOCK bit */
 130:Drivers/STM32U5xx_HAL_Driver/Src/stm32u5xx_hal_spi_ex.c ****   if ((hspi->Instance->CR1 & SPI_CR1_SPE) != SPI_CR1_SPE)
 186              		.loc 1 130 3 is_stmt 1 view .LVU51
 187              		.loc 1 130 12 is_stmt 0 view .LVU52
 188 001a 0268     		ldr	r2, [r0]
 189              		.loc 1 130 22 view .LVU53
 190 001c 1168     		ldr	r1, [r2]
 191              		.loc 1 130 6 view .LVU54
 192 001e 11F0010F 		tst	r1, #1
 193 0022 12D1     		bne	.L21
 131:Drivers/STM32U5xx_HAL_Driver/Src/stm32u5xx_hal_spi_ex.c ****   {
 132:Drivers/STM32U5xx_HAL_Driver/Src/stm32u5xx_hal_spi_ex.c ****     SET_BIT(hspi->Instance->CR1, SPI_CR1_IOLOCK);
 194              		.loc 1 132 5 is_stmt 1 view .LVU55
 195 0024 1168     		ldr	r1, [r2]
 196 0026 41F48031 		orr	r1, r1, #65536
 197 002a 1160     		str	r1, [r2]
 198              	.L22:
 133:Drivers/STM32U5xx_HAL_Driver/Src/stm32u5xx_hal_spi_ex.c ****   }
 134:Drivers/STM32U5xx_HAL_Driver/Src/stm32u5xx_hal_spi_ex.c ****   else
 135:Drivers/STM32U5xx_HAL_Driver/Src/stm32u5xx_hal_spi_ex.c ****   {
 136:Drivers/STM32U5xx_HAL_Driver/Src/stm32u5xx_hal_spi_ex.c ****     /* Disable SPI peripheral */
 137:Drivers/STM32U5xx_HAL_Driver/Src/stm32u5xx_hal_spi_ex.c ****     __HAL_SPI_DISABLE(hspi);
ARM GAS  C:\usertemp\ccSJti0R.s 			page 7


 138:Drivers/STM32U5xx_HAL_Driver/Src/stm32u5xx_hal_spi_ex.c **** 
 139:Drivers/STM32U5xx_HAL_Driver/Src/stm32u5xx_hal_spi_ex.c ****     SET_BIT(hspi->Instance->CR1, SPI_CR1_IOLOCK);
 140:Drivers/STM32U5xx_HAL_Driver/Src/stm32u5xx_hal_spi_ex.c **** 
 141:Drivers/STM32U5xx_HAL_Driver/Src/stm32u5xx_hal_spi_ex.c ****     /* Enable SPI peripheral */
 142:Drivers/STM32U5xx_HAL_Driver/Src/stm32u5xx_hal_spi_ex.c ****     __HAL_SPI_ENABLE(hspi);
 143:Drivers/STM32U5xx_HAL_Driver/Src/stm32u5xx_hal_spi_ex.c ****   }
 144:Drivers/STM32U5xx_HAL_Driver/Src/stm32u5xx_hal_spi_ex.c **** 
 145:Drivers/STM32U5xx_HAL_Driver/Src/stm32u5xx_hal_spi_ex.c ****   hspi->State = HAL_SPI_STATE_READY;
 199              		.loc 1 145 3 view .LVU56
 200              		.loc 1 145 15 is_stmt 0 view .LVU57
 201 002c 0122     		movs	r2, #1
 202 002e 83F88920 		strb	r2, [r3, #137]
 146:Drivers/STM32U5xx_HAL_Driver/Src/stm32u5xx_hal_spi_ex.c ****   /* Process Unlocked */
 147:Drivers/STM32U5xx_HAL_Driver/Src/stm32u5xx_hal_spi_ex.c ****   __HAL_UNLOCK(hspi);
 203              		.loc 1 147 3 is_stmt 1 view .LVU58
 204              		.loc 1 147 3 view .LVU59
 205 0032 0020     		movs	r0, #0
 206              	.LVL14:
 207              		.loc 1 147 3 is_stmt 0 view .LVU60
 208 0034 83F88800 		strb	r0, [r3, #136]
 209              		.loc 1 147 3 is_stmt 1 view .LVU61
 148:Drivers/STM32U5xx_HAL_Driver/Src/stm32u5xx_hal_spi_ex.c ****   return errorcode;
 210              		.loc 1 148 3 view .LVU62
 211              		.loc 1 148 10 is_stmt 0 view .LVU63
 212 0038 7047     		bx	lr
 213              	.LVL15:
 214              	.L24:
 122:Drivers/STM32U5xx_HAL_Driver/Src/stm32u5xx_hal_spi_ex.c ****     hspi->State = HAL_SPI_STATE_READY;
 215              		.loc 1 122 5 is_stmt 1 view .LVU64
 123:Drivers/STM32U5xx_HAL_Driver/Src/stm32u5xx_hal_spi_ex.c ****     /* Process Unlocked */
 216              		.loc 1 123 5 view .LVU65
 123:Drivers/STM32U5xx_HAL_Driver/Src/stm32u5xx_hal_spi_ex.c ****     /* Process Unlocked */
 217              		.loc 1 123 17 is_stmt 0 view .LVU66
 218 003a 0122     		movs	r2, #1
 219 003c 80F88920 		strb	r2, [r0, #137]
 125:Drivers/STM32U5xx_HAL_Driver/Src/stm32u5xx_hal_spi_ex.c ****     return errorcode;
 220              		.loc 1 125 5 is_stmt 1 view .LVU67
 125:Drivers/STM32U5xx_HAL_Driver/Src/stm32u5xx_hal_spi_ex.c ****     return errorcode;
 221              		.loc 1 125 5 view .LVU68
 222 0040 0022     		movs	r2, #0
 223 0042 80F88820 		strb	r2, [r0, #136]
 125:Drivers/STM32U5xx_HAL_Driver/Src/stm32u5xx_hal_spi_ex.c ****     return errorcode;
 224              		.loc 1 125 5 view .LVU69
 126:Drivers/STM32U5xx_HAL_Driver/Src/stm32u5xx_hal_spi_ex.c ****   }
 225              		.loc 1 126 5 view .LVU70
 126:Drivers/STM32U5xx_HAL_Driver/Src/stm32u5xx_hal_spi_ex.c ****   }
 226              		.loc 1 126 12 is_stmt 0 view .LVU71
 227 0046 0220     		movs	r0, #2
 228              	.LVL16:
 126:Drivers/STM32U5xx_HAL_Driver/Src/stm32u5xx_hal_spi_ex.c ****   }
 229              		.loc 1 126 12 view .LVU72
 230 0048 7047     		bx	lr
 231              	.LVL17:
 232              	.L21:
 137:Drivers/STM32U5xx_HAL_Driver/Src/stm32u5xx_hal_spi_ex.c **** 
 233              		.loc 1 137 5 is_stmt 1 view .LVU73
 234 004a 1168     		ldr	r1, [r2]
ARM GAS  C:\usertemp\ccSJti0R.s 			page 8


 235 004c 21F00101 		bic	r1, r1, #1
 236 0050 1160     		str	r1, [r2]
 139:Drivers/STM32U5xx_HAL_Driver/Src/stm32u5xx_hal_spi_ex.c **** 
 237              		.loc 1 139 5 view .LVU74
 238 0052 0168     		ldr	r1, [r0]
 239 0054 0A68     		ldr	r2, [r1]
 240 0056 42F48032 		orr	r2, r2, #65536
 241 005a 0A60     		str	r2, [r1]
 142:Drivers/STM32U5xx_HAL_Driver/Src/stm32u5xx_hal_spi_ex.c ****   }
 242              		.loc 1 142 5 view .LVU75
 243 005c 0168     		ldr	r1, [r0]
 244 005e 0A68     		ldr	r2, [r1]
 245 0060 42F00102 		orr	r2, r2, #1
 246 0064 0A60     		str	r2, [r1]
 247 0066 E1E7     		b	.L22
 248              	.L23:
 118:Drivers/STM32U5xx_HAL_Driver/Src/stm32u5xx_hal_spi_ex.c **** 
 249              		.loc 1 118 3 is_stmt 0 discriminator 1 view .LVU76
 250 0068 0220     		movs	r0, #2
 251              	.LVL18:
 149:Drivers/STM32U5xx_HAL_Driver/Src/stm32u5xx_hal_spi_ex.c **** }
 252              		.loc 1 149 1 view .LVU77
 253 006a 7047     		bx	lr
 254              		.cfi_endproc
 255              	.LFE158:
 257              		.section	.text.HAL_SPIEx_ConfigureUnderrun,"ax",%progbits
 258              		.align	1
 259              		.global	HAL_SPIEx_ConfigureUnderrun
 260              		.syntax unified
 261              		.thumb
 262              		.thumb_func
 264              	HAL_SPIEx_ConfigureUnderrun:
 265              	.LVL19:
 266              	.LFB159:
 150:Drivers/STM32U5xx_HAL_Driver/Src/stm32u5xx_hal_spi_ex.c **** 
 151:Drivers/STM32U5xx_HAL_Driver/Src/stm32u5xx_hal_spi_ex.c **** /**
 152:Drivers/STM32U5xx_HAL_Driver/Src/stm32u5xx_hal_spi_ex.c ****   * @brief  Configure the UNDERRUN condition and behavior of slave transmitter.
 153:Drivers/STM32U5xx_HAL_Driver/Src/stm32u5xx_hal_spi_ex.c ****   * @param  hspi: pointer to a SPI_HandleTypeDef structure that contains
 154:Drivers/STM32U5xx_HAL_Driver/Src/stm32u5xx_hal_spi_ex.c ****   *               the configuration information for SPI module.
 155:Drivers/STM32U5xx_HAL_Driver/Src/stm32u5xx_hal_spi_ex.c ****   * @param  UnderrunDetection : Detection of underrun condition at slave transmitter
 156:Drivers/STM32U5xx_HAL_Driver/Src/stm32u5xx_hal_spi_ex.c ****   *                             This parameter is not supported in this SPI version.
 157:Drivers/STM32U5xx_HAL_Driver/Src/stm32u5xx_hal_spi_ex.c ****   *                             It is kept in order to not break the compatibility.
 158:Drivers/STM32U5xx_HAL_Driver/Src/stm32u5xx_hal_spi_ex.c ****   * @param  UnderrunBehaviour : Behavior of slave transmitter at underrun condition
 159:Drivers/STM32U5xx_HAL_Driver/Src/stm32u5xx_hal_spi_ex.c ****   *                             This parameter can be a value of @ref SPI_Underrun_Behaviour.
 160:Drivers/STM32U5xx_HAL_Driver/Src/stm32u5xx_hal_spi_ex.c ****   * @retval None
 161:Drivers/STM32U5xx_HAL_Driver/Src/stm32u5xx_hal_spi_ex.c ****   */
 162:Drivers/STM32U5xx_HAL_Driver/Src/stm32u5xx_hal_spi_ex.c **** HAL_StatusTypeDef HAL_SPIEx_ConfigureUnderrun(SPI_HandleTypeDef *hspi, uint32_t UnderrunDetection,
 163:Drivers/STM32U5xx_HAL_Driver/Src/stm32u5xx_hal_spi_ex.c ****                                               uint32_t UnderrunBehaviour)
 164:Drivers/STM32U5xx_HAL_Driver/Src/stm32u5xx_hal_spi_ex.c **** {
 267              		.loc 1 164 1 is_stmt 1 view -0
 268              		.cfi_startproc
 269              		@ args = 0, pretend = 0, frame = 0
 270              		@ frame_needed = 0, uses_anonymous_args = 0
 271              		@ link register save eliminated.
 165:Drivers/STM32U5xx_HAL_Driver/Src/stm32u5xx_hal_spi_ex.c ****   /* Prevent unused argument(s) compilation warning */
 166:Drivers/STM32U5xx_HAL_Driver/Src/stm32u5xx_hal_spi_ex.c ****   UNUSED(UnderrunDetection);
 272              		.loc 1 166 3 view .LVU79
ARM GAS  C:\usertemp\ccSJti0R.s 			page 9


 167:Drivers/STM32U5xx_HAL_Driver/Src/stm32u5xx_hal_spi_ex.c **** 
 168:Drivers/STM32U5xx_HAL_Driver/Src/stm32u5xx_hal_spi_ex.c ****   HAL_StatusTypeDef errorcode = HAL_OK;
 273              		.loc 1 168 3 view .LVU80
 169:Drivers/STM32U5xx_HAL_Driver/Src/stm32u5xx_hal_spi_ex.c **** 
 170:Drivers/STM32U5xx_HAL_Driver/Src/stm32u5xx_hal_spi_ex.c ****   /* Process Locked */
 171:Drivers/STM32U5xx_HAL_Driver/Src/stm32u5xx_hal_spi_ex.c ****   __HAL_LOCK(hspi);
 274              		.loc 1 171 3 view .LVU81
 275              		.loc 1 171 3 view .LVU82
 276 0000 90F88830 		ldrb	r3, [r0, #136]	@ zero_extendqisi2
 277 0004 012B     		cmp	r3, #1
 278 0006 33D0     		beq	.L31
 279              		.loc 1 171 3 discriminator 2 view .LVU83
 280 0008 0123     		movs	r3, #1
 281 000a 80F88830 		strb	r3, [r0, #136]
 282              		.loc 1 171 3 discriminator 2 view .LVU84
 172:Drivers/STM32U5xx_HAL_Driver/Src/stm32u5xx_hal_spi_ex.c **** 
 173:Drivers/STM32U5xx_HAL_Driver/Src/stm32u5xx_hal_spi_ex.c ****   /* Check State and Insure that Underrun configuration is managed only by Salve */
 174:Drivers/STM32U5xx_HAL_Driver/Src/stm32u5xx_hal_spi_ex.c ****   if ((hspi->State != HAL_SPI_STATE_READY) || (hspi->Init.Mode != SPI_MODE_SLAVE))
 283              		.loc 1 174 3 view .LVU85
 284              		.loc 1 174 12 is_stmt 0 view .LVU86
 285 000e 90F88930 		ldrb	r3, [r0, #137]	@ zero_extendqisi2
 286 0012 DBB2     		uxtb	r3, r3
 287              		.loc 1 174 6 view .LVU87
 288 0014 012B     		cmp	r3, #1
 289 0016 13D1     		bne	.L27
 290              		.loc 1 174 58 discriminator 1 view .LVU88
 291 0018 4368     		ldr	r3, [r0, #4]
 292              		.loc 1 174 44 discriminator 1 view .LVU89
 293 001a 8BB9     		cbnz	r3, .L27
 175:Drivers/STM32U5xx_HAL_Driver/Src/stm32u5xx_hal_spi_ex.c ****   {
 176:Drivers/STM32U5xx_HAL_Driver/Src/stm32u5xx_hal_spi_ex.c ****     errorcode = HAL_BUSY;
 177:Drivers/STM32U5xx_HAL_Driver/Src/stm32u5xx_hal_spi_ex.c ****     hspi->State = HAL_SPI_STATE_READY;
 178:Drivers/STM32U5xx_HAL_Driver/Src/stm32u5xx_hal_spi_ex.c ****     /* Process Unlocked */
 179:Drivers/STM32U5xx_HAL_Driver/Src/stm32u5xx_hal_spi_ex.c ****     __HAL_UNLOCK(hspi);
 180:Drivers/STM32U5xx_HAL_Driver/Src/stm32u5xx_hal_spi_ex.c ****     return errorcode;
 181:Drivers/STM32U5xx_HAL_Driver/Src/stm32u5xx_hal_spi_ex.c ****   }
 182:Drivers/STM32U5xx_HAL_Driver/Src/stm32u5xx_hal_spi_ex.c **** 
 183:Drivers/STM32U5xx_HAL_Driver/Src/stm32u5xx_hal_spi_ex.c ****   /* Check the parameters */
 184:Drivers/STM32U5xx_HAL_Driver/Src/stm32u5xx_hal_spi_ex.c ****   assert_param(IS_SPI_UNDERRUN_BEHAVIOUR(UnderrunBehaviour));
 294              		.loc 1 184 3 is_stmt 1 view .LVU90
 185:Drivers/STM32U5xx_HAL_Driver/Src/stm32u5xx_hal_spi_ex.c **** 
 186:Drivers/STM32U5xx_HAL_Driver/Src/stm32u5xx_hal_spi_ex.c ****   /* Check if the SPI is disabled to edit CFG1 register */
 187:Drivers/STM32U5xx_HAL_Driver/Src/stm32u5xx_hal_spi_ex.c ****   if ((hspi->Instance->CR1 & SPI_CR1_SPE) != SPI_CR1_SPE)
 295              		.loc 1 187 3 view .LVU91
 296              		.loc 1 187 12 is_stmt 0 view .LVU92
 297 001c 0368     		ldr	r3, [r0]
 298              		.loc 1 187 22 view .LVU93
 299 001e 1968     		ldr	r1, [r3]
 300              	.LVL20:
 301              		.loc 1 187 6 view .LVU94
 302 0020 11F0010F 		tst	r1, #1
 303 0024 14D1     		bne	.L29
 188:Drivers/STM32U5xx_HAL_Driver/Src/stm32u5xx_hal_spi_ex.c ****   {
 189:Drivers/STM32U5xx_HAL_Driver/Src/stm32u5xx_hal_spi_ex.c ****     /* Configure Underrun fields */
 190:Drivers/STM32U5xx_HAL_Driver/Src/stm32u5xx_hal_spi_ex.c ****     MODIFY_REG(hspi->Instance->CFG1, SPI_CFG1_UDRCFG, UnderrunBehaviour);
 304              		.loc 1 190 5 is_stmt 1 view .LVU95
 305 0026 9968     		ldr	r1, [r3, #8]
ARM GAS  C:\usertemp\ccSJti0R.s 			page 10


 306 0028 21F40071 		bic	r1, r1, #512
 307 002c 0A43     		orrs	r2, r2, r1
 308              	.LVL21:
 309              		.loc 1 190 5 is_stmt 0 view .LVU96
 310 002e 9A60     		str	r2, [r3, #8]
 311              	.L30:
 191:Drivers/STM32U5xx_HAL_Driver/Src/stm32u5xx_hal_spi_ex.c ****   }
 192:Drivers/STM32U5xx_HAL_Driver/Src/stm32u5xx_hal_spi_ex.c ****   else
 193:Drivers/STM32U5xx_HAL_Driver/Src/stm32u5xx_hal_spi_ex.c ****   {
 194:Drivers/STM32U5xx_HAL_Driver/Src/stm32u5xx_hal_spi_ex.c ****     /* Disable SPI peripheral */
 195:Drivers/STM32U5xx_HAL_Driver/Src/stm32u5xx_hal_spi_ex.c ****     __HAL_SPI_DISABLE(hspi);
 196:Drivers/STM32U5xx_HAL_Driver/Src/stm32u5xx_hal_spi_ex.c **** 
 197:Drivers/STM32U5xx_HAL_Driver/Src/stm32u5xx_hal_spi_ex.c ****     /* Configure Underrun fields */
 198:Drivers/STM32U5xx_HAL_Driver/Src/stm32u5xx_hal_spi_ex.c ****     MODIFY_REG(hspi->Instance->CFG1, SPI_CFG1_UDRCFG, UnderrunBehaviour);
 199:Drivers/STM32U5xx_HAL_Driver/Src/stm32u5xx_hal_spi_ex.c **** 
 200:Drivers/STM32U5xx_HAL_Driver/Src/stm32u5xx_hal_spi_ex.c ****     /* Enable SPI peripheral */
 201:Drivers/STM32U5xx_HAL_Driver/Src/stm32u5xx_hal_spi_ex.c ****     __HAL_SPI_ENABLE(hspi);
 202:Drivers/STM32U5xx_HAL_Driver/Src/stm32u5xx_hal_spi_ex.c ****   }
 203:Drivers/STM32U5xx_HAL_Driver/Src/stm32u5xx_hal_spi_ex.c **** 
 204:Drivers/STM32U5xx_HAL_Driver/Src/stm32u5xx_hal_spi_ex.c **** 
 205:Drivers/STM32U5xx_HAL_Driver/Src/stm32u5xx_hal_spi_ex.c ****   hspi->State = HAL_SPI_STATE_READY;
 312              		.loc 1 205 3 is_stmt 1 view .LVU97
 313              		.loc 1 205 15 is_stmt 0 view .LVU98
 314 0030 0123     		movs	r3, #1
 315 0032 80F88930 		strb	r3, [r0, #137]
 206:Drivers/STM32U5xx_HAL_Driver/Src/stm32u5xx_hal_spi_ex.c ****   /* Process Unlocked */
 207:Drivers/STM32U5xx_HAL_Driver/Src/stm32u5xx_hal_spi_ex.c ****   __HAL_UNLOCK(hspi);
 316              		.loc 1 207 3 is_stmt 1 view .LVU99
 317              		.loc 1 207 3 view .LVU100
 318 0036 0023     		movs	r3, #0
 319 0038 80F88830 		strb	r3, [r0, #136]
 320              		.loc 1 207 3 view .LVU101
 208:Drivers/STM32U5xx_HAL_Driver/Src/stm32u5xx_hal_spi_ex.c ****   return errorcode;
 321              		.loc 1 208 3 view .LVU102
 322              		.loc 1 208 10 is_stmt 0 view .LVU103
 323 003c 1846     		mov	r0, r3
 324              	.LVL22:
 325              		.loc 1 208 10 view .LVU104
 326 003e 7047     		bx	lr
 327              	.LVL23:
 328              	.L27:
 176:Drivers/STM32U5xx_HAL_Driver/Src/stm32u5xx_hal_spi_ex.c ****     hspi->State = HAL_SPI_STATE_READY;
 329              		.loc 1 176 5 is_stmt 1 view .LVU105
 177:Drivers/STM32U5xx_HAL_Driver/Src/stm32u5xx_hal_spi_ex.c ****     /* Process Unlocked */
 330              		.loc 1 177 5 view .LVU106
 177:Drivers/STM32U5xx_HAL_Driver/Src/stm32u5xx_hal_spi_ex.c ****     /* Process Unlocked */
 331              		.loc 1 177 17 is_stmt 0 view .LVU107
 332 0040 0123     		movs	r3, #1
 333 0042 80F88930 		strb	r3, [r0, #137]
 179:Drivers/STM32U5xx_HAL_Driver/Src/stm32u5xx_hal_spi_ex.c ****     return errorcode;
 334              		.loc 1 179 5 is_stmt 1 view .LVU108
 179:Drivers/STM32U5xx_HAL_Driver/Src/stm32u5xx_hal_spi_ex.c ****     return errorcode;
 335              		.loc 1 179 5 view .LVU109
 336 0046 0023     		movs	r3, #0
 337 0048 80F88830 		strb	r3, [r0, #136]
 179:Drivers/STM32U5xx_HAL_Driver/Src/stm32u5xx_hal_spi_ex.c ****     return errorcode;
 338              		.loc 1 179 5 view .LVU110
ARM GAS  C:\usertemp\ccSJti0R.s 			page 11


 180:Drivers/STM32U5xx_HAL_Driver/Src/stm32u5xx_hal_spi_ex.c ****   }
 339              		.loc 1 180 5 view .LVU111
 180:Drivers/STM32U5xx_HAL_Driver/Src/stm32u5xx_hal_spi_ex.c ****   }
 340              		.loc 1 180 12 is_stmt 0 view .LVU112
 341 004c 0220     		movs	r0, #2
 342              	.LVL24:
 180:Drivers/STM32U5xx_HAL_Driver/Src/stm32u5xx_hal_spi_ex.c ****   }
 343              		.loc 1 180 12 view .LVU113
 344 004e 7047     		bx	lr
 345              	.LVL25:
 346              	.L29:
 195:Drivers/STM32U5xx_HAL_Driver/Src/stm32u5xx_hal_spi_ex.c **** 
 347              		.loc 1 195 5 is_stmt 1 view .LVU114
 348 0050 1968     		ldr	r1, [r3]
 349 0052 21F00101 		bic	r1, r1, #1
 350 0056 1960     		str	r1, [r3]
 198:Drivers/STM32U5xx_HAL_Driver/Src/stm32u5xx_hal_spi_ex.c **** 
 351              		.loc 1 198 5 view .LVU115
 352 0058 0168     		ldr	r1, [r0]
 353 005a 8B68     		ldr	r3, [r1, #8]
 354 005c 23F40073 		bic	r3, r3, #512
 355 0060 1343     		orrs	r3, r3, r2
 356 0062 8B60     		str	r3, [r1, #8]
 201:Drivers/STM32U5xx_HAL_Driver/Src/stm32u5xx_hal_spi_ex.c ****   }
 357              		.loc 1 201 5 view .LVU116
 358 0064 0268     		ldr	r2, [r0]
 359              	.LVL26:
 201:Drivers/STM32U5xx_HAL_Driver/Src/stm32u5xx_hal_spi_ex.c ****   }
 360              		.loc 1 201 5 is_stmt 0 view .LVU117
 361 0066 1368     		ldr	r3, [r2]
 362 0068 43F00103 		orr	r3, r3, #1
 363 006c 1360     		str	r3, [r2]
 364 006e DFE7     		b	.L30
 365              	.LVL27:
 366              	.L31:
 171:Drivers/STM32U5xx_HAL_Driver/Src/stm32u5xx_hal_spi_ex.c **** 
 367              		.loc 1 171 3 discriminator 1 view .LVU118
 368 0070 0220     		movs	r0, #2
 369              	.LVL28:
 209:Drivers/STM32U5xx_HAL_Driver/Src/stm32u5xx_hal_spi_ex.c **** }
 370              		.loc 1 209 1 view .LVU119
 371 0072 7047     		bx	lr
 372              		.cfi_endproc
 373              	.LFE159:
 375              		.section	.text.HAL_SPIEx_SetConfigAutonomousMode,"ax",%progbits
 376              		.align	1
 377              		.global	HAL_SPIEx_SetConfigAutonomousMode
 378              		.syntax unified
 379              		.thumb
 380              		.thumb_func
 382              	HAL_SPIEx_SetConfigAutonomousMode:
 383              	.LVL29:
 384              	.LFB160:
 210:Drivers/STM32U5xx_HAL_Driver/Src/stm32u5xx_hal_spi_ex.c **** 
 211:Drivers/STM32U5xx_HAL_Driver/Src/stm32u5xx_hal_spi_ex.c **** /**
 212:Drivers/STM32U5xx_HAL_Driver/Src/stm32u5xx_hal_spi_ex.c ****   * @brief  Set Autonomous Mode configuration
 213:Drivers/STM32U5xx_HAL_Driver/Src/stm32u5xx_hal_spi_ex.c ****   * @param  hspi Pointer to a SPI_HandleTypeDef structure that contains
ARM GAS  C:\usertemp\ccSJti0R.s 			page 12


 214:Drivers/STM32U5xx_HAL_Driver/Src/stm32u5xx_hal_spi_ex.c ****   *                the configuration information for the specified SPIx peripheral.
 215:Drivers/STM32U5xx_HAL_Driver/Src/stm32u5xx_hal_spi_ex.c ****   * @param  sConfig Pointer to a SPI_HandleTypeDef structure that contains
 216:Drivers/STM32U5xx_HAL_Driver/Src/stm32u5xx_hal_spi_ex.c ****   *                the configuration information of the autonomous mode for the specified SPIx peri
 217:Drivers/STM32U5xx_HAL_Driver/Src/stm32u5xx_hal_spi_ex.c ****   * @retval HAL status
 218:Drivers/STM32U5xx_HAL_Driver/Src/stm32u5xx_hal_spi_ex.c ****   */
 219:Drivers/STM32U5xx_HAL_Driver/Src/stm32u5xx_hal_spi_ex.c **** HAL_StatusTypeDef HAL_SPIEx_SetConfigAutonomousMode(SPI_HandleTypeDef *hspi,
 220:Drivers/STM32U5xx_HAL_Driver/Src/stm32u5xx_hal_spi_ex.c ****                                                     const SPI_AutonomousModeConfTypeDef *sConfig)
 221:Drivers/STM32U5xx_HAL_Driver/Src/stm32u5xx_hal_spi_ex.c **** {
 385              		.loc 1 221 1 is_stmt 1 view -0
 386              		.cfi_startproc
 387              		@ args = 0, pretend = 0, frame = 0
 388              		@ frame_needed = 0, uses_anonymous_args = 0
 389              		@ link register save eliminated.
 222:Drivers/STM32U5xx_HAL_Driver/Src/stm32u5xx_hal_spi_ex.c ****   if (hspi->State == HAL_SPI_STATE_READY)
 390              		.loc 1 222 3 view .LVU121
 391              		.loc 1 222 11 is_stmt 0 view .LVU122
 392 0000 90F88930 		ldrb	r3, [r0, #137]	@ zero_extendqisi2
 393 0004 DBB2     		uxtb	r3, r3
 394              		.loc 1 222 6 view .LVU123
 395 0006 012B     		cmp	r3, #1
 396 0008 1FD1     		bne	.L34
 223:Drivers/STM32U5xx_HAL_Driver/Src/stm32u5xx_hal_spi_ex.c ****   {
 224:Drivers/STM32U5xx_HAL_Driver/Src/stm32u5xx_hal_spi_ex.c ****     /* Process Locked */
 225:Drivers/STM32U5xx_HAL_Driver/Src/stm32u5xx_hal_spi_ex.c ****     __HAL_LOCK(hspi);
 397              		.loc 1 225 5 is_stmt 1 view .LVU124
 398              		.loc 1 225 5 view .LVU125
 399 000a 90F88830 		ldrb	r3, [r0, #136]	@ zero_extendqisi2
 400 000e 012B     		cmp	r3, #1
 401 0010 1DD0     		beq	.L35
 402              		.loc 1 225 5 discriminator 2 view .LVU126
 403 0012 4FF0010C 		mov	ip, #1
 404 0016 80F888C0 		strb	ip, [r0, #136]
 405              		.loc 1 225 5 discriminator 2 view .LVU127
 226:Drivers/STM32U5xx_HAL_Driver/Src/stm32u5xx_hal_spi_ex.c **** 
 227:Drivers/STM32U5xx_HAL_Driver/Src/stm32u5xx_hal_spi_ex.c ****     hspi->State = HAL_SPI_STATE_BUSY;
 406              		.loc 1 227 5 view .LVU128
 407              		.loc 1 227 17 is_stmt 0 view .LVU129
 408 001a 0223     		movs	r3, #2
 409 001c 80F88930 		strb	r3, [r0, #137]
 228:Drivers/STM32U5xx_HAL_Driver/Src/stm32u5xx_hal_spi_ex.c **** 
 229:Drivers/STM32U5xx_HAL_Driver/Src/stm32u5xx_hal_spi_ex.c ****     /* Check the parameters */
 230:Drivers/STM32U5xx_HAL_Driver/Src/stm32u5xx_hal_spi_ex.c ****     assert_param(IS_SPI_AUTONOMOUS_INSTANCE(hspi->Instance));
 410              		.loc 1 230 5 is_stmt 1 view .LVU130
 231:Drivers/STM32U5xx_HAL_Driver/Src/stm32u5xx_hal_spi_ex.c ****     assert_param(IS_SPI_TRIG_SOURCE(hspi->Instance, sConfig->TriggerSelection));
 411              		.loc 1 231 5 view .LVU131
 232:Drivers/STM32U5xx_HAL_Driver/Src/stm32u5xx_hal_spi_ex.c ****     assert_param(IS_SPI_AUTO_MODE_TRG_POL(sConfig->TriggerPolarity));
 412              		.loc 1 232 5 view .LVU132
 233:Drivers/STM32U5xx_HAL_Driver/Src/stm32u5xx_hal_spi_ex.c **** 
 234:Drivers/STM32U5xx_HAL_Driver/Src/stm32u5xx_hal_spi_ex.c ****     /* Disable the selected SPI peripheral to be able to configure AUTOCR */
 235:Drivers/STM32U5xx_HAL_Driver/Src/stm32u5xx_hal_spi_ex.c ****     __HAL_SPI_DISABLE(hspi);
 413              		.loc 1 235 5 view .LVU133
 414 0020 0268     		ldr	r2, [r0]
 415 0022 1368     		ldr	r3, [r2]
 416 0024 23F00103 		bic	r3, r3, #1
 417 0028 1360     		str	r3, [r2]
 236:Drivers/STM32U5xx_HAL_Driver/Src/stm32u5xx_hal_spi_ex.c **** 
 237:Drivers/STM32U5xx_HAL_Driver/Src/stm32u5xx_hal_spi_ex.c ****     /* SPIx AUTOCR Configuration */
ARM GAS  C:\usertemp\ccSJti0R.s 			page 13


 238:Drivers/STM32U5xx_HAL_Driver/Src/stm32u5xx_hal_spi_ex.c ****     WRITE_REG(hspi->Instance->AUTOCR, (sConfig->TriggerState | ((sConfig->TriggerSelection) & SPI_A
 418              		.loc 1 238 5 view .LVU134
 419 002a 0B68     		ldr	r3, [r1]
 420 002c 4A68     		ldr	r2, [r1, #4]
 421 002e 02F47022 		and	r2, r2, #983040
 422 0032 1343     		orrs	r3, r3, r2
 423 0034 8968     		ldr	r1, [r1, #8]
 424              	.LVL30:
 425              		.loc 1 238 5 is_stmt 0 view .LVU135
 426 0036 0268     		ldr	r2, [r0]
 427 0038 0B43     		orrs	r3, r3, r1
 428 003a D361     		str	r3, [r2, #28]
 239:Drivers/STM32U5xx_HAL_Driver/Src/stm32u5xx_hal_spi_ex.c ****                                        sConfig->TriggerPolarity));
 240:Drivers/STM32U5xx_HAL_Driver/Src/stm32u5xx_hal_spi_ex.c **** 
 241:Drivers/STM32U5xx_HAL_Driver/Src/stm32u5xx_hal_spi_ex.c ****     hspi->State = HAL_SPI_STATE_READY;
 429              		.loc 1 241 5 is_stmt 1 view .LVU136
 430              		.loc 1 241 17 is_stmt 0 view .LVU137
 431 003c 80F889C0 		strb	ip, [r0, #137]
 242:Drivers/STM32U5xx_HAL_Driver/Src/stm32u5xx_hal_spi_ex.c **** 
 243:Drivers/STM32U5xx_HAL_Driver/Src/stm32u5xx_hal_spi_ex.c ****     /* Process Unlocked */
 244:Drivers/STM32U5xx_HAL_Driver/Src/stm32u5xx_hal_spi_ex.c ****     __HAL_UNLOCK(hspi);
 432              		.loc 1 244 5 is_stmt 1 view .LVU138
 433              		.loc 1 244 5 view .LVU139
 434 0040 0023     		movs	r3, #0
 435 0042 80F88830 		strb	r3, [r0, #136]
 436              		.loc 1 244 5 view .LVU140
 245:Drivers/STM32U5xx_HAL_Driver/Src/stm32u5xx_hal_spi_ex.c **** 
 246:Drivers/STM32U5xx_HAL_Driver/Src/stm32u5xx_hal_spi_ex.c ****     return HAL_OK;
 437              		.loc 1 246 5 view .LVU141
 438              		.loc 1 246 12 is_stmt 0 view .LVU142
 439 0046 1846     		mov	r0, r3
 440              	.LVL31:
 441              		.loc 1 246 12 view .LVU143
 442 0048 7047     		bx	lr
 443              	.LVL32:
 444              	.L34:
 247:Drivers/STM32U5xx_HAL_Driver/Src/stm32u5xx_hal_spi_ex.c ****   }
 248:Drivers/STM32U5xx_HAL_Driver/Src/stm32u5xx_hal_spi_ex.c ****   else
 249:Drivers/STM32U5xx_HAL_Driver/Src/stm32u5xx_hal_spi_ex.c ****   {
 250:Drivers/STM32U5xx_HAL_Driver/Src/stm32u5xx_hal_spi_ex.c ****     return HAL_ERROR;
 445              		.loc 1 250 12 view .LVU144
 446 004a 0120     		movs	r0, #1
 447              	.LVL33:
 448              		.loc 1 250 12 view .LVU145
 449 004c 7047     		bx	lr
 450              	.LVL34:
 451              	.L35:
 225:Drivers/STM32U5xx_HAL_Driver/Src/stm32u5xx_hal_spi_ex.c **** 
 452              		.loc 1 225 5 discriminator 1 view .LVU146
 453 004e 0220     		movs	r0, #2
 454              	.LVL35:
 251:Drivers/STM32U5xx_HAL_Driver/Src/stm32u5xx_hal_spi_ex.c ****   }
 252:Drivers/STM32U5xx_HAL_Driver/Src/stm32u5xx_hal_spi_ex.c **** }
 455              		.loc 1 252 1 view .LVU147
 456 0050 7047     		bx	lr
 457              		.cfi_endproc
 458              	.LFE160:
ARM GAS  C:\usertemp\ccSJti0R.s 			page 14


 460              		.section	.text.HAL_SPIEx_GetConfigAutonomousMode,"ax",%progbits
 461              		.align	1
 462              		.global	HAL_SPIEx_GetConfigAutonomousMode
 463              		.syntax unified
 464              		.thumb
 465              		.thumb_func
 467              	HAL_SPIEx_GetConfigAutonomousMode:
 468              	.LVL36:
 469              	.LFB161:
 253:Drivers/STM32U5xx_HAL_Driver/Src/stm32u5xx_hal_spi_ex.c **** 
 254:Drivers/STM32U5xx_HAL_Driver/Src/stm32u5xx_hal_spi_ex.c **** /**
 255:Drivers/STM32U5xx_HAL_Driver/Src/stm32u5xx_hal_spi_ex.c ****   * @brief  Get Autonomous Mode configuration
 256:Drivers/STM32U5xx_HAL_Driver/Src/stm32u5xx_hal_spi_ex.c ****   * @param  hspi Pointer to a SPI_HandleTypeDef structure that contains
 257:Drivers/STM32U5xx_HAL_Driver/Src/stm32u5xx_hal_spi_ex.c ****   *                the configuration information for the specified SPIx peripheral.
 258:Drivers/STM32U5xx_HAL_Driver/Src/stm32u5xx_hal_spi_ex.c ****   * @param  sConfig Pointer to a SPI_HandleTypeDef structure that contains
 259:Drivers/STM32U5xx_HAL_Driver/Src/stm32u5xx_hal_spi_ex.c ****   *                the configuration information of the autonomous mode for the specified SPIx peri
 260:Drivers/STM32U5xx_HAL_Driver/Src/stm32u5xx_hal_spi_ex.c ****   * @retval HAL status
 261:Drivers/STM32U5xx_HAL_Driver/Src/stm32u5xx_hal_spi_ex.c ****   */
 262:Drivers/STM32U5xx_HAL_Driver/Src/stm32u5xx_hal_spi_ex.c **** HAL_StatusTypeDef HAL_SPIEx_GetConfigAutonomousMode(const SPI_HandleTypeDef *hspi,
 263:Drivers/STM32U5xx_HAL_Driver/Src/stm32u5xx_hal_spi_ex.c ****                                                     SPI_AutonomousModeConfTypeDef *sConfig)
 264:Drivers/STM32U5xx_HAL_Driver/Src/stm32u5xx_hal_spi_ex.c **** {
 470              		.loc 1 264 1 is_stmt 1 view -0
 471              		.cfi_startproc
 472              		@ args = 0, pretend = 0, frame = 0
 473              		@ frame_needed = 0, uses_anonymous_args = 0
 474              		@ link register save eliminated.
 265:Drivers/STM32U5xx_HAL_Driver/Src/stm32u5xx_hal_spi_ex.c ****   uint32_t autocr_tmp;
 475              		.loc 1 265 3 view .LVU149
 266:Drivers/STM32U5xx_HAL_Driver/Src/stm32u5xx_hal_spi_ex.c **** 
 267:Drivers/STM32U5xx_HAL_Driver/Src/stm32u5xx_hal_spi_ex.c ****   /* Check the parameters */
 268:Drivers/STM32U5xx_HAL_Driver/Src/stm32u5xx_hal_spi_ex.c ****   assert_param(IS_SPI_AUTONOMOUS_INSTANCE(hspi->Instance));
 476              		.loc 1 268 3 view .LVU150
 269:Drivers/STM32U5xx_HAL_Driver/Src/stm32u5xx_hal_spi_ex.c **** 
 270:Drivers/STM32U5xx_HAL_Driver/Src/stm32u5xx_hal_spi_ex.c ****   autocr_tmp = hspi->Instance->AUTOCR;
 477              		.loc 1 270 3 view .LVU151
 478              		.loc 1 270 20 is_stmt 0 view .LVU152
 479 0000 0368     		ldr	r3, [r0]
 480              		.loc 1 270 14 view .LVU153
 481 0002 DB69     		ldr	r3, [r3, #28]
 482              	.LVL37:
 271:Drivers/STM32U5xx_HAL_Driver/Src/stm32u5xx_hal_spi_ex.c **** 
 272:Drivers/STM32U5xx_HAL_Driver/Src/stm32u5xx_hal_spi_ex.c ****   sConfig->TriggerState     = (autocr_tmp & SPI_AUTOCR_TRIGEN);
 483              		.loc 1 272 3 is_stmt 1 view .LVU154
 484              		.loc 1 272 43 is_stmt 0 view .LVU155
 485 0004 03F40012 		and	r2, r3, #2097152
 486              		.loc 1 272 29 view .LVU156
 487 0008 0A60     		str	r2, [r1]
 273:Drivers/STM32U5xx_HAL_Driver/Src/stm32u5xx_hal_spi_ex.c **** #if defined(SPI_TRIG_GRP2)
 274:Drivers/STM32U5xx_HAL_Driver/Src/stm32u5xx_hal_spi_ex.c ****   if (IS_SPI_GRP2_INSTANCE(hspi->Instance))
 488              		.loc 1 274 3 is_stmt 1 view .LVU157
 489              		.loc 1 274 7 is_stmt 0 view .LVU158
 490 000a 0268     		ldr	r2, [r0]
 491              		.loc 1 274 6 view .LVU159
 492 000c 0B48     		ldr	r0, .L40
 493              	.LVL38:
 494              		.loc 1 274 6 view .LVU160
 495 000e 8242     		cmp	r2, r0
ARM GAS  C:\usertemp\ccSJti0R.s 			page 15


 496 0010 09D0     		beq	.L37
 497              		.loc 1 274 7 discriminator 1 view .LVU161
 498 0012 00F18050 		add	r0, r0, #268435456
 499 0016 8242     		cmp	r2, r0
 500 0018 05D0     		beq	.L37
 275:Drivers/STM32U5xx_HAL_Driver/Src/stm32u5xx_hal_spi_ex.c ****   {
 276:Drivers/STM32U5xx_HAL_Driver/Src/stm32u5xx_hal_spi_ex.c ****     sConfig->TriggerSelection = ((autocr_tmp & SPI_AUTOCR_TRIGSEL) | SPI_TRIG_GRP2);
 277:Drivers/STM32U5xx_HAL_Driver/Src/stm32u5xx_hal_spi_ex.c ****   }
 278:Drivers/STM32U5xx_HAL_Driver/Src/stm32u5xx_hal_spi_ex.c ****   else
 279:Drivers/STM32U5xx_HAL_Driver/Src/stm32u5xx_hal_spi_ex.c ****   {
 280:Drivers/STM32U5xx_HAL_Driver/Src/stm32u5xx_hal_spi_ex.c ****     sConfig->TriggerSelection = ((autocr_tmp & SPI_AUTOCR_TRIGSEL) | SPI_TRIG_GRP1);
 501              		.loc 1 280 5 is_stmt 1 view .LVU162
 502              		.loc 1 280 46 is_stmt 0 view .LVU163
 503 001a 03F47022 		and	r2, r3, #983040
 504              		.loc 1 280 68 view .LVU164
 505 001e 42F08052 		orr	r2, r2, #268435456
 506              		.loc 1 280 31 view .LVU165
 507 0022 4A60     		str	r2, [r1, #4]
 508 0024 04E0     		b	.L39
 509              	.L37:
 276:Drivers/STM32U5xx_HAL_Driver/Src/stm32u5xx_hal_spi_ex.c ****   }
 510              		.loc 1 276 5 is_stmt 1 view .LVU166
 276:Drivers/STM32U5xx_HAL_Driver/Src/stm32u5xx_hal_spi_ex.c ****   }
 511              		.loc 1 276 46 is_stmt 0 view .LVU167
 512 0026 03F47022 		and	r2, r3, #983040
 276:Drivers/STM32U5xx_HAL_Driver/Src/stm32u5xx_hal_spi_ex.c ****   }
 513              		.loc 1 276 68 view .LVU168
 514 002a 42F00052 		orr	r2, r2, #536870912
 276:Drivers/STM32U5xx_HAL_Driver/Src/stm32u5xx_hal_spi_ex.c ****   }
 515              		.loc 1 276 31 view .LVU169
 516 002e 4A60     		str	r2, [r1, #4]
 517              	.L39:
 281:Drivers/STM32U5xx_HAL_Driver/Src/stm32u5xx_hal_spi_ex.c ****   }
 282:Drivers/STM32U5xx_HAL_Driver/Src/stm32u5xx_hal_spi_ex.c **** #else
 283:Drivers/STM32U5xx_HAL_Driver/Src/stm32u5xx_hal_spi_ex.c ****   sConfig->TriggerSelection = ((autocr_tmp & SPI_AUTOCR_TRIGSEL) | SPI_TRIG_GRP1);
 284:Drivers/STM32U5xx_HAL_Driver/Src/stm32u5xx_hal_spi_ex.c **** #endif /* SPI_TRIG_GRP2 */
 285:Drivers/STM32U5xx_HAL_Driver/Src/stm32u5xx_hal_spi_ex.c ****   sConfig->TriggerPolarity  = (autocr_tmp & SPI_AUTOCR_TRIGPOL);
 518              		.loc 1 285 3 is_stmt 1 view .LVU170
 519              		.loc 1 285 43 is_stmt 0 view .LVU171
 520 0030 03F48013 		and	r3, r3, #1048576
 521              	.LVL39:
 522              		.loc 1 285 29 view .LVU172
 523 0034 8B60     		str	r3, [r1, #8]
 286:Drivers/STM32U5xx_HAL_Driver/Src/stm32u5xx_hal_spi_ex.c **** 
 287:Drivers/STM32U5xx_HAL_Driver/Src/stm32u5xx_hal_spi_ex.c ****   return HAL_OK;
 524              		.loc 1 287 3 is_stmt 1 view .LVU173
 288:Drivers/STM32U5xx_HAL_Driver/Src/stm32u5xx_hal_spi_ex.c **** }
 525              		.loc 1 288 1 is_stmt 0 view .LVU174
 526 0036 0020     		movs	r0, #0
 527 0038 7047     		bx	lr
 528              	.L41:
 529 003a 00BF     		.align	2
 530              	.L40:
 531 003c 00200046 		.word	1174413312
 532              		.cfi_endproc
 533              	.LFE161:
 535              		.section	.text.HAL_SPIEx_ClearConfigAutonomousMode,"ax",%progbits
ARM GAS  C:\usertemp\ccSJti0R.s 			page 16


 536              		.align	1
 537              		.global	HAL_SPIEx_ClearConfigAutonomousMode
 538              		.syntax unified
 539              		.thumb
 540              		.thumb_func
 542              	HAL_SPIEx_ClearConfigAutonomousMode:
 543              	.LVL40:
 544              	.LFB162:
 289:Drivers/STM32U5xx_HAL_Driver/Src/stm32u5xx_hal_spi_ex.c **** 
 290:Drivers/STM32U5xx_HAL_Driver/Src/stm32u5xx_hal_spi_ex.c **** /**
 291:Drivers/STM32U5xx_HAL_Driver/Src/stm32u5xx_hal_spi_ex.c ****   * @brief  Clear Autonomous Mode configuration
 292:Drivers/STM32U5xx_HAL_Driver/Src/stm32u5xx_hal_spi_ex.c ****   * @param  hspi Pointer to a SPI_HandleTypeDef structure that contains
 293:Drivers/STM32U5xx_HAL_Driver/Src/stm32u5xx_hal_spi_ex.c ****   *                the configuration information for the specified SPIx peripheral.
 294:Drivers/STM32U5xx_HAL_Driver/Src/stm32u5xx_hal_spi_ex.c ****   * @retval HAL status
 295:Drivers/STM32U5xx_HAL_Driver/Src/stm32u5xx_hal_spi_ex.c ****   */
 296:Drivers/STM32U5xx_HAL_Driver/Src/stm32u5xx_hal_spi_ex.c **** HAL_StatusTypeDef HAL_SPIEx_ClearConfigAutonomousMode(SPI_HandleTypeDef *hspi)
 297:Drivers/STM32U5xx_HAL_Driver/Src/stm32u5xx_hal_spi_ex.c **** {
 545              		.loc 1 297 1 is_stmt 1 view -0
 546              		.cfi_startproc
 547              		@ args = 0, pretend = 0, frame = 0
 548              		@ frame_needed = 0, uses_anonymous_args = 0
 549              		@ link register save eliminated.
 298:Drivers/STM32U5xx_HAL_Driver/Src/stm32u5xx_hal_spi_ex.c ****   if (hspi->State == HAL_SPI_STATE_READY)
 550              		.loc 1 298 3 view .LVU176
 551              		.loc 1 298 11 is_stmt 0 view .LVU177
 552 0000 90F88930 		ldrb	r3, [r0, #137]	@ zero_extendqisi2
 553 0004 DBB2     		uxtb	r3, r3
 554              		.loc 1 298 6 view .LVU178
 555 0006 012B     		cmp	r3, #1
 556 0008 1ED1     		bne	.L44
 299:Drivers/STM32U5xx_HAL_Driver/Src/stm32u5xx_hal_spi_ex.c ****   {
 300:Drivers/STM32U5xx_HAL_Driver/Src/stm32u5xx_hal_spi_ex.c ****     /* Process Locked */
 301:Drivers/STM32U5xx_HAL_Driver/Src/stm32u5xx_hal_spi_ex.c ****     __HAL_LOCK(hspi);
 557              		.loc 1 301 5 is_stmt 1 view .LVU179
 558              		.loc 1 301 5 view .LVU180
 559 000a 90F88830 		ldrb	r3, [r0, #136]	@ zero_extendqisi2
 560 000e 012B     		cmp	r3, #1
 561 0010 1CD0     		beq	.L45
 297:Drivers/STM32U5xx_HAL_Driver/Src/stm32u5xx_hal_spi_ex.c ****   if (hspi->State == HAL_SPI_STATE_READY)
 562              		.loc 1 297 1 is_stmt 0 view .LVU181
 563 0012 10B4     		push	{r4}
 564              	.LCFI2:
 565              		.cfi_def_cfa_offset 4
 566              		.cfi_offset 4, -4
 567              		.loc 1 301 5 is_stmt 1 discriminator 2 view .LVU182
 568 0014 0121     		movs	r1, #1
 569 0016 80F88810 		strb	r1, [r0, #136]
 570              		.loc 1 301 5 discriminator 2 view .LVU183
 302:Drivers/STM32U5xx_HAL_Driver/Src/stm32u5xx_hal_spi_ex.c **** 
 303:Drivers/STM32U5xx_HAL_Driver/Src/stm32u5xx_hal_spi_ex.c ****     hspi->State = HAL_SPI_STATE_BUSY;
 571              		.loc 1 303 5 view .LVU184
 572              		.loc 1 303 17 is_stmt 0 view .LVU185
 573 001a 0223     		movs	r3, #2
 574 001c 80F88930 		strb	r3, [r0, #137]
 304:Drivers/STM32U5xx_HAL_Driver/Src/stm32u5xx_hal_spi_ex.c **** 
 305:Drivers/STM32U5xx_HAL_Driver/Src/stm32u5xx_hal_spi_ex.c ****     /* Check the parameters */
 306:Drivers/STM32U5xx_HAL_Driver/Src/stm32u5xx_hal_spi_ex.c ****     assert_param(IS_SPI_AUTONOMOUS_INSTANCE(hspi->Instance));
ARM GAS  C:\usertemp\ccSJti0R.s 			page 17


 575              		.loc 1 306 5 is_stmt 1 view .LVU186
 307:Drivers/STM32U5xx_HAL_Driver/Src/stm32u5xx_hal_spi_ex.c **** 
 308:Drivers/STM32U5xx_HAL_Driver/Src/stm32u5xx_hal_spi_ex.c ****     /* Disable the selected SPI peripheral to be able to clear AUTOCR */
 309:Drivers/STM32U5xx_HAL_Driver/Src/stm32u5xx_hal_spi_ex.c ****     __HAL_SPI_DISABLE(hspi);
 576              		.loc 1 309 5 view .LVU187
 577 0020 0268     		ldr	r2, [r0]
 578 0022 1368     		ldr	r3, [r2]
 579 0024 23F00103 		bic	r3, r3, #1
 580 0028 1360     		str	r3, [r2]
 310:Drivers/STM32U5xx_HAL_Driver/Src/stm32u5xx_hal_spi_ex.c **** 
 311:Drivers/STM32U5xx_HAL_Driver/Src/stm32u5xx_hal_spi_ex.c ****     CLEAR_REG(hspi->Instance->AUTOCR);
 581              		.loc 1 311 5 view .LVU188
 582 002a 0268     		ldr	r2, [r0]
 583 002c 0023     		movs	r3, #0
 584 002e D361     		str	r3, [r2, #28]
 312:Drivers/STM32U5xx_HAL_Driver/Src/stm32u5xx_hal_spi_ex.c **** 
 313:Drivers/STM32U5xx_HAL_Driver/Src/stm32u5xx_hal_spi_ex.c ****     /* Enable the selected SPI peripheral */
 314:Drivers/STM32U5xx_HAL_Driver/Src/stm32u5xx_hal_spi_ex.c ****     __HAL_SPI_ENABLE(hspi);
 585              		.loc 1 314 5 view .LVU189
 586 0030 0468     		ldr	r4, [r0]
 587 0032 2268     		ldr	r2, [r4]
 588 0034 0A43     		orrs	r2, r2, r1
 589 0036 2260     		str	r2, [r4]
 315:Drivers/STM32U5xx_HAL_Driver/Src/stm32u5xx_hal_spi_ex.c **** 
 316:Drivers/STM32U5xx_HAL_Driver/Src/stm32u5xx_hal_spi_ex.c ****     hspi->State = HAL_SPI_STATE_READY;
 590              		.loc 1 316 5 view .LVU190
 591              		.loc 1 316 17 is_stmt 0 view .LVU191
 592 0038 80F88910 		strb	r1, [r0, #137]
 317:Drivers/STM32U5xx_HAL_Driver/Src/stm32u5xx_hal_spi_ex.c **** 
 318:Drivers/STM32U5xx_HAL_Driver/Src/stm32u5xx_hal_spi_ex.c ****     /* Process Unlocked */
 319:Drivers/STM32U5xx_HAL_Driver/Src/stm32u5xx_hal_spi_ex.c ****     __HAL_UNLOCK(hspi);
 593              		.loc 1 319 5 is_stmt 1 view .LVU192
 594              		.loc 1 319 5 view .LVU193
 595 003c 80F88830 		strb	r3, [r0, #136]
 596              		.loc 1 319 5 view .LVU194
 320:Drivers/STM32U5xx_HAL_Driver/Src/stm32u5xx_hal_spi_ex.c **** 
 321:Drivers/STM32U5xx_HAL_Driver/Src/stm32u5xx_hal_spi_ex.c ****     return HAL_OK;
 597              		.loc 1 321 5 view .LVU195
 598              		.loc 1 321 12 is_stmt 0 view .LVU196
 599 0040 1846     		mov	r0, r3
 600              	.LVL41:
 322:Drivers/STM32U5xx_HAL_Driver/Src/stm32u5xx_hal_spi_ex.c ****   }
 323:Drivers/STM32U5xx_HAL_Driver/Src/stm32u5xx_hal_spi_ex.c ****   else
 324:Drivers/STM32U5xx_HAL_Driver/Src/stm32u5xx_hal_spi_ex.c ****   {
 325:Drivers/STM32U5xx_HAL_Driver/Src/stm32u5xx_hal_spi_ex.c ****     return HAL_ERROR;
 326:Drivers/STM32U5xx_HAL_Driver/Src/stm32u5xx_hal_spi_ex.c ****   }
 327:Drivers/STM32U5xx_HAL_Driver/Src/stm32u5xx_hal_spi_ex.c **** }
 601              		.loc 1 327 1 view .LVU197
 602 0042 5DF8044B 		ldr	r4, [sp], #4
 603              	.LCFI3:
 604              		.cfi_restore 4
 605              		.cfi_def_cfa_offset 0
 606 0046 7047     		bx	lr
 607              	.LVL42:
 608              	.L44:
 325:Drivers/STM32U5xx_HAL_Driver/Src/stm32u5xx_hal_spi_ex.c ****   }
 609              		.loc 1 325 12 view .LVU198
ARM GAS  C:\usertemp\ccSJti0R.s 			page 18


 610 0048 0120     		movs	r0, #1
 611              	.LVL43:
 325:Drivers/STM32U5xx_HAL_Driver/Src/stm32u5xx_hal_spi_ex.c ****   }
 612              		.loc 1 325 12 view .LVU199
 613 004a 7047     		bx	lr
 614              	.LVL44:
 615              	.L45:
 301:Drivers/STM32U5xx_HAL_Driver/Src/stm32u5xx_hal_spi_ex.c **** 
 616              		.loc 1 301 5 discriminator 1 view .LVU200
 617 004c 0220     		movs	r0, #2
 618              	.LVL45:
 619              		.loc 1 327 1 view .LVU201
 620 004e 7047     		bx	lr
 621              		.cfi_endproc
 622              	.LFE162:
 624              		.text
 625              	.Letext0:
 626              		.file 2 "D:/armtoolchain/arm-gnu-toolchain-13.3.rel1-mingw-w64-i686-arm-none-eabi/arm-none-eabi/in
 627              		.file 3 "D:/armtoolchain/arm-gnu-toolchain-13.3.rel1-mingw-w64-i686-arm-none-eabi/arm-none-eabi/in
 628              		.file 4 "Drivers/CMSIS/Device/ST/STM32U5xx/Include/stm32u575xx.h"
 629              		.file 5 "Drivers/STM32U5xx_HAL_Driver/Inc/stm32u5xx_hal_def.h"
 630              		.file 6 "Drivers/STM32U5xx_HAL_Driver/Inc/stm32u5xx_hal_dma.h"
 631              		.file 7 "Drivers/STM32U5xx_HAL_Driver/Inc/stm32u5xx_hal_dma_ex.h"
 632              		.file 8 "Drivers/STM32U5xx_HAL_Driver/Inc/stm32u5xx_hal_spi.h"
 633              		.file 9 "Drivers/STM32U5xx_HAL_Driver/Inc/stm32u5xx_hal_spi_ex.h"
ARM GAS  C:\usertemp\ccSJti0R.s 			page 19


DEFINED SYMBOLS
                            *ABS*:00000000 stm32u5xx_hal_spi_ex.c
C:\usertemp\ccSJti0R.s:22     .text.HAL_SPIEx_FlushRxFifo:00000000 $t
C:\usertemp\ccSJti0R.s:28     .text.HAL_SPIEx_FlushRxFifo:00000000 HAL_SPIEx_FlushRxFifo
C:\usertemp\ccSJti0R.s:146    .text.HAL_SPIEx_FlushRxFifo:00000064 $d
C:\usertemp\ccSJti0R.s:152    .text.HAL_SPIEx_EnableLockConfiguration:00000000 $t
C:\usertemp\ccSJti0R.s:158    .text.HAL_SPIEx_EnableLockConfiguration:00000000 HAL_SPIEx_EnableLockConfiguration
C:\usertemp\ccSJti0R.s:258    .text.HAL_SPIEx_ConfigureUnderrun:00000000 $t
C:\usertemp\ccSJti0R.s:264    .text.HAL_SPIEx_ConfigureUnderrun:00000000 HAL_SPIEx_ConfigureUnderrun
C:\usertemp\ccSJti0R.s:376    .text.HAL_SPIEx_SetConfigAutonomousMode:00000000 $t
C:\usertemp\ccSJti0R.s:382    .text.HAL_SPIEx_SetConfigAutonomousMode:00000000 HAL_SPIEx_SetConfigAutonomousMode
C:\usertemp\ccSJti0R.s:461    .text.HAL_SPIEx_GetConfigAutonomousMode:00000000 $t
C:\usertemp\ccSJti0R.s:467    .text.HAL_SPIEx_GetConfigAutonomousMode:00000000 HAL_SPIEx_GetConfigAutonomousMode
C:\usertemp\ccSJti0R.s:531    .text.HAL_SPIEx_GetConfigAutonomousMode:0000003c $d
C:\usertemp\ccSJti0R.s:536    .text.HAL_SPIEx_ClearConfigAutonomousMode:00000000 $t
C:\usertemp\ccSJti0R.s:542    .text.HAL_SPIEx_ClearConfigAutonomousMode:00000000 HAL_SPIEx_ClearConfigAutonomousMode

NO UNDEFINED SYMBOLS
