ARM GAS  C:\usertemp\cchlfqRS.s 			page 1


   1              		.cpu cortex-m33
   2              		.arch armv8-m.main
   3              		.fpu fpv4-sp-d16
   4              		.arch_extension dsp
   5              		.eabi_attribute 27, 1
   6              		.eabi_attribute 28, 1
   7              		.eabi_attribute 20, 1
   8              		.eabi_attribute 21, 1
   9              		.eabi_attribute 23, 3
  10              		.eabi_attribute 24, 1
  11              		.eabi_attribute 25, 1
  12              		.eabi_attribute 26, 1
  13              		.eabi_attribute 30, 1
  14              		.eabi_attribute 34, 1
  15              		.eabi_attribute 18, 4
  16              		.file	"stm32u5xx_it.c"
  17              		.text
  18              	.Ltext0:
  19              		.cfi_sections	.debug_frame
  20              		.file 1 "Core/Src/stm32u5xx_it.c"
  21              		.section	.text.NMI_Handler,"ax",%progbits
  22              		.align	1
  23              		.global	NMI_Handler
  24              		.syntax unified
  25              		.thumb
  26              		.thumb_func
  28              	NMI_Handler:
  29              	.LFB157:
   1:Core/Src/stm32u5xx_it.c **** /* USER CODE BEGIN Header */
   2:Core/Src/stm32u5xx_it.c **** /**
   3:Core/Src/stm32u5xx_it.c ****  ******************************************************************************
   4:Core/Src/stm32u5xx_it.c ****  * @file    stm32u5xx_it.c
   5:Core/Src/stm32u5xx_it.c ****  * @brief   Interrupt Service Routines.
   6:Core/Src/stm32u5xx_it.c ****  ******************************************************************************
   7:Core/Src/stm32u5xx_it.c ****  * @attention
   8:Core/Src/stm32u5xx_it.c ****  *
   9:Core/Src/stm32u5xx_it.c ****  * Copyright (c) 2025 STMicroelectronics.
  10:Core/Src/stm32u5xx_it.c ****  * All rights reserved.
  11:Core/Src/stm32u5xx_it.c ****  *
  12:Core/Src/stm32u5xx_it.c ****  * This software is licensed under terms that can be found in the LICENSE file
  13:Core/Src/stm32u5xx_it.c ****  * in the root directory of this software component.
  14:Core/Src/stm32u5xx_it.c ****  * If no LICENSE file comes with this software, it is provided AS-IS.
  15:Core/Src/stm32u5xx_it.c ****  *
  16:Core/Src/stm32u5xx_it.c ****  ******************************************************************************
  17:Core/Src/stm32u5xx_it.c ****  */
  18:Core/Src/stm32u5xx_it.c **** /* USER CODE END Header */
  19:Core/Src/stm32u5xx_it.c **** 
  20:Core/Src/stm32u5xx_it.c **** /* Includes ------------------------------------------------------------------*/
  21:Core/Src/stm32u5xx_it.c **** #include "main.h"
  22:Core/Src/stm32u5xx_it.c **** #include "stm32u5xx_it.h"
  23:Core/Src/stm32u5xx_it.c **** /* Private includes ----------------------------------------------------------*/
  24:Core/Src/stm32u5xx_it.c **** /* USER CODE BEGIN Includes */
  25:Core/Src/stm32u5xx_it.c ****  #include "utils.h"
  26:Core/Src/stm32u5xx_it.c **** /* USER CODE END Includes */
  27:Core/Src/stm32u5xx_it.c **** 
  28:Core/Src/stm32u5xx_it.c **** /* Private typedef -----------------------------------------------------------*/
  29:Core/Src/stm32u5xx_it.c **** /* USER CODE BEGIN TD */
ARM GAS  C:\usertemp\cchlfqRS.s 			page 2


  30:Core/Src/stm32u5xx_it.c **** 
  31:Core/Src/stm32u5xx_it.c **** /* USER CODE END TD */
  32:Core/Src/stm32u5xx_it.c **** 
  33:Core/Src/stm32u5xx_it.c **** /* Private define ------------------------------------------------------------*/
  34:Core/Src/stm32u5xx_it.c **** /* USER CODE BEGIN PD */
  35:Core/Src/stm32u5xx_it.c **** 
  36:Core/Src/stm32u5xx_it.c **** /* USER CODE END PD */
  37:Core/Src/stm32u5xx_it.c **** 
  38:Core/Src/stm32u5xx_it.c **** /* Private macro -------------------------------------------------------------*/
  39:Core/Src/stm32u5xx_it.c **** /* USER CODE BEGIN PM */
  40:Core/Src/stm32u5xx_it.c **** 
  41:Core/Src/stm32u5xx_it.c **** /* USER CODE END PM */
  42:Core/Src/stm32u5xx_it.c **** 
  43:Core/Src/stm32u5xx_it.c **** /* Private variables ---------------------------------------------------------*/
  44:Core/Src/stm32u5xx_it.c **** /* USER CODE BEGIN PV */
  45:Core/Src/stm32u5xx_it.c **** 
  46:Core/Src/stm32u5xx_it.c **** /* USER CODE END PV */
  47:Core/Src/stm32u5xx_it.c **** 
  48:Core/Src/stm32u5xx_it.c **** /* Private function prototypes -----------------------------------------------*/
  49:Core/Src/stm32u5xx_it.c **** /* USER CODE BEGIN PFP */
  50:Core/Src/stm32u5xx_it.c **** 
  51:Core/Src/stm32u5xx_it.c **** /* USER CODE END PFP */
  52:Core/Src/stm32u5xx_it.c **** 
  53:Core/Src/stm32u5xx_it.c **** /* Private user code ---------------------------------------------------------*/
  54:Core/Src/stm32u5xx_it.c **** /* USER CODE BEGIN 0 */
  55:Core/Src/stm32u5xx_it.c **** 
  56:Core/Src/stm32u5xx_it.c **** /* USER CODE END 0 */
  57:Core/Src/stm32u5xx_it.c **** 
  58:Core/Src/stm32u5xx_it.c **** /* External variables --------------------------------------------------------*/
  59:Core/Src/stm32u5xx_it.c **** extern DMA_NodeTypeDef Node_GPDMA1_Channel0;
  60:Core/Src/stm32u5xx_it.c **** extern DMA_QListTypeDef List_GPDMA1_Channel0;
  61:Core/Src/stm32u5xx_it.c **** extern DMA_HandleTypeDef handle_GPDMA1_Channel0;
  62:Core/Src/stm32u5xx_it.c **** extern DCMI_HandleTypeDef hdcmi;
  63:Core/Src/stm32u5xx_it.c **** extern PCD_HandleTypeDef hpcd_USB_OTG_FS;
  64:Core/Src/stm32u5xx_it.c **** extern TIM_HandleTypeDef htim6;
  65:Core/Src/stm32u5xx_it.c **** 
  66:Core/Src/stm32u5xx_it.c **** /* USER CODE BEGIN EV */
  67:Core/Src/stm32u5xx_it.c **** void (*DCMI_IQR)(void) = NULL;
  68:Core/Src/stm32u5xx_it.c **** void (*DCMI_ITCB)(void) = NULL;
  69:Core/Src/stm32u5xx_it.c **** /* USER CODE END EV */
  70:Core/Src/stm32u5xx_it.c **** 
  71:Core/Src/stm32u5xx_it.c **** /******************************************************************************/
  72:Core/Src/stm32u5xx_it.c **** /*           Cortex Processor Interruption and Exception Handlers          */
  73:Core/Src/stm32u5xx_it.c **** /******************************************************************************/
  74:Core/Src/stm32u5xx_it.c **** /**
  75:Core/Src/stm32u5xx_it.c ****   * @brief This function handles Non maskable interrupt.
  76:Core/Src/stm32u5xx_it.c ****   */
  77:Core/Src/stm32u5xx_it.c **** void NMI_Handler(void)
  78:Core/Src/stm32u5xx_it.c **** {
  30              		.loc 1 78 1 view -0
  31              		.cfi_startproc
  32              		@ Volatile: function does not return.
  33              		@ args = 0, pretend = 0, frame = 0
  34              		@ frame_needed = 0, uses_anonymous_args = 0
  35              		@ link register save eliminated.
  36              	.L2:
  79:Core/Src/stm32u5xx_it.c ****   /* USER CODE BEGIN NonMaskableInt_IRQn 0 */
ARM GAS  C:\usertemp\cchlfqRS.s 			page 3


  80:Core/Src/stm32u5xx_it.c **** 
  81:Core/Src/stm32u5xx_it.c ****   /* USER CODE END NonMaskableInt_IRQn 0 */
  82:Core/Src/stm32u5xx_it.c ****   /* USER CODE BEGIN NonMaskableInt_IRQn 1 */
  83:Core/Src/stm32u5xx_it.c ****   while (1)
  37              		.loc 1 83 3 view .LVU1
  84:Core/Src/stm32u5xx_it.c ****   {
  85:Core/Src/stm32u5xx_it.c ****   }
  38              		.loc 1 85 3 view .LVU2
  83:Core/Src/stm32u5xx_it.c ****   {
  39              		.loc 1 83 9 view .LVU3
  40 0000 FEE7     		b	.L2
  41              		.cfi_endproc
  42              	.LFE157:
  44              		.section	.text.HardFault_Handler,"ax",%progbits
  45              		.align	1
  46              		.global	HardFault_Handler
  47              		.syntax unified
  48              		.thumb
  49              		.thumb_func
  51              	HardFault_Handler:
  52              	.LFB158:
  86:Core/Src/stm32u5xx_it.c ****   /* USER CODE END NonMaskableInt_IRQn 1 */
  87:Core/Src/stm32u5xx_it.c **** }
  88:Core/Src/stm32u5xx_it.c **** 
  89:Core/Src/stm32u5xx_it.c **** /**
  90:Core/Src/stm32u5xx_it.c ****   * @brief This function handles Hard fault interrupt.
  91:Core/Src/stm32u5xx_it.c ****   */
  92:Core/Src/stm32u5xx_it.c **** void HardFault_Handler(void)
  93:Core/Src/stm32u5xx_it.c **** {
  53              		.loc 1 93 1 view -0
  54              		.cfi_startproc
  55              		@ Volatile: function does not return.
  56              		@ args = 0, pretend = 0, frame = 0
  57              		@ frame_needed = 0, uses_anonymous_args = 0
  58              		@ link register save eliminated.
  59              	.L4:
  94:Core/Src/stm32u5xx_it.c ****   /* USER CODE BEGIN HardFault_IRQn 0 */
  95:Core/Src/stm32u5xx_it.c **** 
  96:Core/Src/stm32u5xx_it.c ****   /* USER CODE END HardFault_IRQn 0 */
  97:Core/Src/stm32u5xx_it.c ****   while (1)
  60              		.loc 1 97 3 view .LVU5
  98:Core/Src/stm32u5xx_it.c ****   {
  99:Core/Src/stm32u5xx_it.c ****     /* USER CODE BEGIN W1_HardFault_IRQn 0 */
 100:Core/Src/stm32u5xx_it.c ****     /* USER CODE END W1_HardFault_IRQn 0 */
 101:Core/Src/stm32u5xx_it.c ****   }
  61              		.loc 1 101 3 view .LVU6
  97:Core/Src/stm32u5xx_it.c ****   {
  62              		.loc 1 97 9 view .LVU7
  63 0000 FEE7     		b	.L4
  64              		.cfi_endproc
  65              	.LFE158:
  67              		.section	.text.MemManage_Handler,"ax",%progbits
  68              		.align	1
  69              		.global	MemManage_Handler
  70              		.syntax unified
  71              		.thumb
  72              		.thumb_func
ARM GAS  C:\usertemp\cchlfqRS.s 			page 4


  74              	MemManage_Handler:
  75              	.LFB159:
 102:Core/Src/stm32u5xx_it.c **** }
 103:Core/Src/stm32u5xx_it.c **** 
 104:Core/Src/stm32u5xx_it.c **** /**
 105:Core/Src/stm32u5xx_it.c ****   * @brief This function handles Memory management fault.
 106:Core/Src/stm32u5xx_it.c ****   */
 107:Core/Src/stm32u5xx_it.c **** void MemManage_Handler(void)
 108:Core/Src/stm32u5xx_it.c **** {
  76              		.loc 1 108 1 view -0
  77              		.cfi_startproc
  78              		@ Volatile: function does not return.
  79              		@ args = 0, pretend = 0, frame = 0
  80              		@ frame_needed = 0, uses_anonymous_args = 0
  81              		@ link register save eliminated.
  82              	.L6:
 109:Core/Src/stm32u5xx_it.c ****   /* USER CODE BEGIN MemoryManagement_IRQn 0 */
 110:Core/Src/stm32u5xx_it.c **** 
 111:Core/Src/stm32u5xx_it.c ****   /* USER CODE END MemoryManagement_IRQn 0 */
 112:Core/Src/stm32u5xx_it.c ****   while (1)
  83              		.loc 1 112 3 view .LVU9
 113:Core/Src/stm32u5xx_it.c ****   {
 114:Core/Src/stm32u5xx_it.c ****     /* USER CODE BEGIN W1_MemoryManagement_IRQn 0 */
 115:Core/Src/stm32u5xx_it.c ****     /* USER CODE END W1_MemoryManagement_IRQn 0 */
 116:Core/Src/stm32u5xx_it.c ****   }
  84              		.loc 1 116 3 view .LVU10
 112:Core/Src/stm32u5xx_it.c ****   {
  85              		.loc 1 112 9 view .LVU11
  86 0000 FEE7     		b	.L6
  87              		.cfi_endproc
  88              	.LFE159:
  90              		.section	.text.BusFault_Handler,"ax",%progbits
  91              		.align	1
  92              		.global	BusFault_Handler
  93              		.syntax unified
  94              		.thumb
  95              		.thumb_func
  97              	BusFault_Handler:
  98              	.LFB160:
 117:Core/Src/stm32u5xx_it.c **** }
 118:Core/Src/stm32u5xx_it.c **** 
 119:Core/Src/stm32u5xx_it.c **** /**
 120:Core/Src/stm32u5xx_it.c ****   * @brief This function handles Prefetch fault, memory access fault.
 121:Core/Src/stm32u5xx_it.c ****   */
 122:Core/Src/stm32u5xx_it.c **** void BusFault_Handler(void)
 123:Core/Src/stm32u5xx_it.c **** {
  99              		.loc 1 123 1 view -0
 100              		.cfi_startproc
 101              		@ Volatile: function does not return.
 102              		@ args = 0, pretend = 0, frame = 0
 103              		@ frame_needed = 0, uses_anonymous_args = 0
 104              		@ link register save eliminated.
 105              	.L8:
 124:Core/Src/stm32u5xx_it.c ****   /* USER CODE BEGIN BusFault_IRQn 0 */
 125:Core/Src/stm32u5xx_it.c **** 
 126:Core/Src/stm32u5xx_it.c ****   /* USER CODE END BusFault_IRQn 0 */
 127:Core/Src/stm32u5xx_it.c ****   while (1)
ARM GAS  C:\usertemp\cchlfqRS.s 			page 5


 106              		.loc 1 127 3 view .LVU13
 128:Core/Src/stm32u5xx_it.c ****   {
 129:Core/Src/stm32u5xx_it.c ****     /* USER CODE BEGIN W1_BusFault_IRQn 0 */
 130:Core/Src/stm32u5xx_it.c ****     /* USER CODE END W1_BusFault_IRQn 0 */
 131:Core/Src/stm32u5xx_it.c ****   }
 107              		.loc 1 131 3 view .LVU14
 127:Core/Src/stm32u5xx_it.c ****   {
 108              		.loc 1 127 9 view .LVU15
 109 0000 FEE7     		b	.L8
 110              		.cfi_endproc
 111              	.LFE160:
 113              		.section	.text.UsageFault_Handler,"ax",%progbits
 114              		.align	1
 115              		.global	UsageFault_Handler
 116              		.syntax unified
 117              		.thumb
 118              		.thumb_func
 120              	UsageFault_Handler:
 121              	.LFB161:
 132:Core/Src/stm32u5xx_it.c **** }
 133:Core/Src/stm32u5xx_it.c **** 
 134:Core/Src/stm32u5xx_it.c **** /**
 135:Core/Src/stm32u5xx_it.c ****   * @brief This function handles Undefined instruction or illegal state.
 136:Core/Src/stm32u5xx_it.c ****   */
 137:Core/Src/stm32u5xx_it.c **** void UsageFault_Handler(void)
 138:Core/Src/stm32u5xx_it.c **** {
 122              		.loc 1 138 1 view -0
 123              		.cfi_startproc
 124              		@ Volatile: function does not return.
 125              		@ args = 0, pretend = 0, frame = 0
 126              		@ frame_needed = 0, uses_anonymous_args = 0
 127              		@ link register save eliminated.
 128              	.L10:
 139:Core/Src/stm32u5xx_it.c ****   /* USER CODE BEGIN UsageFault_IRQn 0 */
 140:Core/Src/stm32u5xx_it.c **** 
 141:Core/Src/stm32u5xx_it.c ****   /* USER CODE END UsageFault_IRQn 0 */
 142:Core/Src/stm32u5xx_it.c ****   while (1)
 129              		.loc 1 142 3 view .LVU17
 143:Core/Src/stm32u5xx_it.c ****   {
 144:Core/Src/stm32u5xx_it.c ****     /* USER CODE BEGIN W1_UsageFault_IRQn 0 */
 145:Core/Src/stm32u5xx_it.c ****     /* USER CODE END W1_UsageFault_IRQn 0 */
 146:Core/Src/stm32u5xx_it.c ****   }
 130              		.loc 1 146 3 view .LVU18
 142:Core/Src/stm32u5xx_it.c ****   {
 131              		.loc 1 142 9 view .LVU19
 132 0000 FEE7     		b	.L10
 133              		.cfi_endproc
 134              	.LFE161:
 136              		.section	.text.DebugMon_Handler,"ax",%progbits
 137              		.align	1
 138              		.global	DebugMon_Handler
 139              		.syntax unified
 140              		.thumb
 141              		.thumb_func
 143              	DebugMon_Handler:
 144              	.LFB162:
 147:Core/Src/stm32u5xx_it.c **** }
ARM GAS  C:\usertemp\cchlfqRS.s 			page 6


 148:Core/Src/stm32u5xx_it.c **** 
 149:Core/Src/stm32u5xx_it.c **** /**
 150:Core/Src/stm32u5xx_it.c ****   * @brief This function handles Debug monitor.
 151:Core/Src/stm32u5xx_it.c ****   */
 152:Core/Src/stm32u5xx_it.c **** void DebugMon_Handler(void)
 153:Core/Src/stm32u5xx_it.c **** {
 145              		.loc 1 153 1 view -0
 146              		.cfi_startproc
 147              		@ args = 0, pretend = 0, frame = 0
 148              		@ frame_needed = 0, uses_anonymous_args = 0
 149              		@ link register save eliminated.
 154:Core/Src/stm32u5xx_it.c ****   /* USER CODE BEGIN DebugMonitor_IRQn 0 */
 155:Core/Src/stm32u5xx_it.c **** 
 156:Core/Src/stm32u5xx_it.c ****   /* USER CODE END DebugMonitor_IRQn 0 */
 157:Core/Src/stm32u5xx_it.c ****   /* USER CODE BEGIN DebugMonitor_IRQn 1 */
 158:Core/Src/stm32u5xx_it.c **** 
 159:Core/Src/stm32u5xx_it.c ****   /* USER CODE END DebugMonitor_IRQn 1 */
 160:Core/Src/stm32u5xx_it.c **** }
 150              		.loc 1 160 1 view .LVU21
 151 0000 7047     		bx	lr
 152              		.cfi_endproc
 153              	.LFE162:
 155              		.section	.text.EXTI0_IRQHandler,"ax",%progbits
 156              		.align	1
 157              		.global	EXTI0_IRQHandler
 158              		.syntax unified
 159              		.thumb
 160              		.thumb_func
 162              	EXTI0_IRQHandler:
 163              	.LFB163:
 161:Core/Src/stm32u5xx_it.c **** 
 162:Core/Src/stm32u5xx_it.c **** /******************************************************************************/
 163:Core/Src/stm32u5xx_it.c **** /* STM32U5xx Peripheral Interrupt Handlers                                    */
 164:Core/Src/stm32u5xx_it.c **** /* Add here the Interrupt Handlers for the used peripherals.                  */
 165:Core/Src/stm32u5xx_it.c **** /* For the available peripheral interrupt handler names,                      */
 166:Core/Src/stm32u5xx_it.c **** /* please refer to the startup file (startup_stm32u5xx.s).                    */
 167:Core/Src/stm32u5xx_it.c **** /******************************************************************************/
 168:Core/Src/stm32u5xx_it.c **** 
 169:Core/Src/stm32u5xx_it.c **** /**
 170:Core/Src/stm32u5xx_it.c ****   * @brief This function handles EXTI Line0 interrupt.
 171:Core/Src/stm32u5xx_it.c ****   */
 172:Core/Src/stm32u5xx_it.c **** void EXTI0_IRQHandler(void)
 173:Core/Src/stm32u5xx_it.c **** {
 164              		.loc 1 173 1 view -0
 165              		.cfi_startproc
 166              		@ args = 0, pretend = 0, frame = 0
 167              		@ frame_needed = 0, uses_anonymous_args = 0
 168 0000 08B5     		push	{r3, lr}
 169              	.LCFI0:
 170              		.cfi_def_cfa_offset 8
 171              		.cfi_offset 3, -8
 172              		.cfi_offset 14, -4
 174:Core/Src/stm32u5xx_it.c ****   /* USER CODE BEGIN EXTI0_IRQn 0 */
 175:Core/Src/stm32u5xx_it.c **** 
 176:Core/Src/stm32u5xx_it.c ****   /* USER CODE END EXTI0_IRQn 0 */
 177:Core/Src/stm32u5xx_it.c ****   HAL_GPIO_EXTI_IRQHandler(BTN_1_Pin);
 173              		.loc 1 177 3 view .LVU23
ARM GAS  C:\usertemp\cchlfqRS.s 			page 7


 174 0002 0120     		movs	r0, #1
 175 0004 FFF7FEFF 		bl	HAL_GPIO_EXTI_IRQHandler
 176              	.LVL0:
 178:Core/Src/stm32u5xx_it.c ****   /* USER CODE BEGIN EXTI0_IRQn 1 */
 179:Core/Src/stm32u5xx_it.c **** 
 180:Core/Src/stm32u5xx_it.c ****   color_shift_cooler();
 177              		.loc 1 180 3 view .LVU24
 178 0008 FFF7FEFF 		bl	color_shift_cooler
 179              	.LVL1:
 181:Core/Src/stm32u5xx_it.c **** 
 182:Core/Src/stm32u5xx_it.c ****   /* USER CODE END EXTI0_IRQn 1 */
 183:Core/Src/stm32u5xx_it.c **** }
 180              		.loc 1 183 1 is_stmt 0 view .LVU25
 181 000c 08BD     		pop	{r3, pc}
 182              		.cfi_endproc
 183              	.LFE163:
 185              		.section	.text.EXTI1_IRQHandler,"ax",%progbits
 186              		.align	1
 187              		.global	EXTI1_IRQHandler
 188              		.syntax unified
 189              		.thumb
 190              		.thumb_func
 192              	EXTI1_IRQHandler:
 193              	.LFB164:
 184:Core/Src/stm32u5xx_it.c **** 
 185:Core/Src/stm32u5xx_it.c **** /**
 186:Core/Src/stm32u5xx_it.c ****   * @brief This function handles EXTI Line1 interrupt.
 187:Core/Src/stm32u5xx_it.c ****   */
 188:Core/Src/stm32u5xx_it.c **** void EXTI1_IRQHandler(void)
 189:Core/Src/stm32u5xx_it.c **** {
 194              		.loc 1 189 1 is_stmt 1 view -0
 195              		.cfi_startproc
 196              		@ args = 0, pretend = 0, frame = 0
 197              		@ frame_needed = 0, uses_anonymous_args = 0
 198 0000 08B5     		push	{r3, lr}
 199              	.LCFI1:
 200              		.cfi_def_cfa_offset 8
 201              		.cfi_offset 3, -8
 202              		.cfi_offset 14, -4
 190:Core/Src/stm32u5xx_it.c ****   /* USER CODE BEGIN EXTI1_IRQn 0 */
 191:Core/Src/stm32u5xx_it.c **** 
 192:Core/Src/stm32u5xx_it.c ****   /* USER CODE END EXTI1_IRQn 0 */
 193:Core/Src/stm32u5xx_it.c ****   HAL_GPIO_EXTI_IRQHandler(BTN_2_Pin);
 203              		.loc 1 193 3 view .LVU27
 204 0002 0220     		movs	r0, #2
 205 0004 FFF7FEFF 		bl	HAL_GPIO_EXTI_IRQHandler
 206              	.LVL2:
 194:Core/Src/stm32u5xx_it.c ****   /* USER CODE BEGIN EXTI1_IRQn 1 */
 195:Core/Src/stm32u5xx_it.c **** 
 196:Core/Src/stm32u5xx_it.c ****   color_shift_warmer();
 207              		.loc 1 196 3 view .LVU28
 208 0008 FFF7FEFF 		bl	color_shift_warmer
 209              	.LVL3:
 197:Core/Src/stm32u5xx_it.c **** 
 198:Core/Src/stm32u5xx_it.c ****   /* USER CODE END EXTI1_IRQn 1 */
 199:Core/Src/stm32u5xx_it.c **** }
 210              		.loc 1 199 1 is_stmt 0 view .LVU29
ARM GAS  C:\usertemp\cchlfqRS.s 			page 8


 211 000c 08BD     		pop	{r3, pc}
 212              		.cfi_endproc
 213              	.LFE164:
 215              		.section	.text.GPDMA1_Channel0_IRQHandler,"ax",%progbits
 216              		.align	1
 217              		.global	GPDMA1_Channel0_IRQHandler
 218              		.syntax unified
 219              		.thumb
 220              		.thumb_func
 222              	GPDMA1_Channel0_IRQHandler:
 223              	.LFB165:
 200:Core/Src/stm32u5xx_it.c **** 
 201:Core/Src/stm32u5xx_it.c **** /**
 202:Core/Src/stm32u5xx_it.c ****   * @brief This function handles GPDMA1 Channel 0 global interrupt.
 203:Core/Src/stm32u5xx_it.c ****   */
 204:Core/Src/stm32u5xx_it.c **** void GPDMA1_Channel0_IRQHandler(void)
 205:Core/Src/stm32u5xx_it.c **** {
 224              		.loc 1 205 1 is_stmt 1 view -0
 225              		.cfi_startproc
 226              		@ args = 0, pretend = 0, frame = 0
 227              		@ frame_needed = 0, uses_anonymous_args = 0
 228 0000 08B5     		push	{r3, lr}
 229              	.LCFI2:
 230              		.cfi_def_cfa_offset 8
 231              		.cfi_offset 3, -8
 232              		.cfi_offset 14, -4
 206:Core/Src/stm32u5xx_it.c ****   /* USER CODE BEGIN GPDMA1_Channel0_IRQn 0 */
 207:Core/Src/stm32u5xx_it.c **** 
 208:Core/Src/stm32u5xx_it.c ****   /* USER CODE END GPDMA1_Channel0_IRQn 0 */
 209:Core/Src/stm32u5xx_it.c ****   HAL_DMA_IRQHandler(&handle_GPDMA1_Channel0);
 233              		.loc 1 209 3 view .LVU31
 234 0002 0248     		ldr	r0, .L18
 235 0004 FFF7FEFF 		bl	HAL_DMA_IRQHandler
 236              	.LVL4:
 210:Core/Src/stm32u5xx_it.c ****   /* USER CODE BEGIN GPDMA1_Channel0_IRQn 1 */
 211:Core/Src/stm32u5xx_it.c ****   // if (DCMI_IQR)
 212:Core/Src/stm32u5xx_it.c ****   // {
 213:Core/Src/stm32u5xx_it.c ****   //   DCMI_IQR();
 214:Core/Src/stm32u5xx_it.c ****   // }
 215:Core/Src/stm32u5xx_it.c **** 
 216:Core/Src/stm32u5xx_it.c ****   /* USER CODE END GPDMA1_Channel0_IRQn 1 */
 217:Core/Src/stm32u5xx_it.c **** }
 237              		.loc 1 217 1 is_stmt 0 view .LVU32
 238 0008 08BD     		pop	{r3, pc}
 239              	.L19:
 240 000a 00BF     		.align	2
 241              	.L18:
 242 000c 00000000 		.word	handle_GPDMA1_Channel0
 243              		.cfi_endproc
 244              	.LFE165:
 246              		.section	.text.TIM6_IRQHandler,"ax",%progbits
 247              		.align	1
 248              		.global	TIM6_IRQHandler
 249              		.syntax unified
 250              		.thumb
 251              		.thumb_func
 253              	TIM6_IRQHandler:
ARM GAS  C:\usertemp\cchlfqRS.s 			page 9


 254              	.LFB166:
 218:Core/Src/stm32u5xx_it.c **** 
 219:Core/Src/stm32u5xx_it.c **** /**
 220:Core/Src/stm32u5xx_it.c ****   * @brief This function handles TIM6 global interrupt.
 221:Core/Src/stm32u5xx_it.c ****   */
 222:Core/Src/stm32u5xx_it.c **** void TIM6_IRQHandler(void)
 223:Core/Src/stm32u5xx_it.c **** {
 255              		.loc 1 223 1 is_stmt 1 view -0
 256              		.cfi_startproc
 257              		@ args = 0, pretend = 0, frame = 0
 258              		@ frame_needed = 0, uses_anonymous_args = 0
 259 0000 08B5     		push	{r3, lr}
 260              	.LCFI3:
 261              		.cfi_def_cfa_offset 8
 262              		.cfi_offset 3, -8
 263              		.cfi_offset 14, -4
 224:Core/Src/stm32u5xx_it.c ****   /* USER CODE BEGIN TIM6_IRQn 0 */
 225:Core/Src/stm32u5xx_it.c **** 
 226:Core/Src/stm32u5xx_it.c ****   /* USER CODE END TIM6_IRQn 0 */
 227:Core/Src/stm32u5xx_it.c ****   HAL_TIM_IRQHandler(&htim6);
 264              		.loc 1 227 3 view .LVU34
 265 0002 0248     		ldr	r0, .L22
 266 0004 FFF7FEFF 		bl	HAL_TIM_IRQHandler
 267              	.LVL5:
 228:Core/Src/stm32u5xx_it.c ****   /* USER CODE BEGIN TIM6_IRQn 1 */
 229:Core/Src/stm32u5xx_it.c **** 
 230:Core/Src/stm32u5xx_it.c ****   /* USER CODE END TIM6_IRQn 1 */
 231:Core/Src/stm32u5xx_it.c **** }
 268              		.loc 1 231 1 is_stmt 0 view .LVU35
 269 0008 08BD     		pop	{r3, pc}
 270              	.L23:
 271 000a 00BF     		.align	2
 272              	.L22:
 273 000c 00000000 		.word	htim6
 274              		.cfi_endproc
 275              	.LFE166:
 277              		.section	.text.OTG_FS_IRQHandler,"ax",%progbits
 278              		.align	1
 279              		.global	OTG_FS_IRQHandler
 280              		.syntax unified
 281              		.thumb
 282              		.thumb_func
 284              	OTG_FS_IRQHandler:
 285              	.LFB167:
 232:Core/Src/stm32u5xx_it.c **** 
 233:Core/Src/stm32u5xx_it.c **** /**
 234:Core/Src/stm32u5xx_it.c ****   * @brief This function handles USB OTG FS global interrupt.
 235:Core/Src/stm32u5xx_it.c ****   */
 236:Core/Src/stm32u5xx_it.c **** void OTG_FS_IRQHandler(void)
 237:Core/Src/stm32u5xx_it.c **** {
 286              		.loc 1 237 1 is_stmt 1 view -0
 287              		.cfi_startproc
 288              		@ args = 0, pretend = 0, frame = 0
 289              		@ frame_needed = 0, uses_anonymous_args = 0
 290 0000 08B5     		push	{r3, lr}
 291              	.LCFI4:
 292              		.cfi_def_cfa_offset 8
ARM GAS  C:\usertemp\cchlfqRS.s 			page 10


 293              		.cfi_offset 3, -8
 294              		.cfi_offset 14, -4
 238:Core/Src/stm32u5xx_it.c ****   /* USER CODE BEGIN OTG_FS_IRQn 0 */
 239:Core/Src/stm32u5xx_it.c **** 
 240:Core/Src/stm32u5xx_it.c ****   /* USER CODE END OTG_FS_IRQn 0 */
 241:Core/Src/stm32u5xx_it.c ****   HAL_PCD_IRQHandler(&hpcd_USB_OTG_FS);
 295              		.loc 1 241 3 view .LVU37
 296 0002 0248     		ldr	r0, .L26
 297 0004 FFF7FEFF 		bl	HAL_PCD_IRQHandler
 298              	.LVL6:
 242:Core/Src/stm32u5xx_it.c ****   /* USER CODE BEGIN OTG_FS_IRQn 1 */
 243:Core/Src/stm32u5xx_it.c **** 
 244:Core/Src/stm32u5xx_it.c ****   /* USER CODE END OTG_FS_IRQn 1 */
 245:Core/Src/stm32u5xx_it.c **** }
 299              		.loc 1 245 1 is_stmt 0 view .LVU38
 300 0008 08BD     		pop	{r3, pc}
 301              	.L27:
 302 000a 00BF     		.align	2
 303              	.L26:
 304 000c 00000000 		.word	hpcd_USB_OTG_FS
 305              		.cfi_endproc
 306              	.LFE167:
 308              		.section	.text.DCMI_PSSI_IRQHandler,"ax",%progbits
 309              		.align	1
 310              		.global	DCMI_PSSI_IRQHandler
 311              		.syntax unified
 312              		.thumb
 313              		.thumb_func
 315              	DCMI_PSSI_IRQHandler:
 316              	.LFB168:
 246:Core/Src/stm32u5xx_it.c **** 
 247:Core/Src/stm32u5xx_it.c **** /**
 248:Core/Src/stm32u5xx_it.c ****   * @brief This function handles DCMI/PSSI global interrupt.
 249:Core/Src/stm32u5xx_it.c ****   */
 250:Core/Src/stm32u5xx_it.c **** void DCMI_PSSI_IRQHandler(void)
 251:Core/Src/stm32u5xx_it.c **** {
 317              		.loc 1 251 1 is_stmt 1 view -0
 318              		.cfi_startproc
 319              		@ args = 0, pretend = 0, frame = 0
 320              		@ frame_needed = 0, uses_anonymous_args = 0
 321 0000 08B5     		push	{r3, lr}
 322              	.LCFI5:
 323              		.cfi_def_cfa_offset 8
 324              		.cfi_offset 3, -8
 325              		.cfi_offset 14, -4
 252:Core/Src/stm32u5xx_it.c ****   /* USER CODE BEGIN DCMI_PSSI_IRQn 0 */
 253:Core/Src/stm32u5xx_it.c **** 
 254:Core/Src/stm32u5xx_it.c ****   /* USER CODE END DCMI_PSSI_IRQn 0 */
 255:Core/Src/stm32u5xx_it.c ****   HAL_DCMI_IRQHandler(&hdcmi);
 326              		.loc 1 255 3 view .LVU40
 327 0002 0448     		ldr	r0, .L31
 328 0004 FFF7FEFF 		bl	HAL_DCMI_IRQHandler
 329              	.LVL7:
 256:Core/Src/stm32u5xx_it.c ****   /* USER CODE BEGIN DCMI_PSSI_IRQn 1 */
 257:Core/Src/stm32u5xx_it.c ****   if (DCMI_IQR)
 330              		.loc 1 257 3 view .LVU41
 331              		.loc 1 257 7 is_stmt 0 view .LVU42
ARM GAS  C:\usertemp\cchlfqRS.s 			page 11


 332 0008 034B     		ldr	r3, .L31+4
 333 000a 1B68     		ldr	r3, [r3]
 334              		.loc 1 257 6 view .LVU43
 335 000c 03B1     		cbz	r3, .L28
 258:Core/Src/stm32u5xx_it.c ****   {
 259:Core/Src/stm32u5xx_it.c ****     DCMI_IQR();
 336              		.loc 1 259 5 is_stmt 1 view .LVU44
 337 000e 9847     		blx	r3
 338              	.LVL8:
 339              	.L28:
 260:Core/Src/stm32u5xx_it.c ****   }
 261:Core/Src/stm32u5xx_it.c **** 
 262:Core/Src/stm32u5xx_it.c ****   /* USER CODE END DCMI_PSSI_IRQn 1 */
 263:Core/Src/stm32u5xx_it.c **** }
 340              		.loc 1 263 1 is_stmt 0 view .LVU45
 341 0010 08BD     		pop	{r3, pc}
 342              	.L32:
 343 0012 00BF     		.align	2
 344              	.L31:
 345 0014 00000000 		.word	hdcmi
 346 0018 00000000 		.word	DCMI_IQR
 347              		.cfi_endproc
 348              	.LFE168:
 350              		.section	.text.HAL_DCMI_FrameEventCallback,"ax",%progbits
 351              		.align	1
 352              		.global	HAL_DCMI_FrameEventCallback
 353              		.syntax unified
 354              		.thumb
 355              		.thumb_func
 357              	HAL_DCMI_FrameEventCallback:
 358              	.LVL9:
 359              	.LFB169:
 264:Core/Src/stm32u5xx_it.c **** 
 265:Core/Src/stm32u5xx_it.c **** /* USER CODE BEGIN 1 */
 266:Core/Src/stm32u5xx_it.c **** void HAL_DCMI_FrameEventCallback(DCMI_HandleTypeDef *hdcmi)
 267:Core/Src/stm32u5xx_it.c **** {
 360              		.loc 1 267 1 is_stmt 1 view -0
 361              		.cfi_startproc
 362              		@ args = 0, pretend = 0, frame = 0
 363              		@ frame_needed = 0, uses_anonymous_args = 0
 364              		.loc 1 267 1 is_stmt 0 view .LVU47
 365 0000 08B5     		push	{r3, lr}
 366              	.LCFI6:
 367              		.cfi_def_cfa_offset 8
 368              		.cfi_offset 3, -8
 369              		.cfi_offset 14, -4
 268:Core/Src/stm32u5xx_it.c ****   if (DCMI_ITCB)
 370              		.loc 1 268 3 is_stmt 1 view .LVU48
 371              		.loc 1 268 7 is_stmt 0 view .LVU49
 372 0002 024B     		ldr	r3, .L36
 373 0004 1B68     		ldr	r3, [r3]
 374              		.loc 1 268 6 view .LVU50
 375 0006 03B1     		cbz	r3, .L33
 269:Core/Src/stm32u5xx_it.c ****   {
 270:Core/Src/stm32u5xx_it.c ****     DCMI_ITCB();
 376              		.loc 1 270 5 is_stmt 1 view .LVU51
 377 0008 9847     		blx	r3
ARM GAS  C:\usertemp\cchlfqRS.s 			page 12


 378              	.LVL10:
 379              	.L33:
 271:Core/Src/stm32u5xx_it.c ****   }
 272:Core/Src/stm32u5xx_it.c **** }
 380              		.loc 1 272 1 is_stmt 0 view .LVU52
 381 000a 08BD     		pop	{r3, pc}
 382              	.L37:
 383              		.align	2
 384              	.L36:
 385 000c 00000000 		.word	DCMI_ITCB
 386              		.cfi_endproc
 387              	.LFE169:
 389              		.global	DCMI_ITCB
 390              		.section	.bss.DCMI_ITCB,"aw",%nobits
 391              		.align	2
 394              	DCMI_ITCB:
 395 0000 00000000 		.space	4
 396              		.global	DCMI_IQR
 397              		.section	.bss.DCMI_IQR,"aw",%nobits
 398              		.align	2
 401              	DCMI_IQR:
 402 0000 00000000 		.space	4
 403              		.text
 404              	.Letext0:
 405              		.file 2 "D:/armtoolchain/arm-gnu-toolchain-13.3.rel1-mingw-w64-i686-arm-none-eabi/arm-none-eabi/in
 406              		.file 3 "D:/armtoolchain/arm-gnu-toolchain-13.3.rel1-mingw-w64-i686-arm-none-eabi/arm-none-eabi/in
 407              		.file 4 "Drivers/CMSIS/Device/ST/STM32U5xx/Include/stm32u575xx.h"
 408              		.file 5 "Drivers/STM32U5xx_HAL_Driver/Inc/stm32u5xx_hal_def.h"
 409              		.file 6 "Drivers/STM32U5xx_HAL_Driver/Inc/stm32u5xx_hal_dma.h"
 410              		.file 7 "Drivers/STM32U5xx_HAL_Driver/Inc/stm32u5xx_hal_dma_ex.h"
 411              		.file 8 "Drivers/STM32U5xx_HAL_Driver/Inc/stm32u5xx_hal_tim.h"
 412              		.file 9 "Drivers/STM32U5xx_HAL_Driver/Inc/stm32u5xx_ll_usb.h"
 413              		.file 10 "Drivers/STM32U5xx_HAL_Driver/Inc/stm32u5xx_hal_pcd.h"
 414              		.file 11 "Drivers/STM32U5xx_HAL_Driver/Inc/stm32u5xx_hal_dcmi.h"
 415              		.file 12 "lib/utils.h"
 416              		.file 13 "Drivers/STM32U5xx_HAL_Driver/Inc/stm32u5xx_hal_gpio.h"
ARM GAS  C:\usertemp\cchlfqRS.s 			page 13


DEFINED SYMBOLS
                            *ABS*:00000000 stm32u5xx_it.c
C:\usertemp\cchlfqRS.s:22     .text.NMI_Handler:00000000 $t
C:\usertemp\cchlfqRS.s:28     .text.NMI_Handler:00000000 NMI_Handler
C:\usertemp\cchlfqRS.s:45     .text.HardFault_Handler:00000000 $t
C:\usertemp\cchlfqRS.s:51     .text.HardFault_Handler:00000000 HardFault_Handler
C:\usertemp\cchlfqRS.s:68     .text.MemManage_Handler:00000000 $t
C:\usertemp\cchlfqRS.s:74     .text.MemManage_Handler:00000000 MemManage_Handler
C:\usertemp\cchlfqRS.s:91     .text.BusFault_Handler:00000000 $t
C:\usertemp\cchlfqRS.s:97     .text.BusFault_Handler:00000000 BusFault_Handler
C:\usertemp\cchlfqRS.s:114    .text.UsageFault_Handler:00000000 $t
C:\usertemp\cchlfqRS.s:120    .text.UsageFault_Handler:00000000 UsageFault_Handler
C:\usertemp\cchlfqRS.s:137    .text.DebugMon_Handler:00000000 $t
C:\usertemp\cchlfqRS.s:143    .text.DebugMon_Handler:00000000 DebugMon_Handler
C:\usertemp\cchlfqRS.s:156    .text.EXTI0_IRQHandler:00000000 $t
C:\usertemp\cchlfqRS.s:162    .text.EXTI0_IRQHandler:00000000 EXTI0_IRQHandler
C:\usertemp\cchlfqRS.s:186    .text.EXTI1_IRQHandler:00000000 $t
C:\usertemp\cchlfqRS.s:192    .text.EXTI1_IRQHandler:00000000 EXTI1_IRQHandler
C:\usertemp\cchlfqRS.s:216    .text.GPDMA1_Channel0_IRQHandler:00000000 $t
C:\usertemp\cchlfqRS.s:222    .text.GPDMA1_Channel0_IRQHandler:00000000 GPDMA1_Channel0_IRQHandler
C:\usertemp\cchlfqRS.s:242    .text.GPDMA1_Channel0_IRQHandler:0000000c $d
C:\usertemp\cchlfqRS.s:247    .text.TIM6_IRQHandler:00000000 $t
C:\usertemp\cchlfqRS.s:253    .text.TIM6_IRQHandler:00000000 TIM6_IRQHandler
C:\usertemp\cchlfqRS.s:273    .text.TIM6_IRQHandler:0000000c $d
C:\usertemp\cchlfqRS.s:278    .text.OTG_FS_IRQHandler:00000000 $t
C:\usertemp\cchlfqRS.s:284    .text.OTG_FS_IRQHandler:00000000 OTG_FS_IRQHandler
C:\usertemp\cchlfqRS.s:304    .text.OTG_FS_IRQHandler:0000000c $d
C:\usertemp\cchlfqRS.s:309    .text.DCMI_PSSI_IRQHandler:00000000 $t
C:\usertemp\cchlfqRS.s:315    .text.DCMI_PSSI_IRQHandler:00000000 DCMI_PSSI_IRQHandler
C:\usertemp\cchlfqRS.s:345    .text.DCMI_PSSI_IRQHandler:00000014 $d
C:\usertemp\cchlfqRS.s:401    .bss.DCMI_IQR:00000000 DCMI_IQR
C:\usertemp\cchlfqRS.s:351    .text.HAL_DCMI_FrameEventCallback:00000000 $t
C:\usertemp\cchlfqRS.s:357    .text.HAL_DCMI_FrameEventCallback:00000000 HAL_DCMI_FrameEventCallback
C:\usertemp\cchlfqRS.s:385    .text.HAL_DCMI_FrameEventCallback:0000000c $d
C:\usertemp\cchlfqRS.s:394    .bss.DCMI_ITCB:00000000 DCMI_ITCB
C:\usertemp\cchlfqRS.s:391    .bss.DCMI_ITCB:00000000 $d
C:\usertemp\cchlfqRS.s:398    .bss.DCMI_IQR:00000000 $d

UNDEFINED SYMBOLS
HAL_GPIO_EXTI_IRQHandler
color_shift_cooler
color_shift_warmer
HAL_DMA_IRQHandler
handle_GPDMA1_Channel0
HAL_TIM_IRQHandler
htim6
HAL_PCD_IRQHandler
hpcd_USB_OTG_FS
HAL_DCMI_IRQHandler
hdcmi
