ARM GAS  C:\usertemp\ccSYpK96.s 			page 1


   1              		.cpu cortex-m33
   2              		.arch armv8-m.main
   3              		.fpu fpv4-sp-d16
   4              		.arch_extension dsp
   5              		.eabi_attribute 27, 1
   6              		.eabi_attribute 28, 1
   7              		.eabi_attribute 20, 1
   8              		.eabi_attribute 21, 1
   9              		.eabi_attribute 23, 3
  10              		.eabi_attribute 24, 1
  11              		.eabi_attribute 25, 1
  12              		.eabi_attribute 26, 1
  13              		.eabi_attribute 30, 1
  14              		.eabi_attribute 34, 1
  15              		.eabi_attribute 18, 4
  16              		.file	"syscalls.c"
  17              		.text
  18              	.Ltext0:
  19              		.cfi_sections	.debug_frame
  20              		.file 1 "Core/Src/syscalls.c"
  21              		.section	.text.initialise_monitor_handles,"ax",%progbits
  22              		.align	1
  23              		.global	initialise_monitor_handles
  24              		.syntax unified
  25              		.thumb
  26              		.thumb_func
  28              	initialise_monitor_handles:
  29              	.LFB25:
   1:Core/Src/syscalls.c **** /**
   2:Core/Src/syscalls.c ****  ******************************************************************************
   3:Core/Src/syscalls.c ****  * @file      syscalls.c
   4:Core/Src/syscalls.c ****  * @author    Auto-generated by STM32CubeMX
   5:Core/Src/syscalls.c ****  * @brief     Minimal System calls file
   6:Core/Src/syscalls.c ****  *
   7:Core/Src/syscalls.c ****  *            For more information about which c-functions
   8:Core/Src/syscalls.c ****  *            need which of these lowlevel functions
   9:Core/Src/syscalls.c ****  *            please consult the Newlib or Picolibc libc-manual
  10:Core/Src/syscalls.c ****  ******************************************************************************
  11:Core/Src/syscalls.c ****  * @attention
  12:Core/Src/syscalls.c ****  *
  13:Core/Src/syscalls.c ****  * Copyright (c) 2020-2025 STMicroelectronics.
  14:Core/Src/syscalls.c ****  * All rights reserved.
  15:Core/Src/syscalls.c ****  *
  16:Core/Src/syscalls.c ****  * This software is licensed under terms that can be found in the LICENSE file
  17:Core/Src/syscalls.c ****  * in the root directory of this software component.
  18:Core/Src/syscalls.c ****  * If no LICENSE file comes with this software, it is provided AS-IS.
  19:Core/Src/syscalls.c ****  *
  20:Core/Src/syscalls.c ****  ******************************************************************************
  21:Core/Src/syscalls.c ****  */
  22:Core/Src/syscalls.c **** 
  23:Core/Src/syscalls.c **** /* Includes */
  24:Core/Src/syscalls.c **** #include <sys/stat.h>
  25:Core/Src/syscalls.c **** #include <stdlib.h>
  26:Core/Src/syscalls.c **** #include <errno.h>
  27:Core/Src/syscalls.c **** #include <stdio.h>
  28:Core/Src/syscalls.c **** #include <stdarg.h>
  29:Core/Src/syscalls.c **** #include <signal.h>
ARM GAS  C:\usertemp\ccSYpK96.s 			page 2


  30:Core/Src/syscalls.c **** #include <time.h>
  31:Core/Src/syscalls.c **** #include <sys/time.h>
  32:Core/Src/syscalls.c **** #include <sys/times.h>
  33:Core/Src/syscalls.c **** 
  34:Core/Src/syscalls.c **** 
  35:Core/Src/syscalls.c **** /* Variables */
  36:Core/Src/syscalls.c **** extern int __io_putchar(int ch) __attribute__((weak));
  37:Core/Src/syscalls.c **** extern int __io_getchar(void) __attribute__((weak));
  38:Core/Src/syscalls.c **** 
  39:Core/Src/syscalls.c **** 
  40:Core/Src/syscalls.c **** char *__env[1] = { 0 };
  41:Core/Src/syscalls.c **** char **environ = __env;
  42:Core/Src/syscalls.c **** 
  43:Core/Src/syscalls.c **** 
  44:Core/Src/syscalls.c **** /* Functions */
  45:Core/Src/syscalls.c **** void initialise_monitor_handles()
  46:Core/Src/syscalls.c **** {
  30              		.loc 1 46 1 view -0
  31              		.cfi_startproc
  32              		@ args = 0, pretend = 0, frame = 0
  33              		@ frame_needed = 0, uses_anonymous_args = 0
  34              		@ link register save eliminated.
  47:Core/Src/syscalls.c **** }
  35              		.loc 1 47 1 view .LVU1
  36 0000 7047     		bx	lr
  37              		.cfi_endproc
  38              	.LFE25:
  40              		.section	.text._getpid,"ax",%progbits
  41              		.align	1
  42              		.global	_getpid
  43              		.syntax unified
  44              		.thumb
  45              		.thumb_func
  47              	_getpid:
  48              	.LFB26:
  48:Core/Src/syscalls.c **** 
  49:Core/Src/syscalls.c **** int _getpid(void)
  50:Core/Src/syscalls.c **** {
  49              		.loc 1 50 1 view -0
  50              		.cfi_startproc
  51              		@ args = 0, pretend = 0, frame = 0
  52              		@ frame_needed = 0, uses_anonymous_args = 0
  53              		@ link register save eliminated.
  51:Core/Src/syscalls.c ****   return 1;
  54              		.loc 1 51 3 view .LVU3
  52:Core/Src/syscalls.c **** }
  55              		.loc 1 52 1 is_stmt 0 view .LVU4
  56 0000 0120     		movs	r0, #1
  57 0002 7047     		bx	lr
  58              		.cfi_endproc
  59              	.LFE26:
  61              		.section	.text._kill,"ax",%progbits
  62              		.align	1
  63              		.global	_kill
  64              		.syntax unified
  65              		.thumb
  66              		.thumb_func
ARM GAS  C:\usertemp\ccSYpK96.s 			page 3


  68              	_kill:
  69              	.LVL0:
  70              	.LFB27:
  53:Core/Src/syscalls.c **** 
  54:Core/Src/syscalls.c **** int _kill(int pid, int sig)
  55:Core/Src/syscalls.c **** {
  71              		.loc 1 55 1 is_stmt 1 view -0
  72              		.cfi_startproc
  73              		@ args = 0, pretend = 0, frame = 0
  74              		@ frame_needed = 0, uses_anonymous_args = 0
  75              		.loc 1 55 1 is_stmt 0 view .LVU6
  76 0000 08B5     		push	{r3, lr}
  77              	.LCFI0:
  78              		.cfi_def_cfa_offset 8
  79              		.cfi_offset 3, -8
  80              		.cfi_offset 14, -4
  56:Core/Src/syscalls.c ****   (void)pid;
  81              		.loc 1 56 3 is_stmt 1 view .LVU7
  57:Core/Src/syscalls.c ****   (void)sig;
  82              		.loc 1 57 3 view .LVU8
  58:Core/Src/syscalls.c ****   errno = EINVAL;
  83              		.loc 1 58 3 view .LVU9
  84 0002 FFF7FEFF 		bl	__errno
  85              	.LVL1:
  86              		.loc 1 58 9 is_stmt 0 discriminator 1 view .LVU10
  87 0006 1623     		movs	r3, #22
  88 0008 0360     		str	r3, [r0]
  59:Core/Src/syscalls.c ****   return -1;
  89              		.loc 1 59 3 is_stmt 1 view .LVU11
  60:Core/Src/syscalls.c **** }
  90              		.loc 1 60 1 is_stmt 0 view .LVU12
  91 000a 4FF0FF30 		mov	r0, #-1
  92 000e 08BD     		pop	{r3, pc}
  93              		.cfi_endproc
  94              	.LFE27:
  96              		.section	.text._exit,"ax",%progbits
  97              		.align	1
  98              		.global	_exit
  99              		.syntax unified
 100              		.thumb
 101              		.thumb_func
 103              	_exit:
 104              	.LVL2:
 105              	.LFB28:
  61:Core/Src/syscalls.c **** 
  62:Core/Src/syscalls.c **** void _exit (int status)
  63:Core/Src/syscalls.c **** {
 106              		.loc 1 63 1 is_stmt 1 view -0
 107              		.cfi_startproc
 108              		@ Volatile: function does not return.
 109              		@ args = 0, pretend = 0, frame = 0
 110              		@ frame_needed = 0, uses_anonymous_args = 0
 111              		.loc 1 63 1 is_stmt 0 view .LVU14
 112 0000 08B5     		push	{r3, lr}
 113              	.LCFI1:
 114              		.cfi_def_cfa_offset 8
 115              		.cfi_offset 3, -8
ARM GAS  C:\usertemp\ccSYpK96.s 			page 4


 116              		.cfi_offset 14, -4
  64:Core/Src/syscalls.c ****   _kill(status, -1);
 117              		.loc 1 64 3 is_stmt 1 view .LVU15
 118 0002 4FF0FF31 		mov	r1, #-1
 119 0006 FFF7FEFF 		bl	_kill
 120              	.LVL3:
 121              	.L6:
  65:Core/Src/syscalls.c ****   while (1) {}    /* Make sure we hang here */
 122              		.loc 1 65 3 view .LVU16
 123              		.loc 1 65 14 view .LVU17
 124              		.loc 1 65 9 view .LVU18
 125 000a FEE7     		b	.L6
 126              		.cfi_endproc
 127              	.LFE28:
 129              		.section	.text._read,"ax",%progbits
 130              		.align	1
 131              		.weak	_read
 132              		.syntax unified
 133              		.thumb
 134              		.thumb_func
 136              	_read:
 137              	.LVL4:
 138              	.LFB29:
  66:Core/Src/syscalls.c **** }
  67:Core/Src/syscalls.c **** 
  68:Core/Src/syscalls.c **** __attribute__((weak)) int _read(int file, char *ptr, int len)
  69:Core/Src/syscalls.c **** {
 139              		.loc 1 69 1 view -0
 140              		.cfi_startproc
 141              		@ args = 0, pretend = 0, frame = 0
 142              		@ frame_needed = 0, uses_anonymous_args = 0
 143              		.loc 1 69 1 is_stmt 0 view .LVU20
 144 0000 70B5     		push	{r4, r5, r6, lr}
 145              	.LCFI2:
 146              		.cfi_def_cfa_offset 16
 147              		.cfi_offset 4, -16
 148              		.cfi_offset 5, -12
 149              		.cfi_offset 6, -8
 150              		.cfi_offset 14, -4
 151 0002 0C46     		mov	r4, r1
 152 0004 1646     		mov	r6, r2
  70:Core/Src/syscalls.c ****   (void)file;
 153              		.loc 1 70 3 is_stmt 1 view .LVU21
  71:Core/Src/syscalls.c ****   int DataIdx;
 154              		.loc 1 71 3 view .LVU22
  72:Core/Src/syscalls.c **** 
  73:Core/Src/syscalls.c ****   for (DataIdx = 0; DataIdx < len; DataIdx++)
 155              		.loc 1 73 3 view .LVU23
 156              	.LVL5:
 157              		.loc 1 73 16 is_stmt 0 view .LVU24
 158 0006 0025     		movs	r5, #0
 159              		.loc 1 73 3 view .LVU25
 160 0008 06E0     		b	.L9
 161              	.LVL6:
 162              	.L10:
  74:Core/Src/syscalls.c ****   {
  75:Core/Src/syscalls.c ****     *ptr++ = __io_getchar();
ARM GAS  C:\usertemp\ccSYpK96.s 			page 5


 163              		.loc 1 75 5 is_stmt 1 view .LVU26
 164              		.loc 1 75 14 is_stmt 0 view .LVU27
 165 000a FFF7FEFF 		bl	__io_getchar
 166              	.LVL7:
 167              		.loc 1 75 9 discriminator 1 view .LVU28
 168 000e 2146     		mov	r1, r4
 169              	.LVL8:
 170              		.loc 1 75 12 discriminator 1 view .LVU29
 171 0010 01F8010B 		strb	r0, [r1], #1
 172              	.LVL9:
  73:Core/Src/syscalls.c ****   {
 173              		.loc 1 73 43 is_stmt 1 discriminator 3 view .LVU30
 174 0014 0135     		adds	r5, r5, #1
 175              	.LVL10:
 176              		.loc 1 75 9 is_stmt 0 discriminator 1 view .LVU31
 177 0016 0C46     		mov	r4, r1
 178              	.LVL11:
 179              	.L9:
  73:Core/Src/syscalls.c ****   {
 180              		.loc 1 73 29 is_stmt 1 discriminator 1 view .LVU32
 181 0018 B542     		cmp	r5, r6
 182 001a F6DB     		blt	.L10
  76:Core/Src/syscalls.c ****   }
  77:Core/Src/syscalls.c **** 
  78:Core/Src/syscalls.c ****   return len;
 183              		.loc 1 78 3 view .LVU33
  79:Core/Src/syscalls.c **** }
 184              		.loc 1 79 1 is_stmt 0 view .LVU34
 185 001c 3046     		mov	r0, r6
 186 001e 70BD     		pop	{r4, r5, r6, pc}
 187              		.loc 1 79 1 view .LVU35
 188              		.cfi_endproc
 189              	.LFE29:
 191              		.section	.text._write,"ax",%progbits
 192              		.align	1
 193              		.weak	_write
 194              		.syntax unified
 195              		.thumb
 196              		.thumb_func
 198              	_write:
 199              	.LVL12:
 200              	.LFB30:
  80:Core/Src/syscalls.c **** 
  81:Core/Src/syscalls.c **** __attribute__((weak)) int _write(int file, char *ptr, int len)
  82:Core/Src/syscalls.c **** {
 201              		.loc 1 82 1 is_stmt 1 view -0
 202              		.cfi_startproc
 203              		@ args = 0, pretend = 0, frame = 0
 204              		@ frame_needed = 0, uses_anonymous_args = 0
 205              		.loc 1 82 1 is_stmt 0 view .LVU37
 206 0000 70B5     		push	{r4, r5, r6, lr}
 207              	.LCFI3:
 208              		.cfi_def_cfa_offset 16
 209              		.cfi_offset 4, -16
 210              		.cfi_offset 5, -12
 211              		.cfi_offset 6, -8
 212              		.cfi_offset 14, -4
ARM GAS  C:\usertemp\ccSYpK96.s 			page 6


 213 0002 0C46     		mov	r4, r1
 214 0004 1646     		mov	r6, r2
  83:Core/Src/syscalls.c ****   (void)file;
 215              		.loc 1 83 3 is_stmt 1 view .LVU38
  84:Core/Src/syscalls.c ****   int DataIdx;
 216              		.loc 1 84 3 view .LVU39
  85:Core/Src/syscalls.c **** 
  86:Core/Src/syscalls.c ****   for (DataIdx = 0; DataIdx < len; DataIdx++)
 217              		.loc 1 86 3 view .LVU40
 218              	.LVL13:
 219              		.loc 1 86 16 is_stmt 0 view .LVU41
 220 0006 0025     		movs	r5, #0
 221              		.loc 1 86 3 view .LVU42
 222 0008 04E0     		b	.L13
 223              	.LVL14:
 224              	.L14:
  87:Core/Src/syscalls.c ****   {
  88:Core/Src/syscalls.c ****     __io_putchar(*ptr++);
 225              		.loc 1 88 5 is_stmt 1 view .LVU43
 226              		.loc 1 88 5 is_stmt 0 view .LVU44
 227 000a 14F8010B 		ldrb	r0, [r4], #1	@ zero_extendqisi2
 228              	.LVL15:
 229              		.loc 1 88 5 view .LVU45
 230 000e FFF7FEFF 		bl	__io_putchar
 231              	.LVL16:
  86:Core/Src/syscalls.c ****   {
 232              		.loc 1 86 43 is_stmt 1 discriminator 3 view .LVU46
 233 0012 0135     		adds	r5, r5, #1
 234              	.LVL17:
 235              	.L13:
  86:Core/Src/syscalls.c ****   {
 236              		.loc 1 86 29 discriminator 1 view .LVU47
 237 0014 B542     		cmp	r5, r6
 238 0016 F8DB     		blt	.L14
  89:Core/Src/syscalls.c ****   }
  90:Core/Src/syscalls.c ****   return len;
 239              		.loc 1 90 3 view .LVU48
  91:Core/Src/syscalls.c **** }
 240              		.loc 1 91 1 is_stmt 0 view .LVU49
 241 0018 3046     		mov	r0, r6
 242 001a 70BD     		pop	{r4, r5, r6, pc}
 243              		.loc 1 91 1 view .LVU50
 244              		.cfi_endproc
 245              	.LFE30:
 247              		.section	.text._close,"ax",%progbits
 248              		.align	1
 249              		.global	_close
 250              		.syntax unified
 251              		.thumb
 252              		.thumb_func
 254              	_close:
 255              	.LVL18:
 256              	.LFB31:
  92:Core/Src/syscalls.c **** 
  93:Core/Src/syscalls.c **** int _close(int file)
  94:Core/Src/syscalls.c **** {
 257              		.loc 1 94 1 is_stmt 1 view -0
ARM GAS  C:\usertemp\ccSYpK96.s 			page 7


 258              		.cfi_startproc
 259              		@ args = 0, pretend = 0, frame = 0
 260              		@ frame_needed = 0, uses_anonymous_args = 0
 261              		@ link register save eliminated.
  95:Core/Src/syscalls.c ****   (void)file;
 262              		.loc 1 95 3 view .LVU52
  96:Core/Src/syscalls.c ****   return -1;
 263              		.loc 1 96 3 view .LVU53
  97:Core/Src/syscalls.c **** }
 264              		.loc 1 97 1 is_stmt 0 view .LVU54
 265 0000 4FF0FF30 		mov	r0, #-1
 266              	.LVL19:
 267              		.loc 1 97 1 view .LVU55
 268 0004 7047     		bx	lr
 269              		.cfi_endproc
 270              	.LFE31:
 272              		.section	.text._fstat,"ax",%progbits
 273              		.align	1
 274              		.global	_fstat
 275              		.syntax unified
 276              		.thumb
 277              		.thumb_func
 279              	_fstat:
 280              	.LVL20:
 281              	.LFB32:
  98:Core/Src/syscalls.c **** 
  99:Core/Src/syscalls.c **** 
 100:Core/Src/syscalls.c **** int _fstat(int file, struct stat *st)
 101:Core/Src/syscalls.c **** {
 282              		.loc 1 101 1 is_stmt 1 view -0
 283              		.cfi_startproc
 284              		@ args = 0, pretend = 0, frame = 0
 285              		@ frame_needed = 0, uses_anonymous_args = 0
 286              		@ link register save eliminated.
 102:Core/Src/syscalls.c ****   (void)file;
 287              		.loc 1 102 3 view .LVU57
 103:Core/Src/syscalls.c ****   st->st_mode = S_IFCHR;
 288              		.loc 1 103 3 view .LVU58
 289              		.loc 1 103 15 is_stmt 0 view .LVU59
 290 0000 4FF40053 		mov	r3, #8192
 291 0004 4B60     		str	r3, [r1, #4]
 104:Core/Src/syscalls.c ****   return 0;
 292              		.loc 1 104 3 is_stmt 1 view .LVU60
 105:Core/Src/syscalls.c **** }
 293              		.loc 1 105 1 is_stmt 0 view .LVU61
 294 0006 0020     		movs	r0, #0
 295              	.LVL21:
 296              		.loc 1 105 1 view .LVU62
 297 0008 7047     		bx	lr
 298              		.cfi_endproc
 299              	.LFE32:
 301              		.section	.text._isatty,"ax",%progbits
 302              		.align	1
 303              		.global	_isatty
 304              		.syntax unified
 305              		.thumb
 306              		.thumb_func
ARM GAS  C:\usertemp\ccSYpK96.s 			page 8


 308              	_isatty:
 309              	.LVL22:
 310              	.LFB33:
 106:Core/Src/syscalls.c **** 
 107:Core/Src/syscalls.c **** int _isatty(int file)
 108:Core/Src/syscalls.c **** {
 311              		.loc 1 108 1 is_stmt 1 view -0
 312              		.cfi_startproc
 313              		@ args = 0, pretend = 0, frame = 0
 314              		@ frame_needed = 0, uses_anonymous_args = 0
 315              		@ link register save eliminated.
 109:Core/Src/syscalls.c ****   (void)file;
 316              		.loc 1 109 3 view .LVU64
 110:Core/Src/syscalls.c ****   return 1;
 317              		.loc 1 110 3 view .LVU65
 111:Core/Src/syscalls.c **** }
 318              		.loc 1 111 1 is_stmt 0 view .LVU66
 319 0000 0120     		movs	r0, #1
 320              	.LVL23:
 321              		.loc 1 111 1 view .LVU67
 322 0002 7047     		bx	lr
 323              		.cfi_endproc
 324              	.LFE33:
 326              		.section	.text._lseek,"ax",%progbits
 327              		.align	1
 328              		.global	_lseek
 329              		.syntax unified
 330              		.thumb
 331              		.thumb_func
 333              	_lseek:
 334              	.LVL24:
 335              	.LFB34:
 112:Core/Src/syscalls.c **** 
 113:Core/Src/syscalls.c **** int _lseek(int file, int ptr, int dir)
 114:Core/Src/syscalls.c **** {
 336              		.loc 1 114 1 is_stmt 1 view -0
 337              		.cfi_startproc
 338              		@ args = 0, pretend = 0, frame = 0
 339              		@ frame_needed = 0, uses_anonymous_args = 0
 340              		@ link register save eliminated.
 115:Core/Src/syscalls.c ****   (void)file;
 341              		.loc 1 115 3 view .LVU69
 116:Core/Src/syscalls.c ****   (void)ptr;
 342              		.loc 1 116 3 view .LVU70
 117:Core/Src/syscalls.c ****   (void)dir;
 343              		.loc 1 117 3 view .LVU71
 118:Core/Src/syscalls.c ****   return 0;
 344              		.loc 1 118 3 view .LVU72
 119:Core/Src/syscalls.c **** }
 345              		.loc 1 119 1 is_stmt 0 view .LVU73
 346 0000 0020     		movs	r0, #0
 347              	.LVL25:
 348              		.loc 1 119 1 view .LVU74
 349 0002 7047     		bx	lr
 350              		.cfi_endproc
 351              	.LFE34:
 353              		.section	.text._open,"ax",%progbits
ARM GAS  C:\usertemp\ccSYpK96.s 			page 9


 354              		.align	1
 355              		.global	_open
 356              		.syntax unified
 357              		.thumb
 358              		.thumb_func
 360              	_open:
 361              	.LVL26:
 362              	.LFB35:
 120:Core/Src/syscalls.c **** 
 121:Core/Src/syscalls.c **** int _open(char *path, int flags, ...)
 122:Core/Src/syscalls.c **** {
 363              		.loc 1 122 1 is_stmt 1 view -0
 364              		.cfi_startproc
 365              		@ args = 4, pretend = 12, frame = 0
 366              		@ frame_needed = 0, uses_anonymous_args = 1
 367              		@ link register save eliminated.
 368              		.loc 1 122 1 is_stmt 0 view .LVU76
 369 0000 0EB4     		push	{r1, r2, r3}
 370              	.LCFI4:
 371              		.cfi_def_cfa_offset 12
 372              		.cfi_offset 1, -12
 373              		.cfi_offset 2, -8
 374              		.cfi_offset 3, -4
 123:Core/Src/syscalls.c ****   (void)path;
 375              		.loc 1 123 3 is_stmt 1 view .LVU77
 124:Core/Src/syscalls.c ****   (void)flags;
 376              		.loc 1 124 3 view .LVU78
 125:Core/Src/syscalls.c ****   /* Pretend like we always fail */
 126:Core/Src/syscalls.c ****   return -1;
 377              		.loc 1 126 3 view .LVU79
 127:Core/Src/syscalls.c **** }
 378              		.loc 1 127 1 is_stmt 0 view .LVU80
 379 0002 4FF0FF30 		mov	r0, #-1
 380              	.LVL27:
 381              		.loc 1 127 1 view .LVU81
 382 0006 03B0     		add	sp, sp, #12
 383              	.LCFI5:
 384              		.cfi_restore 3
 385              		.cfi_restore 2
 386              		.cfi_restore 1
 387              		.cfi_def_cfa_offset 0
 388 0008 7047     		bx	lr
 389              		.cfi_endproc
 390              	.LFE35:
 392              		.section	.text._wait,"ax",%progbits
 393              		.align	1
 394              		.global	_wait
 395              		.syntax unified
 396              		.thumb
 397              		.thumb_func
 399              	_wait:
 400              	.LVL28:
 401              	.LFB36:
 128:Core/Src/syscalls.c **** 
 129:Core/Src/syscalls.c **** int _wait(int *status)
 130:Core/Src/syscalls.c **** {
 402              		.loc 1 130 1 is_stmt 1 view -0
ARM GAS  C:\usertemp\ccSYpK96.s 			page 10


 403              		.cfi_startproc
 404              		@ args = 0, pretend = 0, frame = 0
 405              		@ frame_needed = 0, uses_anonymous_args = 0
 406              		.loc 1 130 1 is_stmt 0 view .LVU83
 407 0000 08B5     		push	{r3, lr}
 408              	.LCFI6:
 409              		.cfi_def_cfa_offset 8
 410              		.cfi_offset 3, -8
 411              		.cfi_offset 14, -4
 131:Core/Src/syscalls.c ****   (void)status;
 412              		.loc 1 131 3 is_stmt 1 view .LVU84
 132:Core/Src/syscalls.c ****   errno = ECHILD;
 413              		.loc 1 132 3 view .LVU85
 414 0002 FFF7FEFF 		bl	__errno
 415              	.LVL29:
 416              		.loc 1 132 9 is_stmt 0 discriminator 1 view .LVU86
 417 0006 0A23     		movs	r3, #10
 418 0008 0360     		str	r3, [r0]
 133:Core/Src/syscalls.c ****   return -1;
 419              		.loc 1 133 3 is_stmt 1 view .LVU87
 134:Core/Src/syscalls.c **** }
 420              		.loc 1 134 1 is_stmt 0 view .LVU88
 421 000a 4FF0FF30 		mov	r0, #-1
 422 000e 08BD     		pop	{r3, pc}
 423              		.cfi_endproc
 424              	.LFE36:
 426              		.section	.text._unlink,"ax",%progbits
 427              		.align	1
 428              		.global	_unlink
 429              		.syntax unified
 430              		.thumb
 431              		.thumb_func
 433              	_unlink:
 434              	.LVL30:
 435              	.LFB37:
 135:Core/Src/syscalls.c **** 
 136:Core/Src/syscalls.c **** int _unlink(char *name)
 137:Core/Src/syscalls.c **** {
 436              		.loc 1 137 1 is_stmt 1 view -0
 437              		.cfi_startproc
 438              		@ args = 0, pretend = 0, frame = 0
 439              		@ frame_needed = 0, uses_anonymous_args = 0
 440              		.loc 1 137 1 is_stmt 0 view .LVU90
 441 0000 08B5     		push	{r3, lr}
 442              	.LCFI7:
 443              		.cfi_def_cfa_offset 8
 444              		.cfi_offset 3, -8
 445              		.cfi_offset 14, -4
 138:Core/Src/syscalls.c ****   (void)name;
 446              		.loc 1 138 3 is_stmt 1 view .LVU91
 139:Core/Src/syscalls.c ****   errno = ENOENT;
 447              		.loc 1 139 3 view .LVU92
 448 0002 FFF7FEFF 		bl	__errno
 449              	.LVL31:
 450              		.loc 1 139 9 is_stmt 0 discriminator 1 view .LVU93
 451 0006 0223     		movs	r3, #2
 452 0008 0360     		str	r3, [r0]
ARM GAS  C:\usertemp\ccSYpK96.s 			page 11


 140:Core/Src/syscalls.c ****   return -1;
 453              		.loc 1 140 3 is_stmt 1 view .LVU94
 141:Core/Src/syscalls.c **** }
 454              		.loc 1 141 1 is_stmt 0 view .LVU95
 455 000a 4FF0FF30 		mov	r0, #-1
 456 000e 08BD     		pop	{r3, pc}
 457              		.cfi_endproc
 458              	.LFE37:
 460              		.section	.text._times,"ax",%progbits
 461              		.align	1
 462              		.global	_times
 463              		.syntax unified
 464              		.thumb
 465              		.thumb_func
 467              	_times:
 468              	.LVL32:
 469              	.LFB38:
 142:Core/Src/syscalls.c **** 
 143:Core/Src/syscalls.c **** clock_t _times(struct tms *buf)
 144:Core/Src/syscalls.c **** {
 470              		.loc 1 144 1 is_stmt 1 view -0
 471              		.cfi_startproc
 472              		@ args = 0, pretend = 0, frame = 0
 473              		@ frame_needed = 0, uses_anonymous_args = 0
 474              		@ link register save eliminated.
 145:Core/Src/syscalls.c ****   (void)buf;
 475              		.loc 1 145 3 view .LVU97
 146:Core/Src/syscalls.c ****   return -1;
 476              		.loc 1 146 3 view .LVU98
 147:Core/Src/syscalls.c **** }
 477              		.loc 1 147 1 is_stmt 0 view .LVU99
 478 0000 4FF0FF30 		mov	r0, #-1
 479              	.LVL33:
 480              		.loc 1 147 1 view .LVU100
 481 0004 7047     		bx	lr
 482              		.cfi_endproc
 483              	.LFE38:
 485              		.section	.text._stat,"ax",%progbits
 486              		.align	1
 487              		.global	_stat
 488              		.syntax unified
 489              		.thumb
 490              		.thumb_func
 492              	_stat:
 493              	.LVL34:
 494              	.LFB39:
 148:Core/Src/syscalls.c **** 
 149:Core/Src/syscalls.c **** int _stat(const char *file, struct stat *st)
 150:Core/Src/syscalls.c **** {
 495              		.loc 1 150 1 is_stmt 1 view -0
 496              		.cfi_startproc
 497              		@ args = 0, pretend = 0, frame = 0
 498              		@ frame_needed = 0, uses_anonymous_args = 0
 499              		@ link register save eliminated.
 151:Core/Src/syscalls.c ****   (void)file;
 500              		.loc 1 151 3 view .LVU102
 152:Core/Src/syscalls.c ****   st->st_mode = S_IFCHR;
ARM GAS  C:\usertemp\ccSYpK96.s 			page 12


 501              		.loc 1 152 3 view .LVU103
 502              		.loc 1 152 15 is_stmt 0 view .LVU104
 503 0000 4FF40053 		mov	r3, #8192
 504 0004 4B60     		str	r3, [r1, #4]
 153:Core/Src/syscalls.c ****   return 0;
 505              		.loc 1 153 3 is_stmt 1 view .LVU105
 154:Core/Src/syscalls.c **** }
 506              		.loc 1 154 1 is_stmt 0 view .LVU106
 507 0006 0020     		movs	r0, #0
 508              	.LVL35:
 509              		.loc 1 154 1 view .LVU107
 510 0008 7047     		bx	lr
 511              		.cfi_endproc
 512              	.LFE39:
 514              		.section	.text._link,"ax",%progbits
 515              		.align	1
 516              		.global	_link
 517              		.syntax unified
 518              		.thumb
 519              		.thumb_func
 521              	_link:
 522              	.LVL36:
 523              	.LFB40:
 155:Core/Src/syscalls.c **** 
 156:Core/Src/syscalls.c **** int _link(char *old, char *new)
 157:Core/Src/syscalls.c **** {
 524              		.loc 1 157 1 is_stmt 1 view -0
 525              		.cfi_startproc
 526              		@ args = 0, pretend = 0, frame = 0
 527              		@ frame_needed = 0, uses_anonymous_args = 0
 528              		.loc 1 157 1 is_stmt 0 view .LVU109
 529 0000 08B5     		push	{r3, lr}
 530              	.LCFI8:
 531              		.cfi_def_cfa_offset 8
 532              		.cfi_offset 3, -8
 533              		.cfi_offset 14, -4
 158:Core/Src/syscalls.c ****   (void)old;
 534              		.loc 1 158 3 is_stmt 1 view .LVU110
 159:Core/Src/syscalls.c ****   (void)new;
 535              		.loc 1 159 3 view .LVU111
 160:Core/Src/syscalls.c ****   errno = EMLINK;
 536              		.loc 1 160 3 view .LVU112
 537 0002 FFF7FEFF 		bl	__errno
 538              	.LVL37:
 539              		.loc 1 160 9 is_stmt 0 discriminator 1 view .LVU113
 540 0006 1F23     		movs	r3, #31
 541 0008 0360     		str	r3, [r0]
 161:Core/Src/syscalls.c ****   return -1;
 542              		.loc 1 161 3 is_stmt 1 view .LVU114
 162:Core/Src/syscalls.c **** }
 543              		.loc 1 162 1 is_stmt 0 view .LVU115
 544 000a 4FF0FF30 		mov	r0, #-1
 545 000e 08BD     		pop	{r3, pc}
 546              		.cfi_endproc
 547              	.LFE40:
 549              		.section	.text._fork,"ax",%progbits
 550              		.align	1
ARM GAS  C:\usertemp\ccSYpK96.s 			page 13


 551              		.global	_fork
 552              		.syntax unified
 553              		.thumb
 554              		.thumb_func
 556              	_fork:
 557              	.LFB41:
 163:Core/Src/syscalls.c **** 
 164:Core/Src/syscalls.c **** int _fork(void)
 165:Core/Src/syscalls.c **** {
 558              		.loc 1 165 1 is_stmt 1 view -0
 559              		.cfi_startproc
 560              		@ args = 0, pretend = 0, frame = 0
 561              		@ frame_needed = 0, uses_anonymous_args = 0
 562 0000 08B5     		push	{r3, lr}
 563              	.LCFI9:
 564              		.cfi_def_cfa_offset 8
 565              		.cfi_offset 3, -8
 566              		.cfi_offset 14, -4
 166:Core/Src/syscalls.c ****   errno = EAGAIN;
 567              		.loc 1 166 3 view .LVU117
 568 0002 FFF7FEFF 		bl	__errno
 569              	.LVL38:
 570              		.loc 1 166 9 is_stmt 0 discriminator 1 view .LVU118
 571 0006 0B23     		movs	r3, #11
 572 0008 0360     		str	r3, [r0]
 167:Core/Src/syscalls.c ****   return -1;
 573              		.loc 1 167 3 is_stmt 1 view .LVU119
 168:Core/Src/syscalls.c **** }
 574              		.loc 1 168 1 is_stmt 0 view .LVU120
 575 000a 4FF0FF30 		mov	r0, #-1
 576 000e 08BD     		pop	{r3, pc}
 577              		.cfi_endproc
 578              	.LFE41:
 580              		.section	.text._execve,"ax",%progbits
 581              		.align	1
 582              		.global	_execve
 583              		.syntax unified
 584              		.thumb
 585              		.thumb_func
 587              	_execve:
 588              	.LVL39:
 589              	.LFB42:
 169:Core/Src/syscalls.c **** 
 170:Core/Src/syscalls.c **** int _execve(char *name, char **argv, char **env)
 171:Core/Src/syscalls.c **** {
 590              		.loc 1 171 1 is_stmt 1 view -0
 591              		.cfi_startproc
 592              		@ args = 0, pretend = 0, frame = 0
 593              		@ frame_needed = 0, uses_anonymous_args = 0
 594              		.loc 1 171 1 is_stmt 0 view .LVU122
 595 0000 08B5     		push	{r3, lr}
 596              	.LCFI10:
 597              		.cfi_def_cfa_offset 8
 598              		.cfi_offset 3, -8
 599              		.cfi_offset 14, -4
 172:Core/Src/syscalls.c ****   (void)name;
 600              		.loc 1 172 3 is_stmt 1 view .LVU123
ARM GAS  C:\usertemp\ccSYpK96.s 			page 14


 173:Core/Src/syscalls.c ****   (void)argv;
 601              		.loc 1 173 3 view .LVU124
 174:Core/Src/syscalls.c ****   (void)env;
 602              		.loc 1 174 3 view .LVU125
 175:Core/Src/syscalls.c ****   errno = ENOMEM;
 603              		.loc 1 175 3 view .LVU126
 604 0002 FFF7FEFF 		bl	__errno
 605              	.LVL40:
 606              		.loc 1 175 9 is_stmt 0 discriminator 1 view .LVU127
 607 0006 0C23     		movs	r3, #12
 608 0008 0360     		str	r3, [r0]
 176:Core/Src/syscalls.c ****   return -1;
 609              		.loc 1 176 3 is_stmt 1 view .LVU128
 177:Core/Src/syscalls.c **** }
 610              		.loc 1 177 1 is_stmt 0 view .LVU129
 611 000a 4FF0FF30 		mov	r0, #-1
 612 000e 08BD     		pop	{r3, pc}
 613              		.cfi_endproc
 614              	.LFE42:
 616              		.section	.text.__2printf,"ax",%progbits
 617              		.align	1
 618              		.global	__2printf
 619              		.syntax unified
 620              		.thumb
 621              		.thumb_func
 623              	__2printf:
 624              	.LVL41:
 625              	.LFB43:
 178:Core/Src/syscalls.c **** 
 179:Core/Src/syscalls.c **** // --- Picolibc Specific Section ---
 180:Core/Src/syscalls.c **** #if defined(__PICOLIBC__)
 181:Core/Src/syscalls.c **** 
 182:Core/Src/syscalls.c **** /**
 183:Core/Src/syscalls.c ****  * @brief Picolibc helper function to output a character to a FILE stream.
 184:Core/Src/syscalls.c ****  *        This redirects the output to the low-level __io_putchar function.
 185:Core/Src/syscalls.c ****  * @param c Character to write.
 186:Core/Src/syscalls.c ****  * @param file FILE stream pointer (ignored).
 187:Core/Src/syscalls.c ****  * @retval int The character written.
 188:Core/Src/syscalls.c ****  */
 189:Core/Src/syscalls.c **** static int starm_putc(char c, FILE *file)
 190:Core/Src/syscalls.c **** {
 191:Core/Src/syscalls.c **** 	(void) file;
 192:Core/Src/syscalls.c ****   __io_putchar(c);
 193:Core/Src/syscalls.c **** 	return c;
 194:Core/Src/syscalls.c **** }
 195:Core/Src/syscalls.c **** 
 196:Core/Src/syscalls.c **** /**
 197:Core/Src/syscalls.c ****  * @brief Picolibc helper function to input a character from a FILE stream.
 198:Core/Src/syscalls.c ****  *        This redirects the input from the low-level __io_getchar function.
 199:Core/Src/syscalls.c ****  * @param file FILE stream pointer (ignored).
 200:Core/Src/syscalls.c ****  * @retval int The character read, cast to an unsigned char then int.
 201:Core/Src/syscalls.c ****  */
 202:Core/Src/syscalls.c **** static int starm_getc(FILE *file)
 203:Core/Src/syscalls.c **** {
 204:Core/Src/syscalls.c **** 	unsigned char c;
 205:Core/Src/syscalls.c **** 	(void) file;
 206:Core/Src/syscalls.c ****   c = __io_getchar();
ARM GAS  C:\usertemp\ccSYpK96.s 			page 15


 207:Core/Src/syscalls.c **** 	return c;
 208:Core/Src/syscalls.c **** }
 209:Core/Src/syscalls.c **** 
 210:Core/Src/syscalls.c **** // Define and initialize the standard I/O streams for Picolibc.
 211:Core/Src/syscalls.c **** // FDEV_SETUP_STREAM connects the starm_putc and starm_getc helper functions to a FILE structure.
 212:Core/Src/syscalls.c **** // _FDEV_SETUP_RW indicates the stream is for reading and writing.
 213:Core/Src/syscalls.c **** static FILE __stdio = FDEV_SETUP_STREAM(starm_putc,
 214:Core/Src/syscalls.c **** 					starm_getc,
 215:Core/Src/syscalls.c **** 					NULL,
 216:Core/Src/syscalls.c **** 					_FDEV_SETUP_RW);
 217:Core/Src/syscalls.c **** 
 218:Core/Src/syscalls.c **** // Assign the standard stream pointers (stdin, stdout, stderr) to the initialized stream.
 219:Core/Src/syscalls.c **** // Picolibc uses these pointers for standard I/O operations (printf, scanf, etc.).
 220:Core/Src/syscalls.c **** FILE *const stdin = &__stdio;
 221:Core/Src/syscalls.c **** __strong_reference(stdin, stdout);
 222:Core/Src/syscalls.c **** __strong_reference(stdin, stderr);
 223:Core/Src/syscalls.c **** 
 224:Core/Src/syscalls.c **** // Create strong aliases mapping standard C library function names (without underscore)
 225:Core/Src/syscalls.c **** // to the implemented system call stubs (with underscore). Picolibc uses these
 226:Core/Src/syscalls.c **** // standard names internally, so this linking is required.
 227:Core/Src/syscalls.c **** __strong_reference(_read, read);
 228:Core/Src/syscalls.c **** __strong_reference(_write, write);
 229:Core/Src/syscalls.c **** __strong_reference(_times, times);
 230:Core/Src/syscalls.c **** __strong_reference(_execve, execve);
 231:Core/Src/syscalls.c **** __strong_reference(_fork, fork);
 232:Core/Src/syscalls.c **** __strong_reference(_link, link);
 233:Core/Src/syscalls.c **** __strong_reference(_unlink, unlink);
 234:Core/Src/syscalls.c **** __strong_reference(_stat, stat);
 235:Core/Src/syscalls.c **** __strong_reference(_wait, wait);
 236:Core/Src/syscalls.c **** __strong_reference(_open, open);
 237:Core/Src/syscalls.c **** __strong_reference(_close, close);
 238:Core/Src/syscalls.c **** __strong_reference(_lseek, lseek);
 239:Core/Src/syscalls.c **** __strong_reference(_isatty, isatty);
 240:Core/Src/syscalls.c **** __strong_reference(_fstat, fstat);
 241:Core/Src/syscalls.c **** __strong_reference(_exit, exit);
 242:Core/Src/syscalls.c **** __strong_reference(_kill, kill);
 243:Core/Src/syscalls.c **** __strong_reference(_getpid, getpid);
 244:Core/Src/syscalls.c **** 
 245:Core/Src/syscalls.c **** #endif //__PICOLIBC__
 246:Core/Src/syscalls.c **** 
 247:Core/Src/syscalls.c **** // --- Keil/IAR printf compatibility for libirtemp.lib ---
 248:Core/Src/syscalls.c **** /**
 249:Core/Src/syscalls.c ****  * @brief Keil/IAR printf compatibility function.
 250:Core/Src/syscalls.c ****  *        This function is required by libirtemp.lib which was compiled with Keil/IAR compiler.
 251:Core/Src/syscalls.c ****  *        It redirects __2printf calls to standard printf.
 252:Core/Src/syscalls.c ****  * @param format Format string (same as printf).
 253:Core/Src/syscalls.c ****  * @param ... Variable arguments.
 254:Core/Src/syscalls.c ****  * @retval int Number of characters printed.
 255:Core/Src/syscalls.c ****  */
 256:Core/Src/syscalls.c **** int __2printf(const char *format, ...)
 257:Core/Src/syscalls.c **** {
 626              		.loc 1 257 1 is_stmt 1 view -0
 627              		.cfi_startproc
 628              		@ args = 4, pretend = 16, frame = 8
 629              		@ frame_needed = 0, uses_anonymous_args = 1
 630              		.loc 1 257 1 is_stmt 0 view .LVU131
 631 0000 0FB4     		push	{r0, r1, r2, r3}
ARM GAS  C:\usertemp\ccSYpK96.s 			page 16


 632              	.LCFI11:
 633              		.cfi_def_cfa_offset 16
 634              		.cfi_offset 0, -16
 635              		.cfi_offset 1, -12
 636              		.cfi_offset 2, -8
 637              		.cfi_offset 3, -4
 638 0002 00B5     		push	{lr}
 639              	.LCFI12:
 640              		.cfi_def_cfa_offset 20
 641              		.cfi_offset 14, -20
 642 0004 83B0     		sub	sp, sp, #12
 643              	.LCFI13:
 644              		.cfi_def_cfa_offset 32
 645 0006 04A9     		add	r1, sp, #16
 646 0008 51F8040B 		ldr	r0, [r1], #4
 258:Core/Src/syscalls.c ****   va_list args;
 647              		.loc 1 258 3 is_stmt 1 view .LVU132
 259:Core/Src/syscalls.c ****   int result;
 648              		.loc 1 259 3 view .LVU133
 260:Core/Src/syscalls.c ****   
 261:Core/Src/syscalls.c ****   va_start(args, format);
 649              		.loc 1 261 3 view .LVU134
 650 000c 0191     		str	r1, [sp, #4]
 262:Core/Src/syscalls.c ****   result = vprintf(format, args);
 651              		.loc 1 262 3 view .LVU135
 652              		.loc 1 262 12 is_stmt 0 view .LVU136
 653 000e FFF7FEFF 		bl	vprintf
 654              	.LVL42:
 263:Core/Src/syscalls.c ****   va_end(args);
 655              		.loc 1 263 3 is_stmt 1 view .LVU137
 264:Core/Src/syscalls.c ****   
 265:Core/Src/syscalls.c ****   return result;
 656              		.loc 1 265 3 view .LVU138
 266:Core/Src/syscalls.c **** }
 657              		.loc 1 266 1 is_stmt 0 view .LVU139
 658 0012 03B0     		add	sp, sp, #12
 659              	.LCFI14:
 660              		.cfi_def_cfa_offset 20
 661              		@ sp needed
 662 0014 5DF804EB 		ldr	lr, [sp], #4
 663              	.LCFI15:
 664              		.cfi_restore 14
 665              		.cfi_def_cfa_offset 16
 666 0018 04B0     		add	sp, sp, #16
 667              	.LCFI16:
 668              		.cfi_restore 3
 669              		.cfi_restore 2
 670              		.cfi_restore 1
 671              		.cfi_restore 0
 672              		.cfi_def_cfa_offset 0
 673 001a 7047     		bx	lr
 674              		.cfi_endproc
 675              	.LFE43:
 677              		.global	environ
 678              		.section	.data.environ,"aw"
 679              		.align	2
 682              	environ:
ARM GAS  C:\usertemp\ccSYpK96.s 			page 17


 683 0000 00000000 		.word	__env
 684              		.global	__env
 685              		.section	.bss.__env,"aw",%nobits
 686              		.align	2
 689              	__env:
 690 0000 00000000 		.space	4
 691              		.weak	__io_putchar
 692              		.weak	__io_getchar
 693              		.text
 694              	.Letext0:
 695              		.file 2 "D:/armtoolchain/arm-gnu-toolchain-13.3.rel1-mingw-w64-i686-arm-none-eabi/arm-none-eabi/in
 696              		.file 3 "D:/armtoolchain/arm-gnu-toolchain-13.3.rel1-mingw-w64-i686-arm-none-eabi/arm-none-eabi/in
 697              		.file 4 "D:/armtoolchain/arm-gnu-toolchain-13.3.rel1-mingw-w64-i686-arm-none-eabi/arm-none-eabi/in
 698              		.file 5 "D:/armtoolchain/arm-gnu-toolchain-13.3.rel1-mingw-w64-i686-arm-none-eabi/arm-none-eabi/in
 699              		.file 6 "D:/armtoolchain/arm-gnu-toolchain-13.3.rel1-mingw-w64-i686-arm-none-eabi/arm-none-eabi/in
 700              		.file 7 "D:/armtoolchain/arm-gnu-toolchain-13.3.rel1-mingw-w64-i686-arm-none-eabi/arm-none-eabi/in
 701              		.file 8 "D:/armtoolchain/arm-gnu-toolchain-13.3.rel1-mingw-w64-i686-arm-none-eabi/lib/gcc/arm-none
 702              		.file 9 "D:/armtoolchain/arm-gnu-toolchain-13.3.rel1-mingw-w64-i686-arm-none-eabi/arm-none-eabi/in
 703              		.file 10 "D:/armtoolchain/arm-gnu-toolchain-13.3.rel1-mingw-w64-i686-arm-none-eabi/arm-none-eabi/i
 704              		.file 11 "D:/armtoolchain/arm-gnu-toolchain-13.3.rel1-mingw-w64-i686-arm-none-eabi/arm-none-eabi/i
 705              		.file 12 "<built-in>"
ARM GAS  C:\usertemp\ccSYpK96.s 			page 18


DEFINED SYMBOLS
                            *ABS*:00000000 syscalls.c
C:\usertemp\ccSYpK96.s:22     .text.initialise_monitor_handles:00000000 $t
C:\usertemp\ccSYpK96.s:28     .text.initialise_monitor_handles:00000000 initialise_monitor_handles
C:\usertemp\ccSYpK96.s:41     .text._getpid:00000000 $t
C:\usertemp\ccSYpK96.s:47     .text._getpid:00000000 _getpid
C:\usertemp\ccSYpK96.s:62     .text._kill:00000000 $t
C:\usertemp\ccSYpK96.s:68     .text._kill:00000000 _kill
C:\usertemp\ccSYpK96.s:97     .text._exit:00000000 $t
C:\usertemp\ccSYpK96.s:103    .text._exit:00000000 _exit
C:\usertemp\ccSYpK96.s:130    .text._read:00000000 $t
C:\usertemp\ccSYpK96.s:136    .text._read:00000000 _read
C:\usertemp\ccSYpK96.s:192    .text._write:00000000 $t
C:\usertemp\ccSYpK96.s:198    .text._write:00000000 _write
C:\usertemp\ccSYpK96.s:248    .text._close:00000000 $t
C:\usertemp\ccSYpK96.s:254    .text._close:00000000 _close
C:\usertemp\ccSYpK96.s:273    .text._fstat:00000000 $t
C:\usertemp\ccSYpK96.s:279    .text._fstat:00000000 _fstat
C:\usertemp\ccSYpK96.s:302    .text._isatty:00000000 $t
C:\usertemp\ccSYpK96.s:308    .text._isatty:00000000 _isatty
C:\usertemp\ccSYpK96.s:327    .text._lseek:00000000 $t
C:\usertemp\ccSYpK96.s:333    .text._lseek:00000000 _lseek
C:\usertemp\ccSYpK96.s:354    .text._open:00000000 $t
C:\usertemp\ccSYpK96.s:360    .text._open:00000000 _open
C:\usertemp\ccSYpK96.s:393    .text._wait:00000000 $t
C:\usertemp\ccSYpK96.s:399    .text._wait:00000000 _wait
C:\usertemp\ccSYpK96.s:427    .text._unlink:00000000 $t
C:\usertemp\ccSYpK96.s:433    .text._unlink:00000000 _unlink
C:\usertemp\ccSYpK96.s:461    .text._times:00000000 $t
C:\usertemp\ccSYpK96.s:467    .text._times:00000000 _times
C:\usertemp\ccSYpK96.s:486    .text._stat:00000000 $t
C:\usertemp\ccSYpK96.s:492    .text._stat:00000000 _stat
C:\usertemp\ccSYpK96.s:515    .text._link:00000000 $t
C:\usertemp\ccSYpK96.s:521    .text._link:00000000 _link
C:\usertemp\ccSYpK96.s:550    .text._fork:00000000 $t
C:\usertemp\ccSYpK96.s:556    .text._fork:00000000 _fork
C:\usertemp\ccSYpK96.s:581    .text._execve:00000000 $t
C:\usertemp\ccSYpK96.s:587    .text._execve:00000000 _execve
C:\usertemp\ccSYpK96.s:617    .text.__2printf:00000000 $t
C:\usertemp\ccSYpK96.s:623    .text.__2printf:00000000 __2printf
C:\usertemp\ccSYpK96.s:682    .data.environ:00000000 environ
C:\usertemp\ccSYpK96.s:679    .data.environ:00000000 $d
C:\usertemp\ccSYpK96.s:689    .bss.__env:00000000 __env
C:\usertemp\ccSYpK96.s:686    .bss.__env:00000000 $d

UNDEFINED SYMBOLS
__errno
__io_getchar
__io_putchar
vprintf
