ARM GAS  C:\usertemp\cclIqTsb.s 			page 1


   1              		.cpu cortex-m33
   2              		.arch armv8-m.main
   3              		.fpu fpv4-sp-d16
   4              		.arch_extension dsp
   5              		.eabi_attribute 27, 1
   6              		.eabi_attribute 28, 1
   7              		.eabi_attribute 20, 1
   8              		.eabi_attribute 21, 1
   9              		.eabi_attribute 23, 3
  10              		.eabi_attribute 24, 1
  11              		.eabi_attribute 25, 1
  12              		.eabi_attribute 26, 1
  13              		.eabi_attribute 30, 1
  14              		.eabi_attribute 34, 1
  15              		.eabi_attribute 18, 4
  16              		.file	"tx_initialize_high_level.c"
  17              		.text
  18              	.Ltext0:
  19              		.cfi_sections	.debug_frame
  20              		.file 1 "Middlewares/ST/threadx/common/src/tx_initialize_high_level.c"
  21              		.section	.text._tx_initialize_high_level,"ax",%progbits
  22              		.align	1
  23              		.global	_tx_initialize_high_level
  24              		.syntax unified
  25              		.thumb
  26              		.thumb_func
  28              	_tx_initialize_high_level:
  29              	.LFB8:
   1:Middlewares/ST/threadx/common/src/tx_initialize_high_level.c **** /**************************************************************************/
   2:Middlewares/ST/threadx/common/src/tx_initialize_high_level.c **** /*                                                                        */
   3:Middlewares/ST/threadx/common/src/tx_initialize_high_level.c **** /*       Copyright (c) Microsoft Corporation. All rights reserved.        */
   4:Middlewares/ST/threadx/common/src/tx_initialize_high_level.c **** /*                                                                        */
   5:Middlewares/ST/threadx/common/src/tx_initialize_high_level.c **** /*       This software is licensed under the Microsoft Software License   */
   6:Middlewares/ST/threadx/common/src/tx_initialize_high_level.c **** /*       Terms for Microsoft Azure RTOS. Full text of the license can be  */
   7:Middlewares/ST/threadx/common/src/tx_initialize_high_level.c **** /*       found in the LICENSE file at https://aka.ms/AzureRTOS_EULA       */
   8:Middlewares/ST/threadx/common/src/tx_initialize_high_level.c **** /*       and in the root directory of this software.                      */
   9:Middlewares/ST/threadx/common/src/tx_initialize_high_level.c **** /*                                                                        */
  10:Middlewares/ST/threadx/common/src/tx_initialize_high_level.c **** /**************************************************************************/
  11:Middlewares/ST/threadx/common/src/tx_initialize_high_level.c **** 
  12:Middlewares/ST/threadx/common/src/tx_initialize_high_level.c **** 
  13:Middlewares/ST/threadx/common/src/tx_initialize_high_level.c **** /**************************************************************************/
  14:Middlewares/ST/threadx/common/src/tx_initialize_high_level.c **** /**************************************************************************/
  15:Middlewares/ST/threadx/common/src/tx_initialize_high_level.c **** /**                                                                       */
  16:Middlewares/ST/threadx/common/src/tx_initialize_high_level.c **** /** ThreadX Component                                                     */
  17:Middlewares/ST/threadx/common/src/tx_initialize_high_level.c **** /**                                                                       */
  18:Middlewares/ST/threadx/common/src/tx_initialize_high_level.c **** /**   Initialize                                                          */
  19:Middlewares/ST/threadx/common/src/tx_initialize_high_level.c **** /**                                                                       */
  20:Middlewares/ST/threadx/common/src/tx_initialize_high_level.c **** /**************************************************************************/
  21:Middlewares/ST/threadx/common/src/tx_initialize_high_level.c **** /**************************************************************************/
  22:Middlewares/ST/threadx/common/src/tx_initialize_high_level.c **** 
  23:Middlewares/ST/threadx/common/src/tx_initialize_high_level.c **** #define TX_SOURCE_CODE
  24:Middlewares/ST/threadx/common/src/tx_initialize_high_level.c **** 
  25:Middlewares/ST/threadx/common/src/tx_initialize_high_level.c **** 
  26:Middlewares/ST/threadx/common/src/tx_initialize_high_level.c **** /* Include necessary system files.  */
  27:Middlewares/ST/threadx/common/src/tx_initialize_high_level.c **** 
  28:Middlewares/ST/threadx/common/src/tx_initialize_high_level.c **** #include "tx_api.h"
  29:Middlewares/ST/threadx/common/src/tx_initialize_high_level.c **** #include "tx_trace.h"
ARM GAS  C:\usertemp\cclIqTsb.s 			page 2


  30:Middlewares/ST/threadx/common/src/tx_initialize_high_level.c **** 
  31:Middlewares/ST/threadx/common/src/tx_initialize_high_level.c **** /* Determine if in-line initialization is required.  */
  32:Middlewares/ST/threadx/common/src/tx_initialize_high_level.c **** #ifdef TX_INLINE_INITIALIZATION
  33:Middlewares/ST/threadx/common/src/tx_initialize_high_level.c **** #define TX_INVOKE_INLINE_INITIALIZATION
  34:Middlewares/ST/threadx/common/src/tx_initialize_high_level.c **** #endif
  35:Middlewares/ST/threadx/common/src/tx_initialize_high_level.c **** 
  36:Middlewares/ST/threadx/common/src/tx_initialize_high_level.c **** #include "tx_initialize.h"
  37:Middlewares/ST/threadx/common/src/tx_initialize_high_level.c **** #include "tx_thread.h"
  38:Middlewares/ST/threadx/common/src/tx_initialize_high_level.c **** #include "tx_timer.h"
  39:Middlewares/ST/threadx/common/src/tx_initialize_high_level.c **** #include "tx_semaphore.h"
  40:Middlewares/ST/threadx/common/src/tx_initialize_high_level.c **** #include "tx_queue.h"
  41:Middlewares/ST/threadx/common/src/tx_initialize_high_level.c **** #include "tx_event_flags.h"
  42:Middlewares/ST/threadx/common/src/tx_initialize_high_level.c **** #include "tx_mutex.h"
  43:Middlewares/ST/threadx/common/src/tx_initialize_high_level.c **** #include "tx_block_pool.h"
  44:Middlewares/ST/threadx/common/src/tx_initialize_high_level.c **** #include "tx_byte_pool.h"
  45:Middlewares/ST/threadx/common/src/tx_initialize_high_level.c **** 
  46:Middlewares/ST/threadx/common/src/tx_initialize_high_level.c **** 
  47:Middlewares/ST/threadx/common/src/tx_initialize_high_level.c **** /* Define the unused memory pointer.  The value of the first available
  48:Middlewares/ST/threadx/common/src/tx_initialize_high_level.c ****    memory address is placed in this variable in the low-level
  49:Middlewares/ST/threadx/common/src/tx_initialize_high_level.c ****    initialization function.  The content of this variable is passed
  50:Middlewares/ST/threadx/common/src/tx_initialize_high_level.c ****    to the application's system definition function.  */
  51:Middlewares/ST/threadx/common/src/tx_initialize_high_level.c **** 
  52:Middlewares/ST/threadx/common/src/tx_initialize_high_level.c **** VOID     *_tx_initialize_unused_memory;
  53:Middlewares/ST/threadx/common/src/tx_initialize_high_level.c **** 
  54:Middlewares/ST/threadx/common/src/tx_initialize_high_level.c **** 
  55:Middlewares/ST/threadx/common/src/tx_initialize_high_level.c **** /**************************************************************************/
  56:Middlewares/ST/threadx/common/src/tx_initialize_high_level.c **** /*                                                                        */
  57:Middlewares/ST/threadx/common/src/tx_initialize_high_level.c **** /*  FUNCTION                                               RELEASE        */
  58:Middlewares/ST/threadx/common/src/tx_initialize_high_level.c **** /*                                                                        */
  59:Middlewares/ST/threadx/common/src/tx_initialize_high_level.c **** /*    _tx_initialize_high_level                           PORTABLE C      */
  60:Middlewares/ST/threadx/common/src/tx_initialize_high_level.c **** /*                                                           6.1          */
  61:Middlewares/ST/threadx/common/src/tx_initialize_high_level.c **** /*  AUTHOR                                                                */
  62:Middlewares/ST/threadx/common/src/tx_initialize_high_level.c **** /*                                                                        */
  63:Middlewares/ST/threadx/common/src/tx_initialize_high_level.c **** /*    William E. Lamie, Microsoft Corporation                             */
  64:Middlewares/ST/threadx/common/src/tx_initialize_high_level.c **** /*                                                                        */
  65:Middlewares/ST/threadx/common/src/tx_initialize_high_level.c **** /*  DESCRIPTION                                                           */
  66:Middlewares/ST/threadx/common/src/tx_initialize_high_level.c **** /*                                                                        */
  67:Middlewares/ST/threadx/common/src/tx_initialize_high_level.c **** /*    This function is responsible for initializing all of the other      */
  68:Middlewares/ST/threadx/common/src/tx_initialize_high_level.c **** /*    components in the ThreadX real-time kernel.                         */
  69:Middlewares/ST/threadx/common/src/tx_initialize_high_level.c **** /*                                                                        */
  70:Middlewares/ST/threadx/common/src/tx_initialize_high_level.c **** /*  INPUT                                                                 */
  71:Middlewares/ST/threadx/common/src/tx_initialize_high_level.c **** /*                                                                        */
  72:Middlewares/ST/threadx/common/src/tx_initialize_high_level.c **** /*    None                                                                */
  73:Middlewares/ST/threadx/common/src/tx_initialize_high_level.c **** /*                                                                        */
  74:Middlewares/ST/threadx/common/src/tx_initialize_high_level.c **** /*  OUTPUT                                                                */
  75:Middlewares/ST/threadx/common/src/tx_initialize_high_level.c **** /*                                                                        */
  76:Middlewares/ST/threadx/common/src/tx_initialize_high_level.c **** /*    None                                                                */
  77:Middlewares/ST/threadx/common/src/tx_initialize_high_level.c **** /*                                                                        */
  78:Middlewares/ST/threadx/common/src/tx_initialize_high_level.c **** /*  CALLS                                                                 */
  79:Middlewares/ST/threadx/common/src/tx_initialize_high_level.c **** /*                                                                        */
  80:Middlewares/ST/threadx/common/src/tx_initialize_high_level.c **** /*    _tx_thread_initialize             Initialize the thread control     */
  81:Middlewares/ST/threadx/common/src/tx_initialize_high_level.c **** /*                                        component                       */
  82:Middlewares/ST/threadx/common/src/tx_initialize_high_level.c **** /*    _tx_timer_initialize              Initialize the timer control      */
  83:Middlewares/ST/threadx/common/src/tx_initialize_high_level.c **** /*                                        component                       */
  84:Middlewares/ST/threadx/common/src/tx_initialize_high_level.c **** /*    _tx_semaphore_initialize          Initialize the semaphore control  */
  85:Middlewares/ST/threadx/common/src/tx_initialize_high_level.c **** /*                                        component                       */
  86:Middlewares/ST/threadx/common/src/tx_initialize_high_level.c **** /*    _tx_queue_initialize              Initialize the queue control      */
ARM GAS  C:\usertemp\cclIqTsb.s 			page 3


  87:Middlewares/ST/threadx/common/src/tx_initialize_high_level.c **** /*                                        component                       */
  88:Middlewares/ST/threadx/common/src/tx_initialize_high_level.c **** /*    _tx_event_flags_initialize        Initialize the event flags control*/
  89:Middlewares/ST/threadx/common/src/tx_initialize_high_level.c **** /*                                        component                       */
  90:Middlewares/ST/threadx/common/src/tx_initialize_high_level.c **** /*    _tx_block_pool_initialize         Initialize the block pool control */
  91:Middlewares/ST/threadx/common/src/tx_initialize_high_level.c **** /*                                        component                       */
  92:Middlewares/ST/threadx/common/src/tx_initialize_high_level.c **** /*    _tx_byte_pool_initialize          Initialize the byte pool control  */
  93:Middlewares/ST/threadx/common/src/tx_initialize_high_level.c **** /*                                        component                       */
  94:Middlewares/ST/threadx/common/src/tx_initialize_high_level.c **** /*    _tx_mutex_initialize              Initialize the mutex control      */
  95:Middlewares/ST/threadx/common/src/tx_initialize_high_level.c **** /*                                        component                       */
  96:Middlewares/ST/threadx/common/src/tx_initialize_high_level.c **** /*                                                                        */
  97:Middlewares/ST/threadx/common/src/tx_initialize_high_level.c **** /*  CALLED BY                                                             */
  98:Middlewares/ST/threadx/common/src/tx_initialize_high_level.c **** /*                                                                        */
  99:Middlewares/ST/threadx/common/src/tx_initialize_high_level.c **** /*    _tx_initialize_kernel_enter       Kernel entry function             */
 100:Middlewares/ST/threadx/common/src/tx_initialize_high_level.c **** /*    _tx_initialize_kernel_setup       Early kernel setup function that  */
 101:Middlewares/ST/threadx/common/src/tx_initialize_high_level.c **** /*                                        is optionally called by         */
 102:Middlewares/ST/threadx/common/src/tx_initialize_high_level.c **** /*                                        compiler's startup code.        */
 103:Middlewares/ST/threadx/common/src/tx_initialize_high_level.c **** /*                                                                        */
 104:Middlewares/ST/threadx/common/src/tx_initialize_high_level.c **** /*  RELEASE HISTORY                                                       */
 105:Middlewares/ST/threadx/common/src/tx_initialize_high_level.c **** /*                                                                        */
 106:Middlewares/ST/threadx/common/src/tx_initialize_high_level.c **** /*    DATE              NAME                      DESCRIPTION             */
 107:Middlewares/ST/threadx/common/src/tx_initialize_high_level.c **** /*                                                                        */
 108:Middlewares/ST/threadx/common/src/tx_initialize_high_level.c **** /*  05-19-2020     William E. Lamie         Initial Version 6.0           */
 109:Middlewares/ST/threadx/common/src/tx_initialize_high_level.c **** /*  09-30-2020     Yuxin Zhou               Modified comment(s),          */
 110:Middlewares/ST/threadx/common/src/tx_initialize_high_level.c **** /*                                            resulting in version 6.1    */
 111:Middlewares/ST/threadx/common/src/tx_initialize_high_level.c **** /*                                                                        */
 112:Middlewares/ST/threadx/common/src/tx_initialize_high_level.c **** /**************************************************************************/
 113:Middlewares/ST/threadx/common/src/tx_initialize_high_level.c **** VOID    _tx_initialize_high_level(VOID)
 114:Middlewares/ST/threadx/common/src/tx_initialize_high_level.c **** {
  30              		.loc 1 114 1 view -0
  31              		.cfi_startproc
  32              		@ args = 0, pretend = 0, frame = 0
  33              		@ frame_needed = 0, uses_anonymous_args = 0
  34 0000 08B5     		push	{r3, lr}
  35              	.LCFI0:
  36              		.cfi_def_cfa_offset 8
  37              		.cfi_offset 3, -8
  38              		.cfi_offset 14, -4
 115:Middlewares/ST/threadx/common/src/tx_initialize_high_level.c **** 
 116:Middlewares/ST/threadx/common/src/tx_initialize_high_level.c ****     /* Initialize event tracing, if enabled.  */
 117:Middlewares/ST/threadx/common/src/tx_initialize_high_level.c ****     TX_TRACE_INITIALIZE
 118:Middlewares/ST/threadx/common/src/tx_initialize_high_level.c **** 
 119:Middlewares/ST/threadx/common/src/tx_initialize_high_level.c ****     /* Initialize the event log, if enabled.  */
 120:Middlewares/ST/threadx/common/src/tx_initialize_high_level.c ****     TX_EL_INITIALIZE
 121:Middlewares/ST/threadx/common/src/tx_initialize_high_level.c **** 
 122:Middlewares/ST/threadx/common/src/tx_initialize_high_level.c ****     /* Call the thread control initialization function.  */
 123:Middlewares/ST/threadx/common/src/tx_initialize_high_level.c ****     _tx_thread_initialize();
  39              		.loc 1 123 5 view .LVU1
  40 0002 FFF7FEFF 		bl	_tx_thread_initialize
  41              	.LVL0:
 124:Middlewares/ST/threadx/common/src/tx_initialize_high_level.c **** 
 125:Middlewares/ST/threadx/common/src/tx_initialize_high_level.c **** #ifndef TX_NO_TIMER
 126:Middlewares/ST/threadx/common/src/tx_initialize_high_level.c **** 
 127:Middlewares/ST/threadx/common/src/tx_initialize_high_level.c ****     /* Call the timer control initialization function.  */
 128:Middlewares/ST/threadx/common/src/tx_initialize_high_level.c ****     _tx_timer_initialize();
  42              		.loc 1 128 5 view .LVU2
  43 0006 FFF7FEFF 		bl	_tx_timer_initialize
  44              	.LVL1:
ARM GAS  C:\usertemp\cclIqTsb.s 			page 4


 129:Middlewares/ST/threadx/common/src/tx_initialize_high_level.c **** #endif
 130:Middlewares/ST/threadx/common/src/tx_initialize_high_level.c **** 
 131:Middlewares/ST/threadx/common/src/tx_initialize_high_level.c **** #ifndef TX_DISABLE_REDUNDANT_CLEARING
 132:Middlewares/ST/threadx/common/src/tx_initialize_high_level.c **** 
 133:Middlewares/ST/threadx/common/src/tx_initialize_high_level.c ****     /* Call the semaphore initialization function.  */
 134:Middlewares/ST/threadx/common/src/tx_initialize_high_level.c ****     _tx_semaphore_initialize();
  45              		.loc 1 134 5 view .LVU3
  46 000a 0023     		movs	r3, #0
  47 000c 0C4A     		ldr	r2, .L3
  48 000e 1360     		str	r3, [r2]
  49              		.loc 1 134 5 view .LVU4
  50 0010 0C4A     		ldr	r2, .L3+4
  51 0012 1360     		str	r3, [r2]
 135:Middlewares/ST/threadx/common/src/tx_initialize_high_level.c **** 
 136:Middlewares/ST/threadx/common/src/tx_initialize_high_level.c ****     /* Call the queue initialization function.  */
 137:Middlewares/ST/threadx/common/src/tx_initialize_high_level.c ****     _tx_queue_initialize();
  52              		.loc 1 137 5 view .LVU5
  53 0014 0C4A     		ldr	r2, .L3+8
  54 0016 1360     		str	r3, [r2]
  55              		.loc 1 137 5 view .LVU6
  56 0018 0C4A     		ldr	r2, .L3+12
  57 001a 1360     		str	r3, [r2]
 138:Middlewares/ST/threadx/common/src/tx_initialize_high_level.c **** 
 139:Middlewares/ST/threadx/common/src/tx_initialize_high_level.c ****     /* Call the event flag initialization function.  */
 140:Middlewares/ST/threadx/common/src/tx_initialize_high_level.c ****     _tx_event_flags_initialize();
  58              		.loc 1 140 5 view .LVU7
  59 001c 0C4A     		ldr	r2, .L3+16
  60 001e 1360     		str	r3, [r2]
  61              		.loc 1 140 5 view .LVU8
  62 0020 0C4A     		ldr	r2, .L3+20
  63 0022 1360     		str	r3, [r2]
 141:Middlewares/ST/threadx/common/src/tx_initialize_high_level.c **** 
 142:Middlewares/ST/threadx/common/src/tx_initialize_high_level.c ****     /* Call the block pool initialization function.  */
 143:Middlewares/ST/threadx/common/src/tx_initialize_high_level.c ****     _tx_block_pool_initialize();
  64              		.loc 1 143 5 view .LVU9
  65 0024 0C4A     		ldr	r2, .L3+24
  66 0026 1360     		str	r3, [r2]
  67              		.loc 1 143 5 view .LVU10
  68 0028 0C4A     		ldr	r2, .L3+28
  69 002a 1360     		str	r3, [r2]
 144:Middlewares/ST/threadx/common/src/tx_initialize_high_level.c **** 
 145:Middlewares/ST/threadx/common/src/tx_initialize_high_level.c ****     /* Call the byte pool initialization function.  */
 146:Middlewares/ST/threadx/common/src/tx_initialize_high_level.c ****     _tx_byte_pool_initialize();
  70              		.loc 1 146 5 view .LVU11
  71 002c 0C4A     		ldr	r2, .L3+32
  72 002e 1360     		str	r3, [r2]
  73              		.loc 1 146 5 view .LVU12
  74 0030 0C4A     		ldr	r2, .L3+36
  75 0032 1360     		str	r3, [r2]
 147:Middlewares/ST/threadx/common/src/tx_initialize_high_level.c **** 
 148:Middlewares/ST/threadx/common/src/tx_initialize_high_level.c ****     /* Call the mutex initialization function.  */
 149:Middlewares/ST/threadx/common/src/tx_initialize_high_level.c ****     _tx_mutex_initialize();
  76              		.loc 1 149 5 view .LVU13
  77 0034 0C4A     		ldr	r2, .L3+40
  78 0036 1360     		str	r3, [r2]
  79              		.loc 1 149 5 view .LVU14
  80 0038 0C4A     		ldr	r2, .L3+44
ARM GAS  C:\usertemp\cclIqTsb.s 			page 5


  81 003a 1360     		str	r3, [r2]
 150:Middlewares/ST/threadx/common/src/tx_initialize_high_level.c **** #endif
 151:Middlewares/ST/threadx/common/src/tx_initialize_high_level.c **** }
  82              		.loc 1 151 1 is_stmt 0 view .LVU15
  83 003c 08BD     		pop	{r3, pc}
  84              	.L4:
  85 003e 00BF     		.align	2
  86              	.L3:
  87 0040 00000000 		.word	_tx_semaphore_created_ptr
  88 0044 00000000 		.word	_tx_semaphore_created_count
  89 0048 00000000 		.word	_tx_queue_created_ptr
  90 004c 00000000 		.word	_tx_queue_created_count
  91 0050 00000000 		.word	_tx_event_flags_created_ptr
  92 0054 00000000 		.word	_tx_event_flags_created_count
  93 0058 00000000 		.word	_tx_block_pool_created_ptr
  94 005c 00000000 		.word	_tx_block_pool_created_count
  95 0060 00000000 		.word	_tx_byte_pool_created_ptr
  96 0064 00000000 		.word	_tx_byte_pool_created_count
  97 0068 00000000 		.word	_tx_mutex_created_ptr
  98 006c 00000000 		.word	_tx_mutex_created_count
  99              		.cfi_endproc
 100              	.LFE8:
 102              		.global	_tx_initialize_unused_memory
 103              		.section	.bss._tx_initialize_unused_memory,"aw",%nobits
 104              		.align	2
 107              	_tx_initialize_unused_memory:
 108 0000 00000000 		.space	4
 109              		.global	_tx_byte_pool_created_count
 110              		.section	.bss._tx_byte_pool_created_count,"aw",%nobits
 111              		.align	2
 114              	_tx_byte_pool_created_count:
 115 0000 00000000 		.space	4
 116              		.global	_tx_byte_pool_created_ptr
 117              		.section	.bss._tx_byte_pool_created_ptr,"aw",%nobits
 118              		.align	2
 121              	_tx_byte_pool_created_ptr:
 122 0000 00000000 		.space	4
 123              		.global	_tx_block_pool_created_count
 124              		.section	.bss._tx_block_pool_created_count,"aw",%nobits
 125              		.align	2
 128              	_tx_block_pool_created_count:
 129 0000 00000000 		.space	4
 130              		.global	_tx_block_pool_created_ptr
 131              		.section	.bss._tx_block_pool_created_ptr,"aw",%nobits
 132              		.align	2
 135              	_tx_block_pool_created_ptr:
 136 0000 00000000 		.space	4
 137              		.global	_tx_mutex_created_count
 138              		.section	.bss._tx_mutex_created_count,"aw",%nobits
 139              		.align	2
 142              	_tx_mutex_created_count:
 143 0000 00000000 		.space	4
 144              		.global	_tx_mutex_created_ptr
 145              		.section	.bss._tx_mutex_created_ptr,"aw",%nobits
 146              		.align	2
 149              	_tx_mutex_created_ptr:
 150 0000 00000000 		.space	4
ARM GAS  C:\usertemp\cclIqTsb.s 			page 6


 151              		.global	_tx_event_flags_created_count
 152              		.section	.bss._tx_event_flags_created_count,"aw",%nobits
 153              		.align	2
 156              	_tx_event_flags_created_count:
 157 0000 00000000 		.space	4
 158              		.global	_tx_event_flags_created_ptr
 159              		.section	.bss._tx_event_flags_created_ptr,"aw",%nobits
 160              		.align	2
 163              	_tx_event_flags_created_ptr:
 164 0000 00000000 		.space	4
 165              		.global	_tx_queue_created_count
 166              		.section	.bss._tx_queue_created_count,"aw",%nobits
 167              		.align	2
 170              	_tx_queue_created_count:
 171 0000 00000000 		.space	4
 172              		.global	_tx_queue_created_ptr
 173              		.section	.bss._tx_queue_created_ptr,"aw",%nobits
 174              		.align	2
 177              	_tx_queue_created_ptr:
 178 0000 00000000 		.space	4
 179              		.global	_tx_semaphore_created_count
 180              		.section	.bss._tx_semaphore_created_count,"aw",%nobits
 181              		.align	2
 184              	_tx_semaphore_created_count:
 185 0000 00000000 		.space	4
 186              		.global	_tx_semaphore_created_ptr
 187              		.section	.bss._tx_semaphore_created_ptr,"aw",%nobits
 188              		.align	2
 191              	_tx_semaphore_created_ptr:
 192 0000 00000000 		.space	4
 193              		.text
 194              	.Letext0:
 195              		.file 2 "Middlewares/ST/threadx/ports/cortex_m33/gnu/inc/tx_port.h"
 196              		.file 3 "Middlewares/ST/threadx/common/inc/tx_api.h"
 197              		.file 4 "Middlewares/ST/threadx/common/inc/tx_initialize.h"
 198              		.file 5 "Middlewares/ST/threadx/common/inc/tx_semaphore.h"
 199              		.file 6 "Middlewares/ST/threadx/common/inc/tx_queue.h"
 200              		.file 7 "Middlewares/ST/threadx/common/inc/tx_event_flags.h"
 201              		.file 8 "Middlewares/ST/threadx/common/inc/tx_mutex.h"
 202              		.file 9 "Middlewares/ST/threadx/common/inc/tx_block_pool.h"
 203              		.file 10 "Middlewares/ST/threadx/common/inc/tx_byte_pool.h"
 204              		.file 11 "Middlewares/ST/threadx/common/inc/tx_timer.h"
 205              		.file 12 "Middlewares/ST/threadx/common/inc/tx_thread.h"
ARM GAS  C:\usertemp\cclIqTsb.s 			page 7


DEFINED SYMBOLS
                            *ABS*:00000000 tx_initialize_high_level.c
C:\usertemp\cclIqTsb.s:22     .text._tx_initialize_high_level:00000000 $t
C:\usertemp\cclIqTsb.s:28     .text._tx_initialize_high_level:00000000 _tx_initialize_high_level
C:\usertemp\cclIqTsb.s:87     .text._tx_initialize_high_level:00000040 $d
C:\usertemp\cclIqTsb.s:191    .bss._tx_semaphore_created_ptr:00000000 _tx_semaphore_created_ptr
C:\usertemp\cclIqTsb.s:184    .bss._tx_semaphore_created_count:00000000 _tx_semaphore_created_count
C:\usertemp\cclIqTsb.s:177    .bss._tx_queue_created_ptr:00000000 _tx_queue_created_ptr
C:\usertemp\cclIqTsb.s:170    .bss._tx_queue_created_count:00000000 _tx_queue_created_count
C:\usertemp\cclIqTsb.s:163    .bss._tx_event_flags_created_ptr:00000000 _tx_event_flags_created_ptr
C:\usertemp\cclIqTsb.s:156    .bss._tx_event_flags_created_count:00000000 _tx_event_flags_created_count
C:\usertemp\cclIqTsb.s:135    .bss._tx_block_pool_created_ptr:00000000 _tx_block_pool_created_ptr
C:\usertemp\cclIqTsb.s:128    .bss._tx_block_pool_created_count:00000000 _tx_block_pool_created_count
C:\usertemp\cclIqTsb.s:121    .bss._tx_byte_pool_created_ptr:00000000 _tx_byte_pool_created_ptr
C:\usertemp\cclIqTsb.s:114    .bss._tx_byte_pool_created_count:00000000 _tx_byte_pool_created_count
C:\usertemp\cclIqTsb.s:149    .bss._tx_mutex_created_ptr:00000000 _tx_mutex_created_ptr
C:\usertemp\cclIqTsb.s:142    .bss._tx_mutex_created_count:00000000 _tx_mutex_created_count
C:\usertemp\cclIqTsb.s:107    .bss._tx_initialize_unused_memory:00000000 _tx_initialize_unused_memory
C:\usertemp\cclIqTsb.s:104    .bss._tx_initialize_unused_memory:00000000 $d
C:\usertemp\cclIqTsb.s:111    .bss._tx_byte_pool_created_count:00000000 $d
C:\usertemp\cclIqTsb.s:118    .bss._tx_byte_pool_created_ptr:00000000 $d
C:\usertemp\cclIqTsb.s:125    .bss._tx_block_pool_created_count:00000000 $d
C:\usertemp\cclIqTsb.s:132    .bss._tx_block_pool_created_ptr:00000000 $d
C:\usertemp\cclIqTsb.s:139    .bss._tx_mutex_created_count:00000000 $d
C:\usertemp\cclIqTsb.s:146    .bss._tx_mutex_created_ptr:00000000 $d
C:\usertemp\cclIqTsb.s:153    .bss._tx_event_flags_created_count:00000000 $d
C:\usertemp\cclIqTsb.s:160    .bss._tx_event_flags_created_ptr:00000000 $d
C:\usertemp\cclIqTsb.s:167    .bss._tx_queue_created_count:00000000 $d
C:\usertemp\cclIqTsb.s:174    .bss._tx_queue_created_ptr:00000000 $d
C:\usertemp\cclIqTsb.s:181    .bss._tx_semaphore_created_count:00000000 $d
C:\usertemp\cclIqTsb.s:188    .bss._tx_semaphore_created_ptr:00000000 $d

UNDEFINED SYMBOLS
_tx_thread_initialize
_tx_timer_initialize
