ARM GAS  C:\usertemp\ccr0cpsx.s 			page 1


   1              		.cpu cortex-m33
   2              		.arch armv8-m.main
   3              		.fpu fpv4-sp-d16
   4              		.arch_extension dsp
   5              		.eabi_attribute 27, 1
   6              		.eabi_attribute 28, 1
   7              		.eabi_attribute 20, 1
   8              		.eabi_attribute 21, 1
   9              		.eabi_attribute 23, 3
  10              		.eabi_attribute 24, 1
  11              		.eabi_attribute 25, 1
  12              		.eabi_attribute 26, 1
  13              		.eabi_attribute 30, 1
  14              		.eabi_attribute 34, 1
  15              		.eabi_attribute 18, 4
  16              		.file	"tx_timer_system_deactivate.c"
  17              		.text
  18              	.Ltext0:
  19              		.cfi_sections	.debug_frame
  20              		.file 1 "Middlewares/ST/threadx/common/src/tx_timer_system_deactivate.c"
  21              		.section	.text._tx_timer_system_deactivate,"ax",%progbits
  22              		.align	1
  23              		.global	_tx_timer_system_deactivate
  24              		.syntax unified
  25              		.thumb
  26              		.thumb_func
  28              	_tx_timer_system_deactivate:
  29              	.LVL0:
  30              	.LFB8:
   1:Middlewares/ST/threadx/common/src/tx_timer_system_deactivate.c **** /**************************************************************************/
   2:Middlewares/ST/threadx/common/src/tx_timer_system_deactivate.c **** /*                                                                        */
   3:Middlewares/ST/threadx/common/src/tx_timer_system_deactivate.c **** /*       Copyright (c) Microsoft Corporation. All rights reserved.        */
   4:Middlewares/ST/threadx/common/src/tx_timer_system_deactivate.c **** /*                                                                        */
   5:Middlewares/ST/threadx/common/src/tx_timer_system_deactivate.c **** /*       This software is licensed under the Microsoft Software License   */
   6:Middlewares/ST/threadx/common/src/tx_timer_system_deactivate.c **** /*       Terms for Microsoft Azure RTOS. Full text of the license can be  */
   7:Middlewares/ST/threadx/common/src/tx_timer_system_deactivate.c **** /*       found in the LICENSE file at https://aka.ms/AzureRTOS_EULA       */
   8:Middlewares/ST/threadx/common/src/tx_timer_system_deactivate.c **** /*       and in the root directory of this software.                      */
   9:Middlewares/ST/threadx/common/src/tx_timer_system_deactivate.c **** /*                                                                        */
  10:Middlewares/ST/threadx/common/src/tx_timer_system_deactivate.c **** /**************************************************************************/
  11:Middlewares/ST/threadx/common/src/tx_timer_system_deactivate.c **** 
  12:Middlewares/ST/threadx/common/src/tx_timer_system_deactivate.c **** 
  13:Middlewares/ST/threadx/common/src/tx_timer_system_deactivate.c **** /**************************************************************************/
  14:Middlewares/ST/threadx/common/src/tx_timer_system_deactivate.c **** /**************************************************************************/
  15:Middlewares/ST/threadx/common/src/tx_timer_system_deactivate.c **** /**                                                                       */
  16:Middlewares/ST/threadx/common/src/tx_timer_system_deactivate.c **** /** ThreadX Component                                                     */
  17:Middlewares/ST/threadx/common/src/tx_timer_system_deactivate.c **** /**                                                                       */
  18:Middlewares/ST/threadx/common/src/tx_timer_system_deactivate.c **** /**   Timer                                                               */
  19:Middlewares/ST/threadx/common/src/tx_timer_system_deactivate.c **** /**                                                                       */
  20:Middlewares/ST/threadx/common/src/tx_timer_system_deactivate.c **** /**************************************************************************/
  21:Middlewares/ST/threadx/common/src/tx_timer_system_deactivate.c **** /**************************************************************************/
  22:Middlewares/ST/threadx/common/src/tx_timer_system_deactivate.c **** 
  23:Middlewares/ST/threadx/common/src/tx_timer_system_deactivate.c **** #define TX_SOURCE_CODE
  24:Middlewares/ST/threadx/common/src/tx_timer_system_deactivate.c **** 
  25:Middlewares/ST/threadx/common/src/tx_timer_system_deactivate.c **** 
  26:Middlewares/ST/threadx/common/src/tx_timer_system_deactivate.c **** /* Include necessary system files.  */
  27:Middlewares/ST/threadx/common/src/tx_timer_system_deactivate.c **** 
  28:Middlewares/ST/threadx/common/src/tx_timer_system_deactivate.c **** #include "tx_api.h"
ARM GAS  C:\usertemp\ccr0cpsx.s 			page 2


  29:Middlewares/ST/threadx/common/src/tx_timer_system_deactivate.c **** #include "tx_timer.h"
  30:Middlewares/ST/threadx/common/src/tx_timer_system_deactivate.c **** 
  31:Middlewares/ST/threadx/common/src/tx_timer_system_deactivate.c **** 
  32:Middlewares/ST/threadx/common/src/tx_timer_system_deactivate.c **** /**************************************************************************/
  33:Middlewares/ST/threadx/common/src/tx_timer_system_deactivate.c **** /*                                                                        */
  34:Middlewares/ST/threadx/common/src/tx_timer_system_deactivate.c **** /*  FUNCTION                                               RELEASE        */
  35:Middlewares/ST/threadx/common/src/tx_timer_system_deactivate.c **** /*                                                                        */
  36:Middlewares/ST/threadx/common/src/tx_timer_system_deactivate.c **** /*    _tx_timer_system_deactivate                         PORTABLE C      */
  37:Middlewares/ST/threadx/common/src/tx_timer_system_deactivate.c **** /*                                                           6.1          */
  38:Middlewares/ST/threadx/common/src/tx_timer_system_deactivate.c **** /*  AUTHOR                                                                */
  39:Middlewares/ST/threadx/common/src/tx_timer_system_deactivate.c **** /*                                                                        */
  40:Middlewares/ST/threadx/common/src/tx_timer_system_deactivate.c **** /*    William E. Lamie, Microsoft Corporation                             */
  41:Middlewares/ST/threadx/common/src/tx_timer_system_deactivate.c **** /*                                                                        */
  42:Middlewares/ST/threadx/common/src/tx_timer_system_deactivate.c **** /*  DESCRIPTION                                                           */
  43:Middlewares/ST/threadx/common/src/tx_timer_system_deactivate.c **** /*                                                                        */
  44:Middlewares/ST/threadx/common/src/tx_timer_system_deactivate.c **** /*    This function deactivates, or removes the timer from the active     */
  45:Middlewares/ST/threadx/common/src/tx_timer_system_deactivate.c **** /*    timer expiration list.  If the timer is already deactivated, this   */
  46:Middlewares/ST/threadx/common/src/tx_timer_system_deactivate.c **** /*    function just returns.                                              */
  47:Middlewares/ST/threadx/common/src/tx_timer_system_deactivate.c **** /*                                                                        */
  48:Middlewares/ST/threadx/common/src/tx_timer_system_deactivate.c **** /*  INPUT                                                                 */
  49:Middlewares/ST/threadx/common/src/tx_timer_system_deactivate.c **** /*                                                                        */
  50:Middlewares/ST/threadx/common/src/tx_timer_system_deactivate.c **** /*    timer_ptr                         Pointer to timer control block    */
  51:Middlewares/ST/threadx/common/src/tx_timer_system_deactivate.c **** /*                                                                        */
  52:Middlewares/ST/threadx/common/src/tx_timer_system_deactivate.c **** /*  OUTPUT                                                                */
  53:Middlewares/ST/threadx/common/src/tx_timer_system_deactivate.c **** /*                                                                        */
  54:Middlewares/ST/threadx/common/src/tx_timer_system_deactivate.c **** /*    TX_SUCCESS                        Always returns success            */
  55:Middlewares/ST/threadx/common/src/tx_timer_system_deactivate.c **** /*                                                                        */
  56:Middlewares/ST/threadx/common/src/tx_timer_system_deactivate.c **** /*  CALLS                                                                 */
  57:Middlewares/ST/threadx/common/src/tx_timer_system_deactivate.c **** /*                                                                        */
  58:Middlewares/ST/threadx/common/src/tx_timer_system_deactivate.c **** /*    None                                                                */
  59:Middlewares/ST/threadx/common/src/tx_timer_system_deactivate.c **** /*                                                                        */
  60:Middlewares/ST/threadx/common/src/tx_timer_system_deactivate.c **** /*  CALLED BY                                                             */
  61:Middlewares/ST/threadx/common/src/tx_timer_system_deactivate.c **** /*                                                                        */
  62:Middlewares/ST/threadx/common/src/tx_timer_system_deactivate.c **** /*    _tx_thread_system_resume          Thread resume function            */
  63:Middlewares/ST/threadx/common/src/tx_timer_system_deactivate.c **** /*    _tx_timer_thread_entry            Timer thread processing           */
  64:Middlewares/ST/threadx/common/src/tx_timer_system_deactivate.c **** /*                                                                        */
  65:Middlewares/ST/threadx/common/src/tx_timer_system_deactivate.c **** /*  RELEASE HISTORY                                                       */
  66:Middlewares/ST/threadx/common/src/tx_timer_system_deactivate.c **** /*                                                                        */
  67:Middlewares/ST/threadx/common/src/tx_timer_system_deactivate.c **** /*    DATE              NAME                      DESCRIPTION             */
  68:Middlewares/ST/threadx/common/src/tx_timer_system_deactivate.c **** /*                                                                        */
  69:Middlewares/ST/threadx/common/src/tx_timer_system_deactivate.c **** /*  05-19-2020     William E. Lamie         Initial Version 6.0           */
  70:Middlewares/ST/threadx/common/src/tx_timer_system_deactivate.c **** /*  09-30-2020     Yuxin Zhou               Modified comment(s),          */
  71:Middlewares/ST/threadx/common/src/tx_timer_system_deactivate.c **** /*                                            resulting in version 6.1    */
  72:Middlewares/ST/threadx/common/src/tx_timer_system_deactivate.c **** /*                                                                        */
  73:Middlewares/ST/threadx/common/src/tx_timer_system_deactivate.c **** /**************************************************************************/
  74:Middlewares/ST/threadx/common/src/tx_timer_system_deactivate.c **** VOID  _tx_timer_system_deactivate(TX_TIMER_INTERNAL *timer_ptr)
  75:Middlewares/ST/threadx/common/src/tx_timer_system_deactivate.c **** {
  31              		.loc 1 75 1 view -0
  32              		.cfi_startproc
  33              		@ args = 0, pretend = 0, frame = 0
  34              		@ frame_needed = 0, uses_anonymous_args = 0
  35              		@ link register save eliminated.
  76:Middlewares/ST/threadx/common/src/tx_timer_system_deactivate.c **** 
  77:Middlewares/ST/threadx/common/src/tx_timer_system_deactivate.c **** TX_TIMER_INTERNAL   **list_head;
  36              		.loc 1 77 1 view .LVU1
  78:Middlewares/ST/threadx/common/src/tx_timer_system_deactivate.c **** TX_TIMER_INTERNAL   *next_timer;
  37              		.loc 1 78 1 view .LVU2
ARM GAS  C:\usertemp\ccr0cpsx.s 			page 3


  79:Middlewares/ST/threadx/common/src/tx_timer_system_deactivate.c **** TX_TIMER_INTERNAL   *previous_timer;
  38              		.loc 1 79 1 view .LVU3
  80:Middlewares/ST/threadx/common/src/tx_timer_system_deactivate.c **** 
  81:Middlewares/ST/threadx/common/src/tx_timer_system_deactivate.c **** 
  82:Middlewares/ST/threadx/common/src/tx_timer_system_deactivate.c ****     /* Pickup the list head pointer.  */
  83:Middlewares/ST/threadx/common/src/tx_timer_system_deactivate.c ****     list_head =  timer_ptr -> tx_timer_internal_list_head;
  39              		.loc 1 83 5 view .LVU4
  40              		.loc 1 83 15 is_stmt 0 view .LVU5
  41 0000 8369     		ldr	r3, [r0, #24]
  42              	.LVL1:
  84:Middlewares/ST/threadx/common/src/tx_timer_system_deactivate.c **** 
  85:Middlewares/ST/threadx/common/src/tx_timer_system_deactivate.c ****     /* Determine if the timer still needs deactivation.  */
  86:Middlewares/ST/threadx/common/src/tx_timer_system_deactivate.c ****     if (list_head != TX_NULL)
  43              		.loc 1 86 5 is_stmt 1 view .LVU6
  44              		.loc 1 86 8 is_stmt 0 view .LVU7
  45 0002 53B1     		cbz	r3, .L1
  87:Middlewares/ST/threadx/common/src/tx_timer_system_deactivate.c ****     {
  88:Middlewares/ST/threadx/common/src/tx_timer_system_deactivate.c **** 
  89:Middlewares/ST/threadx/common/src/tx_timer_system_deactivate.c ****         /* Deactivate the timer.  */
  90:Middlewares/ST/threadx/common/src/tx_timer_system_deactivate.c **** 
  91:Middlewares/ST/threadx/common/src/tx_timer_system_deactivate.c ****         /* Pickup the next active timer.  */
  92:Middlewares/ST/threadx/common/src/tx_timer_system_deactivate.c ****         next_timer =  timer_ptr -> tx_timer_internal_active_next;
  46              		.loc 1 92 9 is_stmt 1 view .LVU8
  47              		.loc 1 92 20 is_stmt 0 view .LVU9
  48 0004 0269     		ldr	r2, [r0, #16]
  49              	.LVL2:
  93:Middlewares/ST/threadx/common/src/tx_timer_system_deactivate.c **** 
  94:Middlewares/ST/threadx/common/src/tx_timer_system_deactivate.c ****         /* See if this is the only timer in the list.  */
  95:Middlewares/ST/threadx/common/src/tx_timer_system_deactivate.c ****         if (timer_ptr == next_timer)
  50              		.loc 1 95 9 is_stmt 1 view .LVU10
  51              		.loc 1 95 12 is_stmt 0 view .LVU11
  52 0006 9042     		cmp	r0, r2
  53 0008 08D0     		beq	.L5
  96:Middlewares/ST/threadx/common/src/tx_timer_system_deactivate.c ****         {
  97:Middlewares/ST/threadx/common/src/tx_timer_system_deactivate.c **** 
  98:Middlewares/ST/threadx/common/src/tx_timer_system_deactivate.c ****             /* Yes, the only timer on the list.  */
  99:Middlewares/ST/threadx/common/src/tx_timer_system_deactivate.c **** 
 100:Middlewares/ST/threadx/common/src/tx_timer_system_deactivate.c ****             /* Determine if the head pointer needs to be updated.  */
 101:Middlewares/ST/threadx/common/src/tx_timer_system_deactivate.c ****             if (*(list_head) == timer_ptr)
 102:Middlewares/ST/threadx/common/src/tx_timer_system_deactivate.c ****             {
 103:Middlewares/ST/threadx/common/src/tx_timer_system_deactivate.c **** 
 104:Middlewares/ST/threadx/common/src/tx_timer_system_deactivate.c ****                 /* Update the head pointer.  */
 105:Middlewares/ST/threadx/common/src/tx_timer_system_deactivate.c ****                 *(list_head) =  TX_NULL;
 106:Middlewares/ST/threadx/common/src/tx_timer_system_deactivate.c ****             }
 107:Middlewares/ST/threadx/common/src/tx_timer_system_deactivate.c ****         }
 108:Middlewares/ST/threadx/common/src/tx_timer_system_deactivate.c ****         else
 109:Middlewares/ST/threadx/common/src/tx_timer_system_deactivate.c ****         {
 110:Middlewares/ST/threadx/common/src/tx_timer_system_deactivate.c **** 
 111:Middlewares/ST/threadx/common/src/tx_timer_system_deactivate.c ****             /* At least one more timer is on the same expiration list.  */
 112:Middlewares/ST/threadx/common/src/tx_timer_system_deactivate.c **** 
 113:Middlewares/ST/threadx/common/src/tx_timer_system_deactivate.c ****             /* Update the links of the adjacent timers.  */
 114:Middlewares/ST/threadx/common/src/tx_timer_system_deactivate.c ****             previous_timer =                                   timer_ptr -> tx_timer_internal_activ
  54              		.loc 1 114 13 is_stmt 1 view .LVU12
  55              		.loc 1 114 28 is_stmt 0 view .LVU13
  56 000a 4169     		ldr	r1, [r0, #20]
  57              	.LVL3:
 115:Middlewares/ST/threadx/common/src/tx_timer_system_deactivate.c ****             next_timer -> tx_timer_internal_active_previous =  previous_timer;
ARM GAS  C:\usertemp\ccr0cpsx.s 			page 4


  58              		.loc 1 115 13 is_stmt 1 view .LVU14
  59              		.loc 1 115 61 is_stmt 0 view .LVU15
  60 000c 5161     		str	r1, [r2, #20]
 116:Middlewares/ST/threadx/common/src/tx_timer_system_deactivate.c ****             previous_timer -> tx_timer_internal_active_next =  next_timer;
  61              		.loc 1 116 13 is_stmt 1 view .LVU16
  62              		.loc 1 116 61 is_stmt 0 view .LVU17
  63 000e 0A61     		str	r2, [r1, #16]
 117:Middlewares/ST/threadx/common/src/tx_timer_system_deactivate.c **** 
 118:Middlewares/ST/threadx/common/src/tx_timer_system_deactivate.c ****             /* Determine if the head pointer needs to be updated.  */
 119:Middlewares/ST/threadx/common/src/tx_timer_system_deactivate.c ****             if (*(list_head) == timer_ptr)
  64              		.loc 1 119 13 is_stmt 1 view .LVU18
  65              		.loc 1 119 17 is_stmt 0 view .LVU19
  66 0010 1968     		ldr	r1, [r3]
  67              	.LVL4:
  68              		.loc 1 119 16 view .LVU20
  69 0012 8142     		cmp	r1, r0
  70 0014 08D0     		beq	.L6
  71              	.LVL5:
  72              	.L4:
 120:Middlewares/ST/threadx/common/src/tx_timer_system_deactivate.c ****             {
 121:Middlewares/ST/threadx/common/src/tx_timer_system_deactivate.c **** 
 122:Middlewares/ST/threadx/common/src/tx_timer_system_deactivate.c ****                 /* Update the next timer in the list with the list head pointer.  */
 123:Middlewares/ST/threadx/common/src/tx_timer_system_deactivate.c ****                 next_timer -> tx_timer_internal_list_head =  list_head;
 124:Middlewares/ST/threadx/common/src/tx_timer_system_deactivate.c **** 
 125:Middlewares/ST/threadx/common/src/tx_timer_system_deactivate.c ****                 /* Update the head pointer.  */
 126:Middlewares/ST/threadx/common/src/tx_timer_system_deactivate.c ****                 *(list_head) =  next_timer;
 127:Middlewares/ST/threadx/common/src/tx_timer_system_deactivate.c ****             }
 128:Middlewares/ST/threadx/common/src/tx_timer_system_deactivate.c ****         }
 129:Middlewares/ST/threadx/common/src/tx_timer_system_deactivate.c **** 
 130:Middlewares/ST/threadx/common/src/tx_timer_system_deactivate.c ****         /* Clear the timer's list head pointer.  */
 131:Middlewares/ST/threadx/common/src/tx_timer_system_deactivate.c ****         timer_ptr -> tx_timer_internal_list_head =  TX_NULL;
  73              		.loc 1 131 9 is_stmt 1 view .LVU21
  74              		.loc 1 131 50 is_stmt 0 view .LVU22
  75 0016 0023     		movs	r3, #0
  76              	.LVL6:
  77              		.loc 1 131 50 view .LVU23
  78 0018 8361     		str	r3, [r0, #24]
  79              	.LVL7:
  80              	.L1:
 132:Middlewares/ST/threadx/common/src/tx_timer_system_deactivate.c ****     }
 133:Middlewares/ST/threadx/common/src/tx_timer_system_deactivate.c **** }
  81              		.loc 1 133 1 view .LVU24
  82 001a 7047     		bx	lr
  83              	.LVL8:
  84              	.L5:
 101:Middlewares/ST/threadx/common/src/tx_timer_system_deactivate.c ****             {
  85              		.loc 1 101 13 is_stmt 1 view .LVU25
 101:Middlewares/ST/threadx/common/src/tx_timer_system_deactivate.c ****             {
  86              		.loc 1 101 17 is_stmt 0 view .LVU26
  87 001c 1A68     		ldr	r2, [r3]
  88              	.LVL9:
 101:Middlewares/ST/threadx/common/src/tx_timer_system_deactivate.c ****             {
  89              		.loc 1 101 16 view .LVU27
  90 001e 8242     		cmp	r2, r0
  91 0020 F9D1     		bne	.L4
 105:Middlewares/ST/threadx/common/src/tx_timer_system_deactivate.c ****             }
  92              		.loc 1 105 17 is_stmt 1 view .LVU28
ARM GAS  C:\usertemp\ccr0cpsx.s 			page 5


 105:Middlewares/ST/threadx/common/src/tx_timer_system_deactivate.c ****             }
  93              		.loc 1 105 30 is_stmt 0 view .LVU29
  94 0022 0022     		movs	r2, #0
  95 0024 1A60     		str	r2, [r3]
  96              	.LVL10:
 105:Middlewares/ST/threadx/common/src/tx_timer_system_deactivate.c ****             }
  97              		.loc 1 105 30 view .LVU30
  98 0026 F6E7     		b	.L4
  99              	.LVL11:
 100              	.L6:
 123:Middlewares/ST/threadx/common/src/tx_timer_system_deactivate.c **** 
 101              		.loc 1 123 17 is_stmt 1 view .LVU31
 123:Middlewares/ST/threadx/common/src/tx_timer_system_deactivate.c **** 
 102              		.loc 1 123 59 is_stmt 0 view .LVU32
 103 0028 9361     		str	r3, [r2, #24]
 126:Middlewares/ST/threadx/common/src/tx_timer_system_deactivate.c ****             }
 104              		.loc 1 126 17 is_stmt 1 view .LVU33
 126:Middlewares/ST/threadx/common/src/tx_timer_system_deactivate.c ****             }
 105              		.loc 1 126 30 is_stmt 0 view .LVU34
 106 002a 1A60     		str	r2, [r3]
 107 002c F3E7     		b	.L4
 108              		.cfi_endproc
 109              	.LFE8:
 111              		.text
 112              	.Letext0:
 113              		.file 2 "Middlewares/ST/threadx/common/inc/tx_api.h"
 114              		.file 3 "Middlewares/ST/threadx/ports/cortex_m33/gnu/inc/tx_port.h"
ARM GAS  C:\usertemp\ccr0cpsx.s 			page 6


DEFINED SYMBOLS
                            *ABS*:00000000 tx_timer_system_deactivate.c
C:\usertemp\ccr0cpsx.s:22     .text._tx_timer_system_deactivate:00000000 $t
C:\usertemp\ccr0cpsx.s:28     .text._tx_timer_system_deactivate:00000000 _tx_timer_system_deactivate

NO UNDEFINED SYMBOLS
