ARM GAS  C:\usertemp\ccNOxyDe.s 			page 1


   1              		.cpu cortex-m33
   2              		.arch armv8-m.main
   3              		.fpu fpv4-sp-d16
   4              		.arch_extension dsp
   5              		.eabi_attribute 27, 1
   6              		.eabi_attribute 28, 1
   7              		.eabi_attribute 20, 1
   8              		.eabi_attribute 21, 1
   9              		.eabi_attribute 23, 3
  10              		.eabi_attribute 24, 1
  11              		.eabi_attribute 25, 1
  12              		.eabi_attribute 26, 1
  13              		.eabi_attribute 30, 1
  14              		.eabi_attribute 34, 1
  15              		.eabi_attribute 18, 4
  16              		.file	"tx_thread_info_get.c"
  17              		.text
  18              	.Ltext0:
  19              		.cfi_sections	.debug_frame
  20              		.file 1 "Middlewares/ST/threadx/common/src/tx_thread_info_get.c"
  21              		.section	.text._tx_thread_info_get,"ax",%progbits
  22              		.align	1
  23              		.global	_tx_thread_info_get
  24              		.syntax unified
  25              		.thumb
  26              		.thumb_func
  28              	_tx_thread_info_get:
  29              	.LVL0:
  30              	.LFB8:
   1:Middlewares/ST/threadx/common/src/tx_thread_info_get.c **** /**************************************************************************/
   2:Middlewares/ST/threadx/common/src/tx_thread_info_get.c **** /*                                                                        */
   3:Middlewares/ST/threadx/common/src/tx_thread_info_get.c **** /*       Copyright (c) Microsoft Corporation. All rights reserved.        */
   4:Middlewares/ST/threadx/common/src/tx_thread_info_get.c **** /*                                                                        */
   5:Middlewares/ST/threadx/common/src/tx_thread_info_get.c **** /*       This software is licensed under the Microsoft Software License   */
   6:Middlewares/ST/threadx/common/src/tx_thread_info_get.c **** /*       Terms for Microsoft Azure RTOS. Full text of the license can be  */
   7:Middlewares/ST/threadx/common/src/tx_thread_info_get.c **** /*       found in the LICENSE file at https://aka.ms/AzureRTOS_EULA       */
   8:Middlewares/ST/threadx/common/src/tx_thread_info_get.c **** /*       and in the root directory of this software.                      */
   9:Middlewares/ST/threadx/common/src/tx_thread_info_get.c **** /*                                                                        */
  10:Middlewares/ST/threadx/common/src/tx_thread_info_get.c **** /**************************************************************************/
  11:Middlewares/ST/threadx/common/src/tx_thread_info_get.c **** 
  12:Middlewares/ST/threadx/common/src/tx_thread_info_get.c **** 
  13:Middlewares/ST/threadx/common/src/tx_thread_info_get.c **** /**************************************************************************/
  14:Middlewares/ST/threadx/common/src/tx_thread_info_get.c **** /**************************************************************************/
  15:Middlewares/ST/threadx/common/src/tx_thread_info_get.c **** /**                                                                       */
  16:Middlewares/ST/threadx/common/src/tx_thread_info_get.c **** /** ThreadX Component                                                     */
  17:Middlewares/ST/threadx/common/src/tx_thread_info_get.c **** /**                                                                       */
  18:Middlewares/ST/threadx/common/src/tx_thread_info_get.c **** /**   Thread                                                              */
  19:Middlewares/ST/threadx/common/src/tx_thread_info_get.c **** /**                                                                       */
  20:Middlewares/ST/threadx/common/src/tx_thread_info_get.c **** /**************************************************************************/
  21:Middlewares/ST/threadx/common/src/tx_thread_info_get.c **** /**************************************************************************/
  22:Middlewares/ST/threadx/common/src/tx_thread_info_get.c **** 
  23:Middlewares/ST/threadx/common/src/tx_thread_info_get.c **** #define TX_SOURCE_CODE
  24:Middlewares/ST/threadx/common/src/tx_thread_info_get.c **** 
  25:Middlewares/ST/threadx/common/src/tx_thread_info_get.c **** 
  26:Middlewares/ST/threadx/common/src/tx_thread_info_get.c **** /* Include necessary system files.  */
  27:Middlewares/ST/threadx/common/src/tx_thread_info_get.c **** 
  28:Middlewares/ST/threadx/common/src/tx_thread_info_get.c **** #include "tx_api.h"
ARM GAS  C:\usertemp\ccNOxyDe.s 			page 2


  29:Middlewares/ST/threadx/common/src/tx_thread_info_get.c **** #include "tx_trace.h"
  30:Middlewares/ST/threadx/common/src/tx_thread_info_get.c **** #include "tx_thread.h"
  31:Middlewares/ST/threadx/common/src/tx_thread_info_get.c **** 
  32:Middlewares/ST/threadx/common/src/tx_thread_info_get.c **** 
  33:Middlewares/ST/threadx/common/src/tx_thread_info_get.c **** /**************************************************************************/
  34:Middlewares/ST/threadx/common/src/tx_thread_info_get.c **** /*                                                                        */
  35:Middlewares/ST/threadx/common/src/tx_thread_info_get.c **** /*  FUNCTION                                               RELEASE        */
  36:Middlewares/ST/threadx/common/src/tx_thread_info_get.c **** /*                                                                        */
  37:Middlewares/ST/threadx/common/src/tx_thread_info_get.c **** /*    _tx_thread_info_get                                 PORTABLE C      */
  38:Middlewares/ST/threadx/common/src/tx_thread_info_get.c **** /*                                                           6.1          */
  39:Middlewares/ST/threadx/common/src/tx_thread_info_get.c **** /*  AUTHOR                                                                */
  40:Middlewares/ST/threadx/common/src/tx_thread_info_get.c **** /*                                                                        */
  41:Middlewares/ST/threadx/common/src/tx_thread_info_get.c **** /*    William E. Lamie, Microsoft Corporation                             */
  42:Middlewares/ST/threadx/common/src/tx_thread_info_get.c **** /*                                                                        */
  43:Middlewares/ST/threadx/common/src/tx_thread_info_get.c **** /*  DESCRIPTION                                                           */
  44:Middlewares/ST/threadx/common/src/tx_thread_info_get.c **** /*                                                                        */
  45:Middlewares/ST/threadx/common/src/tx_thread_info_get.c **** /*    This function retrieves information from the specified thread.      */
  46:Middlewares/ST/threadx/common/src/tx_thread_info_get.c **** /*                                                                        */
  47:Middlewares/ST/threadx/common/src/tx_thread_info_get.c **** /*  INPUT                                                                 */
  48:Middlewares/ST/threadx/common/src/tx_thread_info_get.c **** /*                                                                        */
  49:Middlewares/ST/threadx/common/src/tx_thread_info_get.c **** /*    thread_ptr                        Pointer to thread control block   */
  50:Middlewares/ST/threadx/common/src/tx_thread_info_get.c **** /*    name                              Destination for the thread name   */
  51:Middlewares/ST/threadx/common/src/tx_thread_info_get.c **** /*    state                             Destination for thread state      */
  52:Middlewares/ST/threadx/common/src/tx_thread_info_get.c **** /*    run_count                         Destination for thread run count  */
  53:Middlewares/ST/threadx/common/src/tx_thread_info_get.c **** /*    priority                          Destination for thread priority   */
  54:Middlewares/ST/threadx/common/src/tx_thread_info_get.c **** /*    preemption_threshold              Destination for thread preemption-*/
  55:Middlewares/ST/threadx/common/src/tx_thread_info_get.c **** /*                                        threshold                       */
  56:Middlewares/ST/threadx/common/src/tx_thread_info_get.c **** /*    time_slice                        Destination for thread time-slice */
  57:Middlewares/ST/threadx/common/src/tx_thread_info_get.c **** /*    next_thread                       Destination for next created      */
  58:Middlewares/ST/threadx/common/src/tx_thread_info_get.c **** /*                                        thread                          */
  59:Middlewares/ST/threadx/common/src/tx_thread_info_get.c **** /*    next_suspended_thread             Destination for next suspended    */
  60:Middlewares/ST/threadx/common/src/tx_thread_info_get.c **** /*                                        thread                          */
  61:Middlewares/ST/threadx/common/src/tx_thread_info_get.c **** /*                                                                        */
  62:Middlewares/ST/threadx/common/src/tx_thread_info_get.c **** /*  OUTPUT                                                                */
  63:Middlewares/ST/threadx/common/src/tx_thread_info_get.c **** /*                                                                        */
  64:Middlewares/ST/threadx/common/src/tx_thread_info_get.c **** /*    status                            Completion status                 */
  65:Middlewares/ST/threadx/common/src/tx_thread_info_get.c **** /*                                                                        */
  66:Middlewares/ST/threadx/common/src/tx_thread_info_get.c **** /*  CALLS                                                                 */
  67:Middlewares/ST/threadx/common/src/tx_thread_info_get.c **** /*                                                                        */
  68:Middlewares/ST/threadx/common/src/tx_thread_info_get.c **** /*    None                                                                */
  69:Middlewares/ST/threadx/common/src/tx_thread_info_get.c **** /*                                                                        */
  70:Middlewares/ST/threadx/common/src/tx_thread_info_get.c **** /*  CALLED BY                                                             */
  71:Middlewares/ST/threadx/common/src/tx_thread_info_get.c **** /*                                                                        */
  72:Middlewares/ST/threadx/common/src/tx_thread_info_get.c **** /*    Application Code                                                    */
  73:Middlewares/ST/threadx/common/src/tx_thread_info_get.c **** /*                                                                        */
  74:Middlewares/ST/threadx/common/src/tx_thread_info_get.c **** /*  RELEASE HISTORY                                                       */
  75:Middlewares/ST/threadx/common/src/tx_thread_info_get.c **** /*                                                                        */
  76:Middlewares/ST/threadx/common/src/tx_thread_info_get.c **** /*    DATE              NAME                      DESCRIPTION             */
  77:Middlewares/ST/threadx/common/src/tx_thread_info_get.c **** /*                                                                        */
  78:Middlewares/ST/threadx/common/src/tx_thread_info_get.c **** /*  05-19-2020     William E. Lamie         Initial Version 6.0           */
  79:Middlewares/ST/threadx/common/src/tx_thread_info_get.c **** /*  09-30-2020     Yuxin Zhou               Modified comment(s),          */
  80:Middlewares/ST/threadx/common/src/tx_thread_info_get.c **** /*                                            resulting in version 6.1    */
  81:Middlewares/ST/threadx/common/src/tx_thread_info_get.c **** /*                                                                        */
  82:Middlewares/ST/threadx/common/src/tx_thread_info_get.c **** /**************************************************************************/
  83:Middlewares/ST/threadx/common/src/tx_thread_info_get.c **** UINT  _tx_thread_info_get(TX_THREAD *thread_ptr, CHAR **name, UINT *state, ULONG *run_count,
  84:Middlewares/ST/threadx/common/src/tx_thread_info_get.c ****                 UINT *priority, UINT *preemption_threshold, ULONG *time_slice,
  85:Middlewares/ST/threadx/common/src/tx_thread_info_get.c ****                 TX_THREAD **next_thread, TX_THREAD **next_suspended_thread)
ARM GAS  C:\usertemp\ccNOxyDe.s 			page 3


  86:Middlewares/ST/threadx/common/src/tx_thread_info_get.c **** {
  31              		.loc 1 86 1 view -0
  32              		.cfi_startproc
  33              		@ args = 20, pretend = 0, frame = 0
  34              		@ frame_needed = 0, uses_anonymous_args = 0
  35              		.loc 1 86 1 is_stmt 0 view .LVU1
  36 0000 2DE9F041 		push	{r4, r5, r6, r7, r8, lr}
  37              	.LCFI0:
  38              		.cfi_def_cfa_offset 24
  39              		.cfi_offset 4, -24
  40              		.cfi_offset 5, -20
  41              		.cfi_offset 6, -16
  42              		.cfi_offset 7, -12
  43              		.cfi_offset 8, -8
  44              		.cfi_offset 14, -4
  45 0004 DDF818C0 		ldr	ip, [sp, #24]
  46 0008 079F     		ldr	r7, [sp, #28]
  47 000a 089E     		ldr	r6, [sp, #32]
  48 000c 099D     		ldr	r5, [sp, #36]
  49 000e DDF82880 		ldr	r8, [sp, #40]
  87:Middlewares/ST/threadx/common/src/tx_thread_info_get.c **** 
  88:Middlewares/ST/threadx/common/src/tx_thread_info_get.c **** TX_INTERRUPT_SAVE_AREA
  50              		.loc 1 88 1 is_stmt 1 view .LVU2
  89:Middlewares/ST/threadx/common/src/tx_thread_info_get.c **** 
  90:Middlewares/ST/threadx/common/src/tx_thread_info_get.c **** 
  91:Middlewares/ST/threadx/common/src/tx_thread_info_get.c ****     /* Disable interrupts.  */
  92:Middlewares/ST/threadx/common/src/tx_thread_info_get.c ****     TX_DISABLE
  51              		.loc 1 92 5 view .LVU3
  52              	.LBB10:
  53              	.LBI10:
  54              		.file 2 "Middlewares/ST/threadx/ports/cortex_m33/gnu/inc/tx_port.h"
   1:Middlewares/ST/threadx/ports/cortex_m33/gnu/inc/tx_port.h **** /**************************************************************************/
   2:Middlewares/ST/threadx/ports/cortex_m33/gnu/inc/tx_port.h **** /*                                                                        */
   3:Middlewares/ST/threadx/ports/cortex_m33/gnu/inc/tx_port.h **** /*       Copyright (c) Microsoft Corporation. All rights reserved.        */
   4:Middlewares/ST/threadx/ports/cortex_m33/gnu/inc/tx_port.h **** /*                                                                        */
   5:Middlewares/ST/threadx/ports/cortex_m33/gnu/inc/tx_port.h **** /*       This software is licensed under the Microsoft Software License   */
   6:Middlewares/ST/threadx/ports/cortex_m33/gnu/inc/tx_port.h **** /*       Terms for Microsoft Azure RTOS. Full text of the license can be  */
   7:Middlewares/ST/threadx/ports/cortex_m33/gnu/inc/tx_port.h **** /*       found in the LICENSE file at https://aka.ms/AzureRTOS_EULA       */
   8:Middlewares/ST/threadx/ports/cortex_m33/gnu/inc/tx_port.h **** /*       and in the root directory of this software.                      */
   9:Middlewares/ST/threadx/ports/cortex_m33/gnu/inc/tx_port.h **** /*                                                                        */
  10:Middlewares/ST/threadx/ports/cortex_m33/gnu/inc/tx_port.h **** /**************************************************************************/
  11:Middlewares/ST/threadx/ports/cortex_m33/gnu/inc/tx_port.h **** 
  12:Middlewares/ST/threadx/ports/cortex_m33/gnu/inc/tx_port.h **** 
  13:Middlewares/ST/threadx/ports/cortex_m33/gnu/inc/tx_port.h **** /**************************************************************************/
  14:Middlewares/ST/threadx/ports/cortex_m33/gnu/inc/tx_port.h **** /**************************************************************************/
  15:Middlewares/ST/threadx/ports/cortex_m33/gnu/inc/tx_port.h **** /**                                                                       */
  16:Middlewares/ST/threadx/ports/cortex_m33/gnu/inc/tx_port.h **** /** ThreadX Component                                                     */
  17:Middlewares/ST/threadx/ports/cortex_m33/gnu/inc/tx_port.h **** /**                                                                       */
  18:Middlewares/ST/threadx/ports/cortex_m33/gnu/inc/tx_port.h **** /**   Port Specific                                                       */
  19:Middlewares/ST/threadx/ports/cortex_m33/gnu/inc/tx_port.h **** /**                                                                       */
  20:Middlewares/ST/threadx/ports/cortex_m33/gnu/inc/tx_port.h **** /**************************************************************************/
  21:Middlewares/ST/threadx/ports/cortex_m33/gnu/inc/tx_port.h **** /**************************************************************************/
  22:Middlewares/ST/threadx/ports/cortex_m33/gnu/inc/tx_port.h **** 
  23:Middlewares/ST/threadx/ports/cortex_m33/gnu/inc/tx_port.h **** 
  24:Middlewares/ST/threadx/ports/cortex_m33/gnu/inc/tx_port.h **** /**************************************************************************/
  25:Middlewares/ST/threadx/ports/cortex_m33/gnu/inc/tx_port.h **** /*                                                                        */
  26:Middlewares/ST/threadx/ports/cortex_m33/gnu/inc/tx_port.h **** /*  PORT SPECIFIC C INFORMATION                            RELEASE        */
ARM GAS  C:\usertemp\ccNOxyDe.s 			page 4


  27:Middlewares/ST/threadx/ports/cortex_m33/gnu/inc/tx_port.h **** /*                                                                        */
  28:Middlewares/ST/threadx/ports/cortex_m33/gnu/inc/tx_port.h **** /*    tx_port.h                                         Cortex-M33/GNU    */
  29:Middlewares/ST/threadx/ports/cortex_m33/gnu/inc/tx_port.h **** /*                                                           6.2.1        */
  30:Middlewares/ST/threadx/ports/cortex_m33/gnu/inc/tx_port.h **** /*                                                                        */
  31:Middlewares/ST/threadx/ports/cortex_m33/gnu/inc/tx_port.h **** /*  AUTHOR                                                                */
  32:Middlewares/ST/threadx/ports/cortex_m33/gnu/inc/tx_port.h **** /*                                                                        */
  33:Middlewares/ST/threadx/ports/cortex_m33/gnu/inc/tx_port.h **** /*    Scott Larson, Microsoft Corporation                                 */
  34:Middlewares/ST/threadx/ports/cortex_m33/gnu/inc/tx_port.h **** /*                                                                        */
  35:Middlewares/ST/threadx/ports/cortex_m33/gnu/inc/tx_port.h **** /*  DESCRIPTION                                                           */
  36:Middlewares/ST/threadx/ports/cortex_m33/gnu/inc/tx_port.h **** /*                                                                        */
  37:Middlewares/ST/threadx/ports/cortex_m33/gnu/inc/tx_port.h **** /*    This file contains data type definitions that make the ThreadX      */
  38:Middlewares/ST/threadx/ports/cortex_m33/gnu/inc/tx_port.h **** /*    real-time kernel function identically on a variety of different     */
  39:Middlewares/ST/threadx/ports/cortex_m33/gnu/inc/tx_port.h **** /*    processor architectures.  For example, the size or number of bits   */
  40:Middlewares/ST/threadx/ports/cortex_m33/gnu/inc/tx_port.h **** /*    in an "int" data type vary between microprocessor architectures and */
  41:Middlewares/ST/threadx/ports/cortex_m33/gnu/inc/tx_port.h **** /*    even C compilers for the same microprocessor.  ThreadX does not     */
  42:Middlewares/ST/threadx/ports/cortex_m33/gnu/inc/tx_port.h **** /*    directly use native C data types.  Instead, ThreadX creates its     */
  43:Middlewares/ST/threadx/ports/cortex_m33/gnu/inc/tx_port.h **** /*    own special types that can be mapped to actual data types by this   */
  44:Middlewares/ST/threadx/ports/cortex_m33/gnu/inc/tx_port.h **** /*    file to guarantee consistency in the interface and functionality.   */
  45:Middlewares/ST/threadx/ports/cortex_m33/gnu/inc/tx_port.h **** /*                                                                        */
  46:Middlewares/ST/threadx/ports/cortex_m33/gnu/inc/tx_port.h **** /*    This file replaces the previous Cortex-M33 files. It unifies        */
  47:Middlewares/ST/threadx/ports/cortex_m33/gnu/inc/tx_port.h **** /*    the Cortex-M33 compilers into one common file.                      */
  48:Middlewares/ST/threadx/ports/cortex_m33/gnu/inc/tx_port.h **** /*                                                                        */
  49:Middlewares/ST/threadx/ports/cortex_m33/gnu/inc/tx_port.h **** /*  RELEASE HISTORY                                                       */
  50:Middlewares/ST/threadx/ports/cortex_m33/gnu/inc/tx_port.h **** /*                                                                        */
  51:Middlewares/ST/threadx/ports/cortex_m33/gnu/inc/tx_port.h **** /*    DATE              NAME                      DESCRIPTION             */
  52:Middlewares/ST/threadx/ports/cortex_m33/gnu/inc/tx_port.h **** /*                                                                        */
  53:Middlewares/ST/threadx/ports/cortex_m33/gnu/inc/tx_port.h **** /*  09-30-2020      Scott Larson            Initial Version 6.1           */
  54:Middlewares/ST/threadx/ports/cortex_m33/gnu/inc/tx_port.h **** /*  03-02-2021      Scott Larson            Modified comment(s), added    */
  55:Middlewares/ST/threadx/ports/cortex_m33/gnu/inc/tx_port.h **** /*                                            ULONG64_DEFINED,            */
  56:Middlewares/ST/threadx/ports/cortex_m33/gnu/inc/tx_port.h **** /*                                            resulting in version 6.1.5  */
  57:Middlewares/ST/threadx/ports/cortex_m33/gnu/inc/tx_port.h **** /*  06-02-2021      Scott Larson            Modified comment(s), removed  */
  58:Middlewares/ST/threadx/ports/cortex_m33/gnu/inc/tx_port.h **** /*                                            unneeded header file, funcs */
  59:Middlewares/ST/threadx/ports/cortex_m33/gnu/inc/tx_port.h **** /*                                            set_control and get_control */
  60:Middlewares/ST/threadx/ports/cortex_m33/gnu/inc/tx_port.h **** /*                                            changed to inline,          */
  61:Middlewares/ST/threadx/ports/cortex_m33/gnu/inc/tx_port.h **** /*                                            added symbol to enable      */
  62:Middlewares/ST/threadx/ports/cortex_m33/gnu/inc/tx_port.h **** /*                                            stack error handler,        */
  63:Middlewares/ST/threadx/ports/cortex_m33/gnu/inc/tx_port.h **** /*                                            resulting in version 6.1.7  */
  64:Middlewares/ST/threadx/ports/cortex_m33/gnu/inc/tx_port.h **** /*  10-15-2021      Scott Larson            Modified comment(s), improved */
  65:Middlewares/ST/threadx/ports/cortex_m33/gnu/inc/tx_port.h **** /*                                            stack check error handling, */
  66:Middlewares/ST/threadx/ports/cortex_m33/gnu/inc/tx_port.h **** /*                                            resulting in version 6.1.9  */
  67:Middlewares/ST/threadx/ports/cortex_m33/gnu/inc/tx_port.h **** /*  01-31-2022      Scott Larson            Modified comment(s), unified  */
  68:Middlewares/ST/threadx/ports/cortex_m33/gnu/inc/tx_port.h **** /*                                            this file across compilers, */
  69:Middlewares/ST/threadx/ports/cortex_m33/gnu/inc/tx_port.h **** /*                                            fixed predefined macro,     */
  70:Middlewares/ST/threadx/ports/cortex_m33/gnu/inc/tx_port.h **** /*                                            resulting in version 6.1.10 */
  71:Middlewares/ST/threadx/ports/cortex_m33/gnu/inc/tx_port.h **** /*  04-25-2022      Scott Larson            Modified comments and added   */
  72:Middlewares/ST/threadx/ports/cortex_m33/gnu/inc/tx_port.h **** /*                                            volatile to registers,      */
  73:Middlewares/ST/threadx/ports/cortex_m33/gnu/inc/tx_port.h **** /*                                            resulting in version 6.1.11 */
  74:Middlewares/ST/threadx/ports/cortex_m33/gnu/inc/tx_port.h **** /*  07-29-2022      Scott Larson            Modified comments and changed */
  75:Middlewares/ST/threadx/ports/cortex_m33/gnu/inc/tx_port.h **** /*                                            secure stack initialization */
  76:Middlewares/ST/threadx/ports/cortex_m33/gnu/inc/tx_port.h **** /*                                            macro to port-specific,     */
  77:Middlewares/ST/threadx/ports/cortex_m33/gnu/inc/tx_port.h **** /*                                            described BASEPRI usage,    */
  78:Middlewares/ST/threadx/ports/cortex_m33/gnu/inc/tx_port.h **** /*                                            resulting in version 6.1.12 */
  79:Middlewares/ST/threadx/ports/cortex_m33/gnu/inc/tx_port.h **** /*  03-08-2023      Scott Larson            Removed unneeded #include,    */
  80:Middlewares/ST/threadx/ports/cortex_m33/gnu/inc/tx_port.h **** /*                                            resulting in version 6.2.1  */
  81:Middlewares/ST/threadx/ports/cortex_m33/gnu/inc/tx_port.h **** /*                                                                        */
  82:Middlewares/ST/threadx/ports/cortex_m33/gnu/inc/tx_port.h **** /**************************************************************************/
  83:Middlewares/ST/threadx/ports/cortex_m33/gnu/inc/tx_port.h **** 
ARM GAS  C:\usertemp\ccNOxyDe.s 			page 5


  84:Middlewares/ST/threadx/ports/cortex_m33/gnu/inc/tx_port.h **** #ifndef TX_PORT_H
  85:Middlewares/ST/threadx/ports/cortex_m33/gnu/inc/tx_port.h **** #define TX_PORT_H
  86:Middlewares/ST/threadx/ports/cortex_m33/gnu/inc/tx_port.h **** 
  87:Middlewares/ST/threadx/ports/cortex_m33/gnu/inc/tx_port.h **** /* Determine if the optional ThreadX user define file should be used.  */
  88:Middlewares/ST/threadx/ports/cortex_m33/gnu/inc/tx_port.h **** #ifdef TX_INCLUDE_USER_DEFINE_FILE
  89:Middlewares/ST/threadx/ports/cortex_m33/gnu/inc/tx_port.h **** 
  90:Middlewares/ST/threadx/ports/cortex_m33/gnu/inc/tx_port.h **** /* Yes, include the user defines in tx_user.h. The defines in this file may
  91:Middlewares/ST/threadx/ports/cortex_m33/gnu/inc/tx_port.h ****    alternately be defined on the command line.  */
  92:Middlewares/ST/threadx/ports/cortex_m33/gnu/inc/tx_port.h **** 
  93:Middlewares/ST/threadx/ports/cortex_m33/gnu/inc/tx_port.h **** #include "tx_user.h"
  94:Middlewares/ST/threadx/ports/cortex_m33/gnu/inc/tx_port.h **** #endif /* TX_INCLUDE_USER_DEFINE_FILE */
  95:Middlewares/ST/threadx/ports/cortex_m33/gnu/inc/tx_port.h **** 
  96:Middlewares/ST/threadx/ports/cortex_m33/gnu/inc/tx_port.h **** /* Define compiler library include files.  */
  97:Middlewares/ST/threadx/ports/cortex_m33/gnu/inc/tx_port.h **** 
  98:Middlewares/ST/threadx/ports/cortex_m33/gnu/inc/tx_port.h **** #include <stdlib.h>
  99:Middlewares/ST/threadx/ports/cortex_m33/gnu/inc/tx_port.h **** #include <string.h>
 100:Middlewares/ST/threadx/ports/cortex_m33/gnu/inc/tx_port.h **** 
 101:Middlewares/ST/threadx/ports/cortex_m33/gnu/inc/tx_port.h **** #ifdef __ICCARM__
 102:Middlewares/ST/threadx/ports/cortex_m33/gnu/inc/tx_port.h **** #include <intrinsics.h>                         /* IAR Intrinsics */
 103:Middlewares/ST/threadx/ports/cortex_m33/gnu/inc/tx_port.h **** #define __asm__                 __asm           /* Define to make all inline asm from each compiler
 104:Middlewares/ST/threadx/ports/cortex_m33/gnu/inc/tx_port.h **** #define _tx_control_get         __get_CONTROL
 105:Middlewares/ST/threadx/ports/cortex_m33/gnu/inc/tx_port.h **** #define _tx_control_set         __set_CONTROL
 106:Middlewares/ST/threadx/ports/cortex_m33/gnu/inc/tx_port.h **** #define _tx_ipsr_get            __get_IPSR
 107:Middlewares/ST/threadx/ports/cortex_m33/gnu/inc/tx_port.h **** #ifdef  TX_ENABLE_IAR_LIBRARY_SUPPORT
 108:Middlewares/ST/threadx/ports/cortex_m33/gnu/inc/tx_port.h **** #include <yvals.h>
 109:Middlewares/ST/threadx/ports/cortex_m33/gnu/inc/tx_port.h **** #endif /* TX_ENABLE_IAR_LIBRARY_SUPPORT */
 110:Middlewares/ST/threadx/ports/cortex_m33/gnu/inc/tx_port.h **** #endif /* __ICCARM__ */
 111:Middlewares/ST/threadx/ports/cortex_m33/gnu/inc/tx_port.h **** 
 112:Middlewares/ST/threadx/ports/cortex_m33/gnu/inc/tx_port.h **** 
 113:Middlewares/ST/threadx/ports/cortex_m33/gnu/inc/tx_port.h **** /* Define ThreadX basic types for this port.  */
 114:Middlewares/ST/threadx/ports/cortex_m33/gnu/inc/tx_port.h **** 
 115:Middlewares/ST/threadx/ports/cortex_m33/gnu/inc/tx_port.h **** #define VOID                                    void
 116:Middlewares/ST/threadx/ports/cortex_m33/gnu/inc/tx_port.h **** typedef char                                    CHAR;
 117:Middlewares/ST/threadx/ports/cortex_m33/gnu/inc/tx_port.h **** typedef unsigned char                           UCHAR;
 118:Middlewares/ST/threadx/ports/cortex_m33/gnu/inc/tx_port.h **** typedef int                                     INT;
 119:Middlewares/ST/threadx/ports/cortex_m33/gnu/inc/tx_port.h **** typedef unsigned int                            UINT;
 120:Middlewares/ST/threadx/ports/cortex_m33/gnu/inc/tx_port.h **** typedef long                                    LONG;
 121:Middlewares/ST/threadx/ports/cortex_m33/gnu/inc/tx_port.h **** typedef unsigned long                           ULONG;
 122:Middlewares/ST/threadx/ports/cortex_m33/gnu/inc/tx_port.h **** typedef unsigned long long                      ULONG64;
 123:Middlewares/ST/threadx/ports/cortex_m33/gnu/inc/tx_port.h **** typedef short                                   SHORT;
 124:Middlewares/ST/threadx/ports/cortex_m33/gnu/inc/tx_port.h **** typedef unsigned short                          USHORT;
 125:Middlewares/ST/threadx/ports/cortex_m33/gnu/inc/tx_port.h **** #define ULONG64_DEFINED
 126:Middlewares/ST/threadx/ports/cortex_m33/gnu/inc/tx_port.h **** 
 127:Middlewares/ST/threadx/ports/cortex_m33/gnu/inc/tx_port.h **** /* Function prototypes for this port. */
 128:Middlewares/ST/threadx/ports/cortex_m33/gnu/inc/tx_port.h **** struct  TX_THREAD_STRUCT;
 129:Middlewares/ST/threadx/ports/cortex_m33/gnu/inc/tx_port.h **** UINT    _txe_thread_secure_stack_allocate(struct TX_THREAD_STRUCT *thread_ptr, ULONG stack_size);
 130:Middlewares/ST/threadx/ports/cortex_m33/gnu/inc/tx_port.h **** UINT    _txe_thread_secure_stack_free(struct TX_THREAD_STRUCT *thread_ptr);
 131:Middlewares/ST/threadx/ports/cortex_m33/gnu/inc/tx_port.h **** UINT    _tx_thread_secure_stack_allocate(struct TX_THREAD_STRUCT *tx_thread, ULONG stack_size);
 132:Middlewares/ST/threadx/ports/cortex_m33/gnu/inc/tx_port.h **** UINT    _tx_thread_secure_stack_free(struct TX_THREAD_STRUCT *tx_thread);
 133:Middlewares/ST/threadx/ports/cortex_m33/gnu/inc/tx_port.h **** 
 134:Middlewares/ST/threadx/ports/cortex_m33/gnu/inc/tx_port.h **** /* Define the system API mappings based on the error checking
 135:Middlewares/ST/threadx/ports/cortex_m33/gnu/inc/tx_port.h ****    selected by the user.  Note: this section is only applicable to
 136:Middlewares/ST/threadx/ports/cortex_m33/gnu/inc/tx_port.h ****    application source code, hence the conditional that turns off this
 137:Middlewares/ST/threadx/ports/cortex_m33/gnu/inc/tx_port.h ****    stuff when the include file is processed by the ThreadX source. */
 138:Middlewares/ST/threadx/ports/cortex_m33/gnu/inc/tx_port.h **** 
 139:Middlewares/ST/threadx/ports/cortex_m33/gnu/inc/tx_port.h **** #ifndef TX_SOURCE_CODE
 140:Middlewares/ST/threadx/ports/cortex_m33/gnu/inc/tx_port.h **** 
ARM GAS  C:\usertemp\ccNOxyDe.s 			page 6


 141:Middlewares/ST/threadx/ports/cortex_m33/gnu/inc/tx_port.h **** 
 142:Middlewares/ST/threadx/ports/cortex_m33/gnu/inc/tx_port.h **** /* Determine if error checking is desired.  If so, map API functions
 143:Middlewares/ST/threadx/ports/cortex_m33/gnu/inc/tx_port.h ****    to the appropriate error checking front-ends.  Otherwise, map API
 144:Middlewares/ST/threadx/ports/cortex_m33/gnu/inc/tx_port.h ****    functions to the core functions that actually perform the work.
 145:Middlewares/ST/threadx/ports/cortex_m33/gnu/inc/tx_port.h ****    Note: error checking is enabled by default.  */
 146:Middlewares/ST/threadx/ports/cortex_m33/gnu/inc/tx_port.h **** 
 147:Middlewares/ST/threadx/ports/cortex_m33/gnu/inc/tx_port.h **** #ifdef TX_DISABLE_ERROR_CHECKING
 148:Middlewares/ST/threadx/ports/cortex_m33/gnu/inc/tx_port.h **** 
 149:Middlewares/ST/threadx/ports/cortex_m33/gnu/inc/tx_port.h **** /* Services without error checking.  */
 150:Middlewares/ST/threadx/ports/cortex_m33/gnu/inc/tx_port.h **** 
 151:Middlewares/ST/threadx/ports/cortex_m33/gnu/inc/tx_port.h **** #define tx_thread_secure_stack_allocate   _tx_thread_secure_stack_allocate
 152:Middlewares/ST/threadx/ports/cortex_m33/gnu/inc/tx_port.h **** #define tx_thread_secure_stack_free       _tx_thread_secure_stack_free
 153:Middlewares/ST/threadx/ports/cortex_m33/gnu/inc/tx_port.h **** 
 154:Middlewares/ST/threadx/ports/cortex_m33/gnu/inc/tx_port.h **** #else
 155:Middlewares/ST/threadx/ports/cortex_m33/gnu/inc/tx_port.h **** 
 156:Middlewares/ST/threadx/ports/cortex_m33/gnu/inc/tx_port.h **** /* Services with error checking.  */
 157:Middlewares/ST/threadx/ports/cortex_m33/gnu/inc/tx_port.h **** 
 158:Middlewares/ST/threadx/ports/cortex_m33/gnu/inc/tx_port.h **** #define tx_thread_secure_stack_allocate   _txe_thread_secure_stack_allocate
 159:Middlewares/ST/threadx/ports/cortex_m33/gnu/inc/tx_port.h **** #define tx_thread_secure_stack_free       _txe_thread_secure_stack_free
 160:Middlewares/ST/threadx/ports/cortex_m33/gnu/inc/tx_port.h **** 
 161:Middlewares/ST/threadx/ports/cortex_m33/gnu/inc/tx_port.h **** #endif  /* TX_DISABLE_ERROR_CHECKING */
 162:Middlewares/ST/threadx/ports/cortex_m33/gnu/inc/tx_port.h **** #endif  /* TX_SOURCE_CODE */
 163:Middlewares/ST/threadx/ports/cortex_m33/gnu/inc/tx_port.h **** 
 164:Middlewares/ST/threadx/ports/cortex_m33/gnu/inc/tx_port.h **** /* This port has a usage fault handler in _tx_initialize_low_level for stack exceptions.  */
 165:Middlewares/ST/threadx/ports/cortex_m33/gnu/inc/tx_port.h **** #define TX_PORT_THREAD_STACK_ERROR_HANDLING
 166:Middlewares/ST/threadx/ports/cortex_m33/gnu/inc/tx_port.h **** 
 167:Middlewares/ST/threadx/ports/cortex_m33/gnu/inc/tx_port.h **** /* Define the priority levels for ThreadX.  Legal values range
 168:Middlewares/ST/threadx/ports/cortex_m33/gnu/inc/tx_port.h ****    from 32 to 1024 and MUST be evenly divisible by 32.  */
 169:Middlewares/ST/threadx/ports/cortex_m33/gnu/inc/tx_port.h **** 
 170:Middlewares/ST/threadx/ports/cortex_m33/gnu/inc/tx_port.h **** #ifndef TX_MAX_PRIORITIES
 171:Middlewares/ST/threadx/ports/cortex_m33/gnu/inc/tx_port.h **** #define TX_MAX_PRIORITIES                       32
 172:Middlewares/ST/threadx/ports/cortex_m33/gnu/inc/tx_port.h **** #endif
 173:Middlewares/ST/threadx/ports/cortex_m33/gnu/inc/tx_port.h **** 
 174:Middlewares/ST/threadx/ports/cortex_m33/gnu/inc/tx_port.h **** 
 175:Middlewares/ST/threadx/ports/cortex_m33/gnu/inc/tx_port.h **** /* Define the minimum stack for a ThreadX thread on this processor. If the size supplied during
 176:Middlewares/ST/threadx/ports/cortex_m33/gnu/inc/tx_port.h ****    thread creation is less than this value, the thread create call will return an error.  */
 177:Middlewares/ST/threadx/ports/cortex_m33/gnu/inc/tx_port.h **** 
 178:Middlewares/ST/threadx/ports/cortex_m33/gnu/inc/tx_port.h **** #ifndef TX_MINIMUM_STACK
 179:Middlewares/ST/threadx/ports/cortex_m33/gnu/inc/tx_port.h **** #define TX_MINIMUM_STACK                        200         /* Minimum stack size for this port  */
 180:Middlewares/ST/threadx/ports/cortex_m33/gnu/inc/tx_port.h **** #endif
 181:Middlewares/ST/threadx/ports/cortex_m33/gnu/inc/tx_port.h **** 
 182:Middlewares/ST/threadx/ports/cortex_m33/gnu/inc/tx_port.h **** 
 183:Middlewares/ST/threadx/ports/cortex_m33/gnu/inc/tx_port.h **** /* Define the system timer thread's default stack size and priority.  These are only applicable
 184:Middlewares/ST/threadx/ports/cortex_m33/gnu/inc/tx_port.h ****    if TX_TIMER_PROCESS_IN_ISR is not defined.  */
 185:Middlewares/ST/threadx/ports/cortex_m33/gnu/inc/tx_port.h **** 
 186:Middlewares/ST/threadx/ports/cortex_m33/gnu/inc/tx_port.h **** #ifndef TX_TIMER_THREAD_STACK_SIZE
 187:Middlewares/ST/threadx/ports/cortex_m33/gnu/inc/tx_port.h **** #define TX_TIMER_THREAD_STACK_SIZE              1024        /* Default timer thread stack size  */
 188:Middlewares/ST/threadx/ports/cortex_m33/gnu/inc/tx_port.h **** #endif
 189:Middlewares/ST/threadx/ports/cortex_m33/gnu/inc/tx_port.h **** 
 190:Middlewares/ST/threadx/ports/cortex_m33/gnu/inc/tx_port.h **** #ifndef TX_TIMER_THREAD_PRIORITY
 191:Middlewares/ST/threadx/ports/cortex_m33/gnu/inc/tx_port.h **** #define TX_TIMER_THREAD_PRIORITY                0           /* Default timer thread priority    */
 192:Middlewares/ST/threadx/ports/cortex_m33/gnu/inc/tx_port.h **** #endif
 193:Middlewares/ST/threadx/ports/cortex_m33/gnu/inc/tx_port.h **** 
 194:Middlewares/ST/threadx/ports/cortex_m33/gnu/inc/tx_port.h **** /* By default, ThreadX for Cortex-M uses the PRIMASK register to enable/disable interrupts.
 195:Middlewares/ST/threadx/ports/cortex_m33/gnu/inc/tx_port.h **** If using BASEPRI is desired, define the following two symbols for both c and assembly files:
 196:Middlewares/ST/threadx/ports/cortex_m33/gnu/inc/tx_port.h **** TX_PORT_USE_BASEPRI - This tells ThreadX to use BASEPRI instead of PRIMASK.
 197:Middlewares/ST/threadx/ports/cortex_m33/gnu/inc/tx_port.h **** TX_PORT_BASEPRI = (priority_mask << (8 - number_priority_bits)) - this defines the maximum priority
ARM GAS  C:\usertemp\ccNOxyDe.s 			page 7


 198:Middlewares/ST/threadx/ports/cortex_m33/gnu/inc/tx_port.h **** Any interrupt with a higher priority than priority_mask will not be masked, thus the interrupt will
 199:Middlewares/ST/threadx/ports/cortex_m33/gnu/inc/tx_port.h **** */
 200:Middlewares/ST/threadx/ports/cortex_m33/gnu/inc/tx_port.h **** 
 201:Middlewares/ST/threadx/ports/cortex_m33/gnu/inc/tx_port.h **** /* Define various constants for the ThreadX Cortex-M port.  */
 202:Middlewares/ST/threadx/ports/cortex_m33/gnu/inc/tx_port.h **** 
 203:Middlewares/ST/threadx/ports/cortex_m33/gnu/inc/tx_port.h **** #define TX_INT_DISABLE                          1           /* Disable interrupts               */
 204:Middlewares/ST/threadx/ports/cortex_m33/gnu/inc/tx_port.h **** #define TX_INT_ENABLE                           0           /* Enable interrupts                */
 205:Middlewares/ST/threadx/ports/cortex_m33/gnu/inc/tx_port.h **** 
 206:Middlewares/ST/threadx/ports/cortex_m33/gnu/inc/tx_port.h **** 
 207:Middlewares/ST/threadx/ports/cortex_m33/gnu/inc/tx_port.h **** /* Define the clock source for trace event entry time stamp. The following two item are port specif
 208:Middlewares/ST/threadx/ports/cortex_m33/gnu/inc/tx_port.h ****    For example, if the time source is at the address 0x0a800024 and is 16-bits in size, the clock
 209:Middlewares/ST/threadx/ports/cortex_m33/gnu/inc/tx_port.h ****    source constants would be:
 210:Middlewares/ST/threadx/ports/cortex_m33/gnu/inc/tx_port.h **** 
 211:Middlewares/ST/threadx/ports/cortex_m33/gnu/inc/tx_port.h **** #define TX_TRACE_TIME_SOURCE                    *((volatile ULONG *) 0x0a800024)
 212:Middlewares/ST/threadx/ports/cortex_m33/gnu/inc/tx_port.h **** #define TX_TRACE_TIME_MASK                      0x0000FFFFUL
 213:Middlewares/ST/threadx/ports/cortex_m33/gnu/inc/tx_port.h **** 
 214:Middlewares/ST/threadx/ports/cortex_m33/gnu/inc/tx_port.h **** */
 215:Middlewares/ST/threadx/ports/cortex_m33/gnu/inc/tx_port.h **** 
 216:Middlewares/ST/threadx/ports/cortex_m33/gnu/inc/tx_port.h **** #ifndef TX_MISRA_ENABLE
 217:Middlewares/ST/threadx/ports/cortex_m33/gnu/inc/tx_port.h **** #ifndef TX_TRACE_TIME_SOURCE
 218:Middlewares/ST/threadx/ports/cortex_m33/gnu/inc/tx_port.h **** #define TX_TRACE_TIME_SOURCE                    *((volatile ULONG *) 0xE0001004)
 219:Middlewares/ST/threadx/ports/cortex_m33/gnu/inc/tx_port.h **** #endif
 220:Middlewares/ST/threadx/ports/cortex_m33/gnu/inc/tx_port.h **** #else
 221:Middlewares/ST/threadx/ports/cortex_m33/gnu/inc/tx_port.h **** ULONG   _tx_misra_time_stamp_get(VOID);
 222:Middlewares/ST/threadx/ports/cortex_m33/gnu/inc/tx_port.h **** #define TX_TRACE_TIME_SOURCE                    _tx_misra_time_stamp_get()
 223:Middlewares/ST/threadx/ports/cortex_m33/gnu/inc/tx_port.h **** #endif
 224:Middlewares/ST/threadx/ports/cortex_m33/gnu/inc/tx_port.h **** 
 225:Middlewares/ST/threadx/ports/cortex_m33/gnu/inc/tx_port.h **** #ifndef TX_TRACE_TIME_MASK
 226:Middlewares/ST/threadx/ports/cortex_m33/gnu/inc/tx_port.h **** #define TX_TRACE_TIME_MASK                      0xFFFFFFFFUL
 227:Middlewares/ST/threadx/ports/cortex_m33/gnu/inc/tx_port.h **** #endif
 228:Middlewares/ST/threadx/ports/cortex_m33/gnu/inc/tx_port.h **** 
 229:Middlewares/ST/threadx/ports/cortex_m33/gnu/inc/tx_port.h **** 
 230:Middlewares/ST/threadx/ports/cortex_m33/gnu/inc/tx_port.h **** /* Define the port specific options for the _tx_build_options variable. This variable indicates
 231:Middlewares/ST/threadx/ports/cortex_m33/gnu/inc/tx_port.h ****    how the ThreadX library was built.  */
 232:Middlewares/ST/threadx/ports/cortex_m33/gnu/inc/tx_port.h **** 
 233:Middlewares/ST/threadx/ports/cortex_m33/gnu/inc/tx_port.h **** #define TX_PORT_SPECIFIC_BUILD_OPTIONS          (0)
 234:Middlewares/ST/threadx/ports/cortex_m33/gnu/inc/tx_port.h **** 
 235:Middlewares/ST/threadx/ports/cortex_m33/gnu/inc/tx_port.h **** 
 236:Middlewares/ST/threadx/ports/cortex_m33/gnu/inc/tx_port.h **** /* Define the in-line initialization constant so that modules with in-line
 237:Middlewares/ST/threadx/ports/cortex_m33/gnu/inc/tx_port.h ****    initialization capabilities can prevent their initialization from being
 238:Middlewares/ST/threadx/ports/cortex_m33/gnu/inc/tx_port.h ****    a function call.  */
 239:Middlewares/ST/threadx/ports/cortex_m33/gnu/inc/tx_port.h **** 
 240:Middlewares/ST/threadx/ports/cortex_m33/gnu/inc/tx_port.h **** #ifdef TX_MISRA_ENABLE
 241:Middlewares/ST/threadx/ports/cortex_m33/gnu/inc/tx_port.h **** #define TX_DISABLE_INLINE
 242:Middlewares/ST/threadx/ports/cortex_m33/gnu/inc/tx_port.h **** #else
 243:Middlewares/ST/threadx/ports/cortex_m33/gnu/inc/tx_port.h **** #define TX_INLINE_INITIALIZATION
 244:Middlewares/ST/threadx/ports/cortex_m33/gnu/inc/tx_port.h **** #endif
 245:Middlewares/ST/threadx/ports/cortex_m33/gnu/inc/tx_port.h **** 
 246:Middlewares/ST/threadx/ports/cortex_m33/gnu/inc/tx_port.h **** 
 247:Middlewares/ST/threadx/ports/cortex_m33/gnu/inc/tx_port.h **** /* Determine whether or not stack checking is enabled. By default, ThreadX stack checking is
 248:Middlewares/ST/threadx/ports/cortex_m33/gnu/inc/tx_port.h ****    disabled. When the following is defined, ThreadX thread stack checking is enabled.  If stack
 249:Middlewares/ST/threadx/ports/cortex_m33/gnu/inc/tx_port.h ****    checking is enabled (TX_ENABLE_STACK_CHECKING is defined), the TX_DISABLE_STACK_FILLING
 250:Middlewares/ST/threadx/ports/cortex_m33/gnu/inc/tx_port.h ****    define is negated, thereby forcing the stack fill which is necessary for the stack checking
 251:Middlewares/ST/threadx/ports/cortex_m33/gnu/inc/tx_port.h ****    logic.  */
 252:Middlewares/ST/threadx/ports/cortex_m33/gnu/inc/tx_port.h **** 
 253:Middlewares/ST/threadx/ports/cortex_m33/gnu/inc/tx_port.h **** #ifndef TX_MISRA_ENABLE
 254:Middlewares/ST/threadx/ports/cortex_m33/gnu/inc/tx_port.h **** #ifdef TX_ENABLE_STACK_CHECKING
ARM GAS  C:\usertemp\ccNOxyDe.s 			page 8


 255:Middlewares/ST/threadx/ports/cortex_m33/gnu/inc/tx_port.h **** #undef TX_DISABLE_STACK_FILLING
 256:Middlewares/ST/threadx/ports/cortex_m33/gnu/inc/tx_port.h **** #endif
 257:Middlewares/ST/threadx/ports/cortex_m33/gnu/inc/tx_port.h **** #endif
 258:Middlewares/ST/threadx/ports/cortex_m33/gnu/inc/tx_port.h **** 
 259:Middlewares/ST/threadx/ports/cortex_m33/gnu/inc/tx_port.h **** 
 260:Middlewares/ST/threadx/ports/cortex_m33/gnu/inc/tx_port.h **** /* Define the TX_THREAD control block extensions for this port. The main reason
 261:Middlewares/ST/threadx/ports/cortex_m33/gnu/inc/tx_port.h ****    for the multiple macros is so that backward compatibility can be maintained with
 262:Middlewares/ST/threadx/ports/cortex_m33/gnu/inc/tx_port.h ****    existing ThreadX kernel awareness modules.  */
 263:Middlewares/ST/threadx/ports/cortex_m33/gnu/inc/tx_port.h **** 
 264:Middlewares/ST/threadx/ports/cortex_m33/gnu/inc/tx_port.h **** #define TX_THREAD_EXTENSION_0
 265:Middlewares/ST/threadx/ports/cortex_m33/gnu/inc/tx_port.h **** #define TX_THREAD_EXTENSION_1
 266:Middlewares/ST/threadx/ports/cortex_m33/gnu/inc/tx_port.h **** 
 267:Middlewares/ST/threadx/ports/cortex_m33/gnu/inc/tx_port.h **** #ifdef  TX_ENABLE_IAR_LIBRARY_SUPPORT
 268:Middlewares/ST/threadx/ports/cortex_m33/gnu/inc/tx_port.h **** /* IAR library support */
 269:Middlewares/ST/threadx/ports/cortex_m33/gnu/inc/tx_port.h **** #if !defined(TX_SINGLE_MODE_SECURE) && !defined(TX_SINGLE_MODE_NON_SECURE)
 270:Middlewares/ST/threadx/ports/cortex_m33/gnu/inc/tx_port.h **** /* ThreadX in non-secure zone with calls to secure zone. */
 271:Middlewares/ST/threadx/ports/cortex_m33/gnu/inc/tx_port.h **** #define TX_THREAD_EXTENSION_2           VOID    *tx_thread_secure_stack_context;    \
 272:Middlewares/ST/threadx/ports/cortex_m33/gnu/inc/tx_port.h ****                                         VOID    *tx_thread_iar_tls_pointer;
 273:Middlewares/ST/threadx/ports/cortex_m33/gnu/inc/tx_port.h **** #else
 274:Middlewares/ST/threadx/ports/cortex_m33/gnu/inc/tx_port.h **** /* ThreadX in only one zone. */
 275:Middlewares/ST/threadx/ports/cortex_m33/gnu/inc/tx_port.h **** #define TX_THREAD_EXTENSION_2           VOID    *tx_thread_iar_tls_pointer;
 276:Middlewares/ST/threadx/ports/cortex_m33/gnu/inc/tx_port.h **** #endif
 277:Middlewares/ST/threadx/ports/cortex_m33/gnu/inc/tx_port.h **** 
 278:Middlewares/ST/threadx/ports/cortex_m33/gnu/inc/tx_port.h **** #else
 279:Middlewares/ST/threadx/ports/cortex_m33/gnu/inc/tx_port.h **** /* No IAR library support */
 280:Middlewares/ST/threadx/ports/cortex_m33/gnu/inc/tx_port.h **** #if !defined(TX_SINGLE_MODE_SECURE) && !defined(TX_SINGLE_MODE_NON_SECURE)
 281:Middlewares/ST/threadx/ports/cortex_m33/gnu/inc/tx_port.h **** /* ThreadX in non-secure zone with calls to secure zone. */
 282:Middlewares/ST/threadx/ports/cortex_m33/gnu/inc/tx_port.h **** #define TX_THREAD_EXTENSION_2           VOID    *tx_thread_secure_stack_context;
 283:Middlewares/ST/threadx/ports/cortex_m33/gnu/inc/tx_port.h **** #else
 284:Middlewares/ST/threadx/ports/cortex_m33/gnu/inc/tx_port.h **** /* ThreadX in only one zone. */
 285:Middlewares/ST/threadx/ports/cortex_m33/gnu/inc/tx_port.h **** #define TX_THREAD_EXTENSION_2
 286:Middlewares/ST/threadx/ports/cortex_m33/gnu/inc/tx_port.h **** #endif
 287:Middlewares/ST/threadx/ports/cortex_m33/gnu/inc/tx_port.h **** 
 288:Middlewares/ST/threadx/ports/cortex_m33/gnu/inc/tx_port.h **** #endif  /* TX_ENABLE_IAR_LIBRARY_SUPPORT */
 289:Middlewares/ST/threadx/ports/cortex_m33/gnu/inc/tx_port.h **** 
 290:Middlewares/ST/threadx/ports/cortex_m33/gnu/inc/tx_port.h **** #define TX_THREAD_EXTENSION_3
 291:Middlewares/ST/threadx/ports/cortex_m33/gnu/inc/tx_port.h **** 
 292:Middlewares/ST/threadx/ports/cortex_m33/gnu/inc/tx_port.h **** 
 293:Middlewares/ST/threadx/ports/cortex_m33/gnu/inc/tx_port.h **** /* Define the port extensions of the remaining ThreadX objects.  */
 294:Middlewares/ST/threadx/ports/cortex_m33/gnu/inc/tx_port.h **** 
 295:Middlewares/ST/threadx/ports/cortex_m33/gnu/inc/tx_port.h **** #define TX_BLOCK_POOL_EXTENSION
 296:Middlewares/ST/threadx/ports/cortex_m33/gnu/inc/tx_port.h **** #define TX_BYTE_POOL_EXTENSION
 297:Middlewares/ST/threadx/ports/cortex_m33/gnu/inc/tx_port.h **** #define TX_EVENT_FLAGS_GROUP_EXTENSION
 298:Middlewares/ST/threadx/ports/cortex_m33/gnu/inc/tx_port.h **** #define TX_MUTEX_EXTENSION
 299:Middlewares/ST/threadx/ports/cortex_m33/gnu/inc/tx_port.h **** #define TX_QUEUE_EXTENSION
 300:Middlewares/ST/threadx/ports/cortex_m33/gnu/inc/tx_port.h **** #define TX_SEMAPHORE_EXTENSION
 301:Middlewares/ST/threadx/ports/cortex_m33/gnu/inc/tx_port.h **** #define TX_TIMER_EXTENSION
 302:Middlewares/ST/threadx/ports/cortex_m33/gnu/inc/tx_port.h **** 
 303:Middlewares/ST/threadx/ports/cortex_m33/gnu/inc/tx_port.h **** 
 304:Middlewares/ST/threadx/ports/cortex_m33/gnu/inc/tx_port.h **** /* Define the user extension field of the thread control block.  Nothing
 305:Middlewares/ST/threadx/ports/cortex_m33/gnu/inc/tx_port.h ****    additional is needed for this port so it is defined as white space.  */
 306:Middlewares/ST/threadx/ports/cortex_m33/gnu/inc/tx_port.h **** 
 307:Middlewares/ST/threadx/ports/cortex_m33/gnu/inc/tx_port.h **** #ifndef TX_THREAD_USER_EXTENSION
 308:Middlewares/ST/threadx/ports/cortex_m33/gnu/inc/tx_port.h **** #define TX_THREAD_USER_EXTENSION
 309:Middlewares/ST/threadx/ports/cortex_m33/gnu/inc/tx_port.h **** #endif
 310:Middlewares/ST/threadx/ports/cortex_m33/gnu/inc/tx_port.h **** 
 311:Middlewares/ST/threadx/ports/cortex_m33/gnu/inc/tx_port.h **** 
ARM GAS  C:\usertemp\ccNOxyDe.s 			page 9


 312:Middlewares/ST/threadx/ports/cortex_m33/gnu/inc/tx_port.h **** /* Define the macros for processing extensions in tx_thread_create, tx_thread_delete,
 313:Middlewares/ST/threadx/ports/cortex_m33/gnu/inc/tx_port.h ****    tx_thread_shell_entry, and tx_thread_terminate.  */
 314:Middlewares/ST/threadx/ports/cortex_m33/gnu/inc/tx_port.h **** #ifdef  TX_ENABLE_IAR_LIBRARY_SUPPORT
 315:Middlewares/ST/threadx/ports/cortex_m33/gnu/inc/tx_port.h **** void    *_tx_iar_create_per_thread_tls_area(void);
 316:Middlewares/ST/threadx/ports/cortex_m33/gnu/inc/tx_port.h **** void    _tx_iar_destroy_per_thread_tls_area(void *tls_ptr);
 317:Middlewares/ST/threadx/ports/cortex_m33/gnu/inc/tx_port.h **** void    __iar_Initlocks(void);
 318:Middlewares/ST/threadx/ports/cortex_m33/gnu/inc/tx_port.h **** #define TX_THREAD_CREATE_EXTENSION(thread_ptr)                      thread_ptr -> tx_thread_iar_tls
 319:Middlewares/ST/threadx/ports/cortex_m33/gnu/inc/tx_port.h **** 
 320:Middlewares/ST/threadx/ports/cortex_m33/gnu/inc/tx_port.h **** #if !defined(TX_SINGLE_MODE_SECURE) && !defined(TX_SINGLE_MODE_NON_SECURE)
 321:Middlewares/ST/threadx/ports/cortex_m33/gnu/inc/tx_port.h **** #define TX_THREAD_DELETE_EXTENSION(thread_ptr)                      do {_tx_iar_destroy_per_thread_
 322:Middlewares/ST/threadx/ports/cortex_m33/gnu/inc/tx_port.h ****                                                                         thread_ptr -> tx_thread_iar
 323:Middlewares/ST/threadx/ports/cortex_m33/gnu/inc/tx_port.h ****                                                                     if(thread_ptr -> tx_thread_secu
 324:Middlewares/ST/threadx/ports/cortex_m33/gnu/inc/tx_port.h **** #else
 325:Middlewares/ST/threadx/ports/cortex_m33/gnu/inc/tx_port.h **** #define TX_THREAD_DELETE_EXTENSION(thread_ptr)                      do {_tx_iar_destroy_per_thread_
 326:Middlewares/ST/threadx/ports/cortex_m33/gnu/inc/tx_port.h ****                                                                         thread_ptr -> tx_thread_iar
 327:Middlewares/ST/threadx/ports/cortex_m33/gnu/inc/tx_port.h **** #endif
 328:Middlewares/ST/threadx/ports/cortex_m33/gnu/inc/tx_port.h **** #define TX_PORT_SPECIFIC_PRE_SCHEDULER_INITIALIZATION               do {__iar_Initlocks();} while(0
 329:Middlewares/ST/threadx/ports/cortex_m33/gnu/inc/tx_port.h **** 
 330:Middlewares/ST/threadx/ports/cortex_m33/gnu/inc/tx_port.h **** #else   /* No IAR library support. */
 331:Middlewares/ST/threadx/ports/cortex_m33/gnu/inc/tx_port.h **** #define TX_THREAD_CREATE_EXTENSION(thread_ptr)
 332:Middlewares/ST/threadx/ports/cortex_m33/gnu/inc/tx_port.h **** #if !defined(TX_SINGLE_MODE_SECURE) && !defined(TX_SINGLE_MODE_NON_SECURE)
 333:Middlewares/ST/threadx/ports/cortex_m33/gnu/inc/tx_port.h **** #define TX_THREAD_DELETE_EXTENSION(thread_ptr)                      if(thread_ptr -> tx_thread_secu
 334:Middlewares/ST/threadx/ports/cortex_m33/gnu/inc/tx_port.h **** #else
 335:Middlewares/ST/threadx/ports/cortex_m33/gnu/inc/tx_port.h **** #define TX_THREAD_DELETE_EXTENSION(thread_ptr)
 336:Middlewares/ST/threadx/ports/cortex_m33/gnu/inc/tx_port.h **** #endif
 337:Middlewares/ST/threadx/ports/cortex_m33/gnu/inc/tx_port.h **** #endif  /* TX_ENABLE_IAR_LIBRARY_SUPPORT */
 338:Middlewares/ST/threadx/ports/cortex_m33/gnu/inc/tx_port.h **** 
 339:Middlewares/ST/threadx/ports/cortex_m33/gnu/inc/tx_port.h **** #if !defined(TX_SINGLE_MODE_SECURE) && !defined(TX_SINGLE_MODE_NON_SECURE)
 340:Middlewares/ST/threadx/ports/cortex_m33/gnu/inc/tx_port.h **** /* Define the size of the secure stack for the timer thread and use the extension to allocate the s
 341:Middlewares/ST/threadx/ports/cortex_m33/gnu/inc/tx_port.h **** #define TX_TIMER_THREAD_SECURE_STACK_SIZE       256
 342:Middlewares/ST/threadx/ports/cortex_m33/gnu/inc/tx_port.h **** #define TX_TIMER_INITIALIZE_EXTENSION(status)   _tx_thread_secure_stack_allocate(&_tx_timer_thread,
 343:Middlewares/ST/threadx/ports/cortex_m33/gnu/inc/tx_port.h **** #endif
 344:Middlewares/ST/threadx/ports/cortex_m33/gnu/inc/tx_port.h **** 
 345:Middlewares/ST/threadx/ports/cortex_m33/gnu/inc/tx_port.h **** 
 346:Middlewares/ST/threadx/ports/cortex_m33/gnu/inc/tx_port.h **** #if defined(__ARMVFP__) || defined(__ARM_PCS_VFP) || defined(__ARM_FP) || defined(__TARGET_FPU_VFP)
 347:Middlewares/ST/threadx/ports/cortex_m33/gnu/inc/tx_port.h **** 
 348:Middlewares/ST/threadx/ports/cortex_m33/gnu/inc/tx_port.h **** #ifdef TX_MISRA_ENABLE
 349:Middlewares/ST/threadx/ports/cortex_m33/gnu/inc/tx_port.h **** 
 350:Middlewares/ST/threadx/ports/cortex_m33/gnu/inc/tx_port.h **** ULONG  _tx_misra_control_get(void);
 351:Middlewares/ST/threadx/ports/cortex_m33/gnu/inc/tx_port.h **** void   _tx_misra_control_set(ULONG value);
 352:Middlewares/ST/threadx/ports/cortex_m33/gnu/inc/tx_port.h **** ULONG  _tx_misra_fpccr_get(void);
 353:Middlewares/ST/threadx/ports/cortex_m33/gnu/inc/tx_port.h **** void   _tx_misra_vfp_touch(void);
 354:Middlewares/ST/threadx/ports/cortex_m33/gnu/inc/tx_port.h **** 
 355:Middlewares/ST/threadx/ports/cortex_m33/gnu/inc/tx_port.h **** #else   /* TX_MISRA_ENABLE not defined */
 356:Middlewares/ST/threadx/ports/cortex_m33/gnu/inc/tx_port.h **** 
 357:Middlewares/ST/threadx/ports/cortex_m33/gnu/inc/tx_port.h **** #ifdef __GNUC__ /* GCC and ARM Compiler 6 */
 358:Middlewares/ST/threadx/ports/cortex_m33/gnu/inc/tx_port.h **** 
 359:Middlewares/ST/threadx/ports/cortex_m33/gnu/inc/tx_port.h **** __attribute__( ( always_inline ) ) static inline ULONG _tx_control_get(void)
 360:Middlewares/ST/threadx/ports/cortex_m33/gnu/inc/tx_port.h **** {
 361:Middlewares/ST/threadx/ports/cortex_m33/gnu/inc/tx_port.h **** ULONG  control_value;
 362:Middlewares/ST/threadx/ports/cortex_m33/gnu/inc/tx_port.h **** 
 363:Middlewares/ST/threadx/ports/cortex_m33/gnu/inc/tx_port.h ****     __asm__ volatile (" MRS  %0,CONTROL ": "=r" (control_value) );
 364:Middlewares/ST/threadx/ports/cortex_m33/gnu/inc/tx_port.h ****     return(control_value);
 365:Middlewares/ST/threadx/ports/cortex_m33/gnu/inc/tx_port.h **** }
 366:Middlewares/ST/threadx/ports/cortex_m33/gnu/inc/tx_port.h **** 
 367:Middlewares/ST/threadx/ports/cortex_m33/gnu/inc/tx_port.h **** __attribute__( ( always_inline ) ) static inline void _tx_control_set(ULONG control_value)
 368:Middlewares/ST/threadx/ports/cortex_m33/gnu/inc/tx_port.h **** {
ARM GAS  C:\usertemp\ccNOxyDe.s 			page 10


 369:Middlewares/ST/threadx/ports/cortex_m33/gnu/inc/tx_port.h ****     __asm__ volatile (" MSR  CONTROL,%0": : "r" (control_value): "memory" );
 370:Middlewares/ST/threadx/ports/cortex_m33/gnu/inc/tx_port.h **** }
 371:Middlewares/ST/threadx/ports/cortex_m33/gnu/inc/tx_port.h **** 
 372:Middlewares/ST/threadx/ports/cortex_m33/gnu/inc/tx_port.h **** #endif  /* __GNUC__ */
 373:Middlewares/ST/threadx/ports/cortex_m33/gnu/inc/tx_port.h **** 
 374:Middlewares/ST/threadx/ports/cortex_m33/gnu/inc/tx_port.h **** /* Touch VFP register in order to flush. Works for AC6/GCC/IAR compilers. */
 375:Middlewares/ST/threadx/ports/cortex_m33/gnu/inc/tx_port.h **** #define TX_VFP_TOUCH()  __asm__ volatile ("VMOV.F32 s0, s0");
 376:Middlewares/ST/threadx/ports/cortex_m33/gnu/inc/tx_port.h **** 
 377:Middlewares/ST/threadx/ports/cortex_m33/gnu/inc/tx_port.h **** #endif  /* TX_MISRA_ENABLE */
 378:Middlewares/ST/threadx/ports/cortex_m33/gnu/inc/tx_port.h **** 
 379:Middlewares/ST/threadx/ports/cortex_m33/gnu/inc/tx_port.h **** /* A completed thread falls into _thread_shell_entry and we can simply deactivate the FPU via CONTR
 380:Middlewares/ST/threadx/ports/cortex_m33/gnu/inc/tx_port.h ****    in order to ensure no lazy stacking will occur. */
 381:Middlewares/ST/threadx/ports/cortex_m33/gnu/inc/tx_port.h **** 
 382:Middlewares/ST/threadx/ports/cortex_m33/gnu/inc/tx_port.h **** #ifndef TX_MISRA_ENABLE
 383:Middlewares/ST/threadx/ports/cortex_m33/gnu/inc/tx_port.h **** 
 384:Middlewares/ST/threadx/ports/cortex_m33/gnu/inc/tx_port.h **** #define TX_THREAD_COMPLETED_EXTENSION(thread_ptr)   {                                              
 385:Middlewares/ST/threadx/ports/cortex_m33/gnu/inc/tx_port.h ****                                                     ULONG  _tx_vfp_state;                          
 386:Middlewares/ST/threadx/ports/cortex_m33/gnu/inc/tx_port.h ****                                                         _tx_vfp_state = _tx_control_get();         
 387:Middlewares/ST/threadx/ports/cortex_m33/gnu/inc/tx_port.h ****                                                         _tx_vfp_state = _tx_vfp_state & ~((ULONG) 0
 388:Middlewares/ST/threadx/ports/cortex_m33/gnu/inc/tx_port.h ****                                                         _tx_control_set(_tx_vfp_state);            
 389:Middlewares/ST/threadx/ports/cortex_m33/gnu/inc/tx_port.h ****                                                     }
 390:Middlewares/ST/threadx/ports/cortex_m33/gnu/inc/tx_port.h **** #else
 391:Middlewares/ST/threadx/ports/cortex_m33/gnu/inc/tx_port.h **** 
 392:Middlewares/ST/threadx/ports/cortex_m33/gnu/inc/tx_port.h **** #define TX_THREAD_COMPLETED_EXTENSION(thread_ptr)   {                                              
 393:Middlewares/ST/threadx/ports/cortex_m33/gnu/inc/tx_port.h ****                                                     ULONG  _tx_vfp_state;                          
 394:Middlewares/ST/threadx/ports/cortex_m33/gnu/inc/tx_port.h ****                                                         _tx_vfp_state = _tx_misra_control_get();   
 395:Middlewares/ST/threadx/ports/cortex_m33/gnu/inc/tx_port.h ****                                                         _tx_vfp_state = _tx_vfp_state & ~((ULONG) 0
 396:Middlewares/ST/threadx/ports/cortex_m33/gnu/inc/tx_port.h ****                                                         _tx_misra_control_set(_tx_vfp_state);      
 397:Middlewares/ST/threadx/ports/cortex_m33/gnu/inc/tx_port.h ****                                                     }
 398:Middlewares/ST/threadx/ports/cortex_m33/gnu/inc/tx_port.h **** #endif
 399:Middlewares/ST/threadx/ports/cortex_m33/gnu/inc/tx_port.h **** 
 400:Middlewares/ST/threadx/ports/cortex_m33/gnu/inc/tx_port.h **** /* A thread can be terminated by another thread, so we first check if it's self-terminating and not
 401:Middlewares/ST/threadx/ports/cortex_m33/gnu/inc/tx_port.h ****    If so, deactivate the FPU via CONTROL.FPCA. Otherwise we are in an interrupt or another thread i
 402:Middlewares/ST/threadx/ports/cortex_m33/gnu/inc/tx_port.h ****    this one, so if the FPCCR.LSPACT bit is set, we need to save the CONTROL.FPCA state, touch the F
 403:Middlewares/ST/threadx/ports/cortex_m33/gnu/inc/tx_port.h ****    the lazy FPU save, then restore the CONTROL.FPCA state. */
 404:Middlewares/ST/threadx/ports/cortex_m33/gnu/inc/tx_port.h **** 
 405:Middlewares/ST/threadx/ports/cortex_m33/gnu/inc/tx_port.h **** #ifndef TX_MISRA_ENABLE
 406:Middlewares/ST/threadx/ports/cortex_m33/gnu/inc/tx_port.h **** 
 407:Middlewares/ST/threadx/ports/cortex_m33/gnu/inc/tx_port.h **** #define TX_THREAD_TERMINATED_EXTENSION(thread_ptr)  {                                              
 408:Middlewares/ST/threadx/ports/cortex_m33/gnu/inc/tx_port.h ****                                                     ULONG  _tx_system_state;                       
 409:Middlewares/ST/threadx/ports/cortex_m33/gnu/inc/tx_port.h ****                                                         _tx_system_state = TX_THREAD_GET_SYSTEM_STA
 410:Middlewares/ST/threadx/ports/cortex_m33/gnu/inc/tx_port.h ****                                                         if ((_tx_system_state == ((ULONG) 0)) && ((
 411:Middlewares/ST/threadx/ports/cortex_m33/gnu/inc/tx_port.h ****                                                         {                                          
 412:Middlewares/ST/threadx/ports/cortex_m33/gnu/inc/tx_port.h ****                                                         ULONG  _tx_vfp_state;                      
 413:Middlewares/ST/threadx/ports/cortex_m33/gnu/inc/tx_port.h ****                                                             _tx_vfp_state = _tx_control_get();     
 414:Middlewares/ST/threadx/ports/cortex_m33/gnu/inc/tx_port.h ****                                                             _tx_vfp_state = _tx_vfp_state & ~((ULON
 415:Middlewares/ST/threadx/ports/cortex_m33/gnu/inc/tx_port.h ****                                                             _tx_control_set(_tx_vfp_state);        
 416:Middlewares/ST/threadx/ports/cortex_m33/gnu/inc/tx_port.h ****                                                         }                                          
 417:Middlewares/ST/threadx/ports/cortex_m33/gnu/inc/tx_port.h ****                                                         else                                       
 418:Middlewares/ST/threadx/ports/cortex_m33/gnu/inc/tx_port.h ****                                                         {                                          
 419:Middlewares/ST/threadx/ports/cortex_m33/gnu/inc/tx_port.h ****                                                         ULONG  _tx_fpccr;                          
 420:Middlewares/ST/threadx/ports/cortex_m33/gnu/inc/tx_port.h ****                                                             _tx_fpccr = *((volatile ULONG *) 0xE000
 421:Middlewares/ST/threadx/ports/cortex_m33/gnu/inc/tx_port.h ****                                                             _tx_fpccr = _tx_fpccr & ((ULONG) 0x01);
 422:Middlewares/ST/threadx/ports/cortex_m33/gnu/inc/tx_port.h ****                                                             if (_tx_fpccr == ((ULONG) 0x01))       
 423:Middlewares/ST/threadx/ports/cortex_m33/gnu/inc/tx_port.h ****                                                             {                                      
 424:Middlewares/ST/threadx/ports/cortex_m33/gnu/inc/tx_port.h ****                                                             ULONG _tx_vfp_state;                   
 425:Middlewares/ST/threadx/ports/cortex_m33/gnu/inc/tx_port.h ****                                                                 _tx_vfp_state = _tx_control_get(); 
ARM GAS  C:\usertemp\ccNOxyDe.s 			page 11


 426:Middlewares/ST/threadx/ports/cortex_m33/gnu/inc/tx_port.h ****                                                                 _tx_vfp_state = _tx_vfp_state & ((U
 427:Middlewares/ST/threadx/ports/cortex_m33/gnu/inc/tx_port.h ****                                                                 TX_VFP_TOUCH();                    
 428:Middlewares/ST/threadx/ports/cortex_m33/gnu/inc/tx_port.h ****                                                                 if (_tx_vfp_state == ((ULONG) 0))  
 429:Middlewares/ST/threadx/ports/cortex_m33/gnu/inc/tx_port.h ****                                                                 {                                  
 430:Middlewares/ST/threadx/ports/cortex_m33/gnu/inc/tx_port.h ****                                                                     _tx_vfp_state = _tx_control_get
 431:Middlewares/ST/threadx/ports/cortex_m33/gnu/inc/tx_port.h ****                                                                     _tx_vfp_state = _tx_vfp_state &
 432:Middlewares/ST/threadx/ports/cortex_m33/gnu/inc/tx_port.h ****                                                                     _tx_control_set(_tx_vfp_state);
 433:Middlewares/ST/threadx/ports/cortex_m33/gnu/inc/tx_port.h ****                                                                 }                                  
 434:Middlewares/ST/threadx/ports/cortex_m33/gnu/inc/tx_port.h ****                                                             }                                      
 435:Middlewares/ST/threadx/ports/cortex_m33/gnu/inc/tx_port.h ****                                                         }                                          
 436:Middlewares/ST/threadx/ports/cortex_m33/gnu/inc/tx_port.h ****                                                     }
 437:Middlewares/ST/threadx/ports/cortex_m33/gnu/inc/tx_port.h **** #else
 438:Middlewares/ST/threadx/ports/cortex_m33/gnu/inc/tx_port.h **** 
 439:Middlewares/ST/threadx/ports/cortex_m33/gnu/inc/tx_port.h **** #define TX_THREAD_TERMINATED_EXTENSION(thread_ptr)  {                                              
 440:Middlewares/ST/threadx/ports/cortex_m33/gnu/inc/tx_port.h ****                                                     ULONG  _tx_system_state;                       
 441:Middlewares/ST/threadx/ports/cortex_m33/gnu/inc/tx_port.h ****                                                         _tx_system_state = TX_THREAD_GET_SYSTEM_STA
 442:Middlewares/ST/threadx/ports/cortex_m33/gnu/inc/tx_port.h ****                                                         if ((_tx_system_state == ((ULONG) 0)) && ((
 443:Middlewares/ST/threadx/ports/cortex_m33/gnu/inc/tx_port.h ****                                                         {                                          
 444:Middlewares/ST/threadx/ports/cortex_m33/gnu/inc/tx_port.h ****                                                         ULONG  _tx_vfp_state;                      
 445:Middlewares/ST/threadx/ports/cortex_m33/gnu/inc/tx_port.h ****                                                             _tx_vfp_state = _tx_misra_control_get()
 446:Middlewares/ST/threadx/ports/cortex_m33/gnu/inc/tx_port.h ****                                                             _tx_vfp_state = _tx_vfp_state & ~((ULON
 447:Middlewares/ST/threadx/ports/cortex_m33/gnu/inc/tx_port.h ****                                                             _tx_misra_control_set(_tx_vfp_state);  
 448:Middlewares/ST/threadx/ports/cortex_m33/gnu/inc/tx_port.h ****                                                         }                                          
 449:Middlewares/ST/threadx/ports/cortex_m33/gnu/inc/tx_port.h ****                                                         else                                       
 450:Middlewares/ST/threadx/ports/cortex_m33/gnu/inc/tx_port.h ****                                                         {                                          
 451:Middlewares/ST/threadx/ports/cortex_m33/gnu/inc/tx_port.h ****                                                         ULONG  _tx_fpccr;                          
 452:Middlewares/ST/threadx/ports/cortex_m33/gnu/inc/tx_port.h ****                                                             _tx_fpccr = _tx_misra_fpccr_get();     
 453:Middlewares/ST/threadx/ports/cortex_m33/gnu/inc/tx_port.h ****                                                             _tx_fpccr = _tx_fpccr & ((ULONG) 0x01);
 454:Middlewares/ST/threadx/ports/cortex_m33/gnu/inc/tx_port.h ****                                                             if (_tx_fpccr == ((ULONG) 0x01))       
 455:Middlewares/ST/threadx/ports/cortex_m33/gnu/inc/tx_port.h ****                                                             {                                      
 456:Middlewares/ST/threadx/ports/cortex_m33/gnu/inc/tx_port.h ****                                                             ULONG _tx_vfp_state;                   
 457:Middlewares/ST/threadx/ports/cortex_m33/gnu/inc/tx_port.h ****                                                                 _tx_vfp_state = _tx_misra_control_g
 458:Middlewares/ST/threadx/ports/cortex_m33/gnu/inc/tx_port.h ****                                                                 _tx_vfp_state = _tx_vfp_state & ((U
 459:Middlewares/ST/threadx/ports/cortex_m33/gnu/inc/tx_port.h ****                                                                 _tx_misra_vfp_touch();             
 460:Middlewares/ST/threadx/ports/cortex_m33/gnu/inc/tx_port.h ****                                                                 if (_tx_vfp_state == ((ULONG) 0))  
 461:Middlewares/ST/threadx/ports/cortex_m33/gnu/inc/tx_port.h ****                                                                 {                                  
 462:Middlewares/ST/threadx/ports/cortex_m33/gnu/inc/tx_port.h ****                                                                     _tx_vfp_state = _tx_misra_contr
 463:Middlewares/ST/threadx/ports/cortex_m33/gnu/inc/tx_port.h ****                                                                     _tx_vfp_state = _tx_vfp_state &
 464:Middlewares/ST/threadx/ports/cortex_m33/gnu/inc/tx_port.h ****                                                                     _tx_misra_control_set(_tx_vfp_s
 465:Middlewares/ST/threadx/ports/cortex_m33/gnu/inc/tx_port.h ****                                                                 }                                  
 466:Middlewares/ST/threadx/ports/cortex_m33/gnu/inc/tx_port.h ****                                                             }                                      
 467:Middlewares/ST/threadx/ports/cortex_m33/gnu/inc/tx_port.h ****                                                         }                                          
 468:Middlewares/ST/threadx/ports/cortex_m33/gnu/inc/tx_port.h ****                                                     }
 469:Middlewares/ST/threadx/ports/cortex_m33/gnu/inc/tx_port.h **** #endif
 470:Middlewares/ST/threadx/ports/cortex_m33/gnu/inc/tx_port.h **** 
 471:Middlewares/ST/threadx/ports/cortex_m33/gnu/inc/tx_port.h **** #else   /* No VFP in use */
 472:Middlewares/ST/threadx/ports/cortex_m33/gnu/inc/tx_port.h **** 
 473:Middlewares/ST/threadx/ports/cortex_m33/gnu/inc/tx_port.h **** #define TX_THREAD_COMPLETED_EXTENSION(thread_ptr)
 474:Middlewares/ST/threadx/ports/cortex_m33/gnu/inc/tx_port.h **** #define TX_THREAD_TERMINATED_EXTENSION(thread_ptr)
 475:Middlewares/ST/threadx/ports/cortex_m33/gnu/inc/tx_port.h **** 
 476:Middlewares/ST/threadx/ports/cortex_m33/gnu/inc/tx_port.h **** #endif  /* defined(__ARMVFP__) || defined(__ARM_PCS_VFP) || defined(__ARM_FP) || defined(__TARGET_F
 477:Middlewares/ST/threadx/ports/cortex_m33/gnu/inc/tx_port.h **** 
 478:Middlewares/ST/threadx/ports/cortex_m33/gnu/inc/tx_port.h **** 
 479:Middlewares/ST/threadx/ports/cortex_m33/gnu/inc/tx_port.h **** /* Define the ThreadX object creation extensions for the remaining objects.  */
 480:Middlewares/ST/threadx/ports/cortex_m33/gnu/inc/tx_port.h **** 
 481:Middlewares/ST/threadx/ports/cortex_m33/gnu/inc/tx_port.h **** #define TX_BLOCK_POOL_CREATE_EXTENSION(pool_ptr)
 482:Middlewares/ST/threadx/ports/cortex_m33/gnu/inc/tx_port.h **** #define TX_BYTE_POOL_CREATE_EXTENSION(pool_ptr)
ARM GAS  C:\usertemp\ccNOxyDe.s 			page 12


 483:Middlewares/ST/threadx/ports/cortex_m33/gnu/inc/tx_port.h **** #define TX_EVENT_FLAGS_GROUP_CREATE_EXTENSION(group_ptr)
 484:Middlewares/ST/threadx/ports/cortex_m33/gnu/inc/tx_port.h **** #define TX_MUTEX_CREATE_EXTENSION(mutex_ptr)
 485:Middlewares/ST/threadx/ports/cortex_m33/gnu/inc/tx_port.h **** #define TX_QUEUE_CREATE_EXTENSION(queue_ptr)
 486:Middlewares/ST/threadx/ports/cortex_m33/gnu/inc/tx_port.h **** #define TX_SEMAPHORE_CREATE_EXTENSION(semaphore_ptr)
 487:Middlewares/ST/threadx/ports/cortex_m33/gnu/inc/tx_port.h **** #define TX_TIMER_CREATE_EXTENSION(timer_ptr)
 488:Middlewares/ST/threadx/ports/cortex_m33/gnu/inc/tx_port.h **** 
 489:Middlewares/ST/threadx/ports/cortex_m33/gnu/inc/tx_port.h **** 
 490:Middlewares/ST/threadx/ports/cortex_m33/gnu/inc/tx_port.h **** /* Define the ThreadX object deletion extensions for the remaining objects.  */
 491:Middlewares/ST/threadx/ports/cortex_m33/gnu/inc/tx_port.h **** 
 492:Middlewares/ST/threadx/ports/cortex_m33/gnu/inc/tx_port.h **** #define TX_BLOCK_POOL_DELETE_EXTENSION(pool_ptr)
 493:Middlewares/ST/threadx/ports/cortex_m33/gnu/inc/tx_port.h **** #define TX_BYTE_POOL_DELETE_EXTENSION(pool_ptr)
 494:Middlewares/ST/threadx/ports/cortex_m33/gnu/inc/tx_port.h **** #define TX_EVENT_FLAGS_GROUP_DELETE_EXTENSION(group_ptr)
 495:Middlewares/ST/threadx/ports/cortex_m33/gnu/inc/tx_port.h **** #define TX_MUTEX_DELETE_EXTENSION(mutex_ptr)
 496:Middlewares/ST/threadx/ports/cortex_m33/gnu/inc/tx_port.h **** #define TX_QUEUE_DELETE_EXTENSION(queue_ptr)
 497:Middlewares/ST/threadx/ports/cortex_m33/gnu/inc/tx_port.h **** #define TX_SEMAPHORE_DELETE_EXTENSION(semaphore_ptr)
 498:Middlewares/ST/threadx/ports/cortex_m33/gnu/inc/tx_port.h **** #define TX_TIMER_DELETE_EXTENSION(timer_ptr)
 499:Middlewares/ST/threadx/ports/cortex_m33/gnu/inc/tx_port.h **** 
 500:Middlewares/ST/threadx/ports/cortex_m33/gnu/inc/tx_port.h **** 
 501:Middlewares/ST/threadx/ports/cortex_m33/gnu/inc/tx_port.h **** /* Define the get system state macro.  */
 502:Middlewares/ST/threadx/ports/cortex_m33/gnu/inc/tx_port.h **** 
 503:Middlewares/ST/threadx/ports/cortex_m33/gnu/inc/tx_port.h **** #ifndef TX_THREAD_GET_SYSTEM_STATE
 504:Middlewares/ST/threadx/ports/cortex_m33/gnu/inc/tx_port.h **** #ifndef TX_MISRA_ENABLE
 505:Middlewares/ST/threadx/ports/cortex_m33/gnu/inc/tx_port.h **** 
 506:Middlewares/ST/threadx/ports/cortex_m33/gnu/inc/tx_port.h **** #if defined(__GNUC__) /* GCC and AC6 */
 507:Middlewares/ST/threadx/ports/cortex_m33/gnu/inc/tx_port.h **** __attribute__( ( always_inline ) ) static inline UINT _tx_ipsr_get(void)
 508:Middlewares/ST/threadx/ports/cortex_m33/gnu/inc/tx_port.h **** {
 509:Middlewares/ST/threadx/ports/cortex_m33/gnu/inc/tx_port.h **** UINT ipsr_value;
 510:Middlewares/ST/threadx/ports/cortex_m33/gnu/inc/tx_port.h ****     __asm__ volatile (" MRS  %0,IPSR ": "=r" (ipsr_value) );
 511:Middlewares/ST/threadx/ports/cortex_m33/gnu/inc/tx_port.h ****     return(ipsr_value);
 512:Middlewares/ST/threadx/ports/cortex_m33/gnu/inc/tx_port.h **** }
 513:Middlewares/ST/threadx/ports/cortex_m33/gnu/inc/tx_port.h **** #endif  /* GCC and AC6 IPSR_get function. */
 514:Middlewares/ST/threadx/ports/cortex_m33/gnu/inc/tx_port.h **** 
 515:Middlewares/ST/threadx/ports/cortex_m33/gnu/inc/tx_port.h **** #define TX_THREAD_GET_SYSTEM_STATE()        (_tx_thread_system_state | _tx_ipsr_get())
 516:Middlewares/ST/threadx/ports/cortex_m33/gnu/inc/tx_port.h **** 
 517:Middlewares/ST/threadx/ports/cortex_m33/gnu/inc/tx_port.h **** #else   /* TX_MISRA_ENABLE is defined, use MISRA function. */
 518:Middlewares/ST/threadx/ports/cortex_m33/gnu/inc/tx_port.h **** ULONG   _tx_misra_ipsr_get(VOID);
 519:Middlewares/ST/threadx/ports/cortex_m33/gnu/inc/tx_port.h **** #define TX_THREAD_GET_SYSTEM_STATE()        (_tx_thread_system_state | _tx_misra_ipsr_get())
 520:Middlewares/ST/threadx/ports/cortex_m33/gnu/inc/tx_port.h **** #endif  /* TX_MISRA_ENABLE */
 521:Middlewares/ST/threadx/ports/cortex_m33/gnu/inc/tx_port.h **** #endif  /* TX_THREAD_GET_SYSTEM_STATE */
 522:Middlewares/ST/threadx/ports/cortex_m33/gnu/inc/tx_port.h **** 
 523:Middlewares/ST/threadx/ports/cortex_m33/gnu/inc/tx_port.h **** 
 524:Middlewares/ST/threadx/ports/cortex_m33/gnu/inc/tx_port.h **** /* Define the check for whether or not to call the _tx_thread_system_return function.  A non-zero v
 525:Middlewares/ST/threadx/ports/cortex_m33/gnu/inc/tx_port.h ****    indicates that _tx_thread_system_return should not be called. This overrides the definition in t
 526:Middlewares/ST/threadx/ports/cortex_m33/gnu/inc/tx_port.h ****    for Cortex-M since so we don't waste time checking the _tx_thread_system_state variable that is 
 527:Middlewares/ST/threadx/ports/cortex_m33/gnu/inc/tx_port.h ****    zero after initialization for Cortex-M ports. */
 528:Middlewares/ST/threadx/ports/cortex_m33/gnu/inc/tx_port.h **** 
 529:Middlewares/ST/threadx/ports/cortex_m33/gnu/inc/tx_port.h **** #ifndef TX_THREAD_SYSTEM_RETURN_CHECK
 530:Middlewares/ST/threadx/ports/cortex_m33/gnu/inc/tx_port.h **** #define TX_THREAD_SYSTEM_RETURN_CHECK(c)    (c) = ((ULONG) _tx_thread_preempt_disable);
 531:Middlewares/ST/threadx/ports/cortex_m33/gnu/inc/tx_port.h **** #endif
 532:Middlewares/ST/threadx/ports/cortex_m33/gnu/inc/tx_port.h **** 
 533:Middlewares/ST/threadx/ports/cortex_m33/gnu/inc/tx_port.h **** #if !defined(TX_SINGLE_MODE_SECURE) && !defined(TX_SINGLE_MODE_NON_SECURE)
 534:Middlewares/ST/threadx/ports/cortex_m33/gnu/inc/tx_port.h **** /* Initialize secure stacks for threads calling secure functions. */
 535:Middlewares/ST/threadx/ports/cortex_m33/gnu/inc/tx_port.h **** extern void    _tx_thread_secure_stack_initialize(void);
 536:Middlewares/ST/threadx/ports/cortex_m33/gnu/inc/tx_port.h **** #define TX_PORT_SPECIFIC_PRE_INITIALIZATION             _tx_thread_secure_stack_initialize();
 537:Middlewares/ST/threadx/ports/cortex_m33/gnu/inc/tx_port.h **** #endif
 538:Middlewares/ST/threadx/ports/cortex_m33/gnu/inc/tx_port.h **** 
 539:Middlewares/ST/threadx/ports/cortex_m33/gnu/inc/tx_port.h **** /* Define the macro to ensure _tx_thread_preempt_disable is set early in initialization in order to
ARM GAS  C:\usertemp\ccNOxyDe.s 			page 13


 540:Middlewares/ST/threadx/ports/cortex_m33/gnu/inc/tx_port.h ****    prevent early scheduling on Cortex-M parts.  */
 541:Middlewares/ST/threadx/ports/cortex_m33/gnu/inc/tx_port.h **** 
 542:Middlewares/ST/threadx/ports/cortex_m33/gnu/inc/tx_port.h **** #define TX_PORT_SPECIFIC_POST_INITIALIZATION    _tx_thread_preempt_disable++;
 543:Middlewares/ST/threadx/ports/cortex_m33/gnu/inc/tx_port.h **** 
 544:Middlewares/ST/threadx/ports/cortex_m33/gnu/inc/tx_port.h **** 
 545:Middlewares/ST/threadx/ports/cortex_m33/gnu/inc/tx_port.h **** 
 546:Middlewares/ST/threadx/ports/cortex_m33/gnu/inc/tx_port.h **** 
 547:Middlewares/ST/threadx/ports/cortex_m33/gnu/inc/tx_port.h **** #ifndef TX_DISABLE_INLINE
 548:Middlewares/ST/threadx/ports/cortex_m33/gnu/inc/tx_port.h **** 
 549:Middlewares/ST/threadx/ports/cortex_m33/gnu/inc/tx_port.h **** /* Define the TX_LOWEST_SET_BIT_CALCULATE macro for each compiler. */
 550:Middlewares/ST/threadx/ports/cortex_m33/gnu/inc/tx_port.h **** #ifdef __ICCARM__       /* IAR Compiler */
 551:Middlewares/ST/threadx/ports/cortex_m33/gnu/inc/tx_port.h **** #define TX_LOWEST_SET_BIT_CALCULATE(m, b)       (b) = (UINT) __CLZ(__RBIT((m)));
 552:Middlewares/ST/threadx/ports/cortex_m33/gnu/inc/tx_port.h **** #elif defined(__GNUC__) /* GCC and AC6 Compiler */
 553:Middlewares/ST/threadx/ports/cortex_m33/gnu/inc/tx_port.h **** #define TX_LOWEST_SET_BIT_CALCULATE(m, b)       __asm__ volatile (" RBIT %0,%1 ": "=r" (m) : "r" (m
 554:Middlewares/ST/threadx/ports/cortex_m33/gnu/inc/tx_port.h ****                                                 __asm__ volatile (" CLZ  %0,%1 ": "=r" (b) : "r" (m
 555:Middlewares/ST/threadx/ports/cortex_m33/gnu/inc/tx_port.h **** #else
 556:Middlewares/ST/threadx/ports/cortex_m33/gnu/inc/tx_port.h **** #error "Compiler not supported."
 557:Middlewares/ST/threadx/ports/cortex_m33/gnu/inc/tx_port.h **** #endif
 558:Middlewares/ST/threadx/ports/cortex_m33/gnu/inc/tx_port.h **** 
 559:Middlewares/ST/threadx/ports/cortex_m33/gnu/inc/tx_port.h **** 
 560:Middlewares/ST/threadx/ports/cortex_m33/gnu/inc/tx_port.h **** 
 561:Middlewares/ST/threadx/ports/cortex_m33/gnu/inc/tx_port.h **** /* Define the interrupt disable/restore macros. */
 562:Middlewares/ST/threadx/ports/cortex_m33/gnu/inc/tx_port.h **** 
 563:Middlewares/ST/threadx/ports/cortex_m33/gnu/inc/tx_port.h **** __attribute__( ( always_inline ) ) static inline UINT __get_interrupt_posture(void)
 564:Middlewares/ST/threadx/ports/cortex_m33/gnu/inc/tx_port.h **** {
 565:Middlewares/ST/threadx/ports/cortex_m33/gnu/inc/tx_port.h **** UINT posture;
 566:Middlewares/ST/threadx/ports/cortex_m33/gnu/inc/tx_port.h **** #ifdef TX_PORT_USE_BASEPRI
 567:Middlewares/ST/threadx/ports/cortex_m33/gnu/inc/tx_port.h ****     __asm__ volatile ("MRS  %0, BASEPRI ": "=r" (posture));
 568:Middlewares/ST/threadx/ports/cortex_m33/gnu/inc/tx_port.h **** #else
 569:Middlewares/ST/threadx/ports/cortex_m33/gnu/inc/tx_port.h ****     __asm__ volatile ("MRS  %0, PRIMASK ": "=r" (posture));
 570:Middlewares/ST/threadx/ports/cortex_m33/gnu/inc/tx_port.h **** #endif
 571:Middlewares/ST/threadx/ports/cortex_m33/gnu/inc/tx_port.h ****     return(posture);
 572:Middlewares/ST/threadx/ports/cortex_m33/gnu/inc/tx_port.h **** }
 573:Middlewares/ST/threadx/ports/cortex_m33/gnu/inc/tx_port.h **** 
 574:Middlewares/ST/threadx/ports/cortex_m33/gnu/inc/tx_port.h **** #ifdef TX_PORT_USE_BASEPRI
 575:Middlewares/ST/threadx/ports/cortex_m33/gnu/inc/tx_port.h **** __attribute__( ( always_inline ) ) static inline void __set_basepri_value(UINT basepri_value)
 576:Middlewares/ST/threadx/ports/cortex_m33/gnu/inc/tx_port.h **** {
 577:Middlewares/ST/threadx/ports/cortex_m33/gnu/inc/tx_port.h ****     __asm__ volatile ("MSR  BASEPRI,%0 ": : "r" (basepri_value));
 578:Middlewares/ST/threadx/ports/cortex_m33/gnu/inc/tx_port.h **** }
 579:Middlewares/ST/threadx/ports/cortex_m33/gnu/inc/tx_port.h **** #else
 580:Middlewares/ST/threadx/ports/cortex_m33/gnu/inc/tx_port.h **** __attribute__( ( always_inline ) ) static inline void __enable_interrupts(void)
 581:Middlewares/ST/threadx/ports/cortex_m33/gnu/inc/tx_port.h **** {
 582:Middlewares/ST/threadx/ports/cortex_m33/gnu/inc/tx_port.h ****     __asm__ volatile ("CPSIE  i": : : "memory");
 583:Middlewares/ST/threadx/ports/cortex_m33/gnu/inc/tx_port.h **** }
 584:Middlewares/ST/threadx/ports/cortex_m33/gnu/inc/tx_port.h **** #endif
 585:Middlewares/ST/threadx/ports/cortex_m33/gnu/inc/tx_port.h **** 
 586:Middlewares/ST/threadx/ports/cortex_m33/gnu/inc/tx_port.h **** __attribute__( ( always_inline ) ) static inline void __restore_interrupt(UINT int_posture)
 587:Middlewares/ST/threadx/ports/cortex_m33/gnu/inc/tx_port.h **** {
 588:Middlewares/ST/threadx/ports/cortex_m33/gnu/inc/tx_port.h **** #ifdef TX_PORT_USE_BASEPRI
 589:Middlewares/ST/threadx/ports/cortex_m33/gnu/inc/tx_port.h ****     __set_basepri_value(int_posture);
 590:Middlewares/ST/threadx/ports/cortex_m33/gnu/inc/tx_port.h **** #else
 591:Middlewares/ST/threadx/ports/cortex_m33/gnu/inc/tx_port.h ****     __asm__ volatile ("MSR  PRIMASK,%0": : "r" (int_posture): "memory");
 592:Middlewares/ST/threadx/ports/cortex_m33/gnu/inc/tx_port.h **** #endif
 593:Middlewares/ST/threadx/ports/cortex_m33/gnu/inc/tx_port.h **** }
 594:Middlewares/ST/threadx/ports/cortex_m33/gnu/inc/tx_port.h **** 
 595:Middlewares/ST/threadx/ports/cortex_m33/gnu/inc/tx_port.h **** __attribute__( ( always_inline ) ) static inline UINT __disable_interrupts(void)
  55              		.loc 2 595 55 view .LVU4
ARM GAS  C:\usertemp\ccNOxyDe.s 			page 14


  56              	.LBB11:
 596:Middlewares/ST/threadx/ports/cortex_m33/gnu/inc/tx_port.h **** {
 597:Middlewares/ST/threadx/ports/cortex_m33/gnu/inc/tx_port.h **** UINT int_posture;
  57              		.loc 2 597 1 view .LVU5
 598:Middlewares/ST/threadx/ports/cortex_m33/gnu/inc/tx_port.h **** 
 599:Middlewares/ST/threadx/ports/cortex_m33/gnu/inc/tx_port.h ****     int_posture = __get_interrupt_posture();
  58              		.loc 2 599 5 view .LVU6
  59              	.LBB12:
  60              	.LBI12:
 563:Middlewares/ST/threadx/ports/cortex_m33/gnu/inc/tx_port.h **** {
  61              		.loc 2 563 55 view .LVU7
  62              	.LBB13:
 565:Middlewares/ST/threadx/ports/cortex_m33/gnu/inc/tx_port.h **** #ifdef TX_PORT_USE_BASEPRI
  63              		.loc 2 565 1 view .LVU8
 569:Middlewares/ST/threadx/ports/cortex_m33/gnu/inc/tx_port.h **** #endif
  64              		.loc 2 569 5 view .LVU9
  65              		.syntax unified
  66              	@ 569 "Middlewares/ST/threadx/ports/cortex_m33/gnu/inc/tx_port.h" 1
  67 0012 EFF3108E 		MRS  lr, PRIMASK 
  68              	@ 0 "" 2
  69              	.LVL1:
 571:Middlewares/ST/threadx/ports/cortex_m33/gnu/inc/tx_port.h **** }
  70              		.loc 2 571 5 view .LVU10
 571:Middlewares/ST/threadx/ports/cortex_m33/gnu/inc/tx_port.h **** }
  71              		.loc 2 571 5 is_stmt 0 view .LVU11
  72              		.thumb
  73              		.syntax unified
  74              	.LBE13:
  75              	.LBE12:
 600:Middlewares/ST/threadx/ports/cortex_m33/gnu/inc/tx_port.h **** 
 601:Middlewares/ST/threadx/ports/cortex_m33/gnu/inc/tx_port.h **** #ifdef TX_PORT_USE_BASEPRI
 602:Middlewares/ST/threadx/ports/cortex_m33/gnu/inc/tx_port.h ****     __set_basepri_value(TX_PORT_BASEPRI);
 603:Middlewares/ST/threadx/ports/cortex_m33/gnu/inc/tx_port.h **** #else
 604:Middlewares/ST/threadx/ports/cortex_m33/gnu/inc/tx_port.h ****     __asm__ volatile ("CPSID i" : : : "memory");
  76              		.loc 2 604 5 is_stmt 1 view .LVU12
  77              		.syntax unified
  78              	@ 604 "Middlewares/ST/threadx/ports/cortex_m33/gnu/inc/tx_port.h" 1
  79 0016 72B6     		CPSID i
  80              	@ 0 "" 2
 605:Middlewares/ST/threadx/ports/cortex_m33/gnu/inc/tx_port.h **** #endif
 606:Middlewares/ST/threadx/ports/cortex_m33/gnu/inc/tx_port.h ****     return(int_posture);
  81              		.loc 2 606 5 view .LVU13
  82              	.LVL2:
  83              		.loc 2 606 5 is_stmt 0 view .LVU14
  84              		.thumb
  85              		.syntax unified
  86              	.LBE11:
  87              	.LBE10:
  93:Middlewares/ST/threadx/common/src/tx_thread_info_get.c **** 
  94:Middlewares/ST/threadx/common/src/tx_thread_info_get.c ****     /* If trace is enabled, insert this event into the trace buffer.  */
  95:Middlewares/ST/threadx/common/src/tx_thread_info_get.c ****     TX_TRACE_IN_LINE_INSERT(TX_TRACE_THREAD_INFO_GET, thread_ptr, thread_ptr -> tx_thread_state, 0,
  96:Middlewares/ST/threadx/common/src/tx_thread_info_get.c **** 
  97:Middlewares/ST/threadx/common/src/tx_thread_info_get.c ****     /* Log this kernel call.  */
  98:Middlewares/ST/threadx/common/src/tx_thread_info_get.c ****     TX_EL_THREAD_INFO_GET_INSERT
  99:Middlewares/ST/threadx/common/src/tx_thread_info_get.c **** 
 100:Middlewares/ST/threadx/common/src/tx_thread_info_get.c ****     /* Retrieve all the pertinent information and return it in the supplied
 101:Middlewares/ST/threadx/common/src/tx_thread_info_get.c ****        destinations.  */
ARM GAS  C:\usertemp\ccNOxyDe.s 			page 15


 102:Middlewares/ST/threadx/common/src/tx_thread_info_get.c **** 
 103:Middlewares/ST/threadx/common/src/tx_thread_info_get.c ****     /* Retrieve the name of the thread.  */
 104:Middlewares/ST/threadx/common/src/tx_thread_info_get.c ****     if (name != TX_NULL)
  88              		.loc 1 104 5 is_stmt 1 view .LVU15
  89              		.loc 1 104 8 is_stmt 0 view .LVU16
  90 0018 09B1     		cbz	r1, .L2
 105:Middlewares/ST/threadx/common/src/tx_thread_info_get.c ****     {
 106:Middlewares/ST/threadx/common/src/tx_thread_info_get.c **** 
 107:Middlewares/ST/threadx/common/src/tx_thread_info_get.c ****         *name =  thread_ptr -> tx_thread_name;
  91              		.loc 1 107 9 is_stmt 1 view .LVU17
  92              		.loc 1 107 15 is_stmt 0 view .LVU18
  93 001a 846A     		ldr	r4, [r0, #40]
  94 001c 0C60     		str	r4, [r1]
  95              	.L2:
 108:Middlewares/ST/threadx/common/src/tx_thread_info_get.c ****     }
 109:Middlewares/ST/threadx/common/src/tx_thread_info_get.c **** 
 110:Middlewares/ST/threadx/common/src/tx_thread_info_get.c ****     /* Pickup the thread's current state.  */
 111:Middlewares/ST/threadx/common/src/tx_thread_info_get.c ****     if (state != TX_NULL)
  96              		.loc 1 111 5 is_stmt 1 view .LVU19
  97              		.loc 1 111 8 is_stmt 0 view .LVU20
  98 001e 0AB1     		cbz	r2, .L3
 112:Middlewares/ST/threadx/common/src/tx_thread_info_get.c ****     {
 113:Middlewares/ST/threadx/common/src/tx_thread_info_get.c **** 
 114:Middlewares/ST/threadx/common/src/tx_thread_info_get.c ****         *state =  thread_ptr -> tx_thread_state;
  99              		.loc 1 114 9 is_stmt 1 view .LVU21
 100              		.loc 1 114 30 is_stmt 0 view .LVU22
 101 0020 016B     		ldr	r1, [r0, #48]
 102              	.LVL3:
 103              		.loc 1 114 16 view .LVU23
 104 0022 1160     		str	r1, [r2]
 105              	.L3:
 115:Middlewares/ST/threadx/common/src/tx_thread_info_get.c ****     }
 116:Middlewares/ST/threadx/common/src/tx_thread_info_get.c **** 
 117:Middlewares/ST/threadx/common/src/tx_thread_info_get.c ****     /* Pickup the number of times the thread has been scheduled.  */
 118:Middlewares/ST/threadx/common/src/tx_thread_info_get.c ****     if (run_count != TX_NULL)
 106              		.loc 1 118 5 is_stmt 1 view .LVU24
 107              		.loc 1 118 8 is_stmt 0 view .LVU25
 108 0024 0BB1     		cbz	r3, .L4
 119:Middlewares/ST/threadx/common/src/tx_thread_info_get.c ****     {
 120:Middlewares/ST/threadx/common/src/tx_thread_info_get.c **** 
 121:Middlewares/ST/threadx/common/src/tx_thread_info_get.c ****         *run_count =  thread_ptr -> tx_thread_run_count;
 109              		.loc 1 121 9 is_stmt 1 view .LVU26
 110              		.loc 1 121 34 is_stmt 0 view .LVU27
 111 0026 4268     		ldr	r2, [r0, #4]
 112              	.LVL4:
 113              		.loc 1 121 20 view .LVU28
 114 0028 1A60     		str	r2, [r3]
 115              	.L4:
 122:Middlewares/ST/threadx/common/src/tx_thread_info_get.c ****     }
 123:Middlewares/ST/threadx/common/src/tx_thread_info_get.c **** 
 124:Middlewares/ST/threadx/common/src/tx_thread_info_get.c ****     /* Pickup the thread's priority.  */
 125:Middlewares/ST/threadx/common/src/tx_thread_info_get.c ****     if (priority != TX_NULL)
 116              		.loc 1 125 5 is_stmt 1 view .LVU29
 117              		.loc 1 125 8 is_stmt 0 view .LVU30
 118 002a BCF1000F 		cmp	ip, #0
 119 002e 03D0     		beq	.L5
 126:Middlewares/ST/threadx/common/src/tx_thread_info_get.c ****     {
ARM GAS  C:\usertemp\ccNOxyDe.s 			page 16


 127:Middlewares/ST/threadx/common/src/tx_thread_info_get.c **** 
 128:Middlewares/ST/threadx/common/src/tx_thread_info_get.c ****         *priority =  thread_ptr -> tx_thread_user_priority;
 120              		.loc 1 128 9 is_stmt 1 view .LVU31
 121              		.loc 1 128 33 is_stmt 0 view .LVU32
 122 0030 D0F89430 		ldr	r3, [r0, #148]
 123              	.LVL5:
 124              		.loc 1 128 19 view .LVU33
 125 0034 CCF80030 		str	r3, [ip]
 126              	.L5:
 129:Middlewares/ST/threadx/common/src/tx_thread_info_get.c ****     }
 130:Middlewares/ST/threadx/common/src/tx_thread_info_get.c **** 
 131:Middlewares/ST/threadx/common/src/tx_thread_info_get.c ****     /* Pickup the thread's preemption-threshold.  */
 132:Middlewares/ST/threadx/common/src/tx_thread_info_get.c ****     if (preemption_threshold != TX_NULL)
 127              		.loc 1 132 5 is_stmt 1 view .LVU34
 128              		.loc 1 132 8 is_stmt 0 view .LVU35
 129 0038 17B1     		cbz	r7, .L6
 133:Middlewares/ST/threadx/common/src/tx_thread_info_get.c ****     {
 134:Middlewares/ST/threadx/common/src/tx_thread_info_get.c **** 
 135:Middlewares/ST/threadx/common/src/tx_thread_info_get.c ****         *preemption_threshold =  thread_ptr -> tx_thread_user_preempt_threshold;
 130              		.loc 1 135 9 is_stmt 1 view .LVU36
 131              		.loc 1 135 45 is_stmt 0 view .LVU37
 132 003a D0F89830 		ldr	r3, [r0, #152]
 133              		.loc 1 135 31 view .LVU38
 134 003e 3B60     		str	r3, [r7]
 135              	.L6:
 136:Middlewares/ST/threadx/common/src/tx_thread_info_get.c ****     }
 137:Middlewares/ST/threadx/common/src/tx_thread_info_get.c **** 
 138:Middlewares/ST/threadx/common/src/tx_thread_info_get.c ****     /* Pickup the thread's current time-slice.  */
 139:Middlewares/ST/threadx/common/src/tx_thread_info_get.c ****     if (time_slice != TX_NULL)
 136              		.loc 1 139 5 is_stmt 1 view .LVU39
 137              		.loc 1 139 8 is_stmt 0 view .LVU40
 138 0040 0EB1     		cbz	r6, .L7
 140:Middlewares/ST/threadx/common/src/tx_thread_info_get.c ****     {
 141:Middlewares/ST/threadx/common/src/tx_thread_info_get.c **** 
 142:Middlewares/ST/threadx/common/src/tx_thread_info_get.c ****         *time_slice =  thread_ptr -> tx_thread_time_slice;
 139              		.loc 1 142 9 is_stmt 1 view .LVU41
 140              		.loc 1 142 35 is_stmt 0 view .LVU42
 141 0042 8369     		ldr	r3, [r0, #24]
 142              		.loc 1 142 21 view .LVU43
 143 0044 3360     		str	r3, [r6]
 144              	.L7:
 143:Middlewares/ST/threadx/common/src/tx_thread_info_get.c ****     }
 144:Middlewares/ST/threadx/common/src/tx_thread_info_get.c **** 
 145:Middlewares/ST/threadx/common/src/tx_thread_info_get.c ****     /* Pickup the next created thread.  */
 146:Middlewares/ST/threadx/common/src/tx_thread_info_get.c ****     if (next_thread != TX_NULL)
 145              		.loc 1 146 5 is_stmt 1 view .LVU44
 146              		.loc 1 146 8 is_stmt 0 view .LVU45
 147 0046 15B1     		cbz	r5, .L8
 147:Middlewares/ST/threadx/common/src/tx_thread_info_get.c ****     {
 148:Middlewares/ST/threadx/common/src/tx_thread_info_get.c **** 
 149:Middlewares/ST/threadx/common/src/tx_thread_info_get.c ****         *next_thread =  thread_ptr -> tx_thread_created_next;
 148              		.loc 1 149 9 is_stmt 1 view .LVU46
 149              		.loc 1 149 36 is_stmt 0 view .LVU47
 150 0048 D0F88830 		ldr	r3, [r0, #136]
 151              		.loc 1 149 22 view .LVU48
 152 004c 2B60     		str	r3, [r5]
 153              	.L8:
ARM GAS  C:\usertemp\ccNOxyDe.s 			page 17


 150:Middlewares/ST/threadx/common/src/tx_thread_info_get.c ****     }
 151:Middlewares/ST/threadx/common/src/tx_thread_info_get.c **** 
 152:Middlewares/ST/threadx/common/src/tx_thread_info_get.c ****     /* Pickup the next thread suspended.  */
 153:Middlewares/ST/threadx/common/src/tx_thread_info_get.c ****     if (next_suspended_thread != TX_NULL)
 154              		.loc 1 153 5 is_stmt 1 view .LVU49
 155              		.loc 1 153 8 is_stmt 0 view .LVU50
 156 004e B8F1000F 		cmp	r8, #0
 157 0052 02D0     		beq	.L9
 154:Middlewares/ST/threadx/common/src/tx_thread_info_get.c ****     {
 155:Middlewares/ST/threadx/common/src/tx_thread_info_get.c **** 
 156:Middlewares/ST/threadx/common/src/tx_thread_info_get.c ****         *next_suspended_thread =  thread_ptr -> tx_thread_suspended_next;
 158              		.loc 1 156 9 is_stmt 1 view .LVU51
 159              		.loc 1 156 46 is_stmt 0 view .LVU52
 160 0054 036F     		ldr	r3, [r0, #112]
 161              		.loc 1 156 32 view .LVU53
 162 0056 C8F80030 		str	r3, [r8]
 163              	.L9:
 157:Middlewares/ST/threadx/common/src/tx_thread_info_get.c ****     }
 158:Middlewares/ST/threadx/common/src/tx_thread_info_get.c **** 
 159:Middlewares/ST/threadx/common/src/tx_thread_info_get.c ****     /* Restore interrupts.  */
 160:Middlewares/ST/threadx/common/src/tx_thread_info_get.c ****     TX_RESTORE
 164              		.loc 1 160 5 is_stmt 1 view .LVU54
 165              	.LVL6:
 166              	.LBB14:
 167              	.LBI14:
 586:Middlewares/ST/threadx/ports/cortex_m33/gnu/inc/tx_port.h **** {
 168              		.loc 2 586 55 view .LVU55
 169              	.LBB15:
 591:Middlewares/ST/threadx/ports/cortex_m33/gnu/inc/tx_port.h **** #endif
 170              		.loc 2 591 5 view .LVU56
 171              		.syntax unified
 172              	@ 591 "Middlewares/ST/threadx/ports/cortex_m33/gnu/inc/tx_port.h" 1
 173 005a 8EF31088 		MSR  PRIMASK,lr
 174              	@ 0 "" 2
 175              	.LVL7:
 591:Middlewares/ST/threadx/ports/cortex_m33/gnu/inc/tx_port.h **** #endif
 176              		.loc 2 591 5 is_stmt 0 view .LVU57
 177              		.thumb
 178              		.syntax unified
 179              	.LBE15:
 180              	.LBE14:
 161:Middlewares/ST/threadx/common/src/tx_thread_info_get.c **** 
 162:Middlewares/ST/threadx/common/src/tx_thread_info_get.c ****     /* Return completion status.  */
 163:Middlewares/ST/threadx/common/src/tx_thread_info_get.c ****     return(TX_SUCCESS);
 181              		.loc 1 163 5 is_stmt 1 view .LVU58
 164:Middlewares/ST/threadx/common/src/tx_thread_info_get.c **** }
 182              		.loc 1 164 1 is_stmt 0 view .LVU59
 183 005e 0020     		movs	r0, #0
 184              	.LVL8:
 185              		.loc 1 164 1 view .LVU60
 186 0060 BDE8F081 		pop	{r4, r5, r6, r7, r8, pc}
 187              		.loc 1 164 1 view .LVU61
 188              		.cfi_endproc
 189              	.LFE8:
 191              		.text
 192              	.Letext0:
 193              		.file 3 "Middlewares/ST/threadx/common/inc/tx_api.h"
ARM GAS  C:\usertemp\ccNOxyDe.s 			page 18


ARM GAS  C:\usertemp\ccNOxyDe.s 			page 19


DEFINED SYMBOLS
                            *ABS*:00000000 tx_thread_info_get.c
C:\usertemp\ccNOxyDe.s:22     .text._tx_thread_info_get:00000000 $t
C:\usertemp\ccNOxyDe.s:28     .text._tx_thread_info_get:00000000 _tx_thread_info_get

NO UNDEFINED SYMBOLS
