ARM GAS  C:\usertemp\cci6jfc5.s 			page 1


   1              		.cpu cortex-m33
   2              		.arch armv8-m.main
   3              		.fpu fpv4-sp-d16
   4              		.arch_extension dsp
   5              		.eabi_attribute 27, 1
   6              		.eabi_attribute 28, 1
   7              		.eabi_attribute 20, 1
   8              		.eabi_attribute 21, 1
   9              		.eabi_attribute 23, 3
  10              		.eabi_attribute 24, 1
  11              		.eabi_attribute 25, 1
  12              		.eabi_attribute 26, 1
  13              		.eabi_attribute 30, 1
  14              		.eabi_attribute 34, 1
  15              		.eabi_attribute 18, 4
  16              		.file	"tx_timer_initialize.c"
  17              		.text
  18              	.Ltext0:
  19              		.cfi_sections	.debug_frame
  20              		.file 1 "Middlewares/ST/threadx/common/src/tx_timer_initialize.c"
  21              		.section	.rodata._tx_timer_initialize.str1.4,"aMS",%progbits,1
  22              		.align	2
  23              	.LC0:
  24 0000 53797374 		.ascii	"System Timer Thread\000"
  24      656D2054 
  24      696D6572 
  24      20546872 
  24      65616400 
  25              		.section	.text._tx_timer_initialize,"ax",%progbits
  26              		.align	1
  27              		.global	_tx_timer_initialize
  28              		.syntax unified
  29              		.thumb
  30              		.thumb_func
  32              	_tx_timer_initialize:
  33              	.LFB8:
   1:Middlewares/ST/threadx/common/src/tx_timer_initialize.c **** /**************************************************************************/
   2:Middlewares/ST/threadx/common/src/tx_timer_initialize.c **** /*                                                                        */
   3:Middlewares/ST/threadx/common/src/tx_timer_initialize.c **** /*       Copyright (c) Microsoft Corporation. All rights reserved.        */
   4:Middlewares/ST/threadx/common/src/tx_timer_initialize.c **** /*                                                                        */
   5:Middlewares/ST/threadx/common/src/tx_timer_initialize.c **** /*       This software is licensed under the Microsoft Software License   */
   6:Middlewares/ST/threadx/common/src/tx_timer_initialize.c **** /*       Terms for Microsoft Azure RTOS. Full text of the license can be  */
   7:Middlewares/ST/threadx/common/src/tx_timer_initialize.c **** /*       found in the LICENSE file at https://aka.ms/AzureRTOS_EULA       */
   8:Middlewares/ST/threadx/common/src/tx_timer_initialize.c **** /*       and in the root directory of this software.                      */
   9:Middlewares/ST/threadx/common/src/tx_timer_initialize.c **** /*                                                                        */
  10:Middlewares/ST/threadx/common/src/tx_timer_initialize.c **** /**************************************************************************/
  11:Middlewares/ST/threadx/common/src/tx_timer_initialize.c **** 
  12:Middlewares/ST/threadx/common/src/tx_timer_initialize.c **** 
  13:Middlewares/ST/threadx/common/src/tx_timer_initialize.c **** /**************************************************************************/
  14:Middlewares/ST/threadx/common/src/tx_timer_initialize.c **** /**************************************************************************/
  15:Middlewares/ST/threadx/common/src/tx_timer_initialize.c **** /**                                                                       */
  16:Middlewares/ST/threadx/common/src/tx_timer_initialize.c **** /** ThreadX Component                                                     */
  17:Middlewares/ST/threadx/common/src/tx_timer_initialize.c **** /**                                                                       */
  18:Middlewares/ST/threadx/common/src/tx_timer_initialize.c **** /**   Timer                                                               */
  19:Middlewares/ST/threadx/common/src/tx_timer_initialize.c **** /**                                                                       */
  20:Middlewares/ST/threadx/common/src/tx_timer_initialize.c **** /**************************************************************************/
  21:Middlewares/ST/threadx/common/src/tx_timer_initialize.c **** /**************************************************************************/
ARM GAS  C:\usertemp\cci6jfc5.s 			page 2


  22:Middlewares/ST/threadx/common/src/tx_timer_initialize.c **** 
  23:Middlewares/ST/threadx/common/src/tx_timer_initialize.c **** #define TX_SOURCE_CODE
  24:Middlewares/ST/threadx/common/src/tx_timer_initialize.c **** 
  25:Middlewares/ST/threadx/common/src/tx_timer_initialize.c **** 
  26:Middlewares/ST/threadx/common/src/tx_timer_initialize.c **** /* Include necessary system files.  */
  27:Middlewares/ST/threadx/common/src/tx_timer_initialize.c **** 
  28:Middlewares/ST/threadx/common/src/tx_timer_initialize.c **** #include "tx_api.h"
  29:Middlewares/ST/threadx/common/src/tx_timer_initialize.c **** #include "tx_thread.h"
  30:Middlewares/ST/threadx/common/src/tx_timer_initialize.c **** #include "tx_timer.h"
  31:Middlewares/ST/threadx/common/src/tx_timer_initialize.c **** 
  32:Middlewares/ST/threadx/common/src/tx_timer_initialize.c **** 
  33:Middlewares/ST/threadx/common/src/tx_timer_initialize.c **** /* Check for the TX_NO_TIMER option. When defined, do not define all of the
  34:Middlewares/ST/threadx/common/src/tx_timer_initialize.c ****    timer component global variables.  */
  35:Middlewares/ST/threadx/common/src/tx_timer_initialize.c **** 
  36:Middlewares/ST/threadx/common/src/tx_timer_initialize.c **** #ifndef TX_NO_TIMER
  37:Middlewares/ST/threadx/common/src/tx_timer_initialize.c **** 
  38:Middlewares/ST/threadx/common/src/tx_timer_initialize.c **** 
  39:Middlewares/ST/threadx/common/src/tx_timer_initialize.c **** /* Define the system clock value that is continually incremented by the
  40:Middlewares/ST/threadx/common/src/tx_timer_initialize.c ****    periodic timer interrupt processing.  */
  41:Middlewares/ST/threadx/common/src/tx_timer_initialize.c **** 
  42:Middlewares/ST/threadx/common/src/tx_timer_initialize.c **** volatile ULONG      _tx_timer_system_clock;
  43:Middlewares/ST/threadx/common/src/tx_timer_initialize.c **** 
  44:Middlewares/ST/threadx/common/src/tx_timer_initialize.c **** 
  45:Middlewares/ST/threadx/common/src/tx_timer_initialize.c **** /* Define the time-slice expiration flag.  This is used to indicate that a time-slice
  46:Middlewares/ST/threadx/common/src/tx_timer_initialize.c ****    has happened.  */
  47:Middlewares/ST/threadx/common/src/tx_timer_initialize.c **** 
  48:Middlewares/ST/threadx/common/src/tx_timer_initialize.c **** UINT                _tx_timer_expired_time_slice;
  49:Middlewares/ST/threadx/common/src/tx_timer_initialize.c **** 
  50:Middlewares/ST/threadx/common/src/tx_timer_initialize.c **** 
  51:Middlewares/ST/threadx/common/src/tx_timer_initialize.c **** /* Define the thread and application timer entry list.  This list provides a direct access
  52:Middlewares/ST/threadx/common/src/tx_timer_initialize.c ****    method for insertion of times less than TX_TIMER_ENTRIES.  */
  53:Middlewares/ST/threadx/common/src/tx_timer_initialize.c **** 
  54:Middlewares/ST/threadx/common/src/tx_timer_initialize.c **** TX_TIMER_INTERNAL   *_tx_timer_list[TX_TIMER_ENTRIES];
  55:Middlewares/ST/threadx/common/src/tx_timer_initialize.c **** 
  56:Middlewares/ST/threadx/common/src/tx_timer_initialize.c **** 
  57:Middlewares/ST/threadx/common/src/tx_timer_initialize.c **** /* Define the boundary pointers to the list.  These are setup to easily manage
  58:Middlewares/ST/threadx/common/src/tx_timer_initialize.c ****    wrapping the list.  */
  59:Middlewares/ST/threadx/common/src/tx_timer_initialize.c **** 
  60:Middlewares/ST/threadx/common/src/tx_timer_initialize.c **** TX_TIMER_INTERNAL   **_tx_timer_list_start;
  61:Middlewares/ST/threadx/common/src/tx_timer_initialize.c **** TX_TIMER_INTERNAL   **_tx_timer_list_end;
  62:Middlewares/ST/threadx/common/src/tx_timer_initialize.c **** 
  63:Middlewares/ST/threadx/common/src/tx_timer_initialize.c **** 
  64:Middlewares/ST/threadx/common/src/tx_timer_initialize.c **** /* Define the current timer pointer in the list.  This pointer is moved sequentially
  65:Middlewares/ST/threadx/common/src/tx_timer_initialize.c ****    through the timer list by the timer interrupt handler.  */
  66:Middlewares/ST/threadx/common/src/tx_timer_initialize.c **** 
  67:Middlewares/ST/threadx/common/src/tx_timer_initialize.c **** TX_TIMER_INTERNAL   **_tx_timer_current_ptr;
  68:Middlewares/ST/threadx/common/src/tx_timer_initialize.c **** 
  69:Middlewares/ST/threadx/common/src/tx_timer_initialize.c **** 
  70:Middlewares/ST/threadx/common/src/tx_timer_initialize.c **** /* Define the timer expiration flag.  This is used to indicate that a timer
  71:Middlewares/ST/threadx/common/src/tx_timer_initialize.c ****    has expired.  */
  72:Middlewares/ST/threadx/common/src/tx_timer_initialize.c **** 
  73:Middlewares/ST/threadx/common/src/tx_timer_initialize.c **** UINT                _tx_timer_expired;
  74:Middlewares/ST/threadx/common/src/tx_timer_initialize.c **** 
  75:Middlewares/ST/threadx/common/src/tx_timer_initialize.c **** 
  76:Middlewares/ST/threadx/common/src/tx_timer_initialize.c **** /* Define the created timer list head pointer.  */
  77:Middlewares/ST/threadx/common/src/tx_timer_initialize.c **** 
  78:Middlewares/ST/threadx/common/src/tx_timer_initialize.c **** TX_TIMER            *_tx_timer_created_ptr;
ARM GAS  C:\usertemp\cci6jfc5.s 			page 3


  79:Middlewares/ST/threadx/common/src/tx_timer_initialize.c **** 
  80:Middlewares/ST/threadx/common/src/tx_timer_initialize.c **** 
  81:Middlewares/ST/threadx/common/src/tx_timer_initialize.c **** /* Define the created timer count.  */
  82:Middlewares/ST/threadx/common/src/tx_timer_initialize.c **** 
  83:Middlewares/ST/threadx/common/src/tx_timer_initialize.c **** ULONG               _tx_timer_created_count;
  84:Middlewares/ST/threadx/common/src/tx_timer_initialize.c **** 
  85:Middlewares/ST/threadx/common/src/tx_timer_initialize.c **** 
  86:Middlewares/ST/threadx/common/src/tx_timer_initialize.c **** /* Define the pointer to the timer that has expired and is being processed.  */
  87:Middlewares/ST/threadx/common/src/tx_timer_initialize.c **** 
  88:Middlewares/ST/threadx/common/src/tx_timer_initialize.c **** TX_TIMER_INTERNAL  *_tx_timer_expired_timer_ptr;
  89:Middlewares/ST/threadx/common/src/tx_timer_initialize.c **** 
  90:Middlewares/ST/threadx/common/src/tx_timer_initialize.c **** 
  91:Middlewares/ST/threadx/common/src/tx_timer_initialize.c **** #ifndef TX_TIMER_PROCESS_IN_ISR
  92:Middlewares/ST/threadx/common/src/tx_timer_initialize.c **** 
  93:Middlewares/ST/threadx/common/src/tx_timer_initialize.c **** /* Define the timer thread's control block.  */
  94:Middlewares/ST/threadx/common/src/tx_timer_initialize.c **** 
  95:Middlewares/ST/threadx/common/src/tx_timer_initialize.c **** TX_THREAD           _tx_timer_thread;
  96:Middlewares/ST/threadx/common/src/tx_timer_initialize.c **** 
  97:Middlewares/ST/threadx/common/src/tx_timer_initialize.c **** 
  98:Middlewares/ST/threadx/common/src/tx_timer_initialize.c **** /* Define the variable that holds the timer thread's starting stack address.  */
  99:Middlewares/ST/threadx/common/src/tx_timer_initialize.c **** 
 100:Middlewares/ST/threadx/common/src/tx_timer_initialize.c **** VOID                *_tx_timer_stack_start;
 101:Middlewares/ST/threadx/common/src/tx_timer_initialize.c **** 
 102:Middlewares/ST/threadx/common/src/tx_timer_initialize.c **** 
 103:Middlewares/ST/threadx/common/src/tx_timer_initialize.c **** /* Define the variable that holds the timer thread's stack size.  */
 104:Middlewares/ST/threadx/common/src/tx_timer_initialize.c **** 
 105:Middlewares/ST/threadx/common/src/tx_timer_initialize.c **** ULONG               _tx_timer_stack_size;
 106:Middlewares/ST/threadx/common/src/tx_timer_initialize.c **** 
 107:Middlewares/ST/threadx/common/src/tx_timer_initialize.c **** 
 108:Middlewares/ST/threadx/common/src/tx_timer_initialize.c **** /* Define the variable that holds the timer thread's priority.  */
 109:Middlewares/ST/threadx/common/src/tx_timer_initialize.c **** 
 110:Middlewares/ST/threadx/common/src/tx_timer_initialize.c **** UINT                _tx_timer_priority;
 111:Middlewares/ST/threadx/common/src/tx_timer_initialize.c **** 
 112:Middlewares/ST/threadx/common/src/tx_timer_initialize.c **** /* Define the system timer thread's stack.   The default size is defined
 113:Middlewares/ST/threadx/common/src/tx_timer_initialize.c ****    in tx_port.h.  */
 114:Middlewares/ST/threadx/common/src/tx_timer_initialize.c **** 
 115:Middlewares/ST/threadx/common/src/tx_timer_initialize.c **** ULONG               _tx_timer_thread_stack_area[(((UINT) TX_TIMER_THREAD_STACK_SIZE)+((sizeof(ULONG
 116:Middlewares/ST/threadx/common/src/tx_timer_initialize.c **** 
 117:Middlewares/ST/threadx/common/src/tx_timer_initialize.c **** #else
 118:Middlewares/ST/threadx/common/src/tx_timer_initialize.c **** 
 119:Middlewares/ST/threadx/common/src/tx_timer_initialize.c **** 
 120:Middlewares/ST/threadx/common/src/tx_timer_initialize.c **** /* Define the busy flag that will prevent nested timer ISR processing.  */
 121:Middlewares/ST/threadx/common/src/tx_timer_initialize.c **** 
 122:Middlewares/ST/threadx/common/src/tx_timer_initialize.c **** UINT                _tx_timer_processing_active;
 123:Middlewares/ST/threadx/common/src/tx_timer_initialize.c **** 
 124:Middlewares/ST/threadx/common/src/tx_timer_initialize.c **** #endif
 125:Middlewares/ST/threadx/common/src/tx_timer_initialize.c **** 
 126:Middlewares/ST/threadx/common/src/tx_timer_initialize.c **** #ifdef TX_TIMER_ENABLE_PERFORMANCE_INFO
 127:Middlewares/ST/threadx/common/src/tx_timer_initialize.c **** 
 128:Middlewares/ST/threadx/common/src/tx_timer_initialize.c **** /* Define the total number of timer activations.  */
 129:Middlewares/ST/threadx/common/src/tx_timer_initialize.c **** 
 130:Middlewares/ST/threadx/common/src/tx_timer_initialize.c **** ULONG               _tx_timer_performance_activate_count;
 131:Middlewares/ST/threadx/common/src/tx_timer_initialize.c **** 
 132:Middlewares/ST/threadx/common/src/tx_timer_initialize.c **** 
 133:Middlewares/ST/threadx/common/src/tx_timer_initialize.c **** /* Define the total number of timer reactivations.  */
 134:Middlewares/ST/threadx/common/src/tx_timer_initialize.c **** 
 135:Middlewares/ST/threadx/common/src/tx_timer_initialize.c **** ULONG               _tx_timer_performance_reactivate_count;
ARM GAS  C:\usertemp\cci6jfc5.s 			page 4


 136:Middlewares/ST/threadx/common/src/tx_timer_initialize.c **** 
 137:Middlewares/ST/threadx/common/src/tx_timer_initialize.c **** 
 138:Middlewares/ST/threadx/common/src/tx_timer_initialize.c **** /* Define the total number of timer deactivations.  */
 139:Middlewares/ST/threadx/common/src/tx_timer_initialize.c **** 
 140:Middlewares/ST/threadx/common/src/tx_timer_initialize.c **** ULONG               _tx_timer_performance_deactivate_count;
 141:Middlewares/ST/threadx/common/src/tx_timer_initialize.c **** 
 142:Middlewares/ST/threadx/common/src/tx_timer_initialize.c **** 
 143:Middlewares/ST/threadx/common/src/tx_timer_initialize.c **** /* Define the total number of timer expirations.  */
 144:Middlewares/ST/threadx/common/src/tx_timer_initialize.c **** 
 145:Middlewares/ST/threadx/common/src/tx_timer_initialize.c **** ULONG               _tx_timer_performance_expiration_count;
 146:Middlewares/ST/threadx/common/src/tx_timer_initialize.c **** 
 147:Middlewares/ST/threadx/common/src/tx_timer_initialize.c **** 
 148:Middlewares/ST/threadx/common/src/tx_timer_initialize.c **** /* Define the total number of timer expiration adjustments. These are required
 149:Middlewares/ST/threadx/common/src/tx_timer_initialize.c ****    if the expiration time is greater than the size of the timer list. In such
 150:Middlewares/ST/threadx/common/src/tx_timer_initialize.c ****    cases, the timer is placed at the end of the list and then reactivated
 151:Middlewares/ST/threadx/common/src/tx_timer_initialize.c ****    as many times as necessary to finally achieve the resulting timeout. */
 152:Middlewares/ST/threadx/common/src/tx_timer_initialize.c **** 
 153:Middlewares/ST/threadx/common/src/tx_timer_initialize.c **** ULONG               _tx_timer_performance__expiration_adjust_count;
 154:Middlewares/ST/threadx/common/src/tx_timer_initialize.c **** 
 155:Middlewares/ST/threadx/common/src/tx_timer_initialize.c **** #endif
 156:Middlewares/ST/threadx/common/src/tx_timer_initialize.c **** #endif
 157:Middlewares/ST/threadx/common/src/tx_timer_initialize.c **** 
 158:Middlewares/ST/threadx/common/src/tx_timer_initialize.c **** 
 159:Middlewares/ST/threadx/common/src/tx_timer_initialize.c **** /* Define the current time slice value.  If non-zero, a time-slice is active.
 160:Middlewares/ST/threadx/common/src/tx_timer_initialize.c ****    Otherwise, the time_slice is not active.  */
 161:Middlewares/ST/threadx/common/src/tx_timer_initialize.c **** 
 162:Middlewares/ST/threadx/common/src/tx_timer_initialize.c **** ULONG               _tx_timer_time_slice;
 163:Middlewares/ST/threadx/common/src/tx_timer_initialize.c **** 
 164:Middlewares/ST/threadx/common/src/tx_timer_initialize.c **** 
 165:Middlewares/ST/threadx/common/src/tx_timer_initialize.c **** /**************************************************************************/
 166:Middlewares/ST/threadx/common/src/tx_timer_initialize.c **** /*                                                                        */
 167:Middlewares/ST/threadx/common/src/tx_timer_initialize.c **** /*  FUNCTION                                               RELEASE        */
 168:Middlewares/ST/threadx/common/src/tx_timer_initialize.c **** /*                                                                        */
 169:Middlewares/ST/threadx/common/src/tx_timer_initialize.c **** /*    _tx_timer_initialize                                PORTABLE C      */
 170:Middlewares/ST/threadx/common/src/tx_timer_initialize.c **** /*                                                           6.1          */
 171:Middlewares/ST/threadx/common/src/tx_timer_initialize.c **** /*  AUTHOR                                                                */
 172:Middlewares/ST/threadx/common/src/tx_timer_initialize.c **** /*                                                                        */
 173:Middlewares/ST/threadx/common/src/tx_timer_initialize.c **** /*    William E. Lamie, Microsoft Corporation                             */
 174:Middlewares/ST/threadx/common/src/tx_timer_initialize.c **** /*                                                                        */
 175:Middlewares/ST/threadx/common/src/tx_timer_initialize.c **** /*  DESCRIPTION                                                           */
 176:Middlewares/ST/threadx/common/src/tx_timer_initialize.c **** /*                                                                        */
 177:Middlewares/ST/threadx/common/src/tx_timer_initialize.c **** /*    This function initializes the various control data structures for   */
 178:Middlewares/ST/threadx/common/src/tx_timer_initialize.c **** /*    the clock control component.                                        */
 179:Middlewares/ST/threadx/common/src/tx_timer_initialize.c **** /*                                                                        */
 180:Middlewares/ST/threadx/common/src/tx_timer_initialize.c **** /*  INPUT                                                                 */
 181:Middlewares/ST/threadx/common/src/tx_timer_initialize.c **** /*                                                                        */
 182:Middlewares/ST/threadx/common/src/tx_timer_initialize.c **** /*    None                                                                */
 183:Middlewares/ST/threadx/common/src/tx_timer_initialize.c **** /*                                                                        */
 184:Middlewares/ST/threadx/common/src/tx_timer_initialize.c **** /*  OUTPUT                                                                */
 185:Middlewares/ST/threadx/common/src/tx_timer_initialize.c **** /*                                                                        */
 186:Middlewares/ST/threadx/common/src/tx_timer_initialize.c **** /*    None                                                                */
 187:Middlewares/ST/threadx/common/src/tx_timer_initialize.c **** /*                                                                        */
 188:Middlewares/ST/threadx/common/src/tx_timer_initialize.c **** /*  CALLS                                                                 */
 189:Middlewares/ST/threadx/common/src/tx_timer_initialize.c **** /*                                                                        */
 190:Middlewares/ST/threadx/common/src/tx_timer_initialize.c **** /*    _tx_thread_create                 Create the system timer thread    */
 191:Middlewares/ST/threadx/common/src/tx_timer_initialize.c **** /*                                                                        */
 192:Middlewares/ST/threadx/common/src/tx_timer_initialize.c **** /*  CALLED BY                                                             */
ARM GAS  C:\usertemp\cci6jfc5.s 			page 5


 193:Middlewares/ST/threadx/common/src/tx_timer_initialize.c **** /*                                                                        */
 194:Middlewares/ST/threadx/common/src/tx_timer_initialize.c **** /*    _tx_initialize_high_level         High level initialization         */
 195:Middlewares/ST/threadx/common/src/tx_timer_initialize.c **** /*                                                                        */
 196:Middlewares/ST/threadx/common/src/tx_timer_initialize.c **** /*  RELEASE HISTORY                                                       */
 197:Middlewares/ST/threadx/common/src/tx_timer_initialize.c **** /*                                                                        */
 198:Middlewares/ST/threadx/common/src/tx_timer_initialize.c **** /*    DATE              NAME                      DESCRIPTION             */
 199:Middlewares/ST/threadx/common/src/tx_timer_initialize.c **** /*                                                                        */
 200:Middlewares/ST/threadx/common/src/tx_timer_initialize.c **** /*  05-19-2020     William E. Lamie         Initial Version 6.0           */
 201:Middlewares/ST/threadx/common/src/tx_timer_initialize.c **** /*  09-30-2020     Yuxin Zhou               Modified comment(s),          */
 202:Middlewares/ST/threadx/common/src/tx_timer_initialize.c **** /*                                            resulting in version 6.1    */
 203:Middlewares/ST/threadx/common/src/tx_timer_initialize.c **** /*                                                                        */
 204:Middlewares/ST/threadx/common/src/tx_timer_initialize.c **** /**************************************************************************/
 205:Middlewares/ST/threadx/common/src/tx_timer_initialize.c **** VOID  _tx_timer_initialize(VOID)
 206:Middlewares/ST/threadx/common/src/tx_timer_initialize.c **** {
  34              		.loc 1 206 1 view -0
  35              		.cfi_startproc
  36              		@ args = 0, pretend = 0, frame = 0
  37              		@ frame_needed = 0, uses_anonymous_args = 0
  38 0000 30B5     		push	{r4, r5, lr}
  39              	.LCFI0:
  40              		.cfi_def_cfa_offset 12
  41              		.cfi_offset 4, -12
  42              		.cfi_offset 5, -8
  43              		.cfi_offset 14, -4
  44 0002 87B0     		sub	sp, sp, #28
  45              	.LCFI1:
  46              		.cfi_def_cfa_offset 40
 207:Middlewares/ST/threadx/common/src/tx_timer_initialize.c **** #ifndef TX_NO_TIMER
 208:Middlewares/ST/threadx/common/src/tx_timer_initialize.c **** #ifndef TX_TIMER_PROCESS_IN_ISR
 209:Middlewares/ST/threadx/common/src/tx_timer_initialize.c **** UINT    status;
  47              		.loc 1 209 1 view .LVU1
 210:Middlewares/ST/threadx/common/src/tx_timer_initialize.c **** #endif
 211:Middlewares/ST/threadx/common/src/tx_timer_initialize.c **** 
 212:Middlewares/ST/threadx/common/src/tx_timer_initialize.c **** #ifndef TX_DISABLE_REDUNDANT_CLEARING
 213:Middlewares/ST/threadx/common/src/tx_timer_initialize.c **** 
 214:Middlewares/ST/threadx/common/src/tx_timer_initialize.c ****     /* Initialize the system clock to 0.  */
 215:Middlewares/ST/threadx/common/src/tx_timer_initialize.c ****     _tx_timer_system_clock =  ((ULONG) 0);
  48              		.loc 1 215 5 view .LVU2
  49              		.loc 1 215 28 is_stmt 0 view .LVU3
  50 0004 0024     		movs	r4, #0
  51 0006 1F4B     		ldr	r3, .L4
  52 0008 1C60     		str	r4, [r3]
 216:Middlewares/ST/threadx/common/src/tx_timer_initialize.c **** 
 217:Middlewares/ST/threadx/common/src/tx_timer_initialize.c ****     /* Initialize the time-slice value to 0 to make sure it is disabled.  */
 218:Middlewares/ST/threadx/common/src/tx_timer_initialize.c ****     _tx_timer_time_slice =  ((ULONG) 0);
  53              		.loc 1 218 5 is_stmt 1 view .LVU4
  54              		.loc 1 218 26 is_stmt 0 view .LVU5
  55 000a 1F4B     		ldr	r3, .L4+4
  56 000c 1C60     		str	r4, [r3]
 219:Middlewares/ST/threadx/common/src/tx_timer_initialize.c **** 
 220:Middlewares/ST/threadx/common/src/tx_timer_initialize.c ****     /* Clear the expired flags.  */
 221:Middlewares/ST/threadx/common/src/tx_timer_initialize.c ****     _tx_timer_expired_time_slice =  TX_FALSE;
  57              		.loc 1 221 5 is_stmt 1 view .LVU6
  58              		.loc 1 221 34 is_stmt 0 view .LVU7
  59 000e 1F4B     		ldr	r3, .L4+8
  60 0010 1C60     		str	r4, [r3]
 222:Middlewares/ST/threadx/common/src/tx_timer_initialize.c ****     _tx_timer_expired =             TX_FALSE;
ARM GAS  C:\usertemp\cci6jfc5.s 			page 6


  61              		.loc 1 222 5 is_stmt 1 view .LVU8
  62              		.loc 1 222 23 is_stmt 0 view .LVU9
  63 0012 1F4B     		ldr	r3, .L4+12
  64 0014 1C60     		str	r4, [r3]
 223:Middlewares/ST/threadx/common/src/tx_timer_initialize.c **** 
 224:Middlewares/ST/threadx/common/src/tx_timer_initialize.c ****     /* Set the currently expired timer being processed pointer to NULL.  */
 225:Middlewares/ST/threadx/common/src/tx_timer_initialize.c ****     _tx_timer_expired_timer_ptr =  TX_NULL;
  65              		.loc 1 225 5 is_stmt 1 view .LVU10
  66              		.loc 1 225 33 is_stmt 0 view .LVU11
  67 0016 1F4B     		ldr	r3, .L4+16
  68 0018 1C60     		str	r4, [r3]
 226:Middlewares/ST/threadx/common/src/tx_timer_initialize.c **** 
 227:Middlewares/ST/threadx/common/src/tx_timer_initialize.c ****     /* Initialize the thread and application timer management control structures.  */
 228:Middlewares/ST/threadx/common/src/tx_timer_initialize.c **** 
 229:Middlewares/ST/threadx/common/src/tx_timer_initialize.c ****     /* First, initialize the timer list.  */
 230:Middlewares/ST/threadx/common/src/tx_timer_initialize.c ****     TX_MEMSET(&_tx_timer_list[0], 0, (sizeof(_tx_timer_list)));
  69              		.loc 1 230 5 is_stmt 1 view .LVU12
  70 001a 1F4D     		ldr	r5, .L4+20
  71 001c 8022     		movs	r2, #128
  72 001e 2146     		mov	r1, r4
  73 0020 2846     		mov	r0, r5
  74 0022 FFF7FEFF 		bl	memset
  75              	.LVL0:
 231:Middlewares/ST/threadx/common/src/tx_timer_initialize.c **** #endif
 232:Middlewares/ST/threadx/common/src/tx_timer_initialize.c **** 
 233:Middlewares/ST/threadx/common/src/tx_timer_initialize.c ****     /* Initialize all of the list pointers.  */
 234:Middlewares/ST/threadx/common/src/tx_timer_initialize.c ****     _tx_timer_list_start =   &_tx_timer_list[0];
  76              		.loc 1 234 5 view .LVU13
  77              		.loc 1 234 26 is_stmt 0 view .LVU14
  78 0026 1D4B     		ldr	r3, .L4+24
  79 0028 1D60     		str	r5, [r3]
 235:Middlewares/ST/threadx/common/src/tx_timer_initialize.c ****     _tx_timer_current_ptr =  &_tx_timer_list[0];
  80              		.loc 1 235 5 is_stmt 1 view .LVU15
  81              		.loc 1 235 27 is_stmt 0 view .LVU16
  82 002a 1D4B     		ldr	r3, .L4+28
  83 002c 1D60     		str	r5, [r3]
 236:Middlewares/ST/threadx/common/src/tx_timer_initialize.c **** 
 237:Middlewares/ST/threadx/common/src/tx_timer_initialize.c ****     /* Set the timer list end pointer to one past the actual timer list.  This is done
 238:Middlewares/ST/threadx/common/src/tx_timer_initialize.c ****        to make the timer interrupt handling in assembly language a little easier.  */
 239:Middlewares/ST/threadx/common/src/tx_timer_initialize.c ****     _tx_timer_list_end =     &_tx_timer_list[TX_TIMER_ENTRIES-((ULONG) 1)];
  84              		.loc 1 239 5 is_stmt 1 view .LVU17
  85              		.loc 1 239 24 is_stmt 0 view .LVU18
  86 002e 1D4B     		ldr	r3, .L4+32
  87 0030 05F17C02 		add	r2, r5, #124
  88 0034 1A60     		str	r2, [r3]
 240:Middlewares/ST/threadx/common/src/tx_timer_initialize.c ****     _tx_timer_list_end =     TX_TIMER_POINTER_ADD(_tx_timer_list_end, ((ULONG) 1));
  89              		.loc 1 240 5 is_stmt 1 view .LVU19
  90              		.loc 1 240 24 is_stmt 0 view .LVU20
  91 0036 8035     		adds	r5, r5, #128
  92 0038 1D60     		str	r5, [r3]
 241:Middlewares/ST/threadx/common/src/tx_timer_initialize.c **** 
 242:Middlewares/ST/threadx/common/src/tx_timer_initialize.c **** #ifndef TX_TIMER_PROCESS_IN_ISR
 243:Middlewares/ST/threadx/common/src/tx_timer_initialize.c **** 
 244:Middlewares/ST/threadx/common/src/tx_timer_initialize.c ****     /* Setup the variables associated with the system timer thread's stack and
 245:Middlewares/ST/threadx/common/src/tx_timer_initialize.c ****        priority.  */
 246:Middlewares/ST/threadx/common/src/tx_timer_initialize.c ****     _tx_timer_stack_start =  (VOID *) &_tx_timer_thread_stack_area[0];
  93              		.loc 1 246 5 is_stmt 1 view .LVU21
ARM GAS  C:\usertemp\cci6jfc5.s 			page 7


  94              		.loc 1 246 27 is_stmt 0 view .LVU22
  95 003a 1B4B     		ldr	r3, .L4+36
  96 003c 1B4A     		ldr	r2, .L4+40
  97 003e 1A60     		str	r2, [r3]
 247:Middlewares/ST/threadx/common/src/tx_timer_initialize.c ****     _tx_timer_stack_size =   ((ULONG) TX_TIMER_THREAD_STACK_SIZE);
  98              		.loc 1 247 5 is_stmt 1 view .LVU23
  99              		.loc 1 247 26 is_stmt 0 view .LVU24
 100 0040 1B4B     		ldr	r3, .L4+44
 101 0042 4FF48062 		mov	r2, #1024
 102 0046 1A60     		str	r2, [r3]
 248:Middlewares/ST/threadx/common/src/tx_timer_initialize.c ****     _tx_timer_priority =     ((UINT) TX_TIMER_THREAD_PRIORITY);
 103              		.loc 1 248 5 is_stmt 1 view .LVU25
 104              		.loc 1 248 24 is_stmt 0 view .LVU26
 105 0048 1A4B     		ldr	r3, .L4+48
 106 004a 1C60     		str	r4, [r3]
 107              	.L2:
 249:Middlewares/ST/threadx/common/src/tx_timer_initialize.c **** 
 250:Middlewares/ST/threadx/common/src/tx_timer_initialize.c ****     /* Create the system timer thread.  This thread processes all of the timer
 251:Middlewares/ST/threadx/common/src/tx_timer_initialize.c ****        expirations and reschedules.  Its stack and priority are defined in the
 252:Middlewares/ST/threadx/common/src/tx_timer_initialize.c ****        low-level initialization component.  */
 253:Middlewares/ST/threadx/common/src/tx_timer_initialize.c ****     do
 108              		.loc 1 253 5 is_stmt 1 view .LVU27
 254:Middlewares/ST/threadx/common/src/tx_timer_initialize.c ****     {
 255:Middlewares/ST/threadx/common/src/tx_timer_initialize.c **** 
 256:Middlewares/ST/threadx/common/src/tx_timer_initialize.c ****         /* Create the system timer thread.  */
 257:Middlewares/ST/threadx/common/src/tx_timer_initialize.c ****         status =  _tx_thread_create(&_tx_timer_thread,
 109              		.loc 1 257 9 view .LVU28
 110              		.loc 1 257 19 is_stmt 0 view .LVU29
 111 004c 194B     		ldr	r3, .L4+48
 112 004e 1B68     		ldr	r3, [r3]
 113 0050 0022     		movs	r2, #0
 114 0052 0592     		str	r2, [sp, #20]
 115 0054 0492     		str	r2, [sp, #16]
 116 0056 0393     		str	r3, [sp, #12]
 117 0058 0293     		str	r3, [sp, #8]
 118 005a 154B     		ldr	r3, .L4+44
 119 005c 1B68     		ldr	r3, [r3]
 120 005e 0193     		str	r3, [sp, #4]
 121 0060 114B     		ldr	r3, .L4+36
 122 0062 1B68     		ldr	r3, [r3]
 123 0064 0093     		str	r3, [sp]
 124 0066 144B     		ldr	r3, .L4+52
 125 0068 144A     		ldr	r2, .L4+56
 126 006a 1549     		ldr	r1, .L4+60
 127 006c 1548     		ldr	r0, .L4+64
 128 006e FFF7FEFF 		bl	_tx_thread_create
 129              	.LVL1:
 258:Middlewares/ST/threadx/common/src/tx_timer_initialize.c ****                                     TX_CONST_CHAR_TO_CHAR_POINTER_CONVERT("System Timer Thread"),
 259:Middlewares/ST/threadx/common/src/tx_timer_initialize.c ****                                     _tx_timer_thread_entry,
 260:Middlewares/ST/threadx/common/src/tx_timer_initialize.c ****                                     ((ULONG) TX_TIMER_ID),
 261:Middlewares/ST/threadx/common/src/tx_timer_initialize.c ****                                     _tx_timer_stack_start, _tx_timer_stack_size,
 262:Middlewares/ST/threadx/common/src/tx_timer_initialize.c ****                                     _tx_timer_priority, _tx_timer_priority, TX_NO_TIME_SLICE, TX_DO
 263:Middlewares/ST/threadx/common/src/tx_timer_initialize.c **** 
 264:Middlewares/ST/threadx/common/src/tx_timer_initialize.c **** #ifdef TX_SAFETY_CRITICAL
 265:Middlewares/ST/threadx/common/src/tx_timer_initialize.c **** 
 266:Middlewares/ST/threadx/common/src/tx_timer_initialize.c ****         /* Check return from thread create - if an error is detected throw an exception.  */
 267:Middlewares/ST/threadx/common/src/tx_timer_initialize.c ****         if (status != TX_SUCCESS)
ARM GAS  C:\usertemp\cci6jfc5.s 			page 8


 268:Middlewares/ST/threadx/common/src/tx_timer_initialize.c ****         {
 269:Middlewares/ST/threadx/common/src/tx_timer_initialize.c **** 
 270:Middlewares/ST/threadx/common/src/tx_timer_initialize.c ****             /* Raise safety critical exception.  */
 271:Middlewares/ST/threadx/common/src/tx_timer_initialize.c ****             TX_SAFETY_CRITICAL_EXCEPTION(__FILE__, __LINE__, status);
 272:Middlewares/ST/threadx/common/src/tx_timer_initialize.c ****         }
 273:Middlewares/ST/threadx/common/src/tx_timer_initialize.c **** #endif
 274:Middlewares/ST/threadx/common/src/tx_timer_initialize.c **** 
 275:Middlewares/ST/threadx/common/src/tx_timer_initialize.c ****         /* Define timer initialize extension.  */
 276:Middlewares/ST/threadx/common/src/tx_timer_initialize.c ****         TX_TIMER_INITIALIZE_EXTENSION(status)
 277:Middlewares/ST/threadx/common/src/tx_timer_initialize.c **** 
 278:Middlewares/ST/threadx/common/src/tx_timer_initialize.c ****     } while (status != TX_SUCCESS);
 130              		.loc 1 278 21 is_stmt 1 discriminator 1 view .LVU30
 131 0072 0028     		cmp	r0, #0
 132 0074 EAD1     		bne	.L2
 279:Middlewares/ST/threadx/common/src/tx_timer_initialize.c **** 
 280:Middlewares/ST/threadx/common/src/tx_timer_initialize.c **** #else
 281:Middlewares/ST/threadx/common/src/tx_timer_initialize.c **** 
 282:Middlewares/ST/threadx/common/src/tx_timer_initialize.c ****     /* Clear the timer interrupt processing active flag.  */
 283:Middlewares/ST/threadx/common/src/tx_timer_initialize.c ****     _tx_timer_processing_active =  TX_FALSE;
 284:Middlewares/ST/threadx/common/src/tx_timer_initialize.c **** #endif
 285:Middlewares/ST/threadx/common/src/tx_timer_initialize.c **** 
 286:Middlewares/ST/threadx/common/src/tx_timer_initialize.c **** #ifndef TX_DISABLE_REDUNDANT_CLEARING
 287:Middlewares/ST/threadx/common/src/tx_timer_initialize.c **** 
 288:Middlewares/ST/threadx/common/src/tx_timer_initialize.c ****     /* Initialize the head pointer of the created application timer list.  */
 289:Middlewares/ST/threadx/common/src/tx_timer_initialize.c ****     _tx_timer_created_ptr =  TX_NULL;
 133              		.loc 1 289 5 view .LVU31
 134              		.loc 1 289 27 is_stmt 0 view .LVU32
 135 0076 0023     		movs	r3, #0
 136 0078 134A     		ldr	r2, .L4+68
 137 007a 1360     		str	r3, [r2]
 290:Middlewares/ST/threadx/common/src/tx_timer_initialize.c **** 
 291:Middlewares/ST/threadx/common/src/tx_timer_initialize.c ****     /* Set the created count to zero.  */
 292:Middlewares/ST/threadx/common/src/tx_timer_initialize.c ****     _tx_timer_created_count =  TX_EMPTY;
 138              		.loc 1 292 5 is_stmt 1 view .LVU33
 139              		.loc 1 292 29 is_stmt 0 view .LVU34
 140 007c 134A     		ldr	r2, .L4+72
 141 007e 1360     		str	r3, [r2]
 293:Middlewares/ST/threadx/common/src/tx_timer_initialize.c **** 
 294:Middlewares/ST/threadx/common/src/tx_timer_initialize.c **** #ifdef TX_TIMER_ENABLE_PERFORMANCE_INFO
 295:Middlewares/ST/threadx/common/src/tx_timer_initialize.c **** 
 296:Middlewares/ST/threadx/common/src/tx_timer_initialize.c ****     /* Initialize timer performance counters.  */
 297:Middlewares/ST/threadx/common/src/tx_timer_initialize.c ****     _tx_timer_performance_activate_count =           ((ULONG) 0);
 298:Middlewares/ST/threadx/common/src/tx_timer_initialize.c ****     _tx_timer_performance_reactivate_count =         ((ULONG) 0);
 299:Middlewares/ST/threadx/common/src/tx_timer_initialize.c ****     _tx_timer_performance_deactivate_count =         ((ULONG) 0);
 300:Middlewares/ST/threadx/common/src/tx_timer_initialize.c ****     _tx_timer_performance_expiration_count =         ((ULONG) 0);
 301:Middlewares/ST/threadx/common/src/tx_timer_initialize.c ****     _tx_timer_performance__expiration_adjust_count =  ((ULONG) 0);
 302:Middlewares/ST/threadx/common/src/tx_timer_initialize.c **** #endif
 303:Middlewares/ST/threadx/common/src/tx_timer_initialize.c **** #endif
 304:Middlewares/ST/threadx/common/src/tx_timer_initialize.c **** #endif
 305:Middlewares/ST/threadx/common/src/tx_timer_initialize.c **** }
 142              		.loc 1 305 1 view .LVU35
 143 0080 07B0     		add	sp, sp, #28
 144              	.LCFI2:
 145              		.cfi_def_cfa_offset 12
 146              		@ sp needed
 147 0082 30BD     		pop	{r4, r5, pc}
 148              	.L5:
ARM GAS  C:\usertemp\cci6jfc5.s 			page 9


 149              		.align	2
 150              	.L4:
 151 0084 00000000 		.word	_tx_timer_system_clock
 152 0088 00000000 		.word	_tx_timer_time_slice
 153 008c 00000000 		.word	_tx_timer_expired_time_slice
 154 0090 00000000 		.word	_tx_timer_expired
 155 0094 00000000 		.word	_tx_timer_expired_timer_ptr
 156 0098 00000000 		.word	_tx_timer_list
 157 009c 00000000 		.word	_tx_timer_list_start
 158 00a0 00000000 		.word	_tx_timer_current_ptr
 159 00a4 00000000 		.word	_tx_timer_list_end
 160 00a8 00000000 		.word	_tx_timer_stack_start
 161 00ac 00000000 		.word	_tx_timer_thread_stack_area
 162 00b0 00000000 		.word	_tx_timer_stack_size
 163 00b4 00000000 		.word	_tx_timer_priority
 164 00b8 4D495441 		.word	1096042829
 165 00bc 00000000 		.word	_tx_timer_thread_entry
 166 00c0 00000000 		.word	.LC0
 167 00c4 00000000 		.word	_tx_timer_thread
 168 00c8 00000000 		.word	_tx_timer_created_ptr
 169 00cc 00000000 		.word	_tx_timer_created_count
 170              		.cfi_endproc
 171              	.LFE8:
 173              		.global	_tx_timer_time_slice
 174              		.section	.bss._tx_timer_time_slice,"aw",%nobits
 175              		.align	2
 178              	_tx_timer_time_slice:
 179 0000 00000000 		.space	4
 180              		.global	_tx_timer_thread_stack_area
 181              		.section	.bss._tx_timer_thread_stack_area,"aw",%nobits
 182              		.align	2
 185              	_tx_timer_thread_stack_area:
 186 0000 00000000 		.space	1024
 186      00000000 
 186      00000000 
 186      00000000 
 186      00000000 
 187              		.global	_tx_timer_priority
 188              		.section	.bss._tx_timer_priority,"aw",%nobits
 189              		.align	2
 192              	_tx_timer_priority:
 193 0000 00000000 		.space	4
 194              		.global	_tx_timer_stack_size
 195              		.section	.bss._tx_timer_stack_size,"aw",%nobits
 196              		.align	2
 199              	_tx_timer_stack_size:
 200 0000 00000000 		.space	4
 201              		.global	_tx_timer_stack_start
 202              		.section	.bss._tx_timer_stack_start,"aw",%nobits
 203              		.align	2
 206              	_tx_timer_stack_start:
 207 0000 00000000 		.space	4
 208              		.global	_tx_timer_thread
 209              		.section	.bss._tx_timer_thread,"aw",%nobits
 210              		.align	2
 213              	_tx_timer_thread:
 214 0000 00000000 		.space	176
ARM GAS  C:\usertemp\cci6jfc5.s 			page 10


 214      00000000 
 214      00000000 
 214      00000000 
 214      00000000 
 215              		.global	_tx_timer_expired_timer_ptr
 216              		.section	.bss._tx_timer_expired_timer_ptr,"aw",%nobits
 217              		.align	2
 220              	_tx_timer_expired_timer_ptr:
 221 0000 00000000 		.space	4
 222              		.global	_tx_timer_created_count
 223              		.section	.bss._tx_timer_created_count,"aw",%nobits
 224              		.align	2
 227              	_tx_timer_created_count:
 228 0000 00000000 		.space	4
 229              		.global	_tx_timer_created_ptr
 230              		.section	.bss._tx_timer_created_ptr,"aw",%nobits
 231              		.align	2
 234              	_tx_timer_created_ptr:
 235 0000 00000000 		.space	4
 236              		.global	_tx_timer_expired
 237              		.section	.bss._tx_timer_expired,"aw",%nobits
 238              		.align	2
 241              	_tx_timer_expired:
 242 0000 00000000 		.space	4
 243              		.global	_tx_timer_current_ptr
 244              		.section	.bss._tx_timer_current_ptr,"aw",%nobits
 245              		.align	2
 248              	_tx_timer_current_ptr:
 249 0000 00000000 		.space	4
 250              		.global	_tx_timer_list_end
 251              		.section	.bss._tx_timer_list_end,"aw",%nobits
 252              		.align	2
 255              	_tx_timer_list_end:
 256 0000 00000000 		.space	4
 257              		.global	_tx_timer_list_start
 258              		.section	.bss._tx_timer_list_start,"aw",%nobits
 259              		.align	2
 262              	_tx_timer_list_start:
 263 0000 00000000 		.space	4
 264              		.global	_tx_timer_list
 265              		.section	.bss._tx_timer_list,"aw",%nobits
 266              		.align	2
 269              	_tx_timer_list:
 270 0000 00000000 		.space	128
 270      00000000 
 270      00000000 
 270      00000000 
 270      00000000 
 271              		.global	_tx_timer_expired_time_slice
 272              		.section	.bss._tx_timer_expired_time_slice,"aw",%nobits
 273              		.align	2
 276              	_tx_timer_expired_time_slice:
 277 0000 00000000 		.space	4
 278              		.global	_tx_timer_system_clock
 279              		.section	.bss._tx_timer_system_clock,"aw",%nobits
 280              		.align	2
 283              	_tx_timer_system_clock:
ARM GAS  C:\usertemp\cci6jfc5.s 			page 11


 284 0000 00000000 		.space	4
 285              		.text
 286              	.Letext0:
 287              		.file 2 "D:/armtoolchain/arm-gnu-toolchain-13.3.rel1-mingw-w64-i686-arm-none-eabi/lib/gcc/arm-none
 288              		.file 3 "Middlewares/ST/threadx/ports/cortex_m33/gnu/inc/tx_port.h"
 289              		.file 4 "Middlewares/ST/threadx/common/inc/tx_api.h"
 290              		.file 5 "Middlewares/ST/threadx/common/inc/tx_timer.h"
 291              		.file 6 "D:/armtoolchain/arm-gnu-toolchain-13.3.rel1-mingw-w64-i686-arm-none-eabi/arm-none-eabi/in
 292              		.file 7 "<built-in>"
ARM GAS  C:\usertemp\cci6jfc5.s 			page 12


DEFINED SYMBOLS
                            *ABS*:00000000 tx_timer_initialize.c
C:\usertemp\cci6jfc5.s:22     .rodata._tx_timer_initialize.str1.4:00000000 $d
C:\usertemp\cci6jfc5.s:26     .text._tx_timer_initialize:00000000 $t
C:\usertemp\cci6jfc5.s:32     .text._tx_timer_initialize:00000000 _tx_timer_initialize
C:\usertemp\cci6jfc5.s:151    .text._tx_timer_initialize:00000084 $d
C:\usertemp\cci6jfc5.s:283    .bss._tx_timer_system_clock:00000000 _tx_timer_system_clock
C:\usertemp\cci6jfc5.s:178    .bss._tx_timer_time_slice:00000000 _tx_timer_time_slice
C:\usertemp\cci6jfc5.s:276    .bss._tx_timer_expired_time_slice:00000000 _tx_timer_expired_time_slice
C:\usertemp\cci6jfc5.s:241    .bss._tx_timer_expired:00000000 _tx_timer_expired
C:\usertemp\cci6jfc5.s:220    .bss._tx_timer_expired_timer_ptr:00000000 _tx_timer_expired_timer_ptr
C:\usertemp\cci6jfc5.s:269    .bss._tx_timer_list:00000000 _tx_timer_list
C:\usertemp\cci6jfc5.s:262    .bss._tx_timer_list_start:00000000 _tx_timer_list_start
C:\usertemp\cci6jfc5.s:248    .bss._tx_timer_current_ptr:00000000 _tx_timer_current_ptr
C:\usertemp\cci6jfc5.s:255    .bss._tx_timer_list_end:00000000 _tx_timer_list_end
C:\usertemp\cci6jfc5.s:206    .bss._tx_timer_stack_start:00000000 _tx_timer_stack_start
C:\usertemp\cci6jfc5.s:185    .bss._tx_timer_thread_stack_area:00000000 _tx_timer_thread_stack_area
C:\usertemp\cci6jfc5.s:199    .bss._tx_timer_stack_size:00000000 _tx_timer_stack_size
C:\usertemp\cci6jfc5.s:192    .bss._tx_timer_priority:00000000 _tx_timer_priority
C:\usertemp\cci6jfc5.s:213    .bss._tx_timer_thread:00000000 _tx_timer_thread
C:\usertemp\cci6jfc5.s:234    .bss._tx_timer_created_ptr:00000000 _tx_timer_created_ptr
C:\usertemp\cci6jfc5.s:227    .bss._tx_timer_created_count:00000000 _tx_timer_created_count
C:\usertemp\cci6jfc5.s:175    .bss._tx_timer_time_slice:00000000 $d
C:\usertemp\cci6jfc5.s:182    .bss._tx_timer_thread_stack_area:00000000 $d
C:\usertemp\cci6jfc5.s:189    .bss._tx_timer_priority:00000000 $d
C:\usertemp\cci6jfc5.s:196    .bss._tx_timer_stack_size:00000000 $d
C:\usertemp\cci6jfc5.s:203    .bss._tx_timer_stack_start:00000000 $d
C:\usertemp\cci6jfc5.s:210    .bss._tx_timer_thread:00000000 $d
C:\usertemp\cci6jfc5.s:217    .bss._tx_timer_expired_timer_ptr:00000000 $d
C:\usertemp\cci6jfc5.s:224    .bss._tx_timer_created_count:00000000 $d
C:\usertemp\cci6jfc5.s:231    .bss._tx_timer_created_ptr:00000000 $d
C:\usertemp\cci6jfc5.s:238    .bss._tx_timer_expired:00000000 $d
C:\usertemp\cci6jfc5.s:245    .bss._tx_timer_current_ptr:00000000 $d
C:\usertemp\cci6jfc5.s:252    .bss._tx_timer_list_end:00000000 $d
C:\usertemp\cci6jfc5.s:259    .bss._tx_timer_list_start:00000000 $d
C:\usertemp\cci6jfc5.s:266    .bss._tx_timer_list:00000000 $d
C:\usertemp\cci6jfc5.s:273    .bss._tx_timer_expired_time_slice:00000000 $d
C:\usertemp\cci6jfc5.s:280    .bss._tx_timer_system_clock:00000000 $d

UNDEFINED SYMBOLS
memset
_tx_thread_create
_tx_timer_thread_entry
