ARM GAS  C:\usertemp\ccbjhTts.s 			page 1


   1              		.cpu cortex-m33
   2              		.arch armv8-m.main
   3              		.fpu fpv4-sp-d16
   4              		.arch_extension dsp
   5              		.eabi_attribute 27, 1
   6              		.eabi_attribute 28, 1
   7              		.eabi_attribute 20, 1
   8              		.eabi_attribute 21, 1
   9              		.eabi_attribute 23, 3
  10              		.eabi_attribute 24, 1
  11              		.eabi_attribute 25, 1
  12              		.eabi_attribute 26, 1
  13              		.eabi_attribute 30, 1
  14              		.eabi_attribute 34, 1
  15              		.eabi_attribute 18, 4
  16              		.file	"txe_semaphore_ceiling_put.c"
  17              		.text
  18              	.Ltext0:
  19              		.cfi_sections	.debug_frame
  20              		.file 1 "Middlewares/ST/threadx/common/src/txe_semaphore_ceiling_put.c"
  21              		.section	.text._txe_semaphore_ceiling_put,"ax",%progbits
  22              		.align	1
  23              		.global	_txe_semaphore_ceiling_put
  24              		.syntax unified
  25              		.thumb
  26              		.thumb_func
  28              	_txe_semaphore_ceiling_put:
  29              	.LVL0:
  30              	.LFB8:
   1:Middlewares/ST/threadx/common/src/txe_semaphore_ceiling_put.c **** /**************************************************************************/
   2:Middlewares/ST/threadx/common/src/txe_semaphore_ceiling_put.c **** /*                                                                        */
   3:Middlewares/ST/threadx/common/src/txe_semaphore_ceiling_put.c **** /*       Copyright (c) Microsoft Corporation. All rights reserved.        */
   4:Middlewares/ST/threadx/common/src/txe_semaphore_ceiling_put.c **** /*                                                                        */
   5:Middlewares/ST/threadx/common/src/txe_semaphore_ceiling_put.c **** /*       This software is licensed under the Microsoft Software License   */
   6:Middlewares/ST/threadx/common/src/txe_semaphore_ceiling_put.c **** /*       Terms for Microsoft Azure RTOS. Full text of the license can be  */
   7:Middlewares/ST/threadx/common/src/txe_semaphore_ceiling_put.c **** /*       found in the LICENSE file at https://aka.ms/AzureRTOS_EULA       */
   8:Middlewares/ST/threadx/common/src/txe_semaphore_ceiling_put.c **** /*       and in the root directory of this software.                      */
   9:Middlewares/ST/threadx/common/src/txe_semaphore_ceiling_put.c **** /*                                                                        */
  10:Middlewares/ST/threadx/common/src/txe_semaphore_ceiling_put.c **** /**************************************************************************/
  11:Middlewares/ST/threadx/common/src/txe_semaphore_ceiling_put.c **** 
  12:Middlewares/ST/threadx/common/src/txe_semaphore_ceiling_put.c **** 
  13:Middlewares/ST/threadx/common/src/txe_semaphore_ceiling_put.c **** /**************************************************************************/
  14:Middlewares/ST/threadx/common/src/txe_semaphore_ceiling_put.c **** /**************************************************************************/
  15:Middlewares/ST/threadx/common/src/txe_semaphore_ceiling_put.c **** /**                                                                       */
  16:Middlewares/ST/threadx/common/src/txe_semaphore_ceiling_put.c **** /** ThreadX Component                                                     */
  17:Middlewares/ST/threadx/common/src/txe_semaphore_ceiling_put.c **** /**                                                                       */
  18:Middlewares/ST/threadx/common/src/txe_semaphore_ceiling_put.c **** /**   Semaphore                                                           */
  19:Middlewares/ST/threadx/common/src/txe_semaphore_ceiling_put.c **** /**                                                                       */
  20:Middlewares/ST/threadx/common/src/txe_semaphore_ceiling_put.c **** /**************************************************************************/
  21:Middlewares/ST/threadx/common/src/txe_semaphore_ceiling_put.c **** /**************************************************************************/
  22:Middlewares/ST/threadx/common/src/txe_semaphore_ceiling_put.c **** 
  23:Middlewares/ST/threadx/common/src/txe_semaphore_ceiling_put.c **** #define TX_SOURCE_CODE
  24:Middlewares/ST/threadx/common/src/txe_semaphore_ceiling_put.c **** 
  25:Middlewares/ST/threadx/common/src/txe_semaphore_ceiling_put.c **** 
  26:Middlewares/ST/threadx/common/src/txe_semaphore_ceiling_put.c **** /* Include necessary system files.  */
  27:Middlewares/ST/threadx/common/src/txe_semaphore_ceiling_put.c **** 
  28:Middlewares/ST/threadx/common/src/txe_semaphore_ceiling_put.c **** #include "tx_api.h"
ARM GAS  C:\usertemp\ccbjhTts.s 			page 2


  29:Middlewares/ST/threadx/common/src/txe_semaphore_ceiling_put.c **** #include "tx_semaphore.h"
  30:Middlewares/ST/threadx/common/src/txe_semaphore_ceiling_put.c **** 
  31:Middlewares/ST/threadx/common/src/txe_semaphore_ceiling_put.c **** 
  32:Middlewares/ST/threadx/common/src/txe_semaphore_ceiling_put.c **** /**************************************************************************/
  33:Middlewares/ST/threadx/common/src/txe_semaphore_ceiling_put.c **** /*                                                                        */
  34:Middlewares/ST/threadx/common/src/txe_semaphore_ceiling_put.c **** /*  FUNCTION                                               RELEASE        */
  35:Middlewares/ST/threadx/common/src/txe_semaphore_ceiling_put.c **** /*                                                                        */
  36:Middlewares/ST/threadx/common/src/txe_semaphore_ceiling_put.c **** /*    _txe_semaphore_ceiling_put                          PORTABLE C      */
  37:Middlewares/ST/threadx/common/src/txe_semaphore_ceiling_put.c **** /*                                                           6.1          */
  38:Middlewares/ST/threadx/common/src/txe_semaphore_ceiling_put.c **** /*  AUTHOR                                                                */
  39:Middlewares/ST/threadx/common/src/txe_semaphore_ceiling_put.c **** /*                                                                        */
  40:Middlewares/ST/threadx/common/src/txe_semaphore_ceiling_put.c **** /*    William E. Lamie, Microsoft Corporation                             */
  41:Middlewares/ST/threadx/common/src/txe_semaphore_ceiling_put.c **** /*                                                                        */
  42:Middlewares/ST/threadx/common/src/txe_semaphore_ceiling_put.c **** /*  DESCRIPTION                                                           */
  43:Middlewares/ST/threadx/common/src/txe_semaphore_ceiling_put.c **** /*                                                                        */
  44:Middlewares/ST/threadx/common/src/txe_semaphore_ceiling_put.c **** /*    This function checks for errors in the semaphore ceiling put        */
  45:Middlewares/ST/threadx/common/src/txe_semaphore_ceiling_put.c **** /*    function call.                                                      */
  46:Middlewares/ST/threadx/common/src/txe_semaphore_ceiling_put.c **** /*                                                                        */
  47:Middlewares/ST/threadx/common/src/txe_semaphore_ceiling_put.c **** /*  INPUT                                                                 */
  48:Middlewares/ST/threadx/common/src/txe_semaphore_ceiling_put.c **** /*                                                                        */
  49:Middlewares/ST/threadx/common/src/txe_semaphore_ceiling_put.c **** /*    semaphore_ptr                         Pointer to semaphore          */
  50:Middlewares/ST/threadx/common/src/txe_semaphore_ceiling_put.c **** /*    ceiling                               Maximum value of semaphore    */
  51:Middlewares/ST/threadx/common/src/txe_semaphore_ceiling_put.c **** /*                                                                        */
  52:Middlewares/ST/threadx/common/src/txe_semaphore_ceiling_put.c **** /*  OUTPUT                                                                */
  53:Middlewares/ST/threadx/common/src/txe_semaphore_ceiling_put.c **** /*                                                                        */
  54:Middlewares/ST/threadx/common/src/txe_semaphore_ceiling_put.c **** /*    TX_SEMAPHORE_ERROR                    Invalid semaphore pointer     */
  55:Middlewares/ST/threadx/common/src/txe_semaphore_ceiling_put.c **** /*    TX_INVALID_CEILING                    Invalid semaphore ceiling     */
  56:Middlewares/ST/threadx/common/src/txe_semaphore_ceiling_put.c **** /*    status                                Actual completion status      */
  57:Middlewares/ST/threadx/common/src/txe_semaphore_ceiling_put.c **** /*                                                                        */
  58:Middlewares/ST/threadx/common/src/txe_semaphore_ceiling_put.c **** /*  CALLS                                                                 */
  59:Middlewares/ST/threadx/common/src/txe_semaphore_ceiling_put.c **** /*                                                                        */
  60:Middlewares/ST/threadx/common/src/txe_semaphore_ceiling_put.c **** /*    _tx_semaphore_ceiling_put             Actual semaphore ceiling put  */
  61:Middlewares/ST/threadx/common/src/txe_semaphore_ceiling_put.c **** /*                                            function                    */
  62:Middlewares/ST/threadx/common/src/txe_semaphore_ceiling_put.c **** /*                                                                        */
  63:Middlewares/ST/threadx/common/src/txe_semaphore_ceiling_put.c **** /*  CALLED BY                                                             */
  64:Middlewares/ST/threadx/common/src/txe_semaphore_ceiling_put.c **** /*                                                                        */
  65:Middlewares/ST/threadx/common/src/txe_semaphore_ceiling_put.c **** /*    Application Code                                                    */
  66:Middlewares/ST/threadx/common/src/txe_semaphore_ceiling_put.c **** /*                                                                        */
  67:Middlewares/ST/threadx/common/src/txe_semaphore_ceiling_put.c **** /*  RELEASE HISTORY                                                       */
  68:Middlewares/ST/threadx/common/src/txe_semaphore_ceiling_put.c **** /*                                                                        */
  69:Middlewares/ST/threadx/common/src/txe_semaphore_ceiling_put.c **** /*    DATE              NAME                      DESCRIPTION             */
  70:Middlewares/ST/threadx/common/src/txe_semaphore_ceiling_put.c **** /*                                                                        */
  71:Middlewares/ST/threadx/common/src/txe_semaphore_ceiling_put.c **** /*  05-19-2020     William E. Lamie         Initial Version 6.0           */
  72:Middlewares/ST/threadx/common/src/txe_semaphore_ceiling_put.c **** /*  09-30-2020     Yuxin Zhou               Modified comment(s),          */
  73:Middlewares/ST/threadx/common/src/txe_semaphore_ceiling_put.c **** /*                                            resulting in version 6.1    */
  74:Middlewares/ST/threadx/common/src/txe_semaphore_ceiling_put.c **** /*                                                                        */
  75:Middlewares/ST/threadx/common/src/txe_semaphore_ceiling_put.c **** /**************************************************************************/
  76:Middlewares/ST/threadx/common/src/txe_semaphore_ceiling_put.c **** UINT  _txe_semaphore_ceiling_put(TX_SEMAPHORE *semaphore_ptr, ULONG ceiling)
  77:Middlewares/ST/threadx/common/src/txe_semaphore_ceiling_put.c **** {
  31              		.loc 1 77 1 view -0
  32              		.cfi_startproc
  33              		@ args = 0, pretend = 0, frame = 0
  34              		@ frame_needed = 0, uses_anonymous_args = 0
  78:Middlewares/ST/threadx/common/src/txe_semaphore_ceiling_put.c **** 
  79:Middlewares/ST/threadx/common/src/txe_semaphore_ceiling_put.c **** UINT        status;
  35              		.loc 1 79 1 view .LVU1
  80:Middlewares/ST/threadx/common/src/txe_semaphore_ceiling_put.c **** 
ARM GAS  C:\usertemp\ccbjhTts.s 			page 3


  81:Middlewares/ST/threadx/common/src/txe_semaphore_ceiling_put.c **** 
  82:Middlewares/ST/threadx/common/src/txe_semaphore_ceiling_put.c ****     /* Check for an invalid semaphore pointer.  */
  83:Middlewares/ST/threadx/common/src/txe_semaphore_ceiling_put.c ****     if (semaphore_ptr == TX_NULL)
  36              		.loc 1 83 5 view .LVU2
  37              		.loc 1 83 8 is_stmt 0 view .LVU3
  38 0000 70B1     		cbz	r0, .L3
  77:Middlewares/ST/threadx/common/src/txe_semaphore_ceiling_put.c **** 
  39              		.loc 1 77 1 view .LVU4
  40 0002 08B5     		push	{r3, lr}
  41              	.LCFI0:
  42              		.cfi_def_cfa_offset 8
  43              		.cfi_offset 3, -8
  44              		.cfi_offset 14, -4
  45 0004 0346     		mov	r3, r0
  84:Middlewares/ST/threadx/common/src/txe_semaphore_ceiling_put.c ****     {
  85:Middlewares/ST/threadx/common/src/txe_semaphore_ceiling_put.c **** 
  86:Middlewares/ST/threadx/common/src/txe_semaphore_ceiling_put.c ****         /* Semaphore pointer is invalid, return appropriate error code.  */
  87:Middlewares/ST/threadx/common/src/txe_semaphore_ceiling_put.c ****         status =  TX_SEMAPHORE_ERROR;
  88:Middlewares/ST/threadx/common/src/txe_semaphore_ceiling_put.c ****     }
  89:Middlewares/ST/threadx/common/src/txe_semaphore_ceiling_put.c **** 
  90:Middlewares/ST/threadx/common/src/txe_semaphore_ceiling_put.c ****     /* Now check for a valid semaphore ID.  */
  91:Middlewares/ST/threadx/common/src/txe_semaphore_ceiling_put.c ****     else if (semaphore_ptr -> tx_semaphore_id != TX_SEMAPHORE_ID)
  46              		.loc 1 91 10 is_stmt 1 view .LVU5
  47              		.loc 1 91 28 is_stmt 0 view .LVU6
  48 0006 0068     		ldr	r0, [r0]
  49              	.LVL1:
  50              		.loc 1 91 13 view .LVU7
  51 0008 064A     		ldr	r2, .L12
  52 000a 9042     		cmp	r0, r2
  53 000c 01D0     		beq	.L10
  92:Middlewares/ST/threadx/common/src/txe_semaphore_ceiling_put.c ****     {
  93:Middlewares/ST/threadx/common/src/txe_semaphore_ceiling_put.c **** 
  94:Middlewares/ST/threadx/common/src/txe_semaphore_ceiling_put.c ****         /* Semaphore pointer is invalid, return appropriate error code.  */
  95:Middlewares/ST/threadx/common/src/txe_semaphore_ceiling_put.c ****         status =  TX_SEMAPHORE_ERROR;
  54              		.loc 1 95 16 view .LVU8
  55 000e 0C20     		movs	r0, #12
  56              	.LVL2:
  57              	.L1:
  96:Middlewares/ST/threadx/common/src/txe_semaphore_ceiling_put.c ****     }
  97:Middlewares/ST/threadx/common/src/txe_semaphore_ceiling_put.c **** 
  98:Middlewares/ST/threadx/common/src/txe_semaphore_ceiling_put.c ****     /* Determine if the ceiling is valid - must be greater than 1.  */
  99:Middlewares/ST/threadx/common/src/txe_semaphore_ceiling_put.c ****     else if (ceiling == ((ULONG) 0))
 100:Middlewares/ST/threadx/common/src/txe_semaphore_ceiling_put.c ****     {
 101:Middlewares/ST/threadx/common/src/txe_semaphore_ceiling_put.c **** 
 102:Middlewares/ST/threadx/common/src/txe_semaphore_ceiling_put.c ****         /* Invalid ceiling, return error.  */
 103:Middlewares/ST/threadx/common/src/txe_semaphore_ceiling_put.c ****         status =  TX_INVALID_CEILING;
 104:Middlewares/ST/threadx/common/src/txe_semaphore_ceiling_put.c ****     }
 105:Middlewares/ST/threadx/common/src/txe_semaphore_ceiling_put.c ****     else
 106:Middlewares/ST/threadx/common/src/txe_semaphore_ceiling_put.c ****     {
 107:Middlewares/ST/threadx/common/src/txe_semaphore_ceiling_put.c **** 
 108:Middlewares/ST/threadx/common/src/txe_semaphore_ceiling_put.c ****         /* Call actual semaphore ceiling put function.  */
 109:Middlewares/ST/threadx/common/src/txe_semaphore_ceiling_put.c ****         status =  _tx_semaphore_ceiling_put(semaphore_ptr, ceiling);
 110:Middlewares/ST/threadx/common/src/txe_semaphore_ceiling_put.c ****     }
 111:Middlewares/ST/threadx/common/src/txe_semaphore_ceiling_put.c **** 
 112:Middlewares/ST/threadx/common/src/txe_semaphore_ceiling_put.c ****     /* Return completion status.  */
 113:Middlewares/ST/threadx/common/src/txe_semaphore_ceiling_put.c ****     return(status);
 114:Middlewares/ST/threadx/common/src/txe_semaphore_ceiling_put.c **** }
ARM GAS  C:\usertemp\ccbjhTts.s 			page 4


  58              		.loc 1 114 1 view .LVU9
  59 0010 08BD     		pop	{r3, pc}
  60              	.LVL3:
  61              	.L10:
  99:Middlewares/ST/threadx/common/src/txe_semaphore_ceiling_put.c ****     {
  62              		.loc 1 99 10 is_stmt 1 view .LVU10
  99:Middlewares/ST/threadx/common/src/txe_semaphore_ceiling_put.c ****     {
  63              		.loc 1 99 13 is_stmt 0 view .LVU11
  64 0012 09B9     		cbnz	r1, .L11
 103:Middlewares/ST/threadx/common/src/txe_semaphore_ceiling_put.c ****     }
  65              		.loc 1 103 16 view .LVU12
  66 0014 2220     		movs	r0, #34
  67              	.LVL4:
 113:Middlewares/ST/threadx/common/src/txe_semaphore_ceiling_put.c **** }
  68              		.loc 1 113 5 is_stmt 1 view .LVU13
 113:Middlewares/ST/threadx/common/src/txe_semaphore_ceiling_put.c **** }
  69              		.loc 1 113 11 is_stmt 0 view .LVU14
  70 0016 FBE7     		b	.L1
  71              	.LVL5:
  72              	.L11:
 109:Middlewares/ST/threadx/common/src/txe_semaphore_ceiling_put.c ****     }
  73              		.loc 1 109 9 is_stmt 1 view .LVU15
 109:Middlewares/ST/threadx/common/src/txe_semaphore_ceiling_put.c ****     }
  74              		.loc 1 109 19 is_stmt 0 view .LVU16
  75 0018 1846     		mov	r0, r3
  76 001a FFF7FEFF 		bl	_tx_semaphore_ceiling_put
  77              	.LVL6:
 109:Middlewares/ST/threadx/common/src/txe_semaphore_ceiling_put.c ****     }
  78              		.loc 1 109 19 view .LVU17
  79 001e F7E7     		b	.L1
  80              	.LVL7:
  81              	.L3:
  82              	.LCFI1:
  83              		.cfi_def_cfa_offset 0
  84              		.cfi_restore 3
  85              		.cfi_restore 14
  87:Middlewares/ST/threadx/common/src/txe_semaphore_ceiling_put.c ****     }
  86              		.loc 1 87 16 view .LVU18
  87 0020 0C20     		movs	r0, #12
  88              	.LVL8:
  89              		.loc 1 114 1 view .LVU19
  90 0022 7047     		bx	lr
  91              	.L13:
  92              		.align	2
  93              	.L12:
  94 0024 414D4553 		.word	1397050689
  95              		.cfi_endproc
  96              	.LFE8:
  98              		.text
  99              	.Letext0:
 100              		.file 2 "Middlewares/ST/threadx/ports/cortex_m33/gnu/inc/tx_port.h"
 101              		.file 3 "Middlewares/ST/threadx/common/inc/tx_api.h"
ARM GAS  C:\usertemp\ccbjhTts.s 			page 5


DEFINED SYMBOLS
                            *ABS*:00000000 txe_semaphore_ceiling_put.c
C:\usertemp\ccbjhTts.s:22     .text._txe_semaphore_ceiling_put:00000000 $t
C:\usertemp\ccbjhTts.s:28     .text._txe_semaphore_ceiling_put:00000000 _txe_semaphore_ceiling_put
C:\usertemp\ccbjhTts.s:94     .text._txe_semaphore_ceiling_put:00000024 $d

UNDEFINED SYMBOLS
_tx_semaphore_ceiling_put
