ARM GAS  C:\usertemp\ccHlGdHJ.s 			page 1


   1              		.cpu cortex-m33
   2              		.arch armv8-m.main
   3              		.fpu fpv4-sp-d16
   4              		.arch_extension dsp
   5              		.eabi_attribute 27, 1
   6              		.eabi_attribute 28, 1
   7              		.eabi_attribute 20, 1
   8              		.eabi_attribute 21, 1
   9              		.eabi_attribute 23, 3
  10              		.eabi_attribute 24, 1
  11              		.eabi_attribute 25, 1
  12              		.eabi_attribute 26, 1
  13              		.eabi_attribute 30, 1
  14              		.eabi_attribute 34, 1
  15              		.eabi_attribute 18, 4
  16              		.file	"txe_semaphore_put_notify.c"
  17              		.text
  18              	.Ltext0:
  19              		.cfi_sections	.debug_frame
  20              		.file 1 "Middlewares/ST/threadx/common/src/txe_semaphore_put_notify.c"
  21              		.section	.text._txe_semaphore_put_notify,"ax",%progbits
  22              		.align	1
  23              		.global	_txe_semaphore_put_notify
  24              		.syntax unified
  25              		.thumb
  26              		.thumb_func
  28              	_txe_semaphore_put_notify:
  29              	.LVL0:
  30              	.LFB8:
   1:Middlewares/ST/threadx/common/src/txe_semaphore_put_notify.c **** /**************************************************************************/
   2:Middlewares/ST/threadx/common/src/txe_semaphore_put_notify.c **** /*                                                                        */
   3:Middlewares/ST/threadx/common/src/txe_semaphore_put_notify.c **** /*       Copyright (c) Microsoft Corporation. All rights reserved.        */
   4:Middlewares/ST/threadx/common/src/txe_semaphore_put_notify.c **** /*                                                                        */
   5:Middlewares/ST/threadx/common/src/txe_semaphore_put_notify.c **** /*       This software is licensed under the Microsoft Software License   */
   6:Middlewares/ST/threadx/common/src/txe_semaphore_put_notify.c **** /*       Terms for Microsoft Azure RTOS. Full text of the license can be  */
   7:Middlewares/ST/threadx/common/src/txe_semaphore_put_notify.c **** /*       found in the LICENSE file at https://aka.ms/AzureRTOS_EULA       */
   8:Middlewares/ST/threadx/common/src/txe_semaphore_put_notify.c **** /*       and in the root directory of this software.                      */
   9:Middlewares/ST/threadx/common/src/txe_semaphore_put_notify.c **** /*                                                                        */
  10:Middlewares/ST/threadx/common/src/txe_semaphore_put_notify.c **** /**************************************************************************/
  11:Middlewares/ST/threadx/common/src/txe_semaphore_put_notify.c **** 
  12:Middlewares/ST/threadx/common/src/txe_semaphore_put_notify.c **** 
  13:Middlewares/ST/threadx/common/src/txe_semaphore_put_notify.c **** /**************************************************************************/
  14:Middlewares/ST/threadx/common/src/txe_semaphore_put_notify.c **** /**************************************************************************/
  15:Middlewares/ST/threadx/common/src/txe_semaphore_put_notify.c **** /**                                                                       */
  16:Middlewares/ST/threadx/common/src/txe_semaphore_put_notify.c **** /** ThreadX Component                                                     */
  17:Middlewares/ST/threadx/common/src/txe_semaphore_put_notify.c **** /**                                                                       */
  18:Middlewares/ST/threadx/common/src/txe_semaphore_put_notify.c **** /**   Semaphore                                                           */
  19:Middlewares/ST/threadx/common/src/txe_semaphore_put_notify.c **** /**                                                                       */
  20:Middlewares/ST/threadx/common/src/txe_semaphore_put_notify.c **** /**************************************************************************/
  21:Middlewares/ST/threadx/common/src/txe_semaphore_put_notify.c **** /**************************************************************************/
  22:Middlewares/ST/threadx/common/src/txe_semaphore_put_notify.c **** 
  23:Middlewares/ST/threadx/common/src/txe_semaphore_put_notify.c **** #define TX_SOURCE_CODE
  24:Middlewares/ST/threadx/common/src/txe_semaphore_put_notify.c **** 
  25:Middlewares/ST/threadx/common/src/txe_semaphore_put_notify.c **** 
  26:Middlewares/ST/threadx/common/src/txe_semaphore_put_notify.c **** /* Include necessary system files.  */
  27:Middlewares/ST/threadx/common/src/txe_semaphore_put_notify.c **** 
  28:Middlewares/ST/threadx/common/src/txe_semaphore_put_notify.c **** #include "tx_api.h"
ARM GAS  C:\usertemp\ccHlGdHJ.s 			page 2


  29:Middlewares/ST/threadx/common/src/txe_semaphore_put_notify.c **** #include "tx_semaphore.h"
  30:Middlewares/ST/threadx/common/src/txe_semaphore_put_notify.c **** 
  31:Middlewares/ST/threadx/common/src/txe_semaphore_put_notify.c **** 
  32:Middlewares/ST/threadx/common/src/txe_semaphore_put_notify.c **** /**************************************************************************/
  33:Middlewares/ST/threadx/common/src/txe_semaphore_put_notify.c **** /*                                                                        */
  34:Middlewares/ST/threadx/common/src/txe_semaphore_put_notify.c **** /*  FUNCTION                                               RELEASE        */
  35:Middlewares/ST/threadx/common/src/txe_semaphore_put_notify.c **** /*                                                                        */
  36:Middlewares/ST/threadx/common/src/txe_semaphore_put_notify.c **** /*    _txe_semaphore_put_notify                           PORTABLE C      */
  37:Middlewares/ST/threadx/common/src/txe_semaphore_put_notify.c **** /*                                                           6.1          */
  38:Middlewares/ST/threadx/common/src/txe_semaphore_put_notify.c **** /*  AUTHOR                                                                */
  39:Middlewares/ST/threadx/common/src/txe_semaphore_put_notify.c **** /*                                                                        */
  40:Middlewares/ST/threadx/common/src/txe_semaphore_put_notify.c **** /*    William E. Lamie, Microsoft Corporation                             */
  41:Middlewares/ST/threadx/common/src/txe_semaphore_put_notify.c **** /*                                                                        */
  42:Middlewares/ST/threadx/common/src/txe_semaphore_put_notify.c **** /*  DESCRIPTION                                                           */
  43:Middlewares/ST/threadx/common/src/txe_semaphore_put_notify.c **** /*                                                                        */
  44:Middlewares/ST/threadx/common/src/txe_semaphore_put_notify.c **** /*    This function checks for errors in the semaphore put notify         */
  45:Middlewares/ST/threadx/common/src/txe_semaphore_put_notify.c **** /*    callback function call.                                             */
  46:Middlewares/ST/threadx/common/src/txe_semaphore_put_notify.c **** /*                                                                        */
  47:Middlewares/ST/threadx/common/src/txe_semaphore_put_notify.c **** /*  INPUT                                                                 */
  48:Middlewares/ST/threadx/common/src/txe_semaphore_put_notify.c **** /*                                                                        */
  49:Middlewares/ST/threadx/common/src/txe_semaphore_put_notify.c **** /*    semaphore_ptr                         Pointer to semaphore          */
  50:Middlewares/ST/threadx/common/src/txe_semaphore_put_notify.c **** /*    semaphore_put_notify                  Application callback function */
  51:Middlewares/ST/threadx/common/src/txe_semaphore_put_notify.c **** /*                                            (TX_NULL disables notify)   */
  52:Middlewares/ST/threadx/common/src/txe_semaphore_put_notify.c **** /*                                                                        */
  53:Middlewares/ST/threadx/common/src/txe_semaphore_put_notify.c **** /*  OUTPUT                                                                */
  54:Middlewares/ST/threadx/common/src/txe_semaphore_put_notify.c **** /*                                                                        */
  55:Middlewares/ST/threadx/common/src/txe_semaphore_put_notify.c **** /*    status                                Service return status         */
  56:Middlewares/ST/threadx/common/src/txe_semaphore_put_notify.c **** /*                                                                        */
  57:Middlewares/ST/threadx/common/src/txe_semaphore_put_notify.c **** /*  CALLS                                                                 */
  58:Middlewares/ST/threadx/common/src/txe_semaphore_put_notify.c **** /*                                                                        */
  59:Middlewares/ST/threadx/common/src/txe_semaphore_put_notify.c **** /*    _tx_semaphore_put_notify              Actual semaphore put notify   */
  60:Middlewares/ST/threadx/common/src/txe_semaphore_put_notify.c **** /*                                            call                        */
  61:Middlewares/ST/threadx/common/src/txe_semaphore_put_notify.c **** /*                                                                        */
  62:Middlewares/ST/threadx/common/src/txe_semaphore_put_notify.c **** /*  CALLED BY                                                             */
  63:Middlewares/ST/threadx/common/src/txe_semaphore_put_notify.c **** /*                                                                        */
  64:Middlewares/ST/threadx/common/src/txe_semaphore_put_notify.c **** /*    Application Code                                                    */
  65:Middlewares/ST/threadx/common/src/txe_semaphore_put_notify.c **** /*                                                                        */
  66:Middlewares/ST/threadx/common/src/txe_semaphore_put_notify.c **** /*  RELEASE HISTORY                                                       */
  67:Middlewares/ST/threadx/common/src/txe_semaphore_put_notify.c **** /*                                                                        */
  68:Middlewares/ST/threadx/common/src/txe_semaphore_put_notify.c **** /*    DATE              NAME                      DESCRIPTION             */
  69:Middlewares/ST/threadx/common/src/txe_semaphore_put_notify.c **** /*                                                                        */
  70:Middlewares/ST/threadx/common/src/txe_semaphore_put_notify.c **** /*  05-19-2020     William E. Lamie         Initial Version 6.0           */
  71:Middlewares/ST/threadx/common/src/txe_semaphore_put_notify.c **** /*  09-30-2020     Yuxin Zhou               Modified comment(s),          */
  72:Middlewares/ST/threadx/common/src/txe_semaphore_put_notify.c **** /*                                            resulting in version 6.1    */
  73:Middlewares/ST/threadx/common/src/txe_semaphore_put_notify.c **** /*                                                                        */
  74:Middlewares/ST/threadx/common/src/txe_semaphore_put_notify.c **** /**************************************************************************/
  75:Middlewares/ST/threadx/common/src/txe_semaphore_put_notify.c **** UINT  _txe_semaphore_put_notify(TX_SEMAPHORE *semaphore_ptr, VOID (*semaphore_put_notify)(TX_SEMAPH
  76:Middlewares/ST/threadx/common/src/txe_semaphore_put_notify.c **** {
  31              		.loc 1 76 1 view -0
  32              		.cfi_startproc
  33              		@ args = 0, pretend = 0, frame = 0
  34              		@ frame_needed = 0, uses_anonymous_args = 0
  77:Middlewares/ST/threadx/common/src/txe_semaphore_put_notify.c **** 
  78:Middlewares/ST/threadx/common/src/txe_semaphore_put_notify.c **** UINT    status;
  35              		.loc 1 78 1 view .LVU1
  79:Middlewares/ST/threadx/common/src/txe_semaphore_put_notify.c **** 
  80:Middlewares/ST/threadx/common/src/txe_semaphore_put_notify.c **** 
ARM GAS  C:\usertemp\ccHlGdHJ.s 			page 3


  81:Middlewares/ST/threadx/common/src/txe_semaphore_put_notify.c ****     /* Check for an invalid semaphore pointer.  */
  82:Middlewares/ST/threadx/common/src/txe_semaphore_put_notify.c ****     if (semaphore_ptr == TX_NULL)
  36              		.loc 1 82 5 view .LVU2
  37              		.loc 1 82 8 is_stmt 0 view .LVU3
  38 0000 58B1     		cbz	r0, .L3
  76:Middlewares/ST/threadx/common/src/txe_semaphore_put_notify.c **** 
  39              		.loc 1 76 1 view .LVU4
  40 0002 08B5     		push	{r3, lr}
  41              	.LCFI0:
  42              		.cfi_def_cfa_offset 8
  43              		.cfi_offset 3, -8
  44              		.cfi_offset 14, -4
  45 0004 0346     		mov	r3, r0
  83:Middlewares/ST/threadx/common/src/txe_semaphore_put_notify.c ****     {
  84:Middlewares/ST/threadx/common/src/txe_semaphore_put_notify.c **** 
  85:Middlewares/ST/threadx/common/src/txe_semaphore_put_notify.c ****         /* Semaphore pointer is invalid, return appropriate error code.  */
  86:Middlewares/ST/threadx/common/src/txe_semaphore_put_notify.c ****         status =  TX_SEMAPHORE_ERROR;
  87:Middlewares/ST/threadx/common/src/txe_semaphore_put_notify.c ****     }
  88:Middlewares/ST/threadx/common/src/txe_semaphore_put_notify.c **** 
  89:Middlewares/ST/threadx/common/src/txe_semaphore_put_notify.c ****     /* Now check for invalid semaphore ID.  */
  90:Middlewares/ST/threadx/common/src/txe_semaphore_put_notify.c ****     else if (semaphore_ptr -> tx_semaphore_id != TX_SEMAPHORE_ID)
  46              		.loc 1 90 10 is_stmt 1 view .LVU5
  47              		.loc 1 90 28 is_stmt 0 view .LVU6
  48 0006 0068     		ldr	r0, [r0]
  49              	.LVL1:
  50              		.loc 1 90 13 view .LVU7
  51 0008 054A     		ldr	r2, .L10
  52 000a 9042     		cmp	r0, r2
  53 000c 01D0     		beq	.L9
  91:Middlewares/ST/threadx/common/src/txe_semaphore_put_notify.c ****     {
  92:Middlewares/ST/threadx/common/src/txe_semaphore_put_notify.c **** 
  93:Middlewares/ST/threadx/common/src/txe_semaphore_put_notify.c ****         /* Semaphore pointer is invalid, return appropriate error code.  */
  94:Middlewares/ST/threadx/common/src/txe_semaphore_put_notify.c ****         status =  TX_SEMAPHORE_ERROR;
  54              		.loc 1 94 16 view .LVU8
  55 000e 0C20     		movs	r0, #12
  56              	.LVL2:
  95:Middlewares/ST/threadx/common/src/txe_semaphore_put_notify.c ****     }
  96:Middlewares/ST/threadx/common/src/txe_semaphore_put_notify.c ****     else
  97:Middlewares/ST/threadx/common/src/txe_semaphore_put_notify.c ****     {
  98:Middlewares/ST/threadx/common/src/txe_semaphore_put_notify.c **** 
  99:Middlewares/ST/threadx/common/src/txe_semaphore_put_notify.c ****         /* Call actual semaphore put notify function.  */
 100:Middlewares/ST/threadx/common/src/txe_semaphore_put_notify.c ****         status =  _tx_semaphore_put_notify(semaphore_ptr, semaphore_put_notify);
 101:Middlewares/ST/threadx/common/src/txe_semaphore_put_notify.c ****     }
 102:Middlewares/ST/threadx/common/src/txe_semaphore_put_notify.c **** 
 103:Middlewares/ST/threadx/common/src/txe_semaphore_put_notify.c ****     /* Return completion status.  */
 104:Middlewares/ST/threadx/common/src/txe_semaphore_put_notify.c ****     return(status);
  57              		.loc 1 104 5 is_stmt 1 view .LVU9
  58              	.L1:
 105:Middlewares/ST/threadx/common/src/txe_semaphore_put_notify.c **** }
  59              		.loc 1 105 1 is_stmt 0 view .LVU10
  60 0010 08BD     		pop	{r3, pc}
  61              	.LVL3:
  62              	.L9:
 100:Middlewares/ST/threadx/common/src/txe_semaphore_put_notify.c ****     }
  63              		.loc 1 100 9 is_stmt 1 view .LVU11
 100:Middlewares/ST/threadx/common/src/txe_semaphore_put_notify.c ****     }
  64              		.loc 1 100 19 is_stmt 0 view .LVU12
ARM GAS  C:\usertemp\ccHlGdHJ.s 			page 4


  65 0012 1846     		mov	r0, r3
  66 0014 FFF7FEFF 		bl	_tx_semaphore_put_notify
  67              	.LVL4:
 100:Middlewares/ST/threadx/common/src/txe_semaphore_put_notify.c ****     }
  68              		.loc 1 100 19 view .LVU13
  69 0018 FAE7     		b	.L1
  70              	.LVL5:
  71              	.L3:
  72              	.LCFI1:
  73              		.cfi_def_cfa_offset 0
  74              		.cfi_restore 3
  75              		.cfi_restore 14
  86:Middlewares/ST/threadx/common/src/txe_semaphore_put_notify.c ****     }
  76              		.loc 1 86 16 view .LVU14
  77 001a 0C20     		movs	r0, #12
  78              	.LVL6:
  79              		.loc 1 105 1 view .LVU15
  80 001c 7047     		bx	lr
  81              	.L11:
  82 001e 00BF     		.align	2
  83              	.L10:
  84 0020 414D4553 		.word	1397050689
  85              		.cfi_endproc
  86              	.LFE8:
  88              		.text
  89              	.Letext0:
  90              		.file 2 "Middlewares/ST/threadx/ports/cortex_m33/gnu/inc/tx_port.h"
  91              		.file 3 "Middlewares/ST/threadx/common/inc/tx_api.h"
ARM GAS  C:\usertemp\ccHlGdHJ.s 			page 5


DEFINED SYMBOLS
                            *ABS*:00000000 txe_semaphore_put_notify.c
C:\usertemp\ccHlGdHJ.s:22     .text._txe_semaphore_put_notify:00000000 $t
C:\usertemp\ccHlGdHJ.s:28     .text._txe_semaphore_put_notify:00000000 _txe_semaphore_put_notify
C:\usertemp\ccHlGdHJ.s:84     .text._txe_semaphore_put_notify:00000020 $d

UNDEFINED SYMBOLS
_tx_semaphore_put_notify
