ARM GAS  C:\usertemp\ccZ1H0gY.s 			page 1


   1              		.cpu cortex-m33
   2              		.arch armv8-m.main
   3              		.fpu fpv4-sp-d16
   4              		.arch_extension dsp
   5              		.eabi_attribute 27, 1
   6              		.eabi_attribute 28, 1
   7              		.eabi_attribute 20, 1
   8              		.eabi_attribute 21, 1
   9              		.eabi_attribute 23, 3
  10              		.eabi_attribute 24, 1
  11              		.eabi_attribute 25, 1
  12              		.eabi_attribute 26, 1
  13              		.eabi_attribute 30, 1
  14              		.eabi_attribute 34, 1
  15              		.eabi_attribute 18, 4
  16              		.file	"txe_byte_pool_prioritize.c"
  17              		.text
  18              	.Ltext0:
  19              		.cfi_sections	.debug_frame
  20              		.file 1 "Middlewares/ST/threadx/common/src/txe_byte_pool_prioritize.c"
  21              		.section	.text._txe_byte_pool_prioritize,"ax",%progbits
  22              		.align	1
  23              		.global	_txe_byte_pool_prioritize
  24              		.syntax unified
  25              		.thumb
  26              		.thumb_func
  28              	_txe_byte_pool_prioritize:
  29              	.LVL0:
  30              	.LFB8:
   1:Middlewares/ST/threadx/common/src/txe_byte_pool_prioritize.c **** /**************************************************************************/
   2:Middlewares/ST/threadx/common/src/txe_byte_pool_prioritize.c **** /*                                                                        */
   3:Middlewares/ST/threadx/common/src/txe_byte_pool_prioritize.c **** /*       Copyright (c) Microsoft Corporation. All rights reserved.        */
   4:Middlewares/ST/threadx/common/src/txe_byte_pool_prioritize.c **** /*                                                                        */
   5:Middlewares/ST/threadx/common/src/txe_byte_pool_prioritize.c **** /*       This software is licensed under the Microsoft Software License   */
   6:Middlewares/ST/threadx/common/src/txe_byte_pool_prioritize.c **** /*       Terms for Microsoft Azure RTOS. Full text of the license can be  */
   7:Middlewares/ST/threadx/common/src/txe_byte_pool_prioritize.c **** /*       found in the LICENSE file at https://aka.ms/AzureRTOS_EULA       */
   8:Middlewares/ST/threadx/common/src/txe_byte_pool_prioritize.c **** /*       and in the root directory of this software.                      */
   9:Middlewares/ST/threadx/common/src/txe_byte_pool_prioritize.c **** /*                                                                        */
  10:Middlewares/ST/threadx/common/src/txe_byte_pool_prioritize.c **** /**************************************************************************/
  11:Middlewares/ST/threadx/common/src/txe_byte_pool_prioritize.c **** 
  12:Middlewares/ST/threadx/common/src/txe_byte_pool_prioritize.c **** 
  13:Middlewares/ST/threadx/common/src/txe_byte_pool_prioritize.c **** /**************************************************************************/
  14:Middlewares/ST/threadx/common/src/txe_byte_pool_prioritize.c **** /**************************************************************************/
  15:Middlewares/ST/threadx/common/src/txe_byte_pool_prioritize.c **** /**                                                                       */
  16:Middlewares/ST/threadx/common/src/txe_byte_pool_prioritize.c **** /** ThreadX Component                                                     */
  17:Middlewares/ST/threadx/common/src/txe_byte_pool_prioritize.c **** /**                                                                       */
  18:Middlewares/ST/threadx/common/src/txe_byte_pool_prioritize.c **** /**   Byte Memory                                                         */
  19:Middlewares/ST/threadx/common/src/txe_byte_pool_prioritize.c **** /**                                                                       */
  20:Middlewares/ST/threadx/common/src/txe_byte_pool_prioritize.c **** /**************************************************************************/
  21:Middlewares/ST/threadx/common/src/txe_byte_pool_prioritize.c **** /**************************************************************************/
  22:Middlewares/ST/threadx/common/src/txe_byte_pool_prioritize.c **** 
  23:Middlewares/ST/threadx/common/src/txe_byte_pool_prioritize.c **** #define TX_SOURCE_CODE
  24:Middlewares/ST/threadx/common/src/txe_byte_pool_prioritize.c **** 
  25:Middlewares/ST/threadx/common/src/txe_byte_pool_prioritize.c **** 
  26:Middlewares/ST/threadx/common/src/txe_byte_pool_prioritize.c **** /* Include necessary system files.  */
  27:Middlewares/ST/threadx/common/src/txe_byte_pool_prioritize.c **** 
  28:Middlewares/ST/threadx/common/src/txe_byte_pool_prioritize.c **** #include "tx_api.h"
ARM GAS  C:\usertemp\ccZ1H0gY.s 			page 2


  29:Middlewares/ST/threadx/common/src/txe_byte_pool_prioritize.c **** #include "tx_byte_pool.h"
  30:Middlewares/ST/threadx/common/src/txe_byte_pool_prioritize.c **** 
  31:Middlewares/ST/threadx/common/src/txe_byte_pool_prioritize.c **** 
  32:Middlewares/ST/threadx/common/src/txe_byte_pool_prioritize.c **** /**************************************************************************/
  33:Middlewares/ST/threadx/common/src/txe_byte_pool_prioritize.c **** /*                                                                        */
  34:Middlewares/ST/threadx/common/src/txe_byte_pool_prioritize.c **** /*  FUNCTION                                               RELEASE        */
  35:Middlewares/ST/threadx/common/src/txe_byte_pool_prioritize.c **** /*                                                                        */
  36:Middlewares/ST/threadx/common/src/txe_byte_pool_prioritize.c **** /*    _tx_byte_pool_prioritize                            PORTABLE C      */
  37:Middlewares/ST/threadx/common/src/txe_byte_pool_prioritize.c **** /*                                                           6.1          */
  38:Middlewares/ST/threadx/common/src/txe_byte_pool_prioritize.c **** /*  AUTHOR                                                                */
  39:Middlewares/ST/threadx/common/src/txe_byte_pool_prioritize.c **** /*                                                                        */
  40:Middlewares/ST/threadx/common/src/txe_byte_pool_prioritize.c **** /*    William E. Lamie, Microsoft Corporation                             */
  41:Middlewares/ST/threadx/common/src/txe_byte_pool_prioritize.c **** /*                                                                        */
  42:Middlewares/ST/threadx/common/src/txe_byte_pool_prioritize.c **** /*  DESCRIPTION                                                           */
  43:Middlewares/ST/threadx/common/src/txe_byte_pool_prioritize.c **** /*                                                                        */
  44:Middlewares/ST/threadx/common/src/txe_byte_pool_prioritize.c **** /*    This function checks for errors in the byte pool prioritize call.   */
  45:Middlewares/ST/threadx/common/src/txe_byte_pool_prioritize.c **** /*                                                                        */
  46:Middlewares/ST/threadx/common/src/txe_byte_pool_prioritize.c **** /*  INPUT                                                                 */
  47:Middlewares/ST/threadx/common/src/txe_byte_pool_prioritize.c **** /*                                                                        */
  48:Middlewares/ST/threadx/common/src/txe_byte_pool_prioritize.c **** /*    pool_ptr                          Pointer to pool control block     */
  49:Middlewares/ST/threadx/common/src/txe_byte_pool_prioritize.c **** /*                                                                        */
  50:Middlewares/ST/threadx/common/src/txe_byte_pool_prioritize.c **** /*  OUTPUT                                                                */
  51:Middlewares/ST/threadx/common/src/txe_byte_pool_prioritize.c **** /*                                                                        */
  52:Middlewares/ST/threadx/common/src/txe_byte_pool_prioritize.c **** /*    status                            Completion status                 */
  53:Middlewares/ST/threadx/common/src/txe_byte_pool_prioritize.c **** /*                                                                        */
  54:Middlewares/ST/threadx/common/src/txe_byte_pool_prioritize.c **** /*  CALLS                                                                 */
  55:Middlewares/ST/threadx/common/src/txe_byte_pool_prioritize.c **** /*                                                                        */
  56:Middlewares/ST/threadx/common/src/txe_byte_pool_prioritize.c **** /*    _tx_byte_pool_prioritize         Actual byte pool prioritize        */
  57:Middlewares/ST/threadx/common/src/txe_byte_pool_prioritize.c **** /*                                        function                        */
  58:Middlewares/ST/threadx/common/src/txe_byte_pool_prioritize.c **** /*                                                                        */
  59:Middlewares/ST/threadx/common/src/txe_byte_pool_prioritize.c **** /*  CALLED BY                                                             */
  60:Middlewares/ST/threadx/common/src/txe_byte_pool_prioritize.c **** /*                                                                        */
  61:Middlewares/ST/threadx/common/src/txe_byte_pool_prioritize.c **** /*    Application Code                                                    */
  62:Middlewares/ST/threadx/common/src/txe_byte_pool_prioritize.c **** /*                                                                        */
  63:Middlewares/ST/threadx/common/src/txe_byte_pool_prioritize.c **** /*  RELEASE HISTORY                                                       */
  64:Middlewares/ST/threadx/common/src/txe_byte_pool_prioritize.c **** /*                                                                        */
  65:Middlewares/ST/threadx/common/src/txe_byte_pool_prioritize.c **** /*    DATE              NAME                      DESCRIPTION             */
  66:Middlewares/ST/threadx/common/src/txe_byte_pool_prioritize.c **** /*                                                                        */
  67:Middlewares/ST/threadx/common/src/txe_byte_pool_prioritize.c **** /*  05-19-2020     William E. Lamie         Initial Version 6.0           */
  68:Middlewares/ST/threadx/common/src/txe_byte_pool_prioritize.c **** /*  09-30-2020     Yuxin Zhou               Modified comment(s),          */
  69:Middlewares/ST/threadx/common/src/txe_byte_pool_prioritize.c **** /*                                            resulting in version 6.1    */
  70:Middlewares/ST/threadx/common/src/txe_byte_pool_prioritize.c **** /*                                                                        */
  71:Middlewares/ST/threadx/common/src/txe_byte_pool_prioritize.c **** /**************************************************************************/
  72:Middlewares/ST/threadx/common/src/txe_byte_pool_prioritize.c **** UINT  _txe_byte_pool_prioritize(TX_BYTE_POOL *pool_ptr)
  73:Middlewares/ST/threadx/common/src/txe_byte_pool_prioritize.c **** {
  31              		.loc 1 73 1 view -0
  32              		.cfi_startproc
  33              		@ args = 0, pretend = 0, frame = 0
  34              		@ frame_needed = 0, uses_anonymous_args = 0
  74:Middlewares/ST/threadx/common/src/txe_byte_pool_prioritize.c **** 
  75:Middlewares/ST/threadx/common/src/txe_byte_pool_prioritize.c **** UINT        status;
  35              		.loc 1 75 1 view .LVU1
  76:Middlewares/ST/threadx/common/src/txe_byte_pool_prioritize.c **** 
  77:Middlewares/ST/threadx/common/src/txe_byte_pool_prioritize.c **** 
  78:Middlewares/ST/threadx/common/src/txe_byte_pool_prioritize.c ****     /* Check for an invalid byte memory pool pointer.  */
  79:Middlewares/ST/threadx/common/src/txe_byte_pool_prioritize.c ****     if (pool_ptr == TX_NULL)
  36              		.loc 1 79 5 view .LVU2
ARM GAS  C:\usertemp\ccZ1H0gY.s 			page 3


  37              		.loc 1 79 8 is_stmt 0 view .LVU3
  38 0000 48B1     		cbz	r0, .L3
  73:Middlewares/ST/threadx/common/src/txe_byte_pool_prioritize.c **** 
  39              		.loc 1 73 1 view .LVU4
  40 0002 08B5     		push	{r3, lr}
  41              	.LCFI0:
  42              		.cfi_def_cfa_offset 8
  43              		.cfi_offset 3, -8
  44              		.cfi_offset 14, -4
  80:Middlewares/ST/threadx/common/src/txe_byte_pool_prioritize.c ****     {
  81:Middlewares/ST/threadx/common/src/txe_byte_pool_prioritize.c **** 
  82:Middlewares/ST/threadx/common/src/txe_byte_pool_prioritize.c ****         /* Byte pool pointer is invalid, return appropriate error code.  */
  83:Middlewares/ST/threadx/common/src/txe_byte_pool_prioritize.c ****         status =  TX_POOL_ERROR;
  84:Middlewares/ST/threadx/common/src/txe_byte_pool_prioritize.c ****     }
  85:Middlewares/ST/threadx/common/src/txe_byte_pool_prioritize.c **** 
  86:Middlewares/ST/threadx/common/src/txe_byte_pool_prioritize.c ****     /* Now check for invalid pool ID.  */
  87:Middlewares/ST/threadx/common/src/txe_byte_pool_prioritize.c ****     else if (pool_ptr -> tx_byte_pool_id != TX_BYTE_POOL_ID)
  45              		.loc 1 87 10 is_stmt 1 view .LVU5
  46              		.loc 1 87 23 is_stmt 0 view .LVU6
  47 0004 0168     		ldr	r1, [r0]
  48              		.loc 1 87 13 view .LVU7
  49 0006 054A     		ldr	r2, .L10
  50 0008 9142     		cmp	r1, r2
  51 000a 01D0     		beq	.L9
  88:Middlewares/ST/threadx/common/src/txe_byte_pool_prioritize.c ****     {
  89:Middlewares/ST/threadx/common/src/txe_byte_pool_prioritize.c **** 
  90:Middlewares/ST/threadx/common/src/txe_byte_pool_prioritize.c ****         /* Byte pool pointer is invalid, return appropriate error code.  */
  91:Middlewares/ST/threadx/common/src/txe_byte_pool_prioritize.c ****         status =  TX_POOL_ERROR;
  52              		.loc 1 91 16 view .LVU8
  53 000c 0220     		movs	r0, #2
  54              	.LVL1:
  92:Middlewares/ST/threadx/common/src/txe_byte_pool_prioritize.c ****     }
  93:Middlewares/ST/threadx/common/src/txe_byte_pool_prioritize.c ****     else
  94:Middlewares/ST/threadx/common/src/txe_byte_pool_prioritize.c ****     {
  95:Middlewares/ST/threadx/common/src/txe_byte_pool_prioritize.c **** 
  96:Middlewares/ST/threadx/common/src/txe_byte_pool_prioritize.c ****         /* Call actual byte pool prioritize function.  */
  97:Middlewares/ST/threadx/common/src/txe_byte_pool_prioritize.c ****         status =  _tx_byte_pool_prioritize(pool_ptr);
  98:Middlewares/ST/threadx/common/src/txe_byte_pool_prioritize.c ****     }
  99:Middlewares/ST/threadx/common/src/txe_byte_pool_prioritize.c **** 
 100:Middlewares/ST/threadx/common/src/txe_byte_pool_prioritize.c ****     /* Return completion status.  */
 101:Middlewares/ST/threadx/common/src/txe_byte_pool_prioritize.c ****     return(status);
  55              		.loc 1 101 5 is_stmt 1 view .LVU9
  56              	.L1:
 102:Middlewares/ST/threadx/common/src/txe_byte_pool_prioritize.c **** }
  57              		.loc 1 102 1 is_stmt 0 view .LVU10
  58 000e 08BD     		pop	{r3, pc}
  59              	.LVL2:
  60              	.L9:
  97:Middlewares/ST/threadx/common/src/txe_byte_pool_prioritize.c ****     }
  61              		.loc 1 97 9 is_stmt 1 view .LVU11
  97:Middlewares/ST/threadx/common/src/txe_byte_pool_prioritize.c ****     }
  62              		.loc 1 97 19 is_stmt 0 view .LVU12
  63 0010 FFF7FEFF 		bl	_tx_byte_pool_prioritize
  64              	.LVL3:
  97:Middlewares/ST/threadx/common/src/txe_byte_pool_prioritize.c ****     }
  65              		.loc 1 97 19 view .LVU13
  66 0014 FBE7     		b	.L1
ARM GAS  C:\usertemp\ccZ1H0gY.s 			page 4


  67              	.LVL4:
  68              	.L3:
  69              	.LCFI1:
  70              		.cfi_def_cfa_offset 0
  71              		.cfi_restore 3
  72              		.cfi_restore 14
  83:Middlewares/ST/threadx/common/src/txe_byte_pool_prioritize.c ****     }
  73              		.loc 1 83 16 view .LVU14
  74 0016 0220     		movs	r0, #2
  75              	.LVL5:
  76              		.loc 1 102 1 view .LVU15
  77 0018 7047     		bx	lr
  78              	.L11:
  79 001a 00BF     		.align	2
  80              	.L10:
  81 001c 45545942 		.word	1113150533
  82              		.cfi_endproc
  83              	.LFE8:
  85              		.text
  86              	.Letext0:
  87              		.file 2 "Middlewares/ST/threadx/ports/cortex_m33/gnu/inc/tx_port.h"
  88              		.file 3 "Middlewares/ST/threadx/common/inc/tx_api.h"
ARM GAS  C:\usertemp\ccZ1H0gY.s 			page 5


DEFINED SYMBOLS
                            *ABS*:00000000 txe_byte_pool_prioritize.c
C:\usertemp\ccZ1H0gY.s:22     .text._txe_byte_pool_prioritize:00000000 $t
C:\usertemp\ccZ1H0gY.s:28     .text._txe_byte_pool_prioritize:00000000 _txe_byte_pool_prioritize
C:\usertemp\ccZ1H0gY.s:81     .text._txe_byte_pool_prioritize:0000001c $d

UNDEFINED SYMBOLS
_tx_byte_pool_prioritize
