ARM GAS  C:\usertemp\ccjb67G9.s 			page 1


   1              		.cpu cortex-m33
   2              		.arch armv8-m.main
   3              		.fpu fpv4-sp-d16
   4              		.arch_extension dsp
   5              		.eabi_attribute 27, 1
   6              		.eabi_attribute 28, 1
   7              		.eabi_attribute 20, 1
   8              		.eabi_attribute 21, 1
   9              		.eabi_attribute 23, 3
  10              		.eabi_attribute 24, 1
  11              		.eabi_attribute 25, 1
  12              		.eabi_attribute 26, 1
  13              		.eabi_attribute 30, 1
  14              		.eabi_attribute 34, 1
  15              		.eabi_attribute 18, 4
  16              		.file	"txe_thread_reset.c"
  17              		.text
  18              	.Ltext0:
  19              		.cfi_sections	.debug_frame
  20              		.file 1 "Middlewares/ST/threadx/common/src/txe_thread_reset.c"
  21              		.section	.text._txe_thread_reset,"ax",%progbits
  22              		.align	1
  23              		.global	_txe_thread_reset
  24              		.syntax unified
  25              		.thumb
  26              		.thumb_func
  28              	_txe_thread_reset:
  29              	.LVL0:
  30              	.LFB8:
   1:Middlewares/ST/threadx/common/src/txe_thread_reset.c **** /**************************************************************************/
   2:Middlewares/ST/threadx/common/src/txe_thread_reset.c **** /*                                                                        */
   3:Middlewares/ST/threadx/common/src/txe_thread_reset.c **** /*       Copyright (c) Microsoft Corporation. All rights reserved.        */
   4:Middlewares/ST/threadx/common/src/txe_thread_reset.c **** /*                                                                        */
   5:Middlewares/ST/threadx/common/src/txe_thread_reset.c **** /*       This software is licensed under the Microsoft Software License   */
   6:Middlewares/ST/threadx/common/src/txe_thread_reset.c **** /*       Terms for Microsoft Azure RTOS. Full text of the license can be  */
   7:Middlewares/ST/threadx/common/src/txe_thread_reset.c **** /*       found in the LICENSE file at https://aka.ms/AzureRTOS_EULA       */
   8:Middlewares/ST/threadx/common/src/txe_thread_reset.c **** /*       and in the root directory of this software.                      */
   9:Middlewares/ST/threadx/common/src/txe_thread_reset.c **** /*                                                                        */
  10:Middlewares/ST/threadx/common/src/txe_thread_reset.c **** /**************************************************************************/
  11:Middlewares/ST/threadx/common/src/txe_thread_reset.c **** 
  12:Middlewares/ST/threadx/common/src/txe_thread_reset.c **** 
  13:Middlewares/ST/threadx/common/src/txe_thread_reset.c **** /**************************************************************************/
  14:Middlewares/ST/threadx/common/src/txe_thread_reset.c **** /**************************************************************************/
  15:Middlewares/ST/threadx/common/src/txe_thread_reset.c **** /**                                                                       */
  16:Middlewares/ST/threadx/common/src/txe_thread_reset.c **** /** ThreadX Component                                                     */
  17:Middlewares/ST/threadx/common/src/txe_thread_reset.c **** /**                                                                       */
  18:Middlewares/ST/threadx/common/src/txe_thread_reset.c **** /**   Thread                                                              */
  19:Middlewares/ST/threadx/common/src/txe_thread_reset.c **** /**                                                                       */
  20:Middlewares/ST/threadx/common/src/txe_thread_reset.c **** /**************************************************************************/
  21:Middlewares/ST/threadx/common/src/txe_thread_reset.c **** /**************************************************************************/
  22:Middlewares/ST/threadx/common/src/txe_thread_reset.c **** 
  23:Middlewares/ST/threadx/common/src/txe_thread_reset.c **** #define TX_SOURCE_CODE
  24:Middlewares/ST/threadx/common/src/txe_thread_reset.c **** 
  25:Middlewares/ST/threadx/common/src/txe_thread_reset.c **** 
  26:Middlewares/ST/threadx/common/src/txe_thread_reset.c **** /* Include necessary system files.  */
  27:Middlewares/ST/threadx/common/src/txe_thread_reset.c **** 
  28:Middlewares/ST/threadx/common/src/txe_thread_reset.c **** #include "tx_api.h"
ARM GAS  C:\usertemp\ccjb67G9.s 			page 2


  29:Middlewares/ST/threadx/common/src/txe_thread_reset.c **** #include "tx_thread.h"
  30:Middlewares/ST/threadx/common/src/txe_thread_reset.c **** #include "tx_timer.h"
  31:Middlewares/ST/threadx/common/src/txe_thread_reset.c **** 
  32:Middlewares/ST/threadx/common/src/txe_thread_reset.c **** 
  33:Middlewares/ST/threadx/common/src/txe_thread_reset.c **** /**************************************************************************/
  34:Middlewares/ST/threadx/common/src/txe_thread_reset.c **** /*                                                                        */
  35:Middlewares/ST/threadx/common/src/txe_thread_reset.c **** /*  FUNCTION                                               RELEASE        */
  36:Middlewares/ST/threadx/common/src/txe_thread_reset.c **** /*                                                                        */
  37:Middlewares/ST/threadx/common/src/txe_thread_reset.c **** /*    _txe_thread_reset                                   PORTABLE C      */
  38:Middlewares/ST/threadx/common/src/txe_thread_reset.c **** /*                                                           6.1          */
  39:Middlewares/ST/threadx/common/src/txe_thread_reset.c **** /*  AUTHOR                                                                */
  40:Middlewares/ST/threadx/common/src/txe_thread_reset.c **** /*                                                                        */
  41:Middlewares/ST/threadx/common/src/txe_thread_reset.c **** /*    William E. Lamie, Microsoft Corporation                             */
  42:Middlewares/ST/threadx/common/src/txe_thread_reset.c **** /*                                                                        */
  43:Middlewares/ST/threadx/common/src/txe_thread_reset.c **** /*  DESCRIPTION                                                           */
  44:Middlewares/ST/threadx/common/src/txe_thread_reset.c **** /*                                                                        */
  45:Middlewares/ST/threadx/common/src/txe_thread_reset.c **** /*    This function checks for errors in the thread reset function call.  */
  46:Middlewares/ST/threadx/common/src/txe_thread_reset.c **** /*                                                                        */
  47:Middlewares/ST/threadx/common/src/txe_thread_reset.c **** /*  INPUT                                                                 */
  48:Middlewares/ST/threadx/common/src/txe_thread_reset.c **** /*                                                                        */
  49:Middlewares/ST/threadx/common/src/txe_thread_reset.c **** /*    thread_ptr                            Pointer to thread to reset    */
  50:Middlewares/ST/threadx/common/src/txe_thread_reset.c **** /*                                                                        */
  51:Middlewares/ST/threadx/common/src/txe_thread_reset.c **** /*  OUTPUT                                                                */
  52:Middlewares/ST/threadx/common/src/txe_thread_reset.c **** /*                                                                        */
  53:Middlewares/ST/threadx/common/src/txe_thread_reset.c **** /*    TX_THREAD_ERROR                       Invalid thread pointer        */
  54:Middlewares/ST/threadx/common/src/txe_thread_reset.c **** /*    TX_CALLER_ERROR                       Invalid caller of function    */
  55:Middlewares/ST/threadx/common/src/txe_thread_reset.c **** /*    status                                Service return status         */
  56:Middlewares/ST/threadx/common/src/txe_thread_reset.c **** /*                                                                        */
  57:Middlewares/ST/threadx/common/src/txe_thread_reset.c **** /*  CALLS                                                                 */
  58:Middlewares/ST/threadx/common/src/txe_thread_reset.c **** /*                                                                        */
  59:Middlewares/ST/threadx/common/src/txe_thread_reset.c **** /*    _tx_thread_reset                      Actual thread reset function  */
  60:Middlewares/ST/threadx/common/src/txe_thread_reset.c **** /*                                                                        */
  61:Middlewares/ST/threadx/common/src/txe_thread_reset.c **** /*  CALLED BY                                                             */
  62:Middlewares/ST/threadx/common/src/txe_thread_reset.c **** /*                                                                        */
  63:Middlewares/ST/threadx/common/src/txe_thread_reset.c **** /*    Application Code                                                    */
  64:Middlewares/ST/threadx/common/src/txe_thread_reset.c **** /*                                                                        */
  65:Middlewares/ST/threadx/common/src/txe_thread_reset.c **** /*  RELEASE HISTORY                                                       */
  66:Middlewares/ST/threadx/common/src/txe_thread_reset.c **** /*                                                                        */
  67:Middlewares/ST/threadx/common/src/txe_thread_reset.c **** /*    DATE              NAME                      DESCRIPTION             */
  68:Middlewares/ST/threadx/common/src/txe_thread_reset.c **** /*                                                                        */
  69:Middlewares/ST/threadx/common/src/txe_thread_reset.c **** /*  05-19-2020     William E. Lamie         Initial Version 6.0           */
  70:Middlewares/ST/threadx/common/src/txe_thread_reset.c **** /*  09-30-2020     Yuxin Zhou               Modified comment(s),          */
  71:Middlewares/ST/threadx/common/src/txe_thread_reset.c **** /*                                            resulting in version 6.1    */
  72:Middlewares/ST/threadx/common/src/txe_thread_reset.c **** /*                                                                        */
  73:Middlewares/ST/threadx/common/src/txe_thread_reset.c **** /**************************************************************************/
  74:Middlewares/ST/threadx/common/src/txe_thread_reset.c **** UINT  _txe_thread_reset(TX_THREAD *thread_ptr)
  75:Middlewares/ST/threadx/common/src/txe_thread_reset.c **** {
  31              		.loc 1 75 1 view -0
  32              		.cfi_startproc
  33              		@ args = 0, pretend = 0, frame = 0
  34              		@ frame_needed = 0, uses_anonymous_args = 0
  76:Middlewares/ST/threadx/common/src/txe_thread_reset.c **** 
  77:Middlewares/ST/threadx/common/src/txe_thread_reset.c **** UINT        status;
  35              		.loc 1 77 1 view .LVU1
  78:Middlewares/ST/threadx/common/src/txe_thread_reset.c **** #ifndef TX_TIMER_PROCESS_IN_ISR
  79:Middlewares/ST/threadx/common/src/txe_thread_reset.c **** TX_THREAD   *current_thread;
  36              		.loc 1 79 1 view .LVU2
ARM GAS  C:\usertemp\ccjb67G9.s 			page 3


  80:Middlewares/ST/threadx/common/src/txe_thread_reset.c **** #endif
  81:Middlewares/ST/threadx/common/src/txe_thread_reset.c **** 
  82:Middlewares/ST/threadx/common/src/txe_thread_reset.c **** 
  83:Middlewares/ST/threadx/common/src/txe_thread_reset.c ****     /* Default status to success.  */
  84:Middlewares/ST/threadx/common/src/txe_thread_reset.c ****     status =  TX_SUCCESS;
  37              		.loc 1 84 5 view .LVU3
  85:Middlewares/ST/threadx/common/src/txe_thread_reset.c **** 
  86:Middlewares/ST/threadx/common/src/txe_thread_reset.c ****     /* Check for an invalid thread pointer.  */
  87:Middlewares/ST/threadx/common/src/txe_thread_reset.c ****     if (thread_ptr == TX_NULL)
  38              		.loc 1 87 5 view .LVU4
  39              		.loc 1 87 8 is_stmt 0 view .LVU5
  40 0000 D8B1     		cbz	r0, .L4
  75:Middlewares/ST/threadx/common/src/txe_thread_reset.c **** 
  41              		.loc 1 75 1 view .LVU6
  42 0002 08B5     		push	{r3, lr}
  43              	.LCFI0:
  44              		.cfi_def_cfa_offset 8
  45              		.cfi_offset 3, -8
  46              		.cfi_offset 14, -4
  47 0004 0346     		mov	r3, r0
  88:Middlewares/ST/threadx/common/src/txe_thread_reset.c ****     {
  89:Middlewares/ST/threadx/common/src/txe_thread_reset.c **** 
  90:Middlewares/ST/threadx/common/src/txe_thread_reset.c ****         /* Thread pointer is invalid, return appropriate error code.  */
  91:Middlewares/ST/threadx/common/src/txe_thread_reset.c ****         status =  TX_THREAD_ERROR;
  92:Middlewares/ST/threadx/common/src/txe_thread_reset.c ****     }
  93:Middlewares/ST/threadx/common/src/txe_thread_reset.c **** 
  94:Middlewares/ST/threadx/common/src/txe_thread_reset.c ****     /* Now check for an invalid thread ID.  */
  95:Middlewares/ST/threadx/common/src/txe_thread_reset.c ****     else if (thread_ptr -> tx_thread_id != TX_THREAD_ID)
  48              		.loc 1 95 10 is_stmt 1 view .LVU7
  49              		.loc 1 95 25 is_stmt 0 view .LVU8
  50 0006 0168     		ldr	r1, [r0]
  51              		.loc 1 95 13 view .LVU9
  52 0008 0E4A     		ldr	r2, .L13
  53 000a 9142     		cmp	r1, r2
  54 000c 01D0     		beq	.L12
  96:Middlewares/ST/threadx/common/src/txe_thread_reset.c ****     {
  97:Middlewares/ST/threadx/common/src/txe_thread_reset.c **** 
  98:Middlewares/ST/threadx/common/src/txe_thread_reset.c ****         /* Thread pointer is invalid, return appropriate error code.  */
  99:Middlewares/ST/threadx/common/src/txe_thread_reset.c ****         status =  TX_THREAD_ERROR;
  55              		.loc 1 99 16 view .LVU10
  56 000e 0E20     		movs	r0, #14
  57              	.LVL1:
  58              	.L1:
 100:Middlewares/ST/threadx/common/src/txe_thread_reset.c ****     }
 101:Middlewares/ST/threadx/common/src/txe_thread_reset.c ****     else
 102:Middlewares/ST/threadx/common/src/txe_thread_reset.c ****     {
 103:Middlewares/ST/threadx/common/src/txe_thread_reset.c **** 
 104:Middlewares/ST/threadx/common/src/txe_thread_reset.c **** #ifndef TX_TIMER_PROCESS_IN_ISR
 105:Middlewares/ST/threadx/common/src/txe_thread_reset.c **** 
 106:Middlewares/ST/threadx/common/src/txe_thread_reset.c ****         /* Pickup thread pointer.  */
 107:Middlewares/ST/threadx/common/src/txe_thread_reset.c ****         TX_THREAD_GET_CURRENT(current_thread)
 108:Middlewares/ST/threadx/common/src/txe_thread_reset.c **** 
 109:Middlewares/ST/threadx/common/src/txe_thread_reset.c ****         /* Check for invalid caller of this function.  First check for a calling thread.  */
 110:Middlewares/ST/threadx/common/src/txe_thread_reset.c ****         if (current_thread == &_tx_timer_thread)
 111:Middlewares/ST/threadx/common/src/txe_thread_reset.c ****         {
 112:Middlewares/ST/threadx/common/src/txe_thread_reset.c **** 
 113:Middlewares/ST/threadx/common/src/txe_thread_reset.c ****             /* Invalid caller of this function, return appropriate error code.  */
ARM GAS  C:\usertemp\ccjb67G9.s 			page 4


 114:Middlewares/ST/threadx/common/src/txe_thread_reset.c ****             status =  TX_CALLER_ERROR;
 115:Middlewares/ST/threadx/common/src/txe_thread_reset.c ****         }
 116:Middlewares/ST/threadx/common/src/txe_thread_reset.c **** #endif
 117:Middlewares/ST/threadx/common/src/txe_thread_reset.c **** 
 118:Middlewares/ST/threadx/common/src/txe_thread_reset.c ****         /* Check for interrupt or initialization call.  */
 119:Middlewares/ST/threadx/common/src/txe_thread_reset.c ****         if (TX_THREAD_GET_SYSTEM_STATE() != ((ULONG) 0))
 120:Middlewares/ST/threadx/common/src/txe_thread_reset.c ****         {
 121:Middlewares/ST/threadx/common/src/txe_thread_reset.c **** 
 122:Middlewares/ST/threadx/common/src/txe_thread_reset.c ****             /* Invalid caller of this function, return appropriate error code.  */
 123:Middlewares/ST/threadx/common/src/txe_thread_reset.c ****             status =  TX_CALLER_ERROR;
 124:Middlewares/ST/threadx/common/src/txe_thread_reset.c ****         }
 125:Middlewares/ST/threadx/common/src/txe_thread_reset.c ****     }
 126:Middlewares/ST/threadx/common/src/txe_thread_reset.c **** 
 127:Middlewares/ST/threadx/common/src/txe_thread_reset.c ****     /* Determine if everything is okay.  */
 128:Middlewares/ST/threadx/common/src/txe_thread_reset.c ****     if (status == TX_SUCCESS)
 129:Middlewares/ST/threadx/common/src/txe_thread_reset.c ****     {
 130:Middlewares/ST/threadx/common/src/txe_thread_reset.c **** 
 131:Middlewares/ST/threadx/common/src/txe_thread_reset.c ****         /* Call actual thread reset function.  */
 132:Middlewares/ST/threadx/common/src/txe_thread_reset.c ****         status =  _tx_thread_reset(thread_ptr);
 133:Middlewares/ST/threadx/common/src/txe_thread_reset.c ****     }
 134:Middlewares/ST/threadx/common/src/txe_thread_reset.c **** 
 135:Middlewares/ST/threadx/common/src/txe_thread_reset.c ****     /* Return completion status.  */
 136:Middlewares/ST/threadx/common/src/txe_thread_reset.c ****     return(status);
 137:Middlewares/ST/threadx/common/src/txe_thread_reset.c **** }
  59              		.loc 1 137 1 view .LVU11
  60 0010 08BD     		pop	{r3, pc}
  61              	.LVL2:
  62              	.L12:
 107:Middlewares/ST/threadx/common/src/txe_thread_reset.c **** 
  63              		.loc 1 107 9 is_stmt 1 view .LVU12
  64 0012 0D4A     		ldr	r2, .L13+4
  65 0014 1168     		ldr	r1, [r2]
  66              	.LVL3:
 110:Middlewares/ST/threadx/common/src/txe_thread_reset.c ****         {
  67              		.loc 1 110 9 view .LVU13
 110:Middlewares/ST/threadx/common/src/txe_thread_reset.c ****         {
  68              		.loc 1 110 12 is_stmt 0 view .LVU14
  69 0016 0D4A     		ldr	r2, .L13+8
  70 0018 9142     		cmp	r1, r2
  71 001a 0CD0     		beq	.L6
  84:Middlewares/ST/threadx/common/src/txe_thread_reset.c **** 
  72              		.loc 1 84 12 view .LVU15
  73 001c 0020     		movs	r0, #0
  74              	.LVL4:
  75              	.L3:
 119:Middlewares/ST/threadx/common/src/txe_thread_reset.c ****         {
  76              		.loc 1 119 9 is_stmt 1 view .LVU16
  77              	.LBB4:
  78              	.LBI4:
  79              		.file 2 "Middlewares/ST/threadx/ports/cortex_m33/gnu/inc/tx_port.h"
   1:Middlewares/ST/threadx/ports/cortex_m33/gnu/inc/tx_port.h **** /**************************************************************************/
   2:Middlewares/ST/threadx/ports/cortex_m33/gnu/inc/tx_port.h **** /*                                                                        */
   3:Middlewares/ST/threadx/ports/cortex_m33/gnu/inc/tx_port.h **** /*       Copyright (c) Microsoft Corporation. All rights reserved.        */
   4:Middlewares/ST/threadx/ports/cortex_m33/gnu/inc/tx_port.h **** /*                                                                        */
   5:Middlewares/ST/threadx/ports/cortex_m33/gnu/inc/tx_port.h **** /*       This software is licensed under the Microsoft Software License   */
   6:Middlewares/ST/threadx/ports/cortex_m33/gnu/inc/tx_port.h **** /*       Terms for Microsoft Azure RTOS. Full text of the license can be  */
   7:Middlewares/ST/threadx/ports/cortex_m33/gnu/inc/tx_port.h **** /*       found in the LICENSE file at https://aka.ms/AzureRTOS_EULA       */
ARM GAS  C:\usertemp\ccjb67G9.s 			page 5


   8:Middlewares/ST/threadx/ports/cortex_m33/gnu/inc/tx_port.h **** /*       and in the root directory of this software.                      */
   9:Middlewares/ST/threadx/ports/cortex_m33/gnu/inc/tx_port.h **** /*                                                                        */
  10:Middlewares/ST/threadx/ports/cortex_m33/gnu/inc/tx_port.h **** /**************************************************************************/
  11:Middlewares/ST/threadx/ports/cortex_m33/gnu/inc/tx_port.h **** 
  12:Middlewares/ST/threadx/ports/cortex_m33/gnu/inc/tx_port.h **** 
  13:Middlewares/ST/threadx/ports/cortex_m33/gnu/inc/tx_port.h **** /**************************************************************************/
  14:Middlewares/ST/threadx/ports/cortex_m33/gnu/inc/tx_port.h **** /**************************************************************************/
  15:Middlewares/ST/threadx/ports/cortex_m33/gnu/inc/tx_port.h **** /**                                                                       */
  16:Middlewares/ST/threadx/ports/cortex_m33/gnu/inc/tx_port.h **** /** ThreadX Component                                                     */
  17:Middlewares/ST/threadx/ports/cortex_m33/gnu/inc/tx_port.h **** /**                                                                       */
  18:Middlewares/ST/threadx/ports/cortex_m33/gnu/inc/tx_port.h **** /**   Port Specific                                                       */
  19:Middlewares/ST/threadx/ports/cortex_m33/gnu/inc/tx_port.h **** /**                                                                       */
  20:Middlewares/ST/threadx/ports/cortex_m33/gnu/inc/tx_port.h **** /**************************************************************************/
  21:Middlewares/ST/threadx/ports/cortex_m33/gnu/inc/tx_port.h **** /**************************************************************************/
  22:Middlewares/ST/threadx/ports/cortex_m33/gnu/inc/tx_port.h **** 
  23:Middlewares/ST/threadx/ports/cortex_m33/gnu/inc/tx_port.h **** 
  24:Middlewares/ST/threadx/ports/cortex_m33/gnu/inc/tx_port.h **** /**************************************************************************/
  25:Middlewares/ST/threadx/ports/cortex_m33/gnu/inc/tx_port.h **** /*                                                                        */
  26:Middlewares/ST/threadx/ports/cortex_m33/gnu/inc/tx_port.h **** /*  PORT SPECIFIC C INFORMATION                            RELEASE        */
  27:Middlewares/ST/threadx/ports/cortex_m33/gnu/inc/tx_port.h **** /*                                                                        */
  28:Middlewares/ST/threadx/ports/cortex_m33/gnu/inc/tx_port.h **** /*    tx_port.h                                         Cortex-M33/GNU    */
  29:Middlewares/ST/threadx/ports/cortex_m33/gnu/inc/tx_port.h **** /*                                                           6.2.1        */
  30:Middlewares/ST/threadx/ports/cortex_m33/gnu/inc/tx_port.h **** /*                                                                        */
  31:Middlewares/ST/threadx/ports/cortex_m33/gnu/inc/tx_port.h **** /*  AUTHOR                                                                */
  32:Middlewares/ST/threadx/ports/cortex_m33/gnu/inc/tx_port.h **** /*                                                                        */
  33:Middlewares/ST/threadx/ports/cortex_m33/gnu/inc/tx_port.h **** /*    Scott Larson, Microsoft Corporation                                 */
  34:Middlewares/ST/threadx/ports/cortex_m33/gnu/inc/tx_port.h **** /*                                                                        */
  35:Middlewares/ST/threadx/ports/cortex_m33/gnu/inc/tx_port.h **** /*  DESCRIPTION                                                           */
  36:Middlewares/ST/threadx/ports/cortex_m33/gnu/inc/tx_port.h **** /*                                                                        */
  37:Middlewares/ST/threadx/ports/cortex_m33/gnu/inc/tx_port.h **** /*    This file contains data type definitions that make the ThreadX      */
  38:Middlewares/ST/threadx/ports/cortex_m33/gnu/inc/tx_port.h **** /*    real-time kernel function identically on a variety of different     */
  39:Middlewares/ST/threadx/ports/cortex_m33/gnu/inc/tx_port.h **** /*    processor architectures.  For example, the size or number of bits   */
  40:Middlewares/ST/threadx/ports/cortex_m33/gnu/inc/tx_port.h **** /*    in an "int" data type vary between microprocessor architectures and */
  41:Middlewares/ST/threadx/ports/cortex_m33/gnu/inc/tx_port.h **** /*    even C compilers for the same microprocessor.  ThreadX does not     */
  42:Middlewares/ST/threadx/ports/cortex_m33/gnu/inc/tx_port.h **** /*    directly use native C data types.  Instead, ThreadX creates its     */
  43:Middlewares/ST/threadx/ports/cortex_m33/gnu/inc/tx_port.h **** /*    own special types that can be mapped to actual data types by this   */
  44:Middlewares/ST/threadx/ports/cortex_m33/gnu/inc/tx_port.h **** /*    file to guarantee consistency in the interface and functionality.   */
  45:Middlewares/ST/threadx/ports/cortex_m33/gnu/inc/tx_port.h **** /*                                                                        */
  46:Middlewares/ST/threadx/ports/cortex_m33/gnu/inc/tx_port.h **** /*    This file replaces the previous Cortex-M33 files. It unifies        */
  47:Middlewares/ST/threadx/ports/cortex_m33/gnu/inc/tx_port.h **** /*    the Cortex-M33 compilers into one common file.                      */
  48:Middlewares/ST/threadx/ports/cortex_m33/gnu/inc/tx_port.h **** /*                                                                        */
  49:Middlewares/ST/threadx/ports/cortex_m33/gnu/inc/tx_port.h **** /*  RELEASE HISTORY                                                       */
  50:Middlewares/ST/threadx/ports/cortex_m33/gnu/inc/tx_port.h **** /*                                                                        */
  51:Middlewares/ST/threadx/ports/cortex_m33/gnu/inc/tx_port.h **** /*    DATE              NAME                      DESCRIPTION             */
  52:Middlewares/ST/threadx/ports/cortex_m33/gnu/inc/tx_port.h **** /*                                                                        */
  53:Middlewares/ST/threadx/ports/cortex_m33/gnu/inc/tx_port.h **** /*  09-30-2020      Scott Larson            Initial Version 6.1           */
  54:Middlewares/ST/threadx/ports/cortex_m33/gnu/inc/tx_port.h **** /*  03-02-2021      Scott Larson            Modified comment(s), added    */
  55:Middlewares/ST/threadx/ports/cortex_m33/gnu/inc/tx_port.h **** /*                                            ULONG64_DEFINED,            */
  56:Middlewares/ST/threadx/ports/cortex_m33/gnu/inc/tx_port.h **** /*                                            resulting in version 6.1.5  */
  57:Middlewares/ST/threadx/ports/cortex_m33/gnu/inc/tx_port.h **** /*  06-02-2021      Scott Larson            Modified comment(s), removed  */
  58:Middlewares/ST/threadx/ports/cortex_m33/gnu/inc/tx_port.h **** /*                                            unneeded header file, funcs */
  59:Middlewares/ST/threadx/ports/cortex_m33/gnu/inc/tx_port.h **** /*                                            set_control and get_control */
  60:Middlewares/ST/threadx/ports/cortex_m33/gnu/inc/tx_port.h **** /*                                            changed to inline,          */
  61:Middlewares/ST/threadx/ports/cortex_m33/gnu/inc/tx_port.h **** /*                                            added symbol to enable      */
  62:Middlewares/ST/threadx/ports/cortex_m33/gnu/inc/tx_port.h **** /*                                            stack error handler,        */
  63:Middlewares/ST/threadx/ports/cortex_m33/gnu/inc/tx_port.h **** /*                                            resulting in version 6.1.7  */
  64:Middlewares/ST/threadx/ports/cortex_m33/gnu/inc/tx_port.h **** /*  10-15-2021      Scott Larson            Modified comment(s), improved */
ARM GAS  C:\usertemp\ccjb67G9.s 			page 6


  65:Middlewares/ST/threadx/ports/cortex_m33/gnu/inc/tx_port.h **** /*                                            stack check error handling, */
  66:Middlewares/ST/threadx/ports/cortex_m33/gnu/inc/tx_port.h **** /*                                            resulting in version 6.1.9  */
  67:Middlewares/ST/threadx/ports/cortex_m33/gnu/inc/tx_port.h **** /*  01-31-2022      Scott Larson            Modified comment(s), unified  */
  68:Middlewares/ST/threadx/ports/cortex_m33/gnu/inc/tx_port.h **** /*                                            this file across compilers, */
  69:Middlewares/ST/threadx/ports/cortex_m33/gnu/inc/tx_port.h **** /*                                            fixed predefined macro,     */
  70:Middlewares/ST/threadx/ports/cortex_m33/gnu/inc/tx_port.h **** /*                                            resulting in version 6.1.10 */
  71:Middlewares/ST/threadx/ports/cortex_m33/gnu/inc/tx_port.h **** /*  04-25-2022      Scott Larson            Modified comments and added   */
  72:Middlewares/ST/threadx/ports/cortex_m33/gnu/inc/tx_port.h **** /*                                            volatile to registers,      */
  73:Middlewares/ST/threadx/ports/cortex_m33/gnu/inc/tx_port.h **** /*                                            resulting in version 6.1.11 */
  74:Middlewares/ST/threadx/ports/cortex_m33/gnu/inc/tx_port.h **** /*  07-29-2022      Scott Larson            Modified comments and changed */
  75:Middlewares/ST/threadx/ports/cortex_m33/gnu/inc/tx_port.h **** /*                                            secure stack initialization */
  76:Middlewares/ST/threadx/ports/cortex_m33/gnu/inc/tx_port.h **** /*                                            macro to port-specific,     */
  77:Middlewares/ST/threadx/ports/cortex_m33/gnu/inc/tx_port.h **** /*                                            described BASEPRI usage,    */
  78:Middlewares/ST/threadx/ports/cortex_m33/gnu/inc/tx_port.h **** /*                                            resulting in version 6.1.12 */
  79:Middlewares/ST/threadx/ports/cortex_m33/gnu/inc/tx_port.h **** /*  03-08-2023      Scott Larson            Removed unneeded #include,    */
  80:Middlewares/ST/threadx/ports/cortex_m33/gnu/inc/tx_port.h **** /*                                            resulting in version 6.2.1  */
  81:Middlewares/ST/threadx/ports/cortex_m33/gnu/inc/tx_port.h **** /*                                                                        */
  82:Middlewares/ST/threadx/ports/cortex_m33/gnu/inc/tx_port.h **** /**************************************************************************/
  83:Middlewares/ST/threadx/ports/cortex_m33/gnu/inc/tx_port.h **** 
  84:Middlewares/ST/threadx/ports/cortex_m33/gnu/inc/tx_port.h **** #ifndef TX_PORT_H
  85:Middlewares/ST/threadx/ports/cortex_m33/gnu/inc/tx_port.h **** #define TX_PORT_H
  86:Middlewares/ST/threadx/ports/cortex_m33/gnu/inc/tx_port.h **** 
  87:Middlewares/ST/threadx/ports/cortex_m33/gnu/inc/tx_port.h **** /* Determine if the optional ThreadX user define file should be used.  */
  88:Middlewares/ST/threadx/ports/cortex_m33/gnu/inc/tx_port.h **** #ifdef TX_INCLUDE_USER_DEFINE_FILE
  89:Middlewares/ST/threadx/ports/cortex_m33/gnu/inc/tx_port.h **** 
  90:Middlewares/ST/threadx/ports/cortex_m33/gnu/inc/tx_port.h **** /* Yes, include the user defines in tx_user.h. The defines in this file may
  91:Middlewares/ST/threadx/ports/cortex_m33/gnu/inc/tx_port.h ****    alternately be defined on the command line.  */
  92:Middlewares/ST/threadx/ports/cortex_m33/gnu/inc/tx_port.h **** 
  93:Middlewares/ST/threadx/ports/cortex_m33/gnu/inc/tx_port.h **** #include "tx_user.h"
  94:Middlewares/ST/threadx/ports/cortex_m33/gnu/inc/tx_port.h **** #endif /* TX_INCLUDE_USER_DEFINE_FILE */
  95:Middlewares/ST/threadx/ports/cortex_m33/gnu/inc/tx_port.h **** 
  96:Middlewares/ST/threadx/ports/cortex_m33/gnu/inc/tx_port.h **** /* Define compiler library include files.  */
  97:Middlewares/ST/threadx/ports/cortex_m33/gnu/inc/tx_port.h **** 
  98:Middlewares/ST/threadx/ports/cortex_m33/gnu/inc/tx_port.h **** #include <stdlib.h>
  99:Middlewares/ST/threadx/ports/cortex_m33/gnu/inc/tx_port.h **** #include <string.h>
 100:Middlewares/ST/threadx/ports/cortex_m33/gnu/inc/tx_port.h **** 
 101:Middlewares/ST/threadx/ports/cortex_m33/gnu/inc/tx_port.h **** #ifdef __ICCARM__
 102:Middlewares/ST/threadx/ports/cortex_m33/gnu/inc/tx_port.h **** #include <intrinsics.h>                         /* IAR Intrinsics */
 103:Middlewares/ST/threadx/ports/cortex_m33/gnu/inc/tx_port.h **** #define __asm__                 __asm           /* Define to make all inline asm from each compiler
 104:Middlewares/ST/threadx/ports/cortex_m33/gnu/inc/tx_port.h **** #define _tx_control_get         __get_CONTROL
 105:Middlewares/ST/threadx/ports/cortex_m33/gnu/inc/tx_port.h **** #define _tx_control_set         __set_CONTROL
 106:Middlewares/ST/threadx/ports/cortex_m33/gnu/inc/tx_port.h **** #define _tx_ipsr_get            __get_IPSR
 107:Middlewares/ST/threadx/ports/cortex_m33/gnu/inc/tx_port.h **** #ifdef  TX_ENABLE_IAR_LIBRARY_SUPPORT
 108:Middlewares/ST/threadx/ports/cortex_m33/gnu/inc/tx_port.h **** #include <yvals.h>
 109:Middlewares/ST/threadx/ports/cortex_m33/gnu/inc/tx_port.h **** #endif /* TX_ENABLE_IAR_LIBRARY_SUPPORT */
 110:Middlewares/ST/threadx/ports/cortex_m33/gnu/inc/tx_port.h **** #endif /* __ICCARM__ */
 111:Middlewares/ST/threadx/ports/cortex_m33/gnu/inc/tx_port.h **** 
 112:Middlewares/ST/threadx/ports/cortex_m33/gnu/inc/tx_port.h **** 
 113:Middlewares/ST/threadx/ports/cortex_m33/gnu/inc/tx_port.h **** /* Define ThreadX basic types for this port.  */
 114:Middlewares/ST/threadx/ports/cortex_m33/gnu/inc/tx_port.h **** 
 115:Middlewares/ST/threadx/ports/cortex_m33/gnu/inc/tx_port.h **** #define VOID                                    void
 116:Middlewares/ST/threadx/ports/cortex_m33/gnu/inc/tx_port.h **** typedef char                                    CHAR;
 117:Middlewares/ST/threadx/ports/cortex_m33/gnu/inc/tx_port.h **** typedef unsigned char                           UCHAR;
 118:Middlewares/ST/threadx/ports/cortex_m33/gnu/inc/tx_port.h **** typedef int                                     INT;
 119:Middlewares/ST/threadx/ports/cortex_m33/gnu/inc/tx_port.h **** typedef unsigned int                            UINT;
 120:Middlewares/ST/threadx/ports/cortex_m33/gnu/inc/tx_port.h **** typedef long                                    LONG;
 121:Middlewares/ST/threadx/ports/cortex_m33/gnu/inc/tx_port.h **** typedef unsigned long                           ULONG;
ARM GAS  C:\usertemp\ccjb67G9.s 			page 7


 122:Middlewares/ST/threadx/ports/cortex_m33/gnu/inc/tx_port.h **** typedef unsigned long long                      ULONG64;
 123:Middlewares/ST/threadx/ports/cortex_m33/gnu/inc/tx_port.h **** typedef short                                   SHORT;
 124:Middlewares/ST/threadx/ports/cortex_m33/gnu/inc/tx_port.h **** typedef unsigned short                          USHORT;
 125:Middlewares/ST/threadx/ports/cortex_m33/gnu/inc/tx_port.h **** #define ULONG64_DEFINED
 126:Middlewares/ST/threadx/ports/cortex_m33/gnu/inc/tx_port.h **** 
 127:Middlewares/ST/threadx/ports/cortex_m33/gnu/inc/tx_port.h **** /* Function prototypes for this port. */
 128:Middlewares/ST/threadx/ports/cortex_m33/gnu/inc/tx_port.h **** struct  TX_THREAD_STRUCT;
 129:Middlewares/ST/threadx/ports/cortex_m33/gnu/inc/tx_port.h **** UINT    _txe_thread_secure_stack_allocate(struct TX_THREAD_STRUCT *thread_ptr, ULONG stack_size);
 130:Middlewares/ST/threadx/ports/cortex_m33/gnu/inc/tx_port.h **** UINT    _txe_thread_secure_stack_free(struct TX_THREAD_STRUCT *thread_ptr);
 131:Middlewares/ST/threadx/ports/cortex_m33/gnu/inc/tx_port.h **** UINT    _tx_thread_secure_stack_allocate(struct TX_THREAD_STRUCT *tx_thread, ULONG stack_size);
 132:Middlewares/ST/threadx/ports/cortex_m33/gnu/inc/tx_port.h **** UINT    _tx_thread_secure_stack_free(struct TX_THREAD_STRUCT *tx_thread);
 133:Middlewares/ST/threadx/ports/cortex_m33/gnu/inc/tx_port.h **** 
 134:Middlewares/ST/threadx/ports/cortex_m33/gnu/inc/tx_port.h **** /* Define the system API mappings based on the error checking
 135:Middlewares/ST/threadx/ports/cortex_m33/gnu/inc/tx_port.h ****    selected by the user.  Note: this section is only applicable to
 136:Middlewares/ST/threadx/ports/cortex_m33/gnu/inc/tx_port.h ****    application source code, hence the conditional that turns off this
 137:Middlewares/ST/threadx/ports/cortex_m33/gnu/inc/tx_port.h ****    stuff when the include file is processed by the ThreadX source. */
 138:Middlewares/ST/threadx/ports/cortex_m33/gnu/inc/tx_port.h **** 
 139:Middlewares/ST/threadx/ports/cortex_m33/gnu/inc/tx_port.h **** #ifndef TX_SOURCE_CODE
 140:Middlewares/ST/threadx/ports/cortex_m33/gnu/inc/tx_port.h **** 
 141:Middlewares/ST/threadx/ports/cortex_m33/gnu/inc/tx_port.h **** 
 142:Middlewares/ST/threadx/ports/cortex_m33/gnu/inc/tx_port.h **** /* Determine if error checking is desired.  If so, map API functions
 143:Middlewares/ST/threadx/ports/cortex_m33/gnu/inc/tx_port.h ****    to the appropriate error checking front-ends.  Otherwise, map API
 144:Middlewares/ST/threadx/ports/cortex_m33/gnu/inc/tx_port.h ****    functions to the core functions that actually perform the work.
 145:Middlewares/ST/threadx/ports/cortex_m33/gnu/inc/tx_port.h ****    Note: error checking is enabled by default.  */
 146:Middlewares/ST/threadx/ports/cortex_m33/gnu/inc/tx_port.h **** 
 147:Middlewares/ST/threadx/ports/cortex_m33/gnu/inc/tx_port.h **** #ifdef TX_DISABLE_ERROR_CHECKING
 148:Middlewares/ST/threadx/ports/cortex_m33/gnu/inc/tx_port.h **** 
 149:Middlewares/ST/threadx/ports/cortex_m33/gnu/inc/tx_port.h **** /* Services without error checking.  */
 150:Middlewares/ST/threadx/ports/cortex_m33/gnu/inc/tx_port.h **** 
 151:Middlewares/ST/threadx/ports/cortex_m33/gnu/inc/tx_port.h **** #define tx_thread_secure_stack_allocate   _tx_thread_secure_stack_allocate
 152:Middlewares/ST/threadx/ports/cortex_m33/gnu/inc/tx_port.h **** #define tx_thread_secure_stack_free       _tx_thread_secure_stack_free
 153:Middlewares/ST/threadx/ports/cortex_m33/gnu/inc/tx_port.h **** 
 154:Middlewares/ST/threadx/ports/cortex_m33/gnu/inc/tx_port.h **** #else
 155:Middlewares/ST/threadx/ports/cortex_m33/gnu/inc/tx_port.h **** 
 156:Middlewares/ST/threadx/ports/cortex_m33/gnu/inc/tx_port.h **** /* Services with error checking.  */
 157:Middlewares/ST/threadx/ports/cortex_m33/gnu/inc/tx_port.h **** 
 158:Middlewares/ST/threadx/ports/cortex_m33/gnu/inc/tx_port.h **** #define tx_thread_secure_stack_allocate   _txe_thread_secure_stack_allocate
 159:Middlewares/ST/threadx/ports/cortex_m33/gnu/inc/tx_port.h **** #define tx_thread_secure_stack_free       _txe_thread_secure_stack_free
 160:Middlewares/ST/threadx/ports/cortex_m33/gnu/inc/tx_port.h **** 
 161:Middlewares/ST/threadx/ports/cortex_m33/gnu/inc/tx_port.h **** #endif  /* TX_DISABLE_ERROR_CHECKING */
 162:Middlewares/ST/threadx/ports/cortex_m33/gnu/inc/tx_port.h **** #endif  /* TX_SOURCE_CODE */
 163:Middlewares/ST/threadx/ports/cortex_m33/gnu/inc/tx_port.h **** 
 164:Middlewares/ST/threadx/ports/cortex_m33/gnu/inc/tx_port.h **** /* This port has a usage fault handler in _tx_initialize_low_level for stack exceptions.  */
 165:Middlewares/ST/threadx/ports/cortex_m33/gnu/inc/tx_port.h **** #define TX_PORT_THREAD_STACK_ERROR_HANDLING
 166:Middlewares/ST/threadx/ports/cortex_m33/gnu/inc/tx_port.h **** 
 167:Middlewares/ST/threadx/ports/cortex_m33/gnu/inc/tx_port.h **** /* Define the priority levels for ThreadX.  Legal values range
 168:Middlewares/ST/threadx/ports/cortex_m33/gnu/inc/tx_port.h ****    from 32 to 1024 and MUST be evenly divisible by 32.  */
 169:Middlewares/ST/threadx/ports/cortex_m33/gnu/inc/tx_port.h **** 
 170:Middlewares/ST/threadx/ports/cortex_m33/gnu/inc/tx_port.h **** #ifndef TX_MAX_PRIORITIES
 171:Middlewares/ST/threadx/ports/cortex_m33/gnu/inc/tx_port.h **** #define TX_MAX_PRIORITIES                       32
 172:Middlewares/ST/threadx/ports/cortex_m33/gnu/inc/tx_port.h **** #endif
 173:Middlewares/ST/threadx/ports/cortex_m33/gnu/inc/tx_port.h **** 
 174:Middlewares/ST/threadx/ports/cortex_m33/gnu/inc/tx_port.h **** 
 175:Middlewares/ST/threadx/ports/cortex_m33/gnu/inc/tx_port.h **** /* Define the minimum stack for a ThreadX thread on this processor. If the size supplied during
 176:Middlewares/ST/threadx/ports/cortex_m33/gnu/inc/tx_port.h ****    thread creation is less than this value, the thread create call will return an error.  */
 177:Middlewares/ST/threadx/ports/cortex_m33/gnu/inc/tx_port.h **** 
 178:Middlewares/ST/threadx/ports/cortex_m33/gnu/inc/tx_port.h **** #ifndef TX_MINIMUM_STACK
ARM GAS  C:\usertemp\ccjb67G9.s 			page 8


 179:Middlewares/ST/threadx/ports/cortex_m33/gnu/inc/tx_port.h **** #define TX_MINIMUM_STACK                        200         /* Minimum stack size for this port  */
 180:Middlewares/ST/threadx/ports/cortex_m33/gnu/inc/tx_port.h **** #endif
 181:Middlewares/ST/threadx/ports/cortex_m33/gnu/inc/tx_port.h **** 
 182:Middlewares/ST/threadx/ports/cortex_m33/gnu/inc/tx_port.h **** 
 183:Middlewares/ST/threadx/ports/cortex_m33/gnu/inc/tx_port.h **** /* Define the system timer thread's default stack size and priority.  These are only applicable
 184:Middlewares/ST/threadx/ports/cortex_m33/gnu/inc/tx_port.h ****    if TX_TIMER_PROCESS_IN_ISR is not defined.  */
 185:Middlewares/ST/threadx/ports/cortex_m33/gnu/inc/tx_port.h **** 
 186:Middlewares/ST/threadx/ports/cortex_m33/gnu/inc/tx_port.h **** #ifndef TX_TIMER_THREAD_STACK_SIZE
 187:Middlewares/ST/threadx/ports/cortex_m33/gnu/inc/tx_port.h **** #define TX_TIMER_THREAD_STACK_SIZE              1024        /* Default timer thread stack size  */
 188:Middlewares/ST/threadx/ports/cortex_m33/gnu/inc/tx_port.h **** #endif
 189:Middlewares/ST/threadx/ports/cortex_m33/gnu/inc/tx_port.h **** 
 190:Middlewares/ST/threadx/ports/cortex_m33/gnu/inc/tx_port.h **** #ifndef TX_TIMER_THREAD_PRIORITY
 191:Middlewares/ST/threadx/ports/cortex_m33/gnu/inc/tx_port.h **** #define TX_TIMER_THREAD_PRIORITY                0           /* Default timer thread priority    */
 192:Middlewares/ST/threadx/ports/cortex_m33/gnu/inc/tx_port.h **** #endif
 193:Middlewares/ST/threadx/ports/cortex_m33/gnu/inc/tx_port.h **** 
 194:Middlewares/ST/threadx/ports/cortex_m33/gnu/inc/tx_port.h **** /* By default, ThreadX for Cortex-M uses the PRIMASK register to enable/disable interrupts.
 195:Middlewares/ST/threadx/ports/cortex_m33/gnu/inc/tx_port.h **** If using BASEPRI is desired, define the following two symbols for both c and assembly files:
 196:Middlewares/ST/threadx/ports/cortex_m33/gnu/inc/tx_port.h **** TX_PORT_USE_BASEPRI - This tells ThreadX to use BASEPRI instead of PRIMASK.
 197:Middlewares/ST/threadx/ports/cortex_m33/gnu/inc/tx_port.h **** TX_PORT_BASEPRI = (priority_mask << (8 - number_priority_bits)) - this defines the maximum priority
 198:Middlewares/ST/threadx/ports/cortex_m33/gnu/inc/tx_port.h **** Any interrupt with a higher priority than priority_mask will not be masked, thus the interrupt will
 199:Middlewares/ST/threadx/ports/cortex_m33/gnu/inc/tx_port.h **** */
 200:Middlewares/ST/threadx/ports/cortex_m33/gnu/inc/tx_port.h **** 
 201:Middlewares/ST/threadx/ports/cortex_m33/gnu/inc/tx_port.h **** /* Define various constants for the ThreadX Cortex-M port.  */
 202:Middlewares/ST/threadx/ports/cortex_m33/gnu/inc/tx_port.h **** 
 203:Middlewares/ST/threadx/ports/cortex_m33/gnu/inc/tx_port.h **** #define TX_INT_DISABLE                          1           /* Disable interrupts               */
 204:Middlewares/ST/threadx/ports/cortex_m33/gnu/inc/tx_port.h **** #define TX_INT_ENABLE                           0           /* Enable interrupts                */
 205:Middlewares/ST/threadx/ports/cortex_m33/gnu/inc/tx_port.h **** 
 206:Middlewares/ST/threadx/ports/cortex_m33/gnu/inc/tx_port.h **** 
 207:Middlewares/ST/threadx/ports/cortex_m33/gnu/inc/tx_port.h **** /* Define the clock source for trace event entry time stamp. The following two item are port specif
 208:Middlewares/ST/threadx/ports/cortex_m33/gnu/inc/tx_port.h ****    For example, if the time source is at the address 0x0a800024 and is 16-bits in size, the clock
 209:Middlewares/ST/threadx/ports/cortex_m33/gnu/inc/tx_port.h ****    source constants would be:
 210:Middlewares/ST/threadx/ports/cortex_m33/gnu/inc/tx_port.h **** 
 211:Middlewares/ST/threadx/ports/cortex_m33/gnu/inc/tx_port.h **** #define TX_TRACE_TIME_SOURCE                    *((volatile ULONG *) 0x0a800024)
 212:Middlewares/ST/threadx/ports/cortex_m33/gnu/inc/tx_port.h **** #define TX_TRACE_TIME_MASK                      0x0000FFFFUL
 213:Middlewares/ST/threadx/ports/cortex_m33/gnu/inc/tx_port.h **** 
 214:Middlewares/ST/threadx/ports/cortex_m33/gnu/inc/tx_port.h **** */
 215:Middlewares/ST/threadx/ports/cortex_m33/gnu/inc/tx_port.h **** 
 216:Middlewares/ST/threadx/ports/cortex_m33/gnu/inc/tx_port.h **** #ifndef TX_MISRA_ENABLE
 217:Middlewares/ST/threadx/ports/cortex_m33/gnu/inc/tx_port.h **** #ifndef TX_TRACE_TIME_SOURCE
 218:Middlewares/ST/threadx/ports/cortex_m33/gnu/inc/tx_port.h **** #define TX_TRACE_TIME_SOURCE                    *((volatile ULONG *) 0xE0001004)
 219:Middlewares/ST/threadx/ports/cortex_m33/gnu/inc/tx_port.h **** #endif
 220:Middlewares/ST/threadx/ports/cortex_m33/gnu/inc/tx_port.h **** #else
 221:Middlewares/ST/threadx/ports/cortex_m33/gnu/inc/tx_port.h **** ULONG   _tx_misra_time_stamp_get(VOID);
 222:Middlewares/ST/threadx/ports/cortex_m33/gnu/inc/tx_port.h **** #define TX_TRACE_TIME_SOURCE                    _tx_misra_time_stamp_get()
 223:Middlewares/ST/threadx/ports/cortex_m33/gnu/inc/tx_port.h **** #endif
 224:Middlewares/ST/threadx/ports/cortex_m33/gnu/inc/tx_port.h **** 
 225:Middlewares/ST/threadx/ports/cortex_m33/gnu/inc/tx_port.h **** #ifndef TX_TRACE_TIME_MASK
 226:Middlewares/ST/threadx/ports/cortex_m33/gnu/inc/tx_port.h **** #define TX_TRACE_TIME_MASK                      0xFFFFFFFFUL
 227:Middlewares/ST/threadx/ports/cortex_m33/gnu/inc/tx_port.h **** #endif
 228:Middlewares/ST/threadx/ports/cortex_m33/gnu/inc/tx_port.h **** 
 229:Middlewares/ST/threadx/ports/cortex_m33/gnu/inc/tx_port.h **** 
 230:Middlewares/ST/threadx/ports/cortex_m33/gnu/inc/tx_port.h **** /* Define the port specific options for the _tx_build_options variable. This variable indicates
 231:Middlewares/ST/threadx/ports/cortex_m33/gnu/inc/tx_port.h ****    how the ThreadX library was built.  */
 232:Middlewares/ST/threadx/ports/cortex_m33/gnu/inc/tx_port.h **** 
 233:Middlewares/ST/threadx/ports/cortex_m33/gnu/inc/tx_port.h **** #define TX_PORT_SPECIFIC_BUILD_OPTIONS          (0)
 234:Middlewares/ST/threadx/ports/cortex_m33/gnu/inc/tx_port.h **** 
 235:Middlewares/ST/threadx/ports/cortex_m33/gnu/inc/tx_port.h **** 
ARM GAS  C:\usertemp\ccjb67G9.s 			page 9


 236:Middlewares/ST/threadx/ports/cortex_m33/gnu/inc/tx_port.h **** /* Define the in-line initialization constant so that modules with in-line
 237:Middlewares/ST/threadx/ports/cortex_m33/gnu/inc/tx_port.h ****    initialization capabilities can prevent their initialization from being
 238:Middlewares/ST/threadx/ports/cortex_m33/gnu/inc/tx_port.h ****    a function call.  */
 239:Middlewares/ST/threadx/ports/cortex_m33/gnu/inc/tx_port.h **** 
 240:Middlewares/ST/threadx/ports/cortex_m33/gnu/inc/tx_port.h **** #ifdef TX_MISRA_ENABLE
 241:Middlewares/ST/threadx/ports/cortex_m33/gnu/inc/tx_port.h **** #define TX_DISABLE_INLINE
 242:Middlewares/ST/threadx/ports/cortex_m33/gnu/inc/tx_port.h **** #else
 243:Middlewares/ST/threadx/ports/cortex_m33/gnu/inc/tx_port.h **** #define TX_INLINE_INITIALIZATION
 244:Middlewares/ST/threadx/ports/cortex_m33/gnu/inc/tx_port.h **** #endif
 245:Middlewares/ST/threadx/ports/cortex_m33/gnu/inc/tx_port.h **** 
 246:Middlewares/ST/threadx/ports/cortex_m33/gnu/inc/tx_port.h **** 
 247:Middlewares/ST/threadx/ports/cortex_m33/gnu/inc/tx_port.h **** /* Determine whether or not stack checking is enabled. By default, ThreadX stack checking is
 248:Middlewares/ST/threadx/ports/cortex_m33/gnu/inc/tx_port.h ****    disabled. When the following is defined, ThreadX thread stack checking is enabled.  If stack
 249:Middlewares/ST/threadx/ports/cortex_m33/gnu/inc/tx_port.h ****    checking is enabled (TX_ENABLE_STACK_CHECKING is defined), the TX_DISABLE_STACK_FILLING
 250:Middlewares/ST/threadx/ports/cortex_m33/gnu/inc/tx_port.h ****    define is negated, thereby forcing the stack fill which is necessary for the stack checking
 251:Middlewares/ST/threadx/ports/cortex_m33/gnu/inc/tx_port.h ****    logic.  */
 252:Middlewares/ST/threadx/ports/cortex_m33/gnu/inc/tx_port.h **** 
 253:Middlewares/ST/threadx/ports/cortex_m33/gnu/inc/tx_port.h **** #ifndef TX_MISRA_ENABLE
 254:Middlewares/ST/threadx/ports/cortex_m33/gnu/inc/tx_port.h **** #ifdef TX_ENABLE_STACK_CHECKING
 255:Middlewares/ST/threadx/ports/cortex_m33/gnu/inc/tx_port.h **** #undef TX_DISABLE_STACK_FILLING
 256:Middlewares/ST/threadx/ports/cortex_m33/gnu/inc/tx_port.h **** #endif
 257:Middlewares/ST/threadx/ports/cortex_m33/gnu/inc/tx_port.h **** #endif
 258:Middlewares/ST/threadx/ports/cortex_m33/gnu/inc/tx_port.h **** 
 259:Middlewares/ST/threadx/ports/cortex_m33/gnu/inc/tx_port.h **** 
 260:Middlewares/ST/threadx/ports/cortex_m33/gnu/inc/tx_port.h **** /* Define the TX_THREAD control block extensions for this port. The main reason
 261:Middlewares/ST/threadx/ports/cortex_m33/gnu/inc/tx_port.h ****    for the multiple macros is so that backward compatibility can be maintained with
 262:Middlewares/ST/threadx/ports/cortex_m33/gnu/inc/tx_port.h ****    existing ThreadX kernel awareness modules.  */
 263:Middlewares/ST/threadx/ports/cortex_m33/gnu/inc/tx_port.h **** 
 264:Middlewares/ST/threadx/ports/cortex_m33/gnu/inc/tx_port.h **** #define TX_THREAD_EXTENSION_0
 265:Middlewares/ST/threadx/ports/cortex_m33/gnu/inc/tx_port.h **** #define TX_THREAD_EXTENSION_1
 266:Middlewares/ST/threadx/ports/cortex_m33/gnu/inc/tx_port.h **** 
 267:Middlewares/ST/threadx/ports/cortex_m33/gnu/inc/tx_port.h **** #ifdef  TX_ENABLE_IAR_LIBRARY_SUPPORT
 268:Middlewares/ST/threadx/ports/cortex_m33/gnu/inc/tx_port.h **** /* IAR library support */
 269:Middlewares/ST/threadx/ports/cortex_m33/gnu/inc/tx_port.h **** #if !defined(TX_SINGLE_MODE_SECURE) && !defined(TX_SINGLE_MODE_NON_SECURE)
 270:Middlewares/ST/threadx/ports/cortex_m33/gnu/inc/tx_port.h **** /* ThreadX in non-secure zone with calls to secure zone. */
 271:Middlewares/ST/threadx/ports/cortex_m33/gnu/inc/tx_port.h **** #define TX_THREAD_EXTENSION_2           VOID    *tx_thread_secure_stack_context;    \
 272:Middlewares/ST/threadx/ports/cortex_m33/gnu/inc/tx_port.h ****                                         VOID    *tx_thread_iar_tls_pointer;
 273:Middlewares/ST/threadx/ports/cortex_m33/gnu/inc/tx_port.h **** #else
 274:Middlewares/ST/threadx/ports/cortex_m33/gnu/inc/tx_port.h **** /* ThreadX in only one zone. */
 275:Middlewares/ST/threadx/ports/cortex_m33/gnu/inc/tx_port.h **** #define TX_THREAD_EXTENSION_2           VOID    *tx_thread_iar_tls_pointer;
 276:Middlewares/ST/threadx/ports/cortex_m33/gnu/inc/tx_port.h **** #endif
 277:Middlewares/ST/threadx/ports/cortex_m33/gnu/inc/tx_port.h **** 
 278:Middlewares/ST/threadx/ports/cortex_m33/gnu/inc/tx_port.h **** #else
 279:Middlewares/ST/threadx/ports/cortex_m33/gnu/inc/tx_port.h **** /* No IAR library support */
 280:Middlewares/ST/threadx/ports/cortex_m33/gnu/inc/tx_port.h **** #if !defined(TX_SINGLE_MODE_SECURE) && !defined(TX_SINGLE_MODE_NON_SECURE)
 281:Middlewares/ST/threadx/ports/cortex_m33/gnu/inc/tx_port.h **** /* ThreadX in non-secure zone with calls to secure zone. */
 282:Middlewares/ST/threadx/ports/cortex_m33/gnu/inc/tx_port.h **** #define TX_THREAD_EXTENSION_2           VOID    *tx_thread_secure_stack_context;
 283:Middlewares/ST/threadx/ports/cortex_m33/gnu/inc/tx_port.h **** #else
 284:Middlewares/ST/threadx/ports/cortex_m33/gnu/inc/tx_port.h **** /* ThreadX in only one zone. */
 285:Middlewares/ST/threadx/ports/cortex_m33/gnu/inc/tx_port.h **** #define TX_THREAD_EXTENSION_2
 286:Middlewares/ST/threadx/ports/cortex_m33/gnu/inc/tx_port.h **** #endif
 287:Middlewares/ST/threadx/ports/cortex_m33/gnu/inc/tx_port.h **** 
 288:Middlewares/ST/threadx/ports/cortex_m33/gnu/inc/tx_port.h **** #endif  /* TX_ENABLE_IAR_LIBRARY_SUPPORT */
 289:Middlewares/ST/threadx/ports/cortex_m33/gnu/inc/tx_port.h **** 
 290:Middlewares/ST/threadx/ports/cortex_m33/gnu/inc/tx_port.h **** #define TX_THREAD_EXTENSION_3
 291:Middlewares/ST/threadx/ports/cortex_m33/gnu/inc/tx_port.h **** 
 292:Middlewares/ST/threadx/ports/cortex_m33/gnu/inc/tx_port.h **** 
ARM GAS  C:\usertemp\ccjb67G9.s 			page 10


 293:Middlewares/ST/threadx/ports/cortex_m33/gnu/inc/tx_port.h **** /* Define the port extensions of the remaining ThreadX objects.  */
 294:Middlewares/ST/threadx/ports/cortex_m33/gnu/inc/tx_port.h **** 
 295:Middlewares/ST/threadx/ports/cortex_m33/gnu/inc/tx_port.h **** #define TX_BLOCK_POOL_EXTENSION
 296:Middlewares/ST/threadx/ports/cortex_m33/gnu/inc/tx_port.h **** #define TX_BYTE_POOL_EXTENSION
 297:Middlewares/ST/threadx/ports/cortex_m33/gnu/inc/tx_port.h **** #define TX_EVENT_FLAGS_GROUP_EXTENSION
 298:Middlewares/ST/threadx/ports/cortex_m33/gnu/inc/tx_port.h **** #define TX_MUTEX_EXTENSION
 299:Middlewares/ST/threadx/ports/cortex_m33/gnu/inc/tx_port.h **** #define TX_QUEUE_EXTENSION
 300:Middlewares/ST/threadx/ports/cortex_m33/gnu/inc/tx_port.h **** #define TX_SEMAPHORE_EXTENSION
 301:Middlewares/ST/threadx/ports/cortex_m33/gnu/inc/tx_port.h **** #define TX_TIMER_EXTENSION
 302:Middlewares/ST/threadx/ports/cortex_m33/gnu/inc/tx_port.h **** 
 303:Middlewares/ST/threadx/ports/cortex_m33/gnu/inc/tx_port.h **** 
 304:Middlewares/ST/threadx/ports/cortex_m33/gnu/inc/tx_port.h **** /* Define the user extension field of the thread control block.  Nothing
 305:Middlewares/ST/threadx/ports/cortex_m33/gnu/inc/tx_port.h ****    additional is needed for this port so it is defined as white space.  */
 306:Middlewares/ST/threadx/ports/cortex_m33/gnu/inc/tx_port.h **** 
 307:Middlewares/ST/threadx/ports/cortex_m33/gnu/inc/tx_port.h **** #ifndef TX_THREAD_USER_EXTENSION
 308:Middlewares/ST/threadx/ports/cortex_m33/gnu/inc/tx_port.h **** #define TX_THREAD_USER_EXTENSION
 309:Middlewares/ST/threadx/ports/cortex_m33/gnu/inc/tx_port.h **** #endif
 310:Middlewares/ST/threadx/ports/cortex_m33/gnu/inc/tx_port.h **** 
 311:Middlewares/ST/threadx/ports/cortex_m33/gnu/inc/tx_port.h **** 
 312:Middlewares/ST/threadx/ports/cortex_m33/gnu/inc/tx_port.h **** /* Define the macros for processing extensions in tx_thread_create, tx_thread_delete,
 313:Middlewares/ST/threadx/ports/cortex_m33/gnu/inc/tx_port.h ****    tx_thread_shell_entry, and tx_thread_terminate.  */
 314:Middlewares/ST/threadx/ports/cortex_m33/gnu/inc/tx_port.h **** #ifdef  TX_ENABLE_IAR_LIBRARY_SUPPORT
 315:Middlewares/ST/threadx/ports/cortex_m33/gnu/inc/tx_port.h **** void    *_tx_iar_create_per_thread_tls_area(void);
 316:Middlewares/ST/threadx/ports/cortex_m33/gnu/inc/tx_port.h **** void    _tx_iar_destroy_per_thread_tls_area(void *tls_ptr);
 317:Middlewares/ST/threadx/ports/cortex_m33/gnu/inc/tx_port.h **** void    __iar_Initlocks(void);
 318:Middlewares/ST/threadx/ports/cortex_m33/gnu/inc/tx_port.h **** #define TX_THREAD_CREATE_EXTENSION(thread_ptr)                      thread_ptr -> tx_thread_iar_tls
 319:Middlewares/ST/threadx/ports/cortex_m33/gnu/inc/tx_port.h **** 
 320:Middlewares/ST/threadx/ports/cortex_m33/gnu/inc/tx_port.h **** #if !defined(TX_SINGLE_MODE_SECURE) && !defined(TX_SINGLE_MODE_NON_SECURE)
 321:Middlewares/ST/threadx/ports/cortex_m33/gnu/inc/tx_port.h **** #define TX_THREAD_DELETE_EXTENSION(thread_ptr)                      do {_tx_iar_destroy_per_thread_
 322:Middlewares/ST/threadx/ports/cortex_m33/gnu/inc/tx_port.h ****                                                                         thread_ptr -> tx_thread_iar
 323:Middlewares/ST/threadx/ports/cortex_m33/gnu/inc/tx_port.h ****                                                                     if(thread_ptr -> tx_thread_secu
 324:Middlewares/ST/threadx/ports/cortex_m33/gnu/inc/tx_port.h **** #else
 325:Middlewares/ST/threadx/ports/cortex_m33/gnu/inc/tx_port.h **** #define TX_THREAD_DELETE_EXTENSION(thread_ptr)                      do {_tx_iar_destroy_per_thread_
 326:Middlewares/ST/threadx/ports/cortex_m33/gnu/inc/tx_port.h ****                                                                         thread_ptr -> tx_thread_iar
 327:Middlewares/ST/threadx/ports/cortex_m33/gnu/inc/tx_port.h **** #endif
 328:Middlewares/ST/threadx/ports/cortex_m33/gnu/inc/tx_port.h **** #define TX_PORT_SPECIFIC_PRE_SCHEDULER_INITIALIZATION               do {__iar_Initlocks();} while(0
 329:Middlewares/ST/threadx/ports/cortex_m33/gnu/inc/tx_port.h **** 
 330:Middlewares/ST/threadx/ports/cortex_m33/gnu/inc/tx_port.h **** #else   /* No IAR library support. */
 331:Middlewares/ST/threadx/ports/cortex_m33/gnu/inc/tx_port.h **** #define TX_THREAD_CREATE_EXTENSION(thread_ptr)
 332:Middlewares/ST/threadx/ports/cortex_m33/gnu/inc/tx_port.h **** #if !defined(TX_SINGLE_MODE_SECURE) && !defined(TX_SINGLE_MODE_NON_SECURE)
 333:Middlewares/ST/threadx/ports/cortex_m33/gnu/inc/tx_port.h **** #define TX_THREAD_DELETE_EXTENSION(thread_ptr)                      if(thread_ptr -> tx_thread_secu
 334:Middlewares/ST/threadx/ports/cortex_m33/gnu/inc/tx_port.h **** #else
 335:Middlewares/ST/threadx/ports/cortex_m33/gnu/inc/tx_port.h **** #define TX_THREAD_DELETE_EXTENSION(thread_ptr)
 336:Middlewares/ST/threadx/ports/cortex_m33/gnu/inc/tx_port.h **** #endif
 337:Middlewares/ST/threadx/ports/cortex_m33/gnu/inc/tx_port.h **** #endif  /* TX_ENABLE_IAR_LIBRARY_SUPPORT */
 338:Middlewares/ST/threadx/ports/cortex_m33/gnu/inc/tx_port.h **** 
 339:Middlewares/ST/threadx/ports/cortex_m33/gnu/inc/tx_port.h **** #if !defined(TX_SINGLE_MODE_SECURE) && !defined(TX_SINGLE_MODE_NON_SECURE)
 340:Middlewares/ST/threadx/ports/cortex_m33/gnu/inc/tx_port.h **** /* Define the size of the secure stack for the timer thread and use the extension to allocate the s
 341:Middlewares/ST/threadx/ports/cortex_m33/gnu/inc/tx_port.h **** #define TX_TIMER_THREAD_SECURE_STACK_SIZE       256
 342:Middlewares/ST/threadx/ports/cortex_m33/gnu/inc/tx_port.h **** #define TX_TIMER_INITIALIZE_EXTENSION(status)   _tx_thread_secure_stack_allocate(&_tx_timer_thread,
 343:Middlewares/ST/threadx/ports/cortex_m33/gnu/inc/tx_port.h **** #endif
 344:Middlewares/ST/threadx/ports/cortex_m33/gnu/inc/tx_port.h **** 
 345:Middlewares/ST/threadx/ports/cortex_m33/gnu/inc/tx_port.h **** 
 346:Middlewares/ST/threadx/ports/cortex_m33/gnu/inc/tx_port.h **** #if defined(__ARMVFP__) || defined(__ARM_PCS_VFP) || defined(__ARM_FP) || defined(__TARGET_FPU_VFP)
 347:Middlewares/ST/threadx/ports/cortex_m33/gnu/inc/tx_port.h **** 
 348:Middlewares/ST/threadx/ports/cortex_m33/gnu/inc/tx_port.h **** #ifdef TX_MISRA_ENABLE
 349:Middlewares/ST/threadx/ports/cortex_m33/gnu/inc/tx_port.h **** 
ARM GAS  C:\usertemp\ccjb67G9.s 			page 11


 350:Middlewares/ST/threadx/ports/cortex_m33/gnu/inc/tx_port.h **** ULONG  _tx_misra_control_get(void);
 351:Middlewares/ST/threadx/ports/cortex_m33/gnu/inc/tx_port.h **** void   _tx_misra_control_set(ULONG value);
 352:Middlewares/ST/threadx/ports/cortex_m33/gnu/inc/tx_port.h **** ULONG  _tx_misra_fpccr_get(void);
 353:Middlewares/ST/threadx/ports/cortex_m33/gnu/inc/tx_port.h **** void   _tx_misra_vfp_touch(void);
 354:Middlewares/ST/threadx/ports/cortex_m33/gnu/inc/tx_port.h **** 
 355:Middlewares/ST/threadx/ports/cortex_m33/gnu/inc/tx_port.h **** #else   /* TX_MISRA_ENABLE not defined */
 356:Middlewares/ST/threadx/ports/cortex_m33/gnu/inc/tx_port.h **** 
 357:Middlewares/ST/threadx/ports/cortex_m33/gnu/inc/tx_port.h **** #ifdef __GNUC__ /* GCC and ARM Compiler 6 */
 358:Middlewares/ST/threadx/ports/cortex_m33/gnu/inc/tx_port.h **** 
 359:Middlewares/ST/threadx/ports/cortex_m33/gnu/inc/tx_port.h **** __attribute__( ( always_inline ) ) static inline ULONG _tx_control_get(void)
 360:Middlewares/ST/threadx/ports/cortex_m33/gnu/inc/tx_port.h **** {
 361:Middlewares/ST/threadx/ports/cortex_m33/gnu/inc/tx_port.h **** ULONG  control_value;
 362:Middlewares/ST/threadx/ports/cortex_m33/gnu/inc/tx_port.h **** 
 363:Middlewares/ST/threadx/ports/cortex_m33/gnu/inc/tx_port.h ****     __asm__ volatile (" MRS  %0,CONTROL ": "=r" (control_value) );
 364:Middlewares/ST/threadx/ports/cortex_m33/gnu/inc/tx_port.h ****     return(control_value);
 365:Middlewares/ST/threadx/ports/cortex_m33/gnu/inc/tx_port.h **** }
 366:Middlewares/ST/threadx/ports/cortex_m33/gnu/inc/tx_port.h **** 
 367:Middlewares/ST/threadx/ports/cortex_m33/gnu/inc/tx_port.h **** __attribute__( ( always_inline ) ) static inline void _tx_control_set(ULONG control_value)
 368:Middlewares/ST/threadx/ports/cortex_m33/gnu/inc/tx_port.h **** {
 369:Middlewares/ST/threadx/ports/cortex_m33/gnu/inc/tx_port.h ****     __asm__ volatile (" MSR  CONTROL,%0": : "r" (control_value): "memory" );
 370:Middlewares/ST/threadx/ports/cortex_m33/gnu/inc/tx_port.h **** }
 371:Middlewares/ST/threadx/ports/cortex_m33/gnu/inc/tx_port.h **** 
 372:Middlewares/ST/threadx/ports/cortex_m33/gnu/inc/tx_port.h **** #endif  /* __GNUC__ */
 373:Middlewares/ST/threadx/ports/cortex_m33/gnu/inc/tx_port.h **** 
 374:Middlewares/ST/threadx/ports/cortex_m33/gnu/inc/tx_port.h **** /* Touch VFP register in order to flush. Works for AC6/GCC/IAR compilers. */
 375:Middlewares/ST/threadx/ports/cortex_m33/gnu/inc/tx_port.h **** #define TX_VFP_TOUCH()  __asm__ volatile ("VMOV.F32 s0, s0");
 376:Middlewares/ST/threadx/ports/cortex_m33/gnu/inc/tx_port.h **** 
 377:Middlewares/ST/threadx/ports/cortex_m33/gnu/inc/tx_port.h **** #endif  /* TX_MISRA_ENABLE */
 378:Middlewares/ST/threadx/ports/cortex_m33/gnu/inc/tx_port.h **** 
 379:Middlewares/ST/threadx/ports/cortex_m33/gnu/inc/tx_port.h **** /* A completed thread falls into _thread_shell_entry and we can simply deactivate the FPU via CONTR
 380:Middlewares/ST/threadx/ports/cortex_m33/gnu/inc/tx_port.h ****    in order to ensure no lazy stacking will occur. */
 381:Middlewares/ST/threadx/ports/cortex_m33/gnu/inc/tx_port.h **** 
 382:Middlewares/ST/threadx/ports/cortex_m33/gnu/inc/tx_port.h **** #ifndef TX_MISRA_ENABLE
 383:Middlewares/ST/threadx/ports/cortex_m33/gnu/inc/tx_port.h **** 
 384:Middlewares/ST/threadx/ports/cortex_m33/gnu/inc/tx_port.h **** #define TX_THREAD_COMPLETED_EXTENSION(thread_ptr)   {                                              
 385:Middlewares/ST/threadx/ports/cortex_m33/gnu/inc/tx_port.h ****                                                     ULONG  _tx_vfp_state;                          
 386:Middlewares/ST/threadx/ports/cortex_m33/gnu/inc/tx_port.h ****                                                         _tx_vfp_state = _tx_control_get();         
 387:Middlewares/ST/threadx/ports/cortex_m33/gnu/inc/tx_port.h ****                                                         _tx_vfp_state = _tx_vfp_state & ~((ULONG) 0
 388:Middlewares/ST/threadx/ports/cortex_m33/gnu/inc/tx_port.h ****                                                         _tx_control_set(_tx_vfp_state);            
 389:Middlewares/ST/threadx/ports/cortex_m33/gnu/inc/tx_port.h ****                                                     }
 390:Middlewares/ST/threadx/ports/cortex_m33/gnu/inc/tx_port.h **** #else
 391:Middlewares/ST/threadx/ports/cortex_m33/gnu/inc/tx_port.h **** 
 392:Middlewares/ST/threadx/ports/cortex_m33/gnu/inc/tx_port.h **** #define TX_THREAD_COMPLETED_EXTENSION(thread_ptr)   {                                              
 393:Middlewares/ST/threadx/ports/cortex_m33/gnu/inc/tx_port.h ****                                                     ULONG  _tx_vfp_state;                          
 394:Middlewares/ST/threadx/ports/cortex_m33/gnu/inc/tx_port.h ****                                                         _tx_vfp_state = _tx_misra_control_get();   
 395:Middlewares/ST/threadx/ports/cortex_m33/gnu/inc/tx_port.h ****                                                         _tx_vfp_state = _tx_vfp_state & ~((ULONG) 0
 396:Middlewares/ST/threadx/ports/cortex_m33/gnu/inc/tx_port.h ****                                                         _tx_misra_control_set(_tx_vfp_state);      
 397:Middlewares/ST/threadx/ports/cortex_m33/gnu/inc/tx_port.h ****                                                     }
 398:Middlewares/ST/threadx/ports/cortex_m33/gnu/inc/tx_port.h **** #endif
 399:Middlewares/ST/threadx/ports/cortex_m33/gnu/inc/tx_port.h **** 
 400:Middlewares/ST/threadx/ports/cortex_m33/gnu/inc/tx_port.h **** /* A thread can be terminated by another thread, so we first check if it's self-terminating and not
 401:Middlewares/ST/threadx/ports/cortex_m33/gnu/inc/tx_port.h ****    If so, deactivate the FPU via CONTROL.FPCA. Otherwise we are in an interrupt or another thread i
 402:Middlewares/ST/threadx/ports/cortex_m33/gnu/inc/tx_port.h ****    this one, so if the FPCCR.LSPACT bit is set, we need to save the CONTROL.FPCA state, touch the F
 403:Middlewares/ST/threadx/ports/cortex_m33/gnu/inc/tx_port.h ****    the lazy FPU save, then restore the CONTROL.FPCA state. */
 404:Middlewares/ST/threadx/ports/cortex_m33/gnu/inc/tx_port.h **** 
 405:Middlewares/ST/threadx/ports/cortex_m33/gnu/inc/tx_port.h **** #ifndef TX_MISRA_ENABLE
 406:Middlewares/ST/threadx/ports/cortex_m33/gnu/inc/tx_port.h **** 
ARM GAS  C:\usertemp\ccjb67G9.s 			page 12


 407:Middlewares/ST/threadx/ports/cortex_m33/gnu/inc/tx_port.h **** #define TX_THREAD_TERMINATED_EXTENSION(thread_ptr)  {                                              
 408:Middlewares/ST/threadx/ports/cortex_m33/gnu/inc/tx_port.h ****                                                     ULONG  _tx_system_state;                       
 409:Middlewares/ST/threadx/ports/cortex_m33/gnu/inc/tx_port.h ****                                                         _tx_system_state = TX_THREAD_GET_SYSTEM_STA
 410:Middlewares/ST/threadx/ports/cortex_m33/gnu/inc/tx_port.h ****                                                         if ((_tx_system_state == ((ULONG) 0)) && ((
 411:Middlewares/ST/threadx/ports/cortex_m33/gnu/inc/tx_port.h ****                                                         {                                          
 412:Middlewares/ST/threadx/ports/cortex_m33/gnu/inc/tx_port.h ****                                                         ULONG  _tx_vfp_state;                      
 413:Middlewares/ST/threadx/ports/cortex_m33/gnu/inc/tx_port.h ****                                                             _tx_vfp_state = _tx_control_get();     
 414:Middlewares/ST/threadx/ports/cortex_m33/gnu/inc/tx_port.h ****                                                             _tx_vfp_state = _tx_vfp_state & ~((ULON
 415:Middlewares/ST/threadx/ports/cortex_m33/gnu/inc/tx_port.h ****                                                             _tx_control_set(_tx_vfp_state);        
 416:Middlewares/ST/threadx/ports/cortex_m33/gnu/inc/tx_port.h ****                                                         }                                          
 417:Middlewares/ST/threadx/ports/cortex_m33/gnu/inc/tx_port.h ****                                                         else                                       
 418:Middlewares/ST/threadx/ports/cortex_m33/gnu/inc/tx_port.h ****                                                         {                                          
 419:Middlewares/ST/threadx/ports/cortex_m33/gnu/inc/tx_port.h ****                                                         ULONG  _tx_fpccr;                          
 420:Middlewares/ST/threadx/ports/cortex_m33/gnu/inc/tx_port.h ****                                                             _tx_fpccr = *((volatile ULONG *) 0xE000
 421:Middlewares/ST/threadx/ports/cortex_m33/gnu/inc/tx_port.h ****                                                             _tx_fpccr = _tx_fpccr & ((ULONG) 0x01);
 422:Middlewares/ST/threadx/ports/cortex_m33/gnu/inc/tx_port.h ****                                                             if (_tx_fpccr == ((ULONG) 0x01))       
 423:Middlewares/ST/threadx/ports/cortex_m33/gnu/inc/tx_port.h ****                                                             {                                      
 424:Middlewares/ST/threadx/ports/cortex_m33/gnu/inc/tx_port.h ****                                                             ULONG _tx_vfp_state;                   
 425:Middlewares/ST/threadx/ports/cortex_m33/gnu/inc/tx_port.h ****                                                                 _tx_vfp_state = _tx_control_get(); 
 426:Middlewares/ST/threadx/ports/cortex_m33/gnu/inc/tx_port.h ****                                                                 _tx_vfp_state = _tx_vfp_state & ((U
 427:Middlewares/ST/threadx/ports/cortex_m33/gnu/inc/tx_port.h ****                                                                 TX_VFP_TOUCH();                    
 428:Middlewares/ST/threadx/ports/cortex_m33/gnu/inc/tx_port.h ****                                                                 if (_tx_vfp_state == ((ULONG) 0))  
 429:Middlewares/ST/threadx/ports/cortex_m33/gnu/inc/tx_port.h ****                                                                 {                                  
 430:Middlewares/ST/threadx/ports/cortex_m33/gnu/inc/tx_port.h ****                                                                     _tx_vfp_state = _tx_control_get
 431:Middlewares/ST/threadx/ports/cortex_m33/gnu/inc/tx_port.h ****                                                                     _tx_vfp_state = _tx_vfp_state &
 432:Middlewares/ST/threadx/ports/cortex_m33/gnu/inc/tx_port.h ****                                                                     _tx_control_set(_tx_vfp_state);
 433:Middlewares/ST/threadx/ports/cortex_m33/gnu/inc/tx_port.h ****                                                                 }                                  
 434:Middlewares/ST/threadx/ports/cortex_m33/gnu/inc/tx_port.h ****                                                             }                                      
 435:Middlewares/ST/threadx/ports/cortex_m33/gnu/inc/tx_port.h ****                                                         }                                          
 436:Middlewares/ST/threadx/ports/cortex_m33/gnu/inc/tx_port.h ****                                                     }
 437:Middlewares/ST/threadx/ports/cortex_m33/gnu/inc/tx_port.h **** #else
 438:Middlewares/ST/threadx/ports/cortex_m33/gnu/inc/tx_port.h **** 
 439:Middlewares/ST/threadx/ports/cortex_m33/gnu/inc/tx_port.h **** #define TX_THREAD_TERMINATED_EXTENSION(thread_ptr)  {                                              
 440:Middlewares/ST/threadx/ports/cortex_m33/gnu/inc/tx_port.h ****                                                     ULONG  _tx_system_state;                       
 441:Middlewares/ST/threadx/ports/cortex_m33/gnu/inc/tx_port.h ****                                                         _tx_system_state = TX_THREAD_GET_SYSTEM_STA
 442:Middlewares/ST/threadx/ports/cortex_m33/gnu/inc/tx_port.h ****                                                         if ((_tx_system_state == ((ULONG) 0)) && ((
 443:Middlewares/ST/threadx/ports/cortex_m33/gnu/inc/tx_port.h ****                                                         {                                          
 444:Middlewares/ST/threadx/ports/cortex_m33/gnu/inc/tx_port.h ****                                                         ULONG  _tx_vfp_state;                      
 445:Middlewares/ST/threadx/ports/cortex_m33/gnu/inc/tx_port.h ****                                                             _tx_vfp_state = _tx_misra_control_get()
 446:Middlewares/ST/threadx/ports/cortex_m33/gnu/inc/tx_port.h ****                                                             _tx_vfp_state = _tx_vfp_state & ~((ULON
 447:Middlewares/ST/threadx/ports/cortex_m33/gnu/inc/tx_port.h ****                                                             _tx_misra_control_set(_tx_vfp_state);  
 448:Middlewares/ST/threadx/ports/cortex_m33/gnu/inc/tx_port.h ****                                                         }                                          
 449:Middlewares/ST/threadx/ports/cortex_m33/gnu/inc/tx_port.h ****                                                         else                                       
 450:Middlewares/ST/threadx/ports/cortex_m33/gnu/inc/tx_port.h ****                                                         {                                          
 451:Middlewares/ST/threadx/ports/cortex_m33/gnu/inc/tx_port.h ****                                                         ULONG  _tx_fpccr;                          
 452:Middlewares/ST/threadx/ports/cortex_m33/gnu/inc/tx_port.h ****                                                             _tx_fpccr = _tx_misra_fpccr_get();     
 453:Middlewares/ST/threadx/ports/cortex_m33/gnu/inc/tx_port.h ****                                                             _tx_fpccr = _tx_fpccr & ((ULONG) 0x01);
 454:Middlewares/ST/threadx/ports/cortex_m33/gnu/inc/tx_port.h ****                                                             if (_tx_fpccr == ((ULONG) 0x01))       
 455:Middlewares/ST/threadx/ports/cortex_m33/gnu/inc/tx_port.h ****                                                             {                                      
 456:Middlewares/ST/threadx/ports/cortex_m33/gnu/inc/tx_port.h ****                                                             ULONG _tx_vfp_state;                   
 457:Middlewares/ST/threadx/ports/cortex_m33/gnu/inc/tx_port.h ****                                                                 _tx_vfp_state = _tx_misra_control_g
 458:Middlewares/ST/threadx/ports/cortex_m33/gnu/inc/tx_port.h ****                                                                 _tx_vfp_state = _tx_vfp_state & ((U
 459:Middlewares/ST/threadx/ports/cortex_m33/gnu/inc/tx_port.h ****                                                                 _tx_misra_vfp_touch();             
 460:Middlewares/ST/threadx/ports/cortex_m33/gnu/inc/tx_port.h ****                                                                 if (_tx_vfp_state == ((ULONG) 0))  
 461:Middlewares/ST/threadx/ports/cortex_m33/gnu/inc/tx_port.h ****                                                                 {                                  
 462:Middlewares/ST/threadx/ports/cortex_m33/gnu/inc/tx_port.h ****                                                                     _tx_vfp_state = _tx_misra_contr
 463:Middlewares/ST/threadx/ports/cortex_m33/gnu/inc/tx_port.h ****                                                                     _tx_vfp_state = _tx_vfp_state &
ARM GAS  C:\usertemp\ccjb67G9.s 			page 13


 464:Middlewares/ST/threadx/ports/cortex_m33/gnu/inc/tx_port.h ****                                                                     _tx_misra_control_set(_tx_vfp_s
 465:Middlewares/ST/threadx/ports/cortex_m33/gnu/inc/tx_port.h ****                                                                 }                                  
 466:Middlewares/ST/threadx/ports/cortex_m33/gnu/inc/tx_port.h ****                                                             }                                      
 467:Middlewares/ST/threadx/ports/cortex_m33/gnu/inc/tx_port.h ****                                                         }                                          
 468:Middlewares/ST/threadx/ports/cortex_m33/gnu/inc/tx_port.h ****                                                     }
 469:Middlewares/ST/threadx/ports/cortex_m33/gnu/inc/tx_port.h **** #endif
 470:Middlewares/ST/threadx/ports/cortex_m33/gnu/inc/tx_port.h **** 
 471:Middlewares/ST/threadx/ports/cortex_m33/gnu/inc/tx_port.h **** #else   /* No VFP in use */
 472:Middlewares/ST/threadx/ports/cortex_m33/gnu/inc/tx_port.h **** 
 473:Middlewares/ST/threadx/ports/cortex_m33/gnu/inc/tx_port.h **** #define TX_THREAD_COMPLETED_EXTENSION(thread_ptr)
 474:Middlewares/ST/threadx/ports/cortex_m33/gnu/inc/tx_port.h **** #define TX_THREAD_TERMINATED_EXTENSION(thread_ptr)
 475:Middlewares/ST/threadx/ports/cortex_m33/gnu/inc/tx_port.h **** 
 476:Middlewares/ST/threadx/ports/cortex_m33/gnu/inc/tx_port.h **** #endif  /* defined(__ARMVFP__) || defined(__ARM_PCS_VFP) || defined(__ARM_FP) || defined(__TARGET_F
 477:Middlewares/ST/threadx/ports/cortex_m33/gnu/inc/tx_port.h **** 
 478:Middlewares/ST/threadx/ports/cortex_m33/gnu/inc/tx_port.h **** 
 479:Middlewares/ST/threadx/ports/cortex_m33/gnu/inc/tx_port.h **** /* Define the ThreadX object creation extensions for the remaining objects.  */
 480:Middlewares/ST/threadx/ports/cortex_m33/gnu/inc/tx_port.h **** 
 481:Middlewares/ST/threadx/ports/cortex_m33/gnu/inc/tx_port.h **** #define TX_BLOCK_POOL_CREATE_EXTENSION(pool_ptr)
 482:Middlewares/ST/threadx/ports/cortex_m33/gnu/inc/tx_port.h **** #define TX_BYTE_POOL_CREATE_EXTENSION(pool_ptr)
 483:Middlewares/ST/threadx/ports/cortex_m33/gnu/inc/tx_port.h **** #define TX_EVENT_FLAGS_GROUP_CREATE_EXTENSION(group_ptr)
 484:Middlewares/ST/threadx/ports/cortex_m33/gnu/inc/tx_port.h **** #define TX_MUTEX_CREATE_EXTENSION(mutex_ptr)
 485:Middlewares/ST/threadx/ports/cortex_m33/gnu/inc/tx_port.h **** #define TX_QUEUE_CREATE_EXTENSION(queue_ptr)
 486:Middlewares/ST/threadx/ports/cortex_m33/gnu/inc/tx_port.h **** #define TX_SEMAPHORE_CREATE_EXTENSION(semaphore_ptr)
 487:Middlewares/ST/threadx/ports/cortex_m33/gnu/inc/tx_port.h **** #define TX_TIMER_CREATE_EXTENSION(timer_ptr)
 488:Middlewares/ST/threadx/ports/cortex_m33/gnu/inc/tx_port.h **** 
 489:Middlewares/ST/threadx/ports/cortex_m33/gnu/inc/tx_port.h **** 
 490:Middlewares/ST/threadx/ports/cortex_m33/gnu/inc/tx_port.h **** /* Define the ThreadX object deletion extensions for the remaining objects.  */
 491:Middlewares/ST/threadx/ports/cortex_m33/gnu/inc/tx_port.h **** 
 492:Middlewares/ST/threadx/ports/cortex_m33/gnu/inc/tx_port.h **** #define TX_BLOCK_POOL_DELETE_EXTENSION(pool_ptr)
 493:Middlewares/ST/threadx/ports/cortex_m33/gnu/inc/tx_port.h **** #define TX_BYTE_POOL_DELETE_EXTENSION(pool_ptr)
 494:Middlewares/ST/threadx/ports/cortex_m33/gnu/inc/tx_port.h **** #define TX_EVENT_FLAGS_GROUP_DELETE_EXTENSION(group_ptr)
 495:Middlewares/ST/threadx/ports/cortex_m33/gnu/inc/tx_port.h **** #define TX_MUTEX_DELETE_EXTENSION(mutex_ptr)
 496:Middlewares/ST/threadx/ports/cortex_m33/gnu/inc/tx_port.h **** #define TX_QUEUE_DELETE_EXTENSION(queue_ptr)
 497:Middlewares/ST/threadx/ports/cortex_m33/gnu/inc/tx_port.h **** #define TX_SEMAPHORE_DELETE_EXTENSION(semaphore_ptr)
 498:Middlewares/ST/threadx/ports/cortex_m33/gnu/inc/tx_port.h **** #define TX_TIMER_DELETE_EXTENSION(timer_ptr)
 499:Middlewares/ST/threadx/ports/cortex_m33/gnu/inc/tx_port.h **** 
 500:Middlewares/ST/threadx/ports/cortex_m33/gnu/inc/tx_port.h **** 
 501:Middlewares/ST/threadx/ports/cortex_m33/gnu/inc/tx_port.h **** /* Define the get system state macro.  */
 502:Middlewares/ST/threadx/ports/cortex_m33/gnu/inc/tx_port.h **** 
 503:Middlewares/ST/threadx/ports/cortex_m33/gnu/inc/tx_port.h **** #ifndef TX_THREAD_GET_SYSTEM_STATE
 504:Middlewares/ST/threadx/ports/cortex_m33/gnu/inc/tx_port.h **** #ifndef TX_MISRA_ENABLE
 505:Middlewares/ST/threadx/ports/cortex_m33/gnu/inc/tx_port.h **** 
 506:Middlewares/ST/threadx/ports/cortex_m33/gnu/inc/tx_port.h **** #if defined(__GNUC__) /* GCC and AC6 */
 507:Middlewares/ST/threadx/ports/cortex_m33/gnu/inc/tx_port.h **** __attribute__( ( always_inline ) ) static inline UINT _tx_ipsr_get(void)
  80              		.loc 2 507 55 view .LVU17
  81              	.LBB5:
 508:Middlewares/ST/threadx/ports/cortex_m33/gnu/inc/tx_port.h **** {
 509:Middlewares/ST/threadx/ports/cortex_m33/gnu/inc/tx_port.h **** UINT ipsr_value;
  82              		.loc 2 509 1 view .LVU18
 510:Middlewares/ST/threadx/ports/cortex_m33/gnu/inc/tx_port.h ****     __asm__ volatile (" MRS  %0,IPSR ": "=r" (ipsr_value) );
  83              		.loc 2 510 5 view .LVU19
  84              		.syntax unified
  85              	@ 510 "Middlewares/ST/threadx/ports/cortex_m33/gnu/inc/tx_port.h" 1
  86 001e EFF30581 		 MRS  r1,IPSR 
  87              	@ 0 "" 2
  88              	.LVL5:
 511:Middlewares/ST/threadx/ports/cortex_m33/gnu/inc/tx_port.h ****     return(ipsr_value);
ARM GAS  C:\usertemp\ccjb67G9.s 			page 14


  89              		.loc 2 511 5 view .LVU20
  90              		.loc 2 511 5 is_stmt 0 view .LVU21
  91              		.thumb
  92              		.syntax unified
  93              	.LBE5:
  94              	.LBE4:
 119:Middlewares/ST/threadx/common/src/txe_thread_reset.c ****         {
  95              		.loc 1 119 13 discriminator 1 view .LVU22
  96 0022 0B4A     		ldr	r2, .L13+12
  97 0024 1268     		ldr	r2, [r2]
 119:Middlewares/ST/threadx/common/src/txe_thread_reset.c ****         {
  98              		.loc 1 119 12 discriminator 1 view .LVU23
  99 0026 0A43     		orrs	r2, r2, r1
 100 0028 09D1     		bne	.L7
 128:Middlewares/ST/threadx/common/src/txe_thread_reset.c ****     {
 101              		.loc 1 128 5 is_stmt 1 view .LVU24
 128:Middlewares/ST/threadx/common/src/txe_thread_reset.c ****     {
 102              		.loc 1 128 8 is_stmt 0 view .LVU25
 103 002a 0028     		cmp	r0, #0
 104 002c F0D1     		bne	.L1
 132:Middlewares/ST/threadx/common/src/txe_thread_reset.c ****     }
 105              		.loc 1 132 9 is_stmt 1 view .LVU26
 132:Middlewares/ST/threadx/common/src/txe_thread_reset.c ****     }
 106              		.loc 1 132 19 is_stmt 0 view .LVU27
 107 002e 1846     		mov	r0, r3
 108              	.LVL6:
 132:Middlewares/ST/threadx/common/src/txe_thread_reset.c ****     }
 109              		.loc 1 132 19 view .LVU28
 110 0030 FFF7FEFF 		bl	_tx_thread_reset
 111              	.LVL7:
 132:Middlewares/ST/threadx/common/src/txe_thread_reset.c ****     }
 112              		.loc 1 132 19 view .LVU29
 113 0034 ECE7     		b	.L1
 114              	.LVL8:
 115              	.L6:
 114:Middlewares/ST/threadx/common/src/txe_thread_reset.c ****         }
 116              		.loc 1 114 20 view .LVU30
 117 0036 1320     		movs	r0, #19
 118              	.LVL9:
 114:Middlewares/ST/threadx/common/src/txe_thread_reset.c ****         }
 119              		.loc 1 114 20 view .LVU31
 120 0038 F1E7     		b	.L3
 121              	.LVL10:
 122              	.L4:
 123              	.LCFI1:
 124              		.cfi_def_cfa_offset 0
 125              		.cfi_restore 3
 126              		.cfi_restore 14
  91:Middlewares/ST/threadx/common/src/txe_thread_reset.c ****     }
 127              		.loc 1 91 16 view .LVU32
 128 003a 0E20     		movs	r0, #14
 129              	.LVL11:
 130              		.loc 1 137 1 view .LVU33
 131 003c 7047     		bx	lr
 132              	.LVL12:
 133              	.L7:
 134              	.LCFI2:
ARM GAS  C:\usertemp\ccjb67G9.s 			page 15


 135              		.cfi_def_cfa_offset 8
 136              		.cfi_offset 3, -8
 137              		.cfi_offset 14, -4
 123:Middlewares/ST/threadx/common/src/txe_thread_reset.c ****         }
 138              		.loc 1 123 20 view .LVU34
 139 003e 1320     		movs	r0, #19
 140              	.LVL13:
 136:Middlewares/ST/threadx/common/src/txe_thread_reset.c **** }
 141              		.loc 1 136 5 is_stmt 1 view .LVU35
 136:Middlewares/ST/threadx/common/src/txe_thread_reset.c **** }
 142              		.loc 1 136 11 is_stmt 0 view .LVU36
 143 0040 E6E7     		b	.L1
 144              	.L14:
 145 0042 00BF     		.align	2
 146              	.L13:
 147 0044 44524854 		.word	1414025796
 148 0048 00000000 		.word	_tx_thread_current_ptr
 149 004c 00000000 		.word	_tx_timer_thread
 150 0050 00000000 		.word	_tx_thread_system_state
 151              		.cfi_endproc
 152              	.LFE8:
 154              		.text
 155              	.Letext0:
 156              		.file 3 "Middlewares/ST/threadx/common/inc/tx_api.h"
 157              		.file 4 "Middlewares/ST/threadx/common/inc/tx_thread.h"
 158              		.file 5 "Middlewares/ST/threadx/common/inc/tx_timer.h"
ARM GAS  C:\usertemp\ccjb67G9.s 			page 16


DEFINED SYMBOLS
                            *ABS*:00000000 txe_thread_reset.c
C:\usertemp\ccjb67G9.s:22     .text._txe_thread_reset:00000000 $t
C:\usertemp\ccjb67G9.s:28     .text._txe_thread_reset:00000000 _txe_thread_reset
C:\usertemp\ccjb67G9.s:147    .text._txe_thread_reset:00000044 $d

UNDEFINED SYMBOLS
_tx_thread_reset
_tx_thread_current_ptr
_tx_timer_thread
_tx_thread_system_state
