ARM GAS  C:\usertemp\ccadkbvQ.s 			page 1


   1              		.cpu cortex-m33
   2              		.arch armv8-m.main
   3              		.fpu fpv4-sp-d16
   4              		.arch_extension dsp
   5              		.eabi_attribute 27, 1
   6              		.eabi_attribute 28, 1
   7              		.eabi_attribute 20, 1
   8              		.eabi_attribute 21, 1
   9              		.eabi_attribute 23, 3
  10              		.eabi_attribute 24, 1
  11              		.eabi_attribute 25, 1
  12              		.eabi_attribute 26, 1
  13              		.eabi_attribute 30, 1
  14              		.eabi_attribute 34, 1
  15              		.eabi_attribute 18, 4
  16              		.file	"txe_queue_flush.c"
  17              		.text
  18              	.Ltext0:
  19              		.cfi_sections	.debug_frame
  20              		.file 1 "Middlewares/ST/threadx/common/src/txe_queue_flush.c"
  21              		.section	.text._txe_queue_flush,"ax",%progbits
  22              		.align	1
  23              		.global	_txe_queue_flush
  24              		.syntax unified
  25              		.thumb
  26              		.thumb_func
  28              	_txe_queue_flush:
  29              	.LVL0:
  30              	.LFB8:
   1:Middlewares/ST/threadx/common/src/txe_queue_flush.c **** /**************************************************************************/
   2:Middlewares/ST/threadx/common/src/txe_queue_flush.c **** /*                                                                        */
   3:Middlewares/ST/threadx/common/src/txe_queue_flush.c **** /*       Copyright (c) Microsoft Corporation. All rights reserved.        */
   4:Middlewares/ST/threadx/common/src/txe_queue_flush.c **** /*                                                                        */
   5:Middlewares/ST/threadx/common/src/txe_queue_flush.c **** /*       This software is licensed under the Microsoft Software License   */
   6:Middlewares/ST/threadx/common/src/txe_queue_flush.c **** /*       Terms for Microsoft Azure RTOS. Full text of the license can be  */
   7:Middlewares/ST/threadx/common/src/txe_queue_flush.c **** /*       found in the LICENSE file at https://aka.ms/AzureRTOS_EULA       */
   8:Middlewares/ST/threadx/common/src/txe_queue_flush.c **** /*       and in the root directory of this software.                      */
   9:Middlewares/ST/threadx/common/src/txe_queue_flush.c **** /*                                                                        */
  10:Middlewares/ST/threadx/common/src/txe_queue_flush.c **** /**************************************************************************/
  11:Middlewares/ST/threadx/common/src/txe_queue_flush.c **** 
  12:Middlewares/ST/threadx/common/src/txe_queue_flush.c **** 
  13:Middlewares/ST/threadx/common/src/txe_queue_flush.c **** /**************************************************************************/
  14:Middlewares/ST/threadx/common/src/txe_queue_flush.c **** /**************************************************************************/
  15:Middlewares/ST/threadx/common/src/txe_queue_flush.c **** /**                                                                       */
  16:Middlewares/ST/threadx/common/src/txe_queue_flush.c **** /** ThreadX Component                                                     */
  17:Middlewares/ST/threadx/common/src/txe_queue_flush.c **** /**                                                                       */
  18:Middlewares/ST/threadx/common/src/txe_queue_flush.c **** /**   Queue                                                               */
  19:Middlewares/ST/threadx/common/src/txe_queue_flush.c **** /**                                                                       */
  20:Middlewares/ST/threadx/common/src/txe_queue_flush.c **** /**************************************************************************/
  21:Middlewares/ST/threadx/common/src/txe_queue_flush.c **** /**************************************************************************/
  22:Middlewares/ST/threadx/common/src/txe_queue_flush.c **** 
  23:Middlewares/ST/threadx/common/src/txe_queue_flush.c **** #define TX_SOURCE_CODE
  24:Middlewares/ST/threadx/common/src/txe_queue_flush.c **** 
  25:Middlewares/ST/threadx/common/src/txe_queue_flush.c **** 
  26:Middlewares/ST/threadx/common/src/txe_queue_flush.c **** /* Include necessary system files.  */
  27:Middlewares/ST/threadx/common/src/txe_queue_flush.c **** 
  28:Middlewares/ST/threadx/common/src/txe_queue_flush.c **** #include "tx_api.h"
ARM GAS  C:\usertemp\ccadkbvQ.s 			page 2


  29:Middlewares/ST/threadx/common/src/txe_queue_flush.c **** #include "tx_queue.h"
  30:Middlewares/ST/threadx/common/src/txe_queue_flush.c **** 
  31:Middlewares/ST/threadx/common/src/txe_queue_flush.c **** 
  32:Middlewares/ST/threadx/common/src/txe_queue_flush.c **** /**************************************************************************/
  33:Middlewares/ST/threadx/common/src/txe_queue_flush.c **** /*                                                                        */
  34:Middlewares/ST/threadx/common/src/txe_queue_flush.c **** /*  FUNCTION                                               RELEASE        */
  35:Middlewares/ST/threadx/common/src/txe_queue_flush.c **** /*                                                                        */
  36:Middlewares/ST/threadx/common/src/txe_queue_flush.c **** /*    _txe_queue_flush                                    PORTABLE C      */
  37:Middlewares/ST/threadx/common/src/txe_queue_flush.c **** /*                                                           6.1          */
  38:Middlewares/ST/threadx/common/src/txe_queue_flush.c **** /*  AUTHOR                                                                */
  39:Middlewares/ST/threadx/common/src/txe_queue_flush.c **** /*                                                                        */
  40:Middlewares/ST/threadx/common/src/txe_queue_flush.c **** /*    William E. Lamie, Microsoft Corporation                             */
  41:Middlewares/ST/threadx/common/src/txe_queue_flush.c **** /*                                                                        */
  42:Middlewares/ST/threadx/common/src/txe_queue_flush.c **** /*  DESCRIPTION                                                           */
  43:Middlewares/ST/threadx/common/src/txe_queue_flush.c **** /*                                                                        */
  44:Middlewares/ST/threadx/common/src/txe_queue_flush.c **** /*    This function checks for errors in the queue flush function call.   */
  45:Middlewares/ST/threadx/common/src/txe_queue_flush.c **** /*                                                                        */
  46:Middlewares/ST/threadx/common/src/txe_queue_flush.c **** /*  INPUT                                                                 */
  47:Middlewares/ST/threadx/common/src/txe_queue_flush.c **** /*                                                                        */
  48:Middlewares/ST/threadx/common/src/txe_queue_flush.c **** /*    queue_ptr                         Pointer to queue control block    */
  49:Middlewares/ST/threadx/common/src/txe_queue_flush.c **** /*                                                                        */
  50:Middlewares/ST/threadx/common/src/txe_queue_flush.c **** /*  OUTPUT                                                                */
  51:Middlewares/ST/threadx/common/src/txe_queue_flush.c **** /*                                                                        */
  52:Middlewares/ST/threadx/common/src/txe_queue_flush.c **** /*    TX_QUEUE_ERROR                    Invalid queue pointer             */
  53:Middlewares/ST/threadx/common/src/txe_queue_flush.c **** /*    TX_CALLER_ERROR                   Invalid caller of this function   */
  54:Middlewares/ST/threadx/common/src/txe_queue_flush.c **** /*    status                            Actual completion status          */
  55:Middlewares/ST/threadx/common/src/txe_queue_flush.c **** /*                                                                        */
  56:Middlewares/ST/threadx/common/src/txe_queue_flush.c **** /*  CALLS                                                                 */
  57:Middlewares/ST/threadx/common/src/txe_queue_flush.c **** /*                                                                        */
  58:Middlewares/ST/threadx/common/src/txe_queue_flush.c **** /*    _tx_queue_flush                   Actual queue flush function       */
  59:Middlewares/ST/threadx/common/src/txe_queue_flush.c **** /*                                                                        */
  60:Middlewares/ST/threadx/common/src/txe_queue_flush.c **** /*  CALLED BY                                                             */
  61:Middlewares/ST/threadx/common/src/txe_queue_flush.c **** /*                                                                        */
  62:Middlewares/ST/threadx/common/src/txe_queue_flush.c **** /*    Application Code                                                    */
  63:Middlewares/ST/threadx/common/src/txe_queue_flush.c **** /*                                                                        */
  64:Middlewares/ST/threadx/common/src/txe_queue_flush.c **** /*  RELEASE HISTORY                                                       */
  65:Middlewares/ST/threadx/common/src/txe_queue_flush.c **** /*                                                                        */
  66:Middlewares/ST/threadx/common/src/txe_queue_flush.c **** /*    DATE              NAME                      DESCRIPTION             */
  67:Middlewares/ST/threadx/common/src/txe_queue_flush.c **** /*                                                                        */
  68:Middlewares/ST/threadx/common/src/txe_queue_flush.c **** /*  05-19-2020     William E. Lamie         Initial Version 6.0           */
  69:Middlewares/ST/threadx/common/src/txe_queue_flush.c **** /*  09-30-2020     Yuxin Zhou               Modified comment(s),          */
  70:Middlewares/ST/threadx/common/src/txe_queue_flush.c **** /*                                            resulting in version 6.1    */
  71:Middlewares/ST/threadx/common/src/txe_queue_flush.c **** /*                                                                        */
  72:Middlewares/ST/threadx/common/src/txe_queue_flush.c **** /**************************************************************************/
  73:Middlewares/ST/threadx/common/src/txe_queue_flush.c **** UINT  _txe_queue_flush(TX_QUEUE *queue_ptr)
  74:Middlewares/ST/threadx/common/src/txe_queue_flush.c **** {
  31              		.loc 1 74 1 view -0
  32              		.cfi_startproc
  33              		@ args = 0, pretend = 0, frame = 0
  34              		@ frame_needed = 0, uses_anonymous_args = 0
  75:Middlewares/ST/threadx/common/src/txe_queue_flush.c **** 
  76:Middlewares/ST/threadx/common/src/txe_queue_flush.c **** UINT        status;
  35              		.loc 1 76 1 view .LVU1
  77:Middlewares/ST/threadx/common/src/txe_queue_flush.c **** 
  78:Middlewares/ST/threadx/common/src/txe_queue_flush.c **** 
  79:Middlewares/ST/threadx/common/src/txe_queue_flush.c ****     /* Check for an invalid queue pointer.  */
  80:Middlewares/ST/threadx/common/src/txe_queue_flush.c ****     if (queue_ptr == TX_NULL)
ARM GAS  C:\usertemp\ccadkbvQ.s 			page 3


  36              		.loc 1 80 5 view .LVU2
  37              		.loc 1 80 8 is_stmt 0 view .LVU3
  38 0000 48B1     		cbz	r0, .L3
  74:Middlewares/ST/threadx/common/src/txe_queue_flush.c **** 
  39              		.loc 1 74 1 view .LVU4
  40 0002 08B5     		push	{r3, lr}
  41              	.LCFI0:
  42              		.cfi_def_cfa_offset 8
  43              		.cfi_offset 3, -8
  44              		.cfi_offset 14, -4
  81:Middlewares/ST/threadx/common/src/txe_queue_flush.c ****     {
  82:Middlewares/ST/threadx/common/src/txe_queue_flush.c **** 
  83:Middlewares/ST/threadx/common/src/txe_queue_flush.c ****         /* Queue pointer is invalid, return appropriate error code.  */
  84:Middlewares/ST/threadx/common/src/txe_queue_flush.c ****         status =  TX_QUEUE_ERROR;
  85:Middlewares/ST/threadx/common/src/txe_queue_flush.c ****     }
  86:Middlewares/ST/threadx/common/src/txe_queue_flush.c **** 
  87:Middlewares/ST/threadx/common/src/txe_queue_flush.c ****     /* Now check for invalid queue ID.  */
  88:Middlewares/ST/threadx/common/src/txe_queue_flush.c ****     else if (queue_ptr -> tx_queue_id != TX_QUEUE_ID)
  45              		.loc 1 88 10 is_stmt 1 view .LVU5
  46              		.loc 1 88 24 is_stmt 0 view .LVU6
  47 0004 0168     		ldr	r1, [r0]
  48              		.loc 1 88 13 view .LVU7
  49 0006 054A     		ldr	r2, .L10
  50 0008 9142     		cmp	r1, r2
  51 000a 01D0     		beq	.L9
  89:Middlewares/ST/threadx/common/src/txe_queue_flush.c ****     {
  90:Middlewares/ST/threadx/common/src/txe_queue_flush.c **** 
  91:Middlewares/ST/threadx/common/src/txe_queue_flush.c ****         /* Queue pointer is invalid, return appropriate error code.  */
  92:Middlewares/ST/threadx/common/src/txe_queue_flush.c ****         status =  TX_QUEUE_ERROR;
  52              		.loc 1 92 16 view .LVU8
  53 000c 0920     		movs	r0, #9
  54              	.LVL1:
  93:Middlewares/ST/threadx/common/src/txe_queue_flush.c ****     }
  94:Middlewares/ST/threadx/common/src/txe_queue_flush.c ****     else
  95:Middlewares/ST/threadx/common/src/txe_queue_flush.c ****     {
  96:Middlewares/ST/threadx/common/src/txe_queue_flush.c **** 
  97:Middlewares/ST/threadx/common/src/txe_queue_flush.c ****         /* Call actual queue flush function.  */
  98:Middlewares/ST/threadx/common/src/txe_queue_flush.c ****         status =  _tx_queue_flush(queue_ptr);
  99:Middlewares/ST/threadx/common/src/txe_queue_flush.c ****     }
 100:Middlewares/ST/threadx/common/src/txe_queue_flush.c **** 
 101:Middlewares/ST/threadx/common/src/txe_queue_flush.c ****     /* Return completion status.  */
 102:Middlewares/ST/threadx/common/src/txe_queue_flush.c ****     return(status);
  55              		.loc 1 102 5 is_stmt 1 view .LVU9
  56              	.L1:
 103:Middlewares/ST/threadx/common/src/txe_queue_flush.c **** }
  57              		.loc 1 103 1 is_stmt 0 view .LVU10
  58 000e 08BD     		pop	{r3, pc}
  59              	.LVL2:
  60              	.L9:
  98:Middlewares/ST/threadx/common/src/txe_queue_flush.c ****     }
  61              		.loc 1 98 9 is_stmt 1 view .LVU11
  98:Middlewares/ST/threadx/common/src/txe_queue_flush.c ****     }
  62              		.loc 1 98 19 is_stmt 0 view .LVU12
  63 0010 FFF7FEFF 		bl	_tx_queue_flush
  64              	.LVL3:
  98:Middlewares/ST/threadx/common/src/txe_queue_flush.c ****     }
  65              		.loc 1 98 19 view .LVU13
ARM GAS  C:\usertemp\ccadkbvQ.s 			page 4


  66 0014 FBE7     		b	.L1
  67              	.LVL4:
  68              	.L3:
  69              	.LCFI1:
  70              		.cfi_def_cfa_offset 0
  71              		.cfi_restore 3
  72              		.cfi_restore 14
  84:Middlewares/ST/threadx/common/src/txe_queue_flush.c ****     }
  73              		.loc 1 84 16 view .LVU14
  74 0016 0920     		movs	r0, #9
  75              	.LVL5:
  76              		.loc 1 103 1 view .LVU15
  77 0018 7047     		bx	lr
  78              	.L11:
  79 001a 00BF     		.align	2
  80              	.L10:
  81 001c 55455551 		.word	1364542805
  82              		.cfi_endproc
  83              	.LFE8:
  85              		.text
  86              	.Letext0:
  87              		.file 2 "Middlewares/ST/threadx/ports/cortex_m33/gnu/inc/tx_port.h"
  88              		.file 3 "Middlewares/ST/threadx/common/inc/tx_api.h"
ARM GAS  C:\usertemp\ccadkbvQ.s 			page 5


DEFINED SYMBOLS
                            *ABS*:00000000 txe_queue_flush.c
C:\usertemp\ccadkbvQ.s:22     .text._txe_queue_flush:00000000 $t
C:\usertemp\ccadkbvQ.s:28     .text._txe_queue_flush:00000000 _txe_queue_flush
C:\usertemp\ccadkbvQ.s:81     .text._txe_queue_flush:0000001c $d

UNDEFINED SYMBOLS
_tx_queue_flush
