ARM GAS  C:\usertemp\ccaFkAke.s 			page 1


   1              		.cpu cortex-m33
   2              		.arch armv8-m.main
   3              		.fpu fpv4-sp-d16
   4              		.arch_extension dsp
   5              		.eabi_attribute 27, 1
   6              		.eabi_attribute 28, 1
   7              		.eabi_attribute 20, 1
   8              		.eabi_attribute 21, 1
   9              		.eabi_attribute 23, 3
  10              		.eabi_attribute 24, 1
  11              		.eabi_attribute 25, 1
  12              		.eabi_attribute 26, 1
  13              		.eabi_attribute 30, 1
  14              		.eabi_attribute 34, 1
  15              		.eabi_attribute 18, 4
  16              		.file	"txe_event_flags_set.c"
  17              		.text
  18              	.Ltext0:
  19              		.cfi_sections	.debug_frame
  20              		.file 1 "Middlewares/ST/threadx/common/src/txe_event_flags_set.c"
  21              		.section	.text._txe_event_flags_set,"ax",%progbits
  22              		.align	1
  23              		.global	_txe_event_flags_set
  24              		.syntax unified
  25              		.thumb
  26              		.thumb_func
  28              	_txe_event_flags_set:
  29              	.LVL0:
  30              	.LFB8:
   1:Middlewares/ST/threadx/common/src/txe_event_flags_set.c **** /**************************************************************************/
   2:Middlewares/ST/threadx/common/src/txe_event_flags_set.c **** /*                                                                        */
   3:Middlewares/ST/threadx/common/src/txe_event_flags_set.c **** /*       Copyright (c) Microsoft Corporation. All rights reserved.        */
   4:Middlewares/ST/threadx/common/src/txe_event_flags_set.c **** /*                                                                        */
   5:Middlewares/ST/threadx/common/src/txe_event_flags_set.c **** /*       This software is licensed under the Microsoft Software License   */
   6:Middlewares/ST/threadx/common/src/txe_event_flags_set.c **** /*       Terms for Microsoft Azure RTOS. Full text of the license can be  */
   7:Middlewares/ST/threadx/common/src/txe_event_flags_set.c **** /*       found in the LICENSE file at https://aka.ms/AzureRTOS_EULA       */
   8:Middlewares/ST/threadx/common/src/txe_event_flags_set.c **** /*       and in the root directory of this software.                      */
   9:Middlewares/ST/threadx/common/src/txe_event_flags_set.c **** /*                                                                        */
  10:Middlewares/ST/threadx/common/src/txe_event_flags_set.c **** /**************************************************************************/
  11:Middlewares/ST/threadx/common/src/txe_event_flags_set.c **** 
  12:Middlewares/ST/threadx/common/src/txe_event_flags_set.c **** 
  13:Middlewares/ST/threadx/common/src/txe_event_flags_set.c **** /**************************************************************************/
  14:Middlewares/ST/threadx/common/src/txe_event_flags_set.c **** /**************************************************************************/
  15:Middlewares/ST/threadx/common/src/txe_event_flags_set.c **** /**                                                                       */
  16:Middlewares/ST/threadx/common/src/txe_event_flags_set.c **** /** ThreadX Component                                                     */
  17:Middlewares/ST/threadx/common/src/txe_event_flags_set.c **** /**                                                                       */
  18:Middlewares/ST/threadx/common/src/txe_event_flags_set.c **** /**   Event Flags                                                         */
  19:Middlewares/ST/threadx/common/src/txe_event_flags_set.c **** /**                                                                       */
  20:Middlewares/ST/threadx/common/src/txe_event_flags_set.c **** /**************************************************************************/
  21:Middlewares/ST/threadx/common/src/txe_event_flags_set.c **** /**************************************************************************/
  22:Middlewares/ST/threadx/common/src/txe_event_flags_set.c **** 
  23:Middlewares/ST/threadx/common/src/txe_event_flags_set.c **** #define TX_SOURCE_CODE
  24:Middlewares/ST/threadx/common/src/txe_event_flags_set.c **** 
  25:Middlewares/ST/threadx/common/src/txe_event_flags_set.c **** 
  26:Middlewares/ST/threadx/common/src/txe_event_flags_set.c **** /* Include necessary system files.  */
  27:Middlewares/ST/threadx/common/src/txe_event_flags_set.c **** 
  28:Middlewares/ST/threadx/common/src/txe_event_flags_set.c **** #include "tx_api.h"
ARM GAS  C:\usertemp\ccaFkAke.s 			page 2


  29:Middlewares/ST/threadx/common/src/txe_event_flags_set.c **** #include "tx_event_flags.h"
  30:Middlewares/ST/threadx/common/src/txe_event_flags_set.c **** 
  31:Middlewares/ST/threadx/common/src/txe_event_flags_set.c **** 
  32:Middlewares/ST/threadx/common/src/txe_event_flags_set.c **** /**************************************************************************/
  33:Middlewares/ST/threadx/common/src/txe_event_flags_set.c **** /*                                                                        */
  34:Middlewares/ST/threadx/common/src/txe_event_flags_set.c **** /*  FUNCTION                                               RELEASE        */
  35:Middlewares/ST/threadx/common/src/txe_event_flags_set.c **** /*                                                                        */
  36:Middlewares/ST/threadx/common/src/txe_event_flags_set.c **** /*    _txe_event_flags_set                                PORTABLE C      */
  37:Middlewares/ST/threadx/common/src/txe_event_flags_set.c **** /*                                                           6.1          */
  38:Middlewares/ST/threadx/common/src/txe_event_flags_set.c **** /*  AUTHOR                                                                */
  39:Middlewares/ST/threadx/common/src/txe_event_flags_set.c **** /*                                                                        */
  40:Middlewares/ST/threadx/common/src/txe_event_flags_set.c **** /*    William E. Lamie, Microsoft Corporation                             */
  41:Middlewares/ST/threadx/common/src/txe_event_flags_set.c **** /*                                                                        */
  42:Middlewares/ST/threadx/common/src/txe_event_flags_set.c **** /*  DESCRIPTION                                                           */
  43:Middlewares/ST/threadx/common/src/txe_event_flags_set.c **** /*                                                                        */
  44:Middlewares/ST/threadx/common/src/txe_event_flags_set.c **** /*    This function checks for errors in the set event flags function     */
  45:Middlewares/ST/threadx/common/src/txe_event_flags_set.c **** /*    call.                                                               */
  46:Middlewares/ST/threadx/common/src/txe_event_flags_set.c **** /*                                                                        */
  47:Middlewares/ST/threadx/common/src/txe_event_flags_set.c **** /*  INPUT                                                                 */
  48:Middlewares/ST/threadx/common/src/txe_event_flags_set.c **** /*                                                                        */
  49:Middlewares/ST/threadx/common/src/txe_event_flags_set.c **** /*    group_ptr                         Pointer to group control block    */
  50:Middlewares/ST/threadx/common/src/txe_event_flags_set.c **** /*    flags_to_set                      Event flags to set                */
  51:Middlewares/ST/threadx/common/src/txe_event_flags_set.c **** /*    set_option                        Specified either AND or OR        */
  52:Middlewares/ST/threadx/common/src/txe_event_flags_set.c **** /*                                        operation on the event flags    */
  53:Middlewares/ST/threadx/common/src/txe_event_flags_set.c **** /*                                                                        */
  54:Middlewares/ST/threadx/common/src/txe_event_flags_set.c **** /*  OUTPUT                                                                */
  55:Middlewares/ST/threadx/common/src/txe_event_flags_set.c **** /*                                                                        */
  56:Middlewares/ST/threadx/common/src/txe_event_flags_set.c **** /*    TX_GROUP_ERROR                    Invalid event flags group pointer */
  57:Middlewares/ST/threadx/common/src/txe_event_flags_set.c **** /*    TX_OPTION_ERROR                   Invalid set option                */
  58:Middlewares/ST/threadx/common/src/txe_event_flags_set.c **** /*    status                            Actual completion status          */
  59:Middlewares/ST/threadx/common/src/txe_event_flags_set.c **** /*                                                                        */
  60:Middlewares/ST/threadx/common/src/txe_event_flags_set.c **** /*  CALLS                                                                 */
  61:Middlewares/ST/threadx/common/src/txe_event_flags_set.c **** /*                                                                        */
  62:Middlewares/ST/threadx/common/src/txe_event_flags_set.c **** /*    _tx_event_flags_set               Actual set event flags function   */
  63:Middlewares/ST/threadx/common/src/txe_event_flags_set.c **** /*                                                                        */
  64:Middlewares/ST/threadx/common/src/txe_event_flags_set.c **** /*  CALLED BY                                                             */
  65:Middlewares/ST/threadx/common/src/txe_event_flags_set.c **** /*                                                                        */
  66:Middlewares/ST/threadx/common/src/txe_event_flags_set.c **** /*    Application Code                                                    */
  67:Middlewares/ST/threadx/common/src/txe_event_flags_set.c **** /*                                                                        */
  68:Middlewares/ST/threadx/common/src/txe_event_flags_set.c **** /*  RELEASE HISTORY                                                       */
  69:Middlewares/ST/threadx/common/src/txe_event_flags_set.c **** /*                                                                        */
  70:Middlewares/ST/threadx/common/src/txe_event_flags_set.c **** /*    DATE              NAME                      DESCRIPTION             */
  71:Middlewares/ST/threadx/common/src/txe_event_flags_set.c **** /*                                                                        */
  72:Middlewares/ST/threadx/common/src/txe_event_flags_set.c **** /*  05-19-2020     William E. Lamie         Initial Version 6.0           */
  73:Middlewares/ST/threadx/common/src/txe_event_flags_set.c **** /*  09-30-2020     Yuxin Zhou               Modified comment(s),          */
  74:Middlewares/ST/threadx/common/src/txe_event_flags_set.c **** /*                                            resulting in version 6.1    */
  75:Middlewares/ST/threadx/common/src/txe_event_flags_set.c **** /*                                                                        */
  76:Middlewares/ST/threadx/common/src/txe_event_flags_set.c **** /**************************************************************************/
  77:Middlewares/ST/threadx/common/src/txe_event_flags_set.c **** UINT  _txe_event_flags_set(TX_EVENT_FLAGS_GROUP *group_ptr, ULONG flags_to_set, UINT set_option)
  78:Middlewares/ST/threadx/common/src/txe_event_flags_set.c **** {
  31              		.loc 1 78 1 view -0
  32              		.cfi_startproc
  33              		@ args = 0, pretend = 0, frame = 0
  34              		@ frame_needed = 0, uses_anonymous_args = 0
  79:Middlewares/ST/threadx/common/src/txe_event_flags_set.c **** 
  80:Middlewares/ST/threadx/common/src/txe_event_flags_set.c **** UINT        status;
  35              		.loc 1 80 1 view .LVU1
ARM GAS  C:\usertemp\ccaFkAke.s 			page 3


  81:Middlewares/ST/threadx/common/src/txe_event_flags_set.c **** 
  82:Middlewares/ST/threadx/common/src/txe_event_flags_set.c **** 
  83:Middlewares/ST/threadx/common/src/txe_event_flags_set.c ****     /* Default status to success.  */
  84:Middlewares/ST/threadx/common/src/txe_event_flags_set.c ****     status =  TX_SUCCESS;
  36              		.loc 1 84 5 view .LVU2
  85:Middlewares/ST/threadx/common/src/txe_event_flags_set.c **** 
  86:Middlewares/ST/threadx/common/src/txe_event_flags_set.c ****     /* Check for an invalid event flag group pointer.  */
  87:Middlewares/ST/threadx/common/src/txe_event_flags_set.c ****     if (group_ptr == TX_NULL)
  37              		.loc 1 87 5 view .LVU3
  38              		.loc 1 87 8 is_stmt 0 view .LVU4
  39 0000 70B1     		cbz	r0, .L4
  78:Middlewares/ST/threadx/common/src/txe_event_flags_set.c **** 
  40              		.loc 1 78 1 view .LVU5
  41 0002 10B5     		push	{r4, lr}
  42              	.LCFI0:
  43              		.cfi_def_cfa_offset 8
  44              		.cfi_offset 4, -8
  45              		.cfi_offset 14, -4
  46 0004 0346     		mov	r3, r0
  88:Middlewares/ST/threadx/common/src/txe_event_flags_set.c ****     {
  89:Middlewares/ST/threadx/common/src/txe_event_flags_set.c **** 
  90:Middlewares/ST/threadx/common/src/txe_event_flags_set.c ****         /* Event flags group pointer is invalid, return appropriate error code.  */
  91:Middlewares/ST/threadx/common/src/txe_event_flags_set.c ****         status =  TX_GROUP_ERROR;
  92:Middlewares/ST/threadx/common/src/txe_event_flags_set.c ****     }
  93:Middlewares/ST/threadx/common/src/txe_event_flags_set.c **** 
  94:Middlewares/ST/threadx/common/src/txe_event_flags_set.c ****     /* Now check for invalid event flag group ID.  */
  95:Middlewares/ST/threadx/common/src/txe_event_flags_set.c ****     else if (group_ptr -> tx_event_flags_group_id != TX_EVENT_FLAGS_ID)
  47              		.loc 1 95 10 is_stmt 1 view .LVU6
  48              		.loc 1 95 13 is_stmt 0 view .LVU7
  49 0006 0848     		ldr	r0, .L12
  50              	.LVL1:
  51              		.loc 1 95 13 view .LVU8
  52 0008 1C68     		ldr	r4, [r3]
  53 000a 8442     		cmp	r4, r0
  54 000c 01D0     		beq	.L11
  96:Middlewares/ST/threadx/common/src/txe_event_flags_set.c ****     {
  97:Middlewares/ST/threadx/common/src/txe_event_flags_set.c **** 
  98:Middlewares/ST/threadx/common/src/txe_event_flags_set.c ****         /* Event flags group pointer is invalid, return appropriate error code.  */
  99:Middlewares/ST/threadx/common/src/txe_event_flags_set.c ****         status =  TX_GROUP_ERROR;
  55              		.loc 1 99 16 view .LVU9
  56 000e 0620     		movs	r0, #6
  57              	.LVL2:
  58              	.L1:
 100:Middlewares/ST/threadx/common/src/txe_event_flags_set.c ****     }
 101:Middlewares/ST/threadx/common/src/txe_event_flags_set.c ****     else
 102:Middlewares/ST/threadx/common/src/txe_event_flags_set.c ****     {
 103:Middlewares/ST/threadx/common/src/txe_event_flags_set.c **** 
 104:Middlewares/ST/threadx/common/src/txe_event_flags_set.c ****         /* Check for invalid set option.  */
 105:Middlewares/ST/threadx/common/src/txe_event_flags_set.c ****         if (set_option != TX_AND)
 106:Middlewares/ST/threadx/common/src/txe_event_flags_set.c ****         {
 107:Middlewares/ST/threadx/common/src/txe_event_flags_set.c **** 
 108:Middlewares/ST/threadx/common/src/txe_event_flags_set.c ****             if (set_option != TX_OR)
 109:Middlewares/ST/threadx/common/src/txe_event_flags_set.c ****             {
 110:Middlewares/ST/threadx/common/src/txe_event_flags_set.c **** 
 111:Middlewares/ST/threadx/common/src/txe_event_flags_set.c ****                 /* Invalid set events option, return appropriate error.  */
 112:Middlewares/ST/threadx/common/src/txe_event_flags_set.c ****                 status =  TX_OPTION_ERROR;
 113:Middlewares/ST/threadx/common/src/txe_event_flags_set.c ****             }
ARM GAS  C:\usertemp\ccaFkAke.s 			page 4


 114:Middlewares/ST/threadx/common/src/txe_event_flags_set.c ****         }
 115:Middlewares/ST/threadx/common/src/txe_event_flags_set.c ****     }
 116:Middlewares/ST/threadx/common/src/txe_event_flags_set.c **** 
 117:Middlewares/ST/threadx/common/src/txe_event_flags_set.c ****     /* Determine if everything is okay.  */
 118:Middlewares/ST/threadx/common/src/txe_event_flags_set.c ****     if (status == TX_SUCCESS)
 119:Middlewares/ST/threadx/common/src/txe_event_flags_set.c ****     {
 120:Middlewares/ST/threadx/common/src/txe_event_flags_set.c **** 
 121:Middlewares/ST/threadx/common/src/txe_event_flags_set.c ****         /* Call actual event flags set function.  */
 122:Middlewares/ST/threadx/common/src/txe_event_flags_set.c ****         status =  _tx_event_flags_set(group_ptr, flags_to_set, set_option);
 123:Middlewares/ST/threadx/common/src/txe_event_flags_set.c ****     }
 124:Middlewares/ST/threadx/common/src/txe_event_flags_set.c **** 
 125:Middlewares/ST/threadx/common/src/txe_event_flags_set.c ****     /* Return completion status.  */
 126:Middlewares/ST/threadx/common/src/txe_event_flags_set.c ****     return(status);
 127:Middlewares/ST/threadx/common/src/txe_event_flags_set.c **** }
  59              		.loc 1 127 1 view .LVU10
  60 0010 10BD     		pop	{r4, pc}
  61              	.LVL3:
  62              	.L11:
 105:Middlewares/ST/threadx/common/src/txe_event_flags_set.c ****         {
  63              		.loc 1 105 9 is_stmt 1 view .LVU11
 105:Middlewares/ST/threadx/common/src/txe_event_flags_set.c ****         {
  64              		.loc 1 105 12 is_stmt 0 view .LVU12
  65 0012 022A     		cmp	r2, #2
  66 0014 00D0     		beq	.L3
 108:Middlewares/ST/threadx/common/src/txe_event_flags_set.c ****             {
  67              		.loc 1 108 13 is_stmt 1 view .LVU13
 108:Middlewares/ST/threadx/common/src/txe_event_flags_set.c ****             {
  68              		.loc 1 108 16 is_stmt 0 view .LVU14
  69 0016 2AB9     		cbnz	r2, .L6
  70              	.L3:
  71              	.LVL4:
 122:Middlewares/ST/threadx/common/src/txe_event_flags_set.c ****     }
  72              		.loc 1 122 9 is_stmt 1 view .LVU15
 122:Middlewares/ST/threadx/common/src/txe_event_flags_set.c ****     }
  73              		.loc 1 122 19 is_stmt 0 view .LVU16
  74 0018 1846     		mov	r0, r3
  75 001a FFF7FEFF 		bl	_tx_event_flags_set
  76              	.LVL5:
 122:Middlewares/ST/threadx/common/src/txe_event_flags_set.c ****     }
  77              		.loc 1 122 19 view .LVU17
  78 001e F7E7     		b	.L1
  79              	.LVL6:
  80              	.L4:
  81              	.LCFI1:
  82              		.cfi_def_cfa_offset 0
  83              		.cfi_restore 4
  84              		.cfi_restore 14
  91:Middlewares/ST/threadx/common/src/txe_event_flags_set.c ****     }
  85              		.loc 1 91 16 view .LVU18
  86 0020 0620     		movs	r0, #6
  87              	.LVL7:
  88              		.loc 1 127 1 view .LVU19
  89 0022 7047     		bx	lr
  90              	.LVL8:
  91              	.L6:
  92              	.LCFI2:
  93              		.cfi_def_cfa_offset 8
ARM GAS  C:\usertemp\ccaFkAke.s 			page 5


  94              		.cfi_offset 4, -8
  95              		.cfi_offset 14, -4
 112:Middlewares/ST/threadx/common/src/txe_event_flags_set.c ****             }
  96              		.loc 1 112 24 view .LVU20
  97 0024 0820     		movs	r0, #8
  98              	.LVL9:
 126:Middlewares/ST/threadx/common/src/txe_event_flags_set.c **** }
  99              		.loc 1 126 5 is_stmt 1 view .LVU21
 126:Middlewares/ST/threadx/common/src/txe_event_flags_set.c **** }
 100              		.loc 1 126 11 is_stmt 0 view .LVU22
 101 0026 F3E7     		b	.L1
 102              	.L13:
 103              		.align	2
 104              	.L12:
 105 0028 4E445644 		.word	1146504270
 106              		.cfi_endproc
 107              	.LFE8:
 109              		.text
 110              	.Letext0:
 111              		.file 2 "Middlewares/ST/threadx/ports/cortex_m33/gnu/inc/tx_port.h"
 112              		.file 3 "Middlewares/ST/threadx/common/inc/tx_api.h"
ARM GAS  C:\usertemp\ccaFkAke.s 			page 6


DEFINED SYMBOLS
                            *ABS*:00000000 txe_event_flags_set.c
C:\usertemp\ccaFkAke.s:22     .text._txe_event_flags_set:00000000 $t
C:\usertemp\ccaFkAke.s:28     .text._txe_event_flags_set:00000000 _txe_event_flags_set
C:\usertemp\ccaFkAke.s:105    .text._txe_event_flags_set:00000028 $d

UNDEFINED SYMBOLS
_tx_event_flags_set
