ARM GAS  C:\usertemp\cc99ekBX.s 			page 1


   1              		.cpu cortex-m33
   2              		.arch armv8-m.main
   3              		.fpu fpv4-sp-d16
   4              		.arch_extension dsp
   5              		.eabi_attribute 27, 1
   6              		.eabi_attribute 28, 1
   7              		.eabi_attribute 20, 1
   8              		.eabi_attribute 21, 1
   9              		.eabi_attribute 23, 3
  10              		.eabi_attribute 24, 1
  11              		.eabi_attribute 25, 1
  12              		.eabi_attribute 26, 1
  13              		.eabi_attribute 30, 1
  14              		.eabi_attribute 34, 1
  15              		.eabi_attribute 18, 4
  16              		.file	"txe_thread_info_get.c"
  17              		.text
  18              	.Ltext0:
  19              		.cfi_sections	.debug_frame
  20              		.file 1 "Middlewares/ST/threadx/common/src/txe_thread_info_get.c"
  21              		.section	.text._txe_thread_info_get,"ax",%progbits
  22              		.align	1
  23              		.global	_txe_thread_info_get
  24              		.syntax unified
  25              		.thumb
  26              		.thumb_func
  28              	_txe_thread_info_get:
  29              	.LVL0:
  30              	.LFB8:
   1:Middlewares/ST/threadx/common/src/txe_thread_info_get.c **** /**************************************************************************/
   2:Middlewares/ST/threadx/common/src/txe_thread_info_get.c **** /*                                                                        */
   3:Middlewares/ST/threadx/common/src/txe_thread_info_get.c **** /*       Copyright (c) Microsoft Corporation. All rights reserved.        */
   4:Middlewares/ST/threadx/common/src/txe_thread_info_get.c **** /*                                                                        */
   5:Middlewares/ST/threadx/common/src/txe_thread_info_get.c **** /*       This software is licensed under the Microsoft Software License   */
   6:Middlewares/ST/threadx/common/src/txe_thread_info_get.c **** /*       Terms for Microsoft Azure RTOS. Full text of the license can be  */
   7:Middlewares/ST/threadx/common/src/txe_thread_info_get.c **** /*       found in the LICENSE file at https://aka.ms/AzureRTOS_EULA       */
   8:Middlewares/ST/threadx/common/src/txe_thread_info_get.c **** /*       and in the root directory of this software.                      */
   9:Middlewares/ST/threadx/common/src/txe_thread_info_get.c **** /*                                                                        */
  10:Middlewares/ST/threadx/common/src/txe_thread_info_get.c **** /**************************************************************************/
  11:Middlewares/ST/threadx/common/src/txe_thread_info_get.c **** 
  12:Middlewares/ST/threadx/common/src/txe_thread_info_get.c **** 
  13:Middlewares/ST/threadx/common/src/txe_thread_info_get.c **** /**************************************************************************/
  14:Middlewares/ST/threadx/common/src/txe_thread_info_get.c **** /**************************************************************************/
  15:Middlewares/ST/threadx/common/src/txe_thread_info_get.c **** /**                                                                       */
  16:Middlewares/ST/threadx/common/src/txe_thread_info_get.c **** /** ThreadX Component                                                     */
  17:Middlewares/ST/threadx/common/src/txe_thread_info_get.c **** /**                                                                       */
  18:Middlewares/ST/threadx/common/src/txe_thread_info_get.c **** /**   Thread                                                              */
  19:Middlewares/ST/threadx/common/src/txe_thread_info_get.c **** /**                                                                       */
  20:Middlewares/ST/threadx/common/src/txe_thread_info_get.c **** /**************************************************************************/
  21:Middlewares/ST/threadx/common/src/txe_thread_info_get.c **** /**************************************************************************/
  22:Middlewares/ST/threadx/common/src/txe_thread_info_get.c **** 
  23:Middlewares/ST/threadx/common/src/txe_thread_info_get.c **** #define TX_SOURCE_CODE
  24:Middlewares/ST/threadx/common/src/txe_thread_info_get.c **** 
  25:Middlewares/ST/threadx/common/src/txe_thread_info_get.c **** 
  26:Middlewares/ST/threadx/common/src/txe_thread_info_get.c **** /* Include necessary system files.  */
  27:Middlewares/ST/threadx/common/src/txe_thread_info_get.c **** 
  28:Middlewares/ST/threadx/common/src/txe_thread_info_get.c **** #include "tx_api.h"
ARM GAS  C:\usertemp\cc99ekBX.s 			page 2


  29:Middlewares/ST/threadx/common/src/txe_thread_info_get.c **** #include "tx_thread.h"
  30:Middlewares/ST/threadx/common/src/txe_thread_info_get.c **** 
  31:Middlewares/ST/threadx/common/src/txe_thread_info_get.c **** 
  32:Middlewares/ST/threadx/common/src/txe_thread_info_get.c **** /**************************************************************************/
  33:Middlewares/ST/threadx/common/src/txe_thread_info_get.c **** /*                                                                        */
  34:Middlewares/ST/threadx/common/src/txe_thread_info_get.c **** /*  FUNCTION                                               RELEASE        */
  35:Middlewares/ST/threadx/common/src/txe_thread_info_get.c **** /*                                                                        */
  36:Middlewares/ST/threadx/common/src/txe_thread_info_get.c **** /*    _txe_thread_info_get                                PORTABLE C      */
  37:Middlewares/ST/threadx/common/src/txe_thread_info_get.c **** /*                                                           6.1          */
  38:Middlewares/ST/threadx/common/src/txe_thread_info_get.c **** /*  AUTHOR                                                                */
  39:Middlewares/ST/threadx/common/src/txe_thread_info_get.c **** /*                                                                        */
  40:Middlewares/ST/threadx/common/src/txe_thread_info_get.c **** /*    William E. Lamie, Microsoft Corporation                             */
  41:Middlewares/ST/threadx/common/src/txe_thread_info_get.c **** /*                                                                        */
  42:Middlewares/ST/threadx/common/src/txe_thread_info_get.c **** /*  DESCRIPTION                                                           */
  43:Middlewares/ST/threadx/common/src/txe_thread_info_get.c **** /*                                                                        */
  44:Middlewares/ST/threadx/common/src/txe_thread_info_get.c **** /*    This function checks for errors in the thread information get       */
  45:Middlewares/ST/threadx/common/src/txe_thread_info_get.c **** /*    service.                                                            */
  46:Middlewares/ST/threadx/common/src/txe_thread_info_get.c **** /*                                                                        */
  47:Middlewares/ST/threadx/common/src/txe_thread_info_get.c **** /*  INPUT                                                                 */
  48:Middlewares/ST/threadx/common/src/txe_thread_info_get.c **** /*                                                                        */
  49:Middlewares/ST/threadx/common/src/txe_thread_info_get.c **** /*    thread_ptr                        Pointer to thread control block   */
  50:Middlewares/ST/threadx/common/src/txe_thread_info_get.c **** /*    name                              Destination for the thread name   */
  51:Middlewares/ST/threadx/common/src/txe_thread_info_get.c **** /*    state                             Destination for thread state      */
  52:Middlewares/ST/threadx/common/src/txe_thread_info_get.c **** /*    run_count                         Destination for thread run count  */
  53:Middlewares/ST/threadx/common/src/txe_thread_info_get.c **** /*    priority                          Destination for thread priority   */
  54:Middlewares/ST/threadx/common/src/txe_thread_info_get.c **** /*    preemption_threshold              Destination for thread preemption-*/
  55:Middlewares/ST/threadx/common/src/txe_thread_info_get.c **** /*                                        threshold                       */
  56:Middlewares/ST/threadx/common/src/txe_thread_info_get.c **** /*    time_slice                        Destination for thread time-slice */
  57:Middlewares/ST/threadx/common/src/txe_thread_info_get.c **** /*    next_thread                       Destination for next created      */
  58:Middlewares/ST/threadx/common/src/txe_thread_info_get.c **** /*                                        thread                          */
  59:Middlewares/ST/threadx/common/src/txe_thread_info_get.c **** /*    next_suspended_thread             Destination for next suspended    */
  60:Middlewares/ST/threadx/common/src/txe_thread_info_get.c **** /*                                        thread                          */
  61:Middlewares/ST/threadx/common/src/txe_thread_info_get.c **** /*                                                                        */
  62:Middlewares/ST/threadx/common/src/txe_thread_info_get.c **** /*  OUTPUT                                                                */
  63:Middlewares/ST/threadx/common/src/txe_thread_info_get.c **** /*                                                                        */
  64:Middlewares/ST/threadx/common/src/txe_thread_info_get.c **** /*    TX_THREAD_ERROR                   Invalid thread pointer            */
  65:Middlewares/ST/threadx/common/src/txe_thread_info_get.c **** /*    status                            Completion status                 */
  66:Middlewares/ST/threadx/common/src/txe_thread_info_get.c **** /*                                                                        */
  67:Middlewares/ST/threadx/common/src/txe_thread_info_get.c **** /*  CALLS                                                                 */
  68:Middlewares/ST/threadx/common/src/txe_thread_info_get.c **** /*                                                                        */
  69:Middlewares/ST/threadx/common/src/txe_thread_info_get.c **** /*    _tx_thread_info_get               Actual thread information get     */
  70:Middlewares/ST/threadx/common/src/txe_thread_info_get.c **** /*                                        service                         */
  71:Middlewares/ST/threadx/common/src/txe_thread_info_get.c **** /*                                                                        */
  72:Middlewares/ST/threadx/common/src/txe_thread_info_get.c **** /*  CALLED BY                                                             */
  73:Middlewares/ST/threadx/common/src/txe_thread_info_get.c **** /*                                                                        */
  74:Middlewares/ST/threadx/common/src/txe_thread_info_get.c **** /*    Application Code                                                    */
  75:Middlewares/ST/threadx/common/src/txe_thread_info_get.c **** /*                                                                        */
  76:Middlewares/ST/threadx/common/src/txe_thread_info_get.c **** /*  RELEASE HISTORY                                                       */
  77:Middlewares/ST/threadx/common/src/txe_thread_info_get.c **** /*                                                                        */
  78:Middlewares/ST/threadx/common/src/txe_thread_info_get.c **** /*    DATE              NAME                      DESCRIPTION             */
  79:Middlewares/ST/threadx/common/src/txe_thread_info_get.c **** /*                                                                        */
  80:Middlewares/ST/threadx/common/src/txe_thread_info_get.c **** /*  05-19-2020     William E. Lamie         Initial Version 6.0           */
  81:Middlewares/ST/threadx/common/src/txe_thread_info_get.c **** /*  09-30-2020     Yuxin Zhou               Modified comment(s),          */
  82:Middlewares/ST/threadx/common/src/txe_thread_info_get.c **** /*                                            resulting in version 6.1    */
  83:Middlewares/ST/threadx/common/src/txe_thread_info_get.c **** /*                                                                        */
  84:Middlewares/ST/threadx/common/src/txe_thread_info_get.c **** /**************************************************************************/
  85:Middlewares/ST/threadx/common/src/txe_thread_info_get.c **** UINT  _txe_thread_info_get(TX_THREAD *thread_ptr, CHAR **name, UINT *state, ULONG *run_count,
ARM GAS  C:\usertemp\cc99ekBX.s 			page 3


  86:Middlewares/ST/threadx/common/src/txe_thread_info_get.c ****                 UINT *priority, UINT *preemption_threshold, ULONG *time_slice,
  87:Middlewares/ST/threadx/common/src/txe_thread_info_get.c ****                 TX_THREAD **next_thread, TX_THREAD **next_suspended_thread)
  88:Middlewares/ST/threadx/common/src/txe_thread_info_get.c **** {
  31              		.loc 1 88 1 view -0
  32              		.cfi_startproc
  33              		@ args = 20, pretend = 0, frame = 0
  34              		@ frame_needed = 0, uses_anonymous_args = 0
  89:Middlewares/ST/threadx/common/src/txe_thread_info_get.c **** 
  90:Middlewares/ST/threadx/common/src/txe_thread_info_get.c **** UINT    status;
  35              		.loc 1 90 1 view .LVU1
  91:Middlewares/ST/threadx/common/src/txe_thread_info_get.c **** 
  92:Middlewares/ST/threadx/common/src/txe_thread_info_get.c **** 
  93:Middlewares/ST/threadx/common/src/txe_thread_info_get.c ****     /* Check for an invalid thread pointer.  */
  94:Middlewares/ST/threadx/common/src/txe_thread_info_get.c ****     if (thread_ptr == TX_NULL)
  36              		.loc 1 94 5 view .LVU2
  37              		.loc 1 94 8 is_stmt 0 view .LVU3
  38 0000 C0B1     		cbz	r0, .L3
  88:Middlewares/ST/threadx/common/src/txe_thread_info_get.c **** 
  39              		.loc 1 88 1 view .LVU4
  40 0002 10B5     		push	{r4, lr}
  41              	.LCFI0:
  42              		.cfi_def_cfa_offset 8
  43              		.cfi_offset 4, -8
  44              		.cfi_offset 14, -4
  45 0004 86B0     		sub	sp, sp, #24
  46              	.LCFI1:
  47              		.cfi_def_cfa_offset 32
  48 0006 8446     		mov	ip, r0
  95:Middlewares/ST/threadx/common/src/txe_thread_info_get.c ****     {
  96:Middlewares/ST/threadx/common/src/txe_thread_info_get.c **** 
  97:Middlewares/ST/threadx/common/src/txe_thread_info_get.c ****         /* Thread pointer is invalid, return appropriate error code.  */
  98:Middlewares/ST/threadx/common/src/txe_thread_info_get.c ****         status =  TX_THREAD_ERROR;
  99:Middlewares/ST/threadx/common/src/txe_thread_info_get.c ****     }
 100:Middlewares/ST/threadx/common/src/txe_thread_info_get.c **** 
 101:Middlewares/ST/threadx/common/src/txe_thread_info_get.c ****     /* Now check for invalid thread ID.  */
 102:Middlewares/ST/threadx/common/src/txe_thread_info_get.c ****     else if (thread_ptr -> tx_thread_id != TX_THREAD_ID)
  49              		.loc 1 102 10 is_stmt 1 view .LVU5
  50              		.loc 1 102 13 is_stmt 0 view .LVU6
  51 0008 0B48     		ldr	r0, .L10
  52              	.LVL1:
  53              		.loc 1 102 13 view .LVU7
  54 000a DCF80040 		ldr	r4, [ip]
  55 000e 8442     		cmp	r4, r0
  56 0010 02D0     		beq	.L9
 103:Middlewares/ST/threadx/common/src/txe_thread_info_get.c ****     {
 104:Middlewares/ST/threadx/common/src/txe_thread_info_get.c **** 
 105:Middlewares/ST/threadx/common/src/txe_thread_info_get.c ****         /* Thread pointer is invalid, return appropriate error code.  */
 106:Middlewares/ST/threadx/common/src/txe_thread_info_get.c ****         status =  TX_THREAD_ERROR;
  57              		.loc 1 106 16 view .LVU8
  58 0012 0E20     		movs	r0, #14
  59              	.LVL2:
 107:Middlewares/ST/threadx/common/src/txe_thread_info_get.c ****     }
 108:Middlewares/ST/threadx/common/src/txe_thread_info_get.c ****     else
 109:Middlewares/ST/threadx/common/src/txe_thread_info_get.c ****     {
 110:Middlewares/ST/threadx/common/src/txe_thread_info_get.c **** 
 111:Middlewares/ST/threadx/common/src/txe_thread_info_get.c ****         /* Call the actual thread information get service.  */
 112:Middlewares/ST/threadx/common/src/txe_thread_info_get.c ****         status =  _tx_thread_info_get(thread_ptr, name, state, run_count, priority, preemption_thre
ARM GAS  C:\usertemp\cc99ekBX.s 			page 4


 113:Middlewares/ST/threadx/common/src/txe_thread_info_get.c ****                             time_slice, next_thread, next_suspended_thread);
 114:Middlewares/ST/threadx/common/src/txe_thread_info_get.c ****     }
 115:Middlewares/ST/threadx/common/src/txe_thread_info_get.c **** 
 116:Middlewares/ST/threadx/common/src/txe_thread_info_get.c ****     /* Return completion status.  */
 117:Middlewares/ST/threadx/common/src/txe_thread_info_get.c ****     return(status);
  60              		.loc 1 117 5 is_stmt 1 view .LVU9
  61              	.L1:
 118:Middlewares/ST/threadx/common/src/txe_thread_info_get.c **** }
  62              		.loc 1 118 1 is_stmt 0 view .LVU10
  63 0014 06B0     		add	sp, sp, #24
  64              	.LCFI2:
  65              		.cfi_remember_state
  66              		.cfi_def_cfa_offset 8
  67              		@ sp needed
  68 0016 10BD     		pop	{r4, pc}
  69              	.LVL3:
  70              	.L9:
  71              	.LCFI3:
  72              		.cfi_restore_state
 112:Middlewares/ST/threadx/common/src/txe_thread_info_get.c ****                             time_slice, next_thread, next_suspended_thread);
  73              		.loc 1 112 9 is_stmt 1 view .LVU11
 112:Middlewares/ST/threadx/common/src/txe_thread_info_get.c ****                             time_slice, next_thread, next_suspended_thread);
  74              		.loc 1 112 19 is_stmt 0 view .LVU12
  75 0018 0C98     		ldr	r0, [sp, #48]
  76 001a 0490     		str	r0, [sp, #16]
  77 001c 0B98     		ldr	r0, [sp, #44]
  78 001e 0390     		str	r0, [sp, #12]
  79 0020 0A98     		ldr	r0, [sp, #40]
  80 0022 0290     		str	r0, [sp, #8]
  81 0024 0998     		ldr	r0, [sp, #36]
  82 0026 0190     		str	r0, [sp, #4]
  83 0028 0898     		ldr	r0, [sp, #32]
  84 002a 0090     		str	r0, [sp]
  85 002c 6046     		mov	r0, ip
  86 002e FFF7FEFF 		bl	_tx_thread_info_get
  87              	.LVL4:
 112:Middlewares/ST/threadx/common/src/txe_thread_info_get.c ****                             time_slice, next_thread, next_suspended_thread);
  88              		.loc 1 112 19 view .LVU13
  89 0032 EFE7     		b	.L1
  90              	.LVL5:
  91              	.L3:
  92              	.LCFI4:
  93              		.cfi_def_cfa_offset 0
  94              		.cfi_restore 4
  95              		.cfi_restore 14
  98:Middlewares/ST/threadx/common/src/txe_thread_info_get.c ****     }
  96              		.loc 1 98 16 view .LVU14
  97 0034 0E20     		movs	r0, #14
  98              	.LVL6:
  99              		.loc 1 118 1 view .LVU15
 100 0036 7047     		bx	lr
 101              	.L11:
 102              		.align	2
 103              	.L10:
 104 0038 44524854 		.word	1414025796
 105              		.cfi_endproc
 106              	.LFE8:
ARM GAS  C:\usertemp\cc99ekBX.s 			page 5


 108              		.text
 109              	.Letext0:
 110              		.file 2 "Middlewares/ST/threadx/ports/cortex_m33/gnu/inc/tx_port.h"
 111              		.file 3 "Middlewares/ST/threadx/common/inc/tx_api.h"
ARM GAS  C:\usertemp\cc99ekBX.s 			page 6


DEFINED SYMBOLS
                            *ABS*:00000000 txe_thread_info_get.c
C:\usertemp\cc99ekBX.s:22     .text._txe_thread_info_get:00000000 $t
C:\usertemp\cc99ekBX.s:28     .text._txe_thread_info_get:00000000 _txe_thread_info_get
C:\usertemp\cc99ekBX.s:104    .text._txe_thread_info_get:00000038 $d

UNDEFINED SYMBOLS
_tx_thread_info_get
