ARM GAS  C:\usertemp\ccJbkqRS.s 			page 1


   1              		.cpu cortex-m33
   2              		.arch armv8-m.main
   3              		.fpu fpv4-sp-d16
   4              		.arch_extension dsp
   5              		.eabi_attribute 27, 1
   6              		.eabi_attribute 28, 1
   7              		.eabi_attribute 20, 1
   8              		.eabi_attribute 21, 1
   9              		.eabi_attribute 23, 3
  10              		.eabi_attribute 24, 1
  11              		.eabi_attribute 25, 1
  12              		.eabi_attribute 26, 1
  13              		.eabi_attribute 30, 1
  14              		.eabi_attribute 34, 1
  15              		.eabi_attribute 18, 4
  16              		.file	"usb_otg.c"
  17              		.text
  18              	.Ltext0:
  19              		.cfi_sections	.debug_frame
  20              		.file 1 "Core/Src/usb_otg.c"
  21              		.section	.text.MX_USB_OTG_FS_PCD_Init,"ax",%progbits
  22              		.align	1
  23              		.global	MX_USB_OTG_FS_PCD_Init
  24              		.syntax unified
  25              		.thumb
  26              		.thumb_func
  28              	MX_USB_OTG_FS_PCD_Init:
  29              	.LFB157:
   1:Core/Src/usb_otg.c **** /* USER CODE BEGIN Header */
   2:Core/Src/usb_otg.c **** /**
   3:Core/Src/usb_otg.c ****   ******************************************************************************
   4:Core/Src/usb_otg.c ****   * @file    usb_otg.c
   5:Core/Src/usb_otg.c ****   * @brief   This file provides code for the configuration
   6:Core/Src/usb_otg.c ****   *          of the USB_OTG instances.
   7:Core/Src/usb_otg.c ****   ******************************************************************************
   8:Core/Src/usb_otg.c ****   * @attention
   9:Core/Src/usb_otg.c ****   *
  10:Core/Src/usb_otg.c ****   * Copyright (c) 2025 STMicroelectronics.
  11:Core/Src/usb_otg.c ****   * All rights reserved.
  12:Core/Src/usb_otg.c ****   *
  13:Core/Src/usb_otg.c ****   * This software is licensed under terms that can be found in the LICENSE file
  14:Core/Src/usb_otg.c ****   * in the root directory of this software component.
  15:Core/Src/usb_otg.c ****   * If no LICENSE file comes with this software, it is provided AS-IS.
  16:Core/Src/usb_otg.c ****   *
  17:Core/Src/usb_otg.c ****   ******************************************************************************
  18:Core/Src/usb_otg.c ****   */
  19:Core/Src/usb_otg.c **** /* USER CODE END Header */
  20:Core/Src/usb_otg.c **** /* Includes ------------------------------------------------------------------*/
  21:Core/Src/usb_otg.c **** #include "usb_otg.h"
  22:Core/Src/usb_otg.c **** 
  23:Core/Src/usb_otg.c **** /* USER CODE BEGIN 0 */
  24:Core/Src/usb_otg.c **** 
  25:Core/Src/usb_otg.c **** /* USER CODE END 0 */
  26:Core/Src/usb_otg.c **** 
  27:Core/Src/usb_otg.c **** PCD_HandleTypeDef hpcd_USB_OTG_FS;
  28:Core/Src/usb_otg.c **** 
  29:Core/Src/usb_otg.c **** /* USB_OTG_FS init function */
ARM GAS  C:\usertemp\ccJbkqRS.s 			page 2


  30:Core/Src/usb_otg.c **** 
  31:Core/Src/usb_otg.c **** void MX_USB_OTG_FS_PCD_Init(void)
  32:Core/Src/usb_otg.c **** {
  30              		.loc 1 32 1 view -0
  31              		.cfi_startproc
  32              		@ args = 0, pretend = 0, frame = 0
  33              		@ frame_needed = 0, uses_anonymous_args = 0
  34 0000 08B5     		push	{r3, lr}
  35              	.LCFI0:
  36              		.cfi_def_cfa_offset 8
  37              		.cfi_offset 3, -8
  38              		.cfi_offset 14, -4
  33:Core/Src/usb_otg.c **** 
  34:Core/Src/usb_otg.c ****   /* USER CODE BEGIN USB_OTG_FS_Init 0 */
  35:Core/Src/usb_otg.c **** 
  36:Core/Src/usb_otg.c ****   /* USER CODE END USB_OTG_FS_Init 0 */
  37:Core/Src/usb_otg.c **** 
  38:Core/Src/usb_otg.c ****   /* USER CODE BEGIN USB_OTG_FS_Init 1 */
  39:Core/Src/usb_otg.c **** 
  40:Core/Src/usb_otg.c ****   /* USER CODE END USB_OTG_FS_Init 1 */
  41:Core/Src/usb_otg.c ****   hpcd_USB_OTG_FS.Instance = USB_OTG_FS;
  39              		.loc 1 41 3 view .LVU1
  40              		.loc 1 41 28 is_stmt 0 view .LVU2
  41 0002 0B48     		ldr	r0, .L5
  42 0004 0B4B     		ldr	r3, .L5+4
  43 0006 0360     		str	r3, [r0]
  42:Core/Src/usb_otg.c ****   hpcd_USB_OTG_FS.Init.dev_endpoints = 6;
  44              		.loc 1 42 3 is_stmt 1 view .LVU3
  45              		.loc 1 42 38 is_stmt 0 view .LVU4
  46 0008 0623     		movs	r3, #6
  47 000a 0371     		strb	r3, [r0, #4]
  43:Core/Src/usb_otg.c ****   hpcd_USB_OTG_FS.Init.speed = PCD_SPEED_FULL;
  48              		.loc 1 43 3 is_stmt 1 view .LVU5
  49              		.loc 1 43 30 is_stmt 0 view .LVU6
  50 000c 0223     		movs	r3, #2
  51 000e C371     		strb	r3, [r0, #7]
  44:Core/Src/usb_otg.c ****   hpcd_USB_OTG_FS.Init.phy_itface = PCD_PHY_EMBEDDED;
  52              		.loc 1 44 3 is_stmt 1 view .LVU7
  53              		.loc 1 44 35 is_stmt 0 view .LVU8
  54 0010 4372     		strb	r3, [r0, #9]
  45:Core/Src/usb_otg.c ****   hpcd_USB_OTG_FS.Init.Sof_enable = DISABLE;
  55              		.loc 1 45 3 is_stmt 1 view .LVU9
  56              		.loc 1 45 35 is_stmt 0 view .LVU10
  57 0012 0023     		movs	r3, #0
  58 0014 8372     		strb	r3, [r0, #10]
  46:Core/Src/usb_otg.c ****   hpcd_USB_OTG_FS.Init.low_power_enable = DISABLE;
  59              		.loc 1 46 3 is_stmt 1 view .LVU11
  60              		.loc 1 46 41 is_stmt 0 view .LVU12
  61 0016 C372     		strb	r3, [r0, #11]
  47:Core/Src/usb_otg.c ****   hpcd_USB_OTG_FS.Init.lpm_enable = DISABLE;
  62              		.loc 1 47 3 is_stmt 1 view .LVU13
  63              		.loc 1 47 35 is_stmt 0 view .LVU14
  64 0018 0373     		strb	r3, [r0, #12]
  48:Core/Src/usb_otg.c ****   hpcd_USB_OTG_FS.Init.battery_charging_enable = DISABLE;
  65              		.loc 1 48 3 is_stmt 1 view .LVU15
  66              		.loc 1 48 48 is_stmt 0 view .LVU16
  67 001a 4373     		strb	r3, [r0, #13]
ARM GAS  C:\usertemp\ccJbkqRS.s 			page 3


  49:Core/Src/usb_otg.c ****   hpcd_USB_OTG_FS.Init.use_dedicated_ep1 = DISABLE;
  68              		.loc 1 49 3 is_stmt 1 view .LVU17
  69              		.loc 1 49 42 is_stmt 0 view .LVU18
  70 001c C373     		strb	r3, [r0, #15]
  50:Core/Src/usb_otg.c ****   hpcd_USB_OTG_FS.Init.vbus_sensing_enable = DISABLE;
  71              		.loc 1 50 3 is_stmt 1 view .LVU19
  72              		.loc 1 50 44 is_stmt 0 view .LVU20
  73 001e 8373     		strb	r3, [r0, #14]
  51:Core/Src/usb_otg.c ****   hpcd_USB_OTG_FS.Init.dma_enable = DISABLE;
  74              		.loc 1 51 3 is_stmt 1 view .LVU21
  75              		.loc 1 51 35 is_stmt 0 view .LVU22
  76 0020 8371     		strb	r3, [r0, #6]
  52:Core/Src/usb_otg.c ****   if (HAL_PCD_Init(&hpcd_USB_OTG_FS) != HAL_OK)
  77              		.loc 1 52 3 is_stmt 1 view .LVU23
  78              		.loc 1 52 7 is_stmt 0 view .LVU24
  79 0022 FFF7FEFF 		bl	HAL_PCD_Init
  80              	.LVL0:
  81              		.loc 1 52 6 discriminator 1 view .LVU25
  82 0026 00B9     		cbnz	r0, .L4
  83              	.L1:
  53:Core/Src/usb_otg.c ****   {
  54:Core/Src/usb_otg.c ****     Error_Handler();
  55:Core/Src/usb_otg.c ****   }
  56:Core/Src/usb_otg.c ****   /* USER CODE BEGIN USB_OTG_FS_Init 2 */
  57:Core/Src/usb_otg.c **** 
  58:Core/Src/usb_otg.c ****   /* USER CODE END USB_OTG_FS_Init 2 */
  59:Core/Src/usb_otg.c **** 
  60:Core/Src/usb_otg.c **** }
  84              		.loc 1 60 1 view .LVU26
  85 0028 08BD     		pop	{r3, pc}
  86              	.L4:
  54:Core/Src/usb_otg.c ****   }
  87              		.loc 1 54 5 is_stmt 1 view .LVU27
  88 002a FFF7FEFF 		bl	Error_Handler
  89              	.LVL1:
  90              		.loc 1 60 1 is_stmt 0 view .LVU28
  91 002e FBE7     		b	.L1
  92              	.L6:
  93              		.align	2
  94              	.L5:
  95 0030 00000000 		.word	hpcd_USB_OTG_FS
  96 0034 00000442 		.word	1107558400
  97              		.cfi_endproc
  98              	.LFE157:
 100              		.section	.text.HAL_PCD_MspInit,"ax",%progbits
 101              		.align	1
 102              		.global	HAL_PCD_MspInit
 103              		.syntax unified
 104              		.thumb
 105              		.thumb_func
 107              	HAL_PCD_MspInit:
 108              	.LVL2:
 109              	.LFB158:
  61:Core/Src/usb_otg.c **** 
  62:Core/Src/usb_otg.c **** void HAL_PCD_MspInit(PCD_HandleTypeDef* pcdHandle)
  63:Core/Src/usb_otg.c **** {
 110              		.loc 1 63 1 is_stmt 1 view -0
ARM GAS  C:\usertemp\ccJbkqRS.s 			page 4


 111              		.cfi_startproc
 112              		@ args = 0, pretend = 0, frame = 232
 113              		@ frame_needed = 0, uses_anonymous_args = 0
 114              		.loc 1 63 1 is_stmt 0 view .LVU30
 115 0000 10B5     		push	{r4, lr}
 116              	.LCFI1:
 117              		.cfi_def_cfa_offset 8
 118              		.cfi_offset 4, -8
 119              		.cfi_offset 14, -4
 120 0002 BAB0     		sub	sp, sp, #232
 121              	.LCFI2:
 122              		.cfi_def_cfa_offset 240
 123 0004 0446     		mov	r4, r0
  64:Core/Src/usb_otg.c **** 
  65:Core/Src/usb_otg.c ****   GPIO_InitTypeDef GPIO_InitStruct = {0};
 124              		.loc 1 65 3 is_stmt 1 view .LVU31
 125              		.loc 1 65 20 is_stmt 0 view .LVU32
 126 0006 0021     		movs	r1, #0
 127 0008 3591     		str	r1, [sp, #212]
 128 000a 3691     		str	r1, [sp, #216]
 129 000c 3791     		str	r1, [sp, #220]
 130 000e 3891     		str	r1, [sp, #224]
 131 0010 3991     		str	r1, [sp, #228]
  66:Core/Src/usb_otg.c ****   RCC_PeriphCLKInitTypeDef PeriphClkInit = {0};
 132              		.loc 1 66 3 is_stmt 1 view .LVU33
 133              		.loc 1 66 28 is_stmt 0 view .LVU34
 134 0012 C022     		movs	r2, #192
 135 0014 04A8     		add	r0, sp, #16
 136              	.LVL3:
 137              		.loc 1 66 28 view .LVU35
 138 0016 FFF7FEFF 		bl	memset
 139              	.LVL4:
  67:Core/Src/usb_otg.c ****   if(pcdHandle->Instance==USB_OTG_FS)
 140              		.loc 1 67 3 is_stmt 1 view .LVU36
 141              		.loc 1 67 15 is_stmt 0 view .LVU37
 142 001a 2268     		ldr	r2, [r4]
 143              		.loc 1 67 5 view .LVU38
 144 001c 2F4B     		ldr	r3, .L15
 145 001e 9A42     		cmp	r2, r3
 146 0020 01D0     		beq	.L13
 147              	.LVL5:
 148              	.L7:
  68:Core/Src/usb_otg.c ****   {
  69:Core/Src/usb_otg.c ****   /* USER CODE BEGIN USB_OTG_FS_MspInit 0 */
  70:Core/Src/usb_otg.c **** 
  71:Core/Src/usb_otg.c ****   /* USER CODE END USB_OTG_FS_MspInit 0 */
  72:Core/Src/usb_otg.c **** 
  73:Core/Src/usb_otg.c ****   /** Initializes the peripherals clock
  74:Core/Src/usb_otg.c ****   */
  75:Core/Src/usb_otg.c ****     PeriphClkInit.PeriphClockSelection = RCC_PERIPHCLK_CLK48;
  76:Core/Src/usb_otg.c ****     PeriphClkInit.IclkClockSelection = RCC_CLK48CLKSOURCE_HSI48;
  77:Core/Src/usb_otg.c ****     if (HAL_RCCEx_PeriphCLKConfig(&PeriphClkInit) != HAL_OK)
  78:Core/Src/usb_otg.c ****     {
  79:Core/Src/usb_otg.c ****       Error_Handler();
  80:Core/Src/usb_otg.c ****     }
  81:Core/Src/usb_otg.c **** 
  82:Core/Src/usb_otg.c ****     __HAL_RCC_GPIOA_CLK_ENABLE();
ARM GAS  C:\usertemp\ccJbkqRS.s 			page 5


  83:Core/Src/usb_otg.c ****     /**USB_OTG_FS GPIO Configuration
  84:Core/Src/usb_otg.c ****     PA11     ------> USB_OTG_FS_DM
  85:Core/Src/usb_otg.c ****     PA12     ------> USB_OTG_FS_DP
  86:Core/Src/usb_otg.c ****     */
  87:Core/Src/usb_otg.c ****     GPIO_InitStruct.Pin = GPIO_PIN_11|GPIO_PIN_12;
  88:Core/Src/usb_otg.c ****     GPIO_InitStruct.Mode = GPIO_MODE_AF_PP;
  89:Core/Src/usb_otg.c ****     GPIO_InitStruct.Pull = GPIO_NOPULL;
  90:Core/Src/usb_otg.c ****     GPIO_InitStruct.Speed = GPIO_SPEED_FREQ_VERY_HIGH;
  91:Core/Src/usb_otg.c ****     GPIO_InitStruct.Alternate = GPIO_AF10_USB;
  92:Core/Src/usb_otg.c ****     HAL_GPIO_Init(GPIOA, &GPIO_InitStruct);
  93:Core/Src/usb_otg.c **** 
  94:Core/Src/usb_otg.c ****     /* USB_OTG_FS clock enable */
  95:Core/Src/usb_otg.c ****     __HAL_RCC_USB_CLK_ENABLE();
  96:Core/Src/usb_otg.c **** 
  97:Core/Src/usb_otg.c ****     /* Enable VDDUSB */
  98:Core/Src/usb_otg.c ****     if(__HAL_RCC_PWR_IS_CLK_DISABLED())
  99:Core/Src/usb_otg.c ****     {
 100:Core/Src/usb_otg.c ****       __HAL_RCC_PWR_CLK_ENABLE();
 101:Core/Src/usb_otg.c ****       HAL_PWREx_EnableVddUSB();
 102:Core/Src/usb_otg.c ****       __HAL_RCC_PWR_CLK_DISABLE();
 103:Core/Src/usb_otg.c ****     }
 104:Core/Src/usb_otg.c ****     else
 105:Core/Src/usb_otg.c ****     {
 106:Core/Src/usb_otg.c ****       HAL_PWREx_EnableVddUSB();
 107:Core/Src/usb_otg.c ****     }
 108:Core/Src/usb_otg.c **** 
 109:Core/Src/usb_otg.c ****     /* USB_OTG_FS interrupt Init */
 110:Core/Src/usb_otg.c ****     HAL_NVIC_SetPriority(OTG_FS_IRQn, 0, 0);
 111:Core/Src/usb_otg.c ****     HAL_NVIC_EnableIRQ(OTG_FS_IRQn);
 112:Core/Src/usb_otg.c ****   /* USER CODE BEGIN USB_OTG_FS_MspInit 1 */
 113:Core/Src/usb_otg.c **** 
 114:Core/Src/usb_otg.c ****   /* USER CODE END USB_OTG_FS_MspInit 1 */
 115:Core/Src/usb_otg.c ****   }
 116:Core/Src/usb_otg.c **** }
 149              		.loc 1 116 1 view .LVU39
 150 0022 3AB0     		add	sp, sp, #232
 151              	.LCFI3:
 152              		.cfi_remember_state
 153              		.cfi_def_cfa_offset 8
 154              		@ sp needed
 155 0024 10BD     		pop	{r4, pc}
 156              	.LVL6:
 157              	.L13:
 158              	.LCFI4:
 159              		.cfi_restore_state
  75:Core/Src/usb_otg.c ****     PeriphClkInit.IclkClockSelection = RCC_CLK48CLKSOURCE_HSI48;
 160              		.loc 1 75 5 is_stmt 1 view .LVU40
  75:Core/Src/usb_otg.c ****     PeriphClkInit.IclkClockSelection = RCC_CLK48CLKSOURCE_HSI48;
 161              		.loc 1 75 40 is_stmt 0 view .LVU41
 162 0026 4FF48012 		mov	r2, #1048576
 163 002a 0023     		movs	r3, #0
 164 002c CDE90423 		strd	r2, [sp, #16]
  76:Core/Src/usb_otg.c ****     if (HAL_RCCEx_PeriphCLKConfig(&PeriphClkInit) != HAL_OK)
 165              		.loc 1 76 5 is_stmt 1 view .LVU42
  77:Core/Src/usb_otg.c ****     {
 166              		.loc 1 77 5 view .LVU43
  77:Core/Src/usb_otg.c ****     {
ARM GAS  C:\usertemp\ccJbkqRS.s 			page 6


 167              		.loc 1 77 9 is_stmt 0 view .LVU44
 168 0030 04A8     		add	r0, sp, #16
 169 0032 FFF7FEFF 		bl	HAL_RCCEx_PeriphCLKConfig
 170              	.LVL7:
  77:Core/Src/usb_otg.c ****     {
 171              		.loc 1 77 8 discriminator 1 view .LVU45
 172 0036 0028     		cmp	r0, #0
 173 0038 49D1     		bne	.L14
 174              	.L9:
  82:Core/Src/usb_otg.c ****     /**USB_OTG_FS GPIO Configuration
 175              		.loc 1 82 5 is_stmt 1 view .LVU46
 176              	.LBB2:
  82:Core/Src/usb_otg.c ****     /**USB_OTG_FS GPIO Configuration
 177              		.loc 1 82 5 view .LVU47
  82:Core/Src/usb_otg.c ****     /**USB_OTG_FS GPIO Configuration
 178              		.loc 1 82 5 view .LVU48
 179 003a 294C     		ldr	r4, .L15+4
 180              	.LVL8:
  82:Core/Src/usb_otg.c ****     /**USB_OTG_FS GPIO Configuration
 181              		.loc 1 82 5 is_stmt 0 view .LVU49
 182 003c D4F88C30 		ldr	r3, [r4, #140]
 183 0040 43F00103 		orr	r3, r3, #1
 184 0044 C4F88C30 		str	r3, [r4, #140]
  82:Core/Src/usb_otg.c ****     /**USB_OTG_FS GPIO Configuration
 185              		.loc 1 82 5 is_stmt 1 view .LVU50
 186 0048 D4F88C30 		ldr	r3, [r4, #140]
 187 004c 03F00103 		and	r3, r3, #1
 188 0050 0193     		str	r3, [sp, #4]
  82:Core/Src/usb_otg.c ****     /**USB_OTG_FS GPIO Configuration
 189              		.loc 1 82 5 view .LVU51
 190 0052 019B     		ldr	r3, [sp, #4]
 191              	.LBE2:
  82:Core/Src/usb_otg.c ****     /**USB_OTG_FS GPIO Configuration
 192              		.loc 1 82 5 view .LVU52
  87:Core/Src/usb_otg.c ****     GPIO_InitStruct.Mode = GPIO_MODE_AF_PP;
 193              		.loc 1 87 5 view .LVU53
  87:Core/Src/usb_otg.c ****     GPIO_InitStruct.Mode = GPIO_MODE_AF_PP;
 194              		.loc 1 87 25 is_stmt 0 view .LVU54
 195 0054 4FF4C053 		mov	r3, #6144
 196 0058 3593     		str	r3, [sp, #212]
  88:Core/Src/usb_otg.c ****     GPIO_InitStruct.Pull = GPIO_NOPULL;
 197              		.loc 1 88 5 is_stmt 1 view .LVU55
  88:Core/Src/usb_otg.c ****     GPIO_InitStruct.Pull = GPIO_NOPULL;
 198              		.loc 1 88 26 is_stmt 0 view .LVU56
 199 005a 0223     		movs	r3, #2
 200 005c 3693     		str	r3, [sp, #216]
  89:Core/Src/usb_otg.c ****     GPIO_InitStruct.Speed = GPIO_SPEED_FREQ_VERY_HIGH;
 201              		.loc 1 89 5 is_stmt 1 view .LVU57
  89:Core/Src/usb_otg.c ****     GPIO_InitStruct.Speed = GPIO_SPEED_FREQ_VERY_HIGH;
 202              		.loc 1 89 26 is_stmt 0 view .LVU58
 203 005e 0023     		movs	r3, #0
 204 0060 3793     		str	r3, [sp, #220]
  90:Core/Src/usb_otg.c ****     GPIO_InitStruct.Alternate = GPIO_AF10_USB;
 205              		.loc 1 90 5 is_stmt 1 view .LVU59
  90:Core/Src/usb_otg.c ****     GPIO_InitStruct.Alternate = GPIO_AF10_USB;
 206              		.loc 1 90 27 is_stmt 0 view .LVU60
 207 0062 0323     		movs	r3, #3
ARM GAS  C:\usertemp\ccJbkqRS.s 			page 7


 208 0064 3893     		str	r3, [sp, #224]
  91:Core/Src/usb_otg.c ****     HAL_GPIO_Init(GPIOA, &GPIO_InitStruct);
 209              		.loc 1 91 5 is_stmt 1 view .LVU61
  91:Core/Src/usb_otg.c ****     HAL_GPIO_Init(GPIOA, &GPIO_InitStruct);
 210              		.loc 1 91 31 is_stmt 0 view .LVU62
 211 0066 0A23     		movs	r3, #10
 212 0068 3993     		str	r3, [sp, #228]
  92:Core/Src/usb_otg.c **** 
 213              		.loc 1 92 5 is_stmt 1 view .LVU63
 214 006a 35A9     		add	r1, sp, #212
 215 006c 1D48     		ldr	r0, .L15+8
 216 006e FFF7FEFF 		bl	HAL_GPIO_Init
 217              	.LVL9:
  95:Core/Src/usb_otg.c **** 
 218              		.loc 1 95 5 view .LVU64
 219              	.LBB3:
  95:Core/Src/usb_otg.c **** 
 220              		.loc 1 95 5 view .LVU65
  95:Core/Src/usb_otg.c **** 
 221              		.loc 1 95 5 view .LVU66
 222 0072 D4F88C30 		ldr	r3, [r4, #140]
 223 0076 43F48043 		orr	r3, r3, #16384
 224 007a C4F88C30 		str	r3, [r4, #140]
  95:Core/Src/usb_otg.c **** 
 225              		.loc 1 95 5 view .LVU67
 226 007e D4F88C30 		ldr	r3, [r4, #140]
 227 0082 03F48043 		and	r3, r3, #16384
 228 0086 0293     		str	r3, [sp, #8]
  95:Core/Src/usb_otg.c **** 
 229              		.loc 1 95 5 view .LVU68
 230 0088 029B     		ldr	r3, [sp, #8]
 231              	.LBE3:
  95:Core/Src/usb_otg.c **** 
 232              		.loc 1 95 5 view .LVU69
  98:Core/Src/usb_otg.c ****     {
 233              		.loc 1 98 5 view .LVU70
  98:Core/Src/usb_otg.c ****     {
 234              		.loc 1 98 8 is_stmt 0 view .LVU71
 235 008a D4F89430 		ldr	r3, [r4, #148]
  98:Core/Src/usb_otg.c ****     {
 236              		.loc 1 98 7 view .LVU72
 237 008e 13F0040F 		tst	r3, #4
 238 0092 1FD1     		bne	.L10
 100:Core/Src/usb_otg.c ****       HAL_PWREx_EnableVddUSB();
 239              		.loc 1 100 7 is_stmt 1 view .LVU73
 240              	.LBB4:
 100:Core/Src/usb_otg.c ****       HAL_PWREx_EnableVddUSB();
 241              		.loc 1 100 7 view .LVU74
 100:Core/Src/usb_otg.c ****       HAL_PWREx_EnableVddUSB();
 242              		.loc 1 100 7 view .LVU75
 243 0094 D4F89430 		ldr	r3, [r4, #148]
 244 0098 43F00403 		orr	r3, r3, #4
 245 009c C4F89430 		str	r3, [r4, #148]
 100:Core/Src/usb_otg.c ****       HAL_PWREx_EnableVddUSB();
 246              		.loc 1 100 7 view .LVU76
 247 00a0 D4F89430 		ldr	r3, [r4, #148]
 248 00a4 03F00403 		and	r3, r3, #4
ARM GAS  C:\usertemp\ccJbkqRS.s 			page 8


 249 00a8 0393     		str	r3, [sp, #12]
 100:Core/Src/usb_otg.c ****       HAL_PWREx_EnableVddUSB();
 250              		.loc 1 100 7 view .LVU77
 251 00aa 039B     		ldr	r3, [sp, #12]
 252              	.LBE4:
 100:Core/Src/usb_otg.c ****       HAL_PWREx_EnableVddUSB();
 253              		.loc 1 100 7 view .LVU78
 101:Core/Src/usb_otg.c ****       __HAL_RCC_PWR_CLK_DISABLE();
 254              		.loc 1 101 7 view .LVU79
 255 00ac FFF7FEFF 		bl	HAL_PWREx_EnableVddUSB
 256              	.LVL10:
 102:Core/Src/usb_otg.c ****     }
 257              		.loc 1 102 7 view .LVU80
 258 00b0 D4F89430 		ldr	r3, [r4, #148]
 259 00b4 23F00403 		bic	r3, r3, #4
 260 00b8 C4F89430 		str	r3, [r4, #148]
 261              	.L11:
 110:Core/Src/usb_otg.c ****     HAL_NVIC_EnableIRQ(OTG_FS_IRQn);
 262              		.loc 1 110 5 view .LVU81
 263 00bc 0022     		movs	r2, #0
 264 00be 1146     		mov	r1, r2
 265 00c0 4920     		movs	r0, #73
 266 00c2 FFF7FEFF 		bl	HAL_NVIC_SetPriority
 267              	.LVL11:
 111:Core/Src/usb_otg.c ****   /* USER CODE BEGIN USB_OTG_FS_MspInit 1 */
 268              		.loc 1 111 5 view .LVU82
 269 00c6 4920     		movs	r0, #73
 270 00c8 FFF7FEFF 		bl	HAL_NVIC_EnableIRQ
 271              	.LVL12:
 272              		.loc 1 116 1 is_stmt 0 view .LVU83
 273 00cc A9E7     		b	.L7
 274              	.LVL13:
 275              	.L14:
  79:Core/Src/usb_otg.c ****     }
 276              		.loc 1 79 7 is_stmt 1 view .LVU84
 277 00ce FFF7FEFF 		bl	Error_Handler
 278              	.LVL14:
 279 00d2 B2E7     		b	.L9
 280              	.LVL15:
 281              	.L10:
 106:Core/Src/usb_otg.c ****     }
 282              		.loc 1 106 7 view .LVU85
 283 00d4 FFF7FEFF 		bl	HAL_PWREx_EnableVddUSB
 284              	.LVL16:
 285 00d8 F0E7     		b	.L11
 286              	.L16:
 287 00da 00BF     		.align	2
 288              	.L15:
 289 00dc 00000442 		.word	1107558400
 290 00e0 000C0246 		.word	1174539264
 291 00e4 00000242 		.word	1107427328
 292              		.cfi_endproc
 293              	.LFE158:
 295              		.section	.text.HAL_PCD_MspDeInit,"ax",%progbits
 296              		.align	1
 297              		.global	HAL_PCD_MspDeInit
 298              		.syntax unified
ARM GAS  C:\usertemp\ccJbkqRS.s 			page 9


 299              		.thumb
 300              		.thumb_func
 302              	HAL_PCD_MspDeInit:
 303              	.LVL17:
 304              	.LFB159:
 117:Core/Src/usb_otg.c **** 
 118:Core/Src/usb_otg.c **** void HAL_PCD_MspDeInit(PCD_HandleTypeDef* pcdHandle)
 119:Core/Src/usb_otg.c **** {
 305              		.loc 1 119 1 view -0
 306              		.cfi_startproc
 307              		@ args = 0, pretend = 0, frame = 0
 308              		@ frame_needed = 0, uses_anonymous_args = 0
 309              		.loc 1 119 1 is_stmt 0 view .LVU87
 310 0000 08B5     		push	{r3, lr}
 311              	.LCFI5:
 312              		.cfi_def_cfa_offset 8
 313              		.cfi_offset 3, -8
 314              		.cfi_offset 14, -4
 120:Core/Src/usb_otg.c **** 
 121:Core/Src/usb_otg.c ****   if(pcdHandle->Instance==USB_OTG_FS)
 315              		.loc 1 121 3 is_stmt 1 view .LVU88
 316              		.loc 1 121 15 is_stmt 0 view .LVU89
 317 0002 0268     		ldr	r2, [r0]
 318              		.loc 1 121 5 view .LVU90
 319 0004 094B     		ldr	r3, .L21
 320 0006 9A42     		cmp	r2, r3
 321 0008 00D0     		beq	.L20
 322              	.LVL18:
 323              	.L17:
 122:Core/Src/usb_otg.c ****   {
 123:Core/Src/usb_otg.c ****   /* USER CODE BEGIN USB_OTG_FS_MspDeInit 0 */
 124:Core/Src/usb_otg.c **** 
 125:Core/Src/usb_otg.c ****   /* USER CODE END USB_OTG_FS_MspDeInit 0 */
 126:Core/Src/usb_otg.c ****     /* Peripheral clock disable */
 127:Core/Src/usb_otg.c ****     __HAL_RCC_USB_CLK_DISABLE();
 128:Core/Src/usb_otg.c **** 
 129:Core/Src/usb_otg.c ****     /**USB_OTG_FS GPIO Configuration
 130:Core/Src/usb_otg.c ****     PA11     ------> USB_OTG_FS_DM
 131:Core/Src/usb_otg.c ****     PA12     ------> USB_OTG_FS_DP
 132:Core/Src/usb_otg.c ****     */
 133:Core/Src/usb_otg.c ****     HAL_GPIO_DeInit(GPIOA, GPIO_PIN_11|GPIO_PIN_12);
 134:Core/Src/usb_otg.c **** 
 135:Core/Src/usb_otg.c ****     /* USB_OTG_FS interrupt Deinit */
 136:Core/Src/usb_otg.c ****     HAL_NVIC_DisableIRQ(OTG_FS_IRQn);
 137:Core/Src/usb_otg.c ****   /* USER CODE BEGIN USB_OTG_FS_MspDeInit 1 */
 138:Core/Src/usb_otg.c **** 
 139:Core/Src/usb_otg.c ****   /* USER CODE END USB_OTG_FS_MspDeInit 1 */
 140:Core/Src/usb_otg.c ****   }
 141:Core/Src/usb_otg.c **** }
 324              		.loc 1 141 1 view .LVU91
 325 000a 08BD     		pop	{r3, pc}
 326              	.LVL19:
 327              	.L20:
 127:Core/Src/usb_otg.c **** 
 328              		.loc 1 127 5 is_stmt 1 view .LVU92
 329 000c 084A     		ldr	r2, .L21+4
 330 000e D2F88C30 		ldr	r3, [r2, #140]
ARM GAS  C:\usertemp\ccJbkqRS.s 			page 10


 331 0012 23F48043 		bic	r3, r3, #16384
 332 0016 C2F88C30 		str	r3, [r2, #140]
 133:Core/Src/usb_otg.c **** 
 333              		.loc 1 133 5 view .LVU93
 334 001a 4FF4C051 		mov	r1, #6144
 335 001e 0548     		ldr	r0, .L21+8
 336              	.LVL20:
 133:Core/Src/usb_otg.c **** 
 337              		.loc 1 133 5 is_stmt 0 view .LVU94
 338 0020 FFF7FEFF 		bl	HAL_GPIO_DeInit
 339              	.LVL21:
 136:Core/Src/usb_otg.c ****   /* USER CODE BEGIN USB_OTG_FS_MspDeInit 1 */
 340              		.loc 1 136 5 is_stmt 1 view .LVU95
 341 0024 4920     		movs	r0, #73
 342 0026 FFF7FEFF 		bl	HAL_NVIC_DisableIRQ
 343              	.LVL22:
 344              		.loc 1 141 1 is_stmt 0 view .LVU96
 345 002a EEE7     		b	.L17
 346              	.L22:
 347              		.align	2
 348              	.L21:
 349 002c 00000442 		.word	1107558400
 350 0030 000C0246 		.word	1174539264
 351 0034 00000242 		.word	1107427328
 352              		.cfi_endproc
 353              	.LFE159:
 355              		.global	hpcd_USB_OTG_FS
 356              		.section	.bss.hpcd_USB_OTG_FS,"aw",%nobits
 357              		.align	2
 360              	hpcd_USB_OTG_FS:
 361 0000 00000000 		.space	1252
 361      00000000 
 361      00000000 
 361      00000000 
 361      00000000 
 362              		.text
 363              	.Letext0:
 364              		.file 2 "Drivers/CMSIS/Device/ST/STM32U5xx/Include/stm32u575xx.h"
 365              		.file 3 "D:/armtoolchain/arm-gnu-toolchain-13.3.rel1-mingw-w64-i686-arm-none-eabi/arm-none-eabi/in
 366              		.file 4 "D:/armtoolchain/arm-gnu-toolchain-13.3.rel1-mingw-w64-i686-arm-none-eabi/arm-none-eabi/in
 367              		.file 5 "Drivers/CMSIS/Device/ST/STM32U5xx/Include/stm32u5xx.h"
 368              		.file 6 "Drivers/STM32U5xx_HAL_Driver/Inc/stm32u5xx_hal_def.h"
 369              		.file 7 "Drivers/STM32U5xx_HAL_Driver/Inc/stm32u5xx_hal_rcc_ex.h"
 370              		.file 8 "Drivers/STM32U5xx_HAL_Driver/Inc/stm32u5xx_hal_gpio.h"
 371              		.file 9 "Drivers/STM32U5xx_HAL_Driver/Inc/stm32u5xx_ll_usb.h"
 372              		.file 10 "Drivers/STM32U5xx_HAL_Driver/Inc/stm32u5xx_hal_pcd.h"
 373              		.file 11 "Drivers/STM32U5xx_HAL_Driver/Inc/stm32u5xx_hal_cortex.h"
 374              		.file 12 "Drivers/STM32U5xx_HAL_Driver/Inc/stm32u5xx_hal_pwr_ex.h"
 375              		.file 13 "Core/Inc/main.h"
 376              		.file 14 "Core/Inc/usb_otg.h"
 377              		.file 15 "<built-in>"
ARM GAS  C:\usertemp\ccJbkqRS.s 			page 11


DEFINED SYMBOLS
                            *ABS*:00000000 usb_otg.c
C:\usertemp\ccJbkqRS.s:22     .text.MX_USB_OTG_FS_PCD_Init:00000000 $t
C:\usertemp\ccJbkqRS.s:28     .text.MX_USB_OTG_FS_PCD_Init:00000000 MX_USB_OTG_FS_PCD_Init
C:\usertemp\ccJbkqRS.s:95     .text.MX_USB_OTG_FS_PCD_Init:00000030 $d
C:\usertemp\ccJbkqRS.s:360    .bss.hpcd_USB_OTG_FS:00000000 hpcd_USB_OTG_FS
C:\usertemp\ccJbkqRS.s:101    .text.HAL_PCD_MspInit:00000000 $t
C:\usertemp\ccJbkqRS.s:107    .text.HAL_PCD_MspInit:00000000 HAL_PCD_MspInit
C:\usertemp\ccJbkqRS.s:289    .text.HAL_PCD_MspInit:000000dc $d
C:\usertemp\ccJbkqRS.s:296    .text.HAL_PCD_MspDeInit:00000000 $t
C:\usertemp\ccJbkqRS.s:302    .text.HAL_PCD_MspDeInit:00000000 HAL_PCD_MspDeInit
C:\usertemp\ccJbkqRS.s:349    .text.HAL_PCD_MspDeInit:0000002c $d
C:\usertemp\ccJbkqRS.s:357    .bss.hpcd_USB_OTG_FS:00000000 $d

UNDEFINED SYMBOLS
HAL_PCD_Init
Error_Handler
memset
HAL_RCCEx_PeriphCLKConfig
HAL_GPIO_Init
HAL_PWREx_EnableVddUSB
HAL_NVIC_SetPriority
HAL_NVIC_EnableIRQ
HAL_GPIO_DeInit
HAL_NVIC_DisableIRQ
