ARM GAS  C:\usertemp\cci8o0lg.s 			page 1


   1              		.cpu cortex-m33
   2              		.arch armv8-m.main
   3              		.fpu fpv4-sp-d16
   4              		.arch_extension dsp
   5              		.eabi_attribute 27, 1
   6              		.eabi_attribute 28, 1
   7              		.eabi_attribute 20, 1
   8              		.eabi_attribute 21, 1
   9              		.eabi_attribute 23, 3
  10              		.eabi_attribute 24, 1
  11              		.eabi_attribute 25, 1
  12              		.eabi_attribute 26, 1
  13              		.eabi_attribute 30, 1
  14              		.eabi_attribute 34, 1
  15              		.eabi_attribute 18, 4
  16              		.file	"ux_device_class_hid_report_set.c"
  17              		.text
  18              	.Ltext0:
  19              		.cfi_sections	.debug_frame
  20              		.file 1 "Middlewares/ST/usbx/common/usbx_device_classes/src/ux_device_class_hid_report_set.c"
  21              		.section	.text._ux_device_class_hid_report_set,"ax",%progbits
  22              		.align	1
  23              		.global	_ux_device_class_hid_report_set
  24              		.syntax unified
  25              		.thumb
  26              		.thumb_func
  28              	_ux_device_class_hid_report_set:
  29              	.LVL0:
  30              	.LFB11:
   1:Middlewares/ST/usbx/common/usbx_device_classes/src/ux_device_class_hid_report_set.c **** /**************************************************************************/
   2:Middlewares/ST/usbx/common/usbx_device_classes/src/ux_device_class_hid_report_set.c **** /*                                                                        */
   3:Middlewares/ST/usbx/common/usbx_device_classes/src/ux_device_class_hid_report_set.c **** /*       Copyright (c) Microsoft Corporation. All rights reserved.        */
   4:Middlewares/ST/usbx/common/usbx_device_classes/src/ux_device_class_hid_report_set.c **** /*                                                                        */
   5:Middlewares/ST/usbx/common/usbx_device_classes/src/ux_device_class_hid_report_set.c **** /*       This software is licensed under the Microsoft Software License   */
   6:Middlewares/ST/usbx/common/usbx_device_classes/src/ux_device_class_hid_report_set.c **** /*       Terms for Microsoft Azure RTOS. Full text of the license can be  */
   7:Middlewares/ST/usbx/common/usbx_device_classes/src/ux_device_class_hid_report_set.c **** /*       found in the LICENSE file at https://aka.ms/AzureRTOS_EULA       */
   8:Middlewares/ST/usbx/common/usbx_device_classes/src/ux_device_class_hid_report_set.c **** /*       and in the root directory of this software.                      */
   9:Middlewares/ST/usbx/common/usbx_device_classes/src/ux_device_class_hid_report_set.c **** /*                                                                        */
  10:Middlewares/ST/usbx/common/usbx_device_classes/src/ux_device_class_hid_report_set.c **** /**************************************************************************/
  11:Middlewares/ST/usbx/common/usbx_device_classes/src/ux_device_class_hid_report_set.c **** 
  12:Middlewares/ST/usbx/common/usbx_device_classes/src/ux_device_class_hid_report_set.c **** 
  13:Middlewares/ST/usbx/common/usbx_device_classes/src/ux_device_class_hid_report_set.c **** /**************************************************************************/
  14:Middlewares/ST/usbx/common/usbx_device_classes/src/ux_device_class_hid_report_set.c **** /**************************************************************************/
  15:Middlewares/ST/usbx/common/usbx_device_classes/src/ux_device_class_hid_report_set.c **** /**                                                                       */ 
  16:Middlewares/ST/usbx/common/usbx_device_classes/src/ux_device_class_hid_report_set.c **** /** USBX Component                                                        */ 
  17:Middlewares/ST/usbx/common/usbx_device_classes/src/ux_device_class_hid_report_set.c **** /**                                                                       */
  18:Middlewares/ST/usbx/common/usbx_device_classes/src/ux_device_class_hid_report_set.c **** /**   Device HID Class                                                    */
  19:Middlewares/ST/usbx/common/usbx_device_classes/src/ux_device_class_hid_report_set.c **** /**                                                                       */
  20:Middlewares/ST/usbx/common/usbx_device_classes/src/ux_device_class_hid_report_set.c **** /**************************************************************************/
  21:Middlewares/ST/usbx/common/usbx_device_classes/src/ux_device_class_hid_report_set.c **** /**************************************************************************/
  22:Middlewares/ST/usbx/common/usbx_device_classes/src/ux_device_class_hid_report_set.c **** 
  23:Middlewares/ST/usbx/common/usbx_device_classes/src/ux_device_class_hid_report_set.c **** #define UX_SOURCE_CODE
  24:Middlewares/ST/usbx/common/usbx_device_classes/src/ux_device_class_hid_report_set.c **** 
  25:Middlewares/ST/usbx/common/usbx_device_classes/src/ux_device_class_hid_report_set.c **** 
  26:Middlewares/ST/usbx/common/usbx_device_classes/src/ux_device_class_hid_report_set.c **** /* Include necessary system files.  */
  27:Middlewares/ST/usbx/common/usbx_device_classes/src/ux_device_class_hid_report_set.c **** 
  28:Middlewares/ST/usbx/common/usbx_device_classes/src/ux_device_class_hid_report_set.c **** #include "ux_api.h"
ARM GAS  C:\usertemp\cci8o0lg.s 			page 2


  29:Middlewares/ST/usbx/common/usbx_device_classes/src/ux_device_class_hid_report_set.c **** #include "ux_device_class_hid.h"
  30:Middlewares/ST/usbx/common/usbx_device_classes/src/ux_device_class_hid_report_set.c **** #include "ux_device_stack.h"
  31:Middlewares/ST/usbx/common/usbx_device_classes/src/ux_device_class_hid_report_set.c **** 
  32:Middlewares/ST/usbx/common/usbx_device_classes/src/ux_device_class_hid_report_set.c **** 
  33:Middlewares/ST/usbx/common/usbx_device_classes/src/ux_device_class_hid_report_set.c **** /**************************************************************************/
  34:Middlewares/ST/usbx/common/usbx_device_classes/src/ux_device_class_hid_report_set.c **** /*                                                                        */
  35:Middlewares/ST/usbx/common/usbx_device_classes/src/ux_device_class_hid_report_set.c **** /*  FUNCTION                                               RELEASE        */
  36:Middlewares/ST/usbx/common/usbx_device_classes/src/ux_device_class_hid_report_set.c **** /*                                                                        */
  37:Middlewares/ST/usbx/common/usbx_device_classes/src/ux_device_class_hid_report_set.c **** /*    _ux_device_class_hid_report_set                     PORTABLE C      */
  38:Middlewares/ST/usbx/common/usbx_device_classes/src/ux_device_class_hid_report_set.c **** /*                                                           6.3.0        */
  39:Middlewares/ST/usbx/common/usbx_device_classes/src/ux_device_class_hid_report_set.c **** /*  AUTHOR                                                                */
  40:Middlewares/ST/usbx/common/usbx_device_classes/src/ux_device_class_hid_report_set.c **** /*                                                                        */
  41:Middlewares/ST/usbx/common/usbx_device_classes/src/ux_device_class_hid_report_set.c **** /*    Chaoqiong Xiao, Microsoft Corporation                               */
  42:Middlewares/ST/usbx/common/usbx_device_classes/src/ux_device_class_hid_report_set.c **** /*                                                                        */
  43:Middlewares/ST/usbx/common/usbx_device_classes/src/ux_device_class_hid_report_set.c **** /*  DESCRIPTION                                                           */
  44:Middlewares/ST/usbx/common/usbx_device_classes/src/ux_device_class_hid_report_set.c **** /*                                                                        */
  45:Middlewares/ST/usbx/common/usbx_device_classes/src/ux_device_class_hid_report_set.c **** /*    This function gets from the control pipe a report to be set from    */
  46:Middlewares/ST/usbx/common/usbx_device_classes/src/ux_device_class_hid_report_set.c **** /*    the host.                                                           */
  47:Middlewares/ST/usbx/common/usbx_device_classes/src/ux_device_class_hid_report_set.c **** /*                                                                        */
  48:Middlewares/ST/usbx/common/usbx_device_classes/src/ux_device_class_hid_report_set.c **** /*  INPUT                                                                 */
  49:Middlewares/ST/usbx/common/usbx_device_classes/src/ux_device_class_hid_report_set.c **** /*                                                                        */
  50:Middlewares/ST/usbx/common/usbx_device_classes/src/ux_device_class_hid_report_set.c **** /*    hid                                   Pointer to hid instance       */
  51:Middlewares/ST/usbx/common/usbx_device_classes/src/ux_device_class_hid_report_set.c **** /*    descriptor_type                       Descriptor type               */
  52:Middlewares/ST/usbx/common/usbx_device_classes/src/ux_device_class_hid_report_set.c **** /*    descriptor_index                      Index of descriptor           */
  53:Middlewares/ST/usbx/common/usbx_device_classes/src/ux_device_class_hid_report_set.c **** /*    host_length                           Length requested by host      */
  54:Middlewares/ST/usbx/common/usbx_device_classes/src/ux_device_class_hid_report_set.c **** /*                                                                        */
  55:Middlewares/ST/usbx/common/usbx_device_classes/src/ux_device_class_hid_report_set.c **** /*  OUTPUT                                                                */
  56:Middlewares/ST/usbx/common/usbx_device_classes/src/ux_device_class_hid_report_set.c **** /*                                                                        */
  57:Middlewares/ST/usbx/common/usbx_device_classes/src/ux_device_class_hid_report_set.c **** /*    Completion Status                                                   */ 
  58:Middlewares/ST/usbx/common/usbx_device_classes/src/ux_device_class_hid_report_set.c **** /*                                                                        */
  59:Middlewares/ST/usbx/common/usbx_device_classes/src/ux_device_class_hid_report_set.c **** /*  CALLS                                                                 */ 
  60:Middlewares/ST/usbx/common/usbx_device_classes/src/ux_device_class_hid_report_set.c **** /*                                                                        */ 
  61:Middlewares/ST/usbx/common/usbx_device_classes/src/ux_device_class_hid_report_set.c **** /*    _ux_utility_memory_copy               Memory copy                   */ 
  62:Middlewares/ST/usbx/common/usbx_device_classes/src/ux_device_class_hid_report_set.c **** /*                                                                        */ 
  63:Middlewares/ST/usbx/common/usbx_device_classes/src/ux_device_class_hid_report_set.c **** /*  CALLED BY                                                             */ 
  64:Middlewares/ST/usbx/common/usbx_device_classes/src/ux_device_class_hid_report_set.c **** /*                                                                        */ 
  65:Middlewares/ST/usbx/common/usbx_device_classes/src/ux_device_class_hid_report_set.c **** /*    Device HID                                                          */
  66:Middlewares/ST/usbx/common/usbx_device_classes/src/ux_device_class_hid_report_set.c **** /*                                                                        */ 
  67:Middlewares/ST/usbx/common/usbx_device_classes/src/ux_device_class_hid_report_set.c **** /*  RELEASE HISTORY                                                       */ 
  68:Middlewares/ST/usbx/common/usbx_device_classes/src/ux_device_class_hid_report_set.c **** /*                                                                        */ 
  69:Middlewares/ST/usbx/common/usbx_device_classes/src/ux_device_class_hid_report_set.c **** /*    DATE              NAME                      DESCRIPTION             */ 
  70:Middlewares/ST/usbx/common/usbx_device_classes/src/ux_device_class_hid_report_set.c **** /*                                                                        */ 
  71:Middlewares/ST/usbx/common/usbx_device_classes/src/ux_device_class_hid_report_set.c **** /*  05-19-2020     Chaoqiong Xiao           Initial Version 6.0           */
  72:Middlewares/ST/usbx/common/usbx_device_classes/src/ux_device_class_hid_report_set.c **** /*  09-30-2020     Chaoqiong Xiao           Modified comment(s),          */
  73:Middlewares/ST/usbx/common/usbx_device_classes/src/ux_device_class_hid_report_set.c **** /*                                            verified memset and memcpy  */
  74:Middlewares/ST/usbx/common/usbx_device_classes/src/ux_device_class_hid_report_set.c **** /*                                            cases,                      */
  75:Middlewares/ST/usbx/common/usbx_device_classes/src/ux_device_class_hid_report_set.c **** /*                                            resulting in version 6.1    */
  76:Middlewares/ST/usbx/common/usbx_device_classes/src/ux_device_class_hid_report_set.c **** /*  10-31-2023     Chaoqiong Xiao           Modified comment(s),          */
  77:Middlewares/ST/usbx/common/usbx_device_classes/src/ux_device_class_hid_report_set.c **** /*                                            resulting in version 6.3.0  */
  78:Middlewares/ST/usbx/common/usbx_device_classes/src/ux_device_class_hid_report_set.c **** /*                                                                        */
  79:Middlewares/ST/usbx/common/usbx_device_classes/src/ux_device_class_hid_report_set.c **** /**************************************************************************/
  80:Middlewares/ST/usbx/common/usbx_device_classes/src/ux_device_class_hid_report_set.c **** UINT  _ux_device_class_hid_report_set(UX_SLAVE_CLASS_HID *hid, ULONG descriptor_type, 
  81:Middlewares/ST/usbx/common/usbx_device_classes/src/ux_device_class_hid_report_set.c ****                                             ULONG request_index, ULONG host_length)
  82:Middlewares/ST/usbx/common/usbx_device_classes/src/ux_device_class_hid_report_set.c **** {
  31              		.loc 1 82 1 view -0
  32              		.cfi_startproc
  33              		@ args = 0, pretend = 0, frame = 48
ARM GAS  C:\usertemp\cci8o0lg.s 			page 3


  34              		@ frame_needed = 0, uses_anonymous_args = 0
  35              		.loc 1 82 1 is_stmt 0 view .LVU1
  36 0000 10B5     		push	{r4, lr}
  37              	.LCFI0:
  38              		.cfi_def_cfa_offset 8
  39              		.cfi_offset 4, -8
  40              		.cfi_offset 14, -4
  41 0002 8CB0     		sub	sp, sp, #48
  42              	.LCFI1:
  43              		.cfi_def_cfa_offset 56
  44 0004 0446     		mov	r4, r0
  83:Middlewares/ST/usbx/common/usbx_device_classes/src/ux_device_class_hid_report_set.c **** 
  84:Middlewares/ST/usbx/common/usbx_device_classes/src/ux_device_class_hid_report_set.c **** UX_SLAVE_DEVICE                 *device;
  45              		.loc 1 84 1 is_stmt 1 view .LVU2
  85:Middlewares/ST/usbx/common/usbx_device_classes/src/ux_device_class_hid_report_set.c **** UX_SLAVE_TRANSFER               *transfer_request;
  46              		.loc 1 85 1 view .LVU3
  86:Middlewares/ST/usbx/common/usbx_device_classes/src/ux_device_class_hid_report_set.c **** UX_SLAVE_ENDPOINT               *endpoint;
  47              		.loc 1 86 1 view .LVU4
  87:Middlewares/ST/usbx/common/usbx_device_classes/src/ux_device_class_hid_report_set.c **** UX_SLAVE_CLASS_HID_EVENT        hid_event;
  48              		.loc 1 87 1 view .LVU5
  88:Middlewares/ST/usbx/common/usbx_device_classes/src/ux_device_class_hid_report_set.c **** UCHAR                           *hid_buffer;
  49              		.loc 1 88 1 view .LVU6
  89:Middlewares/ST/usbx/common/usbx_device_classes/src/ux_device_class_hid_report_set.c **** 
  90:Middlewares/ST/usbx/common/usbx_device_classes/src/ux_device_class_hid_report_set.c ****     UX_PARAMETER_NOT_USED(request_index);
  50              		.loc 1 90 5 view .LVU7
  91:Middlewares/ST/usbx/common/usbx_device_classes/src/ux_device_class_hid_report_set.c ****     UX_PARAMETER_NOT_USED(host_length);
  51              		.loc 1 91 5 view .LVU8
  92:Middlewares/ST/usbx/common/usbx_device_classes/src/ux_device_class_hid_report_set.c **** 
  93:Middlewares/ST/usbx/common/usbx_device_classes/src/ux_device_class_hid_report_set.c ****     /* If trace is enabled, insert this event into the trace buffer.  */
  94:Middlewares/ST/usbx/common/usbx_device_classes/src/ux_device_class_hid_report_set.c ****     UX_TRACE_IN_LINE_INSERT(UX_TRACE_DEVICE_CLASS_HID_REPORT_SET, hid, descriptor_type, request_ind
  95:Middlewares/ST/usbx/common/usbx_device_classes/src/ux_device_class_hid_report_set.c **** 
  96:Middlewares/ST/usbx/common/usbx_device_classes/src/ux_device_class_hid_report_set.c ****     /* Get the pointer to the device.  */
  97:Middlewares/ST/usbx/common/usbx_device_classes/src/ux_device_class_hid_report_set.c ****     device =  &_ux_system_slave -> ux_system_slave_device;
  52              		.loc 1 97 5 view .LVU9
  53              		.loc 1 97 33 is_stmt 0 view .LVU10
  54 0006 114B     		ldr	r3, .L8
  55              	.LVL1:
  56              		.loc 1 97 33 view .LVU11
  57 0008 1B68     		ldr	r3, [r3]
  58              	.LVL2:
  98:Middlewares/ST/usbx/common/usbx_device_classes/src/ux_device_class_hid_report_set.c ****     
  99:Middlewares/ST/usbx/common/usbx_device_classes/src/ux_device_class_hid_report_set.c ****     /* Get the control endpoint associated with the device.  */
 100:Middlewares/ST/usbx/common/usbx_device_classes/src/ux_device_class_hid_report_set.c ****     endpoint =  &device -> ux_slave_device_control_endpoint;
  59              		.loc 1 100 5 is_stmt 1 view .LVU12
 101:Middlewares/ST/usbx/common/usbx_device_classes/src/ux_device_class_hid_report_set.c **** 
 102:Middlewares/ST/usbx/common/usbx_device_classes/src/ux_device_class_hid_report_set.c ****     /* Get the pointer to the transfer request associated with the endpoint.  */
 103:Middlewares/ST/usbx/common/usbx_device_classes/src/ux_device_class_hid_report_set.c ****     transfer_request =  &endpoint -> ux_slave_endpoint_transfer_request;
  60              		.loc 1 103 5 view .LVU13
 104:Middlewares/ST/usbx/common/usbx_device_classes/src/ux_device_class_hid_report_set.c ****     
 105:Middlewares/ST/usbx/common/usbx_device_classes/src/ux_device_class_hid_report_set.c ****     /* Set the event type to OUTPUT.  */
 106:Middlewares/ST/usbx/common/usbx_device_classes/src/ux_device_class_hid_report_set.c ****     hid_event.ux_device_class_hid_event_report_type =  descriptor_type;
  61              		.loc 1 106 5 view .LVU14
  62              		.loc 1 106 53 is_stmt 0 view .LVU15
  63 000a 0291     		str	r1, [sp, #8]
 107:Middlewares/ST/usbx/common/usbx_device_classes/src/ux_device_class_hid_report_set.c ****     
 108:Middlewares/ST/usbx/common/usbx_device_classes/src/ux_device_class_hid_report_set.c ****     /* Get HID data address.  */
 109:Middlewares/ST/usbx/common/usbx_device_classes/src/ux_device_class_hid_report_set.c ****     hid_buffer = transfer_request -> ux_slave_transfer_request_data_pointer;
ARM GAS  C:\usertemp\cci8o0lg.s 			page 4


  64              		.loc 1 109 5 is_stmt 1 view .LVU16
  65              		.loc 1 109 16 is_stmt 0 view .LVU17
  66 000c 596E     		ldr	r1, [r3, #100]
  67              	.LVL3:
 110:Middlewares/ST/usbx/common/usbx_device_classes/src/ux_device_class_hid_report_set.c **** 
 111:Middlewares/ST/usbx/common/usbx_device_classes/src/ux_device_class_hid_report_set.c ****     /* Check for report ID in this HID descriptor.  */
 112:Middlewares/ST/usbx/common/usbx_device_classes/src/ux_device_class_hid_report_set.c ****     if (hid -> ux_device_class_hid_report_id == UX_TRUE)
  68              		.loc 1 112 5 is_stmt 1 view .LVU18
  69              		.loc 1 112 13 is_stmt 0 view .LVU19
  70 000e 026A     		ldr	r2, [r0, #32]
  71              	.LVL4:
  72              		.loc 1 112 8 view .LVU20
  73 0010 012A     		cmp	r2, #1
  74 0012 14D0     		beq	.L7
 113:Middlewares/ST/usbx/common/usbx_device_classes/src/ux_device_class_hid_report_set.c ****     {
 114:Middlewares/ST/usbx/common/usbx_device_classes/src/ux_device_class_hid_report_set.c ****         /* Set the report ID, First byte of data payload.  */
 115:Middlewares/ST/usbx/common/usbx_device_classes/src/ux_device_class_hid_report_set.c ****         hid_event.ux_device_class_hid_event_report_id = (ULONG) *hid_buffer;
 116:Middlewares/ST/usbx/common/usbx_device_classes/src/ux_device_class_hid_report_set.c **** 
 117:Middlewares/ST/usbx/common/usbx_device_classes/src/ux_device_class_hid_report_set.c ****         /* Set the length = total length - report ID. */
 118:Middlewares/ST/usbx/common/usbx_device_classes/src/ux_device_class_hid_report_set.c ****         hid_event.ux_device_class_hid_event_length = transfer_request -> ux_slave_transfer_request_
 119:Middlewares/ST/usbx/common/usbx_device_classes/src/ux_device_class_hid_report_set.c ****     
 120:Middlewares/ST/usbx/common/usbx_device_classes/src/ux_device_class_hid_report_set.c ****         /* Set HID data after report ID.  */
 121:Middlewares/ST/usbx/common/usbx_device_classes/src/ux_device_class_hid_report_set.c ****         hid_buffer++;
 122:Middlewares/ST/usbx/common/usbx_device_classes/src/ux_device_class_hid_report_set.c ****     }
 123:Middlewares/ST/usbx/common/usbx_device_classes/src/ux_device_class_hid_report_set.c ****         
 124:Middlewares/ST/usbx/common/usbx_device_classes/src/ux_device_class_hid_report_set.c ****     else
 125:Middlewares/ST/usbx/common/usbx_device_classes/src/ux_device_class_hid_report_set.c ****     {    
 126:Middlewares/ST/usbx/common/usbx_device_classes/src/ux_device_class_hid_report_set.c ****         /* Set the report ID, not used here.  */
 127:Middlewares/ST/usbx/common/usbx_device_classes/src/ux_device_class_hid_report_set.c ****         hid_event.ux_device_class_hid_event_report_id = 0;
  75              		.loc 1 127 9 is_stmt 1 view .LVU21
  76              		.loc 1 127 55 is_stmt 0 view .LVU22
  77 0014 0022     		movs	r2, #0
  78 0016 0192     		str	r2, [sp, #4]
 128:Middlewares/ST/usbx/common/usbx_device_classes/src/ux_device_class_hid_report_set.c **** 
 129:Middlewares/ST/usbx/common/usbx_device_classes/src/ux_device_class_hid_report_set.c ****         /* Set the length.  */
 130:Middlewares/ST/usbx/common/usbx_device_classes/src/ux_device_class_hid_report_set.c ****         hid_event.ux_device_class_hid_event_length = transfer_request -> ux_slave_transfer_request_
  79              		.loc 1 130 9 is_stmt 1 view .LVU23
  80              		.loc 1 130 71 is_stmt 0 view .LVU24
  81 0018 1B6F     		ldr	r3, [r3, #112]
  82              	.LVL5:
  83              		.loc 1 130 52 view .LVU25
  84 001a 0393     		str	r3, [sp, #12]
  85              	.L3:
 131:Middlewares/ST/usbx/common/usbx_device_classes/src/ux_device_class_hid_report_set.c ****     }
 132:Middlewares/ST/usbx/common/usbx_device_classes/src/ux_device_class_hid_report_set.c ****         
 133:Middlewares/ST/usbx/common/usbx_device_classes/src/ux_device_class_hid_report_set.c ****     /* Copy the buffer received from the host.  Check for overflow. */
 134:Middlewares/ST/usbx/common/usbx_device_classes/src/ux_device_class_hid_report_set.c ****     if (hid_event.ux_device_class_hid_event_length > UX_DEVICE_CLASS_HID_EVENT_BUFFER_LENGTH)
  86              		.loc 1 134 5 is_stmt 1 view .LVU26
  87              		.loc 1 134 18 is_stmt 0 view .LVU27
  88 001c 039B     		ldr	r3, [sp, #12]
  89              		.loc 1 134 8 view .LVU28
  90 001e 202B     		cmp	r3, #32
  91 0020 01D9     		bls	.L4
 135:Middlewares/ST/usbx/common/usbx_device_classes/src/ux_device_class_hid_report_set.c ****     
 136:Middlewares/ST/usbx/common/usbx_device_classes/src/ux_device_class_hid_report_set.c ****         /* Overflow detected.  */
 137:Middlewares/ST/usbx/common/usbx_device_classes/src/ux_device_class_hid_report_set.c ****         hid_event.ux_device_class_hid_event_length = UX_DEVICE_CLASS_HID_EVENT_BUFFER_LENGTH;      
  92              		.loc 1 137 9 is_stmt 1 view .LVU29
ARM GAS  C:\usertemp\cci8o0lg.s 			page 5


  93              		.loc 1 137 52 is_stmt 0 view .LVU30
  94 0022 2023     		movs	r3, #32
  95 0024 0393     		str	r3, [sp, #12]
  96              	.L4:
 138:Middlewares/ST/usbx/common/usbx_device_classes/src/ux_device_class_hid_report_set.c ****         
 139:Middlewares/ST/usbx/common/usbx_device_classes/src/ux_device_class_hid_report_set.c ****     /* Now we can safely copy the payload.  */
 140:Middlewares/ST/usbx/common/usbx_device_classes/src/ux_device_class_hid_report_set.c ****     _ux_utility_memory_copy(hid_event.ux_device_class_hid_event_buffer, hid_buffer, 
  97              		.loc 1 140 5 is_stmt 1 view .LVU31
  98 0026 039A     		ldr	r2, [sp, #12]
  99 0028 04A8     		add	r0, sp, #16
 100              	.LVL6:
 101              		.loc 1 140 5 is_stmt 0 view .LVU32
 102 002a FFF7FEFF 		bl	_ux_utility_memory_copy
 103              	.LVL7:
 141:Middlewares/ST/usbx/common/usbx_device_classes/src/ux_device_class_hid_report_set.c ****                                 hid_event.ux_device_class_hid_event_length); /* Use case of memcpy 
 142:Middlewares/ST/usbx/common/usbx_device_classes/src/ux_device_class_hid_report_set.c **** 
 143:Middlewares/ST/usbx/common/usbx_device_classes/src/ux_device_class_hid_report_set.c ****     /* If there is a callback defined by the application, send the hid event to it.  */
 144:Middlewares/ST/usbx/common/usbx_device_classes/src/ux_device_class_hid_report_set.c ****     if (hid -> ux_device_class_hid_callback != UX_NULL)
 104              		.loc 1 144 5 is_stmt 1 view .LVU33
 105              		.loc 1 144 13 is_stmt 0 view .LVU34
 106 002e E368     		ldr	r3, [r4, #12]
 107              		.loc 1 144 8 view .LVU35
 108 0030 13B1     		cbz	r3, .L5
 145:Middlewares/ST/usbx/common/usbx_device_classes/src/ux_device_class_hid_report_set.c ****     
 146:Middlewares/ST/usbx/common/usbx_device_classes/src/ux_device_class_hid_report_set.c ****         /* Callback exists. */
 147:Middlewares/ST/usbx/common/usbx_device_classes/src/ux_device_class_hid_report_set.c ****         hid -> ux_device_class_hid_callback(hid, &hid_event);
 109              		.loc 1 147 9 is_stmt 1 view .LVU36
 110 0032 01A9     		add	r1, sp, #4
 111 0034 2046     		mov	r0, r4
 112 0036 9847     		blx	r3
 113              	.LVL8:
 114              	.L5:
 148:Middlewares/ST/usbx/common/usbx_device_classes/src/ux_device_class_hid_report_set.c ****         
 149:Middlewares/ST/usbx/common/usbx_device_classes/src/ux_device_class_hid_report_set.c ****     /* Return the status to the caller.  */
 150:Middlewares/ST/usbx/common/usbx_device_classes/src/ux_device_class_hid_report_set.c ****     return(UX_SUCCESS);
 115              		.loc 1 150 5 view .LVU37
 151:Middlewares/ST/usbx/common/usbx_device_classes/src/ux_device_class_hid_report_set.c **** }
 116              		.loc 1 151 1 is_stmt 0 view .LVU38
 117 0038 0020     		movs	r0, #0
 118 003a 0CB0     		add	sp, sp, #48
 119              	.LCFI2:
 120              		.cfi_remember_state
 121              		.cfi_def_cfa_offset 8
 122              		@ sp needed
 123 003c 10BD     		pop	{r4, pc}
 124              	.LVL9:
 125              	.L7:
 126              	.LCFI3:
 127              		.cfi_restore_state
 115:Middlewares/ST/usbx/common/usbx_device_classes/src/ux_device_class_hid_report_set.c **** 
 128              		.loc 1 115 9 is_stmt 1 view .LVU39
 115:Middlewares/ST/usbx/common/usbx_device_classes/src/ux_device_class_hid_report_set.c **** 
 129              		.loc 1 115 65 is_stmt 0 view .LVU40
 130 003e 11F8012B 		ldrb	r2, [r1], #1	@ zero_extendqisi2
 131              	.LVL10:
 115:Middlewares/ST/usbx/common/usbx_device_classes/src/ux_device_class_hid_report_set.c **** 
 132              		.loc 1 115 55 view .LVU41
ARM GAS  C:\usertemp\cci8o0lg.s 			page 6


 133 0042 0192     		str	r2, [sp, #4]
 118:Middlewares/ST/usbx/common/usbx_device_classes/src/ux_device_class_hid_report_set.c ****     
 134              		.loc 1 118 9 is_stmt 1 view .LVU42
 118:Middlewares/ST/usbx/common/usbx_device_classes/src/ux_device_class_hid_report_set.c ****     
 135              		.loc 1 118 71 is_stmt 0 view .LVU43
 136 0044 1B6F     		ldr	r3, [r3, #112]
 137              	.LVL11:
 118:Middlewares/ST/usbx/common/usbx_device_classes/src/ux_device_class_hid_report_set.c ****     
 138              		.loc 1 118 114 view .LVU44
 139 0046 013B     		subs	r3, r3, #1
 118:Middlewares/ST/usbx/common/usbx_device_classes/src/ux_device_class_hid_report_set.c ****     
 140              		.loc 1 118 52 view .LVU45
 141 0048 0393     		str	r3, [sp, #12]
 121:Middlewares/ST/usbx/common/usbx_device_classes/src/ux_device_class_hid_report_set.c ****     }
 142              		.loc 1 121 9 is_stmt 1 view .LVU46
 143              	.LVL12:
 121:Middlewares/ST/usbx/common/usbx_device_classes/src/ux_device_class_hid_report_set.c ****     }
 144              		.loc 1 121 9 is_stmt 0 view .LVU47
 145 004a E7E7     		b	.L3
 146              	.L9:
 147              		.align	2
 148              	.L8:
 149 004c 00000000 		.word	_ux_system_slave
 150              		.cfi_endproc
 151              	.LFE11:
 153              		.text
 154              	.Letext0:
 155              		.file 2 "Middlewares/ST/threadx/ports/cortex_m33/gnu/inc/tx_port.h"
 156              		.file 3 "Middlewares/ST/threadx/common/inc/tx_api.h"
 157              		.file 4 "Middlewares/ST/usbx/common/core/inc/ux_api.h"
 158              		.file 5 "Middlewares/ST/usbx/common/usbx_device_classes/inc/ux_device_class_hid.h"
 159              		.file 6 "Middlewares/ST/usbx/common/core/inc/ux_system.h"
 160              		.file 7 "Middlewares/ST/usbx/common/core/inc/ux_utility.h"
ARM GAS  C:\usertemp\cci8o0lg.s 			page 7


DEFINED SYMBOLS
                            *ABS*:00000000 ux_device_class_hid_report_set.c
C:\usertemp\cci8o0lg.s:22     .text._ux_device_class_hid_report_set:00000000 $t
C:\usertemp\cci8o0lg.s:28     .text._ux_device_class_hid_report_set:00000000 _ux_device_class_hid_report_set
C:\usertemp\cci8o0lg.s:149    .text._ux_device_class_hid_report_set:0000004c $d

UNDEFINED SYMBOLS
_ux_utility_memory_copy
_ux_system_slave
