ARM GAS  C:\usertemp\ccn2Rdxd.s 			page 1


   1              		.cpu cortex-m33
   2              		.arch armv8-m.main
   3              		.fpu fpv4-sp-d16
   4              		.arch_extension dsp
   5              		.eabi_attribute 27, 1
   6              		.eabi_attribute 28, 1
   7              		.eabi_attribute 20, 1
   8              		.eabi_attribute 21, 1
   9              		.eabi_attribute 23, 3
  10              		.eabi_attribute 24, 1
  11              		.eabi_attribute 25, 1
  12              		.eabi_attribute 26, 1
  13              		.eabi_attribute 30, 1
  14              		.eabi_attribute 34, 1
  15              		.eabi_attribute 18, 4
  16              		.file	"ux_device_stack_alternate_setting_get.c"
  17              		.text
  18              	.Ltext0:
  19              		.cfi_sections	.debug_frame
  20              		.file 1 "Middlewares/ST/usbx/common/core/src/ux_device_stack_alternate_setting_get.c"
  21              		.section	.text._ux_device_stack_alternate_setting_get,"ax",%progbits
  22              		.align	1
  23              		.global	_ux_device_stack_alternate_setting_get
  24              		.syntax unified
  25              		.thumb
  26              		.thumb_func
  28              	_ux_device_stack_alternate_setting_get:
  29              	.LVL0:
  30              	.LFB11:
   1:Middlewares/ST/usbx/common/core/src/ux_device_stack_alternate_setting_get.c **** /**************************************************************************/
   2:Middlewares/ST/usbx/common/core/src/ux_device_stack_alternate_setting_get.c **** /*                                                                        */
   3:Middlewares/ST/usbx/common/core/src/ux_device_stack_alternate_setting_get.c **** /*       Copyright (c) Microsoft Corporation. All rights reserved.        */
   4:Middlewares/ST/usbx/common/core/src/ux_device_stack_alternate_setting_get.c **** /*                                                                        */
   5:Middlewares/ST/usbx/common/core/src/ux_device_stack_alternate_setting_get.c **** /*       This software is licensed under the Microsoft Software License   */
   6:Middlewares/ST/usbx/common/core/src/ux_device_stack_alternate_setting_get.c **** /*       Terms for Microsoft Azure RTOS. Full text of the license can be  */
   7:Middlewares/ST/usbx/common/core/src/ux_device_stack_alternate_setting_get.c **** /*       found in the LICENSE file at https://aka.ms/AzureRTOS_EULA       */
   8:Middlewares/ST/usbx/common/core/src/ux_device_stack_alternate_setting_get.c **** /*       and in the root directory of this software.                      */
   9:Middlewares/ST/usbx/common/core/src/ux_device_stack_alternate_setting_get.c **** /*                                                                        */
  10:Middlewares/ST/usbx/common/core/src/ux_device_stack_alternate_setting_get.c **** /**************************************************************************/
  11:Middlewares/ST/usbx/common/core/src/ux_device_stack_alternate_setting_get.c **** 
  12:Middlewares/ST/usbx/common/core/src/ux_device_stack_alternate_setting_get.c **** 
  13:Middlewares/ST/usbx/common/core/src/ux_device_stack_alternate_setting_get.c **** /**************************************************************************/
  14:Middlewares/ST/usbx/common/core/src/ux_device_stack_alternate_setting_get.c **** /**************************************************************************/
  15:Middlewares/ST/usbx/common/core/src/ux_device_stack_alternate_setting_get.c **** /**                                                                       */ 
  16:Middlewares/ST/usbx/common/core/src/ux_device_stack_alternate_setting_get.c **** /** USBX Component                                                        */ 
  17:Middlewares/ST/usbx/common/core/src/ux_device_stack_alternate_setting_get.c **** /**                                                                       */
  18:Middlewares/ST/usbx/common/core/src/ux_device_stack_alternate_setting_get.c **** /**   Device Stack                                                        */
  19:Middlewares/ST/usbx/common/core/src/ux_device_stack_alternate_setting_get.c **** /**                                                                       */
  20:Middlewares/ST/usbx/common/core/src/ux_device_stack_alternate_setting_get.c **** /**************************************************************************/
  21:Middlewares/ST/usbx/common/core/src/ux_device_stack_alternate_setting_get.c **** /**************************************************************************/
  22:Middlewares/ST/usbx/common/core/src/ux_device_stack_alternate_setting_get.c **** 
  23:Middlewares/ST/usbx/common/core/src/ux_device_stack_alternate_setting_get.c **** #define UX_SOURCE_CODE
  24:Middlewares/ST/usbx/common/core/src/ux_device_stack_alternate_setting_get.c **** 
  25:Middlewares/ST/usbx/common/core/src/ux_device_stack_alternate_setting_get.c **** 
  26:Middlewares/ST/usbx/common/core/src/ux_device_stack_alternate_setting_get.c **** /* Include necessary system files.  */
  27:Middlewares/ST/usbx/common/core/src/ux_device_stack_alternate_setting_get.c **** 
  28:Middlewares/ST/usbx/common/core/src/ux_device_stack_alternate_setting_get.c **** #include "ux_api.h"
ARM GAS  C:\usertemp\ccn2Rdxd.s 			page 2


  29:Middlewares/ST/usbx/common/core/src/ux_device_stack_alternate_setting_get.c **** #include "ux_device_stack.h"
  30:Middlewares/ST/usbx/common/core/src/ux_device_stack_alternate_setting_get.c **** 
  31:Middlewares/ST/usbx/common/core/src/ux_device_stack_alternate_setting_get.c **** 
  32:Middlewares/ST/usbx/common/core/src/ux_device_stack_alternate_setting_get.c **** /**************************************************************************/
  33:Middlewares/ST/usbx/common/core/src/ux_device_stack_alternate_setting_get.c **** /*                                                                        */
  34:Middlewares/ST/usbx/common/core/src/ux_device_stack_alternate_setting_get.c **** /*    FUNCTION                                             RELEASE        */
  35:Middlewares/ST/usbx/common/core/src/ux_device_stack_alternate_setting_get.c **** /*                                                                        */
  36:Middlewares/ST/usbx/common/core/src/ux_device_stack_alternate_setting_get.c **** /*      _ux_device_stack_alternate_setting_get            PORTABLE C      */
  37:Middlewares/ST/usbx/common/core/src/ux_device_stack_alternate_setting_get.c **** /*                                                           6.1.12       */
  38:Middlewares/ST/usbx/common/core/src/ux_device_stack_alternate_setting_get.c **** /*  AUTHOR                                                                */
  39:Middlewares/ST/usbx/common/core/src/ux_device_stack_alternate_setting_get.c **** /*                                                                        */
  40:Middlewares/ST/usbx/common/core/src/ux_device_stack_alternate_setting_get.c **** /*    Chaoqiong Xiao, Microsoft Corporation                               */
  41:Middlewares/ST/usbx/common/core/src/ux_device_stack_alternate_setting_get.c **** /*                                                                        */
  42:Middlewares/ST/usbx/common/core/src/ux_device_stack_alternate_setting_get.c **** /*  DESCRIPTION                                                           */
  43:Middlewares/ST/usbx/common/core/src/ux_device_stack_alternate_setting_get.c **** /*                                                                        */
  44:Middlewares/ST/usbx/common/core/src/ux_device_stack_alternate_setting_get.c **** /*    This function gets the alternate setting for a specific interface.  */
  45:Middlewares/ST/usbx/common/core/src/ux_device_stack_alternate_setting_get.c **** /*                                                                        */
  46:Middlewares/ST/usbx/common/core/src/ux_device_stack_alternate_setting_get.c **** /*  INPUT                                                                 */
  47:Middlewares/ST/usbx/common/core/src/ux_device_stack_alternate_setting_get.c **** /*                                                                        */
  48:Middlewares/ST/usbx/common/core/src/ux_device_stack_alternate_setting_get.c **** /*    endpoint                              Pointer to endpoint           */
  49:Middlewares/ST/usbx/common/core/src/ux_device_stack_alternate_setting_get.c **** /*    interface_value                       Interface value               */
  50:Middlewares/ST/usbx/common/core/src/ux_device_stack_alternate_setting_get.c **** /*                                                                        */
  51:Middlewares/ST/usbx/common/core/src/ux_device_stack_alternate_setting_get.c **** /*  OUTPUT                                                                */
  52:Middlewares/ST/usbx/common/core/src/ux_device_stack_alternate_setting_get.c **** /*                                                                        */
  53:Middlewares/ST/usbx/common/core/src/ux_device_stack_alternate_setting_get.c **** /*    Completion Status                                                   */ 
  54:Middlewares/ST/usbx/common/core/src/ux_device_stack_alternate_setting_get.c **** /*                                                                        */
  55:Middlewares/ST/usbx/common/core/src/ux_device_stack_alternate_setting_get.c **** /*  CALLS                                                                 */ 
  56:Middlewares/ST/usbx/common/core/src/ux_device_stack_alternate_setting_get.c **** /*                                                                        */ 
  57:Middlewares/ST/usbx/common/core/src/ux_device_stack_alternate_setting_get.c **** /*    _ux_device_stack_transfer_request     Process transfer request      */
  58:Middlewares/ST/usbx/common/core/src/ux_device_stack_alternate_setting_get.c **** /*                                                                        */ 
  59:Middlewares/ST/usbx/common/core/src/ux_device_stack_alternate_setting_get.c **** /*  CALLED BY                                                             */ 
  60:Middlewares/ST/usbx/common/core/src/ux_device_stack_alternate_setting_get.c **** /*                                                                        */ 
  61:Middlewares/ST/usbx/common/core/src/ux_device_stack_alternate_setting_get.c **** /*    Application                                                         */ 
  62:Middlewares/ST/usbx/common/core/src/ux_device_stack_alternate_setting_get.c **** /*    Device Stack                                                        */
  63:Middlewares/ST/usbx/common/core/src/ux_device_stack_alternate_setting_get.c **** /*                                                                        */ 
  64:Middlewares/ST/usbx/common/core/src/ux_device_stack_alternate_setting_get.c **** /*  RELEASE HISTORY                                                       */ 
  65:Middlewares/ST/usbx/common/core/src/ux_device_stack_alternate_setting_get.c **** /*                                                                        */ 
  66:Middlewares/ST/usbx/common/core/src/ux_device_stack_alternate_setting_get.c **** /*    DATE              NAME                      DESCRIPTION             */ 
  67:Middlewares/ST/usbx/common/core/src/ux_device_stack_alternate_setting_get.c **** /*                                                                        */ 
  68:Middlewares/ST/usbx/common/core/src/ux_device_stack_alternate_setting_get.c **** /*  05-19-2020     Chaoqiong Xiao           Initial Version 6.0           */
  69:Middlewares/ST/usbx/common/core/src/ux_device_stack_alternate_setting_get.c **** /*  09-30-2020     Chaoqiong Xiao           Modified comment(s),          */
  70:Middlewares/ST/usbx/common/core/src/ux_device_stack_alternate_setting_get.c **** /*                                            optimized based on compile  */
  71:Middlewares/ST/usbx/common/core/src/ux_device_stack_alternate_setting_get.c **** /*                                            definitions,                */
  72:Middlewares/ST/usbx/common/core/src/ux_device_stack_alternate_setting_get.c **** /*                                            resulting in version 6.1    */
  73:Middlewares/ST/usbx/common/core/src/ux_device_stack_alternate_setting_get.c **** /*  07-29-2022     Chaoqiong Xiao           Modified comment(s),          */
  74:Middlewares/ST/usbx/common/core/src/ux_device_stack_alternate_setting_get.c **** /*                                            fixed parameter/variable    */
  75:Middlewares/ST/usbx/common/core/src/ux_device_stack_alternate_setting_get.c **** /*                                            names conflict C++ keyword, */
  76:Middlewares/ST/usbx/common/core/src/ux_device_stack_alternate_setting_get.c **** /*                                            resulting in version 6.1.12 */
  77:Middlewares/ST/usbx/common/core/src/ux_device_stack_alternate_setting_get.c **** /*                                                                        */
  78:Middlewares/ST/usbx/common/core/src/ux_device_stack_alternate_setting_get.c **** /**************************************************************************/
  79:Middlewares/ST/usbx/common/core/src/ux_device_stack_alternate_setting_get.c **** UINT  _ux_device_stack_alternate_setting_get(ULONG interface_value)
  80:Middlewares/ST/usbx/common/core/src/ux_device_stack_alternate_setting_get.c **** {
  31              		.loc 1 80 1 view -0
  32              		.cfi_startproc
  33              		@ args = 0, pretend = 0, frame = 0
  34              		@ frame_needed = 0, uses_anonymous_args = 0
  35              		.loc 1 80 1 is_stmt 0 view .LVU1
ARM GAS  C:\usertemp\ccn2Rdxd.s 			page 3


  36 0000 10B5     		push	{r4, lr}
  37              	.LCFI0:
  38              		.cfi_def_cfa_offset 8
  39              		.cfi_offset 4, -8
  40              		.cfi_offset 14, -4
  81:Middlewares/ST/usbx/common/core/src/ux_device_stack_alternate_setting_get.c **** 
  82:Middlewares/ST/usbx/common/core/src/ux_device_stack_alternate_setting_get.c **** UX_SLAVE_TRANSFER       *transfer_request;
  41              		.loc 1 82 1 is_stmt 1 view .LVU2
  83:Middlewares/ST/usbx/common/core/src/ux_device_stack_alternate_setting_get.c **** UX_SLAVE_INTERFACE      *interface_ptr;
  42              		.loc 1 83 1 view .LVU3
  84:Middlewares/ST/usbx/common/core/src/ux_device_stack_alternate_setting_get.c **** UX_SLAVE_DEVICE         *device;
  43              		.loc 1 84 1 view .LVU4
  85:Middlewares/ST/usbx/common/core/src/ux_device_stack_alternate_setting_get.c **** UX_SLAVE_ENDPOINT       *endpoint;
  44              		.loc 1 85 1 view .LVU5
  86:Middlewares/ST/usbx/common/core/src/ux_device_stack_alternate_setting_get.c **** UINT                    status;
  45              		.loc 1 86 1 view .LVU6
  87:Middlewares/ST/usbx/common/core/src/ux_device_stack_alternate_setting_get.c ****                                 
  88:Middlewares/ST/usbx/common/core/src/ux_device_stack_alternate_setting_get.c ****     /* If trace is enabled, insert this event into the trace buffer.  */
  89:Middlewares/ST/usbx/common/core/src/ux_device_stack_alternate_setting_get.c ****     UX_TRACE_IN_LINE_INSERT(UX_TRACE_DEVICE_STACK_ALTERNATE_SETTING_GET, interface_value, 0, 0, 0, 
  90:Middlewares/ST/usbx/common/core/src/ux_device_stack_alternate_setting_get.c **** 
  91:Middlewares/ST/usbx/common/core/src/ux_device_stack_alternate_setting_get.c ****     /* Get the pointer to the device.  */
  92:Middlewares/ST/usbx/common/core/src/ux_device_stack_alternate_setting_get.c ****     device =  &_ux_system_slave -> ux_system_slave_device;
  46              		.loc 1 92 5 view .LVU7
  47              		.loc 1 92 33 is_stmt 0 view .LVU8
  48 0002 0F4B     		ldr	r3, .L11
  49 0004 1C68     		ldr	r4, [r3]
  50              	.LVL1:
  93:Middlewares/ST/usbx/common/core/src/ux_device_stack_alternate_setting_get.c **** 
  94:Middlewares/ST/usbx/common/core/src/ux_device_stack_alternate_setting_get.c ****     /* If the device was in the configured state, there may be interfaces
  95:Middlewares/ST/usbx/common/core/src/ux_device_stack_alternate_setting_get.c ****        attached to the configuration.  */
  96:Middlewares/ST/usbx/common/core/src/ux_device_stack_alternate_setting_get.c ****     if (device -> ux_slave_device_state == UX_DEVICE_CONFIGURED)
  51              		.loc 1 96 5 is_stmt 1 view .LVU9
  52              		.loc 1 96 16 is_stmt 0 view .LVU10
  53 0006 236A     		ldr	r3, [r4, #32]
  54              		.loc 1 96 8 view .LVU11
  55 0008 032B     		cmp	r3, #3
  56 000a 01D0     		beq	.L8
  97:Middlewares/ST/usbx/common/core/src/ux_device_stack_alternate_setting_get.c ****     {
  98:Middlewares/ST/usbx/common/core/src/ux_device_stack_alternate_setting_get.c **** 
  99:Middlewares/ST/usbx/common/core/src/ux_device_stack_alternate_setting_get.c ****         /* Obtain the pointer to the first interface attached.  */
 100:Middlewares/ST/usbx/common/core/src/ux_device_stack_alternate_setting_get.c ****         interface_ptr =  device -> ux_slave_device_first_interface;
 101:Middlewares/ST/usbx/common/core/src/ux_device_stack_alternate_setting_get.c **** 
 102:Middlewares/ST/usbx/common/core/src/ux_device_stack_alternate_setting_get.c **** #if !defined(UX_DEVICE_INITIALIZE_FRAMEWORK_SCAN_DISABLE) || UX_MAX_DEVICE_INTERFACES > 1
 103:Middlewares/ST/usbx/common/core/src/ux_device_stack_alternate_setting_get.c ****         /* Start parsing each interface.  */
 104:Middlewares/ST/usbx/common/core/src/ux_device_stack_alternate_setting_get.c ****         while (interface_ptr != UX_NULL)
 105:Middlewares/ST/usbx/common/core/src/ux_device_stack_alternate_setting_get.c **** #else
 106:Middlewares/ST/usbx/common/core/src/ux_device_stack_alternate_setting_get.c ****         if (interface_ptr != UX_NULL)
 107:Middlewares/ST/usbx/common/core/src/ux_device_stack_alternate_setting_get.c **** #endif
 108:Middlewares/ST/usbx/common/core/src/ux_device_stack_alternate_setting_get.c ****         {
 109:Middlewares/ST/usbx/common/core/src/ux_device_stack_alternate_setting_get.c **** 
 110:Middlewares/ST/usbx/common/core/src/ux_device_stack_alternate_setting_get.c ****             /* Check if this is the interface we have an inquiry for.  */
 111:Middlewares/ST/usbx/common/core/src/ux_device_stack_alternate_setting_get.c ****             if (interface_ptr -> ux_slave_interface_descriptor.bInterfaceNumber == interface_value)
 112:Middlewares/ST/usbx/common/core/src/ux_device_stack_alternate_setting_get.c ****             {
 113:Middlewares/ST/usbx/common/core/src/ux_device_stack_alternate_setting_get.c **** 
 114:Middlewares/ST/usbx/common/core/src/ux_device_stack_alternate_setting_get.c ****                 /* Get the control endpoint of the device.  */                
 115:Middlewares/ST/usbx/common/core/src/ux_device_stack_alternate_setting_get.c ****                 endpoint =  &device -> ux_slave_device_control_endpoint;
 116:Middlewares/ST/usbx/common/core/src/ux_device_stack_alternate_setting_get.c **** 
ARM GAS  C:\usertemp\ccn2Rdxd.s 			page 4


 117:Middlewares/ST/usbx/common/core/src/ux_device_stack_alternate_setting_get.c ****                 /* Get the pointer to the transfer request associated with the endpoint.  */
 118:Middlewares/ST/usbx/common/core/src/ux_device_stack_alternate_setting_get.c ****                 transfer_request =  &endpoint -> ux_slave_endpoint_transfer_request;
 119:Middlewares/ST/usbx/common/core/src/ux_device_stack_alternate_setting_get.c **** 
 120:Middlewares/ST/usbx/common/core/src/ux_device_stack_alternate_setting_get.c ****                 /* Set the value of the alternate setting in the buffer.  */
 121:Middlewares/ST/usbx/common/core/src/ux_device_stack_alternate_setting_get.c ****                 *transfer_request -> ux_slave_transfer_request_data_pointer =
 122:Middlewares/ST/usbx/common/core/src/ux_device_stack_alternate_setting_get.c ****                             (UCHAR) interface_ptr -> ux_slave_interface_descriptor.bAlternateSettin
 123:Middlewares/ST/usbx/common/core/src/ux_device_stack_alternate_setting_get.c **** 
 124:Middlewares/ST/usbx/common/core/src/ux_device_stack_alternate_setting_get.c ****                 /* Setup the length appropriately.  */
 125:Middlewares/ST/usbx/common/core/src/ux_device_stack_alternate_setting_get.c ****                 transfer_request -> ux_slave_transfer_request_requested_length =  1;
 126:Middlewares/ST/usbx/common/core/src/ux_device_stack_alternate_setting_get.c **** 
 127:Middlewares/ST/usbx/common/core/src/ux_device_stack_alternate_setting_get.c ****                 /* Set the phase of the transfer to data out.  */
 128:Middlewares/ST/usbx/common/core/src/ux_device_stack_alternate_setting_get.c ****                 transfer_request -> ux_slave_transfer_request_phase =  UX_TRANSFER_PHASE_DATA_OUT;
 129:Middlewares/ST/usbx/common/core/src/ux_device_stack_alternate_setting_get.c **** 
 130:Middlewares/ST/usbx/common/core/src/ux_device_stack_alternate_setting_get.c ****                 /* Send the descriptor with the appropriate length to the host.  */
 131:Middlewares/ST/usbx/common/core/src/ux_device_stack_alternate_setting_get.c ****                 status =  _ux_device_stack_transfer_request(transfer_request, 1, 1);
 132:Middlewares/ST/usbx/common/core/src/ux_device_stack_alternate_setting_get.c **** 
 133:Middlewares/ST/usbx/common/core/src/ux_device_stack_alternate_setting_get.c ****                 /* Return the function status.  */
 134:Middlewares/ST/usbx/common/core/src/ux_device_stack_alternate_setting_get.c ****                 return(status);
 135:Middlewares/ST/usbx/common/core/src/ux_device_stack_alternate_setting_get.c ****             }
 136:Middlewares/ST/usbx/common/core/src/ux_device_stack_alternate_setting_get.c **** 
 137:Middlewares/ST/usbx/common/core/src/ux_device_stack_alternate_setting_get.c **** #if !defined(UX_DEVICE_INITIALIZE_FRAMEWORK_SCAN_DISABLE) || UX_MAX_DEVICE_INTERFACES > 1
 138:Middlewares/ST/usbx/common/core/src/ux_device_stack_alternate_setting_get.c ****             /* Get the next interface.  */
 139:Middlewares/ST/usbx/common/core/src/ux_device_stack_alternate_setting_get.c ****             interface_ptr =  interface_ptr -> ux_slave_interface_next_interface;
 140:Middlewares/ST/usbx/common/core/src/ux_device_stack_alternate_setting_get.c **** #endif
 141:Middlewares/ST/usbx/common/core/src/ux_device_stack_alternate_setting_get.c ****         }
 142:Middlewares/ST/usbx/common/core/src/ux_device_stack_alternate_setting_get.c ****     }
 143:Middlewares/ST/usbx/common/core/src/ux_device_stack_alternate_setting_get.c **** 
 144:Middlewares/ST/usbx/common/core/src/ux_device_stack_alternate_setting_get.c ****     /* Return error completion. */
 145:Middlewares/ST/usbx/common/core/src/ux_device_stack_alternate_setting_get.c ****     return(UX_ERROR);
  57              		.loc 1 145 11 view .LVU12
  58 000c FF20     		movs	r0, #255
  59              	.LVL2:
  60              	.L1:
 146:Middlewares/ST/usbx/common/core/src/ux_device_stack_alternate_setting_get.c **** }
  61              		.loc 1 146 1 view .LVU13
  62 000e 10BD     		pop	{r4, pc}
  63              	.LVL3:
  64              	.L8:
 100:Middlewares/ST/usbx/common/core/src/ux_device_stack_alternate_setting_get.c **** 
  65              		.loc 1 100 9 is_stmt 1 view .LVU14
 100:Middlewares/ST/usbx/common/core/src/ux_device_stack_alternate_setting_get.c **** 
  66              		.loc 1 100 23 is_stmt 0 view .LVU15
  67 0010 D4F8C830 		ldr	r3, [r4, #200]
  68              	.LVL4:
 104:Middlewares/ST/usbx/common/core/src/ux_device_stack_alternate_setting_get.c **** #else
  69              		.loc 1 104 9 is_stmt 1 view .LVU16
  70              	.L3:
 104:Middlewares/ST/usbx/common/core/src/ux_device_stack_alternate_setting_get.c **** #else
  71              		.loc 1 104 30 view .LVU17
  72 0014 93B1     		cbz	r3, .L9
 111:Middlewares/ST/usbx/common/core/src/ux_device_stack_alternate_setting_get.c ****             {
  73              		.loc 1 111 13 view .LVU18
 111:Middlewares/ST/usbx/common/core/src/ux_device_stack_alternate_setting_get.c ****             {
  74              		.loc 1 111 63 is_stmt 0 view .LVU19
  75 0016 9A7B     		ldrb	r2, [r3, #14]	@ zero_extendqisi2
 111:Middlewares/ST/usbx/common/core/src/ux_device_stack_alternate_setting_get.c ****             {
  76              		.loc 1 111 16 view .LVU20
ARM GAS  C:\usertemp\ccn2Rdxd.s 			page 5


  77 0018 8242     		cmp	r2, r0
  78 001a 01D0     		beq	.L10
 139:Middlewares/ST/usbx/common/core/src/ux_device_stack_alternate_setting_get.c **** #endif
  79              		.loc 1 139 13 is_stmt 1 view .LVU21
 139:Middlewares/ST/usbx/common/core/src/ux_device_stack_alternate_setting_get.c **** #endif
  80              		.loc 1 139 27 is_stmt 0 view .LVU22
  81 001c 9B69     		ldr	r3, [r3, #24]
  82              	.LVL5:
 139:Middlewares/ST/usbx/common/core/src/ux_device_stack_alternate_setting_get.c **** #endif
  83              		.loc 1 139 27 view .LVU23
  84 001e F9E7     		b	.L3
  85              	.L10:
 115:Middlewares/ST/usbx/common/core/src/ux_device_stack_alternate_setting_get.c **** 
  86              		.loc 1 115 17 is_stmt 1 view .LVU24
  87              	.LVL6:
 118:Middlewares/ST/usbx/common/core/src/ux_device_stack_alternate_setting_get.c **** 
  88              		.loc 1 118 17 view .LVU25
 121:Middlewares/ST/usbx/common/core/src/ux_device_stack_alternate_setting_get.c ****                             (UCHAR) interface_ptr -> ux_slave_interface_descriptor.bAlternateSettin
  89              		.loc 1 121 17 view .LVU26
 121:Middlewares/ST/usbx/common/core/src/ux_device_stack_alternate_setting_get.c ****                             (UCHAR) interface_ptr -> ux_slave_interface_descriptor.bAlternateSettin
  90              		.loc 1 121 35 is_stmt 0 view .LVU27
  91 0020 626E     		ldr	r2, [r4, #100]
 122:Middlewares/ST/usbx/common/core/src/ux_device_stack_alternate_setting_get.c **** 
  92              		.loc 1 122 83 view .LVU28
  93 0022 DB7B     		ldrb	r3, [r3, #15]	@ zero_extendqisi2
  94              	.LVL7:
 121:Middlewares/ST/usbx/common/core/src/ux_device_stack_alternate_setting_get.c ****                             (UCHAR) interface_ptr -> ux_slave_interface_descriptor.bAlternateSettin
  95              		.loc 1 121 77 view .LVU29
  96 0024 1370     		strb	r3, [r2]
 125:Middlewares/ST/usbx/common/core/src/ux_device_stack_alternate_setting_get.c **** 
  97              		.loc 1 125 17 is_stmt 1 view .LVU30
 125:Middlewares/ST/usbx/common/core/src/ux_device_stack_alternate_setting_get.c **** 
  98              		.loc 1 125 80 is_stmt 0 view .LVU31
  99 0026 0121     		movs	r1, #1
 100 0028 E166     		str	r1, [r4, #108]
 128:Middlewares/ST/usbx/common/core/src/ux_device_stack_alternate_setting_get.c **** 
 101              		.loc 1 128 17 is_stmt 1 view .LVU32
 128:Middlewares/ST/usbx/common/core/src/ux_device_stack_alternate_setting_get.c **** 
 102              		.loc 1 128 69 is_stmt 0 view .LVU33
 103 002a 0323     		movs	r3, #3
 104 002c C4F88030 		str	r3, [r4, #128]
 131:Middlewares/ST/usbx/common/core/src/ux_device_stack_alternate_setting_get.c **** 
 105              		.loc 1 131 17 is_stmt 1 view .LVU34
 131:Middlewares/ST/usbx/common/core/src/ux_device_stack_alternate_setting_get.c **** 
 106              		.loc 1 131 27 is_stmt 0 view .LVU35
 107 0030 0A46     		mov	r2, r1
 108 0032 04F15800 		add	r0, r4, #88
 109              	.LVL8:
 131:Middlewares/ST/usbx/common/core/src/ux_device_stack_alternate_setting_get.c **** 
 110              		.loc 1 131 27 view .LVU36
 111 0036 FFF7FEFF 		bl	_ux_device_stack_transfer_request
 112              	.LVL9:
 134:Middlewares/ST/usbx/common/core/src/ux_device_stack_alternate_setting_get.c ****             }
 113              		.loc 1 134 17 is_stmt 1 view .LVU37
 134:Middlewares/ST/usbx/common/core/src/ux_device_stack_alternate_setting_get.c ****             }
 114              		.loc 1 134 23 is_stmt 0 view .LVU38
 115 003a E8E7     		b	.L1
ARM GAS  C:\usertemp\ccn2Rdxd.s 			page 6


 116              	.LVL10:
 117              	.L9:
 145:Middlewares/ST/usbx/common/core/src/ux_device_stack_alternate_setting_get.c **** }
 118              		.loc 1 145 11 view .LVU39
 119 003c FF20     		movs	r0, #255
 120              	.LVL11:
 145:Middlewares/ST/usbx/common/core/src/ux_device_stack_alternate_setting_get.c **** }
 121              		.loc 1 145 11 view .LVU40
 122 003e E6E7     		b	.L1
 123              	.L12:
 124              		.align	2
 125              	.L11:
 126 0040 00000000 		.word	_ux_system_slave
 127              		.cfi_endproc
 128              	.LFE11:
 130              		.text
 131              	.Letext0:
 132              		.file 2 "Middlewares/ST/threadx/ports/cortex_m33/gnu/inc/tx_port.h"
 133              		.file 3 "Middlewares/ST/threadx/common/inc/tx_api.h"
 134              		.file 4 "Middlewares/ST/usbx/common/core/inc/ux_api.h"
 135              		.file 5 "Middlewares/ST/usbx/common/core/inc/ux_system.h"
 136              		.file 6 "Middlewares/ST/usbx/common/core/inc/ux_device_stack.h"
ARM GAS  C:\usertemp\ccn2Rdxd.s 			page 7


DEFINED SYMBOLS
                            *ABS*:00000000 ux_device_stack_alternate_setting_get.c
C:\usertemp\ccn2Rdxd.s:22     .text._ux_device_stack_alternate_setting_get:00000000 $t
C:\usertemp\ccn2Rdxd.s:28     .text._ux_device_stack_alternate_setting_get:00000000 _ux_device_stack_alternate_setting_get
C:\usertemp\ccn2Rdxd.s:126    .text._ux_device_stack_alternate_setting_get:00000040 $d

UNDEFINED SYMBOLS
_ux_device_stack_transfer_request
_ux_system_slave
