ARM GAS  C:\usertemp\ccKh2N8c.s 			page 1


   1              		.cpu cortex-m33
   2              		.arch armv8-m.main
   3              		.fpu fpv4-sp-d16
   4              		.arch_extension dsp
   5              		.eabi_attribute 27, 1
   6              		.eabi_attribute 28, 1
   7              		.eabi_attribute 20, 1
   8              		.eabi_attribute 21, 1
   9              		.eabi_attribute 23, 3
  10              		.eabi_attribute 24, 1
  11              		.eabi_attribute 25, 1
  12              		.eabi_attribute 26, 1
  13              		.eabi_attribute 30, 1
  14              		.eabi_attribute 34, 1
  15              		.eabi_attribute 18, 4
  16              		.file	"ux_device_stack_interface_get.c"
  17              		.text
  18              	.Ltext0:
  19              		.cfi_sections	.debug_frame
  20              		.file 1 "Middlewares/ST/usbx/common/core/src/ux_device_stack_interface_get.c"
  21              		.section	.text._ux_device_stack_interface_get,"ax",%progbits
  22              		.align	1
  23              		.global	_ux_device_stack_interface_get
  24              		.syntax unified
  25              		.thumb
  26              		.thumb_func
  28              	_ux_device_stack_interface_get:
  29              	.LVL0:
  30              	.LFB11:
   1:Middlewares/ST/usbx/common/core/src/ux_device_stack_interface_get.c **** /**************************************************************************/
   2:Middlewares/ST/usbx/common/core/src/ux_device_stack_interface_get.c **** /*                                                                        */
   3:Middlewares/ST/usbx/common/core/src/ux_device_stack_interface_get.c **** /*       Copyright (c) Microsoft Corporation. All rights reserved.        */
   4:Middlewares/ST/usbx/common/core/src/ux_device_stack_interface_get.c **** /*                                                                        */
   5:Middlewares/ST/usbx/common/core/src/ux_device_stack_interface_get.c **** /*       This software is licensed under the Microsoft Software License   */
   6:Middlewares/ST/usbx/common/core/src/ux_device_stack_interface_get.c **** /*       Terms for Microsoft Azure RTOS. Full text of the license can be  */
   7:Middlewares/ST/usbx/common/core/src/ux_device_stack_interface_get.c **** /*       found in the LICENSE file at https://aka.ms/AzureRTOS_EULA       */
   8:Middlewares/ST/usbx/common/core/src/ux_device_stack_interface_get.c **** /*       and in the root directory of this software.                      */
   9:Middlewares/ST/usbx/common/core/src/ux_device_stack_interface_get.c **** /*                                                                        */
  10:Middlewares/ST/usbx/common/core/src/ux_device_stack_interface_get.c **** /**************************************************************************/
  11:Middlewares/ST/usbx/common/core/src/ux_device_stack_interface_get.c **** 
  12:Middlewares/ST/usbx/common/core/src/ux_device_stack_interface_get.c **** 
  13:Middlewares/ST/usbx/common/core/src/ux_device_stack_interface_get.c **** /**************************************************************************/
  14:Middlewares/ST/usbx/common/core/src/ux_device_stack_interface_get.c **** /**************************************************************************/
  15:Middlewares/ST/usbx/common/core/src/ux_device_stack_interface_get.c **** /**                                                                       */ 
  16:Middlewares/ST/usbx/common/core/src/ux_device_stack_interface_get.c **** /** USBX Component                                                        */ 
  17:Middlewares/ST/usbx/common/core/src/ux_device_stack_interface_get.c **** /**                                                                       */
  18:Middlewares/ST/usbx/common/core/src/ux_device_stack_interface_get.c **** /**   Device Stack                                                        */
  19:Middlewares/ST/usbx/common/core/src/ux_device_stack_interface_get.c **** /**                                                                       */
  20:Middlewares/ST/usbx/common/core/src/ux_device_stack_interface_get.c **** /**************************************************************************/
  21:Middlewares/ST/usbx/common/core/src/ux_device_stack_interface_get.c **** /**************************************************************************/
  22:Middlewares/ST/usbx/common/core/src/ux_device_stack_interface_get.c **** 
  23:Middlewares/ST/usbx/common/core/src/ux_device_stack_interface_get.c **** #define UX_SOURCE_CODE
  24:Middlewares/ST/usbx/common/core/src/ux_device_stack_interface_get.c **** 
  25:Middlewares/ST/usbx/common/core/src/ux_device_stack_interface_get.c **** 
  26:Middlewares/ST/usbx/common/core/src/ux_device_stack_interface_get.c **** /* Include necessary system files.  */
  27:Middlewares/ST/usbx/common/core/src/ux_device_stack_interface_get.c **** 
  28:Middlewares/ST/usbx/common/core/src/ux_device_stack_interface_get.c **** #include "ux_api.h"
ARM GAS  C:\usertemp\ccKh2N8c.s 			page 2


  29:Middlewares/ST/usbx/common/core/src/ux_device_stack_interface_get.c **** #include "ux_device_stack.h"
  30:Middlewares/ST/usbx/common/core/src/ux_device_stack_interface_get.c **** 
  31:Middlewares/ST/usbx/common/core/src/ux_device_stack_interface_get.c **** 
  32:Middlewares/ST/usbx/common/core/src/ux_device_stack_interface_get.c **** /**************************************************************************/
  33:Middlewares/ST/usbx/common/core/src/ux_device_stack_interface_get.c **** /*                                                                        */
  34:Middlewares/ST/usbx/common/core/src/ux_device_stack_interface_get.c **** /*  FUNCTION                                               RELEASE        */
  35:Middlewares/ST/usbx/common/core/src/ux_device_stack_interface_get.c **** /*                                                                        */
  36:Middlewares/ST/usbx/common/core/src/ux_device_stack_interface_get.c **** /*    _ux_device_stack_interface_get                      PORTABLE C      */
  37:Middlewares/ST/usbx/common/core/src/ux_device_stack_interface_get.c **** /*                                                           6.1.12       */
  38:Middlewares/ST/usbx/common/core/src/ux_device_stack_interface_get.c **** /*  AUTHOR                                                                */
  39:Middlewares/ST/usbx/common/core/src/ux_device_stack_interface_get.c **** /*                                                                        */
  40:Middlewares/ST/usbx/common/core/src/ux_device_stack_interface_get.c **** /*    Chaoqiong Xiao, Microsoft Corporation                               */
  41:Middlewares/ST/usbx/common/core/src/ux_device_stack_interface_get.c **** /*                                                                        */
  42:Middlewares/ST/usbx/common/core/src/ux_device_stack_interface_get.c **** /*  DESCRIPTION                                                           */
  43:Middlewares/ST/usbx/common/core/src/ux_device_stack_interface_get.c **** /*                                                                        */
  44:Middlewares/ST/usbx/common/core/src/ux_device_stack_interface_get.c **** /*    This function is deprecated, ux_device_stack_alternate_setting_get  */
  45:Middlewares/ST/usbx/common/core/src/ux_device_stack_interface_get.c **** /*    does the same thing and used by the core stack.                     */
  46:Middlewares/ST/usbx/common/core/src/ux_device_stack_interface_get.c **** /*                                                                        */
  47:Middlewares/ST/usbx/common/core/src/ux_device_stack_interface_get.c **** /*    This function gets the current alternate setting for an interface.  */
  48:Middlewares/ST/usbx/common/core/src/ux_device_stack_interface_get.c **** /*                                                                        */
  49:Middlewares/ST/usbx/common/core/src/ux_device_stack_interface_get.c **** /*  INPUT                                                                 */
  50:Middlewares/ST/usbx/common/core/src/ux_device_stack_interface_get.c **** /*                                                                        */
  51:Middlewares/ST/usbx/common/core/src/ux_device_stack_interface_get.c **** /*    interface_value                       Value of the interface        */
  52:Middlewares/ST/usbx/common/core/src/ux_device_stack_interface_get.c **** /*                                                                        */
  53:Middlewares/ST/usbx/common/core/src/ux_device_stack_interface_get.c **** /*  OUTPUT                                                                */
  54:Middlewares/ST/usbx/common/core/src/ux_device_stack_interface_get.c **** /*                                                                        */
  55:Middlewares/ST/usbx/common/core/src/ux_device_stack_interface_get.c **** /*    Completion Status                                                   */ 
  56:Middlewares/ST/usbx/common/core/src/ux_device_stack_interface_get.c **** /*                                                                        */
  57:Middlewares/ST/usbx/common/core/src/ux_device_stack_interface_get.c **** /*  CALLS                                                                 */ 
  58:Middlewares/ST/usbx/common/core/src/ux_device_stack_interface_get.c **** /*                                                                        */
  59:Middlewares/ST/usbx/common/core/src/ux_device_stack_interface_get.c **** /*    (ux_slave_dcd_function)               DCD dispatch function         */ 
  60:Middlewares/ST/usbx/common/core/src/ux_device_stack_interface_get.c **** /*                                                                        */ 
  61:Middlewares/ST/usbx/common/core/src/ux_device_stack_interface_get.c **** /*  CALLED BY                                                             */ 
  62:Middlewares/ST/usbx/common/core/src/ux_device_stack_interface_get.c **** /*                                                                        */ 
  63:Middlewares/ST/usbx/common/core/src/ux_device_stack_interface_get.c **** /*    Application                                                         */ 
  64:Middlewares/ST/usbx/common/core/src/ux_device_stack_interface_get.c **** /*                                                                        */ 
  65:Middlewares/ST/usbx/common/core/src/ux_device_stack_interface_get.c **** /*  RELEASE HISTORY                                                       */ 
  66:Middlewares/ST/usbx/common/core/src/ux_device_stack_interface_get.c **** /*                                                                        */ 
  67:Middlewares/ST/usbx/common/core/src/ux_device_stack_interface_get.c **** /*    DATE              NAME                      DESCRIPTION             */ 
  68:Middlewares/ST/usbx/common/core/src/ux_device_stack_interface_get.c **** /*                                                                        */ 
  69:Middlewares/ST/usbx/common/core/src/ux_device_stack_interface_get.c **** /*  05-19-2020     Chaoqiong Xiao           Initial Version 6.0           */
  70:Middlewares/ST/usbx/common/core/src/ux_device_stack_interface_get.c **** /*  09-30-2020     Chaoqiong Xiao           Modified comment(s),          */
  71:Middlewares/ST/usbx/common/core/src/ux_device_stack_interface_get.c **** /*                                            optimized based on compile  */
  72:Middlewares/ST/usbx/common/core/src/ux_device_stack_interface_get.c **** /*                                            definitions,                */
  73:Middlewares/ST/usbx/common/core/src/ux_device_stack_interface_get.c **** /*                                            resulting in version 6.1    */
  74:Middlewares/ST/usbx/common/core/src/ux_device_stack_interface_get.c **** /*  07-29-2022     Chaoqiong Xiao           Modified comment(s),          */
  75:Middlewares/ST/usbx/common/core/src/ux_device_stack_interface_get.c **** /*                                            fixed parameter/variable    */
  76:Middlewares/ST/usbx/common/core/src/ux_device_stack_interface_get.c **** /*                                            names conflict C++ keyword, */
  77:Middlewares/ST/usbx/common/core/src/ux_device_stack_interface_get.c **** /*                                            resulting in version 6.1.12 */
  78:Middlewares/ST/usbx/common/core/src/ux_device_stack_interface_get.c **** /*                                                                        */
  79:Middlewares/ST/usbx/common/core/src/ux_device_stack_interface_get.c **** /**************************************************************************/
  80:Middlewares/ST/usbx/common/core/src/ux_device_stack_interface_get.c **** UINT  _ux_device_stack_interface_get(UINT interface_value)
  81:Middlewares/ST/usbx/common/core/src/ux_device_stack_interface_get.c **** {
  31              		.loc 1 81 1 view -0
  32              		.cfi_startproc
  33              		@ args = 0, pretend = 0, frame = 0
  34              		@ frame_needed = 0, uses_anonymous_args = 0
ARM GAS  C:\usertemp\ccKh2N8c.s 			page 3


  35              		.loc 1 81 1 is_stmt 0 view .LVU1
  36 0000 08B5     		push	{r3, lr}
  37              	.LCFI0:
  38              		.cfi_def_cfa_offset 8
  39              		.cfi_offset 3, -8
  40              		.cfi_offset 14, -4
  41 0002 8446     		mov	ip, r0
  82:Middlewares/ST/usbx/common/core/src/ux_device_stack_interface_get.c **** 
  83:Middlewares/ST/usbx/common/core/src/ux_device_stack_interface_get.c **** UX_SLAVE_DCD            *dcd;
  42              		.loc 1 83 1 is_stmt 1 view .LVU2
  84:Middlewares/ST/usbx/common/core/src/ux_device_stack_interface_get.c **** UX_SLAVE_TRANSFER       *transfer_request;
  43              		.loc 1 84 1 view .LVU3
  85:Middlewares/ST/usbx/common/core/src/ux_device_stack_interface_get.c **** UX_SLAVE_INTERFACE      *interface_ptr;
  44              		.loc 1 85 1 view .LVU4
  86:Middlewares/ST/usbx/common/core/src/ux_device_stack_interface_get.c **** UX_SLAVE_DEVICE         *device;
  45              		.loc 1 86 1 view .LVU5
  87:Middlewares/ST/usbx/common/core/src/ux_device_stack_interface_get.c **** UX_SLAVE_ENDPOINT       *endpoint;
  46              		.loc 1 87 1 view .LVU6
  88:Middlewares/ST/usbx/common/core/src/ux_device_stack_interface_get.c **** UINT                    status;
  47              		.loc 1 88 1 view .LVU7
  89:Middlewares/ST/usbx/common/core/src/ux_device_stack_interface_get.c **** 
  90:Middlewares/ST/usbx/common/core/src/ux_device_stack_interface_get.c ****     /* If trace is enabled, insert this event into the trace buffer.  */
  91:Middlewares/ST/usbx/common/core/src/ux_device_stack_interface_get.c ****     UX_TRACE_IN_LINE_INSERT(UX_TRACE_DEVICE_STACK_INTERFACE_GET, interface_value, 0, 0, 0, UX_TRACE
  92:Middlewares/ST/usbx/common/core/src/ux_device_stack_interface_get.c **** 
  93:Middlewares/ST/usbx/common/core/src/ux_device_stack_interface_get.c ****     /* Get the pointer to the DCD.  */
  94:Middlewares/ST/usbx/common/core/src/ux_device_stack_interface_get.c ****     dcd =  &_ux_system_slave -> ux_system_slave_dcd;
  48              		.loc 1 94 5 view .LVU8
  49              		.loc 1 94 30 is_stmt 0 view .LVU9
  50 0004 114B     		ldr	r3, .L10
  51 0006 1868     		ldr	r0, [r3]
  52              	.LVL1:
  95:Middlewares/ST/usbx/common/core/src/ux_device_stack_interface_get.c **** 
  96:Middlewares/ST/usbx/common/core/src/ux_device_stack_interface_get.c ****     /* Get the pointer to the device.  */
  97:Middlewares/ST/usbx/common/core/src/ux_device_stack_interface_get.c ****     device =  &_ux_system_slave -> ux_system_slave_device;
  53              		.loc 1 97 5 is_stmt 1 view .LVU10
  98:Middlewares/ST/usbx/common/core/src/ux_device_stack_interface_get.c **** 
  99:Middlewares/ST/usbx/common/core/src/ux_device_stack_interface_get.c ****     /* Get the control endpoint for the device.  */
 100:Middlewares/ST/usbx/common/core/src/ux_device_stack_interface_get.c ****     endpoint =  &device -> ux_slave_device_control_endpoint;
  54              		.loc 1 100 5 view .LVU11
  55              		.loc 1 100 14 is_stmt 0 view .LVU12
  56 0008 00F13802 		add	r2, r0, #56
  57              	.LVL2:
 101:Middlewares/ST/usbx/common/core/src/ux_device_stack_interface_get.c **** 
 102:Middlewares/ST/usbx/common/core/src/ux_device_stack_interface_get.c ****     /* If the device was in the configured state, there may be interfaces
 103:Middlewares/ST/usbx/common/core/src/ux_device_stack_interface_get.c ****        attached to the configuration.  */
 104:Middlewares/ST/usbx/common/core/src/ux_device_stack_interface_get.c ****     if (device -> ux_slave_device_state == UX_DEVICE_CONFIGURED)
  58              		.loc 1 104 5 is_stmt 1 view .LVU13
  59              		.loc 1 104 16 is_stmt 0 view .LVU14
  60 000c 036A     		ldr	r3, [r0, #32]
  61              		.loc 1 104 8 view .LVU15
  62 000e 032B     		cmp	r3, #3
  63 0010 04D0     		beq	.L8
  64              	.L2:
 105:Middlewares/ST/usbx/common/core/src/ux_device_stack_interface_get.c ****     {
 106:Middlewares/ST/usbx/common/core/src/ux_device_stack_interface_get.c **** 
 107:Middlewares/ST/usbx/common/core/src/ux_device_stack_interface_get.c ****         /* Get the pointer to the first interface.  */
 108:Middlewares/ST/usbx/common/core/src/ux_device_stack_interface_get.c ****         interface_ptr =  device -> ux_slave_device_first_interface;
ARM GAS  C:\usertemp\ccKh2N8c.s 			page 4


 109:Middlewares/ST/usbx/common/core/src/ux_device_stack_interface_get.c **** 
 110:Middlewares/ST/usbx/common/core/src/ux_device_stack_interface_get.c **** #if !defined(UX_DEVICE_INITIALIZE_FRAMEWORK_SCAN_DISABLE) || UX_MAX_DEVICE_INTERFACES > 1
 111:Middlewares/ST/usbx/common/core/src/ux_device_stack_interface_get.c ****         /* Parse the interfaces if any.  */
 112:Middlewares/ST/usbx/common/core/src/ux_device_stack_interface_get.c ****         while (interface_ptr != UX_NULL)
 113:Middlewares/ST/usbx/common/core/src/ux_device_stack_interface_get.c ****         {
 114:Middlewares/ST/usbx/common/core/src/ux_device_stack_interface_get.c **** #endif
 115:Middlewares/ST/usbx/common/core/src/ux_device_stack_interface_get.c **** 
 116:Middlewares/ST/usbx/common/core/src/ux_device_stack_interface_get.c ****             /* Check if this is the interface we have an inquiry for.  */
 117:Middlewares/ST/usbx/common/core/src/ux_device_stack_interface_get.c ****             if (interface_ptr -> ux_slave_interface_descriptor.bInterfaceNumber == interface_value)
 118:Middlewares/ST/usbx/common/core/src/ux_device_stack_interface_get.c ****             {
 119:Middlewares/ST/usbx/common/core/src/ux_device_stack_interface_get.c **** 
 120:Middlewares/ST/usbx/common/core/src/ux_device_stack_interface_get.c ****                 /* Get the pointer to the transfer request associated with the endpoint.  */
 121:Middlewares/ST/usbx/common/core/src/ux_device_stack_interface_get.c ****                 transfer_request =  &endpoint -> ux_slave_endpoint_transfer_request;
 122:Middlewares/ST/usbx/common/core/src/ux_device_stack_interface_get.c **** 
 123:Middlewares/ST/usbx/common/core/src/ux_device_stack_interface_get.c ****                 /* Set the value of the alternate setting in the buffer.  */
 124:Middlewares/ST/usbx/common/core/src/ux_device_stack_interface_get.c ****                 *transfer_request -> ux_slave_transfer_request_data_pointer =
 125:Middlewares/ST/usbx/common/core/src/ux_device_stack_interface_get.c ****                                 (UCHAR) interface_ptr -> ux_slave_interface_descriptor.bAlternateSe
 126:Middlewares/ST/usbx/common/core/src/ux_device_stack_interface_get.c **** 
 127:Middlewares/ST/usbx/common/core/src/ux_device_stack_interface_get.c ****                 /* Setup the length appropriately.  */
 128:Middlewares/ST/usbx/common/core/src/ux_device_stack_interface_get.c ****                 transfer_request -> ux_slave_transfer_request_requested_length =  1;
 129:Middlewares/ST/usbx/common/core/src/ux_device_stack_interface_get.c **** 
 130:Middlewares/ST/usbx/common/core/src/ux_device_stack_interface_get.c ****                 /* Set the phase of the transfer to data out.  */
 131:Middlewares/ST/usbx/common/core/src/ux_device_stack_interface_get.c ****                 transfer_request -> ux_slave_transfer_request_phase =  UX_TRANSFER_PHASE_DATA_OUT;
 132:Middlewares/ST/usbx/common/core/src/ux_device_stack_interface_get.c **** 
 133:Middlewares/ST/usbx/common/core/src/ux_device_stack_interface_get.c ****                 /* Send the descriptor with the appropriate length to the host.  */
 134:Middlewares/ST/usbx/common/core/src/ux_device_stack_interface_get.c ****                 status = dcd -> ux_slave_dcd_function(dcd, UX_DCD_TRANSFER_REQUEST, transfer_reques
 135:Middlewares/ST/usbx/common/core/src/ux_device_stack_interface_get.c **** 
 136:Middlewares/ST/usbx/common/core/src/ux_device_stack_interface_get.c ****                 /* Return the function status code.  */
 137:Middlewares/ST/usbx/common/core/src/ux_device_stack_interface_get.c ****                 return(status);
 138:Middlewares/ST/usbx/common/core/src/ux_device_stack_interface_get.c ****             }
 139:Middlewares/ST/usbx/common/core/src/ux_device_stack_interface_get.c **** 
 140:Middlewares/ST/usbx/common/core/src/ux_device_stack_interface_get.c **** #if !defined(UX_DEVICE_INITIALIZE_FRAMEWORK_SCAN_DISABLE) || UX_MAX_DEVICE_INTERFACES > 1
 141:Middlewares/ST/usbx/common/core/src/ux_device_stack_interface_get.c ****             /* Get the next interface.  */
 142:Middlewares/ST/usbx/common/core/src/ux_device_stack_interface_get.c ****             interface_ptr =  interface_ptr -> ux_slave_interface_next_interface;
 143:Middlewares/ST/usbx/common/core/src/ux_device_stack_interface_get.c ****         }
 144:Middlewares/ST/usbx/common/core/src/ux_device_stack_interface_get.c **** #endif
 145:Middlewares/ST/usbx/common/core/src/ux_device_stack_interface_get.c **** 
 146:Middlewares/ST/usbx/common/core/src/ux_device_stack_interface_get.c ****     }
 147:Middlewares/ST/usbx/common/core/src/ux_device_stack_interface_get.c **** 
 148:Middlewares/ST/usbx/common/core/src/ux_device_stack_interface_get.c ****     /* The alternate setting value was not found, so we return a stall error.  */
 149:Middlewares/ST/usbx/common/core/src/ux_device_stack_interface_get.c ****     dcd -> ux_slave_dcd_function(dcd, UX_DCD_STALL_ENDPOINT, endpoint);
  65              		.loc 1 149 5 is_stmt 1 view .LVU16
  66              		.loc 1 149 9 is_stmt 0 view .LVU17
  67 0012 8369     		ldr	r3, [r0, #24]
  68              		.loc 1 149 5 view .LVU18
  69 0014 1421     		movs	r1, #20
  70 0016 9847     		blx	r3
  71              	.LVL3:
 150:Middlewares/ST/usbx/common/core/src/ux_device_stack_interface_get.c **** 
 151:Middlewares/ST/usbx/common/core/src/ux_device_stack_interface_get.c ****     /* Return the status to the caller.  */
 152:Middlewares/ST/usbx/common/core/src/ux_device_stack_interface_get.c ****     return(UX_ERROR);
  72              		.loc 1 152 5 is_stmt 1 view .LVU19
  73              		.loc 1 152 11 is_stmt 0 view .LVU20
  74 0018 FF20     		movs	r0, #255
  75              	.L1:
 153:Middlewares/ST/usbx/common/core/src/ux_device_stack_interface_get.c **** }
  76              		.loc 1 153 1 view .LVU21
ARM GAS  C:\usertemp\ccKh2N8c.s 			page 5


  77 001a 08BD     		pop	{r3, pc}
  78              	.LVL4:
  79              	.L8:
 108:Middlewares/ST/usbx/common/core/src/ux_device_stack_interface_get.c **** 
  80              		.loc 1 108 9 is_stmt 1 view .LVU22
 108:Middlewares/ST/usbx/common/core/src/ux_device_stack_interface_get.c **** 
  81              		.loc 1 108 23 is_stmt 0 view .LVU23
  82 001c D0F8C830 		ldr	r3, [r0, #200]
  83              	.LVL5:
 112:Middlewares/ST/usbx/common/core/src/ux_device_stack_interface_get.c ****         {
  84              		.loc 1 112 9 is_stmt 1 view .LVU24
  85              	.L3:
 112:Middlewares/ST/usbx/common/core/src/ux_device_stack_interface_get.c ****         {
  86              		.loc 1 112 30 view .LVU25
  87 0020 002B     		cmp	r3, #0
  88 0022 F6D0     		beq	.L2
 117:Middlewares/ST/usbx/common/core/src/ux_device_stack_interface_get.c ****             {
  89              		.loc 1 117 13 view .LVU26
 117:Middlewares/ST/usbx/common/core/src/ux_device_stack_interface_get.c ****             {
  90              		.loc 1 117 63 is_stmt 0 view .LVU27
  91 0024 997B     		ldrb	r1, [r3, #14]	@ zero_extendqisi2
 117:Middlewares/ST/usbx/common/core/src/ux_device_stack_interface_get.c ****             {
  92              		.loc 1 117 16 view .LVU28
  93 0026 6145     		cmp	r1, ip
  94 0028 01D0     		beq	.L9
 142:Middlewares/ST/usbx/common/core/src/ux_device_stack_interface_get.c ****         }
  95              		.loc 1 142 13 is_stmt 1 view .LVU29
 142:Middlewares/ST/usbx/common/core/src/ux_device_stack_interface_get.c ****         }
  96              		.loc 1 142 27 is_stmt 0 view .LVU30
  97 002a 9B69     		ldr	r3, [r3, #24]
  98              	.LVL6:
 142:Middlewares/ST/usbx/common/core/src/ux_device_stack_interface_get.c ****         }
  99              		.loc 1 142 27 view .LVU31
 100 002c F8E7     		b	.L3
 101              	.L9:
 121:Middlewares/ST/usbx/common/core/src/ux_device_stack_interface_get.c **** 
 102              		.loc 1 121 17 is_stmt 1 view .LVU32
 103              	.LVL7:
 124:Middlewares/ST/usbx/common/core/src/ux_device_stack_interface_get.c ****                                 (UCHAR) interface_ptr -> ux_slave_interface_descriptor.bAlternateSe
 104              		.loc 1 124 17 view .LVU33
 124:Middlewares/ST/usbx/common/core/src/ux_device_stack_interface_get.c ****                                 (UCHAR) interface_ptr -> ux_slave_interface_descriptor.bAlternateSe
 105              		.loc 1 124 35 is_stmt 0 view .LVU34
 106 002e 426E     		ldr	r2, [r0, #100]
 107              	.LVL8:
 125:Middlewares/ST/usbx/common/core/src/ux_device_stack_interface_get.c **** 
 108              		.loc 1 125 87 view .LVU35
 109 0030 DB7B     		ldrb	r3, [r3, #15]	@ zero_extendqisi2
 110              	.LVL9:
 124:Middlewares/ST/usbx/common/core/src/ux_device_stack_interface_get.c ****                                 (UCHAR) interface_ptr -> ux_slave_interface_descriptor.bAlternateSe
 111              		.loc 1 124 77 view .LVU36
 112 0032 1370     		strb	r3, [r2]
 128:Middlewares/ST/usbx/common/core/src/ux_device_stack_interface_get.c **** 
 113              		.loc 1 128 17 is_stmt 1 view .LVU37
 128:Middlewares/ST/usbx/common/core/src/ux_device_stack_interface_get.c **** 
 114              		.loc 1 128 80 is_stmt 0 view .LVU38
 115 0034 0123     		movs	r3, #1
 116 0036 C366     		str	r3, [r0, #108]
ARM GAS  C:\usertemp\ccKh2N8c.s 			page 6


 131:Middlewares/ST/usbx/common/core/src/ux_device_stack_interface_get.c **** 
 117              		.loc 1 131 17 is_stmt 1 view .LVU39
 131:Middlewares/ST/usbx/common/core/src/ux_device_stack_interface_get.c **** 
 118              		.loc 1 131 69 is_stmt 0 view .LVU40
 119 0038 0323     		movs	r3, #3
 120 003a C0F88030 		str	r3, [r0, #128]
 134:Middlewares/ST/usbx/common/core/src/ux_device_stack_interface_get.c **** 
 121              		.loc 1 134 17 is_stmt 1 view .LVU41
 134:Middlewares/ST/usbx/common/core/src/ux_device_stack_interface_get.c **** 
 122              		.loc 1 134 30 is_stmt 0 view .LVU42
 123 003e 8369     		ldr	r3, [r0, #24]
 134:Middlewares/ST/usbx/common/core/src/ux_device_stack_interface_get.c **** 
 124              		.loc 1 134 26 view .LVU43
 125 0040 00F15802 		add	r2, r0, #88
 126              	.LVL10:
 134:Middlewares/ST/usbx/common/core/src/ux_device_stack_interface_get.c **** 
 127              		.loc 1 134 26 view .LVU44
 128 0044 0C21     		movs	r1, #12
 129 0046 9847     		blx	r3
 130              	.LVL11:
 137:Middlewares/ST/usbx/common/core/src/ux_device_stack_interface_get.c ****             }
 131              		.loc 1 137 17 is_stmt 1 view .LVU45
 137:Middlewares/ST/usbx/common/core/src/ux_device_stack_interface_get.c ****             }
 132              		.loc 1 137 23 is_stmt 0 view .LVU46
 133 0048 E7E7     		b	.L1
 134              	.L11:
 135 004a 00BF     		.align	2
 136              	.L10:
 137 004c 00000000 		.word	_ux_system_slave
 138              		.cfi_endproc
 139              	.LFE11:
 141              		.text
 142              	.Letext0:
 143              		.file 2 "Middlewares/ST/threadx/ports/cortex_m33/gnu/inc/tx_port.h"
 144              		.file 3 "Middlewares/ST/threadx/common/inc/tx_api.h"
 145              		.file 4 "Middlewares/ST/usbx/common/core/inc/ux_api.h"
 146              		.file 5 "Middlewares/ST/usbx/common/core/inc/ux_system.h"
ARM GAS  C:\usertemp\ccKh2N8c.s 			page 7


DEFINED SYMBOLS
                            *ABS*:00000000 ux_device_stack_interface_get.c
C:\usertemp\ccKh2N8c.s:22     .text._ux_device_stack_interface_get:00000000 $t
C:\usertemp\ccKh2N8c.s:28     .text._ux_device_stack_interface_get:00000000 _ux_device_stack_interface_get
C:\usertemp\ccKh2N8c.s:137    .text._ux_device_stack_interface_get:0000004c $d

UNDEFINED SYMBOLS
_ux_system_slave
