ARM GAS  C:\usertemp\ccsNCuwS.s 			page 1


   1              		.cpu cortex-m33
   2              		.arch armv8-m.main
   3              		.fpu fpv4-sp-d16
   4              		.arch_extension dsp
   5              		.eabi_attribute 27, 1
   6              		.eabi_attribute 28, 1
   7              		.eabi_attribute 20, 1
   8              		.eabi_attribute 21, 1
   9              		.eabi_attribute 23, 3
  10              		.eabi_attribute 24, 1
  11              		.eabi_attribute 25, 1
  12              		.eabi_attribute 26, 1
  13              		.eabi_attribute 30, 1
  14              		.eabi_attribute 34, 1
  15              		.eabi_attribute 18, 4
  16              		.file	"ux_device_class_hid_initialize.c"
  17              		.text
  18              	.Ltext0:
  19              		.cfi_sections	.debug_frame
  20              		.file 1 "Middlewares/ST/usbx/common/usbx_device_classes/src/ux_device_class_hid_initialize.c"
  21              		.section	.rodata._ux_device_class_hid_initialize.str1.4,"aMS",%progbits,1
  22              		.align	2
  23              	.LC0:
  24 0000 75785F73 		.ascii	"ux_slave_hid_thread\000"
  24      6C617665 
  24      5F686964 
  24      5F746872 
  24      65616400 
  25              		.align	2
  26              	.LC1:
  27 0014 75785F64 		.ascii	"ux_device_class_hid_event_flag\000"
  27      65766963 
  27      655F636C 
  27      6173735F 
  27      6869645F 
  28 0033 00       		.align	2
  29              	.LC2:
  30 0034 75785F64 		.ascii	"ux_device_class_hid_read_mutex\000"
  30      65766963 
  30      655F636C 
  30      6173735F 
  30      6869645F 
  31              		.section	.text._ux_device_class_hid_initialize,"ax",%progbits
  32              		.align	1
  33              		.global	_ux_device_class_hid_initialize
  34              		.syntax unified
  35              		.thumb
  36              		.thumb_func
  38              	_ux_device_class_hid_initialize:
  39              	.LVL0:
  40              	.LFB11:
   1:Middlewares/ST/usbx/common/usbx_device_classes/src/ux_device_class_hid_initialize.c **** /**************************************************************************/
   2:Middlewares/ST/usbx/common/usbx_device_classes/src/ux_device_class_hid_initialize.c **** /*                                                                        */
   3:Middlewares/ST/usbx/common/usbx_device_classes/src/ux_device_class_hid_initialize.c **** /*       Copyright (c) Microsoft Corporation. All rights reserved.        */
   4:Middlewares/ST/usbx/common/usbx_device_classes/src/ux_device_class_hid_initialize.c **** /*                                                                        */
   5:Middlewares/ST/usbx/common/usbx_device_classes/src/ux_device_class_hid_initialize.c **** /*       This software is licensed under the Microsoft Software License   */
   6:Middlewares/ST/usbx/common/usbx_device_classes/src/ux_device_class_hid_initialize.c **** /*       Terms for Microsoft Azure RTOS. Full text of the license can be  */
ARM GAS  C:\usertemp\ccsNCuwS.s 			page 2


   7:Middlewares/ST/usbx/common/usbx_device_classes/src/ux_device_class_hid_initialize.c **** /*       found in the LICENSE file at https://aka.ms/AzureRTOS_EULA       */
   8:Middlewares/ST/usbx/common/usbx_device_classes/src/ux_device_class_hid_initialize.c **** /*       and in the root directory of this software.                      */
   9:Middlewares/ST/usbx/common/usbx_device_classes/src/ux_device_class_hid_initialize.c **** /*                                                                        */
  10:Middlewares/ST/usbx/common/usbx_device_classes/src/ux_device_class_hid_initialize.c **** /**************************************************************************/
  11:Middlewares/ST/usbx/common/usbx_device_classes/src/ux_device_class_hid_initialize.c **** 
  12:Middlewares/ST/usbx/common/usbx_device_classes/src/ux_device_class_hid_initialize.c **** /**************************************************************************/
  13:Middlewares/ST/usbx/common/usbx_device_classes/src/ux_device_class_hid_initialize.c **** /**                                                                       */ 
  14:Middlewares/ST/usbx/common/usbx_device_classes/src/ux_device_class_hid_initialize.c **** /** USBX Component                                                        */ 
  15:Middlewares/ST/usbx/common/usbx_device_classes/src/ux_device_class_hid_initialize.c **** /**                                                                       */
  16:Middlewares/ST/usbx/common/usbx_device_classes/src/ux_device_class_hid_initialize.c **** /**   Device HID Class                                                    */
  17:Middlewares/ST/usbx/common/usbx_device_classes/src/ux_device_class_hid_initialize.c **** /**                                                                       */
  18:Middlewares/ST/usbx/common/usbx_device_classes/src/ux_device_class_hid_initialize.c **** /**************************************************************************/
  19:Middlewares/ST/usbx/common/usbx_device_classes/src/ux_device_class_hid_initialize.c **** /**************************************************************************/
  20:Middlewares/ST/usbx/common/usbx_device_classes/src/ux_device_class_hid_initialize.c **** 
  21:Middlewares/ST/usbx/common/usbx_device_classes/src/ux_device_class_hid_initialize.c **** #define UX_SOURCE_CODE
  22:Middlewares/ST/usbx/common/usbx_device_classes/src/ux_device_class_hid_initialize.c **** 
  23:Middlewares/ST/usbx/common/usbx_device_classes/src/ux_device_class_hid_initialize.c **** 
  24:Middlewares/ST/usbx/common/usbx_device_classes/src/ux_device_class_hid_initialize.c **** /* Include necessary system files.  */
  25:Middlewares/ST/usbx/common/usbx_device_classes/src/ux_device_class_hid_initialize.c **** 
  26:Middlewares/ST/usbx/common/usbx_device_classes/src/ux_device_class_hid_initialize.c **** #include "ux_api.h"
  27:Middlewares/ST/usbx/common/usbx_device_classes/src/ux_device_class_hid_initialize.c **** #include "ux_device_class_hid.h"
  28:Middlewares/ST/usbx/common/usbx_device_classes/src/ux_device_class_hid_initialize.c **** #include "ux_device_stack.h"
  29:Middlewares/ST/usbx/common/usbx_device_classes/src/ux_device_class_hid_initialize.c **** 
  30:Middlewares/ST/usbx/common/usbx_device_classes/src/ux_device_class_hid_initialize.c **** 
  31:Middlewares/ST/usbx/common/usbx_device_classes/src/ux_device_class_hid_initialize.c **** /**************************************************************************/ 
  32:Middlewares/ST/usbx/common/usbx_device_classes/src/ux_device_class_hid_initialize.c **** /*                                                                        */ 
  33:Middlewares/ST/usbx/common/usbx_device_classes/src/ux_device_class_hid_initialize.c **** /*  FUNCTION                                               RELEASE        */ 
  34:Middlewares/ST/usbx/common/usbx_device_classes/src/ux_device_class_hid_initialize.c **** /*                                                                        */ 
  35:Middlewares/ST/usbx/common/usbx_device_classes/src/ux_device_class_hid_initialize.c **** /*    _ux_device_class_hid_initialize                     PORTABLE C      */ 
  36:Middlewares/ST/usbx/common/usbx_device_classes/src/ux_device_class_hid_initialize.c **** /*                                                           6.3.0        */
  37:Middlewares/ST/usbx/common/usbx_device_classes/src/ux_device_class_hid_initialize.c **** /*  AUTHOR                                                                */
  38:Middlewares/ST/usbx/common/usbx_device_classes/src/ux_device_class_hid_initialize.c **** /*                                                                        */
  39:Middlewares/ST/usbx/common/usbx_device_classes/src/ux_device_class_hid_initialize.c **** /*    Chaoqiong Xiao, Microsoft Corporation                               */
  40:Middlewares/ST/usbx/common/usbx_device_classes/src/ux_device_class_hid_initialize.c **** /*                                                                        */
  41:Middlewares/ST/usbx/common/usbx_device_classes/src/ux_device_class_hid_initialize.c **** /*  DESCRIPTION                                                           */
  42:Middlewares/ST/usbx/common/usbx_device_classes/src/ux_device_class_hid_initialize.c **** /*                                                                        */ 
  43:Middlewares/ST/usbx/common/usbx_device_classes/src/ux_device_class_hid_initialize.c **** /*    This function initializes the USB HID device.                       */ 
  44:Middlewares/ST/usbx/common/usbx_device_classes/src/ux_device_class_hid_initialize.c **** /*    This function is called by the class register function. It is only  */ 
  45:Middlewares/ST/usbx/common/usbx_device_classes/src/ux_device_class_hid_initialize.c **** /*    done once.                                                          */ 
  46:Middlewares/ST/usbx/common/usbx_device_classes/src/ux_device_class_hid_initialize.c **** /*                                                                        */ 
  47:Middlewares/ST/usbx/common/usbx_device_classes/src/ux_device_class_hid_initialize.c **** /*  INPUT                                                                 */ 
  48:Middlewares/ST/usbx/common/usbx_device_classes/src/ux_device_class_hid_initialize.c **** /*                                                                        */ 
  49:Middlewares/ST/usbx/common/usbx_device_classes/src/ux_device_class_hid_initialize.c **** /*    command                              Pointer to hid command         */ 
  50:Middlewares/ST/usbx/common/usbx_device_classes/src/ux_device_class_hid_initialize.c **** /*                                                                        */ 
  51:Middlewares/ST/usbx/common/usbx_device_classes/src/ux_device_class_hid_initialize.c **** /*  OUTPUT                                                                */ 
  52:Middlewares/ST/usbx/common/usbx_device_classes/src/ux_device_class_hid_initialize.c **** /*                                                                        */ 
  53:Middlewares/ST/usbx/common/usbx_device_classes/src/ux_device_class_hid_initialize.c **** /*    Completion Status                                                   */ 
  54:Middlewares/ST/usbx/common/usbx_device_classes/src/ux_device_class_hid_initialize.c **** /*                                                                        */ 
  55:Middlewares/ST/usbx/common/usbx_device_classes/src/ux_device_class_hid_initialize.c **** /*  CALLS                                                                 */ 
  56:Middlewares/ST/usbx/common/usbx_device_classes/src/ux_device_class_hid_initialize.c **** /*                                                                        */ 
  57:Middlewares/ST/usbx/common/usbx_device_classes/src/ux_device_class_hid_initialize.c **** /*    _ux_utility_memory_allocate           Allocate memory               */
  58:Middlewares/ST/usbx/common/usbx_device_classes/src/ux_device_class_hid_initialize.c **** /*    _ux_utility_memory_free               Free memory                   */
  59:Middlewares/ST/usbx/common/usbx_device_classes/src/ux_device_class_hid_initialize.c **** /*    _ux_device_thread_create              Create thread                 */
  60:Middlewares/ST/usbx/common/usbx_device_classes/src/ux_device_class_hid_initialize.c **** /*    _ux_device_thread_delete              Delete thread                 */
  61:Middlewares/ST/usbx/common/usbx_device_classes/src/ux_device_class_hid_initialize.c **** /*    _ux_utility_event_flags_create        Create event flags group      */
  62:Middlewares/ST/usbx/common/usbx_device_classes/src/ux_device_class_hid_initialize.c **** /*                                                                        */ 
  63:Middlewares/ST/usbx/common/usbx_device_classes/src/ux_device_class_hid_initialize.c **** /*  CALLED BY                                                             */ 
ARM GAS  C:\usertemp\ccsNCuwS.s 			page 3


  64:Middlewares/ST/usbx/common/usbx_device_classes/src/ux_device_class_hid_initialize.c **** /*                                                                        */ 
  65:Middlewares/ST/usbx/common/usbx_device_classes/src/ux_device_class_hid_initialize.c **** /*    USBX Source Code                                                    */ 
  66:Middlewares/ST/usbx/common/usbx_device_classes/src/ux_device_class_hid_initialize.c **** /*                                                                        */ 
  67:Middlewares/ST/usbx/common/usbx_device_classes/src/ux_device_class_hid_initialize.c **** /*  RELEASE HISTORY                                                       */ 
  68:Middlewares/ST/usbx/common/usbx_device_classes/src/ux_device_class_hid_initialize.c **** /*                                                                        */ 
  69:Middlewares/ST/usbx/common/usbx_device_classes/src/ux_device_class_hid_initialize.c **** /*    DATE              NAME                      DESCRIPTION             */ 
  70:Middlewares/ST/usbx/common/usbx_device_classes/src/ux_device_class_hid_initialize.c **** /*                                                                        */ 
  71:Middlewares/ST/usbx/common/usbx_device_classes/src/ux_device_class_hid_initialize.c **** /*  05-19-2020     Chaoqiong Xiao           Initial Version 6.0           */
  72:Middlewares/ST/usbx/common/usbx_device_classes/src/ux_device_class_hid_initialize.c **** /*  09-30-2020     Chaoqiong Xiao           Modified comment(s),          */
  73:Middlewares/ST/usbx/common/usbx_device_classes/src/ux_device_class_hid_initialize.c **** /*                                            used UX prefix to refer to  */
  74:Middlewares/ST/usbx/common/usbx_device_classes/src/ux_device_class_hid_initialize.c **** /*                                            TX symbols instead of using */
  75:Middlewares/ST/usbx/common/usbx_device_classes/src/ux_device_class_hid_initialize.c **** /*                                            them directly,              */
  76:Middlewares/ST/usbx/common/usbx_device_classes/src/ux_device_class_hid_initialize.c **** /*                                            resulting in version 6.1    */
  77:Middlewares/ST/usbx/common/usbx_device_classes/src/ux_device_class_hid_initialize.c **** /*  01-31-2022     Chaoqiong Xiao           Modified comment(s),          */
  78:Middlewares/ST/usbx/common/usbx_device_classes/src/ux_device_class_hid_initialize.c **** /*                                            added standalone support,   */
  79:Middlewares/ST/usbx/common/usbx_device_classes/src/ux_device_class_hid_initialize.c **** /*                                            added interrupt OUT support,*/
  80:Middlewares/ST/usbx/common/usbx_device_classes/src/ux_device_class_hid_initialize.c **** /*                                            resulting in version 6.1.10 */
  81:Middlewares/ST/usbx/common/usbx_device_classes/src/ux_device_class_hid_initialize.c **** /*  04-25-2022     Chaoqiong Xiao           Modified comment(s),          */
  82:Middlewares/ST/usbx/common/usbx_device_classes/src/ux_device_class_hid_initialize.c **** /*                                            resulting in version 6.1.11 */
  83:Middlewares/ST/usbx/common/usbx_device_classes/src/ux_device_class_hid_initialize.c **** /*  07-29-2022     Chaoqiong Xiao           Modified comment(s),          */
  84:Middlewares/ST/usbx/common/usbx_device_classes/src/ux_device_class_hid_initialize.c **** /*                                            added standalone receiver,  */
  85:Middlewares/ST/usbx/common/usbx_device_classes/src/ux_device_class_hid_initialize.c **** /*                                            fixed parameter/variable    */
  86:Middlewares/ST/usbx/common/usbx_device_classes/src/ux_device_class_hid_initialize.c **** /*                                            names conflict C++ keyword, */
  87:Middlewares/ST/usbx/common/usbx_device_classes/src/ux_device_class_hid_initialize.c **** /*                                            resulting in version 6.1.12 */
  88:Middlewares/ST/usbx/common/usbx_device_classes/src/ux_device_class_hid_initialize.c **** /*  10-31-2022     Chaoqiong Xiao           Modified comment(s),          */
  89:Middlewares/ST/usbx/common/usbx_device_classes/src/ux_device_class_hid_initialize.c **** /*                                            fixed compile warnings,     */
  90:Middlewares/ST/usbx/common/usbx_device_classes/src/ux_device_class_hid_initialize.c **** /*                                            resulting in version 6.2.0  */
  91:Middlewares/ST/usbx/common/usbx_device_classes/src/ux_device_class_hid_initialize.c **** /*  10-31-2023     Chaoqiong Xiao           Modified comment(s),          */
  92:Middlewares/ST/usbx/common/usbx_device_classes/src/ux_device_class_hid_initialize.c **** /*                                            added zero copy support,    */
  93:Middlewares/ST/usbx/common/usbx_device_classes/src/ux_device_class_hid_initialize.c **** /*                                            added a new mode to manage  */
  94:Middlewares/ST/usbx/common/usbx_device_classes/src/ux_device_class_hid_initialize.c **** /*                                            endpoint buffer in classes, */
  95:Middlewares/ST/usbx/common/usbx_device_classes/src/ux_device_class_hid_initialize.c **** /*                                            checked compile options,    */
  96:Middlewares/ST/usbx/common/usbx_device_classes/src/ux_device_class_hid_initialize.c **** /*                                            resulting in version 6.3.0  */
  97:Middlewares/ST/usbx/common/usbx_device_classes/src/ux_device_class_hid_initialize.c **** /*                                                                        */
  98:Middlewares/ST/usbx/common/usbx_device_classes/src/ux_device_class_hid_initialize.c **** /**************************************************************************/
  99:Middlewares/ST/usbx/common/usbx_device_classes/src/ux_device_class_hid_initialize.c **** UINT  _ux_device_class_hid_initialize(UX_SLAVE_CLASS_COMMAND *command)
 100:Middlewares/ST/usbx/common/usbx_device_classes/src/ux_device_class_hid_initialize.c **** {
  41              		.loc 1 100 1 view -0
  42              		.cfi_startproc
  43              		@ args = 0, pretend = 0, frame = 0
  44              		@ frame_needed = 0, uses_anonymous_args = 0
  45              		.loc 1 100 1 is_stmt 0 view .LVU1
  46 0000 2DE9F047 		push	{r4, r5, r6, r7, r8, r9, r10, lr}
  47              	.LCFI0:
  48              		.cfi_def_cfa_offset 32
  49              		.cfi_offset 4, -32
  50              		.cfi_offset 5, -28
  51              		.cfi_offset 6, -24
  52              		.cfi_offset 7, -20
  53              		.cfi_offset 8, -16
  54              		.cfi_offset 9, -12
  55              		.cfi_offset 10, -8
  56              		.cfi_offset 14, -4
  57 0004 86B0     		sub	sp, sp, #24
  58              	.LCFI1:
  59              		.cfi_def_cfa_offset 56
 101:Middlewares/ST/usbx/common/usbx_device_classes/src/ux_device_class_hid_initialize.c ****                                           
ARM GAS  C:\usertemp\ccsNCuwS.s 			page 4


 102:Middlewares/ST/usbx/common/usbx_device_classes/src/ux_device_class_hid_initialize.c **** UX_SLAVE_CLASS_HID                      *hid;
  60              		.loc 1 102 1 is_stmt 1 view .LVU2
 103:Middlewares/ST/usbx/common/usbx_device_classes/src/ux_device_class_hid_initialize.c **** UX_SLAVE_CLASS_HID_PARAMETER            *hid_parameter;
  61              		.loc 1 103 1 view .LVU3
 104:Middlewares/ST/usbx/common/usbx_device_classes/src/ux_device_class_hid_initialize.c **** UX_SLAVE_CLASS                          *class_ptr;
  62              		.loc 1 104 1 view .LVU4
 105:Middlewares/ST/usbx/common/usbx_device_classes/src/ux_device_class_hid_initialize.c **** UINT                                    status = UX_SUCCESS;
  63              		.loc 1 105 1 view .LVU5
  64              	.LVL1:
 106:Middlewares/ST/usbx/common/usbx_device_classes/src/ux_device_class_hid_initialize.c **** ULONG                                   array_memory_size;
  65              		.loc 1 106 1 view .LVU6
 107:Middlewares/ST/usbx/common/usbx_device_classes/src/ux_device_class_hid_initialize.c **** #if (UX_DEVICE_ENDPOINT_BUFFER_OWNER == 1) && defined(UX_DEVICE_CLASS_HID_ZERO_COPY)
 108:Middlewares/ST/usbx/common/usbx_device_classes/src/ux_device_class_hid_initialize.c **** UINT                                    i;
 109:Middlewares/ST/usbx/common/usbx_device_classes/src/ux_device_class_hid_initialize.c **** UCHAR                                   *buffer;
 110:Middlewares/ST/usbx/common/usbx_device_classes/src/ux_device_class_hid_initialize.c **** #endif
 111:Middlewares/ST/usbx/common/usbx_device_classes/src/ux_device_class_hid_initialize.c **** 
 112:Middlewares/ST/usbx/common/usbx_device_classes/src/ux_device_class_hid_initialize.c **** 
 113:Middlewares/ST/usbx/common/usbx_device_classes/src/ux_device_class_hid_initialize.c ****     /* Compile option checks.  */
 114:Middlewares/ST/usbx/common/usbx_device_classes/src/ux_device_class_hid_initialize.c ****     UX_ASSERT(UX_DEVICE_CLASS_HID_EVENT_BUFFER_LENGTH <= UX_SLAVE_REQUEST_CONTROL_MAX_LENGTH);
  66              		.loc 1 114 94 view .LVU7
 115:Middlewares/ST/usbx/common/usbx_device_classes/src/ux_device_class_hid_initialize.c **** #if UX_DEVICE_ENDPOINT_BUFFER_OWNER == 0
 116:Middlewares/ST/usbx/common/usbx_device_classes/src/ux_device_class_hid_initialize.c ****     UX_ASSERT(UX_DEVICE_CLASS_HID_EVENT_BUFFER_LENGTH <= UX_SLAVE_REQUEST_DATA_MAX_LENGTH);
  67              		.loc 1 116 91 view .LVU8
 117:Middlewares/ST/usbx/common/usbx_device_classes/src/ux_device_class_hid_initialize.c **** #endif
 118:Middlewares/ST/usbx/common/usbx_device_classes/src/ux_device_class_hid_initialize.c **** 
 119:Middlewares/ST/usbx/common/usbx_device_classes/src/ux_device_class_hid_initialize.c **** 
 120:Middlewares/ST/usbx/common/usbx_device_classes/src/ux_device_class_hid_initialize.c ****     /* Get the pointer to the application parameters for the hid class.  */
 121:Middlewares/ST/usbx/common/usbx_device_classes/src/ux_device_class_hid_initialize.c ****     hid_parameter =  command -> ux_slave_class_command_parameter;
  68              		.loc 1 121 5 view .LVU9
  69              		.loc 1 121 19 is_stmt 0 view .LVU10
  70 0006 476A     		ldr	r7, [r0, #36]
  71              	.LVL2:
 122:Middlewares/ST/usbx/common/usbx_device_classes/src/ux_device_class_hid_initialize.c **** 
 123:Middlewares/ST/usbx/common/usbx_device_classes/src/ux_device_class_hid_initialize.c ****     /* Get the class container.  */
 124:Middlewares/ST/usbx/common/usbx_device_classes/src/ux_device_class_hid_initialize.c ****     class_ptr =  command -> ux_slave_class_command_class_ptr;
  72              		.loc 1 124 5 is_stmt 1 view .LVU11
  73              		.loc 1 124 15 is_stmt 0 view .LVU12
  74 0008 046A     		ldr	r4, [r0, #32]
  75              	.LVL3:
 125:Middlewares/ST/usbx/common/usbx_device_classes/src/ux_device_class_hid_initialize.c **** 
 126:Middlewares/ST/usbx/common/usbx_device_classes/src/ux_device_class_hid_initialize.c ****     /* Create an instance of the device hid class.  */
 127:Middlewares/ST/usbx/common/usbx_device_classes/src/ux_device_class_hid_initialize.c ****     hid =  _ux_utility_memory_allocate(UX_NO_ALIGN, UX_REGULAR_MEMORY, sizeof(UX_SLAVE_CLASS_HID));
  76              		.loc 1 127 5 is_stmt 1 view .LVU13
  77              		.loc 1 127 12 is_stmt 0 view .LVU14
  78 000a A422     		movs	r2, #164
  79 000c 0021     		movs	r1, #0
  80 000e 0846     		mov	r0, r1
  81              	.LVL4:
  82              		.loc 1 127 12 view .LVU15
  83 0010 FFF7FEFF 		bl	_ux_utility_memory_allocate
  84              	.LVL5:
 128:Middlewares/ST/usbx/common/usbx_device_classes/src/ux_device_class_hid_initialize.c **** 
 129:Middlewares/ST/usbx/common/usbx_device_classes/src/ux_device_class_hid_initialize.c ****     /* Check for successful allocation.  */
 130:Middlewares/ST/usbx/common/usbx_device_classes/src/ux_device_class_hid_initialize.c ****     if (hid == UX_NULL)
  85              		.loc 1 130 5 is_stmt 1 view .LVU16
  86              		.loc 1 130 8 is_stmt 0 view .LVU17
  87 0014 0028     		cmp	r0, #0
ARM GAS  C:\usertemp\ccsNCuwS.s 			page 5


  88 0016 79D0     		beq	.L9
  89 0018 0546     		mov	r5, r0
 131:Middlewares/ST/usbx/common/usbx_device_classes/src/ux_device_class_hid_initialize.c ****         return(UX_MEMORY_INSUFFICIENT);
 132:Middlewares/ST/usbx/common/usbx_device_classes/src/ux_device_class_hid_initialize.c **** 
 133:Middlewares/ST/usbx/common/usbx_device_classes/src/ux_device_class_hid_initialize.c ****     /* Save the address of the HID instance inside the HID container.  */
 134:Middlewares/ST/usbx/common/usbx_device_classes/src/ux_device_class_hid_initialize.c ****     class_ptr -> ux_slave_class_instance = (VOID *) hid;
  90              		.loc 1 134 5 is_stmt 1 view .LVU18
  91              		.loc 1 134 42 is_stmt 0 view .LVU19
  92 001a A064     		str	r0, [r4, #72]
 135:Middlewares/ST/usbx/common/usbx_device_classes/src/ux_device_class_hid_initialize.c **** 
 136:Middlewares/ST/usbx/common/usbx_device_classes/src/ux_device_class_hid_initialize.c **** #if defined(UX_DEVICE_CLASS_HID_OWN_ENDPOINT_BUFFER)
 137:Middlewares/ST/usbx/common/usbx_device_classes/src/ux_device_class_hid_initialize.c **** 
 138:Middlewares/ST/usbx/common/usbx_device_classes/src/ux_device_class_hid_initialize.c ****     /* Allocate buffer(s) for endpoint(s).  */
 139:Middlewares/ST/usbx/common/usbx_device_classes/src/ux_device_class_hid_initialize.c ****     UX_ASSERT(!UX_DEVICE_CLASS_HID_ENDPOINT_BUFFER_SIZE_CALC_OVERFLOW);
 140:Middlewares/ST/usbx/common/usbx_device_classes/src/ux_device_class_hid_initialize.c ****     hid -> ux_device_class_hid_endpoint_buffer = _ux_utility_memory_allocate(
 141:Middlewares/ST/usbx/common/usbx_device_classes/src/ux_device_class_hid_initialize.c ****                             UX_NO_ALIGN, UX_CACHE_SAFE_MEMORY,
 142:Middlewares/ST/usbx/common/usbx_device_classes/src/ux_device_class_hid_initialize.c ****                             UX_DEVICE_CLASS_HID_ENDPOINT_BUFFER_SIZE);
 143:Middlewares/ST/usbx/common/usbx_device_classes/src/ux_device_class_hid_initialize.c ****     if (hid -> ux_device_class_hid_endpoint_buffer == UX_NULL)
 144:Middlewares/ST/usbx/common/usbx_device_classes/src/ux_device_class_hid_initialize.c ****     {
 145:Middlewares/ST/usbx/common/usbx_device_classes/src/ux_device_class_hid_initialize.c ****         _ux_utility_memory_free(hid);
 146:Middlewares/ST/usbx/common/usbx_device_classes/src/ux_device_class_hid_initialize.c ****         return(UX_MEMORY_INSUFFICIENT);
 147:Middlewares/ST/usbx/common/usbx_device_classes/src/ux_device_class_hid_initialize.c ****     }
 148:Middlewares/ST/usbx/common/usbx_device_classes/src/ux_device_class_hid_initialize.c **** #endif
 149:Middlewares/ST/usbx/common/usbx_device_classes/src/ux_device_class_hid_initialize.c **** 
 150:Middlewares/ST/usbx/common/usbx_device_classes/src/ux_device_class_hid_initialize.c **** #if !defined(UX_DEVICE_STANDALONE)
 151:Middlewares/ST/usbx/common/usbx_device_classes/src/ux_device_class_hid_initialize.c **** 
 152:Middlewares/ST/usbx/common/usbx_device_classes/src/ux_device_class_hid_initialize.c ****     /* Allocate some memory for the thread stack. */
 153:Middlewares/ST/usbx/common/usbx_device_classes/src/ux_device_class_hid_initialize.c ****     class_ptr -> ux_slave_class_thread_stack =  
  93              		.loc 1 153 5 is_stmt 1 view .LVU20
 154:Middlewares/ST/usbx/common/usbx_device_classes/src/ux_device_class_hid_initialize.c ****             _ux_utility_memory_allocate(UX_NO_ALIGN, UX_REGULAR_MEMORY, UX_DEVICE_CLASS_HID_THREAD_
  94              		.loc 1 154 13 is_stmt 0 view .LVU21
  95 001c 4FF48062 		mov	r2, #1024
  96 0020 0021     		movs	r1, #0
  97 0022 0846     		mov	r0, r1
  98              	.LVL6:
  99              		.loc 1 154 13 view .LVU22
 100 0024 FFF7FEFF 		bl	_ux_utility_memory_allocate
 101              	.LVL7:
 153:Middlewares/ST/usbx/common/usbx_device_classes/src/ux_device_class_hid_initialize.c ****             _ux_utility_memory_allocate(UX_NO_ALIGN, UX_REGULAR_MEMORY, UX_DEVICE_CLASS_HID_THREAD_
 102              		.loc 1 153 46 view .LVU23
 103 0028 C4F80001 		str	r0, [r4, #256]
 155:Middlewares/ST/usbx/common/usbx_device_classes/src/ux_device_class_hid_initialize.c ****     
 156:Middlewares/ST/usbx/common/usbx_device_classes/src/ux_device_class_hid_initialize.c ****     /* Check for successful allocation.  */
 157:Middlewares/ST/usbx/common/usbx_device_classes/src/ux_device_class_hid_initialize.c ****     if (class_ptr -> ux_slave_class_thread_stack == UX_NULL)
 104              		.loc 1 157 5 is_stmt 1 view .LVU24
 105              		.loc 1 157 8 is_stmt 0 view .LVU25
 106 002c 0028     		cmp	r0, #0
 107 002e 5ED0     		beq	.L10
 158:Middlewares/ST/usbx/common/usbx_device_classes/src/ux_device_class_hid_initialize.c ****         status = UX_MEMORY_INSUFFICIENT;
 159:Middlewares/ST/usbx/common/usbx_device_classes/src/ux_device_class_hid_initialize.c **** 
 160:Middlewares/ST/usbx/common/usbx_device_classes/src/ux_device_class_hid_initialize.c ****     /* This instance needs to be running in a different thread. So start
 161:Middlewares/ST/usbx/common/usbx_device_classes/src/ux_device_class_hid_initialize.c ****        a new thread. We pass a pointer to the class to the new thread.  This thread
 162:Middlewares/ST/usbx/common/usbx_device_classes/src/ux_device_class_hid_initialize.c ****        does not start until we have a instance of the class. */
 163:Middlewares/ST/usbx/common/usbx_device_classes/src/ux_device_class_hid_initialize.c ****     if (status == UX_SUCCESS)
 108              		.loc 1 163 5 is_stmt 1 view .LVU26
 164:Middlewares/ST/usbx/common/usbx_device_classes/src/ux_device_class_hid_initialize.c ****         status =  _ux_device_thread_create(&class_ptr -> ux_slave_class_thread, "ux_slave_hid_threa
 109              		.loc 1 164 9 view .LVU27
ARM GAS  C:\usertemp\ccsNCuwS.s 			page 6


 110              		.loc 1 164 19 is_stmt 0 view .LVU28
 111 0030 04F15008 		add	r8, r4, #80
 112 0034 0023     		movs	r3, #0
 113 0036 0593     		str	r3, [sp, #20]
 114 0038 0493     		str	r3, [sp, #16]
 115 003a 1423     		movs	r3, #20
 116 003c 0393     		str	r3, [sp, #12]
 117 003e 0293     		str	r3, [sp, #8]
 118 0040 4FF48063 		mov	r3, #1024
 119 0044 0193     		str	r3, [sp, #4]
 120 0046 0090     		str	r0, [sp]
 121 0048 2346     		mov	r3, r4
 122 004a 314A     		ldr	r2, .L17
 123 004c 3149     		ldr	r1, .L17+4
 124 004e 4046     		mov	r0, r8
 125 0050 FFF7FEFF 		bl	_ux_utility_thread_create
 126              	.LVL8:
 165:Middlewares/ST/usbx/common/usbx_device_classes/src/ux_device_class_hid_initialize.c ****                     _ux_device_class_hid_interrupt_thread,
 166:Middlewares/ST/usbx/common/usbx_device_classes/src/ux_device_class_hid_initialize.c ****                     (ULONG) (ALIGN_TYPE) class_ptr, (VOID *) class_ptr -> ux_slave_class_thread_sta
 167:Middlewares/ST/usbx/common/usbx_device_classes/src/ux_device_class_hid_initialize.c ****                     UX_DEVICE_CLASS_HID_THREAD_STACK_SIZE, UX_THREAD_PRIORITY_CLASS,
 168:Middlewares/ST/usbx/common/usbx_device_classes/src/ux_device_class_hid_initialize.c ****                     UX_THREAD_PRIORITY_CLASS, UX_NO_TIME_SLICE, UX_DONT_START);
 169:Middlewares/ST/usbx/common/usbx_device_classes/src/ux_device_class_hid_initialize.c **** #else
 170:Middlewares/ST/usbx/common/usbx_device_classes/src/ux_device_class_hid_initialize.c **** 
 171:Middlewares/ST/usbx/common/usbx_device_classes/src/ux_device_class_hid_initialize.c **** #if defined(UX_DEVICE_CLASS_HID_FLEXIBLE_EVENTS_QUEUE)
 172:Middlewares/ST/usbx/common/usbx_device_classes/src/ux_device_class_hid_initialize.c **** 
 173:Middlewares/ST/usbx/common/usbx_device_classes/src/ux_device_class_hid_initialize.c ****     /* Set event buffer.  */
 174:Middlewares/ST/usbx/common/usbx_device_classes/src/ux_device_class_hid_initialize.c ****     hid -> ux_device_class_hid_event.ux_device_class_hid_event_buffer =
 175:Middlewares/ST/usbx/common/usbx_device_classes/src/ux_device_class_hid_initialize.c ****                                     UX_DEVICE_CLASS_HID_INTERRUPTIN_BUFFER(hid);
 176:Middlewares/ST/usbx/common/usbx_device_classes/src/ux_device_class_hid_initialize.c **** #endif
 177:Middlewares/ST/usbx/common/usbx_device_classes/src/ux_device_class_hid_initialize.c **** 
 178:Middlewares/ST/usbx/common/usbx_device_classes/src/ux_device_class_hid_initialize.c ****     /* Set task function.  */
 179:Middlewares/ST/usbx/common/usbx_device_classes/src/ux_device_class_hid_initialize.c ****     class_ptr -> ux_slave_class_task_function = _ux_device_class_hid_tasks_run;
 180:Middlewares/ST/usbx/common/usbx_device_classes/src/ux_device_class_hid_initialize.c **** #endif
 181:Middlewares/ST/usbx/common/usbx_device_classes/src/ux_device_class_hid_initialize.c **** 
 182:Middlewares/ST/usbx/common/usbx_device_classes/src/ux_device_class_hid_initialize.c ****     /* Check the creation of this thread.  */
 183:Middlewares/ST/usbx/common/usbx_device_classes/src/ux_device_class_hid_initialize.c ****     if (status == UX_SUCCESS)
 127              		.loc 1 183 5 is_stmt 1 view .LVU29
 128              		.loc 1 183 8 is_stmt 0 view .LVU30
 129 0054 08B1     		cbz	r0, .L16
 184:Middlewares/ST/usbx/common/usbx_device_classes/src/ux_device_class_hid_initialize.c ****     {
 185:Middlewares/ST/usbx/common/usbx_device_classes/src/ux_device_class_hid_initialize.c **** 
 186:Middlewares/ST/usbx/common/usbx_device_classes/src/ux_device_class_hid_initialize.c **** #if !defined(UX_DEVICE_STANDALONE)
 187:Middlewares/ST/usbx/common/usbx_device_classes/src/ux_device_class_hid_initialize.c ****         UX_THREAD_EXTENSION_PTR_SET(&(class_ptr -> ux_slave_class_thread), class_ptr)
 188:Middlewares/ST/usbx/common/usbx_device_classes/src/ux_device_class_hid_initialize.c **** #endif
 189:Middlewares/ST/usbx/common/usbx_device_classes/src/ux_device_class_hid_initialize.c **** 
 190:Middlewares/ST/usbx/common/usbx_device_classes/src/ux_device_class_hid_initialize.c **** 
 191:Middlewares/ST/usbx/common/usbx_device_classes/src/ux_device_class_hid_initialize.c ****         /* Store all the application parameter information about the report.  */
 192:Middlewares/ST/usbx/common/usbx_device_classes/src/ux_device_class_hid_initialize.c ****         hid -> ux_device_class_hid_report_address             = hid_parameter -> ux_device_class_hi
 193:Middlewares/ST/usbx/common/usbx_device_classes/src/ux_device_class_hid_initialize.c ****         hid -> ux_device_class_hid_report_length              = hid_parameter -> ux_device_class_hi
 194:Middlewares/ST/usbx/common/usbx_device_classes/src/ux_device_class_hid_initialize.c ****         hid -> ux_device_class_hid_report_id                  = hid_parameter -> ux_device_class_hi
 195:Middlewares/ST/usbx/common/usbx_device_classes/src/ux_device_class_hid_initialize.c **** 
 196:Middlewares/ST/usbx/common/usbx_device_classes/src/ux_device_class_hid_initialize.c ****         /* Store the callback function.  */
 197:Middlewares/ST/usbx/common/usbx_device_classes/src/ux_device_class_hid_initialize.c ****         hid -> ux_device_class_hid_callback                   = hid_parameter -> ux_device_class_hi
 198:Middlewares/ST/usbx/common/usbx_device_classes/src/ux_device_class_hid_initialize.c ****         hid -> ux_device_class_hid_get_callback               = hid_parameter -> ux_device_class_hi
 199:Middlewares/ST/usbx/common/usbx_device_classes/src/ux_device_class_hid_initialize.c **** 
 200:Middlewares/ST/usbx/common/usbx_device_classes/src/ux_device_class_hid_initialize.c **** #if defined(UX_DEVICE_CLASS_HID_FLEXIBLE_EVENTS_QUEUE)
 201:Middlewares/ST/usbx/common/usbx_device_classes/src/ux_device_class_hid_initialize.c **** 
ARM GAS  C:\usertemp\ccsNCuwS.s 			page 7


 202:Middlewares/ST/usbx/common/usbx_device_classes/src/ux_device_class_hid_initialize.c ****         /* If event length is invalid, UX_DEVICE_CLASS_HID_EVENT_BUFFER_LENGTH is used.  */
 203:Middlewares/ST/usbx/common/usbx_device_classes/src/ux_device_class_hid_initialize.c ****         if (UX_DEVICE_CLASS_HID_PARAM_EVENT_MAX_LENGTH(hid_parameter) == 0 ||
 204:Middlewares/ST/usbx/common/usbx_device_classes/src/ux_device_class_hid_initialize.c ****             UX_DEVICE_CLASS_HID_PARAM_EVENT_MAX_LENGTH(hid_parameter) > UX_DEVICE_CLASS_HID_EVENT_B
 205:Middlewares/ST/usbx/common/usbx_device_classes/src/ux_device_class_hid_initialize.c ****             UX_DEVICE_CLASS_HID_PARAM_EVENT_MAX_LENGTH(hid_parameter) = UX_DEVICE_CLASS_HID_EVENT_B
 206:Middlewares/ST/usbx/common/usbx_device_classes/src/ux_device_class_hid_initialize.c **** 
 207:Middlewares/ST/usbx/common/usbx_device_classes/src/ux_device_class_hid_initialize.c ****         /* If event queue size is invalid, UX_DEVICE_CLASS_HID_MAX_EVENTS_QUEUE is used.  */
 208:Middlewares/ST/usbx/common/usbx_device_classes/src/ux_device_class_hid_initialize.c ****         if (UX_DEVICE_CLASS_HID_PARAM_EVENT_QUEUE_SIZE(hid_parameter) < 2 ||
 209:Middlewares/ST/usbx/common/usbx_device_classes/src/ux_device_class_hid_initialize.c ****             UX_DEVICE_CLASS_HID_PARAM_EVENT_QUEUE_SIZE(hid_parameter) > UX_DEVICE_CLASS_HID_MAX_EVE
 210:Middlewares/ST/usbx/common/usbx_device_classes/src/ux_device_class_hid_initialize.c ****             UX_DEVICE_CLASS_HID_PARAM_EVENT_QUEUE_SIZE(hid_parameter) = UX_DEVICE_CLASS_HID_MAX_EVE
 211:Middlewares/ST/usbx/common/usbx_device_classes/src/ux_device_class_hid_initialize.c **** 
 212:Middlewares/ST/usbx/common/usbx_device_classes/src/ux_device_class_hid_initialize.c ****         /* Save event size.  */
 213:Middlewares/ST/usbx/common/usbx_device_classes/src/ux_device_class_hid_initialize.c ****         UX_DEVICE_CLASS_HID_EVENT_MAX_LENGTH(hid) = UX_DEVICE_CLASS_HID_PARAM_EVENT_MAX_LENGTH(hid_
 214:Middlewares/ST/usbx/common/usbx_device_classes/src/ux_device_class_hid_initialize.c **** #endif
 215:Middlewares/ST/usbx/common/usbx_device_classes/src/ux_device_class_hid_initialize.c **** 
 216:Middlewares/ST/usbx/common/usbx_device_classes/src/ux_device_class_hid_initialize.c ****         /* Create the event array.  */
 217:Middlewares/ST/usbx/common/usbx_device_classes/src/ux_device_class_hid_initialize.c ****         UX_ASSERT(!UX_OVERFLOW_CHECK_MULC_ULONG(
 218:Middlewares/ST/usbx/common/usbx_device_classes/src/ux_device_class_hid_initialize.c ****                     UX_DEVICE_CLASS_HID_EVENT_QUEUE_ITEM_SIZE(hid),
 219:Middlewares/ST/usbx/common/usbx_device_classes/src/ux_device_class_hid_initialize.c ****                     UX_DEVICE_CLASS_HID_PARAM_EVENT_QUEUE_SIZE(hid_parameter)));
 220:Middlewares/ST/usbx/common/usbx_device_classes/src/ux_device_class_hid_initialize.c ****         array_memory_size = UX_DEVICE_CLASS_HID_EVENT_QUEUE_ITEM_SIZE(hid) * UX_DEVICE_CLASS_HID_PA
 221:Middlewares/ST/usbx/common/usbx_device_classes/src/ux_device_class_hid_initialize.c ****         hid -> ux_device_class_hid_event_array =  _ux_utility_memory_allocate(UX_NO_ALIGN,
 222:Middlewares/ST/usbx/common/usbx_device_classes/src/ux_device_class_hid_initialize.c ****                                         UX_REGULAR_MEMORY, array_memory_size);
 223:Middlewares/ST/usbx/common/usbx_device_classes/src/ux_device_class_hid_initialize.c **** 
 224:Middlewares/ST/usbx/common/usbx_device_classes/src/ux_device_class_hid_initialize.c ****         /* Do we need event buffer?
 225:Middlewares/ST/usbx/common/usbx_device_classes/src/ux_device_class_hid_initialize.c ****          * 1. Even zero copy, report copy is kept to avoid keep buffers in application.
 226:Middlewares/ST/usbx/common/usbx_device_classes/src/ux_device_class_hid_initialize.c ****          * 2. Other cases, buffer must be allocated.
 227:Middlewares/ST/usbx/common/usbx_device_classes/src/ux_device_class_hid_initialize.c ****          */
 228:Middlewares/ST/usbx/common/usbx_device_classes/src/ux_device_class_hid_initialize.c ****         /* Allocate buffer if needed.  */
 229:Middlewares/ST/usbx/common/usbx_device_classes/src/ux_device_class_hid_initialize.c ****         {
 230:Middlewares/ST/usbx/common/usbx_device_classes/src/ux_device_class_hid_initialize.c **** 
 231:Middlewares/ST/usbx/common/usbx_device_classes/src/ux_device_class_hid_initialize.c **** #if (UX_DEVICE_ENDPOINT_BUFFER_OWNER == 1) && defined(UX_DEVICE_CLASS_HID_ZERO_COPY)
 232:Middlewares/ST/usbx/common/usbx_device_classes/src/ux_device_class_hid_initialize.c **** 
 233:Middlewares/ST/usbx/common/usbx_device_classes/src/ux_device_class_hid_initialize.c ****             /* Allocate cache safe event buffers.  */
 234:Middlewares/ST/usbx/common/usbx_device_classes/src/ux_device_class_hid_initialize.c ****             buffer = _ux_utility_memory_allocate_mulv_safe(UX_NO_ALIGN, UX_CACHE_SAFE_MEMORY,
 235:Middlewares/ST/usbx/common/usbx_device_classes/src/ux_device_class_hid_initialize.c ****                         UX_DEVICE_CLASS_HID_PARAM_EVENT_MAX_LENGTH(hid_parameter),
 236:Middlewares/ST/usbx/common/usbx_device_classes/src/ux_device_class_hid_initialize.c ****                         UX_DEVICE_CLASS_HID_PARAM_EVENT_QUEUE_SIZE(hid_parameter));
 237:Middlewares/ST/usbx/common/usbx_device_classes/src/ux_device_class_hid_initialize.c **** 
 238:Middlewares/ST/usbx/common/usbx_device_classes/src/ux_device_class_hid_initialize.c ****             /* Allocation error check.  */
 239:Middlewares/ST/usbx/common/usbx_device_classes/src/ux_device_class_hid_initialize.c ****             if (buffer == UX_NULL)
 240:Middlewares/ST/usbx/common/usbx_device_classes/src/ux_device_class_hid_initialize.c ****             {
 241:Middlewares/ST/usbx/common/usbx_device_classes/src/ux_device_class_hid_initialize.c ****                 if (hid -> ux_device_class_hid_event_array != UX_NULL)
 242:Middlewares/ST/usbx/common/usbx_device_classes/src/ux_device_class_hid_initialize.c ****                 {
 243:Middlewares/ST/usbx/common/usbx_device_classes/src/ux_device_class_hid_initialize.c ****                     _ux_utility_memory_free(hid -> ux_device_class_hid_event_array);
 244:Middlewares/ST/usbx/common/usbx_device_classes/src/ux_device_class_hid_initialize.c ****                     hid -> ux_device_class_hid_event_array = UX_NULL;
 245:Middlewares/ST/usbx/common/usbx_device_classes/src/ux_device_class_hid_initialize.c ****                 }
 246:Middlewares/ST/usbx/common/usbx_device_classes/src/ux_device_class_hid_initialize.c ****             }
 247:Middlewares/ST/usbx/common/usbx_device_classes/src/ux_device_class_hid_initialize.c ****             else
 248:Middlewares/ST/usbx/common/usbx_device_classes/src/ux_device_class_hid_initialize.c ****             {
 249:Middlewares/ST/usbx/common/usbx_device_classes/src/ux_device_class_hid_initialize.c **** 
 250:Middlewares/ST/usbx/common/usbx_device_classes/src/ux_device_class_hid_initialize.c ****                 /* Assign event buffers.  */
 251:Middlewares/ST/usbx/common/usbx_device_classes/src/ux_device_class_hid_initialize.c ****                 for (i = 0; i < UX_DEVICE_CLASS_HID_PARAM_EVENT_QUEUE_SIZE(hid_parameter); i ++)
 252:Middlewares/ST/usbx/common/usbx_device_classes/src/ux_device_class_hid_initialize.c ****                 {
 253:Middlewares/ST/usbx/common/usbx_device_classes/src/ux_device_class_hid_initialize.c ****                     hid -> ux_device_class_hid_event_array[i].ux_device_class_hid_event_buffer = bu
 254:Middlewares/ST/usbx/common/usbx_device_classes/src/ux_device_class_hid_initialize.c ****                     buffer += UX_DEVICE_CLASS_HID_PARAM_EVENT_MAX_LENGTH(hid_parameter);
 255:Middlewares/ST/usbx/common/usbx_device_classes/src/ux_device_class_hid_initialize.c ****                 }
 256:Middlewares/ST/usbx/common/usbx_device_classes/src/ux_device_class_hid_initialize.c ****             }
 257:Middlewares/ST/usbx/common/usbx_device_classes/src/ux_device_class_hid_initialize.c **** #else
 258:Middlewares/ST/usbx/common/usbx_device_classes/src/ux_device_class_hid_initialize.c **** 
ARM GAS  C:\usertemp\ccsNCuwS.s 			page 8


 259:Middlewares/ST/usbx/common/usbx_device_classes/src/ux_device_class_hid_initialize.c ****             /* Regular event place data following id,type and length.  */
 260:Middlewares/ST/usbx/common/usbx_device_classes/src/ux_device_class_hid_initialize.c **** #endif
 261:Middlewares/ST/usbx/common/usbx_device_classes/src/ux_device_class_hid_initialize.c ****         }
 262:Middlewares/ST/usbx/common/usbx_device_classes/src/ux_device_class_hid_initialize.c **** 
 263:Middlewares/ST/usbx/common/usbx_device_classes/src/ux_device_class_hid_initialize.c ****         /* Check for successful allocation.  */
 264:Middlewares/ST/usbx/common/usbx_device_classes/src/ux_device_class_hid_initialize.c ****         if (hid -> ux_device_class_hid_event_array != UX_NULL)
 265:Middlewares/ST/usbx/common/usbx_device_classes/src/ux_device_class_hid_initialize.c ****         {
 266:Middlewares/ST/usbx/common/usbx_device_classes/src/ux_device_class_hid_initialize.c **** 
 267:Middlewares/ST/usbx/common/usbx_device_classes/src/ux_device_class_hid_initialize.c ****             /* Initialize the head and tail of the notification round robin buffers. 
 268:Middlewares/ST/usbx/common/usbx_device_classes/src/ux_device_class_hid_initialize.c ****                At first, the head and tail are pointing to the beginning of the array.  */
 269:Middlewares/ST/usbx/common/usbx_device_classes/src/ux_device_class_hid_initialize.c ****             hid -> ux_device_class_hid_event_array_head =  hid -> ux_device_class_hid_event_array;
 270:Middlewares/ST/usbx/common/usbx_device_classes/src/ux_device_class_hid_initialize.c ****             hid -> ux_device_class_hid_event_array_tail =  hid -> ux_device_class_hid_event_array;
 271:Middlewares/ST/usbx/common/usbx_device_classes/src/ux_device_class_hid_initialize.c ****             hid -> ux_device_class_hid_event_array_end  =  (UX_DEVICE_CLASS_HID_EVENT*)((UCHAR*)hid
 272:Middlewares/ST/usbx/common/usbx_device_classes/src/ux_device_class_hid_initialize.c **** 
 273:Middlewares/ST/usbx/common/usbx_device_classes/src/ux_device_class_hid_initialize.c ****             /* Store the start and stop signals if needed by the application.  */
 274:Middlewares/ST/usbx/common/usbx_device_classes/src/ux_device_class_hid_initialize.c ****             hid -> ux_slave_class_hid_instance_activate = hid_parameter -> ux_slave_class_hid_insta
 275:Middlewares/ST/usbx/common/usbx_device_classes/src/ux_device_class_hid_initialize.c ****             hid -> ux_slave_class_hid_instance_deactivate = hid_parameter -> ux_slave_class_hid_ins
 276:Middlewares/ST/usbx/common/usbx_device_classes/src/ux_device_class_hid_initialize.c **** 
 277:Middlewares/ST/usbx/common/usbx_device_classes/src/ux_device_class_hid_initialize.c ****             /* By default no event wait timeout.  */
 278:Middlewares/ST/usbx/common/usbx_device_classes/src/ux_device_class_hid_initialize.c ****             hid -> ux_device_class_hid_event_wait_timeout = UX_WAIT_FOREVER;
 279:Middlewares/ST/usbx/common/usbx_device_classes/src/ux_device_class_hid_initialize.c **** 
 280:Middlewares/ST/usbx/common/usbx_device_classes/src/ux_device_class_hid_initialize.c **** #if !defined(UX_DEVICE_STANDALONE)
 281:Middlewares/ST/usbx/common/usbx_device_classes/src/ux_device_class_hid_initialize.c **** 
 282:Middlewares/ST/usbx/common/usbx_device_classes/src/ux_device_class_hid_initialize.c ****             /* Create a event flag group for the hid class to synchronize with the event interrupt 
 283:Middlewares/ST/usbx/common/usbx_device_classes/src/ux_device_class_hid_initialize.c ****             status =  _ux_utility_event_flags_create(&hid -> ux_device_class_hid_event_flags_group,
 284:Middlewares/ST/usbx/common/usbx_device_classes/src/ux_device_class_hid_initialize.c **** 
 285:Middlewares/ST/usbx/common/usbx_device_classes/src/ux_device_class_hid_initialize.c ****             /* Check status.  */
 286:Middlewares/ST/usbx/common/usbx_device_classes/src/ux_device_class_hid_initialize.c ****             if (status != UX_SUCCESS)
 287:Middlewares/ST/usbx/common/usbx_device_classes/src/ux_device_class_hid_initialize.c ****                 status = UX_EVENT_ERROR;
 288:Middlewares/ST/usbx/common/usbx_device_classes/src/ux_device_class_hid_initialize.c ****             else
 289:Middlewares/ST/usbx/common/usbx_device_classes/src/ux_device_class_hid_initialize.c **** #endif
 290:Middlewares/ST/usbx/common/usbx_device_classes/src/ux_device_class_hid_initialize.c ****             {
 291:Middlewares/ST/usbx/common/usbx_device_classes/src/ux_device_class_hid_initialize.c **** #if defined(UX_DEVICE_CLASS_HID_INTERRUPT_OUT_SUPPORT)
 292:Middlewares/ST/usbx/common/usbx_device_classes/src/ux_device_class_hid_initialize.c **** 
 293:Middlewares/ST/usbx/common/usbx_device_classes/src/ux_device_class_hid_initialize.c **** #if !defined(UX_DEVICE_STANDALONE)
 294:Middlewares/ST/usbx/common/usbx_device_classes/src/ux_device_class_hid_initialize.c **** 
 295:Middlewares/ST/usbx/common/usbx_device_classes/src/ux_device_class_hid_initialize.c ****                 /* Create a mutex for reading reentry check.  */
 296:Middlewares/ST/usbx/common/usbx_device_classes/src/ux_device_class_hid_initialize.c ****                 status = _ux_utility_mutex_create(&hid -> ux_device_class_hid_read_mutex,
 297:Middlewares/ST/usbx/common/usbx_device_classes/src/ux_device_class_hid_initialize.c ****                                                   "ux_device_class_hid_read_mutex");
 298:Middlewares/ST/usbx/common/usbx_device_classes/src/ux_device_class_hid_initialize.c ****                 if (status == UX_SUCCESS)
 299:Middlewares/ST/usbx/common/usbx_device_classes/src/ux_device_class_hid_initialize.c ****                 {
 300:Middlewares/ST/usbx/common/usbx_device_classes/src/ux_device_class_hid_initialize.c **** #endif
 301:Middlewares/ST/usbx/common/usbx_device_classes/src/ux_device_class_hid_initialize.c **** 
 302:Middlewares/ST/usbx/common/usbx_device_classes/src/ux_device_class_hid_initialize.c ****                     /* If receiver is enabled by parameter, initialize it.  */
 303:Middlewares/ST/usbx/common/usbx_device_classes/src/ux_device_class_hid_initialize.c ****                     if (hid_parameter -> ux_device_class_hid_parameter_receiver_initialize)
 304:Middlewares/ST/usbx/common/usbx_device_classes/src/ux_device_class_hid_initialize.c ****                     {
 305:Middlewares/ST/usbx/common/usbx_device_classes/src/ux_device_class_hid_initialize.c **** 
 306:Middlewares/ST/usbx/common/usbx_device_classes/src/ux_device_class_hid_initialize.c ****                         /* Allocate buffer for receiver and receiver events.  */
 307:Middlewares/ST/usbx/common/usbx_device_classes/src/ux_device_class_hid_initialize.c ****                         status = hid_parameter ->
 308:Middlewares/ST/usbx/common/usbx_device_classes/src/ux_device_class_hid_initialize.c ****                                 ux_device_class_hid_parameter_receiver_initialize(hid,
 309:Middlewares/ST/usbx/common/usbx_device_classes/src/ux_device_class_hid_initialize.c ****                                                 hid_parameter,
 310:Middlewares/ST/usbx/common/usbx_device_classes/src/ux_device_class_hid_initialize.c ****                                                 &hid -> ux_device_class_hid_receiver);
 311:Middlewares/ST/usbx/common/usbx_device_classes/src/ux_device_class_hid_initialize.c ****                     }
 312:Middlewares/ST/usbx/common/usbx_device_classes/src/ux_device_class_hid_initialize.c **** 
 313:Middlewares/ST/usbx/common/usbx_device_classes/src/ux_device_class_hid_initialize.c ****                     /* Done success, return.  */
 314:Middlewares/ST/usbx/common/usbx_device_classes/src/ux_device_class_hid_initialize.c ****                     if (status == UX_SUCCESS)
 315:Middlewares/ST/usbx/common/usbx_device_classes/src/ux_device_class_hid_initialize.c ****                         return(status);
ARM GAS  C:\usertemp\ccsNCuwS.s 			page 9


 316:Middlewares/ST/usbx/common/usbx_device_classes/src/ux_device_class_hid_initialize.c **** 
 317:Middlewares/ST/usbx/common/usbx_device_classes/src/ux_device_class_hid_initialize.c **** #if !defined(UX_DEVICE_STANDALONE)
 318:Middlewares/ST/usbx/common/usbx_device_classes/src/ux_device_class_hid_initialize.c **** 
 319:Middlewares/ST/usbx/common/usbx_device_classes/src/ux_device_class_hid_initialize.c ****                     /* There is error, delete mutex.  */
 320:Middlewares/ST/usbx/common/usbx_device_classes/src/ux_device_class_hid_initialize.c ****                     _ux_device_mutex_delete(&hid -> ux_device_class_hid_read_mutex);
 321:Middlewares/ST/usbx/common/usbx_device_classes/src/ux_device_class_hid_initialize.c ****                 }
 322:Middlewares/ST/usbx/common/usbx_device_classes/src/ux_device_class_hid_initialize.c ****                 else
 323:Middlewares/ST/usbx/common/usbx_device_classes/src/ux_device_class_hid_initialize.c ****                     status = UX_MUTEX_ERROR;
 324:Middlewares/ST/usbx/common/usbx_device_classes/src/ux_device_class_hid_initialize.c **** 
 325:Middlewares/ST/usbx/common/usbx_device_classes/src/ux_device_class_hid_initialize.c ****                 /* There is error, delete event flags.  */
 326:Middlewares/ST/usbx/common/usbx_device_classes/src/ux_device_class_hid_initialize.c ****                 _ux_utility_event_flags_delete(&hid -> ux_device_class_hid_event_flags_group);
 327:Middlewares/ST/usbx/common/usbx_device_classes/src/ux_device_class_hid_initialize.c **** #endif
 328:Middlewares/ST/usbx/common/usbx_device_classes/src/ux_device_class_hid_initialize.c **** #else
 329:Middlewares/ST/usbx/common/usbx_device_classes/src/ux_device_class_hid_initialize.c ****                 return(status);
 330:Middlewares/ST/usbx/common/usbx_device_classes/src/ux_device_class_hid_initialize.c **** #endif
 331:Middlewares/ST/usbx/common/usbx_device_classes/src/ux_device_class_hid_initialize.c **** 
 332:Middlewares/ST/usbx/common/usbx_device_classes/src/ux_device_class_hid_initialize.c ****             }
 333:Middlewares/ST/usbx/common/usbx_device_classes/src/ux_device_class_hid_initialize.c **** 
 334:Middlewares/ST/usbx/common/usbx_device_classes/src/ux_device_class_hid_initialize.c **** #if !defined(UX_DEVICE_STANDALONE) || defined(UX_DEVICE_CLASS_HID_INTERRUPT_OUT_SUPPORT)
 335:Middlewares/ST/usbx/common/usbx_device_classes/src/ux_device_class_hid_initialize.c **** 
 336:Middlewares/ST/usbx/common/usbx_device_classes/src/ux_device_class_hid_initialize.c ****             /* There is still initialization activities after array creation,
 337:Middlewares/ST/usbx/common/usbx_device_classes/src/ux_device_class_hid_initialize.c ****              * and some error occurs in this stage.  */
 338:Middlewares/ST/usbx/common/usbx_device_classes/src/ux_device_class_hid_initialize.c ****             /* Free allocated event array memory.  */
 339:Middlewares/ST/usbx/common/usbx_device_classes/src/ux_device_class_hid_initialize.c **** #if (UX_DEVICE_ENDPOINT_BUFFER_OWNER == 1) && defined(UX_DEVICE_CLASS_HID_ZERO_COPY)
 340:Middlewares/ST/usbx/common/usbx_device_classes/src/ux_device_class_hid_initialize.c ****             _ux_utility_memory_free(hid -> ux_device_class_hid_event_array -> ux_device_class_hid_e
 341:Middlewares/ST/usbx/common/usbx_device_classes/src/ux_device_class_hid_initialize.c **** #endif
 342:Middlewares/ST/usbx/common/usbx_device_classes/src/ux_device_class_hid_initialize.c ****             _ux_utility_memory_free(hid -> ux_device_class_hid_event_array);
 343:Middlewares/ST/usbx/common/usbx_device_classes/src/ux_device_class_hid_initialize.c **** #endif
 344:Middlewares/ST/usbx/common/usbx_device_classes/src/ux_device_class_hid_initialize.c **** 
 345:Middlewares/ST/usbx/common/usbx_device_classes/src/ux_device_class_hid_initialize.c ****         }
 346:Middlewares/ST/usbx/common/usbx_device_classes/src/ux_device_class_hid_initialize.c ****         else
 347:Middlewares/ST/usbx/common/usbx_device_classes/src/ux_device_class_hid_initialize.c ****             status =  UX_MEMORY_INSUFFICIENT;
 348:Middlewares/ST/usbx/common/usbx_device_classes/src/ux_device_class_hid_initialize.c **** 
 349:Middlewares/ST/usbx/common/usbx_device_classes/src/ux_device_class_hid_initialize.c **** #if !defined(UX_DEVICE_STANDALONE)
 350:Middlewares/ST/usbx/common/usbx_device_classes/src/ux_device_class_hid_initialize.c **** 
 351:Middlewares/ST/usbx/common/usbx_device_classes/src/ux_device_class_hid_initialize.c ****         /* Delete thread.  */
 352:Middlewares/ST/usbx/common/usbx_device_classes/src/ux_device_class_hid_initialize.c ****         _ux_device_thread_delete(&class_ptr -> ux_slave_class_thread);
 353:Middlewares/ST/usbx/common/usbx_device_classes/src/ux_device_class_hid_initialize.c **** #endif
 354:Middlewares/ST/usbx/common/usbx_device_classes/src/ux_device_class_hid_initialize.c ****     }
 355:Middlewares/ST/usbx/common/usbx_device_classes/src/ux_device_class_hid_initialize.c ****     else
 356:Middlewares/ST/usbx/common/usbx_device_classes/src/ux_device_class_hid_initialize.c ****         status = (UX_THREAD_ERROR);
 130              		.loc 1 356 16 view .LVU31
 131 0056 1626     		movs	r6, #22
 132 0058 4AE0     		b	.L3
 133              	.L16:
 192:Middlewares/ST/usbx/common/usbx_device_classes/src/ux_device_class_hid_initialize.c ****         hid -> ux_device_class_hid_report_length              = hid_parameter -> ux_device_class_hi
 134              		.loc 1 192 9 is_stmt 1 view .LVU32
 192:Middlewares/ST/usbx/common/usbx_device_classes/src/ux_device_class_hid_initialize.c ****         hid -> ux_device_class_hid_report_length              = hid_parameter -> ux_device_class_hi
 135              		.loc 1 192 79 is_stmt 0 view .LVU33
 136 005a BB68     		ldr	r3, [r7, #8]
 192:Middlewares/ST/usbx/common/usbx_device_classes/src/ux_device_class_hid_initialize.c ****         hid -> ux_device_class_hid_report_length              = hid_parameter -> ux_device_class_hi
 137              		.loc 1 192 63 view .LVU34
 138 005c EB61     		str	r3, [r5, #28]
 193:Middlewares/ST/usbx/common/usbx_device_classes/src/ux_device_class_hid_initialize.c ****         hid -> ux_device_class_hid_report_id                  = hid_parameter -> ux_device_class_hi
 139              		.loc 1 193 9 is_stmt 1 view .LVU35
 193:Middlewares/ST/usbx/common/usbx_device_classes/src/ux_device_class_hid_initialize.c ****         hid -> ux_device_class_hid_report_id                  = hid_parameter -> ux_device_class_hi
 140              		.loc 1 193 79 is_stmt 0 view .LVU36
ARM GAS  C:\usertemp\ccsNCuwS.s 			page 10


 141 005e 3B69     		ldr	r3, [r7, #16]
 193:Middlewares/ST/usbx/common/usbx_device_classes/src/ux_device_class_hid_initialize.c ****         hid -> ux_device_class_hid_report_id                  = hid_parameter -> ux_device_class_hi
 142              		.loc 1 193 63 view .LVU37
 143 0060 6B62     		str	r3, [r5, #36]
 194:Middlewares/ST/usbx/common/usbx_device_classes/src/ux_device_class_hid_initialize.c **** 
 144              		.loc 1 194 9 is_stmt 1 view .LVU38
 194:Middlewares/ST/usbx/common/usbx_device_classes/src/ux_device_class_hid_initialize.c **** 
 145              		.loc 1 194 79 is_stmt 0 view .LVU39
 146 0062 FB68     		ldr	r3, [r7, #12]
 194:Middlewares/ST/usbx/common/usbx_device_classes/src/ux_device_class_hid_initialize.c **** 
 147              		.loc 1 194 63 view .LVU40
 148 0064 2B62     		str	r3, [r5, #32]
 197:Middlewares/ST/usbx/common/usbx_device_classes/src/ux_device_class_hid_initialize.c ****         hid -> ux_device_class_hid_get_callback               = hid_parameter -> ux_device_class_hi
 149              		.loc 1 197 9 is_stmt 1 view .LVU41
 197:Middlewares/ST/usbx/common/usbx_device_classes/src/ux_device_class_hid_initialize.c ****         hid -> ux_device_class_hid_get_callback               = hid_parameter -> ux_device_class_hi
 150              		.loc 1 197 79 is_stmt 0 view .LVU42
 151 0066 7B69     		ldr	r3, [r7, #20]
 197:Middlewares/ST/usbx/common/usbx_device_classes/src/ux_device_class_hid_initialize.c ****         hid -> ux_device_class_hid_get_callback               = hid_parameter -> ux_device_class_hi
 152              		.loc 1 197 63 view .LVU43
 153 0068 EB60     		str	r3, [r5, #12]
 198:Middlewares/ST/usbx/common/usbx_device_classes/src/ux_device_class_hid_initialize.c **** 
 154              		.loc 1 198 9 is_stmt 1 view .LVU44
 198:Middlewares/ST/usbx/common/usbx_device_classes/src/ux_device_class_hid_initialize.c **** 
 155              		.loc 1 198 79 is_stmt 0 view .LVU45
 156 006a BB69     		ldr	r3, [r7, #24]
 198:Middlewares/ST/usbx/common/usbx_device_classes/src/ux_device_class_hid_initialize.c **** 
 157              		.loc 1 198 63 view .LVU46
 158 006c 2B61     		str	r3, [r5, #16]
 219:Middlewares/ST/usbx/common/usbx_device_classes/src/ux_device_class_hid_initialize.c ****         array_memory_size = UX_DEVICE_CLASS_HID_EVENT_QUEUE_ITEM_SIZE(hid) * UX_DEVICE_CLASS_HID_PA
 159              		.loc 1 219 80 is_stmt 1 view .LVU47
 220:Middlewares/ST/usbx/common/usbx_device_classes/src/ux_device_class_hid_initialize.c ****         hid -> ux_device_class_hid_event_array =  _ux_utility_memory_allocate(UX_NO_ALIGN,
 160              		.loc 1 220 9 view .LVU48
 161              	.LVL9:
 221:Middlewares/ST/usbx/common/usbx_device_classes/src/ux_device_class_hid_initialize.c ****                                         UX_REGULAR_MEMORY, array_memory_size);
 162              		.loc 1 221 9 view .LVU49
 221:Middlewares/ST/usbx/common/usbx_device_classes/src/ux_device_class_hid_initialize.c ****                                         UX_REGULAR_MEMORY, array_memory_size);
 163              		.loc 1 221 51 is_stmt 0 view .LVU50
 164 006e 4FF43072 		mov	r2, #704
 165 0072 0021     		movs	r1, #0
 166 0074 0846     		mov	r0, r1
 167              	.LVL10:
 221:Middlewares/ST/usbx/common/usbx_device_classes/src/ux_device_class_hid_initialize.c ****                                         UX_REGULAR_MEMORY, array_memory_size);
 168              		.loc 1 221 51 view .LVU51
 169 0076 FFF7FEFF 		bl	_ux_utility_memory_allocate
 170              	.LVL11:
 221:Middlewares/ST/usbx/common/usbx_device_classes/src/ux_device_class_hid_initialize.c ****                                         UX_REGULAR_MEMORY, array_memory_size);
 171              		.loc 1 221 48 discriminator 1 view .LVU52
 172 007a A865     		str	r0, [r5, #88]
 261:Middlewares/ST/usbx/common/usbx_device_classes/src/ux_device_class_hid_initialize.c **** 
 173              		.loc 1 261 9 is_stmt 1 view .LVU53
 264:Middlewares/ST/usbx/common/usbx_device_classes/src/ux_device_class_hid_initialize.c ****         {
 174              		.loc 1 264 9 view .LVU54
 264:Middlewares/ST/usbx/common/usbx_device_classes/src/ux_device_class_hid_initialize.c ****         {
 175              		.loc 1 264 12 is_stmt 0 view .LVU55
 176 007c 0028     		cmp	r0, #0
 177 007e 34D0     		beq	.L12
 269:Middlewares/ST/usbx/common/usbx_device_classes/src/ux_device_class_hid_initialize.c ****             hid -> ux_device_class_hid_event_array_tail =  hid -> ux_device_class_hid_event_array;
ARM GAS  C:\usertemp\ccsNCuwS.s 			page 11


 178              		.loc 1 269 13 is_stmt 1 view .LVU56
 269:Middlewares/ST/usbx/common/usbx_device_classes/src/ux_device_class_hid_initialize.c ****             hid -> ux_device_class_hid_event_array_tail =  hid -> ux_device_class_hid_event_array;
 179              		.loc 1 269 57 is_stmt 0 view .LVU57
 180 0080 E865     		str	r0, [r5, #92]
 270:Middlewares/ST/usbx/common/usbx_device_classes/src/ux_device_class_hid_initialize.c ****             hid -> ux_device_class_hid_event_array_end  =  (UX_DEVICE_CLASS_HID_EVENT*)((UCHAR*)hid
 181              		.loc 1 270 13 is_stmt 1 view .LVU58
 270:Middlewares/ST/usbx/common/usbx_device_classes/src/ux_device_class_hid_initialize.c ****             hid -> ux_device_class_hid_event_array_end  =  (UX_DEVICE_CLASS_HID_EVENT*)((UCHAR*)hid
 182              		.loc 1 270 57 is_stmt 0 view .LVU59
 183 0082 2866     		str	r0, [r5, #96]
 271:Middlewares/ST/usbx/common/usbx_device_classes/src/ux_device_class_hid_initialize.c **** 
 184              		.loc 1 271 13 is_stmt 1 view .LVU60
 271:Middlewares/ST/usbx/common/usbx_device_classes/src/ux_device_class_hid_initialize.c **** 
 185              		.loc 1 271 60 is_stmt 0 view .LVU61
 186 0084 00F53070 		add	r0, r0, #704
 271:Middlewares/ST/usbx/common/usbx_device_classes/src/ux_device_class_hid_initialize.c **** 
 187              		.loc 1 271 57 view .LVU62
 188 0088 6866     		str	r0, [r5, #100]
 274:Middlewares/ST/usbx/common/usbx_device_classes/src/ux_device_class_hid_initialize.c ****             hid -> ux_slave_class_hid_instance_deactivate = hid_parameter -> ux_slave_class_hid_ins
 189              		.loc 1 274 13 is_stmt 1 view .LVU63
 274:Middlewares/ST/usbx/common/usbx_device_classes/src/ux_device_class_hid_initialize.c ****             hid -> ux_slave_class_hid_instance_deactivate = hid_parameter -> ux_slave_class_hid_ins
 190              		.loc 1 274 73 is_stmt 0 view .LVU64
 191 008a 3B68     		ldr	r3, [r7]
 274:Middlewares/ST/usbx/common/usbx_device_classes/src/ux_device_class_hid_initialize.c ****             hid -> ux_slave_class_hid_instance_deactivate = hid_parameter -> ux_slave_class_hid_ins
 192              		.loc 1 274 57 view .LVU65
 193 008c 6B61     		str	r3, [r5, #20]
 275:Middlewares/ST/usbx/common/usbx_device_classes/src/ux_device_class_hid_initialize.c **** 
 194              		.loc 1 275 13 is_stmt 1 view .LVU66
 275:Middlewares/ST/usbx/common/usbx_device_classes/src/ux_device_class_hid_initialize.c **** 
 195              		.loc 1 275 75 is_stmt 0 view .LVU67
 196 008e 7B68     		ldr	r3, [r7, #4]
 275:Middlewares/ST/usbx/common/usbx_device_classes/src/ux_device_class_hid_initialize.c **** 
 197              		.loc 1 275 59 view .LVU68
 198 0090 AB61     		str	r3, [r5, #24]
 278:Middlewares/ST/usbx/common/usbx_device_classes/src/ux_device_class_hid_initialize.c **** 
 199              		.loc 1 278 13 is_stmt 1 view .LVU69
 278:Middlewares/ST/usbx/common/usbx_device_classes/src/ux_device_class_hid_initialize.c **** 
 200              		.loc 1 278 59 is_stmt 0 view .LVU70
 201 0092 4FF0FF33 		mov	r3, #-1
 202 0096 2B65     		str	r3, [r5, #80]
 283:Middlewares/ST/usbx/common/usbx_device_classes/src/ux_device_class_hid_initialize.c **** 
 203              		.loc 1 283 13 is_stmt 1 view .LVU71
 283:Middlewares/ST/usbx/common/usbx_device_classes/src/ux_device_class_hid_initialize.c **** 
 204              		.loc 1 283 23 is_stmt 0 view .LVU72
 205 0098 05F12809 		add	r9, r5, #40
 206 009c 1E49     		ldr	r1, .L17+8
 207 009e 4846     		mov	r0, r9
 208 00a0 FFF7FEFF 		bl	_ux_utility_event_flags_create
 209              	.LVL12:
 286:Middlewares/ST/usbx/common/usbx_device_classes/src/ux_device_class_hid_initialize.c ****                 status = UX_EVENT_ERROR;
 210              		.loc 1 286 13 is_stmt 1 view .LVU73
 286:Middlewares/ST/usbx/common/usbx_device_classes/src/ux_device_class_hid_initialize.c ****                 status = UX_EVENT_ERROR;
 211              		.loc 1 286 16 is_stmt 0 view .LVU74
 212 00a4 C8B9     		cbnz	r0, .L13
 296:Middlewares/ST/usbx/common/usbx_device_classes/src/ux_device_class_hid_initialize.c ****                                                   "ux_device_class_hid_read_mutex");
 213              		.loc 1 296 17 is_stmt 1 view .LVU75
 296:Middlewares/ST/usbx/common/usbx_device_classes/src/ux_device_class_hid_initialize.c ****                                                   "ux_device_class_hid_read_mutex");
 214              		.loc 1 296 26 is_stmt 0 view .LVU76
ARM GAS  C:\usertemp\ccsNCuwS.s 			page 12


 215 00a6 05F1700A 		add	r10, r5, #112
 216 00aa 1C49     		ldr	r1, .L17+12
 217 00ac 5046     		mov	r0, r10
 218              	.LVL13:
 296:Middlewares/ST/usbx/common/usbx_device_classes/src/ux_device_class_hid_initialize.c ****                                                   "ux_device_class_hid_read_mutex");
 219              		.loc 1 296 26 view .LVU77
 220 00ae FFF7FEFF 		bl	_ux_utility_mutex_create
 221              	.LVL14:
 298:Middlewares/ST/usbx/common/usbx_device_classes/src/ux_device_class_hid_initialize.c ****                 {
 222              		.loc 1 298 17 is_stmt 1 view .LVU78
 298:Middlewares/ST/usbx/common/usbx_device_classes/src/ux_device_class_hid_initialize.c ****                 {
 223              		.loc 1 298 20 is_stmt 0 view .LVU79
 224 00b2 0646     		mov	r6, r0
 225 00b4 60B9     		cbnz	r0, .L14
 303:Middlewares/ST/usbx/common/usbx_device_classes/src/ux_device_class_hid_initialize.c ****                     {
 226              		.loc 1 303 21 is_stmt 1 view .LVU80
 303:Middlewares/ST/usbx/common/usbx_device_classes/src/ux_device_class_hid_initialize.c ****                     {
 227              		.loc 1 303 39 is_stmt 0 view .LVU81
 228 00b6 FB69     		ldr	r3, [r7, #28]
 303:Middlewares/ST/usbx/common/usbx_device_classes/src/ux_device_class_hid_initialize.c ****                     {
 229              		.loc 1 303 24 view .LVU82
 230 00b8 2BB1     		cbz	r3, .L7
 307:Middlewares/ST/usbx/common/usbx_device_classes/src/ux_device_class_hid_initialize.c ****                                 ux_device_class_hid_parameter_receiver_initialize(hid,
 231              		.loc 1 307 25 is_stmt 1 view .LVU83
 307:Middlewares/ST/usbx/common/usbx_device_classes/src/ux_device_class_hid_initialize.c ****                                 ux_device_class_hid_parameter_receiver_initialize(hid,
 232              		.loc 1 307 34 is_stmt 0 view .LVU84
 233 00ba 05F16C02 		add	r2, r5, #108
 234 00be 3946     		mov	r1, r7
 235 00c0 2846     		mov	r0, r5
 236              	.LVL15:
 307:Middlewares/ST/usbx/common/usbx_device_classes/src/ux_device_class_hid_initialize.c ****                                 ux_device_class_hid_parameter_receiver_initialize(hid,
 237              		.loc 1 307 34 view .LVU85
 238 00c2 9847     		blx	r3
 239              	.LVL16:
 240 00c4 0646     		mov	r6, r0
 241              	.LVL17:
 242              	.L7:
 314:Middlewares/ST/usbx/common/usbx_device_classes/src/ux_device_class_hid_initialize.c ****                         return(status);
 243              		.loc 1 314 21 is_stmt 1 view .LVU86
 314:Middlewares/ST/usbx/common/usbx_device_classes/src/ux_device_class_hid_initialize.c ****                         return(status);
 244              		.loc 1 314 24 is_stmt 0 view .LVU87
 245 00c6 EEB1     		cbz	r6, .L1
 320:Middlewares/ST/usbx/common/usbx_device_classes/src/ux_device_class_hid_initialize.c ****                 }
 246              		.loc 1 320 21 is_stmt 1 view .LVU88
 247 00c8 5046     		mov	r0, r10
 248              	.LVL18:
 320:Middlewares/ST/usbx/common/usbx_device_classes/src/ux_device_class_hid_initialize.c ****                 }
 249              		.loc 1 320 21 is_stmt 0 view .LVU89
 250 00ca FFF7FEFF 		bl	_ux_utility_mutex_delete
 251              	.LVL19:
 252 00ce 00E0     		b	.L6
 253              	.LVL20:
 254              	.L14:
 323:Middlewares/ST/usbx/common/usbx_device_classes/src/ux_device_class_hid_initialize.c **** 
 255              		.loc 1 323 28 view .LVU90
 256 00d0 1726     		movs	r6, #23
 257              	.LVL21:
ARM GAS  C:\usertemp\ccsNCuwS.s 			page 13


 258              	.L6:
 326:Middlewares/ST/usbx/common/usbx_device_classes/src/ux_device_class_hid_initialize.c **** #endif
 259              		.loc 1 326 17 is_stmt 1 view .LVU91
 260 00d2 4846     		mov	r0, r9
 261 00d4 FFF7FEFF 		bl	_ux_utility_event_flags_delete
 262              	.LVL22:
 263 00d8 00E0     		b	.L5
 264              	.LVL23:
 265              	.L13:
 287:Middlewares/ST/usbx/common/usbx_device_classes/src/ux_device_class_hid_initialize.c ****             else
 266              		.loc 1 287 24 is_stmt 0 view .LVU92
 267 00da 1826     		movs	r6, #24
 268              	.LVL24:
 269              	.L5:
 342:Middlewares/ST/usbx/common/usbx_device_classes/src/ux_device_class_hid_initialize.c **** #endif
 270              		.loc 1 342 13 is_stmt 1 view .LVU93
 271 00dc A86D     		ldr	r0, [r5, #88]
 272 00de FFF7FEFF 		bl	_ux_utility_memory_free
 273              	.LVL25:
 274              	.L4:
 352:Middlewares/ST/usbx/common/usbx_device_classes/src/ux_device_class_hid_initialize.c **** #endif
 275              		.loc 1 352 9 view .LVU94
 276 00e2 4046     		mov	r0, r8
 277 00e4 FFF7FEFF 		bl	_ux_utility_thread_delete
 278              	.LVL26:
 279 00e8 02E0     		b	.L3
 280              	.LVL27:
 281              	.L12:
 347:Middlewares/ST/usbx/common/usbx_device_classes/src/ux_device_class_hid_initialize.c **** 
 282              		.loc 1 347 20 is_stmt 0 view .LVU95
 283 00ea 1226     		movs	r6, #18
 284 00ec F9E7     		b	.L4
 285              	.LVL28:
 286              	.L10:
 287              		.loc 1 356 16 view .LVU96
 288 00ee 1626     		movs	r6, #22
 289              	.LVL29:
 290              	.L3:
 357:Middlewares/ST/usbx/common/usbx_device_classes/src/ux_device_class_hid_initialize.c **** 
 358:Middlewares/ST/usbx/common/usbx_device_classes/src/ux_device_class_hid_initialize.c **** #if !defined(UX_DEVICE_STANDALONE)
 359:Middlewares/ST/usbx/common/usbx_device_classes/src/ux_device_class_hid_initialize.c **** 
 360:Middlewares/ST/usbx/common/usbx_device_classes/src/ux_device_class_hid_initialize.c ****     /* Free stack. */
 361:Middlewares/ST/usbx/common/usbx_device_classes/src/ux_device_class_hid_initialize.c ****     if (class_ptr -> ux_slave_class_thread_stack)
 291              		.loc 1 361 5 is_stmt 1 view .LVU97
 292              		.loc 1 361 19 is_stmt 0 view .LVU98
 293 00f0 D4F80001 		ldr	r0, [r4, #256]
 294              		.loc 1 361 8 view .LVU99
 295 00f4 08B1     		cbz	r0, .L8
 362:Middlewares/ST/usbx/common/usbx_device_classes/src/ux_device_class_hid_initialize.c ****         _ux_utility_memory_free(class_ptr -> ux_slave_class_thread_stack);
 296              		.loc 1 362 9 is_stmt 1 view .LVU100
 297 00f6 FFF7FEFF 		bl	_ux_utility_memory_free
 298              	.LVL30:
 299              	.L8:
 363:Middlewares/ST/usbx/common/usbx_device_classes/src/ux_device_class_hid_initialize.c **** #endif
 364:Middlewares/ST/usbx/common/usbx_device_classes/src/ux_device_class_hid_initialize.c **** 
 365:Middlewares/ST/usbx/common/usbx_device_classes/src/ux_device_class_hid_initialize.c **** #if defined(UX_DEVICE_CLASS_HID_OWN_ENDPOINT_BUFFER)
 366:Middlewares/ST/usbx/common/usbx_device_classes/src/ux_device_class_hid_initialize.c ****     _ux_utility_memory_free(hid -> ux_device_class_hid_endpoint_buffer);
ARM GAS  C:\usertemp\ccsNCuwS.s 			page 14


 367:Middlewares/ST/usbx/common/usbx_device_classes/src/ux_device_class_hid_initialize.c **** #endif
 368:Middlewares/ST/usbx/common/usbx_device_classes/src/ux_device_class_hid_initialize.c **** 
 369:Middlewares/ST/usbx/common/usbx_device_classes/src/ux_device_class_hid_initialize.c ****     /* Unmount instance. */
 370:Middlewares/ST/usbx/common/usbx_device_classes/src/ux_device_class_hid_initialize.c ****     class_ptr -> ux_slave_class_instance =  UX_NULL;
 300              		.loc 1 370 5 view .LVU101
 301              		.loc 1 370 42 is_stmt 0 view .LVU102
 302 00fa 0023     		movs	r3, #0
 303 00fc A364     		str	r3, [r4, #72]
 371:Middlewares/ST/usbx/common/usbx_device_classes/src/ux_device_class_hid_initialize.c **** 
 372:Middlewares/ST/usbx/common/usbx_device_classes/src/ux_device_class_hid_initialize.c ****     /* Free HID instance. */
 373:Middlewares/ST/usbx/common/usbx_device_classes/src/ux_device_class_hid_initialize.c ****     _ux_utility_memory_free(hid);
 304              		.loc 1 373 5 is_stmt 1 view .LVU103
 305 00fe 2846     		mov	r0, r5
 306 0100 FFF7FEFF 		bl	_ux_utility_memory_free
 307              	.LVL31:
 374:Middlewares/ST/usbx/common/usbx_device_classes/src/ux_device_class_hid_initialize.c **** 
 375:Middlewares/ST/usbx/common/usbx_device_classes/src/ux_device_class_hid_initialize.c ****     /* Return completion status.  */
 376:Middlewares/ST/usbx/common/usbx_device_classes/src/ux_device_class_hid_initialize.c ****     return(status);
 308              		.loc 1 376 5 view .LVU104
 309              	.L1:
 377:Middlewares/ST/usbx/common/usbx_device_classes/src/ux_device_class_hid_initialize.c **** }
 310              		.loc 1 377 1 is_stmt 0 view .LVU105
 311 0104 3046     		mov	r0, r6
 312 0106 06B0     		add	sp, sp, #24
 313              	.LCFI2:
 314              		.cfi_remember_state
 315              		.cfi_def_cfa_offset 32
 316              		@ sp needed
 317 0108 BDE8F087 		pop	{r4, r5, r6, r7, r8, r9, r10, pc}
 318              	.LVL32:
 319              	.L9:
 320              	.LCFI3:
 321              		.cfi_restore_state
 131:Middlewares/ST/usbx/common/usbx_device_classes/src/ux_device_class_hid_initialize.c **** 
 322              		.loc 1 131 15 view .LVU106
 323 010c 1226     		movs	r6, #18
 324 010e F9E7     		b	.L1
 325              	.L18:
 326              		.align	2
 327              	.L17:
 328 0110 00000000 		.word	_ux_device_class_hid_interrupt_thread
 329 0114 00000000 		.word	.LC0
 330 0118 14000000 		.word	.LC1
 331 011c 34000000 		.word	.LC2
 332              		.cfi_endproc
 333              	.LFE11:
 335              		.section	.text._uxe_device_class_hid_initialize,"ax",%progbits
 336              		.align	1
 337              		.global	_uxe_device_class_hid_initialize
 338              		.syntax unified
 339              		.thumb
 340              		.thumb_func
 342              	_uxe_device_class_hid_initialize:
 343              	.LVL33:
 344              	.LFB12:
 378:Middlewares/ST/usbx/common/usbx_device_classes/src/ux_device_class_hid_initialize.c **** 
 379:Middlewares/ST/usbx/common/usbx_device_classes/src/ux_device_class_hid_initialize.c **** 
ARM GAS  C:\usertemp\ccsNCuwS.s 			page 15


 380:Middlewares/ST/usbx/common/usbx_device_classes/src/ux_device_class_hid_initialize.c **** /**************************************************************************/
 381:Middlewares/ST/usbx/common/usbx_device_classes/src/ux_device_class_hid_initialize.c **** /*                                                                        */
 382:Middlewares/ST/usbx/common/usbx_device_classes/src/ux_device_class_hid_initialize.c **** /*  FUNCTION                                               RELEASE        */
 383:Middlewares/ST/usbx/common/usbx_device_classes/src/ux_device_class_hid_initialize.c **** /*                                                                        */
 384:Middlewares/ST/usbx/common/usbx_device_classes/src/ux_device_class_hid_initialize.c **** /*    _uxe_device_class_hid_initialize                    PORTABLE C      */
 385:Middlewares/ST/usbx/common/usbx_device_classes/src/ux_device_class_hid_initialize.c **** /*                                                           6.3.0        */
 386:Middlewares/ST/usbx/common/usbx_device_classes/src/ux_device_class_hid_initialize.c **** /*  AUTHOR                                                                */
 387:Middlewares/ST/usbx/common/usbx_device_classes/src/ux_device_class_hid_initialize.c **** /*                                                                        */
 388:Middlewares/ST/usbx/common/usbx_device_classes/src/ux_device_class_hid_initialize.c **** /*    Chaoqiong Xiao, Microsoft Corporation                               */
 389:Middlewares/ST/usbx/common/usbx_device_classes/src/ux_device_class_hid_initialize.c **** /*                                                                        */
 390:Middlewares/ST/usbx/common/usbx_device_classes/src/ux_device_class_hid_initialize.c **** /*  DESCRIPTION                                                           */
 391:Middlewares/ST/usbx/common/usbx_device_classes/src/ux_device_class_hid_initialize.c **** /*                                                                        */
 392:Middlewares/ST/usbx/common/usbx_device_classes/src/ux_device_class_hid_initialize.c **** /*    This function checks errors in HID initialize function call.        */
 393:Middlewares/ST/usbx/common/usbx_device_classes/src/ux_device_class_hid_initialize.c **** /*                                                                        */
 394:Middlewares/ST/usbx/common/usbx_device_classes/src/ux_device_class_hid_initialize.c **** /*  INPUT                                                                 */
 395:Middlewares/ST/usbx/common/usbx_device_classes/src/ux_device_class_hid_initialize.c **** /*                                                                        */
 396:Middlewares/ST/usbx/common/usbx_device_classes/src/ux_device_class_hid_initialize.c **** /*    command                               Pointer to hid command        */ 
 397:Middlewares/ST/usbx/common/usbx_device_classes/src/ux_device_class_hid_initialize.c **** /*                                                                        */
 398:Middlewares/ST/usbx/common/usbx_device_classes/src/ux_device_class_hid_initialize.c **** /*  OUTPUT                                                                */
 399:Middlewares/ST/usbx/common/usbx_device_classes/src/ux_device_class_hid_initialize.c **** /*                                                                        */
 400:Middlewares/ST/usbx/common/usbx_device_classes/src/ux_device_class_hid_initialize.c **** /*    None                                                                */
 401:Middlewares/ST/usbx/common/usbx_device_classes/src/ux_device_class_hid_initialize.c **** /*                                                                        */
 402:Middlewares/ST/usbx/common/usbx_device_classes/src/ux_device_class_hid_initialize.c **** /*  CALLS                                                                 */
 403:Middlewares/ST/usbx/common/usbx_device_classes/src/ux_device_class_hid_initialize.c **** /*                                                                        */
 404:Middlewares/ST/usbx/common/usbx_device_classes/src/ux_device_class_hid_initialize.c **** /*    _ux_device_class_hid_initialize       Initialize HID instance       */
 405:Middlewares/ST/usbx/common/usbx_device_classes/src/ux_device_class_hid_initialize.c **** /*                                                                        */
 406:Middlewares/ST/usbx/common/usbx_device_classes/src/ux_device_class_hid_initialize.c **** /*  CALLED BY                                                             */
 407:Middlewares/ST/usbx/common/usbx_device_classes/src/ux_device_class_hid_initialize.c **** /*                                                                        */
 408:Middlewares/ST/usbx/common/usbx_device_classes/src/ux_device_class_hid_initialize.c **** /*    Device Stack                                                        */
 409:Middlewares/ST/usbx/common/usbx_device_classes/src/ux_device_class_hid_initialize.c **** /*                                                                        */
 410:Middlewares/ST/usbx/common/usbx_device_classes/src/ux_device_class_hid_initialize.c **** /*  RELEASE HISTORY                                                       */
 411:Middlewares/ST/usbx/common/usbx_device_classes/src/ux_device_class_hid_initialize.c **** /*                                                                        */
 412:Middlewares/ST/usbx/common/usbx_device_classes/src/ux_device_class_hid_initialize.c **** /*    DATE              NAME                      DESCRIPTION             */
 413:Middlewares/ST/usbx/common/usbx_device_classes/src/ux_device_class_hid_initialize.c **** /*                                                                        */
 414:Middlewares/ST/usbx/common/usbx_device_classes/src/ux_device_class_hid_initialize.c **** /*  10-31-2023     Chaoqiong Xiao           Initial Version 6.3.0         */
 415:Middlewares/ST/usbx/common/usbx_device_classes/src/ux_device_class_hid_initialize.c **** /*                                                                        */
 416:Middlewares/ST/usbx/common/usbx_device_classes/src/ux_device_class_hid_initialize.c **** /**************************************************************************/
 417:Middlewares/ST/usbx/common/usbx_device_classes/src/ux_device_class_hid_initialize.c **** UINT  _uxe_device_class_hid_initialize(UX_SLAVE_CLASS_COMMAND *command)
 418:Middlewares/ST/usbx/common/usbx_device_classes/src/ux_device_class_hid_initialize.c **** {
 345              		.loc 1 418 1 is_stmt 1 view -0
 346              		.cfi_startproc
 347              		@ args = 0, pretend = 0, frame = 0
 348              		@ frame_needed = 0, uses_anonymous_args = 0
 349              		.loc 1 418 1 is_stmt 0 view .LVU108
 350 0000 08B5     		push	{r3, lr}
 351              	.LCFI4:
 352              		.cfi_def_cfa_offset 8
 353              		.cfi_offset 3, -8
 354              		.cfi_offset 14, -4
 419:Middlewares/ST/usbx/common/usbx_device_classes/src/ux_device_class_hid_initialize.c **** 
 420:Middlewares/ST/usbx/common/usbx_device_classes/src/ux_device_class_hid_initialize.c **** UX_SLAVE_CLASS_HID_PARAMETER            *hid_parameter;
 355              		.loc 1 420 1 is_stmt 1 view .LVU109
 421:Middlewares/ST/usbx/common/usbx_device_classes/src/ux_device_class_hid_initialize.c **** 
 422:Middlewares/ST/usbx/common/usbx_device_classes/src/ux_device_class_hid_initialize.c ****     /* Get the pointer to the application parameters for the hid class.  */
 423:Middlewares/ST/usbx/common/usbx_device_classes/src/ux_device_class_hid_initialize.c ****     hid_parameter =  command -> ux_slave_class_command_parameter;
 356              		.loc 1 423 5 view .LVU110
 357              		.loc 1 423 19 is_stmt 0 view .LVU111
ARM GAS  C:\usertemp\ccsNCuwS.s 			page 16


 358 0002 436A     		ldr	r3, [r0, #36]
 359              	.LVL34:
 424:Middlewares/ST/usbx/common/usbx_device_classes/src/ux_device_class_hid_initialize.c **** 
 425:Middlewares/ST/usbx/common/usbx_device_classes/src/ux_device_class_hid_initialize.c ****     /* Check input parameters.  */
 426:Middlewares/ST/usbx/common/usbx_device_classes/src/ux_device_class_hid_initialize.c ****     if ((hid_parameter -> ux_device_class_hid_parameter_report_address == UX_NULL) ||
 360              		.loc 1 426 5 is_stmt 1 view .LVU112
 361              		.loc 1 426 24 is_stmt 0 view .LVU113
 362 0004 9A68     		ldr	r2, [r3, #8]
 363              		.loc 1 426 8 view .LVU114
 364 0006 3AB1     		cbz	r2, .L21
 427:Middlewares/ST/usbx/common/usbx_device_classes/src/ux_device_class_hid_initialize.c ****         (hid_parameter -> ux_device_class_hid_parameter_report_length == 0) ||
 365              		.loc 1 427 24 view .LVU115
 366 0008 1B69     		ldr	r3, [r3, #16]
 367              	.LVL35:
 426:Middlewares/ST/usbx/common/usbx_device_classes/src/ux_device_class_hid_initialize.c ****         (hid_parameter -> ux_device_class_hid_parameter_report_length == 0) ||
 368              		.loc 1 426 84 discriminator 1 view .LVU116
 369 000a 3BB1     		cbz	r3, .L22
 370              		.loc 1 427 77 view .LVU117
 371 000c B3F5807F 		cmp	r3, #256
 372 0010 06D8     		bhi	.L23
 428:Middlewares/ST/usbx/common/usbx_device_classes/src/ux_device_class_hid_initialize.c ****         (hid_parameter -> ux_device_class_hid_parameter_report_length > UX_SLAVE_REQUEST_CONTROL_MA
 429:Middlewares/ST/usbx/common/usbx_device_classes/src/ux_device_class_hid_initialize.c ****     {
 430:Middlewares/ST/usbx/common/usbx_device_classes/src/ux_device_class_hid_initialize.c ****         return(UX_INVALID_PARAMETER);
 431:Middlewares/ST/usbx/common/usbx_device_classes/src/ux_device_class_hid_initialize.c ****     }
 432:Middlewares/ST/usbx/common/usbx_device_classes/src/ux_device_class_hid_initialize.c **** 
 433:Middlewares/ST/usbx/common/usbx_device_classes/src/ux_device_class_hid_initialize.c ****     /* Invoke initialize function.  */
 434:Middlewares/ST/usbx/common/usbx_device_classes/src/ux_device_class_hid_initialize.c ****     return(_ux_device_class_hid_initialize(command));
 373              		.loc 1 434 5 is_stmt 1 view .LVU118
 374              		.loc 1 434 12 is_stmt 0 view .LVU119
 375 0012 FFF7FEFF 		bl	_ux_device_class_hid_initialize
 376              	.LVL36:
 377              	.L19:
 435:Middlewares/ST/usbx/common/usbx_device_classes/src/ux_device_class_hid_initialize.c **** }
 378              		.loc 1 435 1 view .LVU120
 379 0016 08BD     		pop	{r3, pc}
 380              	.LVL37:
 381              	.L21:
 430:Middlewares/ST/usbx/common/usbx_device_classes/src/ux_device_class_hid_initialize.c ****     }
 382              		.loc 1 430 15 view .LVU121
 383 0018 FA20     		movs	r0, #250
 384              	.LVL38:
 430:Middlewares/ST/usbx/common/usbx_device_classes/src/ux_device_class_hid_initialize.c ****     }
 385              		.loc 1 430 15 view .LVU122
 386 001a FCE7     		b	.L19
 387              	.LVL39:
 388              	.L22:
 430:Middlewares/ST/usbx/common/usbx_device_classes/src/ux_device_class_hid_initialize.c ****     }
 389              		.loc 1 430 15 view .LVU123
 390 001c FA20     		movs	r0, #250
 391              	.LVL40:
 430:Middlewares/ST/usbx/common/usbx_device_classes/src/ux_device_class_hid_initialize.c ****     }
 392              		.loc 1 430 15 view .LVU124
 393 001e FAE7     		b	.L19
 394              	.LVL41:
 395              	.L23:
 430:Middlewares/ST/usbx/common/usbx_device_classes/src/ux_device_class_hid_initialize.c ****     }
 396              		.loc 1 430 15 view .LVU125
ARM GAS  C:\usertemp\ccsNCuwS.s 			page 17


 397 0020 FA20     		movs	r0, #250
 398              	.LVL42:
 430:Middlewares/ST/usbx/common/usbx_device_classes/src/ux_device_class_hid_initialize.c ****     }
 399              		.loc 1 430 15 view .LVU126
 400 0022 F8E7     		b	.L19
 401              		.cfi_endproc
 402              	.LFE12:
 404              		.text
 405              	.Letext0:
 406              		.file 2 "Middlewares/ST/threadx/ports/cortex_m33/gnu/inc/tx_port.h"
 407              		.file 3 "Middlewares/ST/threadx/common/inc/tx_api.h"
 408              		.file 4 "Middlewares/ST/usbx/common/core/inc/ux_api.h"
 409              		.file 5 "Middlewares/ST/usbx/common/usbx_device_classes/inc/ux_device_class_hid.h"
 410              		.file 6 "Middlewares/ST/usbx/common/core/inc/ux_utility.h"
ARM GAS  C:\usertemp\ccsNCuwS.s 			page 18


DEFINED SYMBOLS
                            *ABS*:00000000 ux_device_class_hid_initialize.c
C:\usertemp\ccsNCuwS.s:22     .rodata._ux_device_class_hid_initialize.str1.4:00000000 $d
C:\usertemp\ccsNCuwS.s:32     .text._ux_device_class_hid_initialize:00000000 $t
C:\usertemp\ccsNCuwS.s:38     .text._ux_device_class_hid_initialize:00000000 _ux_device_class_hid_initialize
C:\usertemp\ccsNCuwS.s:328    .text._ux_device_class_hid_initialize:00000110 $d
C:\usertemp\ccsNCuwS.s:336    .text._uxe_device_class_hid_initialize:00000000 $t
C:\usertemp\ccsNCuwS.s:342    .text._uxe_device_class_hid_initialize:00000000 _uxe_device_class_hid_initialize

UNDEFINED SYMBOLS
_ux_utility_memory_allocate
_ux_utility_thread_create
_ux_utility_event_flags_create
_ux_utility_mutex_create
_ux_utility_mutex_delete
_ux_utility_event_flags_delete
_ux_utility_memory_free
_ux_utility_thread_delete
_ux_device_class_hid_interrupt_thread
