ARM GAS  C:\usertemp\cc4pz2BV.s 			page 1


   1              		.cpu cortex-m33
   2              		.arch armv8-m.main
   3              		.fpu fpv4-sp-d16
   4              		.arch_extension dsp
   5              		.eabi_attribute 27, 1
   6              		.eabi_attribute 28, 1
   7              		.eabi_attribute 20, 1
   8              		.eabi_attribute 21, 1
   9              		.eabi_attribute 23, 3
  10              		.eabi_attribute 24, 1
  11              		.eabi_attribute 25, 1
  12              		.eabi_attribute 26, 1
  13              		.eabi_attribute 30, 1
  14              		.eabi_attribute 34, 1
  15              		.eabi_attribute 18, 4
  16              		.file	"ux_device_stack_uninitialize.c"
  17              		.text
  18              	.Ltext0:
  19              		.cfi_sections	.debug_frame
  20              		.file 1 "Middlewares/ST/usbx/common/core/src/ux_device_stack_uninitialize.c"
  21              		.section	.text._ux_device_stack_uninitialize,"ax",%progbits
  22              		.align	1
  23              		.global	_ux_device_stack_uninitialize
  24              		.syntax unified
  25              		.thumb
  26              		.thumb_func
  28              	_ux_device_stack_uninitialize:
  29              	.LFB11:
   1:Middlewares/ST/usbx/common/core/src/ux_device_stack_uninitialize.c **** /**************************************************************************/
   2:Middlewares/ST/usbx/common/core/src/ux_device_stack_uninitialize.c **** /*                                                                        */
   3:Middlewares/ST/usbx/common/core/src/ux_device_stack_uninitialize.c **** /*       Copyright (c) Microsoft Corporation. All rights reserved.        */
   4:Middlewares/ST/usbx/common/core/src/ux_device_stack_uninitialize.c **** /*                                                                        */
   5:Middlewares/ST/usbx/common/core/src/ux_device_stack_uninitialize.c **** /*       This software is licensed under the Microsoft Software License   */
   6:Middlewares/ST/usbx/common/core/src/ux_device_stack_uninitialize.c **** /*       Terms for Microsoft Azure RTOS. Full text of the license can be  */
   7:Middlewares/ST/usbx/common/core/src/ux_device_stack_uninitialize.c **** /*       found in the LICENSE file at https://aka.ms/AzureRTOS_EULA       */
   8:Middlewares/ST/usbx/common/core/src/ux_device_stack_uninitialize.c **** /*       and in the root directory of this software.                      */
   9:Middlewares/ST/usbx/common/core/src/ux_device_stack_uninitialize.c **** /*                                                                        */
  10:Middlewares/ST/usbx/common/core/src/ux_device_stack_uninitialize.c **** /**************************************************************************/
  11:Middlewares/ST/usbx/common/core/src/ux_device_stack_uninitialize.c **** 
  12:Middlewares/ST/usbx/common/core/src/ux_device_stack_uninitialize.c **** 
  13:Middlewares/ST/usbx/common/core/src/ux_device_stack_uninitialize.c **** /**************************************************************************/
  14:Middlewares/ST/usbx/common/core/src/ux_device_stack_uninitialize.c **** /**************************************************************************/
  15:Middlewares/ST/usbx/common/core/src/ux_device_stack_uninitialize.c **** /**                                                                       */ 
  16:Middlewares/ST/usbx/common/core/src/ux_device_stack_uninitialize.c **** /** USBX Component                                                        */ 
  17:Middlewares/ST/usbx/common/core/src/ux_device_stack_uninitialize.c **** /**                                                                       */
  18:Middlewares/ST/usbx/common/core/src/ux_device_stack_uninitialize.c **** /**   Device Stack                                                        */
  19:Middlewares/ST/usbx/common/core/src/ux_device_stack_uninitialize.c **** /**                                                                       */
  20:Middlewares/ST/usbx/common/core/src/ux_device_stack_uninitialize.c **** /**************************************************************************/
  21:Middlewares/ST/usbx/common/core/src/ux_device_stack_uninitialize.c **** /**************************************************************************/
  22:Middlewares/ST/usbx/common/core/src/ux_device_stack_uninitialize.c **** 
  23:Middlewares/ST/usbx/common/core/src/ux_device_stack_uninitialize.c **** #define UX_SOURCE_CODE
  24:Middlewares/ST/usbx/common/core/src/ux_device_stack_uninitialize.c **** 
  25:Middlewares/ST/usbx/common/core/src/ux_device_stack_uninitialize.c **** 
  26:Middlewares/ST/usbx/common/core/src/ux_device_stack_uninitialize.c **** /* Include necessary system files.  */
  27:Middlewares/ST/usbx/common/core/src/ux_device_stack_uninitialize.c **** 
  28:Middlewares/ST/usbx/common/core/src/ux_device_stack_uninitialize.c **** #include "ux_api.h"
  29:Middlewares/ST/usbx/common/core/src/ux_device_stack_uninitialize.c **** #include "ux_device_stack.h"
ARM GAS  C:\usertemp\cc4pz2BV.s 			page 2


  30:Middlewares/ST/usbx/common/core/src/ux_device_stack_uninitialize.c **** 
  31:Middlewares/ST/usbx/common/core/src/ux_device_stack_uninitialize.c **** /**************************************************************************/
  32:Middlewares/ST/usbx/common/core/src/ux_device_stack_uninitialize.c **** /*                                                                        */
  33:Middlewares/ST/usbx/common/core/src/ux_device_stack_uninitialize.c **** /*  FUNCTION                                               RELEASE        */
  34:Middlewares/ST/usbx/common/core/src/ux_device_stack_uninitialize.c **** /*                                                                        */
  35:Middlewares/ST/usbx/common/core/src/ux_device_stack_uninitialize.c **** /*    _ux_device_stack_uninitialize                       PORTABLE C      */
  36:Middlewares/ST/usbx/common/core/src/ux_device_stack_uninitialize.c **** /*                                                           6.3.0        */
  37:Middlewares/ST/usbx/common/core/src/ux_device_stack_uninitialize.c **** /*  AUTHOR                                                                */
  38:Middlewares/ST/usbx/common/core/src/ux_device_stack_uninitialize.c **** /*                                                                        */
  39:Middlewares/ST/usbx/common/core/src/ux_device_stack_uninitialize.c **** /*    Chaoqiong Xiao, Microsoft Corporation                               */
  40:Middlewares/ST/usbx/common/core/src/ux_device_stack_uninitialize.c **** /*                                                                        */
  41:Middlewares/ST/usbx/common/core/src/ux_device_stack_uninitialize.c **** /*  DESCRIPTION                                                           */
  42:Middlewares/ST/usbx/common/core/src/ux_device_stack_uninitialize.c **** /*                                                                        */
  43:Middlewares/ST/usbx/common/core/src/ux_device_stack_uninitialize.c **** /*    This function uninitializes the generic portion of the device side  */
  44:Middlewares/ST/usbx/common/core/src/ux_device_stack_uninitialize.c **** /*    of USBX.                                                            */
  45:Middlewares/ST/usbx/common/core/src/ux_device_stack_uninitialize.c **** /*                                                                        */
  46:Middlewares/ST/usbx/common/core/src/ux_device_stack_uninitialize.c **** /*  INPUT                                                                 */
  47:Middlewares/ST/usbx/common/core/src/ux_device_stack_uninitialize.c **** /*                                                                        */
  48:Middlewares/ST/usbx/common/core/src/ux_device_stack_uninitialize.c **** /*  OUTPUT                                                                */
  49:Middlewares/ST/usbx/common/core/src/ux_device_stack_uninitialize.c **** /*                                                                        */
  50:Middlewares/ST/usbx/common/core/src/ux_device_stack_uninitialize.c **** /*    Completion Status                                                   */ 
  51:Middlewares/ST/usbx/common/core/src/ux_device_stack_uninitialize.c **** /*                                                                        */
  52:Middlewares/ST/usbx/common/core/src/ux_device_stack_uninitialize.c **** /*  CALLS                                                                 */ 
  53:Middlewares/ST/usbx/common/core/src/ux_device_stack_uninitialize.c **** /*                                                                        */ 
  54:Middlewares/ST/usbx/common/core/src/ux_device_stack_uninitialize.c **** /*    _ux_utility_memory_free               Free                          */ 
  55:Middlewares/ST/usbx/common/core/src/ux_device_stack_uninitialize.c **** /*    _ux_utility_semaphore_delete          Delete semaphore              */
  56:Middlewares/ST/usbx/common/core/src/ux_device_stack_uninitialize.c **** /*                                                                        */ 
  57:Middlewares/ST/usbx/common/core/src/ux_device_stack_uninitialize.c **** /*  CALLED BY                                                             */ 
  58:Middlewares/ST/usbx/common/core/src/ux_device_stack_uninitialize.c **** /*                                                                        */ 
  59:Middlewares/ST/usbx/common/core/src/ux_device_stack_uninitialize.c **** /*    Application                                                         */ 
  60:Middlewares/ST/usbx/common/core/src/ux_device_stack_uninitialize.c **** /*                                                                        */ 
  61:Middlewares/ST/usbx/common/core/src/ux_device_stack_uninitialize.c **** /*  RELEASE HISTORY                                                       */ 
  62:Middlewares/ST/usbx/common/core/src/ux_device_stack_uninitialize.c **** /*                                                                        */ 
  63:Middlewares/ST/usbx/common/core/src/ux_device_stack_uninitialize.c **** /*    DATE              NAME                      DESCRIPTION             */ 
  64:Middlewares/ST/usbx/common/core/src/ux_device_stack_uninitialize.c **** /*                                                                        */ 
  65:Middlewares/ST/usbx/common/core/src/ux_device_stack_uninitialize.c **** /*  05-19-2020     Chaoqiong Xiao           Initial Version 6.0           */
  66:Middlewares/ST/usbx/common/core/src/ux_device_stack_uninitialize.c **** /*  09-30-2020     Chaoqiong Xiao           Modified comment(s),          */
  67:Middlewares/ST/usbx/common/core/src/ux_device_stack_uninitialize.c **** /*                                            resulting in version 6.1    */
  68:Middlewares/ST/usbx/common/core/src/ux_device_stack_uninitialize.c **** /*  04-02-2021     Chaoqiong Xiao           Modified comment(s),          */
  69:Middlewares/ST/usbx/common/core/src/ux_device_stack_uninitialize.c **** /*                                            fixed uninitialize in case  */
  70:Middlewares/ST/usbx/common/core/src/ux_device_stack_uninitialize.c **** /*                                            there is no EP except EP0,  */
  71:Middlewares/ST/usbx/common/core/src/ux_device_stack_uninitialize.c **** /*                                            resulting in version 6.1.6  */
  72:Middlewares/ST/usbx/common/core/src/ux_device_stack_uninitialize.c **** /*  01-31-2022     Chaoqiong Xiao           Modified comment(s),          */
  73:Middlewares/ST/usbx/common/core/src/ux_device_stack_uninitialize.c **** /*                                            added standalone support,   */
  74:Middlewares/ST/usbx/common/core/src/ux_device_stack_uninitialize.c **** /*                                            resulting in version 6.1.10 */
  75:Middlewares/ST/usbx/common/core/src/ux_device_stack_uninitialize.c **** /*  10-31-2023     Chaoqiong Xiao           Modified comment(s),          */
  76:Middlewares/ST/usbx/common/core/src/ux_device_stack_uninitialize.c **** /*                                            added a new mode to manage  */
  77:Middlewares/ST/usbx/common/core/src/ux_device_stack_uninitialize.c **** /*                                            endpoint buffer in classes, */
  78:Middlewares/ST/usbx/common/core/src/ux_device_stack_uninitialize.c **** /*                                            resulting in version 6.3.0  */
  79:Middlewares/ST/usbx/common/core/src/ux_device_stack_uninitialize.c **** /*                                                                        */
  80:Middlewares/ST/usbx/common/core/src/ux_device_stack_uninitialize.c **** /**************************************************************************/
  81:Middlewares/ST/usbx/common/core/src/ux_device_stack_uninitialize.c **** UINT  _ux_device_stack_uninitialize(VOID)
  82:Middlewares/ST/usbx/common/core/src/ux_device_stack_uninitialize.c **** {
  30              		.loc 1 82 1 view -0
  31              		.cfi_startproc
  32              		@ args = 0, pretend = 0, frame = 0
  33              		@ frame_needed = 0, uses_anonymous_args = 0
ARM GAS  C:\usertemp\cc4pz2BV.s 			page 3


  34 0000 70B5     		push	{r4, r5, r6, lr}
  35              	.LCFI0:
  36              		.cfi_def_cfa_offset 16
  37              		.cfi_offset 4, -16
  38              		.cfi_offset 5, -12
  39              		.cfi_offset 6, -8
  40              		.cfi_offset 14, -4
  83:Middlewares/ST/usbx/common/core/src/ux_device_stack_uninitialize.c **** UX_SLAVE_DEVICE                 *device;
  41              		.loc 1 83 1 view .LVU1
  84:Middlewares/ST/usbx/common/core/src/ux_device_stack_uninitialize.c **** UX_SLAVE_ENDPOINT               *endpoints_pool;
  42              		.loc 1 84 1 view .LVU2
  85:Middlewares/ST/usbx/common/core/src/ux_device_stack_uninitialize.c **** UX_SLAVE_TRANSFER               *transfer_request;
  43              		.loc 1 85 1 view .LVU3
  86:Middlewares/ST/usbx/common/core/src/ux_device_stack_uninitialize.c **** ULONG                           endpoints_found;
  44              		.loc 1 86 1 view .LVU4
  87:Middlewares/ST/usbx/common/core/src/ux_device_stack_uninitialize.c **** 
  88:Middlewares/ST/usbx/common/core/src/ux_device_stack_uninitialize.c ****     /* If trace is enabled, insert this event into the trace buffer.  */
  89:Middlewares/ST/usbx/common/core/src/ux_device_stack_uninitialize.c ****     UX_TRACE_IN_LINE_INSERT(UX_TRACE_DEVICE_STACK_INITIALIZE, 0, 0, 0, 0, UX_TRACE_DEVICE_STACK_EVE
  90:Middlewares/ST/usbx/common/core/src/ux_device_stack_uninitialize.c **** 
  91:Middlewares/ST/usbx/common/core/src/ux_device_stack_uninitialize.c ****     /* Get the pointer to the device. */
  92:Middlewares/ST/usbx/common/core/src/ux_device_stack_uninitialize.c ****     device =  &_ux_system_slave -> ux_system_slave_device;
  45              		.loc 1 92 5 view .LVU5
  46              		.loc 1 92 33 is_stmt 0 view .LVU6
  47 0002 124B     		ldr	r3, .L6
  48 0004 1E68     		ldr	r6, [r3]
  49              	.LVL0:
  93:Middlewares/ST/usbx/common/core/src/ux_device_stack_uninitialize.c **** 
  94:Middlewares/ST/usbx/common/core/src/ux_device_stack_uninitialize.c ****     /* Free class memory. */
  95:Middlewares/ST/usbx/common/core/src/ux_device_stack_uninitialize.c ****     _ux_utility_memory_free(_ux_system_slave -> ux_system_slave_class_array);
  50              		.loc 1 95 5 is_stmt 1 view .LVU7
  51 0006 D6F81001 		ldr	r0, [r6, #272]
  52 000a FFF7FEFF 		bl	_ux_utility_memory_free
  53              	.LVL1:
  96:Middlewares/ST/usbx/common/core/src/ux_device_stack_uninitialize.c **** 
  97:Middlewares/ST/usbx/common/core/src/ux_device_stack_uninitialize.c ****     /* Allocate some memory for the Control Endpoint.  First get the address of the transfer reques
  98:Middlewares/ST/usbx/common/core/src/ux_device_stack_uninitialize.c ****        control endpoint. */
  99:Middlewares/ST/usbx/common/core/src/ux_device_stack_uninitialize.c ****     transfer_request =  &device -> ux_slave_device_control_endpoint.ux_slave_endpoint_transfer_requ
  54              		.loc 1 99 5 view .LVU8
 100:Middlewares/ST/usbx/common/core/src/ux_device_stack_uninitialize.c **** 
 101:Middlewares/ST/usbx/common/core/src/ux_device_stack_uninitialize.c ****     /* Free memory for the control endpoint buffer.  */
 102:Middlewares/ST/usbx/common/core/src/ux_device_stack_uninitialize.c ****     _ux_utility_memory_free(transfer_request -> ux_slave_transfer_request_data_pointer);
  55              		.loc 1 102 5 view .LVU9
  56 000e 706E     		ldr	r0, [r6, #100]
  57 0010 FFF7FEFF 		bl	_ux_utility_memory_free
  58              	.LVL2:
 103:Middlewares/ST/usbx/common/core/src/ux_device_stack_uninitialize.c **** 
 104:Middlewares/ST/usbx/common/core/src/ux_device_stack_uninitialize.c ****     /* Get the number of endpoints found in the device framework.  */
 105:Middlewares/ST/usbx/common/core/src/ux_device_stack_uninitialize.c ****     endpoints_found = device -> ux_slave_device_endpoints_pool_number;
  59              		.loc 1 105 5 view .LVU10
  60              		.loc 1 105 21 is_stmt 0 view .LVU11
  61 0014 D6F8D830 		ldr	r3, [r6, #216]
  62              	.LVL3:
 106:Middlewares/ST/usbx/common/core/src/ux_device_stack_uninitialize.c ****     
 107:Middlewares/ST/usbx/common/core/src/ux_device_stack_uninitialize.c ****     /* Get the endpoint pool address in the device container.  */
 108:Middlewares/ST/usbx/common/core/src/ux_device_stack_uninitialize.c ****     endpoints_pool =  device -> ux_slave_device_endpoints_pool;
  63              		.loc 1 108 5 is_stmt 1 view .LVU12
  64              		.loc 1 108 20 is_stmt 0 view .LVU13
ARM GAS  C:\usertemp\cc4pz2BV.s 			page 4


  65 0018 D6F8D440 		ldr	r4, [r6, #212]
  66              	.LVL4:
 109:Middlewares/ST/usbx/common/core/src/ux_device_stack_uninitialize.c **** 
 110:Middlewares/ST/usbx/common/core/src/ux_device_stack_uninitialize.c ****     /* Parse all endpoints and fee memory and semaphore. */
 111:Middlewares/ST/usbx/common/core/src/ux_device_stack_uninitialize.c ****     while (endpoints_found-- != 0)
  67              		.loc 1 111 5 is_stmt 1 view .LVU14
  68              		.loc 1 111 11 is_stmt 0 view .LVU15
  69 001c 08E0     		b	.L2
  70              	.LVL5:
  71              	.L3:
 112:Middlewares/ST/usbx/common/core/src/ux_device_stack_uninitialize.c ****     {
 113:Middlewares/ST/usbx/common/core/src/ux_device_stack_uninitialize.c **** 
 114:Middlewares/ST/usbx/common/core/src/ux_device_stack_uninitialize.c **** #if UX_DEVICE_ENDPOINT_BUFFER_OWNER == 0
 115:Middlewares/ST/usbx/common/core/src/ux_device_stack_uninitialize.c **** 
 116:Middlewares/ST/usbx/common/core/src/ux_device_stack_uninitialize.c ****         /* Free the memory for endpoint data pointer.  */
 117:Middlewares/ST/usbx/common/core/src/ux_device_stack_uninitialize.c ****         _ux_utility_memory_free(endpoints_pool -> ux_slave_endpoint_transfer_request.ux_slave_trans
  72              		.loc 1 117 9 is_stmt 1 view .LVU16
  73 001e E06A     		ldr	r0, [r4, #44]
  74 0020 FFF7FEFF 		bl	_ux_utility_memory_free
  75              	.LVL6:
 118:Middlewares/ST/usbx/common/core/src/ux_device_stack_uninitialize.c **** #endif
 119:Middlewares/ST/usbx/common/core/src/ux_device_stack_uninitialize.c **** 
 120:Middlewares/ST/usbx/common/core/src/ux_device_stack_uninitialize.c ****         /* Remove the TX semaphore for the endpoint.  */
 121:Middlewares/ST/usbx/common/core/src/ux_device_stack_uninitialize.c ****         _ux_device_semaphore_delete(&endpoints_pool -> ux_slave_endpoint_transfer_request.ux_slave_
  76              		.loc 1 121 9 view .LVU17
  77 0024 04F15000 		add	r0, r4, #80
  78 0028 FFF7FEFF 		bl	_ux_utility_semaphore_delete
  79              	.LVL7:
 122:Middlewares/ST/usbx/common/core/src/ux_device_stack_uninitialize.c ****     
 123:Middlewares/ST/usbx/common/core/src/ux_device_stack_uninitialize.c ****         /* Next endpoint.  */
 124:Middlewares/ST/usbx/common/core/src/ux_device_stack_uninitialize.c ****         endpoints_pool++;
  80              		.loc 1 124 9 view .LVU18
  81              		.loc 1 124 23 is_stmt 0 view .LVU19
  82 002c 8034     		adds	r4, r4, #128
  83              	.LVL8:
 111:Middlewares/ST/usbx/common/core/src/ux_device_stack_uninitialize.c ****     {
  84              		.loc 1 111 27 view .LVU20
  85 002e 2B46     		mov	r3, r5
  86              	.LVL9:
  87              	.L2:
 111:Middlewares/ST/usbx/common/core/src/ux_device_stack_uninitialize.c ****     {
  88              		.loc 1 111 30 is_stmt 1 view .LVU21
 111:Middlewares/ST/usbx/common/core/src/ux_device_stack_uninitialize.c ****     {
  89              		.loc 1 111 27 is_stmt 0 view .LVU22
  90 0030 5D1E     		subs	r5, r3, #1
  91              	.LVL10:
 111:Middlewares/ST/usbx/common/core/src/ux_device_stack_uninitialize.c ****     {
  92              		.loc 1 111 30 view .LVU23
  93 0032 002B     		cmp	r3, #0
  94 0034 F3D1     		bne	.L3
 125:Middlewares/ST/usbx/common/core/src/ux_device_stack_uninitialize.c ****     }
 126:Middlewares/ST/usbx/common/core/src/ux_device_stack_uninitialize.c **** 
 127:Middlewares/ST/usbx/common/core/src/ux_device_stack_uninitialize.c ****     /* Free the endpoint pool address in the device container.  */
 128:Middlewares/ST/usbx/common/core/src/ux_device_stack_uninitialize.c ****     if (device -> ux_slave_device_endpoints_pool)
  95              		.loc 1 128 5 is_stmt 1 view .LVU24
  96              		.loc 1 128 16 is_stmt 0 view .LVU25
  97 0036 D6F8D400 		ldr	r0, [r6, #212]
ARM GAS  C:\usertemp\cc4pz2BV.s 			page 5


  98              		.loc 1 128 8 view .LVU26
  99 003a 08B1     		cbz	r0, .L4
 129:Middlewares/ST/usbx/common/core/src/ux_device_stack_uninitialize.c ****         _ux_utility_memory_free(device -> ux_slave_device_endpoints_pool);
 100              		.loc 1 129 9 is_stmt 1 view .LVU27
 101 003c FFF7FEFF 		bl	_ux_utility_memory_free
 102              	.LVL11:
 103              	.L4:
 130:Middlewares/ST/usbx/common/core/src/ux_device_stack_uninitialize.c **** 
 131:Middlewares/ST/usbx/common/core/src/ux_device_stack_uninitialize.c ****     /* Free memory for interface pool.  */
 132:Middlewares/ST/usbx/common/core/src/ux_device_stack_uninitialize.c ****     _ux_utility_memory_free(device -> ux_slave_device_interfaces_pool);
 104              		.loc 1 132 5 view .LVU28
 105 0040 D6F8CC00 		ldr	r0, [r6, #204]
 106 0044 FFF7FEFF 		bl	_ux_utility_memory_free
 107              	.LVL12:
 133:Middlewares/ST/usbx/common/core/src/ux_device_stack_uninitialize.c **** 
 134:Middlewares/ST/usbx/common/core/src/ux_device_stack_uninitialize.c ****     /* Return successful completion.  */
 135:Middlewares/ST/usbx/common/core/src/ux_device_stack_uninitialize.c ****     return(UX_SUCCESS);
 108              		.loc 1 135 5 view .LVU29
 136:Middlewares/ST/usbx/common/core/src/ux_device_stack_uninitialize.c **** }
 109              		.loc 1 136 1 is_stmt 0 view .LVU30
 110 0048 0020     		movs	r0, #0
 111 004a 70BD     		pop	{r4, r5, r6, pc}
 112              	.LVL13:
 113              	.L7:
 114              		.loc 1 136 1 view .LVU31
 115              		.align	2
 116              	.L6:
 117 004c 00000000 		.word	_ux_system_slave
 118              		.cfi_endproc
 119              	.LFE11:
 121              		.text
 122              	.Letext0:
 123              		.file 2 "Middlewares/ST/threadx/ports/cortex_m33/gnu/inc/tx_port.h"
 124              		.file 3 "Middlewares/ST/threadx/common/inc/tx_api.h"
 125              		.file 4 "Middlewares/ST/usbx/common/core/inc/ux_api.h"
 126              		.file 5 "Middlewares/ST/usbx/common/core/inc/ux_system.h"
 127              		.file 6 "Middlewares/ST/usbx/common/core/inc/ux_utility.h"
ARM GAS  C:\usertemp\cc4pz2BV.s 			page 6


DEFINED SYMBOLS
                            *ABS*:00000000 ux_device_stack_uninitialize.c
C:\usertemp\cc4pz2BV.s:22     .text._ux_device_stack_uninitialize:00000000 $t
C:\usertemp\cc4pz2BV.s:28     .text._ux_device_stack_uninitialize:00000000 _ux_device_stack_uninitialize
C:\usertemp\cc4pz2BV.s:117    .text._ux_device_stack_uninitialize:0000004c $d

UNDEFINED SYMBOLS
_ux_utility_memory_free
_ux_utility_semaphore_delete
_ux_system_slave
