ARM GAS  C:\usertemp\ccfmQjJb.s 			page 1


   1              		.cpu cortex-m33
   2              		.arch armv8-m.main
   3              		.fpu fpv4-sp-d16
   4              		.arch_extension dsp
   5              		.eabi_attribute 27, 1
   6              		.eabi_attribute 28, 1
   7              		.eabi_attribute 20, 1
   8              		.eabi_attribute 21, 1
   9              		.eabi_attribute 23, 3
  10              		.eabi_attribute 24, 1
  11              		.eabi_attribute 25, 1
  12              		.eabi_attribute 26, 1
  13              		.eabi_attribute 30, 1
  14              		.eabi_attribute 34, 1
  15              		.eabi_attribute 18, 4
  16              		.file	"ux_device_class_hid_uninitialize.c"
  17              		.text
  18              	.Ltext0:
  19              		.cfi_sections	.debug_frame
  20              		.file 1 "Middlewares/ST/usbx/common/usbx_device_classes/src/ux_device_class_hid_uninitialize.c"
  21              		.section	.text._ux_device_class_hid_uninitialize,"ax",%progbits
  22              		.align	1
  23              		.global	_ux_device_class_hid_uninitialize
  24              		.syntax unified
  25              		.thumb
  26              		.thumb_func
  28              	_ux_device_class_hid_uninitialize:
  29              	.LVL0:
  30              	.LFB11:
   1:Middlewares/ST/usbx/common/usbx_device_classes/src/ux_device_class_hid_uninitialize.c **** /**************************************************************************/
   2:Middlewares/ST/usbx/common/usbx_device_classes/src/ux_device_class_hid_uninitialize.c **** /*                                                                        */
   3:Middlewares/ST/usbx/common/usbx_device_classes/src/ux_device_class_hid_uninitialize.c **** /*       Copyright (c) Microsoft Corporation. All rights reserved.        */
   4:Middlewares/ST/usbx/common/usbx_device_classes/src/ux_device_class_hid_uninitialize.c **** /*                                                                        */
   5:Middlewares/ST/usbx/common/usbx_device_classes/src/ux_device_class_hid_uninitialize.c **** /*       This software is licensed under the Microsoft Software License   */
   6:Middlewares/ST/usbx/common/usbx_device_classes/src/ux_device_class_hid_uninitialize.c **** /*       Terms for Microsoft Azure RTOS. Full text of the license can be  */
   7:Middlewares/ST/usbx/common/usbx_device_classes/src/ux_device_class_hid_uninitialize.c **** /*       found in the LICENSE file at https://aka.ms/AzureRTOS_EULA       */
   8:Middlewares/ST/usbx/common/usbx_device_classes/src/ux_device_class_hid_uninitialize.c **** /*       and in the root directory of this software.                      */
   9:Middlewares/ST/usbx/common/usbx_device_classes/src/ux_device_class_hid_uninitialize.c **** /*                                                                        */
  10:Middlewares/ST/usbx/common/usbx_device_classes/src/ux_device_class_hid_uninitialize.c **** /**************************************************************************/
  11:Middlewares/ST/usbx/common/usbx_device_classes/src/ux_device_class_hid_uninitialize.c **** 
  12:Middlewares/ST/usbx/common/usbx_device_classes/src/ux_device_class_hid_uninitialize.c **** /**************************************************************************/
  13:Middlewares/ST/usbx/common/usbx_device_classes/src/ux_device_class_hid_uninitialize.c **** /**                                                                       */ 
  14:Middlewares/ST/usbx/common/usbx_device_classes/src/ux_device_class_hid_uninitialize.c **** /** USBX Component                                                        */ 
  15:Middlewares/ST/usbx/common/usbx_device_classes/src/ux_device_class_hid_uninitialize.c **** /**                                                                       */
  16:Middlewares/ST/usbx/common/usbx_device_classes/src/ux_device_class_hid_uninitialize.c **** /**   Device HID Class                                                    */
  17:Middlewares/ST/usbx/common/usbx_device_classes/src/ux_device_class_hid_uninitialize.c **** /**                                                                       */
  18:Middlewares/ST/usbx/common/usbx_device_classes/src/ux_device_class_hid_uninitialize.c **** /**************************************************************************/
  19:Middlewares/ST/usbx/common/usbx_device_classes/src/ux_device_class_hid_uninitialize.c **** /**************************************************************************/
  20:Middlewares/ST/usbx/common/usbx_device_classes/src/ux_device_class_hid_uninitialize.c **** 
  21:Middlewares/ST/usbx/common/usbx_device_classes/src/ux_device_class_hid_uninitialize.c **** #define UX_SOURCE_CODE
  22:Middlewares/ST/usbx/common/usbx_device_classes/src/ux_device_class_hid_uninitialize.c **** 
  23:Middlewares/ST/usbx/common/usbx_device_classes/src/ux_device_class_hid_uninitialize.c **** 
  24:Middlewares/ST/usbx/common/usbx_device_classes/src/ux_device_class_hid_uninitialize.c **** /* Include necessary system files.  */
  25:Middlewares/ST/usbx/common/usbx_device_classes/src/ux_device_class_hid_uninitialize.c **** 
  26:Middlewares/ST/usbx/common/usbx_device_classes/src/ux_device_class_hid_uninitialize.c **** #include "ux_api.h"
  27:Middlewares/ST/usbx/common/usbx_device_classes/src/ux_device_class_hid_uninitialize.c **** #include "ux_device_class_hid.h"
  28:Middlewares/ST/usbx/common/usbx_device_classes/src/ux_device_class_hid_uninitialize.c **** #include "ux_device_stack.h"
ARM GAS  C:\usertemp\ccfmQjJb.s 			page 2


  29:Middlewares/ST/usbx/common/usbx_device_classes/src/ux_device_class_hid_uninitialize.c **** 
  30:Middlewares/ST/usbx/common/usbx_device_classes/src/ux_device_class_hid_uninitialize.c **** 
  31:Middlewares/ST/usbx/common/usbx_device_classes/src/ux_device_class_hid_uninitialize.c **** /**************************************************************************/ 
  32:Middlewares/ST/usbx/common/usbx_device_classes/src/ux_device_class_hid_uninitialize.c **** /*                                                                        */ 
  33:Middlewares/ST/usbx/common/usbx_device_classes/src/ux_device_class_hid_uninitialize.c **** /*  FUNCTION                                               RELEASE        */ 
  34:Middlewares/ST/usbx/common/usbx_device_classes/src/ux_device_class_hid_uninitialize.c **** /*                                                                        */ 
  35:Middlewares/ST/usbx/common/usbx_device_classes/src/ux_device_class_hid_uninitialize.c **** /*    _ux_device_class_hid_uninitialize                   PORTABLE C      */ 
  36:Middlewares/ST/usbx/common/usbx_device_classes/src/ux_device_class_hid_uninitialize.c **** /*                                                           6.3.0        */
  37:Middlewares/ST/usbx/common/usbx_device_classes/src/ux_device_class_hid_uninitialize.c **** /*  AUTHOR                                                                */
  38:Middlewares/ST/usbx/common/usbx_device_classes/src/ux_device_class_hid_uninitialize.c **** /*                                                                        */
  39:Middlewares/ST/usbx/common/usbx_device_classes/src/ux_device_class_hid_uninitialize.c **** /*    Chaoqiong Xiao, Microsoft Corporation                               */
  40:Middlewares/ST/usbx/common/usbx_device_classes/src/ux_device_class_hid_uninitialize.c **** /*                                                                        */
  41:Middlewares/ST/usbx/common/usbx_device_classes/src/ux_device_class_hid_uninitialize.c **** /*  DESCRIPTION                                                           */
  42:Middlewares/ST/usbx/common/usbx_device_classes/src/ux_device_class_hid_uninitialize.c **** /*                                                                        */ 
  43:Middlewares/ST/usbx/common/usbx_device_classes/src/ux_device_class_hid_uninitialize.c **** /*    This function uninitializes the USB HID device.                     */ 
  44:Middlewares/ST/usbx/common/usbx_device_classes/src/ux_device_class_hid_uninitialize.c **** /*                                                                        */ 
  45:Middlewares/ST/usbx/common/usbx_device_classes/src/ux_device_class_hid_uninitialize.c **** /*  INPUT                                                                 */ 
  46:Middlewares/ST/usbx/common/usbx_device_classes/src/ux_device_class_hid_uninitialize.c **** /*                                                                        */ 
  47:Middlewares/ST/usbx/common/usbx_device_classes/src/ux_device_class_hid_uninitialize.c **** /*    command                              Pointer to hid command         */ 
  48:Middlewares/ST/usbx/common/usbx_device_classes/src/ux_device_class_hid_uninitialize.c **** /*                                                                        */ 
  49:Middlewares/ST/usbx/common/usbx_device_classes/src/ux_device_class_hid_uninitialize.c **** /*  OUTPUT                                                                */ 
  50:Middlewares/ST/usbx/common/usbx_device_classes/src/ux_device_class_hid_uninitialize.c **** /*                                                                        */ 
  51:Middlewares/ST/usbx/common/usbx_device_classes/src/ux_device_class_hid_uninitialize.c **** /*    Completion Status                                                   */ 
  52:Middlewares/ST/usbx/common/usbx_device_classes/src/ux_device_class_hid_uninitialize.c **** /*                                                                        */ 
  53:Middlewares/ST/usbx/common/usbx_device_classes/src/ux_device_class_hid_uninitialize.c **** /*  CALLS                                                                 */ 
  54:Middlewares/ST/usbx/common/usbx_device_classes/src/ux_device_class_hid_uninitialize.c **** /*                                                                        */ 
  55:Middlewares/ST/usbx/common/usbx_device_classes/src/ux_device_class_hid_uninitialize.c **** /*    _ux_device_thread_delete             Remove storage thread.         */ 
  56:Middlewares/ST/usbx/common/usbx_device_classes/src/ux_device_class_hid_uninitialize.c **** /*    _ux_utility_memory_free              Free memory used by storage    */ 
  57:Middlewares/ST/usbx/common/usbx_device_classes/src/ux_device_class_hid_uninitialize.c **** /*    _ux_utility_event_flags_delete       Remove flag event structure    */ 
  58:Middlewares/ST/usbx/common/usbx_device_classes/src/ux_device_class_hid_uninitialize.c **** /*                                                                        */ 
  59:Middlewares/ST/usbx/common/usbx_device_classes/src/ux_device_class_hid_uninitialize.c **** /*                                                                        */ 
  60:Middlewares/ST/usbx/common/usbx_device_classes/src/ux_device_class_hid_uninitialize.c **** /*  CALLED BY                                                             */ 
  61:Middlewares/ST/usbx/common/usbx_device_classes/src/ux_device_class_hid_uninitialize.c **** /*                                                                        */ 
  62:Middlewares/ST/usbx/common/usbx_device_classes/src/ux_device_class_hid_uninitialize.c **** /*    USBX Source Code                                                    */ 
  63:Middlewares/ST/usbx/common/usbx_device_classes/src/ux_device_class_hid_uninitialize.c **** /*                                                                        */ 
  64:Middlewares/ST/usbx/common/usbx_device_classes/src/ux_device_class_hid_uninitialize.c **** /*  RELEASE HISTORY                                                       */ 
  65:Middlewares/ST/usbx/common/usbx_device_classes/src/ux_device_class_hid_uninitialize.c **** /*                                                                        */ 
  66:Middlewares/ST/usbx/common/usbx_device_classes/src/ux_device_class_hid_uninitialize.c **** /*    DATE              NAME                      DESCRIPTION             */ 
  67:Middlewares/ST/usbx/common/usbx_device_classes/src/ux_device_class_hid_uninitialize.c **** /*                                                                        */ 
  68:Middlewares/ST/usbx/common/usbx_device_classes/src/ux_device_class_hid_uninitialize.c **** /*  05-19-2020     Chaoqiong Xiao           Initial Version 6.0           */
  69:Middlewares/ST/usbx/common/usbx_device_classes/src/ux_device_class_hid_uninitialize.c **** /*  09-30-2020     Chaoqiong Xiao           Modified comment(s),          */
  70:Middlewares/ST/usbx/common/usbx_device_classes/src/ux_device_class_hid_uninitialize.c **** /*                                            resulting in version 6.1    */
  71:Middlewares/ST/usbx/common/usbx_device_classes/src/ux_device_class_hid_uninitialize.c **** /*  01-31-2022     Chaoqiong Xiao           Modified comment(s),          */
  72:Middlewares/ST/usbx/common/usbx_device_classes/src/ux_device_class_hid_uninitialize.c **** /*                                            added standalone support,   */
  73:Middlewares/ST/usbx/common/usbx_device_classes/src/ux_device_class_hid_uninitialize.c **** /*                                            added interrupt OUT support,*/
  74:Middlewares/ST/usbx/common/usbx_device_classes/src/ux_device_class_hid_uninitialize.c **** /*                                            resulting in version 6.1.10 */
  75:Middlewares/ST/usbx/common/usbx_device_classes/src/ux_device_class_hid_uninitialize.c **** /*  04-25-2022     Chaoqiong Xiao           Modified comment(s),          */
  76:Middlewares/ST/usbx/common/usbx_device_classes/src/ux_device_class_hid_uninitialize.c **** /*                                            resulting in version 6.1.11 */
  77:Middlewares/ST/usbx/common/usbx_device_classes/src/ux_device_class_hid_uninitialize.c **** /*  07-29-2022     Chaoqiong Xiao           Modified comment(s),          */
  78:Middlewares/ST/usbx/common/usbx_device_classes/src/ux_device_class_hid_uninitialize.c **** /*                                            fixed parameter/variable    */
  79:Middlewares/ST/usbx/common/usbx_device_classes/src/ux_device_class_hid_uninitialize.c **** /*                                            names conflict C++ keyword, */
  80:Middlewares/ST/usbx/common/usbx_device_classes/src/ux_device_class_hid_uninitialize.c **** /*                                            resulting in version 6.1.12 */
  81:Middlewares/ST/usbx/common/usbx_device_classes/src/ux_device_class_hid_uninitialize.c **** /*  10-31-2023     Chaoqiong Xiao           Modified comment(s),          */
  82:Middlewares/ST/usbx/common/usbx_device_classes/src/ux_device_class_hid_uninitialize.c **** /*                                            added zero copy support,    */
  83:Middlewares/ST/usbx/common/usbx_device_classes/src/ux_device_class_hid_uninitialize.c **** /*                                            added a new mode to manage  */
  84:Middlewares/ST/usbx/common/usbx_device_classes/src/ux_device_class_hid_uninitialize.c **** /*                                            endpoint buffer in classes, */
  85:Middlewares/ST/usbx/common/usbx_device_classes/src/ux_device_class_hid_uninitialize.c **** /*                                            resulting in version 6.3.0  */
ARM GAS  C:\usertemp\ccfmQjJb.s 			page 3


  86:Middlewares/ST/usbx/common/usbx_device_classes/src/ux_device_class_hid_uninitialize.c **** /*                                                                        */
  87:Middlewares/ST/usbx/common/usbx_device_classes/src/ux_device_class_hid_uninitialize.c **** /**************************************************************************/
  88:Middlewares/ST/usbx/common/usbx_device_classes/src/ux_device_class_hid_uninitialize.c **** UINT  _ux_device_class_hid_uninitialize(UX_SLAVE_CLASS_COMMAND *command)
  89:Middlewares/ST/usbx/common/usbx_device_classes/src/ux_device_class_hid_uninitialize.c **** {
  31              		.loc 1 89 1 view -0
  32              		.cfi_startproc
  33              		@ args = 0, pretend = 0, frame = 0
  34              		@ frame_needed = 0, uses_anonymous_args = 0
  35              		.loc 1 89 1 is_stmt 0 view .LVU1
  36 0000 38B5     		push	{r3, r4, r5, lr}
  37              	.LCFI0:
  38              		.cfi_def_cfa_offset 16
  39              		.cfi_offset 3, -16
  40              		.cfi_offset 4, -12
  41              		.cfi_offset 5, -8
  42              		.cfi_offset 14, -4
  90:Middlewares/ST/usbx/common/usbx_device_classes/src/ux_device_class_hid_uninitialize.c ****                                           
  91:Middlewares/ST/usbx/common/usbx_device_classes/src/ux_device_class_hid_uninitialize.c **** UX_SLAVE_CLASS_HID                      *hid;
  43              		.loc 1 91 1 is_stmt 1 view .LVU2
  92:Middlewares/ST/usbx/common/usbx_device_classes/src/ux_device_class_hid_uninitialize.c **** UX_SLAVE_CLASS                          *class_ptr;
  44              		.loc 1 92 1 view .LVU3
  93:Middlewares/ST/usbx/common/usbx_device_classes/src/ux_device_class_hid_uninitialize.c **** 
  94:Middlewares/ST/usbx/common/usbx_device_classes/src/ux_device_class_hid_uninitialize.c **** 
  95:Middlewares/ST/usbx/common/usbx_device_classes/src/ux_device_class_hid_uninitialize.c ****     /* Get the class container.  */
  96:Middlewares/ST/usbx/common/usbx_device_classes/src/ux_device_class_hid_uninitialize.c ****     class_ptr =  command -> ux_slave_class_command_class_ptr;
  45              		.loc 1 96 5 view .LVU4
  46              		.loc 1 96 15 is_stmt 0 view .LVU5
  47 0002 056A     		ldr	r5, [r0, #32]
  48              	.LVL1:
  97:Middlewares/ST/usbx/common/usbx_device_classes/src/ux_device_class_hid_uninitialize.c **** 
  98:Middlewares/ST/usbx/common/usbx_device_classes/src/ux_device_class_hid_uninitialize.c ****     /* Get the class instance in the container.  */
  99:Middlewares/ST/usbx/common/usbx_device_classes/src/ux_device_class_hid_uninitialize.c ****     hid = (UX_SLAVE_CLASS_HID *) class_ptr -> ux_slave_class_instance;
  49              		.loc 1 99 5 is_stmt 1 view .LVU6
  50              		.loc 1 99 9 is_stmt 0 view .LVU7
  51 0004 AC6C     		ldr	r4, [r5, #72]
  52              	.LVL2:
 100:Middlewares/ST/usbx/common/usbx_device_classes/src/ux_device_class_hid_uninitialize.c **** 
 101:Middlewares/ST/usbx/common/usbx_device_classes/src/ux_device_class_hid_uninitialize.c **** #if !defined(UX_DEVICE_STANDALONE)
 102:Middlewares/ST/usbx/common/usbx_device_classes/src/ux_device_class_hid_uninitialize.c **** 
 103:Middlewares/ST/usbx/common/usbx_device_classes/src/ux_device_class_hid_uninitialize.c ****     /* Remove HID thread.  */
 104:Middlewares/ST/usbx/common/usbx_device_classes/src/ux_device_class_hid_uninitialize.c ****     _ux_device_thread_delete(&class_ptr -> ux_slave_class_thread);
  53              		.loc 1 104 5 is_stmt 1 view .LVU8
  54 0006 05F15000 		add	r0, r5, #80
  55              	.LVL3:
  56              		.loc 1 104 5 is_stmt 0 view .LVU9
  57 000a FFF7FEFF 		bl	_ux_utility_thread_delete
  58              	.LVL4:
 105:Middlewares/ST/usbx/common/usbx_device_classes/src/ux_device_class_hid_uninitialize.c **** 
 106:Middlewares/ST/usbx/common/usbx_device_classes/src/ux_device_class_hid_uninitialize.c ****     /* Remove the thread used by HID.  */
 107:Middlewares/ST/usbx/common/usbx_device_classes/src/ux_device_class_hid_uninitialize.c ****     _ux_utility_memory_free(class_ptr -> ux_slave_class_thread_stack);
  59              		.loc 1 107 5 is_stmt 1 view .LVU10
  60 000e D5F80001 		ldr	r0, [r5, #256]
  61 0012 FFF7FEFF 		bl	_ux_utility_memory_free
  62              	.LVL5:
 108:Middlewares/ST/usbx/common/usbx_device_classes/src/ux_device_class_hid_uninitialize.c **** 
 109:Middlewares/ST/usbx/common/usbx_device_classes/src/ux_device_class_hid_uninitialize.c ****     /* Delete the event flag group for the hid class.  */
 110:Middlewares/ST/usbx/common/usbx_device_classes/src/ux_device_class_hid_uninitialize.c ****     _ux_device_event_flags_delete(&hid -> ux_device_class_hid_event_flags_group);
ARM GAS  C:\usertemp\ccfmQjJb.s 			page 4


  63              		.loc 1 110 5 view .LVU11
  64 0016 04F12800 		add	r0, r4, #40
  65 001a FFF7FEFF 		bl	_ux_utility_event_flags_delete
  66              	.LVL6:
 111:Middlewares/ST/usbx/common/usbx_device_classes/src/ux_device_class_hid_uninitialize.c **** #endif
 112:Middlewares/ST/usbx/common/usbx_device_classes/src/ux_device_class_hid_uninitialize.c **** 
 113:Middlewares/ST/usbx/common/usbx_device_classes/src/ux_device_class_hid_uninitialize.c ****     /* Free memory for the array. */
 114:Middlewares/ST/usbx/common/usbx_device_classes/src/ux_device_class_hid_uninitialize.c **** #if (UX_DEVICE_ENDPOINT_BUFFER_OWNER == 1) && defined(UX_DEVICE_CLASS_HID_ZERO_COPY)
 115:Middlewares/ST/usbx/common/usbx_device_classes/src/ux_device_class_hid_uninitialize.c ****     _ux_utility_memory_free(hid -> ux_device_class_hid_event_array -> ux_device_class_hid_event_buf
 116:Middlewares/ST/usbx/common/usbx_device_classes/src/ux_device_class_hid_uninitialize.c **** #endif
 117:Middlewares/ST/usbx/common/usbx_device_classes/src/ux_device_class_hid_uninitialize.c ****     _ux_utility_memory_free(hid -> ux_device_class_hid_event_array);
  67              		.loc 1 117 5 view .LVU12
  68 001e A06D     		ldr	r0, [r4, #88]
  69 0020 FFF7FEFF 		bl	_ux_utility_memory_free
  70              	.LVL7:
 118:Middlewares/ST/usbx/common/usbx_device_classes/src/ux_device_class_hid_uninitialize.c **** 
 119:Middlewares/ST/usbx/common/usbx_device_classes/src/ux_device_class_hid_uninitialize.c **** #if defined(UX_DEVICE_CLASS_HID_INTERRUPT_OUT_SUPPORT)
 120:Middlewares/ST/usbx/common/usbx_device_classes/src/ux_device_class_hid_uninitialize.c **** 
 121:Middlewares/ST/usbx/common/usbx_device_classes/src/ux_device_class_hid_uninitialize.c **** #if !defined(UX_DEVICE_STANDALONE)
 122:Middlewares/ST/usbx/common/usbx_device_classes/src/ux_device_class_hid_uninitialize.c **** 
 123:Middlewares/ST/usbx/common/usbx_device_classes/src/ux_device_class_hid_uninitialize.c ****     /* Free read mutex.  */
 124:Middlewares/ST/usbx/common/usbx_device_classes/src/ux_device_class_hid_uninitialize.c ****     _ux_device_mutex_delete(&hid -> ux_device_class_hid_read_mutex);
  71              		.loc 1 124 5 view .LVU13
  72 0024 04F17000 		add	r0, r4, #112
  73 0028 FFF7FEFF 		bl	_ux_utility_mutex_delete
  74              	.LVL8:
 125:Middlewares/ST/usbx/common/usbx_device_classes/src/ux_device_class_hid_uninitialize.c **** #endif
 126:Middlewares/ST/usbx/common/usbx_device_classes/src/ux_device_class_hid_uninitialize.c **** 
 127:Middlewares/ST/usbx/common/usbx_device_classes/src/ux_device_class_hid_uninitialize.c ****     /* Uninitialize receiver.  */
 128:Middlewares/ST/usbx/common/usbx_device_classes/src/ux_device_class_hid_uninitialize.c ****     if (hid -> ux_device_class_hid_receiver)
  75              		.loc 1 128 5 view .LVU14
  76              		.loc 1 128 13 is_stmt 0 view .LVU15
  77 002c E06E     		ldr	r0, [r4, #108]
  78              		.loc 1 128 8 view .LVU16
  79 002e 08B1     		cbz	r0, .L2
 129:Middlewares/ST/usbx/common/usbx_device_classes/src/ux_device_class_hid_uninitialize.c ****         hid -> ux_device_class_hid_receiver ->
  80              		.loc 1 129 9 is_stmt 1 view .LVU17
  81              		.loc 1 129 45 is_stmt 0 view .LVU18
  82 0030 0368     		ldr	r3, [r0]
  83              		.loc 1 129 9 view .LVU19
  84 0032 9847     		blx	r3
  85              	.LVL9:
  86              	.L2:
 130:Middlewares/ST/usbx/common/usbx_device_classes/src/ux_device_class_hid_uninitialize.c ****             ux_device_class_hid_receiver_uninitialize(hid -> ux_device_class_hid_receiver);
 131:Middlewares/ST/usbx/common/usbx_device_classes/src/ux_device_class_hid_uninitialize.c **** #endif
 132:Middlewares/ST/usbx/common/usbx_device_classes/src/ux_device_class_hid_uninitialize.c **** 
 133:Middlewares/ST/usbx/common/usbx_device_classes/src/ux_device_class_hid_uninitialize.c **** #if defined(UX_DEVICE_CLASS_HID_OWN_ENDPOINT_BUFFER)
 134:Middlewares/ST/usbx/common/usbx_device_classes/src/ux_device_class_hid_uninitialize.c ****     _ux_utility_memory_free(hid -> ux_device_class_hid_endpoint_buffer);
 135:Middlewares/ST/usbx/common/usbx_device_classes/src/ux_device_class_hid_uninitialize.c **** #endif
 136:Middlewares/ST/usbx/common/usbx_device_classes/src/ux_device_class_hid_uninitialize.c **** 
 137:Middlewares/ST/usbx/common/usbx_device_classes/src/ux_device_class_hid_uninitialize.c ****     /* Free the resources.  */
 138:Middlewares/ST/usbx/common/usbx_device_classes/src/ux_device_class_hid_uninitialize.c ****     _ux_utility_memory_free(hid);
  87              		.loc 1 138 5 is_stmt 1 view .LVU20
  88 0034 2046     		mov	r0, r4
  89 0036 FFF7FEFF 		bl	_ux_utility_memory_free
  90              	.LVL10:
 139:Middlewares/ST/usbx/common/usbx_device_classes/src/ux_device_class_hid_uninitialize.c **** 
ARM GAS  C:\usertemp\ccfmQjJb.s 			page 5


 140:Middlewares/ST/usbx/common/usbx_device_classes/src/ux_device_class_hid_uninitialize.c ****     /* Return completion status.  */
 141:Middlewares/ST/usbx/common/usbx_device_classes/src/ux_device_class_hid_uninitialize.c ****     return(UX_SUCCESS);
  91              		.loc 1 141 5 view .LVU21
 142:Middlewares/ST/usbx/common/usbx_device_classes/src/ux_device_class_hid_uninitialize.c **** }
  92              		.loc 1 142 1 is_stmt 0 view .LVU22
  93 003a 0020     		movs	r0, #0
  94 003c 38BD     		pop	{r3, r4, r5, pc}
  95              		.loc 1 142 1 view .LVU23
  96              		.cfi_endproc
  97              	.LFE11:
  99              		.text
 100              	.Letext0:
 101              		.file 2 "Middlewares/ST/threadx/ports/cortex_m33/gnu/inc/tx_port.h"
 102              		.file 3 "Middlewares/ST/threadx/common/inc/tx_api.h"
 103              		.file 4 "Middlewares/ST/usbx/common/core/inc/ux_api.h"
 104              		.file 5 "Middlewares/ST/usbx/common/usbx_device_classes/inc/ux_device_class_hid.h"
 105              		.file 6 "Middlewares/ST/usbx/common/core/inc/ux_utility.h"
ARM GAS  C:\usertemp\ccfmQjJb.s 			page 6


DEFINED SYMBOLS
                            *ABS*:00000000 ux_device_class_hid_uninitialize.c
C:\usertemp\ccfmQjJb.s:22     .text._ux_device_class_hid_uninitialize:00000000 $t
C:\usertemp\ccfmQjJb.s:28     .text._ux_device_class_hid_uninitialize:00000000 _ux_device_class_hid_uninitialize

UNDEFINED SYMBOLS
_ux_utility_thread_delete
_ux_utility_memory_free
_ux_utility_event_flags_delete
_ux_utility_mutex_delete
