ARM GAS  C:\usertemp\cciwdQLc.s 			page 1


   1              		.cpu cortex-m33
   2              		.arch armv8-m.main
   3              		.fpu fpv4-sp-d16
   4              		.arch_extension dsp
   5              		.eabi_attribute 27, 1
   6              		.eabi_attribute 28, 1
   7              		.eabi_attribute 20, 1
   8              		.eabi_attribute 21, 1
   9              		.eabi_attribute 23, 3
  10              		.eabi_attribute 24, 1
  11              		.eabi_attribute 25, 1
  12              		.eabi_attribute 26, 1
  13              		.eabi_attribute 30, 1
  14              		.eabi_attribute 34, 1
  15              		.eabi_attribute 18, 4
  16              		.file	"ux_device_class_hid_receiver_uninitialize.c"
  17              		.text
  18              	.Ltext0:
  19              		.cfi_sections	.debug_frame
  20              		.file 1 "Middlewares/ST/usbx/common/usbx_device_classes/src/ux_device_class_hid_receiver_uninitial
  21              		.section	.text._ux_device_class_hid_receiver_uninitialize,"ax",%progbits
  22              		.align	1
  23              		.global	_ux_device_class_hid_receiver_uninitialize
  24              		.syntax unified
  25              		.thumb
  26              		.thumb_func
  28              	_ux_device_class_hid_receiver_uninitialize:
  29              	.LVL0:
  30              	.LFB11:
   1:Middlewares/ST/usbx/common/usbx_device_classes/src/ux_device_class_hid_receiver_uninitialize.c **** /**************************************************************************/
   2:Middlewares/ST/usbx/common/usbx_device_classes/src/ux_device_class_hid_receiver_uninitialize.c **** /*                                                                        */
   3:Middlewares/ST/usbx/common/usbx_device_classes/src/ux_device_class_hid_receiver_uninitialize.c **** /*       Copyright (c) Microsoft Corporation. All rights reserved.        */
   4:Middlewares/ST/usbx/common/usbx_device_classes/src/ux_device_class_hid_receiver_uninitialize.c **** /*                                                                        */
   5:Middlewares/ST/usbx/common/usbx_device_classes/src/ux_device_class_hid_receiver_uninitialize.c **** /*       This software is licensed under the Microsoft Software License   */
   6:Middlewares/ST/usbx/common/usbx_device_classes/src/ux_device_class_hid_receiver_uninitialize.c **** /*       Terms for Microsoft Azure RTOS. Full text of the license can be  */
   7:Middlewares/ST/usbx/common/usbx_device_classes/src/ux_device_class_hid_receiver_uninitialize.c **** /*       found in the LICENSE file at https://aka.ms/AzureRTOS_EULA       */
   8:Middlewares/ST/usbx/common/usbx_device_classes/src/ux_device_class_hid_receiver_uninitialize.c **** /*       and in the root directory of this software.                      */
   9:Middlewares/ST/usbx/common/usbx_device_classes/src/ux_device_class_hid_receiver_uninitialize.c **** /*                                                                        */
  10:Middlewares/ST/usbx/common/usbx_device_classes/src/ux_device_class_hid_receiver_uninitialize.c **** /**************************************************************************/
  11:Middlewares/ST/usbx/common/usbx_device_classes/src/ux_device_class_hid_receiver_uninitialize.c **** 
  12:Middlewares/ST/usbx/common/usbx_device_classes/src/ux_device_class_hid_receiver_uninitialize.c **** /**************************************************************************/
  13:Middlewares/ST/usbx/common/usbx_device_classes/src/ux_device_class_hid_receiver_uninitialize.c **** /**                                                                       */
  14:Middlewares/ST/usbx/common/usbx_device_classes/src/ux_device_class_hid_receiver_uninitialize.c **** /** USBX Component                                                        */
  15:Middlewares/ST/usbx/common/usbx_device_classes/src/ux_device_class_hid_receiver_uninitialize.c **** /**                                                                       */
  16:Middlewares/ST/usbx/common/usbx_device_classes/src/ux_device_class_hid_receiver_uninitialize.c **** /**   Device HID Class                                                    */
  17:Middlewares/ST/usbx/common/usbx_device_classes/src/ux_device_class_hid_receiver_uninitialize.c **** /**                                                                       */
  18:Middlewares/ST/usbx/common/usbx_device_classes/src/ux_device_class_hid_receiver_uninitialize.c **** /**************************************************************************/
  19:Middlewares/ST/usbx/common/usbx_device_classes/src/ux_device_class_hid_receiver_uninitialize.c **** /**************************************************************************/
  20:Middlewares/ST/usbx/common/usbx_device_classes/src/ux_device_class_hid_receiver_uninitialize.c **** 
  21:Middlewares/ST/usbx/common/usbx_device_classes/src/ux_device_class_hid_receiver_uninitialize.c **** #define UX_SOURCE_CODE
  22:Middlewares/ST/usbx/common/usbx_device_classes/src/ux_device_class_hid_receiver_uninitialize.c **** 
  23:Middlewares/ST/usbx/common/usbx_device_classes/src/ux_device_class_hid_receiver_uninitialize.c **** 
  24:Middlewares/ST/usbx/common/usbx_device_classes/src/ux_device_class_hid_receiver_uninitialize.c **** /* Include necessary system files.  */
  25:Middlewares/ST/usbx/common/usbx_device_classes/src/ux_device_class_hid_receiver_uninitialize.c **** 
  26:Middlewares/ST/usbx/common/usbx_device_classes/src/ux_device_class_hid_receiver_uninitialize.c **** #include "ux_api.h"
  27:Middlewares/ST/usbx/common/usbx_device_classes/src/ux_device_class_hid_receiver_uninitialize.c **** #include "ux_device_class_hid.h"
  28:Middlewares/ST/usbx/common/usbx_device_classes/src/ux_device_class_hid_receiver_uninitialize.c **** #include "ux_device_stack.h"
ARM GAS  C:\usertemp\cciwdQLc.s 			page 2


  29:Middlewares/ST/usbx/common/usbx_device_classes/src/ux_device_class_hid_receiver_uninitialize.c **** 
  30:Middlewares/ST/usbx/common/usbx_device_classes/src/ux_device_class_hid_receiver_uninitialize.c **** 
  31:Middlewares/ST/usbx/common/usbx_device_classes/src/ux_device_class_hid_receiver_uninitialize.c **** #if defined(UX_DEVICE_CLASS_HID_INTERRUPT_OUT_SUPPORT)
  32:Middlewares/ST/usbx/common/usbx_device_classes/src/ux_device_class_hid_receiver_uninitialize.c **** /**************************************************************************/
  33:Middlewares/ST/usbx/common/usbx_device_classes/src/ux_device_class_hid_receiver_uninitialize.c **** /*                                                                        */
  34:Middlewares/ST/usbx/common/usbx_device_classes/src/ux_device_class_hid_receiver_uninitialize.c **** /*  FUNCTION                                               RELEASE        */
  35:Middlewares/ST/usbx/common/usbx_device_classes/src/ux_device_class_hid_receiver_uninitialize.c **** /*                                                                        */
  36:Middlewares/ST/usbx/common/usbx_device_classes/src/ux_device_class_hid_receiver_uninitialize.c **** /*    _ux_device_class_hid_receiver_uninitialize          PORTABLE C      */
  37:Middlewares/ST/usbx/common/usbx_device_classes/src/ux_device_class_hid_receiver_uninitialize.c **** /*                                                           6.3.0        */
  38:Middlewares/ST/usbx/common/usbx_device_classes/src/ux_device_class_hid_receiver_uninitialize.c **** /*  AUTHOR                                                                */
  39:Middlewares/ST/usbx/common/usbx_device_classes/src/ux_device_class_hid_receiver_uninitialize.c **** /*                                                                        */
  40:Middlewares/ST/usbx/common/usbx_device_classes/src/ux_device_class_hid_receiver_uninitialize.c **** /*    Chaoqiong Xiao, Microsoft Corporation                               */
  41:Middlewares/ST/usbx/common/usbx_device_classes/src/ux_device_class_hid_receiver_uninitialize.c **** /*                                                                        */
  42:Middlewares/ST/usbx/common/usbx_device_classes/src/ux_device_class_hid_receiver_uninitialize.c **** /*  DESCRIPTION                                                           */
  43:Middlewares/ST/usbx/common/usbx_device_classes/src/ux_device_class_hid_receiver_uninitialize.c **** /*                                                                        */
  44:Middlewares/ST/usbx/common/usbx_device_classes/src/ux_device_class_hid_receiver_uninitialize.c **** /*    This function uninitialize the USB HID device receiver. It's only   */
  45:Middlewares/ST/usbx/common/usbx_device_classes/src/ux_device_class_hid_receiver_uninitialize.c **** /*    done once.                                                          */
  46:Middlewares/ST/usbx/common/usbx_device_classes/src/ux_device_class_hid_receiver_uninitialize.c **** /*                                                                        */
  47:Middlewares/ST/usbx/common/usbx_device_classes/src/ux_device_class_hid_receiver_uninitialize.c **** /*  INPUT                                                                 */
  48:Middlewares/ST/usbx/common/usbx_device_classes/src/ux_device_class_hid_receiver_uninitialize.c **** /*                                                                        */
  49:Middlewares/ST/usbx/common/usbx_device_classes/src/ux_device_class_hid_receiver_uninitialize.c **** /*    receiver                             Pointer to receiver instance   */
  50:Middlewares/ST/usbx/common/usbx_device_classes/src/ux_device_class_hid_receiver_uninitialize.c **** /*                                                                        */
  51:Middlewares/ST/usbx/common/usbx_device_classes/src/ux_device_class_hid_receiver_uninitialize.c **** /*  OUTPUT                                                                */
  52:Middlewares/ST/usbx/common/usbx_device_classes/src/ux_device_class_hid_receiver_uninitialize.c **** /*                                                                        */
  53:Middlewares/ST/usbx/common/usbx_device_classes/src/ux_device_class_hid_receiver_uninitialize.c **** /*    Completion Status                                                   */
  54:Middlewares/ST/usbx/common/usbx_device_classes/src/ux_device_class_hid_receiver_uninitialize.c **** /*                                                                        */
  55:Middlewares/ST/usbx/common/usbx_device_classes/src/ux_device_class_hid_receiver_uninitialize.c **** /*  CALLS                                                                 */
  56:Middlewares/ST/usbx/common/usbx_device_classes/src/ux_device_class_hid_receiver_uninitialize.c **** /*                                                                        */
  57:Middlewares/ST/usbx/common/usbx_device_classes/src/ux_device_class_hid_receiver_uninitialize.c **** /*    _ux_utility_memory_free               Free memory                   */
  58:Middlewares/ST/usbx/common/usbx_device_classes/src/ux_device_class_hid_receiver_uninitialize.c **** /*    _ux_utility_thread_delete             Delete thread                 */
  59:Middlewares/ST/usbx/common/usbx_device_classes/src/ux_device_class_hid_receiver_uninitialize.c **** /*                                                                        */
  60:Middlewares/ST/usbx/common/usbx_device_classes/src/ux_device_class_hid_receiver_uninitialize.c **** /*  CALLED BY                                                             */
  61:Middlewares/ST/usbx/common/usbx_device_classes/src/ux_device_class_hid_receiver_uninitialize.c **** /*                                                                        */
  62:Middlewares/ST/usbx/common/usbx_device_classes/src/ux_device_class_hid_receiver_uninitialize.c **** /*    USBX Source Code                                                    */
  63:Middlewares/ST/usbx/common/usbx_device_classes/src/ux_device_class_hid_receiver_uninitialize.c **** /*                                                                        */
  64:Middlewares/ST/usbx/common/usbx_device_classes/src/ux_device_class_hid_receiver_uninitialize.c **** /*  RELEASE HISTORY                                                       */
  65:Middlewares/ST/usbx/common/usbx_device_classes/src/ux_device_class_hid_receiver_uninitialize.c **** /*                                                                        */
  66:Middlewares/ST/usbx/common/usbx_device_classes/src/ux_device_class_hid_receiver_uninitialize.c **** /*    DATE              NAME                      DESCRIPTION             */
  67:Middlewares/ST/usbx/common/usbx_device_classes/src/ux_device_class_hid_receiver_uninitialize.c **** /*                                                                        */
  68:Middlewares/ST/usbx/common/usbx_device_classes/src/ux_device_class_hid_receiver_uninitialize.c **** /*  01-31-2022     Chaoqiong Xiao           Initial Version 6.1.10        */
  69:Middlewares/ST/usbx/common/usbx_device_classes/src/ux_device_class_hid_receiver_uninitialize.c **** /*  10-31-2023     Chaoqiong Xiao           Modified comment(s),          */
  70:Middlewares/ST/usbx/common/usbx_device_classes/src/ux_device_class_hid_receiver_uninitialize.c **** /*                                            added zero copy support,    */
  71:Middlewares/ST/usbx/common/usbx_device_classes/src/ux_device_class_hid_receiver_uninitialize.c **** /*                                            resulting in version 6.3.0  */
  72:Middlewares/ST/usbx/common/usbx_device_classes/src/ux_device_class_hid_receiver_uninitialize.c **** /*                                                                        */
  73:Middlewares/ST/usbx/common/usbx_device_classes/src/ux_device_class_hid_receiver_uninitialize.c **** /**************************************************************************/
  74:Middlewares/ST/usbx/common/usbx_device_classes/src/ux_device_class_hid_receiver_uninitialize.c **** VOID _ux_device_class_hid_receiver_uninitialize(UX_DEVICE_CLASS_HID_RECEIVER *receiver)
  75:Middlewares/ST/usbx/common/usbx_device_classes/src/ux_device_class_hid_receiver_uninitialize.c **** {
  31              		.loc 1 75 1 view -0
  32              		.cfi_startproc
  33              		@ args = 0, pretend = 0, frame = 0
  34              		@ frame_needed = 0, uses_anonymous_args = 0
  35              		.loc 1 75 1 is_stmt 0 view .LVU1
  36 0000 10B5     		push	{r4, lr}
  37              	.LCFI0:
  38              		.cfi_def_cfa_offset 8
  39              		.cfi_offset 4, -8
  40              		.cfi_offset 14, -4
ARM GAS  C:\usertemp\cciwdQLc.s 			page 3


  41 0002 0446     		mov	r4, r0
  76:Middlewares/ST/usbx/common/usbx_device_classes/src/ux_device_class_hid_receiver_uninitialize.c **** 
  77:Middlewares/ST/usbx/common/usbx_device_classes/src/ux_device_class_hid_receiver_uninitialize.c **** #if !defined(UX_DEVICE_STANDALONE)
  78:Middlewares/ST/usbx/common/usbx_device_classes/src/ux_device_class_hid_receiver_uninitialize.c **** 
  79:Middlewares/ST/usbx/common/usbx_device_classes/src/ux_device_class_hid_receiver_uninitialize.c ****     /* Delete receiver thread.  */
  80:Middlewares/ST/usbx/common/usbx_device_classes/src/ux_device_class_hid_receiver_uninitialize.c ****     _ux_utility_thread_delete(&receiver -> ux_device_class_hid_receiver_thread);
  42              		.loc 1 80 5 is_stmt 1 view .LVU2
  43 0004 1C30     		adds	r0, r0, #28
  44              	.LVL1:
  45              		.loc 1 80 5 is_stmt 0 view .LVU3
  46 0006 FFF7FEFF 		bl	_ux_utility_thread_delete
  47              	.LVL2:
  81:Middlewares/ST/usbx/common/usbx_device_classes/src/ux_device_class_hid_receiver_uninitialize.c **** #endif
  82:Middlewares/ST/usbx/common/usbx_device_classes/src/ux_device_class_hid_receiver_uninitialize.c **** 
  83:Middlewares/ST/usbx/common/usbx_device_classes/src/ux_device_class_hid_receiver_uninitialize.c **** #if (UX_DEVICE_ENDPOINT_BUFFER_OWNER == 1) && defined(UX_DEVICE_CLASS_HID_ZERO_COPY)
  84:Middlewares/ST/usbx/common/usbx_device_classes/src/ux_device_class_hid_receiver_uninitialize.c **** 
  85:Middlewares/ST/usbx/common/usbx_device_classes/src/ux_device_class_hid_receiver_uninitialize.c ****     /* Free cache safe event memory.  */
  86:Middlewares/ST/usbx/common/usbx_device_classes/src/ux_device_class_hid_receiver_uninitialize.c ****     _ux_utility_memory_free(receiver -> ux_device_class_hid_receiver_events -> ux_device_class_hid_
  87:Middlewares/ST/usbx/common/usbx_device_classes/src/ux_device_class_hid_receiver_uninitialize.c **** #endif
  88:Middlewares/ST/usbx/common/usbx_device_classes/src/ux_device_class_hid_receiver_uninitialize.c **** 
  89:Middlewares/ST/usbx/common/usbx_device_classes/src/ux_device_class_hid_receiver_uninitialize.c ****     /* Free receiver and events memory.  */
  90:Middlewares/ST/usbx/common/usbx_device_classes/src/ux_device_class_hid_receiver_uninitialize.c ****     _ux_utility_memory_free(receiver);
  48              		.loc 1 90 5 is_stmt 1 view .LVU4
  49 000a 2046     		mov	r0, r4
  50 000c FFF7FEFF 		bl	_ux_utility_memory_free
  51              	.LVL3:
  91:Middlewares/ST/usbx/common/usbx_device_classes/src/ux_device_class_hid_receiver_uninitialize.c **** }
  52              		.loc 1 91 1 is_stmt 0 view .LVU5
  53 0010 10BD     		pop	{r4, pc}
  54              		.loc 1 91 1 view .LVU6
  55              		.cfi_endproc
  56              	.LFE11:
  58              		.text
  59              	.Letext0:
  60              		.file 2 "Middlewares/ST/threadx/ports/cortex_m33/gnu/inc/tx_port.h"
  61              		.file 3 "Middlewares/ST/threadx/common/inc/tx_api.h"
  62              		.file 4 "Middlewares/ST/usbx/common/core/inc/ux_api.h"
  63              		.file 5 "Middlewares/ST/usbx/common/usbx_device_classes/inc/ux_device_class_hid.h"
  64              		.file 6 "Middlewares/ST/usbx/common/core/inc/ux_utility.h"
ARM GAS  C:\usertemp\cciwdQLc.s 			page 4


DEFINED SYMBOLS
                            *ABS*:00000000 ux_device_class_hid_receiver_uninitialize.c
C:\usertemp\cciwdQLc.s:22     .text._ux_device_class_hid_receiver_uninitialize:00000000 $t
C:\usertemp\cciwdQLc.s:28     .text._ux_device_class_hid_receiver_uninitialize:00000000 _ux_device_class_hid_receiver_uninitialize

UNDEFINED SYMBOLS
_ux_utility_thread_delete
_ux_utility_memory_free
