ARM GAS  C:\usertemp\ccwwciQf.s 			page 1


   1              		.cpu cortex-m33
   2              		.arch armv8-m.main
   3              		.fpu fpv4-sp-d16
   4              		.arch_extension dsp
   5              		.eabi_attribute 27, 1
   6              		.eabi_attribute 28, 1
   7              		.eabi_attribute 20, 1
   8              		.eabi_attribute 21, 1
   9              		.eabi_attribute 23, 3
  10              		.eabi_attribute 24, 1
  11              		.eabi_attribute 25, 1
  12              		.eabi_attribute 26, 1
  13              		.eabi_attribute 30, 1
  14              		.eabi_attribute 34, 1
  15              		.eabi_attribute 18, 4
  16              		.file	"ux_dcd_stm32_endpoint_status.c"
  17              		.text
  18              	.Ltext0:
  19              		.cfi_sections	.debug_frame
  20              		.file 1 "Middlewares/ST/usbx/common/usbx_stm32_device_controllers/ux_dcd_stm32_endpoint_status.c"
  21              		.section	.text._ux_dcd_stm32_endpoint_status,"ax",%progbits
  22              		.align	1
  23              		.global	_ux_dcd_stm32_endpoint_status
  24              		.syntax unified
  25              		.thumb
  26              		.thumb_func
  28              	_ux_dcd_stm32_endpoint_status:
  29              	.LVL0:
  30              	.LFB169:
   1:Middlewares/ST/usbx/common/usbx_stm32_device_controllers/ux_dcd_stm32_endpoint_status.c **** /**************************************************************************/
   2:Middlewares/ST/usbx/common/usbx_stm32_device_controllers/ux_dcd_stm32_endpoint_status.c **** /*                                                                        */
   3:Middlewares/ST/usbx/common/usbx_stm32_device_controllers/ux_dcd_stm32_endpoint_status.c **** /*       Copyright (c) Microsoft Corporation. All rights reserved.        */
   4:Middlewares/ST/usbx/common/usbx_stm32_device_controllers/ux_dcd_stm32_endpoint_status.c **** /*                                                                        */
   5:Middlewares/ST/usbx/common/usbx_stm32_device_controllers/ux_dcd_stm32_endpoint_status.c **** /*       This software is licensed under the Microsoft Software License   */
   6:Middlewares/ST/usbx/common/usbx_stm32_device_controllers/ux_dcd_stm32_endpoint_status.c **** /*       Terms for Microsoft Azure RTOS. Full text of the license can be  */
   7:Middlewares/ST/usbx/common/usbx_stm32_device_controllers/ux_dcd_stm32_endpoint_status.c **** /*       found in the LICENSE file at https://aka.ms/AzureRTOS_EULA       */
   8:Middlewares/ST/usbx/common/usbx_stm32_device_controllers/ux_dcd_stm32_endpoint_status.c **** /*       and in the root directory of this software.                      */
   9:Middlewares/ST/usbx/common/usbx_stm32_device_controllers/ux_dcd_stm32_endpoint_status.c **** /*                                                                        */
  10:Middlewares/ST/usbx/common/usbx_stm32_device_controllers/ux_dcd_stm32_endpoint_status.c **** /**************************************************************************/
  11:Middlewares/ST/usbx/common/usbx_stm32_device_controllers/ux_dcd_stm32_endpoint_status.c **** 
  12:Middlewares/ST/usbx/common/usbx_stm32_device_controllers/ux_dcd_stm32_endpoint_status.c **** 
  13:Middlewares/ST/usbx/common/usbx_stm32_device_controllers/ux_dcd_stm32_endpoint_status.c **** /**************************************************************************/
  14:Middlewares/ST/usbx/common/usbx_stm32_device_controllers/ux_dcd_stm32_endpoint_status.c **** /**************************************************************************/
  15:Middlewares/ST/usbx/common/usbx_stm32_device_controllers/ux_dcd_stm32_endpoint_status.c **** /**                                                                       */
  16:Middlewares/ST/usbx/common/usbx_stm32_device_controllers/ux_dcd_stm32_endpoint_status.c **** /** USBX Component                                                        */
  17:Middlewares/ST/usbx/common/usbx_stm32_device_controllers/ux_dcd_stm32_endpoint_status.c **** /**                                                                       */
  18:Middlewares/ST/usbx/common/usbx_stm32_device_controllers/ux_dcd_stm32_endpoint_status.c **** /**   STM32 Controller Driver                                             */
  19:Middlewares/ST/usbx/common/usbx_stm32_device_controllers/ux_dcd_stm32_endpoint_status.c **** /**                                                                       */
  20:Middlewares/ST/usbx/common/usbx_stm32_device_controllers/ux_dcd_stm32_endpoint_status.c **** /**************************************************************************/
  21:Middlewares/ST/usbx/common/usbx_stm32_device_controllers/ux_dcd_stm32_endpoint_status.c **** /**************************************************************************/
  22:Middlewares/ST/usbx/common/usbx_stm32_device_controllers/ux_dcd_stm32_endpoint_status.c **** 
  23:Middlewares/ST/usbx/common/usbx_stm32_device_controllers/ux_dcd_stm32_endpoint_status.c **** #define UX_SOURCE_CODE
  24:Middlewares/ST/usbx/common/usbx_stm32_device_controllers/ux_dcd_stm32_endpoint_status.c **** #define UX_DCD_STM32_SOURCE_CODE
  25:Middlewares/ST/usbx/common/usbx_stm32_device_controllers/ux_dcd_stm32_endpoint_status.c **** 
  26:Middlewares/ST/usbx/common/usbx_stm32_device_controllers/ux_dcd_stm32_endpoint_status.c **** 
  27:Middlewares/ST/usbx/common/usbx_stm32_device_controllers/ux_dcd_stm32_endpoint_status.c **** /* Include necessary system files.  */
  28:Middlewares/ST/usbx/common/usbx_stm32_device_controllers/ux_dcd_stm32_endpoint_status.c **** 
ARM GAS  C:\usertemp\ccwwciQf.s 			page 2


  29:Middlewares/ST/usbx/common/usbx_stm32_device_controllers/ux_dcd_stm32_endpoint_status.c **** #include "ux_api.h"
  30:Middlewares/ST/usbx/common/usbx_stm32_device_controllers/ux_dcd_stm32_endpoint_status.c **** #include "ux_dcd_stm32.h"
  31:Middlewares/ST/usbx/common/usbx_stm32_device_controllers/ux_dcd_stm32_endpoint_status.c **** #include "ux_device_stack.h"
  32:Middlewares/ST/usbx/common/usbx_stm32_device_controllers/ux_dcd_stm32_endpoint_status.c **** 
  33:Middlewares/ST/usbx/common/usbx_stm32_device_controllers/ux_dcd_stm32_endpoint_status.c **** 
  34:Middlewares/ST/usbx/common/usbx_stm32_device_controllers/ux_dcd_stm32_endpoint_status.c **** /**************************************************************************/
  35:Middlewares/ST/usbx/common/usbx_stm32_device_controllers/ux_dcd_stm32_endpoint_status.c **** /*                                                                        */
  36:Middlewares/ST/usbx/common/usbx_stm32_device_controllers/ux_dcd_stm32_endpoint_status.c **** /*  FUNCTION                                               RELEASE        */
  37:Middlewares/ST/usbx/common/usbx_stm32_device_controllers/ux_dcd_stm32_endpoint_status.c **** /*                                                                        */
  38:Middlewares/ST/usbx/common/usbx_stm32_device_controllers/ux_dcd_stm32_endpoint_status.c **** /*    _ux_dcd_stm32_endpoint_status                       PORTABLE C      */
  39:Middlewares/ST/usbx/common/usbx_stm32_device_controllers/ux_dcd_stm32_endpoint_status.c **** /*                                                           6.1.10       */
  40:Middlewares/ST/usbx/common/usbx_stm32_device_controllers/ux_dcd_stm32_endpoint_status.c **** /*  AUTHOR                                                                */
  41:Middlewares/ST/usbx/common/usbx_stm32_device_controllers/ux_dcd_stm32_endpoint_status.c **** /*                                                                        */
  42:Middlewares/ST/usbx/common/usbx_stm32_device_controllers/ux_dcd_stm32_endpoint_status.c **** /*    Chaoqiong Xiao, Microsoft Corporation                               */
  43:Middlewares/ST/usbx/common/usbx_stm32_device_controllers/ux_dcd_stm32_endpoint_status.c **** /*                                                                        */
  44:Middlewares/ST/usbx/common/usbx_stm32_device_controllers/ux_dcd_stm32_endpoint_status.c **** /*  DESCRIPTION                                                           */
  45:Middlewares/ST/usbx/common/usbx_stm32_device_controllers/ux_dcd_stm32_endpoint_status.c **** /*                                                                        */
  46:Middlewares/ST/usbx/common/usbx_stm32_device_controllers/ux_dcd_stm32_endpoint_status.c **** /*    This function will retrieve the status of the endpoint.             */
  47:Middlewares/ST/usbx/common/usbx_stm32_device_controllers/ux_dcd_stm32_endpoint_status.c **** /*                                                                        */
  48:Middlewares/ST/usbx/common/usbx_stm32_device_controllers/ux_dcd_stm32_endpoint_status.c **** /*  INPUT                                                                 */
  49:Middlewares/ST/usbx/common/usbx_stm32_device_controllers/ux_dcd_stm32_endpoint_status.c **** /*                                                                        */
  50:Middlewares/ST/usbx/common/usbx_stm32_device_controllers/ux_dcd_stm32_endpoint_status.c **** /*    dcd_stm32                             Pointer to device controller  */
  51:Middlewares/ST/usbx/common/usbx_stm32_device_controllers/ux_dcd_stm32_endpoint_status.c **** /*    endpoint_index                        Endpoint index                */
  52:Middlewares/ST/usbx/common/usbx_stm32_device_controllers/ux_dcd_stm32_endpoint_status.c **** /*                                                                        */
  53:Middlewares/ST/usbx/common/usbx_stm32_device_controllers/ux_dcd_stm32_endpoint_status.c **** /*  OUTPUT                                                                */
  54:Middlewares/ST/usbx/common/usbx_stm32_device_controllers/ux_dcd_stm32_endpoint_status.c **** /*                                                                        */
  55:Middlewares/ST/usbx/common/usbx_stm32_device_controllers/ux_dcd_stm32_endpoint_status.c **** /*    Completion Status                                                   */
  56:Middlewares/ST/usbx/common/usbx_stm32_device_controllers/ux_dcd_stm32_endpoint_status.c **** /*                                                                        */
  57:Middlewares/ST/usbx/common/usbx_stm32_device_controllers/ux_dcd_stm32_endpoint_status.c **** /*  CALLS                                                                 */
  58:Middlewares/ST/usbx/common/usbx_stm32_device_controllers/ux_dcd_stm32_endpoint_status.c **** /*                                                                        */
  59:Middlewares/ST/usbx/common/usbx_stm32_device_controllers/ux_dcd_stm32_endpoint_status.c **** /*    None                                                                */
  60:Middlewares/ST/usbx/common/usbx_stm32_device_controllers/ux_dcd_stm32_endpoint_status.c **** /*                                                                        */
  61:Middlewares/ST/usbx/common/usbx_stm32_device_controllers/ux_dcd_stm32_endpoint_status.c **** /*  CALLED BY                                                             */
  62:Middlewares/ST/usbx/common/usbx_stm32_device_controllers/ux_dcd_stm32_endpoint_status.c **** /*                                                                        */
  63:Middlewares/ST/usbx/common/usbx_stm32_device_controllers/ux_dcd_stm32_endpoint_status.c **** /*    STM32 Controller Driver                                             */
  64:Middlewares/ST/usbx/common/usbx_stm32_device_controllers/ux_dcd_stm32_endpoint_status.c **** /*                                                                        */
  65:Middlewares/ST/usbx/common/usbx_stm32_device_controllers/ux_dcd_stm32_endpoint_status.c **** /*  RELEASE HISTORY                                                       */
  66:Middlewares/ST/usbx/common/usbx_stm32_device_controllers/ux_dcd_stm32_endpoint_status.c **** /*                                                                        */
  67:Middlewares/ST/usbx/common/usbx_stm32_device_controllers/ux_dcd_stm32_endpoint_status.c **** /*    DATE              NAME                      DESCRIPTION             */
  68:Middlewares/ST/usbx/common/usbx_stm32_device_controllers/ux_dcd_stm32_endpoint_status.c **** /*                                                                        */
  69:Middlewares/ST/usbx/common/usbx_stm32_device_controllers/ux_dcd_stm32_endpoint_status.c **** /*  05-19-2020     Chaoqiong Xiao           Initial Version 6.0           */
  70:Middlewares/ST/usbx/common/usbx_stm32_device_controllers/ux_dcd_stm32_endpoint_status.c **** /*  09-30-2020     Chaoqiong Xiao           Modified comment(s), used ST  */
  71:Middlewares/ST/usbx/common/usbx_stm32_device_controllers/ux_dcd_stm32_endpoint_status.c **** /*                                            HAL library to drive the    */
  72:Middlewares/ST/usbx/common/usbx_stm32_device_controllers/ux_dcd_stm32_endpoint_status.c **** /*                                            controller,                 */
  73:Middlewares/ST/usbx/common/usbx_stm32_device_controllers/ux_dcd_stm32_endpoint_status.c **** /*                                            resulting in version 6.1    */
  74:Middlewares/ST/usbx/common/usbx_stm32_device_controllers/ux_dcd_stm32_endpoint_status.c **** /*  01-31-2022     Chaoqiong Xiao           Modified comment(s),          */
  75:Middlewares/ST/usbx/common/usbx_stm32_device_controllers/ux_dcd_stm32_endpoint_status.c **** /*                                            added bi-dir EP support,    */
  76:Middlewares/ST/usbx/common/usbx_stm32_device_controllers/ux_dcd_stm32_endpoint_status.c **** /*                                            resulting in version 6.1.10 */
  77:Middlewares/ST/usbx/common/usbx_stm32_device_controllers/ux_dcd_stm32_endpoint_status.c **** /*                                                                        */
  78:Middlewares/ST/usbx/common/usbx_stm32_device_controllers/ux_dcd_stm32_endpoint_status.c **** /**************************************************************************/
  79:Middlewares/ST/usbx/common/usbx_stm32_device_controllers/ux_dcd_stm32_endpoint_status.c **** UINT  _ux_dcd_stm32_endpoint_status(UX_DCD_STM32 *dcd_stm32, ULONG endpoint_index)
  80:Middlewares/ST/usbx/common/usbx_stm32_device_controllers/ux_dcd_stm32_endpoint_status.c **** {
  31              		.loc 1 80 1 view -0
  32              		.cfi_startproc
  33              		@ args = 0, pretend = 0, frame = 0
  34              		@ frame_needed = 0, uses_anonymous_args = 0
  35              		@ link register save eliminated.
ARM GAS  C:\usertemp\ccwwciQf.s 			page 3


  81:Middlewares/ST/usbx/common/usbx_stm32_device_controllers/ux_dcd_stm32_endpoint_status.c **** 
  82:Middlewares/ST/usbx/common/usbx_stm32_device_controllers/ux_dcd_stm32_endpoint_status.c **** UX_DCD_STM32_ED      *ed;
  36              		.loc 1 82 1 view .LVU1
  83:Middlewares/ST/usbx/common/usbx_stm32_device_controllers/ux_dcd_stm32_endpoint_status.c **** 
  84:Middlewares/ST/usbx/common/usbx_stm32_device_controllers/ux_dcd_stm32_endpoint_status.c **** 
  85:Middlewares/ST/usbx/common/usbx_stm32_device_controllers/ux_dcd_stm32_endpoint_status.c ****     /* Fetch the address of the physical endpoint.  */
  86:Middlewares/ST/usbx/common/usbx_stm32_device_controllers/ux_dcd_stm32_endpoint_status.c ****     ed = _stm32_ed_get(dcd_stm32, endpoint_index);
  37              		.loc 1 86 5 view .LVU2
  38              	.LBB4:
  39              	.LBI4:
  40              		.file 2 "Middlewares/ST/usbx/common/usbx_stm32_device_controllers/ux_dcd_stm32.h"
   1:Middlewares/ST/usbx/common/usbx_stm32_device_controllers/ux_dcd_stm32.h **** /**************************************************************************/
   2:Middlewares/ST/usbx/common/usbx_stm32_device_controllers/ux_dcd_stm32.h **** /*                                                                        */
   3:Middlewares/ST/usbx/common/usbx_stm32_device_controllers/ux_dcd_stm32.h **** /*       Copyright (c) Microsoft Corporation. All rights reserved.        */
   4:Middlewares/ST/usbx/common/usbx_stm32_device_controllers/ux_dcd_stm32.h **** /*                                                                        */
   5:Middlewares/ST/usbx/common/usbx_stm32_device_controllers/ux_dcd_stm32.h **** /*       This software is licensed under the Microsoft Software License   */
   6:Middlewares/ST/usbx/common/usbx_stm32_device_controllers/ux_dcd_stm32.h **** /*       Terms for Microsoft Azure RTOS. Full text of the license can be  */
   7:Middlewares/ST/usbx/common/usbx_stm32_device_controllers/ux_dcd_stm32.h **** /*       found in the LICENSE file at https://aka.ms/AzureRTOS_EULA       */
   8:Middlewares/ST/usbx/common/usbx_stm32_device_controllers/ux_dcd_stm32.h **** /*       and in the root directory of this software.                      */
   9:Middlewares/ST/usbx/common/usbx_stm32_device_controllers/ux_dcd_stm32.h **** /*                                                                        */
  10:Middlewares/ST/usbx/common/usbx_stm32_device_controllers/ux_dcd_stm32.h **** /**************************************************************************/
  11:Middlewares/ST/usbx/common/usbx_stm32_device_controllers/ux_dcd_stm32.h **** 
  12:Middlewares/ST/usbx/common/usbx_stm32_device_controllers/ux_dcd_stm32.h **** 
  13:Middlewares/ST/usbx/common/usbx_stm32_device_controllers/ux_dcd_stm32.h **** /**************************************************************************/
  14:Middlewares/ST/usbx/common/usbx_stm32_device_controllers/ux_dcd_stm32.h **** /**************************************************************************/
  15:Middlewares/ST/usbx/common/usbx_stm32_device_controllers/ux_dcd_stm32.h **** /**                                                                       */
  16:Middlewares/ST/usbx/common/usbx_stm32_device_controllers/ux_dcd_stm32.h **** /** USBX Component                                                        */
  17:Middlewares/ST/usbx/common/usbx_stm32_device_controllers/ux_dcd_stm32.h **** /**                                                                       */
  18:Middlewares/ST/usbx/common/usbx_stm32_device_controllers/ux_dcd_stm32.h **** /**   STM32 Controller Driver                                             */
  19:Middlewares/ST/usbx/common/usbx_stm32_device_controllers/ux_dcd_stm32.h **** /**                                                                       */
  20:Middlewares/ST/usbx/common/usbx_stm32_device_controllers/ux_dcd_stm32.h **** /**************************************************************************/
  21:Middlewares/ST/usbx/common/usbx_stm32_device_controllers/ux_dcd_stm32.h **** /**************************************************************************/
  22:Middlewares/ST/usbx/common/usbx_stm32_device_controllers/ux_dcd_stm32.h **** 
  23:Middlewares/ST/usbx/common/usbx_stm32_device_controllers/ux_dcd_stm32.h **** /**************************************************************************/
  24:Middlewares/ST/usbx/common/usbx_stm32_device_controllers/ux_dcd_stm32.h **** /*                                                                        */
  25:Middlewares/ST/usbx/common/usbx_stm32_device_controllers/ux_dcd_stm32.h **** /*  COMPONENT DEFINITION                                   RELEASE        */
  26:Middlewares/ST/usbx/common/usbx_stm32_device_controllers/ux_dcd_stm32.h **** /*                                                                        */
  27:Middlewares/ST/usbx/common/usbx_stm32_device_controllers/ux_dcd_stm32.h **** /*    ux_dcd_stm32.h                                      PORTABLE C      */
  28:Middlewares/ST/usbx/common/usbx_stm32_device_controllers/ux_dcd_stm32.h **** /*                                                           6.1.10       */
  29:Middlewares/ST/usbx/common/usbx_stm32_device_controllers/ux_dcd_stm32.h **** /*  AUTHOR                                                                */
  30:Middlewares/ST/usbx/common/usbx_stm32_device_controllers/ux_dcd_stm32.h **** /*                                                                        */
  31:Middlewares/ST/usbx/common/usbx_stm32_device_controllers/ux_dcd_stm32.h **** /*    Chaoqiong Xiao, Microsoft Corporation                               */
  32:Middlewares/ST/usbx/common/usbx_stm32_device_controllers/ux_dcd_stm32.h **** /*                                                                        */
  33:Middlewares/ST/usbx/common/usbx_stm32_device_controllers/ux_dcd_stm32.h **** /*  DESCRIPTION                                                           */
  34:Middlewares/ST/usbx/common/usbx_stm32_device_controllers/ux_dcd_stm32.h **** /*                                                                        */
  35:Middlewares/ST/usbx/common/usbx_stm32_device_controllers/ux_dcd_stm32.h **** /*    This file defines the USB OTG device equivalences for the STM32     */
  36:Middlewares/ST/usbx/common/usbx_stm32_device_controllers/ux_dcd_stm32.h **** /*    controller.                                                         */
  37:Middlewares/ST/usbx/common/usbx_stm32_device_controllers/ux_dcd_stm32.h **** /*                                                                        */
  38:Middlewares/ST/usbx/common/usbx_stm32_device_controllers/ux_dcd_stm32.h **** /*  RELEASE HISTORY                                                       */
  39:Middlewares/ST/usbx/common/usbx_stm32_device_controllers/ux_dcd_stm32.h **** /*                                                                        */
  40:Middlewares/ST/usbx/common/usbx_stm32_device_controllers/ux_dcd_stm32.h **** /*    DATE              NAME                      DESCRIPTION             */
  41:Middlewares/ST/usbx/common/usbx_stm32_device_controllers/ux_dcd_stm32.h **** /*                                                                        */
  42:Middlewares/ST/usbx/common/usbx_stm32_device_controllers/ux_dcd_stm32.h **** /*  05-19-2020     Chaoqiong Xiao           Initial Version 6.0           */
  43:Middlewares/ST/usbx/common/usbx_stm32_device_controllers/ux_dcd_stm32.h **** /*  09-30-2020     Chaoqiong Xiao           Modified comment(s), used ST  */
  44:Middlewares/ST/usbx/common/usbx_stm32_device_controllers/ux_dcd_stm32.h **** /*                                            HAL library to drive the    */
  45:Middlewares/ST/usbx/common/usbx_stm32_device_controllers/ux_dcd_stm32.h **** /*                                            controller,                 */
  46:Middlewares/ST/usbx/common/usbx_stm32_device_controllers/ux_dcd_stm32.h **** /*                                            resulting in version 6.1    */
ARM GAS  C:\usertemp\ccwwciQf.s 			page 4


  47:Middlewares/ST/usbx/common/usbx_stm32_device_controllers/ux_dcd_stm32.h **** /*  01-31-2022     Chaoqiong Xiao           Modified comment(s),          */
  48:Middlewares/ST/usbx/common/usbx_stm32_device_controllers/ux_dcd_stm32.h **** /*                                            added standalone support,   */
  49:Middlewares/ST/usbx/common/usbx_stm32_device_controllers/ux_dcd_stm32.h **** /*                                            added bi-dir EP support,    */
  50:Middlewares/ST/usbx/common/usbx_stm32_device_controllers/ux_dcd_stm32.h **** /*                                            resulting in version 6.1.10 */
  51:Middlewares/ST/usbx/common/usbx_stm32_device_controllers/ux_dcd_stm32.h **** /*                                                                        */
  52:Middlewares/ST/usbx/common/usbx_stm32_device_controllers/ux_dcd_stm32.h **** /**************************************************************************/
  53:Middlewares/ST/usbx/common/usbx_stm32_device_controllers/ux_dcd_stm32.h **** 
  54:Middlewares/ST/usbx/common/usbx_stm32_device_controllers/ux_dcd_stm32.h **** #ifndef UX_DCD_STM32_H
  55:Middlewares/ST/usbx/common/usbx_stm32_device_controllers/ux_dcd_stm32.h **** #define UX_DCD_STM32_H
  56:Middlewares/ST/usbx/common/usbx_stm32_device_controllers/ux_dcd_stm32.h **** 
  57:Middlewares/ST/usbx/common/usbx_stm32_device_controllers/ux_dcd_stm32.h **** #include "ux_stm32_config.h"
  58:Middlewares/ST/usbx/common/usbx_stm32_device_controllers/ux_dcd_stm32.h **** 
  59:Middlewares/ST/usbx/common/usbx_stm32_device_controllers/ux_dcd_stm32.h **** /* Define STM32 generic equivalences.  */
  60:Middlewares/ST/usbx/common/usbx_stm32_device_controllers/ux_dcd_stm32.h **** 
  61:Middlewares/ST/usbx/common/usbx_stm32_device_controllers/ux_dcd_stm32.h **** #define UX_DCD_STM32_SLAVE_CONTROLLER                           0x80
  62:Middlewares/ST/usbx/common/usbx_stm32_device_controllers/ux_dcd_stm32.h **** #ifndef UX_DCD_STM32_MAX_ED
  63:Middlewares/ST/usbx/common/usbx_stm32_device_controllers/ux_dcd_stm32.h **** #define UX_DCD_STM32_MAX_ED                                     4
  64:Middlewares/ST/usbx/common/usbx_stm32_device_controllers/ux_dcd_stm32.h **** #endif /* UX_DCD_STM32_MAX_ED */
  65:Middlewares/ST/usbx/common/usbx_stm32_device_controllers/ux_dcd_stm32.h **** #define UX_DCD_STM32_IN_FIFO                                    3
  66:Middlewares/ST/usbx/common/usbx_stm32_device_controllers/ux_dcd_stm32.h **** 
  67:Middlewares/ST/usbx/common/usbx_stm32_device_controllers/ux_dcd_stm32.h **** 
  68:Middlewares/ST/usbx/common/usbx_stm32_device_controllers/ux_dcd_stm32.h **** #define UX_DCD_STM32_FLUSH_RX_FIFO                              0x00000010
  69:Middlewares/ST/usbx/common/usbx_stm32_device_controllers/ux_dcd_stm32.h **** #define UX_DCD_STM32_FLUSH_TX_FIFO                              0x00000020
  70:Middlewares/ST/usbx/common/usbx_stm32_device_controllers/ux_dcd_stm32.h **** #define UX_DCD_STM32_FLUSH_FIFO_ALL                             0x00000010
  71:Middlewares/ST/usbx/common/usbx_stm32_device_controllers/ux_dcd_stm32.h **** #define UX_DCD_STM32_ENDPOINT_SPACE_SIZE                        0x00000020
  72:Middlewares/ST/usbx/common/usbx_stm32_device_controllers/ux_dcd_stm32.h **** #define UX_DCD_STM32_ENDPOINT_CHANNEL_SIZE                      0x00000020
  73:Middlewares/ST/usbx/common/usbx_stm32_device_controllers/ux_dcd_stm32.h **** 
  74:Middlewares/ST/usbx/common/usbx_stm32_device_controllers/ux_dcd_stm32.h **** 
  75:Middlewares/ST/usbx/common/usbx_stm32_device_controllers/ux_dcd_stm32.h **** /* Define USB STM32 physical endpoint status definition.  */
  76:Middlewares/ST/usbx/common/usbx_stm32_device_controllers/ux_dcd_stm32.h **** 
  77:Middlewares/ST/usbx/common/usbx_stm32_device_controllers/ux_dcd_stm32.h **** #define UX_DCD_STM32_ED_STATUS_UNUSED                            0u
  78:Middlewares/ST/usbx/common/usbx_stm32_device_controllers/ux_dcd_stm32.h **** #define UX_DCD_STM32_ED_STATUS_USED                              1u
  79:Middlewares/ST/usbx/common/usbx_stm32_device_controllers/ux_dcd_stm32.h **** #define UX_DCD_STM32_ED_STATUS_TRANSFER                          2u
  80:Middlewares/ST/usbx/common/usbx_stm32_device_controllers/ux_dcd_stm32.h **** #define UX_DCD_STM32_ED_STATUS_STALLED                           4u
  81:Middlewares/ST/usbx/common/usbx_stm32_device_controllers/ux_dcd_stm32.h **** #define UX_DCD_STM32_ED_STATUS_DONE                              8u
  82:Middlewares/ST/usbx/common/usbx_stm32_device_controllers/ux_dcd_stm32.h **** #define UX_DCD_STM32_ED_STATUS_SETUP_IN                          (1u<<8)
  83:Middlewares/ST/usbx/common/usbx_stm32_device_controllers/ux_dcd_stm32.h **** #define UX_DCD_STM32_ED_STATUS_SETUP_STATUS                      (2u<<8)
  84:Middlewares/ST/usbx/common/usbx_stm32_device_controllers/ux_dcd_stm32.h **** #define UX_DCD_STM32_ED_STATUS_SETUP_OUT                         (3u<<8)
  85:Middlewares/ST/usbx/common/usbx_stm32_device_controllers/ux_dcd_stm32.h **** #define UX_DCD_STM32_ED_STATUS_SETUP                             (3u<<8)
  86:Middlewares/ST/usbx/common/usbx_stm32_device_controllers/ux_dcd_stm32.h **** #define UX_DCD_STM32_ED_STATUS_TASK_PENDING                      (1u<<10)
  87:Middlewares/ST/usbx/common/usbx_stm32_device_controllers/ux_dcd_stm32.h **** 
  88:Middlewares/ST/usbx/common/usbx_stm32_device_controllers/ux_dcd_stm32.h **** /* Define USB STM32 physical endpoint state machine definition.  */
  89:Middlewares/ST/usbx/common/usbx_stm32_device_controllers/ux_dcd_stm32.h **** 
  90:Middlewares/ST/usbx/common/usbx_stm32_device_controllers/ux_dcd_stm32.h **** #define UX_DCD_STM32_ED_STATE_IDLE                               0
  91:Middlewares/ST/usbx/common/usbx_stm32_device_controllers/ux_dcd_stm32.h **** #define UX_DCD_STM32_ED_STATE_DATA_TX                            1
  92:Middlewares/ST/usbx/common/usbx_stm32_device_controllers/ux_dcd_stm32.h **** #define UX_DCD_STM32_ED_STATE_DATA_RX                            2
  93:Middlewares/ST/usbx/common/usbx_stm32_device_controllers/ux_dcd_stm32.h **** #define UX_DCD_STM32_ED_STATE_STATUS_TX                          3
  94:Middlewares/ST/usbx/common/usbx_stm32_device_controllers/ux_dcd_stm32.h **** #define UX_DCD_STM32_ED_STATE_STATUS_RX                          4
  95:Middlewares/ST/usbx/common/usbx_stm32_device_controllers/ux_dcd_stm32.h **** 
  96:Middlewares/ST/usbx/common/usbx_stm32_device_controllers/ux_dcd_stm32.h **** /* Define USB STM32 device callback notification state definition.  */
  97:Middlewares/ST/usbx/common/usbx_stm32_device_controllers/ux_dcd_stm32.h **** 
  98:Middlewares/ST/usbx/common/usbx_stm32_device_controllers/ux_dcd_stm32.h **** #define UX_DCD_STM32_SOF_RECEIVED                                0xF0U
  99:Middlewares/ST/usbx/common/usbx_stm32_device_controllers/ux_dcd_stm32.h **** #define UX_DCD_STM32_DEVICE_CONNECTED                            0xF1U
 100:Middlewares/ST/usbx/common/usbx_stm32_device_controllers/ux_dcd_stm32.h **** #define UX_DCD_STM32_DEVICE_DISCONNECTED                         0xF2U
 101:Middlewares/ST/usbx/common/usbx_stm32_device_controllers/ux_dcd_stm32.h **** #define UX_DCD_STM32_DEVICE_RESUMED                              0xF3U
 102:Middlewares/ST/usbx/common/usbx_stm32_device_controllers/ux_dcd_stm32.h **** #define UX_DCD_STM32_DEVICE_SUSPENDED                            0xF4U
 103:Middlewares/ST/usbx/common/usbx_stm32_device_controllers/ux_dcd_stm32.h **** 
ARM GAS  C:\usertemp\ccwwciQf.s 			page 5


 104:Middlewares/ST/usbx/common/usbx_stm32_device_controllers/ux_dcd_stm32.h **** /* Define USB STM32 endpoint transfer status definition.  */
 105:Middlewares/ST/usbx/common/usbx_stm32_device_controllers/ux_dcd_stm32.h **** 
 106:Middlewares/ST/usbx/common/usbx_stm32_device_controllers/ux_dcd_stm32.h **** #define UX_DCD_STM32_ED_TRANSFER_STATUS_IDLE                     0
 107:Middlewares/ST/usbx/common/usbx_stm32_device_controllers/ux_dcd_stm32.h **** #define UX_DCD_STM32_ED_TRANSFER_STATUS_SETUP                    1
 108:Middlewares/ST/usbx/common/usbx_stm32_device_controllers/ux_dcd_stm32.h **** #define UX_DCD_STM32_ED_TRANSFER_STATUS_IN_COMPLETION            2
 109:Middlewares/ST/usbx/common/usbx_stm32_device_controllers/ux_dcd_stm32.h **** #define UX_DCD_STM32_ED_TRANSFER_STATUS_OUT_COMPLETION           3
 110:Middlewares/ST/usbx/common/usbx_stm32_device_controllers/ux_dcd_stm32.h **** 
 111:Middlewares/ST/usbx/common/usbx_stm32_device_controllers/ux_dcd_stm32.h **** /* Define USB STM32 physical endpoint structure.  */
 112:Middlewares/ST/usbx/common/usbx_stm32_device_controllers/ux_dcd_stm32.h **** 
 113:Middlewares/ST/usbx/common/usbx_stm32_device_controllers/ux_dcd_stm32.h **** typedef struct UX_DCD_STM32_ED_STRUCT
 114:Middlewares/ST/usbx/common/usbx_stm32_device_controllers/ux_dcd_stm32.h **** {
 115:Middlewares/ST/usbx/common/usbx_stm32_device_controllers/ux_dcd_stm32.h ****     struct UX_SLAVE_ENDPOINT_STRUCT
 116:Middlewares/ST/usbx/common/usbx_stm32_device_controllers/ux_dcd_stm32.h ****                     *ux_dcd_stm32_ed_endpoint;
 117:Middlewares/ST/usbx/common/usbx_stm32_device_controllers/ux_dcd_stm32.h ****     ULONG           ux_dcd_stm32_ed_status;
 118:Middlewares/ST/usbx/common/usbx_stm32_device_controllers/ux_dcd_stm32.h ****     UCHAR           ux_dcd_stm32_ed_state;
 119:Middlewares/ST/usbx/common/usbx_stm32_device_controllers/ux_dcd_stm32.h ****     UCHAR           ux_dcd_stm32_ed_index;
 120:Middlewares/ST/usbx/common/usbx_stm32_device_controllers/ux_dcd_stm32.h ****     UCHAR           ux_dcd_stm32_ed_direction;
 121:Middlewares/ST/usbx/common/usbx_stm32_device_controllers/ux_dcd_stm32.h ****     UCHAR           reserved;
 122:Middlewares/ST/usbx/common/usbx_stm32_device_controllers/ux_dcd_stm32.h **** } UX_DCD_STM32_ED;
 123:Middlewares/ST/usbx/common/usbx_stm32_device_controllers/ux_dcd_stm32.h **** 
 124:Middlewares/ST/usbx/common/usbx_stm32_device_controllers/ux_dcd_stm32.h **** 
 125:Middlewares/ST/usbx/common/usbx_stm32_device_controllers/ux_dcd_stm32.h **** /* Define USB STM32 DCD structure definition.  */
 126:Middlewares/ST/usbx/common/usbx_stm32_device_controllers/ux_dcd_stm32.h **** 
 127:Middlewares/ST/usbx/common/usbx_stm32_device_controllers/ux_dcd_stm32.h **** typedef struct UX_DCD_STM32_STRUCT
 128:Middlewares/ST/usbx/common/usbx_stm32_device_controllers/ux_dcd_stm32.h **** {
 129:Middlewares/ST/usbx/common/usbx_stm32_device_controllers/ux_dcd_stm32.h **** 
 130:Middlewares/ST/usbx/common/usbx_stm32_device_controllers/ux_dcd_stm32.h ****     struct UX_SLAVE_DCD_STRUCT
 131:Middlewares/ST/usbx/common/usbx_stm32_device_controllers/ux_dcd_stm32.h ****                         *ux_dcd_stm32_dcd_owner;
 132:Middlewares/ST/usbx/common/usbx_stm32_device_controllers/ux_dcd_stm32.h ****     struct UX_DCD_STM32_ED_STRUCT
 133:Middlewares/ST/usbx/common/usbx_stm32_device_controllers/ux_dcd_stm32.h ****                         ux_dcd_stm32_ed[UX_DCD_STM32_MAX_ED];
 134:Middlewares/ST/usbx/common/usbx_stm32_device_controllers/ux_dcd_stm32.h **** #if defined(UX_DEVICE_BIDIRECTIONAL_ENDPOINT_SUPPORT)
 135:Middlewares/ST/usbx/common/usbx_stm32_device_controllers/ux_dcd_stm32.h ****     struct UX_DCD_STM32_ED_STRUCT
 136:Middlewares/ST/usbx/common/usbx_stm32_device_controllers/ux_dcd_stm32.h ****                         ux_dcd_stm32_ed_in[UX_DCD_STM32_MAX_ED];
 137:Middlewares/ST/usbx/common/usbx_stm32_device_controllers/ux_dcd_stm32.h **** #endif /* defined(UX_DEVICE_BIDIRECTIONAL_ENDPOINT_SUPPORT) */
 138:Middlewares/ST/usbx/common/usbx_stm32_device_controllers/ux_dcd_stm32.h ****     PCD_HandleTypeDef   *pcd_handle;
 139:Middlewares/ST/usbx/common/usbx_stm32_device_controllers/ux_dcd_stm32.h **** } UX_DCD_STM32;
 140:Middlewares/ST/usbx/common/usbx_stm32_device_controllers/ux_dcd_stm32.h **** 
 141:Middlewares/ST/usbx/common/usbx_stm32_device_controllers/ux_dcd_stm32.h **** static inline struct UX_DCD_STM32_ED_STRUCT *_stm32_ed_get(UX_DCD_STM32 *dcd_stm32, ULONG ep_addr)
  41              		.loc 2 141 46 view .LVU3
  42              	.LBB5:
 142:Middlewares/ST/usbx/common/usbx_stm32_device_controllers/ux_dcd_stm32.h **** {
 143:Middlewares/ST/usbx/common/usbx_stm32_device_controllers/ux_dcd_stm32.h **** #if defined(UX_DEVICE_BIDIRECTIONAL_ENDPOINT_SUPPORT)
 144:Middlewares/ST/usbx/common/usbx_stm32_device_controllers/ux_dcd_stm32.h **** ULONG ep_dir = ep_addr & 0x80u;
  43              		.loc 2 144 1 view .LVU4
  44              		.loc 2 144 7 is_stmt 0 view .LVU5
  45 0000 01F08003 		and	r3, r1, #128
  46              	.LVL1:
 145:Middlewares/ST/usbx/common/usbx_stm32_device_controllers/ux_dcd_stm32.h **** #endif /* defined(UX_DEVICE_BIDIRECTIONAL_ENDPOINT_SUPPORT) */
 146:Middlewares/ST/usbx/common/usbx_stm32_device_controllers/ux_dcd_stm32.h **** ULONG ep_num = ep_addr & 0x7Fu;
  47              		.loc 2 146 1 is_stmt 1 view .LVU6
  48              		.loc 2 146 7 is_stmt 0 view .LVU7
  49 0004 01F07F01 		and	r1, r1, #127
  50              	.LVL2:
 147:Middlewares/ST/usbx/common/usbx_stm32_device_controllers/ux_dcd_stm32.h **** 
 148:Middlewares/ST/usbx/common/usbx_stm32_device_controllers/ux_dcd_stm32.h ****     if (ep_num >= UX_DCD_STM32_MAX_ED ||
  51              		.loc 2 148 5 is_stmt 1 view .LVU8
  52              		.loc 2 148 8 is_stmt 0 view .LVU9
ARM GAS  C:\usertemp\ccwwciQf.s 			page 6


  53 0008 0529     		cmp	r1, #5
  54 000a 19D8     		bhi	.L5
 149:Middlewares/ST/usbx/common/usbx_stm32_device_controllers/ux_dcd_stm32.h ****         ep_num >= dcd_stm32->pcd_handle->Init.dev_endpoints)
  55              		.loc 2 149 28 view .LVU10
  56 000c D0F89420 		ldr	r2, [r0, #148]
  57              		.loc 2 149 46 view .LVU11
  58 0010 1279     		ldrb	r2, [r2, #4]	@ zero_extendqisi2
 148:Middlewares/ST/usbx/common/usbx_stm32_device_controllers/ux_dcd_stm32.h ****         ep_num >= dcd_stm32->pcd_handle->Init.dev_endpoints)
  59              		.loc 2 148 39 discriminator 1 view .LVU12
  60 0012 9142     		cmp	r1, r2
  61 0014 16D2     		bcs	.L6
 150:Middlewares/ST/usbx/common/usbx_stm32_device_controllers/ux_dcd_stm32.h ****         return(UX_NULL);
 151:Middlewares/ST/usbx/common/usbx_stm32_device_controllers/ux_dcd_stm32.h **** 
 152:Middlewares/ST/usbx/common/usbx_stm32_device_controllers/ux_dcd_stm32.h **** #if defined(UX_DEVICE_BIDIRECTIONAL_ENDPOINT_SUPPORT)
 153:Middlewares/ST/usbx/common/usbx_stm32_device_controllers/ux_dcd_stm32.h ****     if (ep_dir)
  62              		.loc 2 153 5 is_stmt 1 view .LVU13
  63              		.loc 2 153 8 is_stmt 0 view .LVU14
  64 0016 63B9     		cbnz	r3, .L9
 154:Middlewares/ST/usbx/common/usbx_stm32_device_controllers/ux_dcd_stm32.h ****         return(&dcd_stm32->ux_dcd_stm32_ed_in[ep_num]);
 155:Middlewares/ST/usbx/common/usbx_stm32_device_controllers/ux_dcd_stm32.h **** #endif /* defined(UX_DEVICE_BIDIRECTIONAL_ENDPOINT_SUPPORT) */
 156:Middlewares/ST/usbx/common/usbx_stm32_device_controllers/ux_dcd_stm32.h **** 
 157:Middlewares/ST/usbx/common/usbx_stm32_device_controllers/ux_dcd_stm32.h ****     return(&dcd_stm32->ux_dcd_stm32_ed[ep_num]);
  65              		.loc 2 157 5 is_stmt 1 view .LVU15
  66              		.loc 2 157 12 is_stmt 0 view .LVU16
  67 0018 01EB4101 		add	r1, r1, r1, lsl #1
  68              	.LVL3:
  69              		.loc 2 157 12 view .LVU17
  70 001c 00EB8100 		add	r0, r0, r1, lsl #2
  71              	.LVL4:
  72              		.loc 2 157 12 view .LVU18
  73 0020 0430     		adds	r0, r0, #4
  74              	.L2:
  75              	.LVL5:
  76              		.loc 2 157 12 view .LVU19
  77              	.LBE5:
  78              	.LBE4:
  87:Middlewares/ST/usbx/common/usbx_stm32_device_controllers/ux_dcd_stm32_endpoint_status.c **** 
  88:Middlewares/ST/usbx/common/usbx_stm32_device_controllers/ux_dcd_stm32_endpoint_status.c ****     /* Check the endpoint status, if it is free, we have a illegal endpoint.  */
  89:Middlewares/ST/usbx/common/usbx_stm32_device_controllers/ux_dcd_stm32_endpoint_status.c ****     if ((ed -> ux_dcd_stm32_ed_status & UX_DCD_STM32_ED_STATUS_USED) == 0)
  79              		.loc 1 89 5 is_stmt 1 view .LVU20
  80              		.loc 1 89 13 is_stmt 0 view .LVU21
  81 0022 4068     		ldr	r0, [r0, #4]
  82              	.LVL6:
  83              		.loc 1 89 8 view .LVU22
  84 0024 10F0010F 		tst	r0, #1
  85 0028 0ED0     		beq	.L7
  90:Middlewares/ST/usbx/common/usbx_stm32_device_controllers/ux_dcd_stm32_endpoint_status.c ****         return(UX_ERROR);
  91:Middlewares/ST/usbx/common/usbx_stm32_device_controllers/ux_dcd_stm32_endpoint_status.c **** 
  92:Middlewares/ST/usbx/common/usbx_stm32_device_controllers/ux_dcd_stm32_endpoint_status.c ****     /* Check if the endpoint is stalled.  */
  93:Middlewares/ST/usbx/common/usbx_stm32_device_controllers/ux_dcd_stm32_endpoint_status.c ****     if ((ed -> ux_dcd_stm32_ed_status & UX_DCD_STM32_ED_STATUS_STALLED) == 0)
  86              		.loc 1 93 5 is_stmt 1 view .LVU23
  87              		.loc 1 93 8 is_stmt 0 view .LVU24
  88 002a 10F00400 		ands	r0, r0, #4
  89 002e 0DD1     		bne	.L8
  90 0030 7047     		bx	lr
  91              	.LVL7:
  92              	.L9:
ARM GAS  C:\usertemp\ccwwciQf.s 			page 7


  93              	.LBB7:
  94              	.LBB6:
 154:Middlewares/ST/usbx/common/usbx_stm32_device_controllers/ux_dcd_stm32.h **** #endif /* defined(UX_DEVICE_BIDIRECTIONAL_ENDPOINT_SUPPORT) */
  95              		.loc 2 154 9 is_stmt 1 view .LVU25
 154:Middlewares/ST/usbx/common/usbx_stm32_device_controllers/ux_dcd_stm32.h **** #endif /* defined(UX_DEVICE_BIDIRECTIONAL_ENDPOINT_SUPPORT) */
  96              		.loc 2 154 16 is_stmt 0 view .LVU26
  97 0032 01EB4101 		add	r1, r1, r1, lsl #1
  98              	.LVL8:
 154:Middlewares/ST/usbx/common/usbx_stm32_device_controllers/ux_dcd_stm32.h **** #endif /* defined(UX_DEVICE_BIDIRECTIONAL_ENDPOINT_SUPPORT) */
  99              		.loc 2 154 16 view .LVU27
 100 0036 8900     		lsls	r1, r1, #2
 101 0038 4831     		adds	r1, r1, #72
 102 003a 0844     		add	r0, r0, r1
 103              	.LVL9:
 154:Middlewares/ST/usbx/common/usbx_stm32_device_controllers/ux_dcd_stm32.h **** #endif /* defined(UX_DEVICE_BIDIRECTIONAL_ENDPOINT_SUPPORT) */
 104              		.loc 2 154 16 view .LVU28
 105 003c 0430     		adds	r0, r0, #4
 106 003e F0E7     		b	.L2
 107              	.LVL10:
 108              	.L5:
 150:Middlewares/ST/usbx/common/usbx_stm32_device_controllers/ux_dcd_stm32.h **** 
 109              		.loc 2 150 15 view .LVU29
 110 0040 0020     		movs	r0, #0
 111              	.LVL11:
 150:Middlewares/ST/usbx/common/usbx_stm32_device_controllers/ux_dcd_stm32.h **** 
 112              		.loc 2 150 15 view .LVU30
 113 0042 EEE7     		b	.L2
 114              	.LVL12:
 115              	.L6:
 150:Middlewares/ST/usbx/common/usbx_stm32_device_controllers/ux_dcd_stm32.h **** 
 116              		.loc 2 150 15 view .LVU31
 117 0044 0020     		movs	r0, #0
 118              	.LVL13:
 150:Middlewares/ST/usbx/common/usbx_stm32_device_controllers/ux_dcd_stm32.h **** 
 119              		.loc 2 150 15 view .LVU32
 120 0046 ECE7     		b	.L2
 121              	.LVL14:
 122              	.L7:
 150:Middlewares/ST/usbx/common/usbx_stm32_device_controllers/ux_dcd_stm32.h **** 
 123              		.loc 2 150 15 view .LVU33
 124              	.LBE6:
 125              	.LBE7:
  90:Middlewares/ST/usbx/common/usbx_stm32_device_controllers/ux_dcd_stm32_endpoint_status.c ****         return(UX_ERROR);
 126              		.loc 1 90 15 view .LVU34
 127 0048 FF20     		movs	r0, #255
 128 004a 7047     		bx	lr
 129              	.L8:
  94:Middlewares/ST/usbx/common/usbx_stm32_device_controllers/ux_dcd_stm32_endpoint_status.c ****         return(UX_FALSE);
  95:Middlewares/ST/usbx/common/usbx_stm32_device_controllers/ux_dcd_stm32_endpoint_status.c ****     else
  96:Middlewares/ST/usbx/common/usbx_stm32_device_controllers/ux_dcd_stm32_endpoint_status.c ****         return(UX_TRUE);
 130              		.loc 1 96 15 view .LVU35
 131 004c 0120     		movs	r0, #1
  97:Middlewares/ST/usbx/common/usbx_stm32_device_controllers/ux_dcd_stm32_endpoint_status.c **** }
 132              		.loc 1 97 1 view .LVU36
 133 004e 7047     		bx	lr
 134              		.cfi_endproc
 135              	.LFE169:
ARM GAS  C:\usertemp\ccwwciQf.s 			page 8


 137              		.text
 138              	.Letext0:
 139              		.file 3 "D:/armtoolchain/arm-gnu-toolchain-13.3.rel1-mingw-w64-i686-arm-none-eabi/arm-none-eabi/in
 140              		.file 4 "Middlewares/ST/threadx/ports/cortex_m33/gnu/inc/tx_port.h"
 141              		.file 5 "Middlewares/ST/threadx/common/inc/tx_api.h"
 142              		.file 6 "Middlewares/ST/usbx/common/core/inc/ux_api.h"
 143              		.file 7 "D:/armtoolchain/arm-gnu-toolchain-13.3.rel1-mingw-w64-i686-arm-none-eabi/arm-none-eabi/in
 144              		.file 8 "Drivers/CMSIS/Device/ST/STM32U5xx/Include/stm32u575xx.h"
 145              		.file 9 "Drivers/STM32U5xx_HAL_Driver/Inc/stm32u5xx_hal_def.h"
 146              		.file 10 "Drivers/STM32U5xx_HAL_Driver/Inc/stm32u5xx_ll_usb.h"
 147              		.file 11 "Drivers/STM32U5xx_HAL_Driver/Inc/stm32u5xx_hal_pcd.h"
ARM GAS  C:\usertemp\ccwwciQf.s 			page 9


DEFINED SYMBOLS
                            *ABS*:00000000 ux_dcd_stm32_endpoint_status.c
C:\usertemp\ccwwciQf.s:22     .text._ux_dcd_stm32_endpoint_status:00000000 $t
C:\usertemp\ccwwciQf.s:28     .text._ux_dcd_stm32_endpoint_status:00000000 _ux_dcd_stm32_endpoint_status

NO UNDEFINED SYMBOLS
