ARM GAS  C:\usertemp\ccXypgaZ.s 			page 1


   1              		.cpu cortex-m33
   2              		.arch armv8-m.main
   3              		.fpu fpv4-sp-d16
   4              		.arch_extension dsp
   5              		.eabi_attribute 27, 1
   6              		.eabi_attribute 28, 1
   7              		.eabi_attribute 20, 1
   8              		.eabi_attribute 21, 1
   9              		.eabi_attribute 23, 3
  10              		.eabi_attribute 24, 1
  11              		.eabi_attribute 25, 1
  12              		.eabi_attribute 26, 1
  13              		.eabi_attribute 30, 1
  14              		.eabi_attribute 34, 1
  15              		.eabi_attribute 18, 4
  16              		.file	"ux_dcd_stm32_endpoint_create.c"
  17              		.text
  18              	.Ltext0:
  19              		.cfi_sections	.debug_frame
  20              		.file 1 "Middlewares/ST/usbx/common/usbx_stm32_device_controllers/ux_dcd_stm32_endpoint_create.c"
  21              		.section	.text._ux_dcd_stm32_endpoint_create,"ax",%progbits
  22              		.align	1
  23              		.global	_ux_dcd_stm32_endpoint_create
  24              		.syntax unified
  25              		.thumb
  26              		.thumb_func
  28              	_ux_dcd_stm32_endpoint_create:
  29              	.LVL0:
  30              	.LFB169:
   1:Middlewares/ST/usbx/common/usbx_stm32_device_controllers/ux_dcd_stm32_endpoint_create.c **** /**************************************************************************/
   2:Middlewares/ST/usbx/common/usbx_stm32_device_controllers/ux_dcd_stm32_endpoint_create.c **** /*                                                                        */
   3:Middlewares/ST/usbx/common/usbx_stm32_device_controllers/ux_dcd_stm32_endpoint_create.c **** /*       Copyright (c) Microsoft Corporation. All rights reserved.        */
   4:Middlewares/ST/usbx/common/usbx_stm32_device_controllers/ux_dcd_stm32_endpoint_create.c **** /*                                                                        */
   5:Middlewares/ST/usbx/common/usbx_stm32_device_controllers/ux_dcd_stm32_endpoint_create.c **** /*       This software is licensed under the Microsoft Software License   */
   6:Middlewares/ST/usbx/common/usbx_stm32_device_controllers/ux_dcd_stm32_endpoint_create.c **** /*       Terms for Microsoft Azure RTOS. Full text of the license can be  */
   7:Middlewares/ST/usbx/common/usbx_stm32_device_controllers/ux_dcd_stm32_endpoint_create.c **** /*       found in the LICENSE file at https://aka.ms/AzureRTOS_EULA       */
   8:Middlewares/ST/usbx/common/usbx_stm32_device_controllers/ux_dcd_stm32_endpoint_create.c **** /*       and in the root directory of this software.                      */
   9:Middlewares/ST/usbx/common/usbx_stm32_device_controllers/ux_dcd_stm32_endpoint_create.c **** /*                                                                        */
  10:Middlewares/ST/usbx/common/usbx_stm32_device_controllers/ux_dcd_stm32_endpoint_create.c **** /**************************************************************************/
  11:Middlewares/ST/usbx/common/usbx_stm32_device_controllers/ux_dcd_stm32_endpoint_create.c **** 
  12:Middlewares/ST/usbx/common/usbx_stm32_device_controllers/ux_dcd_stm32_endpoint_create.c **** 
  13:Middlewares/ST/usbx/common/usbx_stm32_device_controllers/ux_dcd_stm32_endpoint_create.c **** /**************************************************************************/
  14:Middlewares/ST/usbx/common/usbx_stm32_device_controllers/ux_dcd_stm32_endpoint_create.c **** /**************************************************************************/
  15:Middlewares/ST/usbx/common/usbx_stm32_device_controllers/ux_dcd_stm32_endpoint_create.c **** /**                                                                       */
  16:Middlewares/ST/usbx/common/usbx_stm32_device_controllers/ux_dcd_stm32_endpoint_create.c **** /** USBX Component                                                        */
  17:Middlewares/ST/usbx/common/usbx_stm32_device_controllers/ux_dcd_stm32_endpoint_create.c **** /**                                                                       */
  18:Middlewares/ST/usbx/common/usbx_stm32_device_controllers/ux_dcd_stm32_endpoint_create.c **** /**   STM32 Controller Driver                                             */
  19:Middlewares/ST/usbx/common/usbx_stm32_device_controllers/ux_dcd_stm32_endpoint_create.c **** /**                                                                       */
  20:Middlewares/ST/usbx/common/usbx_stm32_device_controllers/ux_dcd_stm32_endpoint_create.c **** /**************************************************************************/
  21:Middlewares/ST/usbx/common/usbx_stm32_device_controllers/ux_dcd_stm32_endpoint_create.c **** /**************************************************************************/
  22:Middlewares/ST/usbx/common/usbx_stm32_device_controllers/ux_dcd_stm32_endpoint_create.c **** 
  23:Middlewares/ST/usbx/common/usbx_stm32_device_controllers/ux_dcd_stm32_endpoint_create.c **** #define UX_SOURCE_CODE
  24:Middlewares/ST/usbx/common/usbx_stm32_device_controllers/ux_dcd_stm32_endpoint_create.c **** #define UX_DCD_STM32_SOURCE_CODE
  25:Middlewares/ST/usbx/common/usbx_stm32_device_controllers/ux_dcd_stm32_endpoint_create.c **** 
  26:Middlewares/ST/usbx/common/usbx_stm32_device_controllers/ux_dcd_stm32_endpoint_create.c **** 
  27:Middlewares/ST/usbx/common/usbx_stm32_device_controllers/ux_dcd_stm32_endpoint_create.c **** /* Include necessary system files.  */
  28:Middlewares/ST/usbx/common/usbx_stm32_device_controllers/ux_dcd_stm32_endpoint_create.c **** 
ARM GAS  C:\usertemp\ccXypgaZ.s 			page 2


  29:Middlewares/ST/usbx/common/usbx_stm32_device_controllers/ux_dcd_stm32_endpoint_create.c **** #include "ux_api.h"
  30:Middlewares/ST/usbx/common/usbx_stm32_device_controllers/ux_dcd_stm32_endpoint_create.c **** #include "ux_dcd_stm32.h"
  31:Middlewares/ST/usbx/common/usbx_stm32_device_controllers/ux_dcd_stm32_endpoint_create.c **** #include "ux_device_stack.h"
  32:Middlewares/ST/usbx/common/usbx_stm32_device_controllers/ux_dcd_stm32_endpoint_create.c **** 
  33:Middlewares/ST/usbx/common/usbx_stm32_device_controllers/ux_dcd_stm32_endpoint_create.c **** 
  34:Middlewares/ST/usbx/common/usbx_stm32_device_controllers/ux_dcd_stm32_endpoint_create.c **** /**************************************************************************/
  35:Middlewares/ST/usbx/common/usbx_stm32_device_controllers/ux_dcd_stm32_endpoint_create.c **** /*                                                                        */
  36:Middlewares/ST/usbx/common/usbx_stm32_device_controllers/ux_dcd_stm32_endpoint_create.c **** /*  FUNCTION                                               RELEASE        */
  37:Middlewares/ST/usbx/common/usbx_stm32_device_controllers/ux_dcd_stm32_endpoint_create.c **** /*                                                                        */
  38:Middlewares/ST/usbx/common/usbx_stm32_device_controllers/ux_dcd_stm32_endpoint_create.c **** /*    _ux_dcd_stm32_endpoint_create                       PORTABLE C      */
  39:Middlewares/ST/usbx/common/usbx_stm32_device_controllers/ux_dcd_stm32_endpoint_create.c **** /*                                                           6.1          */
  40:Middlewares/ST/usbx/common/usbx_stm32_device_controllers/ux_dcd_stm32_endpoint_create.c **** /*  AUTHOR                                                                */
  41:Middlewares/ST/usbx/common/usbx_stm32_device_controllers/ux_dcd_stm32_endpoint_create.c **** /*                                                                        */
  42:Middlewares/ST/usbx/common/usbx_stm32_device_controllers/ux_dcd_stm32_endpoint_create.c **** /*    Chaoqiong Xiao, Microsoft Corporation                               */
  43:Middlewares/ST/usbx/common/usbx_stm32_device_controllers/ux_dcd_stm32_endpoint_create.c **** /*                                                                        */
  44:Middlewares/ST/usbx/common/usbx_stm32_device_controllers/ux_dcd_stm32_endpoint_create.c **** /*  DESCRIPTION                                                           */
  45:Middlewares/ST/usbx/common/usbx_stm32_device_controllers/ux_dcd_stm32_endpoint_create.c **** /*                                                                        */
  46:Middlewares/ST/usbx/common/usbx_stm32_device_controllers/ux_dcd_stm32_endpoint_create.c **** /*    This function will create a physical endpoint.                      */
  47:Middlewares/ST/usbx/common/usbx_stm32_device_controllers/ux_dcd_stm32_endpoint_create.c **** /*                                                                        */
  48:Middlewares/ST/usbx/common/usbx_stm32_device_controllers/ux_dcd_stm32_endpoint_create.c **** /*  INPUT                                                                 */
  49:Middlewares/ST/usbx/common/usbx_stm32_device_controllers/ux_dcd_stm32_endpoint_create.c **** /*                                                                        */
  50:Middlewares/ST/usbx/common/usbx_stm32_device_controllers/ux_dcd_stm32_endpoint_create.c **** /*    dcd_stm32                             Pointer to device controller  */
  51:Middlewares/ST/usbx/common/usbx_stm32_device_controllers/ux_dcd_stm32_endpoint_create.c **** /*    endpoint                              Pointer to endpoint container */
  52:Middlewares/ST/usbx/common/usbx_stm32_device_controllers/ux_dcd_stm32_endpoint_create.c **** /*                                                                        */
  53:Middlewares/ST/usbx/common/usbx_stm32_device_controllers/ux_dcd_stm32_endpoint_create.c **** /*  OUTPUT                                                                */
  54:Middlewares/ST/usbx/common/usbx_stm32_device_controllers/ux_dcd_stm32_endpoint_create.c **** /*                                                                        */
  55:Middlewares/ST/usbx/common/usbx_stm32_device_controllers/ux_dcd_stm32_endpoint_create.c **** /*    Completion Status                                                   */
  56:Middlewares/ST/usbx/common/usbx_stm32_device_controllers/ux_dcd_stm32_endpoint_create.c **** /*                                                                        */
  57:Middlewares/ST/usbx/common/usbx_stm32_device_controllers/ux_dcd_stm32_endpoint_create.c **** /*  CALLS                                                                 */
  58:Middlewares/ST/usbx/common/usbx_stm32_device_controllers/ux_dcd_stm32_endpoint_create.c **** /*                                                                        */
  59:Middlewares/ST/usbx/common/usbx_stm32_device_controllers/ux_dcd_stm32_endpoint_create.c **** /*    HAL_PCD_EP_Open                       Open endpoint                 */
  60:Middlewares/ST/usbx/common/usbx_stm32_device_controllers/ux_dcd_stm32_endpoint_create.c **** /*                                                                        */
  61:Middlewares/ST/usbx/common/usbx_stm32_device_controllers/ux_dcd_stm32_endpoint_create.c **** /*  CALLED BY                                                             */
  62:Middlewares/ST/usbx/common/usbx_stm32_device_controllers/ux_dcd_stm32_endpoint_create.c **** /*                                                                        */
  63:Middlewares/ST/usbx/common/usbx_stm32_device_controllers/ux_dcd_stm32_endpoint_create.c **** /*    STM32 Controller Driver                                             */
  64:Middlewares/ST/usbx/common/usbx_stm32_device_controllers/ux_dcd_stm32_endpoint_create.c **** /*                                                                        */
  65:Middlewares/ST/usbx/common/usbx_stm32_device_controllers/ux_dcd_stm32_endpoint_create.c **** /*  RELEASE HISTORY                                                       */
  66:Middlewares/ST/usbx/common/usbx_stm32_device_controllers/ux_dcd_stm32_endpoint_create.c **** /*                                                                        */
  67:Middlewares/ST/usbx/common/usbx_stm32_device_controllers/ux_dcd_stm32_endpoint_create.c **** /*    DATE              NAME                      DESCRIPTION             */
  68:Middlewares/ST/usbx/common/usbx_stm32_device_controllers/ux_dcd_stm32_endpoint_create.c **** /*                                                                        */
  69:Middlewares/ST/usbx/common/usbx_stm32_device_controllers/ux_dcd_stm32_endpoint_create.c **** /*  05-19-2020     Chaoqiong Xiao           Initial Version 6.0           */
  70:Middlewares/ST/usbx/common/usbx_stm32_device_controllers/ux_dcd_stm32_endpoint_create.c **** /*  09-30-2020     Chaoqiong Xiao           Modified comment(s), used ST  */
  71:Middlewares/ST/usbx/common/usbx_stm32_device_controllers/ux_dcd_stm32_endpoint_create.c **** /*                                            HAL library to drive the    */
  72:Middlewares/ST/usbx/common/usbx_stm32_device_controllers/ux_dcd_stm32_endpoint_create.c **** /*                                            controller,                 */
  73:Middlewares/ST/usbx/common/usbx_stm32_device_controllers/ux_dcd_stm32_endpoint_create.c **** /*                                            resulting in version 6.1    */
  74:Middlewares/ST/usbx/common/usbx_stm32_device_controllers/ux_dcd_stm32_endpoint_create.c **** /*                                                                        */
  75:Middlewares/ST/usbx/common/usbx_stm32_device_controllers/ux_dcd_stm32_endpoint_create.c **** /**************************************************************************/
  76:Middlewares/ST/usbx/common/usbx_stm32_device_controllers/ux_dcd_stm32_endpoint_create.c **** UINT  _ux_dcd_stm32_endpoint_create(UX_DCD_STM32 *dcd_stm32, UX_SLAVE_ENDPOINT *endpoint)
  77:Middlewares/ST/usbx/common/usbx_stm32_device_controllers/ux_dcd_stm32_endpoint_create.c **** {
  31              		.loc 1 77 1 view -0
  32              		.cfi_startproc
  33              		@ args = 0, pretend = 0, frame = 0
  34              		@ frame_needed = 0, uses_anonymous_args = 0
  35              		.loc 1 77 1 is_stmt 0 view .LVU1
  36 0000 38B5     		push	{r3, r4, r5, lr}
  37              	.LCFI0:
  38              		.cfi_def_cfa_offset 16
ARM GAS  C:\usertemp\ccXypgaZ.s 			page 3


  39              		.cfi_offset 3, -16
  40              		.cfi_offset 4, -12
  41              		.cfi_offset 5, -8
  42              		.cfi_offset 14, -4
  78:Middlewares/ST/usbx/common/usbx_stm32_device_controllers/ux_dcd_stm32_endpoint_create.c **** 
  79:Middlewares/ST/usbx/common/usbx_stm32_device_controllers/ux_dcd_stm32_endpoint_create.c **** UX_DCD_STM32_ED     *ed;
  43              		.loc 1 79 1 is_stmt 1 view .LVU2
  80:Middlewares/ST/usbx/common/usbx_stm32_device_controllers/ux_dcd_stm32_endpoint_create.c **** ULONG               stm32_endpoint_index;
  44              		.loc 1 80 1 view .LVU3
  81:Middlewares/ST/usbx/common/usbx_stm32_device_controllers/ux_dcd_stm32_endpoint_create.c **** 
  82:Middlewares/ST/usbx/common/usbx_stm32_device_controllers/ux_dcd_stm32_endpoint_create.c **** 
  83:Middlewares/ST/usbx/common/usbx_stm32_device_controllers/ux_dcd_stm32_endpoint_create.c ****     /* The endpoint index in the array of the STM32 must match the endpoint number.  */
  84:Middlewares/ST/usbx/common/usbx_stm32_device_controllers/ux_dcd_stm32_endpoint_create.c ****     stm32_endpoint_index =  endpoint -> ux_slave_endpoint_descriptor.bEndpointAddress & ~UX_ENDPOIN
  45              		.loc 1 84 5 view .LVU4
  46              		.loc 1 84 69 is_stmt 0 view .LVU5
  47 0002 8A7B     		ldrb	r2, [r1, #14]	@ zero_extendqisi2
  48              	.LVL1:
  85:Middlewares/ST/usbx/common/usbx_stm32_device_controllers/ux_dcd_stm32_endpoint_create.c **** 
  86:Middlewares/ST/usbx/common/usbx_stm32_device_controllers/ux_dcd_stm32_endpoint_create.c ****     /* Get STM32 ED.  */
  87:Middlewares/ST/usbx/common/usbx_stm32_device_controllers/ux_dcd_stm32_endpoint_create.c ****     ed = _stm32_ed_get(dcd_stm32, endpoint -> ux_slave_endpoint_descriptor.bEndpointAddress);
  49              		.loc 1 87 5 is_stmt 1 view .LVU6
  50              	.LBB4:
  51              	.LBI4:
  52              		.file 2 "Middlewares/ST/usbx/common/usbx_stm32_device_controllers/ux_dcd_stm32.h"
   1:Middlewares/ST/usbx/common/usbx_stm32_device_controllers/ux_dcd_stm32.h **** /**************************************************************************/
   2:Middlewares/ST/usbx/common/usbx_stm32_device_controllers/ux_dcd_stm32.h **** /*                                                                        */
   3:Middlewares/ST/usbx/common/usbx_stm32_device_controllers/ux_dcd_stm32.h **** /*       Copyright (c) Microsoft Corporation. All rights reserved.        */
   4:Middlewares/ST/usbx/common/usbx_stm32_device_controllers/ux_dcd_stm32.h **** /*                                                                        */
   5:Middlewares/ST/usbx/common/usbx_stm32_device_controllers/ux_dcd_stm32.h **** /*       This software is licensed under the Microsoft Software License   */
   6:Middlewares/ST/usbx/common/usbx_stm32_device_controllers/ux_dcd_stm32.h **** /*       Terms for Microsoft Azure RTOS. Full text of the license can be  */
   7:Middlewares/ST/usbx/common/usbx_stm32_device_controllers/ux_dcd_stm32.h **** /*       found in the LICENSE file at https://aka.ms/AzureRTOS_EULA       */
   8:Middlewares/ST/usbx/common/usbx_stm32_device_controllers/ux_dcd_stm32.h **** /*       and in the root directory of this software.                      */
   9:Middlewares/ST/usbx/common/usbx_stm32_device_controllers/ux_dcd_stm32.h **** /*                                                                        */
  10:Middlewares/ST/usbx/common/usbx_stm32_device_controllers/ux_dcd_stm32.h **** /**************************************************************************/
  11:Middlewares/ST/usbx/common/usbx_stm32_device_controllers/ux_dcd_stm32.h **** 
  12:Middlewares/ST/usbx/common/usbx_stm32_device_controllers/ux_dcd_stm32.h **** 
  13:Middlewares/ST/usbx/common/usbx_stm32_device_controllers/ux_dcd_stm32.h **** /**************************************************************************/
  14:Middlewares/ST/usbx/common/usbx_stm32_device_controllers/ux_dcd_stm32.h **** /**************************************************************************/
  15:Middlewares/ST/usbx/common/usbx_stm32_device_controllers/ux_dcd_stm32.h **** /**                                                                       */
  16:Middlewares/ST/usbx/common/usbx_stm32_device_controllers/ux_dcd_stm32.h **** /** USBX Component                                                        */
  17:Middlewares/ST/usbx/common/usbx_stm32_device_controllers/ux_dcd_stm32.h **** /**                                                                       */
  18:Middlewares/ST/usbx/common/usbx_stm32_device_controllers/ux_dcd_stm32.h **** /**   STM32 Controller Driver                                             */
  19:Middlewares/ST/usbx/common/usbx_stm32_device_controllers/ux_dcd_stm32.h **** /**                                                                       */
  20:Middlewares/ST/usbx/common/usbx_stm32_device_controllers/ux_dcd_stm32.h **** /**************************************************************************/
  21:Middlewares/ST/usbx/common/usbx_stm32_device_controllers/ux_dcd_stm32.h **** /**************************************************************************/
  22:Middlewares/ST/usbx/common/usbx_stm32_device_controllers/ux_dcd_stm32.h **** 
  23:Middlewares/ST/usbx/common/usbx_stm32_device_controllers/ux_dcd_stm32.h **** /**************************************************************************/
  24:Middlewares/ST/usbx/common/usbx_stm32_device_controllers/ux_dcd_stm32.h **** /*                                                                        */
  25:Middlewares/ST/usbx/common/usbx_stm32_device_controllers/ux_dcd_stm32.h **** /*  COMPONENT DEFINITION                                   RELEASE        */
  26:Middlewares/ST/usbx/common/usbx_stm32_device_controllers/ux_dcd_stm32.h **** /*                                                                        */
  27:Middlewares/ST/usbx/common/usbx_stm32_device_controllers/ux_dcd_stm32.h **** /*    ux_dcd_stm32.h                                      PORTABLE C      */
  28:Middlewares/ST/usbx/common/usbx_stm32_device_controllers/ux_dcd_stm32.h **** /*                                                           6.1.10       */
  29:Middlewares/ST/usbx/common/usbx_stm32_device_controllers/ux_dcd_stm32.h **** /*  AUTHOR                                                                */
  30:Middlewares/ST/usbx/common/usbx_stm32_device_controllers/ux_dcd_stm32.h **** /*                                                                        */
  31:Middlewares/ST/usbx/common/usbx_stm32_device_controllers/ux_dcd_stm32.h **** /*    Chaoqiong Xiao, Microsoft Corporation                               */
  32:Middlewares/ST/usbx/common/usbx_stm32_device_controllers/ux_dcd_stm32.h **** /*                                                                        */
  33:Middlewares/ST/usbx/common/usbx_stm32_device_controllers/ux_dcd_stm32.h **** /*  DESCRIPTION                                                           */
ARM GAS  C:\usertemp\ccXypgaZ.s 			page 4


  34:Middlewares/ST/usbx/common/usbx_stm32_device_controllers/ux_dcd_stm32.h **** /*                                                                        */
  35:Middlewares/ST/usbx/common/usbx_stm32_device_controllers/ux_dcd_stm32.h **** /*    This file defines the USB OTG device equivalences for the STM32     */
  36:Middlewares/ST/usbx/common/usbx_stm32_device_controllers/ux_dcd_stm32.h **** /*    controller.                                                         */
  37:Middlewares/ST/usbx/common/usbx_stm32_device_controllers/ux_dcd_stm32.h **** /*                                                                        */
  38:Middlewares/ST/usbx/common/usbx_stm32_device_controllers/ux_dcd_stm32.h **** /*  RELEASE HISTORY                                                       */
  39:Middlewares/ST/usbx/common/usbx_stm32_device_controllers/ux_dcd_stm32.h **** /*                                                                        */
  40:Middlewares/ST/usbx/common/usbx_stm32_device_controllers/ux_dcd_stm32.h **** /*    DATE              NAME                      DESCRIPTION             */
  41:Middlewares/ST/usbx/common/usbx_stm32_device_controllers/ux_dcd_stm32.h **** /*                                                                        */
  42:Middlewares/ST/usbx/common/usbx_stm32_device_controllers/ux_dcd_stm32.h **** /*  05-19-2020     Chaoqiong Xiao           Initial Version 6.0           */
  43:Middlewares/ST/usbx/common/usbx_stm32_device_controllers/ux_dcd_stm32.h **** /*  09-30-2020     Chaoqiong Xiao           Modified comment(s), used ST  */
  44:Middlewares/ST/usbx/common/usbx_stm32_device_controllers/ux_dcd_stm32.h **** /*                                            HAL library to drive the    */
  45:Middlewares/ST/usbx/common/usbx_stm32_device_controllers/ux_dcd_stm32.h **** /*                                            controller,                 */
  46:Middlewares/ST/usbx/common/usbx_stm32_device_controllers/ux_dcd_stm32.h **** /*                                            resulting in version 6.1    */
  47:Middlewares/ST/usbx/common/usbx_stm32_device_controllers/ux_dcd_stm32.h **** /*  01-31-2022     Chaoqiong Xiao           Modified comment(s),          */
  48:Middlewares/ST/usbx/common/usbx_stm32_device_controllers/ux_dcd_stm32.h **** /*                                            added standalone support,   */
  49:Middlewares/ST/usbx/common/usbx_stm32_device_controllers/ux_dcd_stm32.h **** /*                                            added bi-dir EP support,    */
  50:Middlewares/ST/usbx/common/usbx_stm32_device_controllers/ux_dcd_stm32.h **** /*                                            resulting in version 6.1.10 */
  51:Middlewares/ST/usbx/common/usbx_stm32_device_controllers/ux_dcd_stm32.h **** /*                                                                        */
  52:Middlewares/ST/usbx/common/usbx_stm32_device_controllers/ux_dcd_stm32.h **** /**************************************************************************/
  53:Middlewares/ST/usbx/common/usbx_stm32_device_controllers/ux_dcd_stm32.h **** 
  54:Middlewares/ST/usbx/common/usbx_stm32_device_controllers/ux_dcd_stm32.h **** #ifndef UX_DCD_STM32_H
  55:Middlewares/ST/usbx/common/usbx_stm32_device_controllers/ux_dcd_stm32.h **** #define UX_DCD_STM32_H
  56:Middlewares/ST/usbx/common/usbx_stm32_device_controllers/ux_dcd_stm32.h **** 
  57:Middlewares/ST/usbx/common/usbx_stm32_device_controllers/ux_dcd_stm32.h **** #include "ux_stm32_config.h"
  58:Middlewares/ST/usbx/common/usbx_stm32_device_controllers/ux_dcd_stm32.h **** 
  59:Middlewares/ST/usbx/common/usbx_stm32_device_controllers/ux_dcd_stm32.h **** /* Define STM32 generic equivalences.  */
  60:Middlewares/ST/usbx/common/usbx_stm32_device_controllers/ux_dcd_stm32.h **** 
  61:Middlewares/ST/usbx/common/usbx_stm32_device_controllers/ux_dcd_stm32.h **** #define UX_DCD_STM32_SLAVE_CONTROLLER                           0x80
  62:Middlewares/ST/usbx/common/usbx_stm32_device_controllers/ux_dcd_stm32.h **** #ifndef UX_DCD_STM32_MAX_ED
  63:Middlewares/ST/usbx/common/usbx_stm32_device_controllers/ux_dcd_stm32.h **** #define UX_DCD_STM32_MAX_ED                                     4
  64:Middlewares/ST/usbx/common/usbx_stm32_device_controllers/ux_dcd_stm32.h **** #endif /* UX_DCD_STM32_MAX_ED */
  65:Middlewares/ST/usbx/common/usbx_stm32_device_controllers/ux_dcd_stm32.h **** #define UX_DCD_STM32_IN_FIFO                                    3
  66:Middlewares/ST/usbx/common/usbx_stm32_device_controllers/ux_dcd_stm32.h **** 
  67:Middlewares/ST/usbx/common/usbx_stm32_device_controllers/ux_dcd_stm32.h **** 
  68:Middlewares/ST/usbx/common/usbx_stm32_device_controllers/ux_dcd_stm32.h **** #define UX_DCD_STM32_FLUSH_RX_FIFO                              0x00000010
  69:Middlewares/ST/usbx/common/usbx_stm32_device_controllers/ux_dcd_stm32.h **** #define UX_DCD_STM32_FLUSH_TX_FIFO                              0x00000020
  70:Middlewares/ST/usbx/common/usbx_stm32_device_controllers/ux_dcd_stm32.h **** #define UX_DCD_STM32_FLUSH_FIFO_ALL                             0x00000010
  71:Middlewares/ST/usbx/common/usbx_stm32_device_controllers/ux_dcd_stm32.h **** #define UX_DCD_STM32_ENDPOINT_SPACE_SIZE                        0x00000020
  72:Middlewares/ST/usbx/common/usbx_stm32_device_controllers/ux_dcd_stm32.h **** #define UX_DCD_STM32_ENDPOINT_CHANNEL_SIZE                      0x00000020
  73:Middlewares/ST/usbx/common/usbx_stm32_device_controllers/ux_dcd_stm32.h **** 
  74:Middlewares/ST/usbx/common/usbx_stm32_device_controllers/ux_dcd_stm32.h **** 
  75:Middlewares/ST/usbx/common/usbx_stm32_device_controllers/ux_dcd_stm32.h **** /* Define USB STM32 physical endpoint status definition.  */
  76:Middlewares/ST/usbx/common/usbx_stm32_device_controllers/ux_dcd_stm32.h **** 
  77:Middlewares/ST/usbx/common/usbx_stm32_device_controllers/ux_dcd_stm32.h **** #define UX_DCD_STM32_ED_STATUS_UNUSED                            0u
  78:Middlewares/ST/usbx/common/usbx_stm32_device_controllers/ux_dcd_stm32.h **** #define UX_DCD_STM32_ED_STATUS_USED                              1u
  79:Middlewares/ST/usbx/common/usbx_stm32_device_controllers/ux_dcd_stm32.h **** #define UX_DCD_STM32_ED_STATUS_TRANSFER                          2u
  80:Middlewares/ST/usbx/common/usbx_stm32_device_controllers/ux_dcd_stm32.h **** #define UX_DCD_STM32_ED_STATUS_STALLED                           4u
  81:Middlewares/ST/usbx/common/usbx_stm32_device_controllers/ux_dcd_stm32.h **** #define UX_DCD_STM32_ED_STATUS_DONE                              8u
  82:Middlewares/ST/usbx/common/usbx_stm32_device_controllers/ux_dcd_stm32.h **** #define UX_DCD_STM32_ED_STATUS_SETUP_IN                          (1u<<8)
  83:Middlewares/ST/usbx/common/usbx_stm32_device_controllers/ux_dcd_stm32.h **** #define UX_DCD_STM32_ED_STATUS_SETUP_STATUS                      (2u<<8)
  84:Middlewares/ST/usbx/common/usbx_stm32_device_controllers/ux_dcd_stm32.h **** #define UX_DCD_STM32_ED_STATUS_SETUP_OUT                         (3u<<8)
  85:Middlewares/ST/usbx/common/usbx_stm32_device_controllers/ux_dcd_stm32.h **** #define UX_DCD_STM32_ED_STATUS_SETUP                             (3u<<8)
  86:Middlewares/ST/usbx/common/usbx_stm32_device_controllers/ux_dcd_stm32.h **** #define UX_DCD_STM32_ED_STATUS_TASK_PENDING                      (1u<<10)
  87:Middlewares/ST/usbx/common/usbx_stm32_device_controllers/ux_dcd_stm32.h **** 
  88:Middlewares/ST/usbx/common/usbx_stm32_device_controllers/ux_dcd_stm32.h **** /* Define USB STM32 physical endpoint state machine definition.  */
  89:Middlewares/ST/usbx/common/usbx_stm32_device_controllers/ux_dcd_stm32.h **** 
  90:Middlewares/ST/usbx/common/usbx_stm32_device_controllers/ux_dcd_stm32.h **** #define UX_DCD_STM32_ED_STATE_IDLE                               0
ARM GAS  C:\usertemp\ccXypgaZ.s 			page 5


  91:Middlewares/ST/usbx/common/usbx_stm32_device_controllers/ux_dcd_stm32.h **** #define UX_DCD_STM32_ED_STATE_DATA_TX                            1
  92:Middlewares/ST/usbx/common/usbx_stm32_device_controllers/ux_dcd_stm32.h **** #define UX_DCD_STM32_ED_STATE_DATA_RX                            2
  93:Middlewares/ST/usbx/common/usbx_stm32_device_controllers/ux_dcd_stm32.h **** #define UX_DCD_STM32_ED_STATE_STATUS_TX                          3
  94:Middlewares/ST/usbx/common/usbx_stm32_device_controllers/ux_dcd_stm32.h **** #define UX_DCD_STM32_ED_STATE_STATUS_RX                          4
  95:Middlewares/ST/usbx/common/usbx_stm32_device_controllers/ux_dcd_stm32.h **** 
  96:Middlewares/ST/usbx/common/usbx_stm32_device_controllers/ux_dcd_stm32.h **** /* Define USB STM32 device callback notification state definition.  */
  97:Middlewares/ST/usbx/common/usbx_stm32_device_controllers/ux_dcd_stm32.h **** 
  98:Middlewares/ST/usbx/common/usbx_stm32_device_controllers/ux_dcd_stm32.h **** #define UX_DCD_STM32_SOF_RECEIVED                                0xF0U
  99:Middlewares/ST/usbx/common/usbx_stm32_device_controllers/ux_dcd_stm32.h **** #define UX_DCD_STM32_DEVICE_CONNECTED                            0xF1U
 100:Middlewares/ST/usbx/common/usbx_stm32_device_controllers/ux_dcd_stm32.h **** #define UX_DCD_STM32_DEVICE_DISCONNECTED                         0xF2U
 101:Middlewares/ST/usbx/common/usbx_stm32_device_controllers/ux_dcd_stm32.h **** #define UX_DCD_STM32_DEVICE_RESUMED                              0xF3U
 102:Middlewares/ST/usbx/common/usbx_stm32_device_controllers/ux_dcd_stm32.h **** #define UX_DCD_STM32_DEVICE_SUSPENDED                            0xF4U
 103:Middlewares/ST/usbx/common/usbx_stm32_device_controllers/ux_dcd_stm32.h **** 
 104:Middlewares/ST/usbx/common/usbx_stm32_device_controllers/ux_dcd_stm32.h **** /* Define USB STM32 endpoint transfer status definition.  */
 105:Middlewares/ST/usbx/common/usbx_stm32_device_controllers/ux_dcd_stm32.h **** 
 106:Middlewares/ST/usbx/common/usbx_stm32_device_controllers/ux_dcd_stm32.h **** #define UX_DCD_STM32_ED_TRANSFER_STATUS_IDLE                     0
 107:Middlewares/ST/usbx/common/usbx_stm32_device_controllers/ux_dcd_stm32.h **** #define UX_DCD_STM32_ED_TRANSFER_STATUS_SETUP                    1
 108:Middlewares/ST/usbx/common/usbx_stm32_device_controllers/ux_dcd_stm32.h **** #define UX_DCD_STM32_ED_TRANSFER_STATUS_IN_COMPLETION            2
 109:Middlewares/ST/usbx/common/usbx_stm32_device_controllers/ux_dcd_stm32.h **** #define UX_DCD_STM32_ED_TRANSFER_STATUS_OUT_COMPLETION           3
 110:Middlewares/ST/usbx/common/usbx_stm32_device_controllers/ux_dcd_stm32.h **** 
 111:Middlewares/ST/usbx/common/usbx_stm32_device_controllers/ux_dcd_stm32.h **** /* Define USB STM32 physical endpoint structure.  */
 112:Middlewares/ST/usbx/common/usbx_stm32_device_controllers/ux_dcd_stm32.h **** 
 113:Middlewares/ST/usbx/common/usbx_stm32_device_controllers/ux_dcd_stm32.h **** typedef struct UX_DCD_STM32_ED_STRUCT
 114:Middlewares/ST/usbx/common/usbx_stm32_device_controllers/ux_dcd_stm32.h **** {
 115:Middlewares/ST/usbx/common/usbx_stm32_device_controllers/ux_dcd_stm32.h ****     struct UX_SLAVE_ENDPOINT_STRUCT
 116:Middlewares/ST/usbx/common/usbx_stm32_device_controllers/ux_dcd_stm32.h ****                     *ux_dcd_stm32_ed_endpoint;
 117:Middlewares/ST/usbx/common/usbx_stm32_device_controllers/ux_dcd_stm32.h ****     ULONG           ux_dcd_stm32_ed_status;
 118:Middlewares/ST/usbx/common/usbx_stm32_device_controllers/ux_dcd_stm32.h ****     UCHAR           ux_dcd_stm32_ed_state;
 119:Middlewares/ST/usbx/common/usbx_stm32_device_controllers/ux_dcd_stm32.h ****     UCHAR           ux_dcd_stm32_ed_index;
 120:Middlewares/ST/usbx/common/usbx_stm32_device_controllers/ux_dcd_stm32.h ****     UCHAR           ux_dcd_stm32_ed_direction;
 121:Middlewares/ST/usbx/common/usbx_stm32_device_controllers/ux_dcd_stm32.h ****     UCHAR           reserved;
 122:Middlewares/ST/usbx/common/usbx_stm32_device_controllers/ux_dcd_stm32.h **** } UX_DCD_STM32_ED;
 123:Middlewares/ST/usbx/common/usbx_stm32_device_controllers/ux_dcd_stm32.h **** 
 124:Middlewares/ST/usbx/common/usbx_stm32_device_controllers/ux_dcd_stm32.h **** 
 125:Middlewares/ST/usbx/common/usbx_stm32_device_controllers/ux_dcd_stm32.h **** /* Define USB STM32 DCD structure definition.  */
 126:Middlewares/ST/usbx/common/usbx_stm32_device_controllers/ux_dcd_stm32.h **** 
 127:Middlewares/ST/usbx/common/usbx_stm32_device_controllers/ux_dcd_stm32.h **** typedef struct UX_DCD_STM32_STRUCT
 128:Middlewares/ST/usbx/common/usbx_stm32_device_controllers/ux_dcd_stm32.h **** {
 129:Middlewares/ST/usbx/common/usbx_stm32_device_controllers/ux_dcd_stm32.h **** 
 130:Middlewares/ST/usbx/common/usbx_stm32_device_controllers/ux_dcd_stm32.h ****     struct UX_SLAVE_DCD_STRUCT
 131:Middlewares/ST/usbx/common/usbx_stm32_device_controllers/ux_dcd_stm32.h ****                         *ux_dcd_stm32_dcd_owner;
 132:Middlewares/ST/usbx/common/usbx_stm32_device_controllers/ux_dcd_stm32.h ****     struct UX_DCD_STM32_ED_STRUCT
 133:Middlewares/ST/usbx/common/usbx_stm32_device_controllers/ux_dcd_stm32.h ****                         ux_dcd_stm32_ed[UX_DCD_STM32_MAX_ED];
 134:Middlewares/ST/usbx/common/usbx_stm32_device_controllers/ux_dcd_stm32.h **** #if defined(UX_DEVICE_BIDIRECTIONAL_ENDPOINT_SUPPORT)
 135:Middlewares/ST/usbx/common/usbx_stm32_device_controllers/ux_dcd_stm32.h ****     struct UX_DCD_STM32_ED_STRUCT
 136:Middlewares/ST/usbx/common/usbx_stm32_device_controllers/ux_dcd_stm32.h ****                         ux_dcd_stm32_ed_in[UX_DCD_STM32_MAX_ED];
 137:Middlewares/ST/usbx/common/usbx_stm32_device_controllers/ux_dcd_stm32.h **** #endif /* defined(UX_DEVICE_BIDIRECTIONAL_ENDPOINT_SUPPORT) */
 138:Middlewares/ST/usbx/common/usbx_stm32_device_controllers/ux_dcd_stm32.h ****     PCD_HandleTypeDef   *pcd_handle;
 139:Middlewares/ST/usbx/common/usbx_stm32_device_controllers/ux_dcd_stm32.h **** } UX_DCD_STM32;
 140:Middlewares/ST/usbx/common/usbx_stm32_device_controllers/ux_dcd_stm32.h **** 
 141:Middlewares/ST/usbx/common/usbx_stm32_device_controllers/ux_dcd_stm32.h **** static inline struct UX_DCD_STM32_ED_STRUCT *_stm32_ed_get(UX_DCD_STM32 *dcd_stm32, ULONG ep_addr)
  53              		.loc 2 141 46 view .LVU7
  54              	.LBB5:
 142:Middlewares/ST/usbx/common/usbx_stm32_device_controllers/ux_dcd_stm32.h **** {
 143:Middlewares/ST/usbx/common/usbx_stm32_device_controllers/ux_dcd_stm32.h **** #if defined(UX_DEVICE_BIDIRECTIONAL_ENDPOINT_SUPPORT)
 144:Middlewares/ST/usbx/common/usbx_stm32_device_controllers/ux_dcd_stm32.h **** ULONG ep_dir = ep_addr & 0x80u;
  55              		.loc 2 144 1 view .LVU8
ARM GAS  C:\usertemp\ccXypgaZ.s 			page 6


 145:Middlewares/ST/usbx/common/usbx_stm32_device_controllers/ux_dcd_stm32.h **** #endif /* defined(UX_DEVICE_BIDIRECTIONAL_ENDPOINT_SUPPORT) */
 146:Middlewares/ST/usbx/common/usbx_stm32_device_controllers/ux_dcd_stm32.h **** ULONG ep_num = ep_addr & 0x7Fu;
  56              		.loc 2 146 1 view .LVU9
  57              		.loc 2 146 7 is_stmt 0 view .LVU10
  58 0004 02F07F03 		and	r3, r2, #127
  59              	.LVL2:
 147:Middlewares/ST/usbx/common/usbx_stm32_device_controllers/ux_dcd_stm32.h **** 
 148:Middlewares/ST/usbx/common/usbx_stm32_device_controllers/ux_dcd_stm32.h ****     if (ep_num >= UX_DCD_STM32_MAX_ED ||
  60              		.loc 2 148 5 is_stmt 1 view .LVU11
  61              		.loc 2 148 8 is_stmt 0 view .LVU12
  62 0008 052B     		cmp	r3, #5
  63 000a 33D8     		bhi	.L6
  64 000c 22F08004 		bic	r4, r2, #128
  65              	.LVL3:
 149:Middlewares/ST/usbx/common/usbx_stm32_device_controllers/ux_dcd_stm32.h ****         ep_num >= dcd_stm32->pcd_handle->Init.dev_endpoints)
  66              		.loc 2 149 28 view .LVU13
  67 0010 D0F89450 		ldr	r5, [r0, #148]
  68              		.loc 2 149 46 view .LVU14
  69 0014 2D79     		ldrb	r5, [r5, #4]	@ zero_extendqisi2
 148:Middlewares/ST/usbx/common/usbx_stm32_device_controllers/ux_dcd_stm32.h ****         ep_num >= dcd_stm32->pcd_handle->Init.dev_endpoints)
  70              		.loc 2 148 39 discriminator 1 view .LVU15
  71 0016 AB42     		cmp	r3, r5
  72 0018 2ED2     		bcs	.L7
 150:Middlewares/ST/usbx/common/usbx_stm32_device_controllers/ux_dcd_stm32.h ****         return(UX_NULL);
 151:Middlewares/ST/usbx/common/usbx_stm32_device_controllers/ux_dcd_stm32.h **** 
 152:Middlewares/ST/usbx/common/usbx_stm32_device_controllers/ux_dcd_stm32.h **** #if defined(UX_DEVICE_BIDIRECTIONAL_ENDPOINT_SUPPORT)
 153:Middlewares/ST/usbx/common/usbx_stm32_device_controllers/ux_dcd_stm32.h ****     if (ep_dir)
  73              		.loc 2 153 5 is_stmt 1 view .LVU16
  74              		.loc 2 153 8 is_stmt 0 view .LVU17
  75 001a 12F0800F 		tst	r2, #128
  76 001e 0CD1     		bne	.L11
 154:Middlewares/ST/usbx/common/usbx_stm32_device_controllers/ux_dcd_stm32.h ****         return(&dcd_stm32->ux_dcd_stm32_ed_in[ep_num]);
 155:Middlewares/ST/usbx/common/usbx_stm32_device_controllers/ux_dcd_stm32.h **** #endif /* defined(UX_DEVICE_BIDIRECTIONAL_ENDPOINT_SUPPORT) */
 156:Middlewares/ST/usbx/common/usbx_stm32_device_controllers/ux_dcd_stm32.h **** 
 157:Middlewares/ST/usbx/common/usbx_stm32_device_controllers/ux_dcd_stm32.h ****     return(&dcd_stm32->ux_dcd_stm32_ed[ep_num]);
  77              		.loc 2 157 5 is_stmt 1 view .LVU18
  78              		.loc 2 157 12 is_stmt 0 view .LVU19
  79 0020 03EB4303 		add	r3, r3, r3, lsl #1
  80              	.LVL4:
  81              		.loc 2 157 12 view .LVU20
  82 0024 00EB8303 		add	r3, r0, r3, lsl #2
  83 0028 0433     		adds	r3, r3, #4
  84              	.L4:
  85              	.LVL5:
  86              		.loc 2 157 12 view .LVU21
  87              	.LBE5:
  88              	.LBE4:
  88:Middlewares/ST/usbx/common/usbx_stm32_device_controllers/ux_dcd_stm32_endpoint_create.c **** 
  89:Middlewares/ST/usbx/common/usbx_stm32_device_controllers/ux_dcd_stm32_endpoint_create.c ****     if (ed == UX_NULL)
  89              		.loc 1 89 5 is_stmt 1 view .LVU22
  90              		.loc 1 89 8 is_stmt 0 view .LVU23
  91 002a 3BB3     		cbz	r3, .L8
  90:Middlewares/ST/usbx/common/usbx_stm32_device_controllers/ux_dcd_stm32_endpoint_create.c ****         return(UX_NO_ED_AVAILABLE);
  91:Middlewares/ST/usbx/common/usbx_stm32_device_controllers/ux_dcd_stm32_endpoint_create.c **** 
  92:Middlewares/ST/usbx/common/usbx_stm32_device_controllers/ux_dcd_stm32_endpoint_create.c ****     /* Check the endpoint status, if it is free, reserve it. If not reject this endpoint.  */
  93:Middlewares/ST/usbx/common/usbx_stm32_device_controllers/ux_dcd_stm32_endpoint_create.c ****     if ((ed -> ux_dcd_stm32_ed_status & UX_DCD_STM32_ED_STATUS_USED) == 0)
  92              		.loc 1 93 5 is_stmt 1 view .LVU24
ARM GAS  C:\usertemp\ccXypgaZ.s 			page 7


  93              		.loc 1 93 13 is_stmt 0 view .LVU25
  94 002c 5A68     		ldr	r2, [r3, #4]
  95              		.loc 1 93 8 view .LVU26
  96 002e 12F00105 		ands	r5, r2, #1
  97 0032 09D0     		beq	.L12
  94:Middlewares/ST/usbx/common/usbx_stm32_device_controllers/ux_dcd_stm32_endpoint_create.c ****     {
  95:Middlewares/ST/usbx/common/usbx_stm32_device_controllers/ux_dcd_stm32_endpoint_create.c **** 
  96:Middlewares/ST/usbx/common/usbx_stm32_device_controllers/ux_dcd_stm32_endpoint_create.c ****         /* We can use this endpoint.  */
  97:Middlewares/ST/usbx/common/usbx_stm32_device_controllers/ux_dcd_stm32_endpoint_create.c ****         ed -> ux_dcd_stm32_ed_status |=  UX_DCD_STM32_ED_STATUS_USED;
  98:Middlewares/ST/usbx/common/usbx_stm32_device_controllers/ux_dcd_stm32_endpoint_create.c **** 
  99:Middlewares/ST/usbx/common/usbx_stm32_device_controllers/ux_dcd_stm32_endpoint_create.c ****         /* Keep the physical endpoint address in the endpoint container.  */
 100:Middlewares/ST/usbx/common/usbx_stm32_device_controllers/ux_dcd_stm32_endpoint_create.c ****         endpoint -> ux_slave_endpoint_ed =  (VOID *) ed;
 101:Middlewares/ST/usbx/common/usbx_stm32_device_controllers/ux_dcd_stm32_endpoint_create.c **** 
 102:Middlewares/ST/usbx/common/usbx_stm32_device_controllers/ux_dcd_stm32_endpoint_create.c ****         /* Save the endpoint pointer.  */
 103:Middlewares/ST/usbx/common/usbx_stm32_device_controllers/ux_dcd_stm32_endpoint_create.c ****         ed -> ux_dcd_stm32_ed_endpoint =  endpoint;
 104:Middlewares/ST/usbx/common/usbx_stm32_device_controllers/ux_dcd_stm32_endpoint_create.c **** 
 105:Middlewares/ST/usbx/common/usbx_stm32_device_controllers/ux_dcd_stm32_endpoint_create.c ****         /* And its index.  */
 106:Middlewares/ST/usbx/common/usbx_stm32_device_controllers/ux_dcd_stm32_endpoint_create.c ****         ed -> ux_dcd_stm32_ed_index =  stm32_endpoint_index;
 107:Middlewares/ST/usbx/common/usbx_stm32_device_controllers/ux_dcd_stm32_endpoint_create.c **** 
 108:Middlewares/ST/usbx/common/usbx_stm32_device_controllers/ux_dcd_stm32_endpoint_create.c ****         /* And its direction.  */
 109:Middlewares/ST/usbx/common/usbx_stm32_device_controllers/ux_dcd_stm32_endpoint_create.c ****         ed -> ux_dcd_stm32_ed_direction =  endpoint -> ux_slave_endpoint_descriptor.bEndpointAddres
 110:Middlewares/ST/usbx/common/usbx_stm32_device_controllers/ux_dcd_stm32_endpoint_create.c **** 
 111:Middlewares/ST/usbx/common/usbx_stm32_device_controllers/ux_dcd_stm32_endpoint_create.c ****         /* Check if it is non-control endpoint.  */
 112:Middlewares/ST/usbx/common/usbx_stm32_device_controllers/ux_dcd_stm32_endpoint_create.c ****         if (stm32_endpoint_index != 0)
 113:Middlewares/ST/usbx/common/usbx_stm32_device_controllers/ux_dcd_stm32_endpoint_create.c ****         {
 114:Middlewares/ST/usbx/common/usbx_stm32_device_controllers/ux_dcd_stm32_endpoint_create.c **** 
 115:Middlewares/ST/usbx/common/usbx_stm32_device_controllers/ux_dcd_stm32_endpoint_create.c ****             /* Open the endpoint.  */
 116:Middlewares/ST/usbx/common/usbx_stm32_device_controllers/ux_dcd_stm32_endpoint_create.c ****             HAL_PCD_EP_Open(dcd_stm32 -> pcd_handle, endpoint -> ux_slave_endpoint_descriptor.bEndp
 117:Middlewares/ST/usbx/common/usbx_stm32_device_controllers/ux_dcd_stm32_endpoint_create.c ****                             endpoint -> ux_slave_endpoint_descriptor.wMaxPacketSize,
 118:Middlewares/ST/usbx/common/usbx_stm32_device_controllers/ux_dcd_stm32_endpoint_create.c ****                             endpoint -> ux_slave_endpoint_descriptor.bmAttributes & UX_MASK_ENDPOIN
 119:Middlewares/ST/usbx/common/usbx_stm32_device_controllers/ux_dcd_stm32_endpoint_create.c ****         }
 120:Middlewares/ST/usbx/common/usbx_stm32_device_controllers/ux_dcd_stm32_endpoint_create.c **** 
 121:Middlewares/ST/usbx/common/usbx_stm32_device_controllers/ux_dcd_stm32_endpoint_create.c ****         /* Return successful completion.  */
 122:Middlewares/ST/usbx/common/usbx_stm32_device_controllers/ux_dcd_stm32_endpoint_create.c ****         return(UX_SUCCESS);
 123:Middlewares/ST/usbx/common/usbx_stm32_device_controllers/ux_dcd_stm32_endpoint_create.c ****     }
 124:Middlewares/ST/usbx/common/usbx_stm32_device_controllers/ux_dcd_stm32_endpoint_create.c **** 
 125:Middlewares/ST/usbx/common/usbx_stm32_device_controllers/ux_dcd_stm32_endpoint_create.c ****     /* Return an error.  */
 126:Middlewares/ST/usbx/common/usbx_stm32_device_controllers/ux_dcd_stm32_endpoint_create.c ****     return(UX_NO_ED_AVAILABLE);
  98              		.loc 1 126 11 view .LVU27
  99 0034 1425     		movs	r5, #20
 100              	.LVL6:
 101              	.L1:
 127:Middlewares/ST/usbx/common/usbx_stm32_device_controllers/ux_dcd_stm32_endpoint_create.c **** }
 102              		.loc 1 127 1 view .LVU28
 103 0036 2846     		mov	r0, r5
 104 0038 38BD     		pop	{r3, r4, r5, pc}
 105              	.LVL7:
 106              	.L11:
 107              	.LBB7:
 108              	.LBB6:
 154:Middlewares/ST/usbx/common/usbx_stm32_device_controllers/ux_dcd_stm32.h **** #endif /* defined(UX_DEVICE_BIDIRECTIONAL_ENDPOINT_SUPPORT) */
 109              		.loc 2 154 9 is_stmt 1 view .LVU29
 154:Middlewares/ST/usbx/common/usbx_stm32_device_controllers/ux_dcd_stm32.h **** #endif /* defined(UX_DEVICE_BIDIRECTIONAL_ENDPOINT_SUPPORT) */
 110              		.loc 2 154 16 is_stmt 0 view .LVU30
 111 003a 03EB4303 		add	r3, r3, r3, lsl #1
 112              	.LVL8:
 154:Middlewares/ST/usbx/common/usbx_stm32_device_controllers/ux_dcd_stm32.h **** #endif /* defined(UX_DEVICE_BIDIRECTIONAL_ENDPOINT_SUPPORT) */
ARM GAS  C:\usertemp\ccXypgaZ.s 			page 8


 113              		.loc 2 154 16 view .LVU31
 114 003e 9B00     		lsls	r3, r3, #2
 115 0040 4833     		adds	r3, r3, #72
 116 0042 0344     		add	r3, r3, r0
 117 0044 0433     		adds	r3, r3, #4
 118 0046 F0E7     		b	.L4
 119              	.LVL9:
 120              	.L12:
 154:Middlewares/ST/usbx/common/usbx_stm32_device_controllers/ux_dcd_stm32.h **** #endif /* defined(UX_DEVICE_BIDIRECTIONAL_ENDPOINT_SUPPORT) */
 121              		.loc 2 154 16 view .LVU32
 122              	.LBE6:
 123              	.LBE7:
  97:Middlewares/ST/usbx/common/usbx_stm32_device_controllers/ux_dcd_stm32_endpoint_create.c **** 
 124              		.loc 1 97 9 is_stmt 1 view .LVU33
  97:Middlewares/ST/usbx/common/usbx_stm32_device_controllers/ux_dcd_stm32_endpoint_create.c **** 
 125              		.loc 1 97 38 is_stmt 0 view .LVU34
 126 0048 42F00102 		orr	r2, r2, #1
 127 004c 5A60     		str	r2, [r3, #4]
 100:Middlewares/ST/usbx/common/usbx_stm32_device_controllers/ux_dcd_stm32_endpoint_create.c **** 
 128              		.loc 1 100 9 is_stmt 1 view .LVU35
 100:Middlewares/ST/usbx/common/usbx_stm32_device_controllers/ux_dcd_stm32_endpoint_create.c **** 
 129              		.loc 1 100 42 is_stmt 0 view .LVU36
 130 004e 8B60     		str	r3, [r1, #8]
 103:Middlewares/ST/usbx/common/usbx_stm32_device_controllers/ux_dcd_stm32_endpoint_create.c **** 
 131              		.loc 1 103 9 is_stmt 1 view .LVU37
 103:Middlewares/ST/usbx/common/usbx_stm32_device_controllers/ux_dcd_stm32_endpoint_create.c **** 
 132              		.loc 1 103 40 is_stmt 0 view .LVU38
 133 0050 1960     		str	r1, [r3]
 106:Middlewares/ST/usbx/common/usbx_stm32_device_controllers/ux_dcd_stm32_endpoint_create.c **** 
 134              		.loc 1 106 9 is_stmt 1 view .LVU39
 106:Middlewares/ST/usbx/common/usbx_stm32_device_controllers/ux_dcd_stm32_endpoint_create.c **** 
 135              		.loc 1 106 37 is_stmt 0 view .LVU40
 136 0052 5C72     		strb	r4, [r3, #9]
 109:Middlewares/ST/usbx/common/usbx_stm32_device_controllers/ux_dcd_stm32_endpoint_create.c **** 
 137              		.loc 1 109 9 is_stmt 1 view .LVU41
 109:Middlewares/ST/usbx/common/usbx_stm32_device_controllers/ux_dcd_stm32_endpoint_create.c **** 
 138              		.loc 1 109 84 is_stmt 0 view .LVU42
 139 0054 8A7B     		ldrb	r2, [r1, #14]	@ zero_extendqisi2
 109:Middlewares/ST/usbx/common/usbx_stm32_device_controllers/ux_dcd_stm32_endpoint_create.c **** 
 140              		.loc 1 109 102 view .LVU43
 141 0056 02F08002 		and	r2, r2, #128
 109:Middlewares/ST/usbx/common/usbx_stm32_device_controllers/ux_dcd_stm32_endpoint_create.c **** 
 142              		.loc 1 109 41 view .LVU44
 143 005a 9A72     		strb	r2, [r3, #10]
 112:Middlewares/ST/usbx/common/usbx_stm32_device_controllers/ux_dcd_stm32_endpoint_create.c ****         {
 144              		.loc 1 112 9 is_stmt 1 view .LVU45
 112:Middlewares/ST/usbx/common/usbx_stm32_device_controllers/ux_dcd_stm32_endpoint_create.c ****         {
 145              		.loc 1 112 12 is_stmt 0 view .LVU46
 146 005c 002C     		cmp	r4, #0
 147 005e EAD0     		beq	.L1
 116:Middlewares/ST/usbx/common/usbx_stm32_device_controllers/ux_dcd_stm32_endpoint_create.c ****                             endpoint -> ux_slave_endpoint_descriptor.wMaxPacketSize,
 148              		.loc 1 116 13 is_stmt 1 view .LVU47
 118:Middlewares/ST/usbx/common/usbx_stm32_device_controllers/ux_dcd_stm32_endpoint_create.c ****         }
 149              		.loc 1 118 69 is_stmt 0 view .LVU48
 150 0060 CB7B     		ldrb	r3, [r1, #15]	@ zero_extendqisi2
 151              	.LVL10:
 116:Middlewares/ST/usbx/common/usbx_stm32_device_controllers/ux_dcd_stm32_endpoint_create.c ****                             endpoint -> ux_slave_endpoint_descriptor.wMaxPacketSize,
ARM GAS  C:\usertemp\ccXypgaZ.s 			page 9


 152              		.loc 1 116 13 view .LVU49
 153 0062 03F00303 		and	r3, r3, #3
 154 0066 0A8A     		ldrh	r2, [r1, #16]
 155 0068 897B     		ldrb	r1, [r1, #14]	@ zero_extendqisi2
 156              	.LVL11:
 116:Middlewares/ST/usbx/common/usbx_stm32_device_controllers/ux_dcd_stm32_endpoint_create.c ****                             endpoint -> ux_slave_endpoint_descriptor.wMaxPacketSize,
 157              		.loc 1 116 13 view .LVU50
 158 006a D0F89400 		ldr	r0, [r0, #148]
 159              	.LVL12:
 116:Middlewares/ST/usbx/common/usbx_stm32_device_controllers/ux_dcd_stm32_endpoint_create.c ****                             endpoint -> ux_slave_endpoint_descriptor.wMaxPacketSize,
 160              		.loc 1 116 13 view .LVU51
 161 006e FFF7FEFF 		bl	HAL_PCD_EP_Open
 162              	.LVL13:
 122:Middlewares/ST/usbx/common/usbx_stm32_device_controllers/ux_dcd_stm32_endpoint_create.c ****     }
 163              		.loc 1 122 9 is_stmt 1 view .LVU52
 122:Middlewares/ST/usbx/common/usbx_stm32_device_controllers/ux_dcd_stm32_endpoint_create.c ****     }
 164              		.loc 1 122 15 is_stmt 0 view .LVU53
 165 0072 E0E7     		b	.L1
 166              	.LVL14:
 167              	.L6:
  90:Middlewares/ST/usbx/common/usbx_stm32_device_controllers/ux_dcd_stm32_endpoint_create.c **** 
 168              		.loc 1 90 15 view .LVU54
 169 0074 1425     		movs	r5, #20
 170 0076 DEE7     		b	.L1
 171              	.LVL15:
 172              	.L7:
  90:Middlewares/ST/usbx/common/usbx_stm32_device_controllers/ux_dcd_stm32_endpoint_create.c **** 
 173              		.loc 1 90 15 view .LVU55
 174 0078 1425     		movs	r5, #20
 175 007a DCE7     		b	.L1
 176              	.LVL16:
 177              	.L8:
  90:Middlewares/ST/usbx/common/usbx_stm32_device_controllers/ux_dcd_stm32_endpoint_create.c **** 
 178              		.loc 1 90 15 view .LVU56
 179 007c 1425     		movs	r5, #20
 180 007e DAE7     		b	.L1
 181              		.cfi_endproc
 182              	.LFE169:
 184              		.text
 185              	.Letext0:
 186              		.file 3 "D:/armtoolchain/arm-gnu-toolchain-13.3.rel1-mingw-w64-i686-arm-none-eabi/arm-none-eabi/in
 187              		.file 4 "Middlewares/ST/threadx/ports/cortex_m33/gnu/inc/tx_port.h"
 188              		.file 5 "Middlewares/ST/threadx/common/inc/tx_api.h"
 189              		.file 6 "Middlewares/ST/usbx/common/core/inc/ux_api.h"
 190              		.file 7 "D:/armtoolchain/arm-gnu-toolchain-13.3.rel1-mingw-w64-i686-arm-none-eabi/arm-none-eabi/in
 191              		.file 8 "Drivers/CMSIS/Device/ST/STM32U5xx/Include/stm32u575xx.h"
 192              		.file 9 "Drivers/STM32U5xx_HAL_Driver/Inc/stm32u5xx_hal_def.h"
 193              		.file 10 "Drivers/STM32U5xx_HAL_Driver/Inc/stm32u5xx_ll_usb.h"
 194              		.file 11 "Drivers/STM32U5xx_HAL_Driver/Inc/stm32u5xx_hal_pcd.h"
ARM GAS  C:\usertemp\ccXypgaZ.s 			page 10


DEFINED SYMBOLS
                            *ABS*:00000000 ux_dcd_stm32_endpoint_create.c
C:\usertemp\ccXypgaZ.s:22     .text._ux_dcd_stm32_endpoint_create:00000000 $t
C:\usertemp\ccXypgaZ.s:28     .text._ux_dcd_stm32_endpoint_create:00000000 _ux_dcd_stm32_endpoint_create

UNDEFINED SYMBOLS
HAL_PCD_EP_Open
