ARM GAS  C:\usertemp\cc2qSJGq.s 			page 1


   1              		.cpu cortex-m33
   2              		.arch armv8-m.main
   3              		.fpu fpv4-sp-d16
   4              		.arch_extension dsp
   5              		.eabi_attribute 27, 1
   6              		.eabi_attribute 28, 1
   7              		.eabi_attribute 20, 1
   8              		.eabi_attribute 21, 1
   9              		.eabi_attribute 23, 3
  10              		.eabi_attribute 24, 1
  11              		.eabi_attribute 25, 1
  12              		.eabi_attribute 26, 1
  13              		.eabi_attribute 30, 1
  14              		.eabi_attribute 34, 1
  15              		.eabi_attribute 18, 4
  16              		.file	"ux_dcd_stm32_initialize_complete.c"
  17              		.text
  18              	.Ltext0:
  19              		.cfi_sections	.debug_frame
  20              		.file 1 "Middlewares/ST/usbx/common/usbx_stm32_device_controllers/ux_dcd_stm32_initialize_complete
  21              		.section	.text._ux_dcd_stm32_initialize_complete,"ax",%progbits
  22              		.align	1
  23              		.global	_ux_dcd_stm32_initialize_complete
  24              		.syntax unified
  25              		.thumb
  26              		.thumb_func
  28              	_ux_dcd_stm32_initialize_complete:
  29              	.LFB169:
   1:Middlewares/ST/usbx/common/usbx_stm32_device_controllers/ux_dcd_stm32_initialize_complete.c **** /**************************************************************************/
   2:Middlewares/ST/usbx/common/usbx_stm32_device_controllers/ux_dcd_stm32_initialize_complete.c **** /*                                                                        */
   3:Middlewares/ST/usbx/common/usbx_stm32_device_controllers/ux_dcd_stm32_initialize_complete.c **** /*       Copyright (c) Microsoft Corporation. All rights reserved.        */
   4:Middlewares/ST/usbx/common/usbx_stm32_device_controllers/ux_dcd_stm32_initialize_complete.c **** /*                                                                        */
   5:Middlewares/ST/usbx/common/usbx_stm32_device_controllers/ux_dcd_stm32_initialize_complete.c **** /*       This software is licensed under the Microsoft Software License   */
   6:Middlewares/ST/usbx/common/usbx_stm32_device_controllers/ux_dcd_stm32_initialize_complete.c **** /*       Terms for Microsoft Azure RTOS. Full text of the license can be  */
   7:Middlewares/ST/usbx/common/usbx_stm32_device_controllers/ux_dcd_stm32_initialize_complete.c **** /*       found in the LICENSE file at https://aka.ms/AzureRTOS_EULA       */
   8:Middlewares/ST/usbx/common/usbx_stm32_device_controllers/ux_dcd_stm32_initialize_complete.c **** /*       and in the root directory of this software.                      */
   9:Middlewares/ST/usbx/common/usbx_stm32_device_controllers/ux_dcd_stm32_initialize_complete.c **** /*                                                                        */
  10:Middlewares/ST/usbx/common/usbx_stm32_device_controllers/ux_dcd_stm32_initialize_complete.c **** /**************************************************************************/
  11:Middlewares/ST/usbx/common/usbx_stm32_device_controllers/ux_dcd_stm32_initialize_complete.c **** 
  12:Middlewares/ST/usbx/common/usbx_stm32_device_controllers/ux_dcd_stm32_initialize_complete.c **** 
  13:Middlewares/ST/usbx/common/usbx_stm32_device_controllers/ux_dcd_stm32_initialize_complete.c **** /**************************************************************************/
  14:Middlewares/ST/usbx/common/usbx_stm32_device_controllers/ux_dcd_stm32_initialize_complete.c **** /**************************************************************************/
  15:Middlewares/ST/usbx/common/usbx_stm32_device_controllers/ux_dcd_stm32_initialize_complete.c **** /**                                                                       */
  16:Middlewares/ST/usbx/common/usbx_stm32_device_controllers/ux_dcd_stm32_initialize_complete.c **** /** USBX Component                                                        */
  17:Middlewares/ST/usbx/common/usbx_stm32_device_controllers/ux_dcd_stm32_initialize_complete.c **** /**                                                                       */
  18:Middlewares/ST/usbx/common/usbx_stm32_device_controllers/ux_dcd_stm32_initialize_complete.c **** /**   STM32 Controller Driver                                             */
  19:Middlewares/ST/usbx/common/usbx_stm32_device_controllers/ux_dcd_stm32_initialize_complete.c **** /**                                                                       */
  20:Middlewares/ST/usbx/common/usbx_stm32_device_controllers/ux_dcd_stm32_initialize_complete.c **** /**************************************************************************/
  21:Middlewares/ST/usbx/common/usbx_stm32_device_controllers/ux_dcd_stm32_initialize_complete.c **** /**************************************************************************/
  22:Middlewares/ST/usbx/common/usbx_stm32_device_controllers/ux_dcd_stm32_initialize_complete.c **** 
  23:Middlewares/ST/usbx/common/usbx_stm32_device_controllers/ux_dcd_stm32_initialize_complete.c **** #define UX_SOURCE_CODE
  24:Middlewares/ST/usbx/common/usbx_stm32_device_controllers/ux_dcd_stm32_initialize_complete.c **** #define UX_DCD_STM32_SOURCE_CODE
  25:Middlewares/ST/usbx/common/usbx_stm32_device_controllers/ux_dcd_stm32_initialize_complete.c **** 
  26:Middlewares/ST/usbx/common/usbx_stm32_device_controllers/ux_dcd_stm32_initialize_complete.c **** 
  27:Middlewares/ST/usbx/common/usbx_stm32_device_controllers/ux_dcd_stm32_initialize_complete.c **** /* Include necessary system files.  */
  28:Middlewares/ST/usbx/common/usbx_stm32_device_controllers/ux_dcd_stm32_initialize_complete.c **** 
  29:Middlewares/ST/usbx/common/usbx_stm32_device_controllers/ux_dcd_stm32_initialize_complete.c **** #include "ux_api.h"
ARM GAS  C:\usertemp\cc2qSJGq.s 			page 2


  30:Middlewares/ST/usbx/common/usbx_stm32_device_controllers/ux_dcd_stm32_initialize_complete.c **** #include "ux_system.h"
  31:Middlewares/ST/usbx/common/usbx_stm32_device_controllers/ux_dcd_stm32_initialize_complete.c **** #include "ux_utility.h"
  32:Middlewares/ST/usbx/common/usbx_stm32_device_controllers/ux_dcd_stm32_initialize_complete.c **** #include "ux_dcd_stm32.h"
  33:Middlewares/ST/usbx/common/usbx_stm32_device_controllers/ux_dcd_stm32_initialize_complete.c **** #include "ux_device_stack.h"
  34:Middlewares/ST/usbx/common/usbx_stm32_device_controllers/ux_dcd_stm32_initialize_complete.c **** 
  35:Middlewares/ST/usbx/common/usbx_stm32_device_controllers/ux_dcd_stm32_initialize_complete.c **** 
  36:Middlewares/ST/usbx/common/usbx_stm32_device_controllers/ux_dcd_stm32_initialize_complete.c **** /**************************************************************************/
  37:Middlewares/ST/usbx/common/usbx_stm32_device_controllers/ux_dcd_stm32_initialize_complete.c **** /*                                                                        */
  38:Middlewares/ST/usbx/common/usbx_stm32_device_controllers/ux_dcd_stm32_initialize_complete.c **** /*  FUNCTION                                               RELEASE        */
  39:Middlewares/ST/usbx/common/usbx_stm32_device_controllers/ux_dcd_stm32_initialize_complete.c **** /*                                                                        */
  40:Middlewares/ST/usbx/common/usbx_stm32_device_controllers/ux_dcd_stm32_initialize_complete.c **** /*    _ux_dcd_stm32_initialize_complete                   PORTABLE C      */
  41:Middlewares/ST/usbx/common/usbx_stm32_device_controllers/ux_dcd_stm32_initialize_complete.c **** /*                                                           6.1          */
  42:Middlewares/ST/usbx/common/usbx_stm32_device_controllers/ux_dcd_stm32_initialize_complete.c **** /*  AUTHOR                                                                */
  43:Middlewares/ST/usbx/common/usbx_stm32_device_controllers/ux_dcd_stm32_initialize_complete.c **** /*                                                                        */
  44:Middlewares/ST/usbx/common/usbx_stm32_device_controllers/ux_dcd_stm32_initialize_complete.c **** /*    Chaoqiong Xiao, Microsoft Corporation                               */
  45:Middlewares/ST/usbx/common/usbx_stm32_device_controllers/ux_dcd_stm32_initialize_complete.c **** /*                                                                        */
  46:Middlewares/ST/usbx/common/usbx_stm32_device_controllers/ux_dcd_stm32_initialize_complete.c **** /*  DESCRIPTION                                                           */
  47:Middlewares/ST/usbx/common/usbx_stm32_device_controllers/ux_dcd_stm32_initialize_complete.c **** /*                                                                        */
  48:Middlewares/ST/usbx/common/usbx_stm32_device_controllers/ux_dcd_stm32_initialize_complete.c **** /*    This function completes the initialization of the USB slave         */
  49:Middlewares/ST/usbx/common/usbx_stm32_device_controllers/ux_dcd_stm32_initialize_complete.c **** /*    controller for the STM32 chip.                                      */
  50:Middlewares/ST/usbx/common/usbx_stm32_device_controllers/ux_dcd_stm32_initialize_complete.c **** /*                                                                        */
  51:Middlewares/ST/usbx/common/usbx_stm32_device_controllers/ux_dcd_stm32_initialize_complete.c **** /*  INPUT                                                                 */
  52:Middlewares/ST/usbx/common/usbx_stm32_device_controllers/ux_dcd_stm32_initialize_complete.c **** /*                                                                        */
  53:Middlewares/ST/usbx/common/usbx_stm32_device_controllers/ux_dcd_stm32_initialize_complete.c **** /*    None                                                                */
  54:Middlewares/ST/usbx/common/usbx_stm32_device_controllers/ux_dcd_stm32_initialize_complete.c **** /*                                                                        */
  55:Middlewares/ST/usbx/common/usbx_stm32_device_controllers/ux_dcd_stm32_initialize_complete.c **** /*  OUTPUT                                                                */
  56:Middlewares/ST/usbx/common/usbx_stm32_device_controllers/ux_dcd_stm32_initialize_complete.c **** /*                                                                        */
  57:Middlewares/ST/usbx/common/usbx_stm32_device_controllers/ux_dcd_stm32_initialize_complete.c **** /*    Completion Status                                                   */
  58:Middlewares/ST/usbx/common/usbx_stm32_device_controllers/ux_dcd_stm32_initialize_complete.c **** /*                                                                        */
  59:Middlewares/ST/usbx/common/usbx_stm32_device_controllers/ux_dcd_stm32_initialize_complete.c **** /*  CALLS                                                                 */
  60:Middlewares/ST/usbx/common/usbx_stm32_device_controllers/ux_dcd_stm32_initialize_complete.c **** /*                                                                        */
  61:Middlewares/ST/usbx/common/usbx_stm32_device_controllers/ux_dcd_stm32_initialize_complete.c **** /*    (ux_slave_dcd_function)               Process the DCD function      */
  62:Middlewares/ST/usbx/common/usbx_stm32_device_controllers/ux_dcd_stm32_initialize_complete.c **** /*    _ux_utility_descriptor_parse          Parse descriptor              */
  63:Middlewares/ST/usbx/common/usbx_stm32_device_controllers/ux_dcd_stm32_initialize_complete.c **** /*    _ux_utility_memory_allocate           Allocate memory               */
  64:Middlewares/ST/usbx/common/usbx_stm32_device_controllers/ux_dcd_stm32_initialize_complete.c **** /*                                                                        */
  65:Middlewares/ST/usbx/common/usbx_stm32_device_controllers/ux_dcd_stm32_initialize_complete.c **** /*  CALLED BY                                                             */
  66:Middlewares/ST/usbx/common/usbx_stm32_device_controllers/ux_dcd_stm32_initialize_complete.c **** /*                                                                        */
  67:Middlewares/ST/usbx/common/usbx_stm32_device_controllers/ux_dcd_stm32_initialize_complete.c **** /*    STM32 Controller Driver                                             */
  68:Middlewares/ST/usbx/common/usbx_stm32_device_controllers/ux_dcd_stm32_initialize_complete.c **** /*                                                                        */
  69:Middlewares/ST/usbx/common/usbx_stm32_device_controllers/ux_dcd_stm32_initialize_complete.c **** /*  RELEASE HISTORY                                                       */
  70:Middlewares/ST/usbx/common/usbx_stm32_device_controllers/ux_dcd_stm32_initialize_complete.c **** /*                                                                        */
  71:Middlewares/ST/usbx/common/usbx_stm32_device_controllers/ux_dcd_stm32_initialize_complete.c **** /*    DATE              NAME                      DESCRIPTION             */
  72:Middlewares/ST/usbx/common/usbx_stm32_device_controllers/ux_dcd_stm32_initialize_complete.c **** /*                                                                        */
  73:Middlewares/ST/usbx/common/usbx_stm32_device_controllers/ux_dcd_stm32_initialize_complete.c **** /*  05-19-2020     Chaoqiong Xiao           Initial Version 6.0           */
  74:Middlewares/ST/usbx/common/usbx_stm32_device_controllers/ux_dcd_stm32_initialize_complete.c **** /*  09-30-2020     Chaoqiong Xiao           Modified comment(s),          */
  75:Middlewares/ST/usbx/common/usbx_stm32_device_controllers/ux_dcd_stm32_initialize_complete.c **** /*                                            prefixed UX to MS_TO_TICK,  */
  76:Middlewares/ST/usbx/common/usbx_stm32_device_controllers/ux_dcd_stm32_initialize_complete.c **** /*                                            used ST HAL library to      */
  77:Middlewares/ST/usbx/common/usbx_stm32_device_controllers/ux_dcd_stm32_initialize_complete.c **** /*                                            drive the controller,       */
  78:Middlewares/ST/usbx/common/usbx_stm32_device_controllers/ux_dcd_stm32_initialize_complete.c **** /*                                            resulting in version 6.1    */
  79:Middlewares/ST/usbx/common/usbx_stm32_device_controllers/ux_dcd_stm32_initialize_complete.c **** /*                                                                        */
  80:Middlewares/ST/usbx/common/usbx_stm32_device_controllers/ux_dcd_stm32_initialize_complete.c **** /**************************************************************************/
  81:Middlewares/ST/usbx/common/usbx_stm32_device_controllers/ux_dcd_stm32_initialize_complete.c **** UINT  _ux_dcd_stm32_initialize_complete(VOID)
  82:Middlewares/ST/usbx/common/usbx_stm32_device_controllers/ux_dcd_stm32_initialize_complete.c **** {
  30              		.loc 1 82 1 view -0
  31              		.cfi_startproc
  32              		@ args = 0, pretend = 0, frame = 0
  33              		@ frame_needed = 0, uses_anonymous_args = 0
ARM GAS  C:\usertemp\cc2qSJGq.s 			page 3


  34 0000 38B5     		push	{r3, r4, r5, lr}
  35              	.LCFI0:
  36              		.cfi_def_cfa_offset 16
  37              		.cfi_offset 3, -16
  38              		.cfi_offset 4, -12
  39              		.cfi_offset 5, -8
  40              		.cfi_offset 14, -4
  83:Middlewares/ST/usbx/common/usbx_stm32_device_controllers/ux_dcd_stm32_initialize_complete.c **** 
  84:Middlewares/ST/usbx/common/usbx_stm32_device_controllers/ux_dcd_stm32_initialize_complete.c **** UX_SLAVE_DCD            *dcd;
  41              		.loc 1 84 1 view .LVU1
  85:Middlewares/ST/usbx/common/usbx_stm32_device_controllers/ux_dcd_stm32_initialize_complete.c **** UX_DCD_STM32            *dcd_stm32;
  42              		.loc 1 85 1 view .LVU2
  86:Middlewares/ST/usbx/common/usbx_stm32_device_controllers/ux_dcd_stm32_initialize_complete.c **** UX_SLAVE_DEVICE         *device;
  43              		.loc 1 86 1 view .LVU3
  87:Middlewares/ST/usbx/common/usbx_stm32_device_controllers/ux_dcd_stm32_initialize_complete.c **** UCHAR                     *device_framework;
  44              		.loc 1 87 1 view .LVU4
  88:Middlewares/ST/usbx/common/usbx_stm32_device_controllers/ux_dcd_stm32_initialize_complete.c **** UX_SLAVE_TRANSFER       *transfer_request;
  45              		.loc 1 88 1 view .LVU5
  89:Middlewares/ST/usbx/common/usbx_stm32_device_controllers/ux_dcd_stm32_initialize_complete.c **** 
  90:Middlewares/ST/usbx/common/usbx_stm32_device_controllers/ux_dcd_stm32_initialize_complete.c **** 
  91:Middlewares/ST/usbx/common/usbx_stm32_device_controllers/ux_dcd_stm32_initialize_complete.c ****     /* Get the pointer to the DCD.  */
  92:Middlewares/ST/usbx/common/usbx_stm32_device_controllers/ux_dcd_stm32_initialize_complete.c ****     dcd =  &_ux_system_slave -> ux_system_slave_dcd;
  46              		.loc 1 92 5 view .LVU6
  47              		.loc 1 92 30 is_stmt 0 view .LVU7
  48 0002 364B     		ldr	r3, .L9
  49 0004 1C68     		ldr	r4, [r3]
  50              	.LVL0:
  93:Middlewares/ST/usbx/common/usbx_stm32_device_controllers/ux_dcd_stm32_initialize_complete.c **** 
  94:Middlewares/ST/usbx/common/usbx_stm32_device_controllers/ux_dcd_stm32_initialize_complete.c ****     /* Get the pointer to the STM32 DCD.  */
  95:Middlewares/ST/usbx/common/usbx_stm32_device_controllers/ux_dcd_stm32_initialize_complete.c ****     dcd_stm32 = (UX_DCD_STM32 *) dcd -> ux_slave_dcd_controller_hardware;
  51              		.loc 1 95 5 is_stmt 1 view .LVU8
  52              		.loc 1 95 15 is_stmt 0 view .LVU9
  53 0006 E569     		ldr	r5, [r4, #28]
  54              	.LVL1:
  96:Middlewares/ST/usbx/common/usbx_stm32_device_controllers/ux_dcd_stm32_initialize_complete.c **** 
  97:Middlewares/ST/usbx/common/usbx_stm32_device_controllers/ux_dcd_stm32_initialize_complete.c ****     /* Get the pointer to the device.  */
  98:Middlewares/ST/usbx/common/usbx_stm32_device_controllers/ux_dcd_stm32_initialize_complete.c ****     device =  &_ux_system_slave -> ux_system_slave_device;
  55              		.loc 1 98 5 is_stmt 1 view .LVU10
  99:Middlewares/ST/usbx/common/usbx_stm32_device_controllers/ux_dcd_stm32_initialize_complete.c **** 
 100:Middlewares/ST/usbx/common/usbx_stm32_device_controllers/ux_dcd_stm32_initialize_complete.c ****     /* Are we in DFU mode ? If so, check if we are in a Reset mode.  */
 101:Middlewares/ST/usbx/common/usbx_stm32_device_controllers/ux_dcd_stm32_initialize_complete.c ****     if (_ux_system_slave -> ux_system_slave_device_dfu_state_machine == UX_SYSTEM_DFU_STATE_APP_DET
  56              		.loc 1 101 5 view .LVU11
  57              		.loc 1 101 26 is_stmt 0 view .LVU12
  58 0008 D4F87031 		ldr	r3, [r4, #368]
  59              		.loc 1 101 8 view .LVU13
  60 000c 012B     		cmp	r3, #1
  61 000e 53D0     		beq	.L7
 102:Middlewares/ST/usbx/common/usbx_stm32_device_controllers/ux_dcd_stm32_initialize_complete.c ****     {
 103:Middlewares/ST/usbx/common/usbx_stm32_device_controllers/ux_dcd_stm32_initialize_complete.c **** 
 104:Middlewares/ST/usbx/common/usbx_stm32_device_controllers/ux_dcd_stm32_initialize_complete.c ****         /* The device is now in DFU reset mode. Switch to the DFU device framework.  */
 105:Middlewares/ST/usbx/common/usbx_stm32_device_controllers/ux_dcd_stm32_initialize_complete.c ****         _ux_system_slave -> ux_system_slave_device_framework =  _ux_system_slave -> ux_system_slave
 106:Middlewares/ST/usbx/common/usbx_stm32_device_controllers/ux_dcd_stm32_initialize_complete.c ****         _ux_system_slave -> ux_system_slave_device_framework_length =  _ux_system_slave -> ux_syste
 107:Middlewares/ST/usbx/common/usbx_stm32_device_controllers/ux_dcd_stm32_initialize_complete.c **** 
 108:Middlewares/ST/usbx/common/usbx_stm32_device_controllers/ux_dcd_stm32_initialize_complete.c ****     }
 109:Middlewares/ST/usbx/common/usbx_stm32_device_controllers/ux_dcd_stm32_initialize_complete.c ****     else
 110:Middlewares/ST/usbx/common/usbx_stm32_device_controllers/ux_dcd_stm32_initialize_complete.c ****     {
 111:Middlewares/ST/usbx/common/usbx_stm32_device_controllers/ux_dcd_stm32_initialize_complete.c **** 
ARM GAS  C:\usertemp\cc2qSJGq.s 			page 4


 112:Middlewares/ST/usbx/common/usbx_stm32_device_controllers/ux_dcd_stm32_initialize_complete.c ****         /* Set State to App Idle. */
 113:Middlewares/ST/usbx/common/usbx_stm32_device_controllers/ux_dcd_stm32_initialize_complete.c ****         _ux_system_slave -> ux_system_slave_device_dfu_state_machine = UX_SYSTEM_DFU_STATE_APP_IDLE
  62              		.loc 1 113 9 is_stmt 1 view .LVU14
  63              		.loc 1 113 70 is_stmt 0 view .LVU15
  64 0010 0023     		movs	r3, #0
  65 0012 C4F87031 		str	r3, [r4, #368]
 114:Middlewares/ST/usbx/common/usbx_stm32_device_controllers/ux_dcd_stm32_initialize_complete.c **** 
 115:Middlewares/ST/usbx/common/usbx_stm32_device_controllers/ux_dcd_stm32_initialize_complete.c ****         /* Check the speed and set the correct descriptor.  */
 116:Middlewares/ST/usbx/common/usbx_stm32_device_controllers/ux_dcd_stm32_initialize_complete.c ****         if (_ux_system_slave -> ux_system_slave_speed ==  UX_FULL_SPEED_DEVICE)
  66              		.loc 1 116 9 is_stmt 1 view .LVU16
  67              		.loc 1 116 30 is_stmt 0 view .LVU17
  68 0016 D4F85431 		ldr	r3, [r4, #340]
  69              		.loc 1 116 12 view .LVU18
  70 001a 012B     		cmp	r3, #1
  71 001c 55D0     		beq	.L8
 117:Middlewares/ST/usbx/common/usbx_stm32_device_controllers/ux_dcd_stm32_initialize_complete.c ****         {
 118:Middlewares/ST/usbx/common/usbx_stm32_device_controllers/ux_dcd_stm32_initialize_complete.c **** 
 119:Middlewares/ST/usbx/common/usbx_stm32_device_controllers/ux_dcd_stm32_initialize_complete.c ****             /* The device is operating at full speed.  */
 120:Middlewares/ST/usbx/common/usbx_stm32_device_controllers/ux_dcd_stm32_initialize_complete.c ****             _ux_system_slave -> ux_system_slave_device_framework =  _ux_system_slave -> ux_system_s
 121:Middlewares/ST/usbx/common/usbx_stm32_device_controllers/ux_dcd_stm32_initialize_complete.c ****             _ux_system_slave -> ux_system_slave_device_framework_length =  _ux_system_slave -> ux_s
 122:Middlewares/ST/usbx/common/usbx_stm32_device_controllers/ux_dcd_stm32_initialize_complete.c ****         }
 123:Middlewares/ST/usbx/common/usbx_stm32_device_controllers/ux_dcd_stm32_initialize_complete.c ****         else
 124:Middlewares/ST/usbx/common/usbx_stm32_device_controllers/ux_dcd_stm32_initialize_complete.c ****         {
 125:Middlewares/ST/usbx/common/usbx_stm32_device_controllers/ux_dcd_stm32_initialize_complete.c **** 
 126:Middlewares/ST/usbx/common/usbx_stm32_device_controllers/ux_dcd_stm32_initialize_complete.c ****             /* The device is operating at high speed.  */
 127:Middlewares/ST/usbx/common/usbx_stm32_device_controllers/ux_dcd_stm32_initialize_complete.c ****             _ux_system_slave -> ux_system_slave_device_framework =  _ux_system_slave -> ux_system_s
  72              		.loc 1 127 13 is_stmt 1 view .LVU19
  73              		.loc 1 127 86 is_stmt 0 view .LVU20
  74 001e D4F8F030 		ldr	r3, [r4, #240]
  75              		.loc 1 127 66 view .LVU21
  76 0022 C4F8E030 		str	r3, [r4, #224]
 128:Middlewares/ST/usbx/common/usbx_stm32_device_controllers/ux_dcd_stm32_initialize_complete.c ****             _ux_system_slave -> ux_system_slave_device_framework_length =  _ux_system_slave -> ux_s
  77              		.loc 1 128 13 is_stmt 1 view .LVU22
  78              		.loc 1 128 93 is_stmt 0 view .LVU23
  79 0026 D4F8F430 		ldr	r3, [r4, #244]
  80              		.loc 1 128 73 view .LVU24
  81 002a C4F8E430 		str	r3, [r4, #228]
  82              	.L3:
 129:Middlewares/ST/usbx/common/usbx_stm32_device_controllers/ux_dcd_stm32_initialize_complete.c ****         }
 130:Middlewares/ST/usbx/common/usbx_stm32_device_controllers/ux_dcd_stm32_initialize_complete.c ****     }
 131:Middlewares/ST/usbx/common/usbx_stm32_device_controllers/ux_dcd_stm32_initialize_complete.c **** 
 132:Middlewares/ST/usbx/common/usbx_stm32_device_controllers/ux_dcd_stm32_initialize_complete.c ****     /* Get the device framework pointer.  */
 133:Middlewares/ST/usbx/common/usbx_stm32_device_controllers/ux_dcd_stm32_initialize_complete.c ****     device_framework =  _ux_system_slave -> ux_system_slave_device_framework;
  83              		.loc 1 133 5 is_stmt 1 view .LVU25
  84              	.LVL2:
 134:Middlewares/ST/usbx/common/usbx_stm32_device_controllers/ux_dcd_stm32_initialize_complete.c **** 
 135:Middlewares/ST/usbx/common/usbx_stm32_device_controllers/ux_dcd_stm32_initialize_complete.c ****     /* And create the decompressed device descriptor structure.  */
 136:Middlewares/ST/usbx/common/usbx_stm32_device_controllers/ux_dcd_stm32_initialize_complete.c ****     _ux_utility_descriptor_parse(device_framework,
  85              		.loc 1 136 5 view .LVU26
  86 002e 04F12403 		add	r3, r4, #36
  87 0032 0E22     		movs	r2, #14
  88 0034 2A49     		ldr	r1, .L9+4
  89 0036 D4F8E000 		ldr	r0, [r4, #224]
  90 003a FFF7FEFF 		bl	_ux_utility_descriptor_parse
  91              	.LVL3:
 137:Middlewares/ST/usbx/common/usbx_stm32_device_controllers/ux_dcd_stm32_initialize_complete.c ****                                 _ux_system_device_descriptor_structure,
 138:Middlewares/ST/usbx/common/usbx_stm32_device_controllers/ux_dcd_stm32_initialize_complete.c ****                                 UX_DEVICE_DESCRIPTOR_ENTRIES,
ARM GAS  C:\usertemp\cc2qSJGq.s 			page 5


 139:Middlewares/ST/usbx/common/usbx_stm32_device_controllers/ux_dcd_stm32_initialize_complete.c ****                                 (UCHAR *) &device -> ux_slave_device_descriptor);
 140:Middlewares/ST/usbx/common/usbx_stm32_device_controllers/ux_dcd_stm32_initialize_complete.c **** 
 141:Middlewares/ST/usbx/common/usbx_stm32_device_controllers/ux_dcd_stm32_initialize_complete.c ****     /* Now we create a transfer request to accept the first SETUP packet
 142:Middlewares/ST/usbx/common/usbx_stm32_device_controllers/ux_dcd_stm32_initialize_complete.c ****        and get the ball running. First get the address of the endpoint
 143:Middlewares/ST/usbx/common/usbx_stm32_device_controllers/ux_dcd_stm32_initialize_complete.c ****        transfer request container.  */
 144:Middlewares/ST/usbx/common/usbx_stm32_device_controllers/ux_dcd_stm32_initialize_complete.c ****     transfer_request =  &device -> ux_slave_device_control_endpoint.ux_slave_endpoint_transfer_requ
  92              		.loc 1 144 5 view .LVU27
 145:Middlewares/ST/usbx/common/usbx_stm32_device_controllers/ux_dcd_stm32_initialize_complete.c **** 
 146:Middlewares/ST/usbx/common/usbx_stm32_device_controllers/ux_dcd_stm32_initialize_complete.c ****     /* Set the timeout to be for Control Endpoint.  */
 147:Middlewares/ST/usbx/common/usbx_stm32_device_controllers/ux_dcd_stm32_initialize_complete.c ****     transfer_request -> ux_slave_transfer_request_timeout =  UX_MS_TO_TICK(UX_CONTROL_TRANSFER_TIME
  93              		.loc 1 147 5 view .LVU28
  94              		.loc 1 147 59 is_stmt 0 view .LVU29
  95 003e 4FF47A73 		mov	r3, #1000
  96 0042 C4F8A430 		str	r3, [r4, #164]
 148:Middlewares/ST/usbx/common/usbx_stm32_device_controllers/ux_dcd_stm32_initialize_complete.c **** 
 149:Middlewares/ST/usbx/common/usbx_stm32_device_controllers/ux_dcd_stm32_initialize_complete.c ****     /* Adjust the current data pointer as well.  */
 150:Middlewares/ST/usbx/common/usbx_stm32_device_controllers/ux_dcd_stm32_initialize_complete.c ****     transfer_request -> ux_slave_transfer_request_current_data_pointer =
  97              		.loc 1 150 5 is_stmt 1 view .LVU30
 151:Middlewares/ST/usbx/common/usbx_stm32_device_controllers/ux_dcd_stm32_initialize_complete.c ****                             transfer_request -> ux_slave_transfer_request_data_pointer;
  98              		.loc 1 151 46 is_stmt 0 view .LVU31
  99 0046 636E     		ldr	r3, [r4, #100]
 150:Middlewares/ST/usbx/common/usbx_stm32_device_controllers/ux_dcd_stm32_initialize_complete.c ****                             transfer_request -> ux_slave_transfer_request_data_pointer;
 100              		.loc 1 150 72 view .LVU32
 101 0048 A366     		str	r3, [r4, #104]
 152:Middlewares/ST/usbx/common/usbx_stm32_device_controllers/ux_dcd_stm32_initialize_complete.c **** 
 153:Middlewares/ST/usbx/common/usbx_stm32_device_controllers/ux_dcd_stm32_initialize_complete.c ****     /* Update the transfer request endpoint pointer with the default endpoint.  */
 154:Middlewares/ST/usbx/common/usbx_stm32_device_controllers/ux_dcd_stm32_initialize_complete.c ****     transfer_request -> ux_slave_transfer_request_endpoint =  &device -> ux_slave_device_control_en
 102              		.loc 1 154 5 is_stmt 1 view .LVU33
 103              		.loc 1 154 63 is_stmt 0 view .LVU34
 104 004a 04F13802 		add	r2, r4, #56
 105              		.loc 1 154 60 view .LVU35
 106 004e 2266     		str	r2, [r4, #96]
 155:Middlewares/ST/usbx/common/usbx_stm32_device_controllers/ux_dcd_stm32_initialize_complete.c **** 
 156:Middlewares/ST/usbx/common/usbx_stm32_device_controllers/ux_dcd_stm32_initialize_complete.c ****     /* The control endpoint max packet size needs to be filled manually in its descriptor.  */
 157:Middlewares/ST/usbx/common/usbx_stm32_device_controllers/ux_dcd_stm32_initialize_complete.c ****     transfer_request -> ux_slave_transfer_request_endpoint -> ux_slave_endpoint_descriptor.wMaxPack
 107              		.loc 1 157 5 is_stmt 1 view .LVU36
 158:Middlewares/ST/usbx/common/usbx_stm32_device_controllers/ux_dcd_stm32_initialize_complete.c ****                                 device -> ux_slave_device_descriptor.bMaxPacketSize0;
 108              		.loc 1 158 69 is_stmt 0 view .LVU37
 109 0050 94F82B30 		ldrb	r3, [r4, #43]	@ zero_extendqisi2
 157:Middlewares/ST/usbx/common/usbx_stm32_device_controllers/ux_dcd_stm32_initialize_complete.c ****                                 device -> ux_slave_device_descriptor.bMaxPacketSize0;
 110              		.loc 1 157 107 view .LVU38
 111 0054 1382     		strh	r3, [r2, #16]	@ movhi
 159:Middlewares/ST/usbx/common/usbx_stm32_device_controllers/ux_dcd_stm32_initialize_complete.c **** 
 160:Middlewares/ST/usbx/common/usbx_stm32_device_controllers/ux_dcd_stm32_initialize_complete.c ****     /* On the control endpoint, always expect the maximum.  */
 161:Middlewares/ST/usbx/common/usbx_stm32_device_controllers/ux_dcd_stm32_initialize_complete.c ****     transfer_request -> ux_slave_transfer_request_requested_length =
 112              		.loc 1 161 5 is_stmt 1 view .LVU39
 113              		.loc 1 161 68 is_stmt 0 view .LVU40
 114 0056 E366     		str	r3, [r4, #108]
 162:Middlewares/ST/usbx/common/usbx_stm32_device_controllers/ux_dcd_stm32_initialize_complete.c ****                                 device -> ux_slave_device_descriptor.bMaxPacketSize0;
 163:Middlewares/ST/usbx/common/usbx_stm32_device_controllers/ux_dcd_stm32_initialize_complete.c **** 
 164:Middlewares/ST/usbx/common/usbx_stm32_device_controllers/ux_dcd_stm32_initialize_complete.c ****     /* Attach the control endpoint to the transfer request.  */
 165:Middlewares/ST/usbx/common/usbx_stm32_device_controllers/ux_dcd_stm32_initialize_complete.c ****     transfer_request -> ux_slave_transfer_request_endpoint =  &device -> ux_slave_device_control_en
 115              		.loc 1 165 5 is_stmt 1 view .LVU41
 166:Middlewares/ST/usbx/common/usbx_stm32_device_controllers/ux_dcd_stm32_initialize_complete.c **** 
 167:Middlewares/ST/usbx/common/usbx_stm32_device_controllers/ux_dcd_stm32_initialize_complete.c ****     /* Create the default control endpoint attached to the device.
 168:Middlewares/ST/usbx/common/usbx_stm32_device_controllers/ux_dcd_stm32_initialize_complete.c ****        Once this endpoint is enabled, the host can then send a setup packet
 169:Middlewares/ST/usbx/common/usbx_stm32_device_controllers/ux_dcd_stm32_initialize_complete.c ****        The device controller will receive it and will call the setup function
ARM GAS  C:\usertemp\cc2qSJGq.s 			page 6


 170:Middlewares/ST/usbx/common/usbx_stm32_device_controllers/ux_dcd_stm32_initialize_complete.c ****        module.  */
 171:Middlewares/ST/usbx/common/usbx_stm32_device_controllers/ux_dcd_stm32_initialize_complete.c ****     dcd -> ux_slave_dcd_function(dcd, UX_DCD_CREATE_ENDPOINT,
 116              		.loc 1 171 5 view .LVU42
 117              		.loc 1 171 9 is_stmt 0 view .LVU43
 118 0058 A369     		ldr	r3, [r4, #24]
 119              		.loc 1 171 5 view .LVU44
 120 005a 0E21     		movs	r1, #14
 121 005c 2046     		mov	r0, r4
 122 005e 9847     		blx	r3
 123              	.LVL4:
 172:Middlewares/ST/usbx/common/usbx_stm32_device_controllers/ux_dcd_stm32_initialize_complete.c ****                                     (VOID *) &device -> ux_slave_device_control_endpoint);
 173:Middlewares/ST/usbx/common/usbx_stm32_device_controllers/ux_dcd_stm32_initialize_complete.c **** 
 174:Middlewares/ST/usbx/common/usbx_stm32_device_controllers/ux_dcd_stm32_initialize_complete.c ****     /* Open Control OUT endpoint.  */
 175:Middlewares/ST/usbx/common/usbx_stm32_device_controllers/ux_dcd_stm32_initialize_complete.c ****     HAL_PCD_EP_Flush(dcd_stm32 -> pcd_handle, 0x00U);
 124              		.loc 1 175 5 is_stmt 1 view .LVU45
 125 0060 0021     		movs	r1, #0
 126 0062 D5F89400 		ldr	r0, [r5, #148]
 127 0066 FFF7FEFF 		bl	HAL_PCD_EP_Flush
 128              	.LVL5:
 176:Middlewares/ST/usbx/common/usbx_stm32_device_controllers/ux_dcd_stm32_initialize_complete.c ****     HAL_PCD_EP_Open(dcd_stm32 -> pcd_handle, 0x00U, device -> ux_slave_device_descriptor.bMaxPacket
 129              		.loc 1 176 5 view .LVU46
 130 006a 0023     		movs	r3, #0
 131 006c 94F82B20 		ldrb	r2, [r4, #43]	@ zero_extendqisi2
 132 0070 1946     		mov	r1, r3
 133 0072 D5F89400 		ldr	r0, [r5, #148]
 134 0076 FFF7FEFF 		bl	HAL_PCD_EP_Open
 135              	.LVL6:
 177:Middlewares/ST/usbx/common/usbx_stm32_device_controllers/ux_dcd_stm32_initialize_complete.c **** 
 178:Middlewares/ST/usbx/common/usbx_stm32_device_controllers/ux_dcd_stm32_initialize_complete.c ****     /* Open Control IN endpoint.  */
 179:Middlewares/ST/usbx/common/usbx_stm32_device_controllers/ux_dcd_stm32_initialize_complete.c ****     HAL_PCD_EP_Flush(dcd_stm32 -> pcd_handle, 0x80U);
 136              		.loc 1 179 5 view .LVU47
 137 007a 8021     		movs	r1, #128
 138 007c D5F89400 		ldr	r0, [r5, #148]
 139 0080 FFF7FEFF 		bl	HAL_PCD_EP_Flush
 140              	.LVL7:
 180:Middlewares/ST/usbx/common/usbx_stm32_device_controllers/ux_dcd_stm32_initialize_complete.c ****     HAL_PCD_EP_Open(dcd_stm32 -> pcd_handle, 0x80U, device -> ux_slave_device_descriptor.bMaxPacket
 141              		.loc 1 180 5 view .LVU48
 142 0084 0023     		movs	r3, #0
 143 0086 94F82B20 		ldrb	r2, [r4, #43]	@ zero_extendqisi2
 144 008a 8021     		movs	r1, #128
 145 008c D5F89400 		ldr	r0, [r5, #148]
 146 0090 FFF7FEFF 		bl	HAL_PCD_EP_Open
 147              	.LVL8:
 181:Middlewares/ST/usbx/common/usbx_stm32_device_controllers/ux_dcd_stm32_initialize_complete.c **** 
 182:Middlewares/ST/usbx/common/usbx_stm32_device_controllers/ux_dcd_stm32_initialize_complete.c ****     /* Ensure the control endpoint is properly reset.  */
 183:Middlewares/ST/usbx/common/usbx_stm32_device_controllers/ux_dcd_stm32_initialize_complete.c ****     device -> ux_slave_device_control_endpoint.ux_slave_endpoint_state = UX_ENDPOINT_RESET;
 148              		.loc 1 183 5 view .LVU49
 149              		.loc 1 183 72 is_stmt 0 view .LVU50
 150 0094 0023     		movs	r3, #0
 151 0096 E363     		str	r3, [r4, #60]
 184:Middlewares/ST/usbx/common/usbx_stm32_device_controllers/ux_dcd_stm32_initialize_complete.c **** 
 185:Middlewares/ST/usbx/common/usbx_stm32_device_controllers/ux_dcd_stm32_initialize_complete.c ****     /* Mark the phase as SETUP.  */
 186:Middlewares/ST/usbx/common/usbx_stm32_device_controllers/ux_dcd_stm32_initialize_complete.c ****     transfer_request -> ux_slave_transfer_request_type =  UX_TRANSFER_PHASE_SETUP;
 152              		.loc 1 186 5 is_stmt 1 view .LVU51
 153              		.loc 1 186 56 is_stmt 0 view .LVU52
 154 0098 0122     		movs	r2, #1
 155 009a E265     		str	r2, [r4, #92]
ARM GAS  C:\usertemp\cc2qSJGq.s 			page 7


 187:Middlewares/ST/usbx/common/usbx_stm32_device_controllers/ux_dcd_stm32_initialize_complete.c **** 
 188:Middlewares/ST/usbx/common/usbx_stm32_device_controllers/ux_dcd_stm32_initialize_complete.c ****     /* Mark this transfer request as pending.  */
 189:Middlewares/ST/usbx/common/usbx_stm32_device_controllers/ux_dcd_stm32_initialize_complete.c ****     transfer_request -> ux_slave_transfer_request_status =  UX_TRANSFER_STATUS_PENDING;
 156              		.loc 1 189 5 is_stmt 1 view .LVU53
 157              		.loc 1 189 58 is_stmt 0 view .LVU54
 158 009c A265     		str	r2, [r4, #88]
 190:Middlewares/ST/usbx/common/usbx_stm32_device_controllers/ux_dcd_stm32_initialize_complete.c **** 
 191:Middlewares/ST/usbx/common/usbx_stm32_device_controllers/ux_dcd_stm32_initialize_complete.c ****     /* Ask for 8 bytes of the SETUP packet.  */
 192:Middlewares/ST/usbx/common/usbx_stm32_device_controllers/ux_dcd_stm32_initialize_complete.c ****     transfer_request -> ux_slave_transfer_request_requested_length =    UX_SETUP_SIZE;
 159              		.loc 1 192 5 is_stmt 1 view .LVU55
 160              		.loc 1 192 68 is_stmt 0 view .LVU56
 161 009e 0822     		movs	r2, #8
 162 00a0 E266     		str	r2, [r4, #108]
 193:Middlewares/ST/usbx/common/usbx_stm32_device_controllers/ux_dcd_stm32_initialize_complete.c ****     transfer_request -> ux_slave_transfer_request_in_transfer_length =  UX_SETUP_SIZE;
 163              		.loc 1 193 5 is_stmt 1 view .LVU57
 164              		.loc 1 193 70 is_stmt 0 view .LVU58
 165 00a2 6267     		str	r2, [r4, #116]
 194:Middlewares/ST/usbx/common/usbx_stm32_device_controllers/ux_dcd_stm32_initialize_complete.c **** 
 195:Middlewares/ST/usbx/common/usbx_stm32_device_controllers/ux_dcd_stm32_initialize_complete.c ****     /* Reset the number of bytes sent/received.  */
 196:Middlewares/ST/usbx/common/usbx_stm32_device_controllers/ux_dcd_stm32_initialize_complete.c ****     transfer_request -> ux_slave_transfer_request_actual_length =  0;
 166              		.loc 1 196 5 is_stmt 1 view .LVU59
 167              		.loc 1 196 65 is_stmt 0 view .LVU60
 168 00a4 2367     		str	r3, [r4, #112]
 197:Middlewares/ST/usbx/common/usbx_stm32_device_controllers/ux_dcd_stm32_initialize_complete.c **** 
 198:Middlewares/ST/usbx/common/usbx_stm32_device_controllers/ux_dcd_stm32_initialize_complete.c ****     /* Check the status change callback.  */
 199:Middlewares/ST/usbx/common/usbx_stm32_device_controllers/ux_dcd_stm32_initialize_complete.c ****     if(_ux_system_slave -> ux_system_slave_change_function != UX_NULL)
 169              		.loc 1 199 5 is_stmt 1 view .LVU61
 170              		.loc 1 199 25 is_stmt 0 view .LVU62
 171 00a6 0D4B     		ldr	r3, .L9
 172 00a8 1B68     		ldr	r3, [r3]
 173 00aa D3F87831 		ldr	r3, [r3, #376]
 174              		.loc 1 199 7 view .LVU63
 175 00ae 0BB1     		cbz	r3, .L5
 200:Middlewares/ST/usbx/common/usbx_stm32_device_controllers/ux_dcd_stm32_initialize_complete.c ****     {
 201:Middlewares/ST/usbx/common/usbx_stm32_device_controllers/ux_dcd_stm32_initialize_complete.c **** 
 202:Middlewares/ST/usbx/common/usbx_stm32_device_controllers/ux_dcd_stm32_initialize_complete.c ****         /* Inform the application if a callback function was programmed.  */
 203:Middlewares/ST/usbx/common/usbx_stm32_device_controllers/ux_dcd_stm32_initialize_complete.c ****         _ux_system_slave -> ux_system_slave_change_function(UX_DEVICE_ATTACHED);
 176              		.loc 1 203 9 is_stmt 1 view .LVU64
 177 00b0 0120     		movs	r0, #1
 178 00b2 9847     		blx	r3
 179              	.LVL9:
 180              	.L5:
 204:Middlewares/ST/usbx/common/usbx_stm32_device_controllers/ux_dcd_stm32_initialize_complete.c ****     }
 205:Middlewares/ST/usbx/common/usbx_stm32_device_controllers/ux_dcd_stm32_initialize_complete.c **** 
 206:Middlewares/ST/usbx/common/usbx_stm32_device_controllers/ux_dcd_stm32_initialize_complete.c ****     /* If trace is enabled, insert this event into the trace buffer.  */
 207:Middlewares/ST/usbx/common/usbx_stm32_device_controllers/ux_dcd_stm32_initialize_complete.c ****     UX_TRACE_IN_LINE_INSERT(UX_TRACE_DEVICE_STACK_CONNECT, 0, 0, 0, 0, UX_TRACE_DEVICE_STACK_EVENTS
 208:Middlewares/ST/usbx/common/usbx_stm32_device_controllers/ux_dcd_stm32_initialize_complete.c **** 
 209:Middlewares/ST/usbx/common/usbx_stm32_device_controllers/ux_dcd_stm32_initialize_complete.c ****     /* If trace is enabled, register this object.  */
 210:Middlewares/ST/usbx/common/usbx_stm32_device_controllers/ux_dcd_stm32_initialize_complete.c ****     UX_TRACE_OBJECT_REGISTER(UX_TRACE_DEVICE_OBJECT_TYPE_DEVICE, device, 0, 0, 0)
 211:Middlewares/ST/usbx/common/usbx_stm32_device_controllers/ux_dcd_stm32_initialize_complete.c **** 
 212:Middlewares/ST/usbx/common/usbx_stm32_device_controllers/ux_dcd_stm32_initialize_complete.c ****     /* We are now ready for the USB device to accept the first packet when connected.  */
 213:Middlewares/ST/usbx/common/usbx_stm32_device_controllers/ux_dcd_stm32_initialize_complete.c ****     return(UX_SUCCESS);
 181              		.loc 1 213 5 view .LVU65
 214:Middlewares/ST/usbx/common/usbx_stm32_device_controllers/ux_dcd_stm32_initialize_complete.c **** }
 182              		.loc 1 214 1 is_stmt 0 view .LVU66
 183 00b4 0020     		movs	r0, #0
 184 00b6 38BD     		pop	{r3, r4, r5, pc}
ARM GAS  C:\usertemp\cc2qSJGq.s 			page 8


 185              	.LVL10:
 186              	.L7:
 105:Middlewares/ST/usbx/common/usbx_stm32_device_controllers/ux_dcd_stm32_initialize_complete.c ****         _ux_system_slave -> ux_system_slave_device_framework_length =  _ux_system_slave -> ux_syste
 187              		.loc 1 105 9 is_stmt 1 view .LVU67
 105:Middlewares/ST/usbx/common/usbx_stm32_device_controllers/ux_dcd_stm32_initialize_complete.c ****         _ux_system_slave -> ux_system_slave_device_framework_length =  _ux_system_slave -> ux_syste
 188              		.loc 1 105 82 is_stmt 0 view .LVU68
 189 00b8 D4F80831 		ldr	r3, [r4, #264]
 105:Middlewares/ST/usbx/common/usbx_stm32_device_controllers/ux_dcd_stm32_initialize_complete.c ****         _ux_system_slave -> ux_system_slave_device_framework_length =  _ux_system_slave -> ux_syste
 190              		.loc 1 105 62 view .LVU69
 191 00bc C4F8E030 		str	r3, [r4, #224]
 106:Middlewares/ST/usbx/common/usbx_stm32_device_controllers/ux_dcd_stm32_initialize_complete.c **** 
 192              		.loc 1 106 9 is_stmt 1 view .LVU70
 106:Middlewares/ST/usbx/common/usbx_stm32_device_controllers/ux_dcd_stm32_initialize_complete.c **** 
 193              		.loc 1 106 89 is_stmt 0 view .LVU71
 194 00c0 D4F80C31 		ldr	r3, [r4, #268]
 106:Middlewares/ST/usbx/common/usbx_stm32_device_controllers/ux_dcd_stm32_initialize_complete.c **** 
 195              		.loc 1 106 69 view .LVU72
 196 00c4 C4F8E430 		str	r3, [r4, #228]
 197 00c8 B1E7     		b	.L3
 198              	.L8:
 120:Middlewares/ST/usbx/common/usbx_stm32_device_controllers/ux_dcd_stm32_initialize_complete.c ****             _ux_system_slave -> ux_system_slave_device_framework_length =  _ux_system_slave -> ux_s
 199              		.loc 1 120 13 is_stmt 1 view .LVU73
 120:Middlewares/ST/usbx/common/usbx_stm32_device_controllers/ux_dcd_stm32_initialize_complete.c ****             _ux_system_slave -> ux_system_slave_device_framework_length =  _ux_system_slave -> ux_s
 200              		.loc 1 120 86 is_stmt 0 view .LVU74
 201 00ca D4F8E830 		ldr	r3, [r4, #232]
 120:Middlewares/ST/usbx/common/usbx_stm32_device_controllers/ux_dcd_stm32_initialize_complete.c ****             _ux_system_slave -> ux_system_slave_device_framework_length =  _ux_system_slave -> ux_s
 202              		.loc 1 120 66 view .LVU75
 203 00ce C4F8E030 		str	r3, [r4, #224]
 121:Middlewares/ST/usbx/common/usbx_stm32_device_controllers/ux_dcd_stm32_initialize_complete.c ****         }
 204              		.loc 1 121 13 is_stmt 1 view .LVU76
 121:Middlewares/ST/usbx/common/usbx_stm32_device_controllers/ux_dcd_stm32_initialize_complete.c ****         }
 205              		.loc 1 121 93 is_stmt 0 view .LVU77
 206 00d2 D4F8EC30 		ldr	r3, [r4, #236]
 121:Middlewares/ST/usbx/common/usbx_stm32_device_controllers/ux_dcd_stm32_initialize_complete.c ****         }
 207              		.loc 1 121 73 view .LVU78
 208 00d6 C4F8E430 		str	r3, [r4, #228]
 209 00da A8E7     		b	.L3
 210              	.L10:
 211              		.align	2
 212              	.L9:
 213 00dc 00000000 		.word	_ux_system_slave
 214 00e0 00000000 		.word	_ux_system_device_descriptor_structure
 215              		.cfi_endproc
 216              	.LFE169:
 218              		.text
 219              	.Letext0:
 220              		.file 2 "D:/armtoolchain/arm-gnu-toolchain-13.3.rel1-mingw-w64-i686-arm-none-eabi/arm-none-eabi/in
 221              		.file 3 "Middlewares/ST/threadx/ports/cortex_m33/gnu/inc/tx_port.h"
 222              		.file 4 "Middlewares/ST/threadx/common/inc/tx_api.h"
 223              		.file 5 "Middlewares/ST/usbx/common/core/inc/ux_api.h"
 224              		.file 6 "Middlewares/ST/usbx/common/core/inc/ux_system.h"
 225              		.file 7 "D:/armtoolchain/arm-gnu-toolchain-13.3.rel1-mingw-w64-i686-arm-none-eabi/arm-none-eabi/in
 226              		.file 8 "Drivers/CMSIS/Device/ST/STM32U5xx/Include/stm32u575xx.h"
 227              		.file 9 "Drivers/STM32U5xx_HAL_Driver/Inc/stm32u5xx_hal_def.h"
 228              		.file 10 "Drivers/STM32U5xx_HAL_Driver/Inc/stm32u5xx_ll_usb.h"
 229              		.file 11 "Drivers/STM32U5xx_HAL_Driver/Inc/stm32u5xx_hal_pcd.h"
 230              		.file 12 "Middlewares/ST/usbx/common/usbx_stm32_device_controllers/ux_dcd_stm32.h"
ARM GAS  C:\usertemp\cc2qSJGq.s 			page 9


 231              		.file 13 "Middlewares/ST/usbx/common/core/inc/ux_utility.h"
ARM GAS  C:\usertemp\cc2qSJGq.s 			page 10


DEFINED SYMBOLS
                            *ABS*:00000000 ux_dcd_stm32_initialize_complete.c
C:\usertemp\cc2qSJGq.s:22     .text._ux_dcd_stm32_initialize_complete:00000000 $t
C:\usertemp\cc2qSJGq.s:28     .text._ux_dcd_stm32_initialize_complete:00000000 _ux_dcd_stm32_initialize_complete
C:\usertemp\cc2qSJGq.s:213    .text._ux_dcd_stm32_initialize_complete:000000dc $d

UNDEFINED SYMBOLS
_ux_utility_descriptor_parse
HAL_PCD_EP_Flush
HAL_PCD_EP_Open
_ux_system_slave
_ux_system_device_descriptor_structure
