ARM GAS  C:\usertemp\ccuXJwkG.s 			page 1


   1              		.cpu cortex-m33
   2              		.arch armv8-m.main
   3              		.fpu fpv4-sp-d16
   4              		.arch_extension dsp
   5              		.eabi_attribute 27, 1
   6              		.eabi_attribute 28, 1
   7              		.eabi_attribute 20, 1
   8              		.eabi_attribute 21, 1
   9              		.eabi_attribute 23, 3
  10              		.eabi_attribute 24, 1
  11              		.eabi_attribute 25, 1
  12              		.eabi_attribute 26, 1
  13              		.eabi_attribute 30, 1
  14              		.eabi_attribute 34, 1
  15              		.eabi_attribute 18, 4
  16              		.file	"ux_dcd_stm32_transfer_request.c"
  17              		.text
  18              	.Ltext0:
  19              		.cfi_sections	.debug_frame
  20              		.file 1 "Middlewares/ST/usbx/common/usbx_stm32_device_controllers/ux_dcd_stm32_transfer_request.c"
  21              		.section	.text._ux_dcd_stm32_transfer_request,"ax",%progbits
  22              		.align	1
  23              		.global	_ux_dcd_stm32_transfer_request
  24              		.syntax unified
  25              		.thumb
  26              		.thumb_func
  28              	_ux_dcd_stm32_transfer_request:
  29              	.LVL0:
  30              	.LFB169:
   1:Middlewares/ST/usbx/common/usbx_stm32_device_controllers/ux_dcd_stm32_transfer_request.c **** /**************************************************************************/
   2:Middlewares/ST/usbx/common/usbx_stm32_device_controllers/ux_dcd_stm32_transfer_request.c **** /*                                                                        */
   3:Middlewares/ST/usbx/common/usbx_stm32_device_controllers/ux_dcd_stm32_transfer_request.c **** /*       Copyright (c) Microsoft Corporation. All rights reserved.        */
   4:Middlewares/ST/usbx/common/usbx_stm32_device_controllers/ux_dcd_stm32_transfer_request.c **** /*                                                                        */
   5:Middlewares/ST/usbx/common/usbx_stm32_device_controllers/ux_dcd_stm32_transfer_request.c **** /*       This software is licensed under the Microsoft Software License   */
   6:Middlewares/ST/usbx/common/usbx_stm32_device_controllers/ux_dcd_stm32_transfer_request.c **** /*       Terms for Microsoft Azure RTOS. Full text of the license can be  */
   7:Middlewares/ST/usbx/common/usbx_stm32_device_controllers/ux_dcd_stm32_transfer_request.c **** /*       found in the LICENSE file at https://aka.ms/AzureRTOS_EULA       */
   8:Middlewares/ST/usbx/common/usbx_stm32_device_controllers/ux_dcd_stm32_transfer_request.c **** /*       and in the root directory of this software.                      */
   9:Middlewares/ST/usbx/common/usbx_stm32_device_controllers/ux_dcd_stm32_transfer_request.c **** /*                                                                        */
  10:Middlewares/ST/usbx/common/usbx_stm32_device_controllers/ux_dcd_stm32_transfer_request.c **** /**************************************************************************/
  11:Middlewares/ST/usbx/common/usbx_stm32_device_controllers/ux_dcd_stm32_transfer_request.c **** 
  12:Middlewares/ST/usbx/common/usbx_stm32_device_controllers/ux_dcd_stm32_transfer_request.c **** 
  13:Middlewares/ST/usbx/common/usbx_stm32_device_controllers/ux_dcd_stm32_transfer_request.c **** /**************************************************************************/
  14:Middlewares/ST/usbx/common/usbx_stm32_device_controllers/ux_dcd_stm32_transfer_request.c **** /**************************************************************************/
  15:Middlewares/ST/usbx/common/usbx_stm32_device_controllers/ux_dcd_stm32_transfer_request.c **** /**                                                                       */
  16:Middlewares/ST/usbx/common/usbx_stm32_device_controllers/ux_dcd_stm32_transfer_request.c **** /** USBX Component                                                        */
  17:Middlewares/ST/usbx/common/usbx_stm32_device_controllers/ux_dcd_stm32_transfer_request.c **** /**                                                                       */
  18:Middlewares/ST/usbx/common/usbx_stm32_device_controllers/ux_dcd_stm32_transfer_request.c **** /**   STM32 Controller Driver                                             */
  19:Middlewares/ST/usbx/common/usbx_stm32_device_controllers/ux_dcd_stm32_transfer_request.c **** /**                                                                       */
  20:Middlewares/ST/usbx/common/usbx_stm32_device_controllers/ux_dcd_stm32_transfer_request.c **** /**************************************************************************/
  21:Middlewares/ST/usbx/common/usbx_stm32_device_controllers/ux_dcd_stm32_transfer_request.c **** /**************************************************************************/
  22:Middlewares/ST/usbx/common/usbx_stm32_device_controllers/ux_dcd_stm32_transfer_request.c **** 
  23:Middlewares/ST/usbx/common/usbx_stm32_device_controllers/ux_dcd_stm32_transfer_request.c **** #define UX_SOURCE_CODE
  24:Middlewares/ST/usbx/common/usbx_stm32_device_controllers/ux_dcd_stm32_transfer_request.c **** #define UX_DCD_STM32_SOURCE_CODE
  25:Middlewares/ST/usbx/common/usbx_stm32_device_controllers/ux_dcd_stm32_transfer_request.c **** 
  26:Middlewares/ST/usbx/common/usbx_stm32_device_controllers/ux_dcd_stm32_transfer_request.c **** 
  27:Middlewares/ST/usbx/common/usbx_stm32_device_controllers/ux_dcd_stm32_transfer_request.c **** /* Include necessary system files.  */
  28:Middlewares/ST/usbx/common/usbx_stm32_device_controllers/ux_dcd_stm32_transfer_request.c **** 
ARM GAS  C:\usertemp\ccuXJwkG.s 			page 2


  29:Middlewares/ST/usbx/common/usbx_stm32_device_controllers/ux_dcd_stm32_transfer_request.c **** #include "ux_api.h"
  30:Middlewares/ST/usbx/common/usbx_stm32_device_controllers/ux_dcd_stm32_transfer_request.c **** #include "ux_dcd_stm32.h"
  31:Middlewares/ST/usbx/common/usbx_stm32_device_controllers/ux_dcd_stm32_transfer_request.c **** #include "ux_utility.h"
  32:Middlewares/ST/usbx/common/usbx_stm32_device_controllers/ux_dcd_stm32_transfer_request.c **** #include "ux_device_stack.h"
  33:Middlewares/ST/usbx/common/usbx_stm32_device_controllers/ux_dcd_stm32_transfer_request.c **** 
  34:Middlewares/ST/usbx/common/usbx_stm32_device_controllers/ux_dcd_stm32_transfer_request.c **** 
  35:Middlewares/ST/usbx/common/usbx_stm32_device_controllers/ux_dcd_stm32_transfer_request.c **** #if !defined(UX_DEVICE_STANDALONE)
  36:Middlewares/ST/usbx/common/usbx_stm32_device_controllers/ux_dcd_stm32_transfer_request.c **** /**************************************************************************/
  37:Middlewares/ST/usbx/common/usbx_stm32_device_controllers/ux_dcd_stm32_transfer_request.c **** /*                                                                        */
  38:Middlewares/ST/usbx/common/usbx_stm32_device_controllers/ux_dcd_stm32_transfer_request.c **** /*  FUNCTION                                               RELEASE        */
  39:Middlewares/ST/usbx/common/usbx_stm32_device_controllers/ux_dcd_stm32_transfer_request.c **** /*                                                                        */
  40:Middlewares/ST/usbx/common/usbx_stm32_device_controllers/ux_dcd_stm32_transfer_request.c **** /*    _ux_dcd_stm32_transfer_request                      PORTABLE C      */
  41:Middlewares/ST/usbx/common/usbx_stm32_device_controllers/ux_dcd_stm32_transfer_request.c **** /*                                                           6.1          */
  42:Middlewares/ST/usbx/common/usbx_stm32_device_controllers/ux_dcd_stm32_transfer_request.c **** /*  AUTHOR                                                                */
  43:Middlewares/ST/usbx/common/usbx_stm32_device_controllers/ux_dcd_stm32_transfer_request.c **** /*                                                                        */
  44:Middlewares/ST/usbx/common/usbx_stm32_device_controllers/ux_dcd_stm32_transfer_request.c **** /*    Chaoqiong Xiao, Microsoft Corporation                               */
  45:Middlewares/ST/usbx/common/usbx_stm32_device_controllers/ux_dcd_stm32_transfer_request.c **** /*                                                                        */
  46:Middlewares/ST/usbx/common/usbx_stm32_device_controllers/ux_dcd_stm32_transfer_request.c **** /*  DESCRIPTION                                                           */
  47:Middlewares/ST/usbx/common/usbx_stm32_device_controllers/ux_dcd_stm32_transfer_request.c **** /*                                                                        */
  48:Middlewares/ST/usbx/common/usbx_stm32_device_controllers/ux_dcd_stm32_transfer_request.c **** /*    This function will initiate a transfer to a specific endpoint.      */
  49:Middlewares/ST/usbx/common/usbx_stm32_device_controllers/ux_dcd_stm32_transfer_request.c **** /*    If the endpoint is IN, the endpoint register will be set to accept  */
  50:Middlewares/ST/usbx/common/usbx_stm32_device_controllers/ux_dcd_stm32_transfer_request.c **** /*    the request.                                                        */
  51:Middlewares/ST/usbx/common/usbx_stm32_device_controllers/ux_dcd_stm32_transfer_request.c **** /*                                                                        */
  52:Middlewares/ST/usbx/common/usbx_stm32_device_controllers/ux_dcd_stm32_transfer_request.c **** /*    If the endpoint is IN, the endpoint FIFO will be filled with the    */
  53:Middlewares/ST/usbx/common/usbx_stm32_device_controllers/ux_dcd_stm32_transfer_request.c **** /*    buffer and the endpoint register set.                               */
  54:Middlewares/ST/usbx/common/usbx_stm32_device_controllers/ux_dcd_stm32_transfer_request.c **** /*                                                                        */
  55:Middlewares/ST/usbx/common/usbx_stm32_device_controllers/ux_dcd_stm32_transfer_request.c **** /*  INPUT                                                                 */
  56:Middlewares/ST/usbx/common/usbx_stm32_device_controllers/ux_dcd_stm32_transfer_request.c **** /*                                                                        */
  57:Middlewares/ST/usbx/common/usbx_stm32_device_controllers/ux_dcd_stm32_transfer_request.c **** /*    dcd_stm32                             Pointer to device controller  */
  58:Middlewares/ST/usbx/common/usbx_stm32_device_controllers/ux_dcd_stm32_transfer_request.c **** /*    transfer_request                      Pointer to transfer request   */
  59:Middlewares/ST/usbx/common/usbx_stm32_device_controllers/ux_dcd_stm32_transfer_request.c **** /*                                                                        */
  60:Middlewares/ST/usbx/common/usbx_stm32_device_controllers/ux_dcd_stm32_transfer_request.c **** /*  OUTPUT                                                                */
  61:Middlewares/ST/usbx/common/usbx_stm32_device_controllers/ux_dcd_stm32_transfer_request.c **** /*                                                                        */
  62:Middlewares/ST/usbx/common/usbx_stm32_device_controllers/ux_dcd_stm32_transfer_request.c **** /*    Completion Status                                                   */
  63:Middlewares/ST/usbx/common/usbx_stm32_device_controllers/ux_dcd_stm32_transfer_request.c **** /*                                                                        */
  64:Middlewares/ST/usbx/common/usbx_stm32_device_controllers/ux_dcd_stm32_transfer_request.c **** /*                                                                        */
  65:Middlewares/ST/usbx/common/usbx_stm32_device_controllers/ux_dcd_stm32_transfer_request.c **** /*  CALLS                                                                 */
  66:Middlewares/ST/usbx/common/usbx_stm32_device_controllers/ux_dcd_stm32_transfer_request.c **** /*                                                                        */
  67:Middlewares/ST/usbx/common/usbx_stm32_device_controllers/ux_dcd_stm32_transfer_request.c **** /*    HAL_PCD_EP_Transmit                   Transmit data                 */
  68:Middlewares/ST/usbx/common/usbx_stm32_device_controllers/ux_dcd_stm32_transfer_request.c **** /*    HAL_PCD_EP_Receive                    Receive data                  */
  69:Middlewares/ST/usbx/common/usbx_stm32_device_controllers/ux_dcd_stm32_transfer_request.c **** /*    _ux_utility_semaphore_get             Get semaphore                 */
  70:Middlewares/ST/usbx/common/usbx_stm32_device_controllers/ux_dcd_stm32_transfer_request.c **** /*                                                                        */
  71:Middlewares/ST/usbx/common/usbx_stm32_device_controllers/ux_dcd_stm32_transfer_request.c **** /*  CALLED BY                                                             */
  72:Middlewares/ST/usbx/common/usbx_stm32_device_controllers/ux_dcd_stm32_transfer_request.c **** /*                                                                        */
  73:Middlewares/ST/usbx/common/usbx_stm32_device_controllers/ux_dcd_stm32_transfer_request.c **** /*    STM32 Controller Driver                                             */
  74:Middlewares/ST/usbx/common/usbx_stm32_device_controllers/ux_dcd_stm32_transfer_request.c **** /*                                                                        */
  75:Middlewares/ST/usbx/common/usbx_stm32_device_controllers/ux_dcd_stm32_transfer_request.c **** /*  RELEASE HISTORY                                                       */
  76:Middlewares/ST/usbx/common/usbx_stm32_device_controllers/ux_dcd_stm32_transfer_request.c **** /*                                                                        */
  77:Middlewares/ST/usbx/common/usbx_stm32_device_controllers/ux_dcd_stm32_transfer_request.c **** /*    DATE              NAME                      DESCRIPTION             */
  78:Middlewares/ST/usbx/common/usbx_stm32_device_controllers/ux_dcd_stm32_transfer_request.c **** /*                                                                        */
  79:Middlewares/ST/usbx/common/usbx_stm32_device_controllers/ux_dcd_stm32_transfer_request.c **** /*  05-19-2020     Chaoqiong Xiao           Initial Version 6.0           */
  80:Middlewares/ST/usbx/common/usbx_stm32_device_controllers/ux_dcd_stm32_transfer_request.c **** /*  09-30-2020     Chaoqiong Xiao           Modified comment(s), used ST  */
  81:Middlewares/ST/usbx/common/usbx_stm32_device_controllers/ux_dcd_stm32_transfer_request.c **** /*                                            HAL library to drive the    */
  82:Middlewares/ST/usbx/common/usbx_stm32_device_controllers/ux_dcd_stm32_transfer_request.c **** /*                                            controller,                 */
  83:Middlewares/ST/usbx/common/usbx_stm32_device_controllers/ux_dcd_stm32_transfer_request.c **** /*                                            resulting in version 6.1    */
  84:Middlewares/ST/usbx/common/usbx_stm32_device_controllers/ux_dcd_stm32_transfer_request.c **** /*                                                                        */
  85:Middlewares/ST/usbx/common/usbx_stm32_device_controllers/ux_dcd_stm32_transfer_request.c **** /**************************************************************************/
ARM GAS  C:\usertemp\ccuXJwkG.s 			page 3


  86:Middlewares/ST/usbx/common/usbx_stm32_device_controllers/ux_dcd_stm32_transfer_request.c **** UINT  _ux_dcd_stm32_transfer_request(UX_DCD_STM32 *dcd_stm32, UX_SLAVE_TRANSFER *transfer_request)
  87:Middlewares/ST/usbx/common/usbx_stm32_device_controllers/ux_dcd_stm32_transfer_request.c **** {
  31              		.loc 1 87 1 view -0
  32              		.cfi_startproc
  33              		@ args = 0, pretend = 0, frame = 0
  34              		@ frame_needed = 0, uses_anonymous_args = 0
  35              		.loc 1 87 1 is_stmt 0 view .LVU1
  36 0000 38B5     		push	{r3, r4, r5, lr}
  37              	.LCFI0:
  38              		.cfi_def_cfa_offset 16
  39              		.cfi_offset 3, -16
  40              		.cfi_offset 4, -12
  41              		.cfi_offset 5, -8
  42              		.cfi_offset 14, -4
  43 0002 0C46     		mov	r4, r1
  88:Middlewares/ST/usbx/common/usbx_stm32_device_controllers/ux_dcd_stm32_transfer_request.c **** 
  89:Middlewares/ST/usbx/common/usbx_stm32_device_controllers/ux_dcd_stm32_transfer_request.c **** UX_SLAVE_ENDPOINT       *endpoint;
  44              		.loc 1 89 1 is_stmt 1 view .LVU2
  90:Middlewares/ST/usbx/common/usbx_stm32_device_controllers/ux_dcd_stm32_transfer_request.c **** UINT                    status;
  45              		.loc 1 90 1 view .LVU3
  91:Middlewares/ST/usbx/common/usbx_stm32_device_controllers/ux_dcd_stm32_transfer_request.c **** 
  92:Middlewares/ST/usbx/common/usbx_stm32_device_controllers/ux_dcd_stm32_transfer_request.c **** 
  93:Middlewares/ST/usbx/common/usbx_stm32_device_controllers/ux_dcd_stm32_transfer_request.c ****     /* Get the pointer to the logical endpoint from the transfer request.  */
  94:Middlewares/ST/usbx/common/usbx_stm32_device_controllers/ux_dcd_stm32_transfer_request.c ****     endpoint =  transfer_request -> ux_slave_transfer_request_endpoint;
  46              		.loc 1 94 5 view .LVU4
  47              		.loc 1 94 14 is_stmt 0 view .LVU5
  48 0004 8D68     		ldr	r5, [r1, #8]
  49              	.LVL1:
  95:Middlewares/ST/usbx/common/usbx_stm32_device_controllers/ux_dcd_stm32_transfer_request.c **** 
  96:Middlewares/ST/usbx/common/usbx_stm32_device_controllers/ux_dcd_stm32_transfer_request.c ****     /* Check for transfer direction.  Is this a IN endpoint ? */
  97:Middlewares/ST/usbx/common/usbx_stm32_device_controllers/ux_dcd_stm32_transfer_request.c ****     if (transfer_request -> ux_slave_transfer_request_phase == UX_TRANSFER_PHASE_DATA_OUT)
  50              		.loc 1 97 5 is_stmt 1 view .LVU6
  51              		.loc 1 97 26 is_stmt 0 view .LVU7
  52 0006 8B6A     		ldr	r3, [r1, #40]
  53              		.loc 1 97 8 view .LVU8
  54 0008 032B     		cmp	r3, #3
  55 000a 0BD0     		beq	.L5
  98:Middlewares/ST/usbx/common/usbx_stm32_device_controllers/ux_dcd_stm32_transfer_request.c ****     {
  99:Middlewares/ST/usbx/common/usbx_stm32_device_controllers/ux_dcd_stm32_transfer_request.c **** 
 100:Middlewares/ST/usbx/common/usbx_stm32_device_controllers/ux_dcd_stm32_transfer_request.c ****         /* Transmit data.  */
 101:Middlewares/ST/usbx/common/usbx_stm32_device_controllers/ux_dcd_stm32_transfer_request.c ****         HAL_PCD_EP_Transmit(dcd_stm32 -> pcd_handle,
 102:Middlewares/ST/usbx/common/usbx_stm32_device_controllers/ux_dcd_stm32_transfer_request.c ****                             endpoint->ux_slave_endpoint_descriptor.bEndpointAddress,
 103:Middlewares/ST/usbx/common/usbx_stm32_device_controllers/ux_dcd_stm32_transfer_request.c ****                             transfer_request->ux_slave_transfer_request_data_pointer,
 104:Middlewares/ST/usbx/common/usbx_stm32_device_controllers/ux_dcd_stm32_transfer_request.c ****                             transfer_request->ux_slave_transfer_request_requested_length);
 105:Middlewares/ST/usbx/common/usbx_stm32_device_controllers/ux_dcd_stm32_transfer_request.c **** 
 106:Middlewares/ST/usbx/common/usbx_stm32_device_controllers/ux_dcd_stm32_transfer_request.c ****         /* If the endpoint is a Control endpoint, all this is happening under Interrupt and there i
 107:Middlewares/ST/usbx/common/usbx_stm32_device_controllers/ux_dcd_stm32_transfer_request.c ****            thread to suspend.  */
 108:Middlewares/ST/usbx/common/usbx_stm32_device_controllers/ux_dcd_stm32_transfer_request.c ****         if ((endpoint -> ux_slave_endpoint_descriptor.bEndpointAddress & (UINT)~UX_ENDPOINT_DIRECTI
 109:Middlewares/ST/usbx/common/usbx_stm32_device_controllers/ux_dcd_stm32_transfer_request.c ****         {
 110:Middlewares/ST/usbx/common/usbx_stm32_device_controllers/ux_dcd_stm32_transfer_request.c **** 
 111:Middlewares/ST/usbx/common/usbx_stm32_device_controllers/ux_dcd_stm32_transfer_request.c ****             /* We should wait for the semaphore to wake us up.  */
 112:Middlewares/ST/usbx/common/usbx_stm32_device_controllers/ux_dcd_stm32_transfer_request.c ****             status =  _ux_utility_semaphore_get(&transfer_request -> ux_slave_transfer_request_sema
 113:Middlewares/ST/usbx/common/usbx_stm32_device_controllers/ux_dcd_stm32_transfer_request.c ****                                                 (ULONG)transfer_request -> ux_slave_transfer_reques
 114:Middlewares/ST/usbx/common/usbx_stm32_device_controllers/ux_dcd_stm32_transfer_request.c **** 
 115:Middlewares/ST/usbx/common/usbx_stm32_device_controllers/ux_dcd_stm32_transfer_request.c ****             /* Check the completion code. */
 116:Middlewares/ST/usbx/common/usbx_stm32_device_controllers/ux_dcd_stm32_transfer_request.c ****             if (status != UX_SUCCESS)
 117:Middlewares/ST/usbx/common/usbx_stm32_device_controllers/ux_dcd_stm32_transfer_request.c ****                 return(status);
ARM GAS  C:\usertemp\ccuXJwkG.s 			page 4


 118:Middlewares/ST/usbx/common/usbx_stm32_device_controllers/ux_dcd_stm32_transfer_request.c **** 
 119:Middlewares/ST/usbx/common/usbx_stm32_device_controllers/ux_dcd_stm32_transfer_request.c ****             transfer_request -> ux_slave_transfer_request_actual_length = transfer_request->ux_slav
 120:Middlewares/ST/usbx/common/usbx_stm32_device_controllers/ux_dcd_stm32_transfer_request.c **** 
 121:Middlewares/ST/usbx/common/usbx_stm32_device_controllers/ux_dcd_stm32_transfer_request.c ****             /* Check the transfer request completion code. We may have had a BUS reset or
 122:Middlewares/ST/usbx/common/usbx_stm32_device_controllers/ux_dcd_stm32_transfer_request.c ****                a device disconnection.  */
 123:Middlewares/ST/usbx/common/usbx_stm32_device_controllers/ux_dcd_stm32_transfer_request.c ****             if (transfer_request -> ux_slave_transfer_request_completion_code != UX_SUCCESS)
 124:Middlewares/ST/usbx/common/usbx_stm32_device_controllers/ux_dcd_stm32_transfer_request.c ****                 return(transfer_request -> ux_slave_transfer_request_completion_code);
 125:Middlewares/ST/usbx/common/usbx_stm32_device_controllers/ux_dcd_stm32_transfer_request.c **** 
 126:Middlewares/ST/usbx/common/usbx_stm32_device_controllers/ux_dcd_stm32_transfer_request.c ****             /* Return to caller with success.  */
 127:Middlewares/ST/usbx/common/usbx_stm32_device_controllers/ux_dcd_stm32_transfer_request.c ****             return(UX_SUCCESS);
 128:Middlewares/ST/usbx/common/usbx_stm32_device_controllers/ux_dcd_stm32_transfer_request.c ****         }
 129:Middlewares/ST/usbx/common/usbx_stm32_device_controllers/ux_dcd_stm32_transfer_request.c ****     }
 130:Middlewares/ST/usbx/common/usbx_stm32_device_controllers/ux_dcd_stm32_transfer_request.c ****     else
 131:Middlewares/ST/usbx/common/usbx_stm32_device_controllers/ux_dcd_stm32_transfer_request.c ****     {
 132:Middlewares/ST/usbx/common/usbx_stm32_device_controllers/ux_dcd_stm32_transfer_request.c **** 
 133:Middlewares/ST/usbx/common/usbx_stm32_device_controllers/ux_dcd_stm32_transfer_request.c ****         /* We have a request for a SETUP or OUT Endpoint.  */
 134:Middlewares/ST/usbx/common/usbx_stm32_device_controllers/ux_dcd_stm32_transfer_request.c ****         /* Receive data.  */
 135:Middlewares/ST/usbx/common/usbx_stm32_device_controllers/ux_dcd_stm32_transfer_request.c ****         HAL_PCD_EP_Receive(dcd_stm32 -> pcd_handle,
  56              		.loc 1 135 9 is_stmt 1 view .LVU9
  57 000c 4B69     		ldr	r3, [r1, #20]
  58 000e CA68     		ldr	r2, [r1, #12]
  59 0010 A97B     		ldrb	r1, [r5, #14]	@ zero_extendqisi2
  60              	.LVL2:
  61              		.loc 1 135 9 is_stmt 0 view .LVU10
  62 0012 D0F89400 		ldr	r0, [r0, #148]
  63              	.LVL3:
  64              		.loc 1 135 9 view .LVU11
  65 0016 FFF7FEFF 		bl	HAL_PCD_EP_Receive
  66              	.LVL4:
 136:Middlewares/ST/usbx/common/usbx_stm32_device_controllers/ux_dcd_stm32_transfer_request.c ****                             endpoint->ux_slave_endpoint_descriptor.bEndpointAddress,
 137:Middlewares/ST/usbx/common/usbx_stm32_device_controllers/ux_dcd_stm32_transfer_request.c ****                             transfer_request->ux_slave_transfer_request_data_pointer,
 138:Middlewares/ST/usbx/common/usbx_stm32_device_controllers/ux_dcd_stm32_transfer_request.c ****                             transfer_request->ux_slave_transfer_request_requested_length);
 139:Middlewares/ST/usbx/common/usbx_stm32_device_controllers/ux_dcd_stm32_transfer_request.c **** 
 140:Middlewares/ST/usbx/common/usbx_stm32_device_controllers/ux_dcd_stm32_transfer_request.c ****         /* If the endpoint is a Control endpoint, all this is happening under Interrupt and there i
 141:Middlewares/ST/usbx/common/usbx_stm32_device_controllers/ux_dcd_stm32_transfer_request.c ****            thread to suspend.  */
 142:Middlewares/ST/usbx/common/usbx_stm32_device_controllers/ux_dcd_stm32_transfer_request.c ****         if ((endpoint -> ux_slave_endpoint_descriptor.bEndpointAddress & (UINT)~UX_ENDPOINT_DIRECTI
  67              		.loc 1 142 9 is_stmt 1 view .LVU12
  68              		.loc 1 142 54 is_stmt 0 view .LVU13
  69 001a A87B     		ldrb	r0, [r5, #14]	@ zero_extendqisi2
  70              		.loc 1 142 12 view .LVU14
  71 001c 30F08000 		bics	r0, r0, #128
  72 0020 16D1     		bne	.L6
  73              	.L1:
 143:Middlewares/ST/usbx/common/usbx_stm32_device_controllers/ux_dcd_stm32_transfer_request.c ****         {
 144:Middlewares/ST/usbx/common/usbx_stm32_device_controllers/ux_dcd_stm32_transfer_request.c **** 
 145:Middlewares/ST/usbx/common/usbx_stm32_device_controllers/ux_dcd_stm32_transfer_request.c ****             /* We should wait for the semaphore to wake us up.  */
 146:Middlewares/ST/usbx/common/usbx_stm32_device_controllers/ux_dcd_stm32_transfer_request.c ****             status =  _ux_utility_semaphore_get(&transfer_request -> ux_slave_transfer_request_sema
 147:Middlewares/ST/usbx/common/usbx_stm32_device_controllers/ux_dcd_stm32_transfer_request.c ****                                                 (ULONG)transfer_request -> ux_slave_transfer_reques
 148:Middlewares/ST/usbx/common/usbx_stm32_device_controllers/ux_dcd_stm32_transfer_request.c **** 
 149:Middlewares/ST/usbx/common/usbx_stm32_device_controllers/ux_dcd_stm32_transfer_request.c ****             /* Check the completion code. */
 150:Middlewares/ST/usbx/common/usbx_stm32_device_controllers/ux_dcd_stm32_transfer_request.c ****             if (status != UX_SUCCESS)
 151:Middlewares/ST/usbx/common/usbx_stm32_device_controllers/ux_dcd_stm32_transfer_request.c ****                 return(status);
 152:Middlewares/ST/usbx/common/usbx_stm32_device_controllers/ux_dcd_stm32_transfer_request.c **** 
 153:Middlewares/ST/usbx/common/usbx_stm32_device_controllers/ux_dcd_stm32_transfer_request.c ****             /* Check the transfer request completion code. We may have had a BUS reset or
 154:Middlewares/ST/usbx/common/usbx_stm32_device_controllers/ux_dcd_stm32_transfer_request.c ****                a device disconnection.  */
 155:Middlewares/ST/usbx/common/usbx_stm32_device_controllers/ux_dcd_stm32_transfer_request.c ****             if (transfer_request -> ux_slave_transfer_request_completion_code != UX_SUCCESS)
 156:Middlewares/ST/usbx/common/usbx_stm32_device_controllers/ux_dcd_stm32_transfer_request.c ****                 return(transfer_request -> ux_slave_transfer_request_completion_code);
ARM GAS  C:\usertemp\ccuXJwkG.s 			page 5


 157:Middlewares/ST/usbx/common/usbx_stm32_device_controllers/ux_dcd_stm32_transfer_request.c **** 
 158:Middlewares/ST/usbx/common/usbx_stm32_device_controllers/ux_dcd_stm32_transfer_request.c ****             /* Return to caller with success.  */
 159:Middlewares/ST/usbx/common/usbx_stm32_device_controllers/ux_dcd_stm32_transfer_request.c ****             return(UX_SUCCESS);
 160:Middlewares/ST/usbx/common/usbx_stm32_device_controllers/ux_dcd_stm32_transfer_request.c ****         }
 161:Middlewares/ST/usbx/common/usbx_stm32_device_controllers/ux_dcd_stm32_transfer_request.c ****     }
 162:Middlewares/ST/usbx/common/usbx_stm32_device_controllers/ux_dcd_stm32_transfer_request.c **** 
 163:Middlewares/ST/usbx/common/usbx_stm32_device_controllers/ux_dcd_stm32_transfer_request.c ****     /* Return to caller with success.  */
 164:Middlewares/ST/usbx/common/usbx_stm32_device_controllers/ux_dcd_stm32_transfer_request.c ****     return(UX_SUCCESS);
 165:Middlewares/ST/usbx/common/usbx_stm32_device_controllers/ux_dcd_stm32_transfer_request.c **** }
  74              		.loc 1 165 1 view .LVU15
  75 0022 38BD     		pop	{r3, r4, r5, pc}
  76              	.LVL5:
  77              	.L5:
 101:Middlewares/ST/usbx/common/usbx_stm32_device_controllers/ux_dcd_stm32_transfer_request.c ****                             endpoint->ux_slave_endpoint_descriptor.bEndpointAddress,
  78              		.loc 1 101 9 is_stmt 1 view .LVU16
  79 0024 4B69     		ldr	r3, [r1, #20]
  80 0026 CA68     		ldr	r2, [r1, #12]
  81 0028 A97B     		ldrb	r1, [r5, #14]	@ zero_extendqisi2
  82              	.LVL6:
 101:Middlewares/ST/usbx/common/usbx_stm32_device_controllers/ux_dcd_stm32_transfer_request.c ****                             endpoint->ux_slave_endpoint_descriptor.bEndpointAddress,
  83              		.loc 1 101 9 is_stmt 0 view .LVU17
  84 002a D0F89400 		ldr	r0, [r0, #148]
  85              	.LVL7:
 101:Middlewares/ST/usbx/common/usbx_stm32_device_controllers/ux_dcd_stm32_transfer_request.c ****                             endpoint->ux_slave_endpoint_descriptor.bEndpointAddress,
  86              		.loc 1 101 9 view .LVU18
  87 002e FFF7FEFF 		bl	HAL_PCD_EP_Transmit
  88              	.LVL8:
 108:Middlewares/ST/usbx/common/usbx_stm32_device_controllers/ux_dcd_stm32_transfer_request.c ****         {
  89              		.loc 1 108 9 is_stmt 1 view .LVU19
 108:Middlewares/ST/usbx/common/usbx_stm32_device_controllers/ux_dcd_stm32_transfer_request.c ****         {
  90              		.loc 1 108 54 is_stmt 0 view .LVU20
  91 0032 A87B     		ldrb	r0, [r5, #14]	@ zero_extendqisi2
 108:Middlewares/ST/usbx/common/usbx_stm32_device_controllers/ux_dcd_stm32_transfer_request.c ****         {
  92              		.loc 1 108 12 view .LVU21
  93 0034 30F08000 		bics	r0, r0, #128
  94 0038 F3D0     		beq	.L1
 112:Middlewares/ST/usbx/common/usbx_stm32_device_controllers/ux_dcd_stm32_transfer_request.c ****                                                 (ULONG)transfer_request -> ux_slave_transfer_reques
  95              		.loc 1 112 13 is_stmt 1 view .LVU22
 112:Middlewares/ST/usbx/common/usbx_stm32_device_controllers/ux_dcd_stm32_transfer_request.c ****                                                 (ULONG)transfer_request -> ux_slave_transfer_reques
  96              		.loc 1 112 23 is_stmt 0 view .LVU23
  97 003a E16C     		ldr	r1, [r4, #76]
  98 003c 04F13000 		add	r0, r4, #48
  99 0040 FFF7FEFF 		bl	_ux_utility_semaphore_get
 100              	.LVL9:
 116:Middlewares/ST/usbx/common/usbx_stm32_device_controllers/ux_dcd_stm32_transfer_request.c ****                 return(status);
 101              		.loc 1 116 13 is_stmt 1 view .LVU24
 116:Middlewares/ST/usbx/common/usbx_stm32_device_controllers/ux_dcd_stm32_transfer_request.c ****                 return(status);
 102              		.loc 1 116 16 is_stmt 0 view .LVU25
 103 0044 0028     		cmp	r0, #0
 104 0046 ECD1     		bne	.L1
 119:Middlewares/ST/usbx/common/usbx_stm32_device_controllers/ux_dcd_stm32_transfer_request.c **** 
 105              		.loc 1 119 13 is_stmt 1 view .LVU26
 119:Middlewares/ST/usbx/common/usbx_stm32_device_controllers/ux_dcd_stm32_transfer_request.c **** 
 106              		.loc 1 119 91 is_stmt 0 view .LVU27
 107 0048 6369     		ldr	r3, [r4, #20]
 119:Middlewares/ST/usbx/common/usbx_stm32_device_controllers/ux_dcd_stm32_transfer_request.c **** 
 108              		.loc 1 119 73 view .LVU28
ARM GAS  C:\usertemp\ccuXJwkG.s 			page 6


 109 004a A361     		str	r3, [r4, #24]
 123:Middlewares/ST/usbx/common/usbx_stm32_device_controllers/ux_dcd_stm32_transfer_request.c ****                 return(transfer_request -> ux_slave_transfer_request_completion_code);
 110              		.loc 1 123 13 is_stmt 1 view .LVU29
 123:Middlewares/ST/usbx/common/usbx_stm32_device_controllers/ux_dcd_stm32_transfer_request.c ****                 return(transfer_request -> ux_slave_transfer_request_completion_code);
 111              		.loc 1 123 34 is_stmt 0 view .LVU30
 112 004c 606A     		ldr	r0, [r4, #36]
 113              	.LVL10:
 123:Middlewares/ST/usbx/common/usbx_stm32_device_controllers/ux_dcd_stm32_transfer_request.c ****                 return(transfer_request -> ux_slave_transfer_request_completion_code);
 114              		.loc 1 123 34 view .LVU31
 115 004e E8E7     		b	.L1
 116              	.LVL11:
 117              	.L6:
 146:Middlewares/ST/usbx/common/usbx_stm32_device_controllers/ux_dcd_stm32_transfer_request.c ****                                                 (ULONG)transfer_request -> ux_slave_transfer_reques
 118              		.loc 1 146 13 is_stmt 1 view .LVU32
 146:Middlewares/ST/usbx/common/usbx_stm32_device_controllers/ux_dcd_stm32_transfer_request.c ****                                                 (ULONG)transfer_request -> ux_slave_transfer_reques
 119              		.loc 1 146 23 is_stmt 0 view .LVU33
 120 0050 E16C     		ldr	r1, [r4, #76]
 121 0052 04F13000 		add	r0, r4, #48
 122 0056 FFF7FEFF 		bl	_ux_utility_semaphore_get
 123              	.LVL12:
 150:Middlewares/ST/usbx/common/usbx_stm32_device_controllers/ux_dcd_stm32_transfer_request.c ****                 return(status);
 124              		.loc 1 150 13 is_stmt 1 view .LVU34
 150:Middlewares/ST/usbx/common/usbx_stm32_device_controllers/ux_dcd_stm32_transfer_request.c ****                 return(status);
 125              		.loc 1 150 16 is_stmt 0 view .LVU35
 126 005a 0028     		cmp	r0, #0
 127 005c E1D1     		bne	.L1
 155:Middlewares/ST/usbx/common/usbx_stm32_device_controllers/ux_dcd_stm32_transfer_request.c ****                 return(transfer_request -> ux_slave_transfer_request_completion_code);
 128              		.loc 1 155 13 is_stmt 1 view .LVU36
 155:Middlewares/ST/usbx/common/usbx_stm32_device_controllers/ux_dcd_stm32_transfer_request.c ****                 return(transfer_request -> ux_slave_transfer_request_completion_code);
 129              		.loc 1 155 34 is_stmt 0 view .LVU37
 130 005e 606A     		ldr	r0, [r4, #36]
 131              	.LVL13:
 155:Middlewares/ST/usbx/common/usbx_stm32_device_controllers/ux_dcd_stm32_transfer_request.c ****                 return(transfer_request -> ux_slave_transfer_request_completion_code);
 132              		.loc 1 155 34 view .LVU38
 133 0060 DFE7     		b	.L1
 134              		.cfi_endproc
 135              	.LFE169:
 137              		.text
 138              	.Letext0:
 139              		.file 2 "D:/armtoolchain/arm-gnu-toolchain-13.3.rel1-mingw-w64-i686-arm-none-eabi/arm-none-eabi/in
 140              		.file 3 "Middlewares/ST/threadx/ports/cortex_m33/gnu/inc/tx_port.h"
 141              		.file 4 "Middlewares/ST/threadx/common/inc/tx_api.h"
 142              		.file 5 "Middlewares/ST/usbx/common/core/inc/ux_api.h"
 143              		.file 6 "D:/armtoolchain/arm-gnu-toolchain-13.3.rel1-mingw-w64-i686-arm-none-eabi/arm-none-eabi/in
 144              		.file 7 "Drivers/CMSIS/Device/ST/STM32U5xx/Include/stm32u575xx.h"
 145              		.file 8 "Drivers/STM32U5xx_HAL_Driver/Inc/stm32u5xx_hal_def.h"
 146              		.file 9 "Drivers/STM32U5xx_HAL_Driver/Inc/stm32u5xx_ll_usb.h"
 147              		.file 10 "Drivers/STM32U5xx_HAL_Driver/Inc/stm32u5xx_hal_pcd.h"
 148              		.file 11 "Middlewares/ST/usbx/common/usbx_stm32_device_controllers/ux_dcd_stm32.h"
 149              		.file 12 "Middlewares/ST/usbx/common/core/inc/ux_utility.h"
ARM GAS  C:\usertemp\ccuXJwkG.s 			page 7


DEFINED SYMBOLS
                            *ABS*:00000000 ux_dcd_stm32_transfer_request.c
C:\usertemp\ccuXJwkG.s:22     .text._ux_dcd_stm32_transfer_request:00000000 $t
C:\usertemp\ccuXJwkG.s:28     .text._ux_dcd_stm32_transfer_request:00000000 _ux_dcd_stm32_transfer_request

UNDEFINED SYMBOLS
HAL_PCD_EP_Receive
HAL_PCD_EP_Transmit
_ux_utility_semaphore_get
