ARM GAS  C:\usertemp\ccSPpCtp.s 			page 1


   1              		.cpu cortex-m33
   2              		.arch armv8-m.main
   3              		.fpu fpv4-sp-d16
   4              		.arch_extension dsp
   5              		.eabi_attribute 27, 1
   6              		.eabi_attribute 28, 1
   7              		.eabi_attribute 20, 1
   8              		.eabi_attribute 21, 1
   9              		.eabi_attribute 23, 3
  10              		.eabi_attribute 24, 1
  11              		.eabi_attribute 25, 1
  12              		.eabi_attribute 26, 1
  13              		.eabi_attribute 30, 1
  14              		.eabi_attribute 34, 1
  15              		.eabi_attribute 18, 4
  16              		.file	"ux_dcd_stm32_initialize.c"
  17              		.text
  18              	.Ltext0:
  19              		.cfi_sections	.debug_frame
  20              		.file 1 "Middlewares/ST/usbx/common/usbx_stm32_device_controllers/ux_dcd_stm32_initialize.c"
  21              		.section	.text._ux_dcd_stm32_initialize,"ax",%progbits
  22              		.align	1
  23              		.global	_ux_dcd_stm32_initialize
  24              		.syntax unified
  25              		.thumb
  26              		.thumb_func
  28              	_ux_dcd_stm32_initialize:
  29              	.LVL0:
  30              	.LFB169:
   1:Middlewares/ST/usbx/common/usbx_stm32_device_controllers/ux_dcd_stm32_initialize.c **** /**************************************************************************/
   2:Middlewares/ST/usbx/common/usbx_stm32_device_controllers/ux_dcd_stm32_initialize.c **** /*                                                                        */
   3:Middlewares/ST/usbx/common/usbx_stm32_device_controllers/ux_dcd_stm32_initialize.c **** /*       Copyright (c) Microsoft Corporation. All rights reserved.        */
   4:Middlewares/ST/usbx/common/usbx_stm32_device_controllers/ux_dcd_stm32_initialize.c **** /*                                                                        */
   5:Middlewares/ST/usbx/common/usbx_stm32_device_controllers/ux_dcd_stm32_initialize.c **** /*       This software is licensed under the Microsoft Software License   */
   6:Middlewares/ST/usbx/common/usbx_stm32_device_controllers/ux_dcd_stm32_initialize.c **** /*       Terms for Microsoft Azure RTOS. Full text of the license can be  */
   7:Middlewares/ST/usbx/common/usbx_stm32_device_controllers/ux_dcd_stm32_initialize.c **** /*       found in the LICENSE file at https://aka.ms/AzureRTOS_EULA       */
   8:Middlewares/ST/usbx/common/usbx_stm32_device_controllers/ux_dcd_stm32_initialize.c **** /*       and in the root directory of this software.                      */
   9:Middlewares/ST/usbx/common/usbx_stm32_device_controllers/ux_dcd_stm32_initialize.c **** /*                                                                        */
  10:Middlewares/ST/usbx/common/usbx_stm32_device_controllers/ux_dcd_stm32_initialize.c **** /**************************************************************************/
  11:Middlewares/ST/usbx/common/usbx_stm32_device_controllers/ux_dcd_stm32_initialize.c **** 
  12:Middlewares/ST/usbx/common/usbx_stm32_device_controllers/ux_dcd_stm32_initialize.c **** 
  13:Middlewares/ST/usbx/common/usbx_stm32_device_controllers/ux_dcd_stm32_initialize.c **** /**************************************************************************/
  14:Middlewares/ST/usbx/common/usbx_stm32_device_controllers/ux_dcd_stm32_initialize.c **** /**************************************************************************/
  15:Middlewares/ST/usbx/common/usbx_stm32_device_controllers/ux_dcd_stm32_initialize.c **** /**                                                                       */
  16:Middlewares/ST/usbx/common/usbx_stm32_device_controllers/ux_dcd_stm32_initialize.c **** /** USBX Component                                                        */
  17:Middlewares/ST/usbx/common/usbx_stm32_device_controllers/ux_dcd_stm32_initialize.c **** /**                                                                       */
  18:Middlewares/ST/usbx/common/usbx_stm32_device_controllers/ux_dcd_stm32_initialize.c **** /**   STM32 Controller Driver                                             */
  19:Middlewares/ST/usbx/common/usbx_stm32_device_controllers/ux_dcd_stm32_initialize.c **** /**                                                                       */
  20:Middlewares/ST/usbx/common/usbx_stm32_device_controllers/ux_dcd_stm32_initialize.c **** /**************************************************************************/
  21:Middlewares/ST/usbx/common/usbx_stm32_device_controllers/ux_dcd_stm32_initialize.c **** /**************************************************************************/
  22:Middlewares/ST/usbx/common/usbx_stm32_device_controllers/ux_dcd_stm32_initialize.c **** 
  23:Middlewares/ST/usbx/common/usbx_stm32_device_controllers/ux_dcd_stm32_initialize.c **** #define UX_SOURCE_CODE
  24:Middlewares/ST/usbx/common/usbx_stm32_device_controllers/ux_dcd_stm32_initialize.c **** #define UX_DCD_STM32_SOURCE_CODE
  25:Middlewares/ST/usbx/common/usbx_stm32_device_controllers/ux_dcd_stm32_initialize.c **** 
  26:Middlewares/ST/usbx/common/usbx_stm32_device_controllers/ux_dcd_stm32_initialize.c **** 
  27:Middlewares/ST/usbx/common/usbx_stm32_device_controllers/ux_dcd_stm32_initialize.c **** /* Include necessary system files.  */
  28:Middlewares/ST/usbx/common/usbx_stm32_device_controllers/ux_dcd_stm32_initialize.c **** 
ARM GAS  C:\usertemp\ccSPpCtp.s 			page 2


  29:Middlewares/ST/usbx/common/usbx_stm32_device_controllers/ux_dcd_stm32_initialize.c **** #include "ux_api.h"
  30:Middlewares/ST/usbx/common/usbx_stm32_device_controllers/ux_dcd_stm32_initialize.c **** #include "ux_dcd_stm32.h"
  31:Middlewares/ST/usbx/common/usbx_stm32_device_controllers/ux_dcd_stm32_initialize.c **** #include "ux_device_stack.h"
  32:Middlewares/ST/usbx/common/usbx_stm32_device_controllers/ux_dcd_stm32_initialize.c **** 
  33:Middlewares/ST/usbx/common/usbx_stm32_device_controllers/ux_dcd_stm32_initialize.c **** 
  34:Middlewares/ST/usbx/common/usbx_stm32_device_controllers/ux_dcd_stm32_initialize.c **** /**************************************************************************/
  35:Middlewares/ST/usbx/common/usbx_stm32_device_controllers/ux_dcd_stm32_initialize.c **** /*                                                                        */
  36:Middlewares/ST/usbx/common/usbx_stm32_device_controllers/ux_dcd_stm32_initialize.c **** /*  FUNCTION                                               RELEASE        */
  37:Middlewares/ST/usbx/common/usbx_stm32_device_controllers/ux_dcd_stm32_initialize.c **** /*                                                                        */
  38:Middlewares/ST/usbx/common/usbx_stm32_device_controllers/ux_dcd_stm32_initialize.c **** /*    _ux_dcd_stm32_initialize                            PORTABLE C      */
  39:Middlewares/ST/usbx/common/usbx_stm32_device_controllers/ux_dcd_stm32_initialize.c **** /*                                                           6.1          */
  40:Middlewares/ST/usbx/common/usbx_stm32_device_controllers/ux_dcd_stm32_initialize.c **** /*  AUTHOR                                                                */
  41:Middlewares/ST/usbx/common/usbx_stm32_device_controllers/ux_dcd_stm32_initialize.c **** /*                                                                        */
  42:Middlewares/ST/usbx/common/usbx_stm32_device_controllers/ux_dcd_stm32_initialize.c **** /*    Chaoqiong Xiao, Microsoft Corporation                               */
  43:Middlewares/ST/usbx/common/usbx_stm32_device_controllers/ux_dcd_stm32_initialize.c **** /*                                                                        */
  44:Middlewares/ST/usbx/common/usbx_stm32_device_controllers/ux_dcd_stm32_initialize.c **** /*  DESCRIPTION                                                           */
  45:Middlewares/ST/usbx/common/usbx_stm32_device_controllers/ux_dcd_stm32_initialize.c **** /*                                                                        */
  46:Middlewares/ST/usbx/common/usbx_stm32_device_controllers/ux_dcd_stm32_initialize.c **** /*    This function initializes the USB device controller of the STM32    */
  47:Middlewares/ST/usbx/common/usbx_stm32_device_controllers/ux_dcd_stm32_initialize.c **** /*    microcontroller from ST.                                            */
  48:Middlewares/ST/usbx/common/usbx_stm32_device_controllers/ux_dcd_stm32_initialize.c **** /*                                                                        */
  49:Middlewares/ST/usbx/common/usbx_stm32_device_controllers/ux_dcd_stm32_initialize.c **** /*    Note: only software structures that are necessary for STM32 HAL to  */
  50:Middlewares/ST/usbx/common/usbx_stm32_device_controllers/ux_dcd_stm32_initialize.c **** /*    work is initialized, STM32 HAL APIs should be used to initialize    */
  51:Middlewares/ST/usbx/common/usbx_stm32_device_controllers/ux_dcd_stm32_initialize.c **** /*    controller hardware AFTER the function is invoked.                  */
  52:Middlewares/ST/usbx/common/usbx_stm32_device_controllers/ux_dcd_stm32_initialize.c **** /*                                                                        */
  53:Middlewares/ST/usbx/common/usbx_stm32_device_controllers/ux_dcd_stm32_initialize.c **** /*  INPUT                                                                 */
  54:Middlewares/ST/usbx/common/usbx_stm32_device_controllers/ux_dcd_stm32_initialize.c **** /*                                                                        */
  55:Middlewares/ST/usbx/common/usbx_stm32_device_controllers/ux_dcd_stm32_initialize.c **** /*    dcd_io                                Address of DCD, not used      */
  56:Middlewares/ST/usbx/common/usbx_stm32_device_controllers/ux_dcd_stm32_initialize.c **** /*    parameter                             Parameter, STM32 HAL PCD      */
  57:Middlewares/ST/usbx/common/usbx_stm32_device_controllers/ux_dcd_stm32_initialize.c **** /*                                            pointer is expected         */
  58:Middlewares/ST/usbx/common/usbx_stm32_device_controllers/ux_dcd_stm32_initialize.c **** /*                                                                        */
  59:Middlewares/ST/usbx/common/usbx_stm32_device_controllers/ux_dcd_stm32_initialize.c **** /*  OUTPUT                                                                */
  60:Middlewares/ST/usbx/common/usbx_stm32_device_controllers/ux_dcd_stm32_initialize.c **** /*                                                                        */
  61:Middlewares/ST/usbx/common/usbx_stm32_device_controllers/ux_dcd_stm32_initialize.c **** /*    Completion Status                                                   */
  62:Middlewares/ST/usbx/common/usbx_stm32_device_controllers/ux_dcd_stm32_initialize.c **** /*                                                                        */
  63:Middlewares/ST/usbx/common/usbx_stm32_device_controllers/ux_dcd_stm32_initialize.c **** /*  CALLS                                                                 */
  64:Middlewares/ST/usbx/common/usbx_stm32_device_controllers/ux_dcd_stm32_initialize.c **** /*                                                                        */
  65:Middlewares/ST/usbx/common/usbx_stm32_device_controllers/ux_dcd_stm32_initialize.c **** /*    HAL_PCD_Init                          Initialize LL driver          */
  66:Middlewares/ST/usbx/common/usbx_stm32_device_controllers/ux_dcd_stm32_initialize.c **** /*    _ux_utility_memory_allocate           Allocate memory               */
  67:Middlewares/ST/usbx/common/usbx_stm32_device_controllers/ux_dcd_stm32_initialize.c **** /*                                                                        */
  68:Middlewares/ST/usbx/common/usbx_stm32_device_controllers/ux_dcd_stm32_initialize.c **** /*  CALLED BY                                                             */
  69:Middlewares/ST/usbx/common/usbx_stm32_device_controllers/ux_dcd_stm32_initialize.c **** /*                                                                        */
  70:Middlewares/ST/usbx/common/usbx_stm32_device_controllers/ux_dcd_stm32_initialize.c **** /*    USBX Device Stack                                                   */
  71:Middlewares/ST/usbx/common/usbx_stm32_device_controllers/ux_dcd_stm32_initialize.c **** /*                                                                        */
  72:Middlewares/ST/usbx/common/usbx_stm32_device_controllers/ux_dcd_stm32_initialize.c **** /*  RELEASE HISTORY                                                       */
  73:Middlewares/ST/usbx/common/usbx_stm32_device_controllers/ux_dcd_stm32_initialize.c **** /*                                                                        */
  74:Middlewares/ST/usbx/common/usbx_stm32_device_controllers/ux_dcd_stm32_initialize.c **** /*    DATE              NAME                      DESCRIPTION             */
  75:Middlewares/ST/usbx/common/usbx_stm32_device_controllers/ux_dcd_stm32_initialize.c **** /*                                                                        */
  76:Middlewares/ST/usbx/common/usbx_stm32_device_controllers/ux_dcd_stm32_initialize.c **** /*  05-19-2020     Chaoqiong Xiao           Initial Version 6.0           */
  77:Middlewares/ST/usbx/common/usbx_stm32_device_controllers/ux_dcd_stm32_initialize.c **** /*  09-30-2020     Chaoqiong Xiao           Modified comment(s), used ST  */
  78:Middlewares/ST/usbx/common/usbx_stm32_device_controllers/ux_dcd_stm32_initialize.c **** /*                                            HAL library to drive the    */
  79:Middlewares/ST/usbx/common/usbx_stm32_device_controllers/ux_dcd_stm32_initialize.c **** /*                                            controller,                 */
  80:Middlewares/ST/usbx/common/usbx_stm32_device_controllers/ux_dcd_stm32_initialize.c **** /*                                            resulting in version 6.1    */
  81:Middlewares/ST/usbx/common/usbx_stm32_device_controllers/ux_dcd_stm32_initialize.c **** /*                                                                        */
  82:Middlewares/ST/usbx/common/usbx_stm32_device_controllers/ux_dcd_stm32_initialize.c **** /**************************************************************************/
  83:Middlewares/ST/usbx/common/usbx_stm32_device_controllers/ux_dcd_stm32_initialize.c **** UINT  _ux_dcd_stm32_initialize(ULONG dcd_io, ULONG parameter)
  84:Middlewares/ST/usbx/common/usbx_stm32_device_controllers/ux_dcd_stm32_initialize.c **** {
  31              		.loc 1 84 1 view -0
ARM GAS  C:\usertemp\ccSPpCtp.s 			page 3


  32              		.cfi_startproc
  33              		@ args = 0, pretend = 0, frame = 0
  34              		@ frame_needed = 0, uses_anonymous_args = 0
  35              		.loc 1 84 1 is_stmt 0 view .LVU1
  36 0000 38B5     		push	{r3, r4, r5, lr}
  37              	.LCFI0:
  38              		.cfi_def_cfa_offset 16
  39              		.cfi_offset 3, -16
  40              		.cfi_offset 4, -12
  41              		.cfi_offset 5, -8
  42              		.cfi_offset 14, -4
  43 0002 0D46     		mov	r5, r1
  85:Middlewares/ST/usbx/common/usbx_stm32_device_controllers/ux_dcd_stm32_initialize.c **** 
  86:Middlewares/ST/usbx/common/usbx_stm32_device_controllers/ux_dcd_stm32_initialize.c **** UX_SLAVE_DCD            *dcd;
  44              		.loc 1 86 1 is_stmt 1 view .LVU2
  87:Middlewares/ST/usbx/common/usbx_stm32_device_controllers/ux_dcd_stm32_initialize.c **** UX_DCD_STM32            *dcd_stm32;
  45              		.loc 1 87 1 view .LVU3
  88:Middlewares/ST/usbx/common/usbx_stm32_device_controllers/ux_dcd_stm32_initialize.c **** 
  89:Middlewares/ST/usbx/common/usbx_stm32_device_controllers/ux_dcd_stm32_initialize.c **** 
  90:Middlewares/ST/usbx/common/usbx_stm32_device_controllers/ux_dcd_stm32_initialize.c ****     UX_PARAMETER_NOT_USED(dcd_io);
  46              		.loc 1 90 5 view .LVU4
  91:Middlewares/ST/usbx/common/usbx_stm32_device_controllers/ux_dcd_stm32_initialize.c **** 
  92:Middlewares/ST/usbx/common/usbx_stm32_device_controllers/ux_dcd_stm32_initialize.c ****     /* Get the pointer to the DCD.  */
  93:Middlewares/ST/usbx/common/usbx_stm32_device_controllers/ux_dcd_stm32_initialize.c ****     dcd =  &_ux_system_slave -> ux_system_slave_dcd;
  47              		.loc 1 93 5 view .LVU5
  48              		.loc 1 93 30 is_stmt 0 view .LVU6
  49 0004 0A4B     		ldr	r3, .L5
  50 0006 1C68     		ldr	r4, [r3]
  51              	.LVL1:
  94:Middlewares/ST/usbx/common/usbx_stm32_device_controllers/ux_dcd_stm32_initialize.c **** 
  95:Middlewares/ST/usbx/common/usbx_stm32_device_controllers/ux_dcd_stm32_initialize.c ****     /* The controller initialized here is of STM32 type.  */
  96:Middlewares/ST/usbx/common/usbx_stm32_device_controllers/ux_dcd_stm32_initialize.c ****     dcd -> ux_slave_dcd_controller_type =  UX_DCD_STM32_SLAVE_CONTROLLER;
  52              		.loc 1 96 5 is_stmt 1 view .LVU7
  53              		.loc 1 96 41 is_stmt 0 view .LVU8
  54 0008 8023     		movs	r3, #128
  55 000a 6360     		str	r3, [r4, #4]
  97:Middlewares/ST/usbx/common/usbx_stm32_device_controllers/ux_dcd_stm32_initialize.c **** 
  98:Middlewares/ST/usbx/common/usbx_stm32_device_controllers/ux_dcd_stm32_initialize.c ****     /* Allocate memory for this STM32 DCD instance.  */
  99:Middlewares/ST/usbx/common/usbx_stm32_device_controllers/ux_dcd_stm32_initialize.c ****     dcd_stm32 =  _ux_utility_memory_allocate(UX_NO_ALIGN, UX_REGULAR_MEMORY, sizeof(UX_DCD_STM32));
  56              		.loc 1 99 5 is_stmt 1 view .LVU9
  57              		.loc 1 99 18 is_stmt 0 view .LVU10
  58 000c 9822     		movs	r2, #152
  59 000e 0021     		movs	r1, #0
  60              	.LVL2:
  61              		.loc 1 99 18 view .LVU11
  62 0010 0846     		mov	r0, r1
  63              	.LVL3:
  64              		.loc 1 99 18 view .LVU12
  65 0012 FFF7FEFF 		bl	_ux_utility_memory_allocate
  66              	.LVL4:
 100:Middlewares/ST/usbx/common/usbx_stm32_device_controllers/ux_dcd_stm32_initialize.c **** 
 101:Middlewares/ST/usbx/common/usbx_stm32_device_controllers/ux_dcd_stm32_initialize.c ****     /* Check if memory was properly allocated.  */
 102:Middlewares/ST/usbx/common/usbx_stm32_device_controllers/ux_dcd_stm32_initialize.c ****     if(dcd_stm32 == UX_NULL)
  67              		.loc 1 102 5 is_stmt 1 view .LVU13
  68              		.loc 1 102 7 is_stmt 0 view .LVU14
  69 0016 48B1     		cbz	r0, .L3
 103:Middlewares/ST/usbx/common/usbx_stm32_device_controllers/ux_dcd_stm32_initialize.c ****         return(UX_MEMORY_INSUFFICIENT);
ARM GAS  C:\usertemp\ccSPpCtp.s 			page 4


 104:Middlewares/ST/usbx/common/usbx_stm32_device_controllers/ux_dcd_stm32_initialize.c **** 
 105:Middlewares/ST/usbx/common/usbx_stm32_device_controllers/ux_dcd_stm32_initialize.c ****     /* Set the pointer to the STM32 DCD.  */
 106:Middlewares/ST/usbx/common/usbx_stm32_device_controllers/ux_dcd_stm32_initialize.c ****     dcd -> ux_slave_dcd_controller_hardware =  (VOID *) dcd_stm32;
  70              		.loc 1 106 5 is_stmt 1 view .LVU15
  71              		.loc 1 106 45 is_stmt 0 view .LVU16
  72 0018 E061     		str	r0, [r4, #28]
 107:Middlewares/ST/usbx/common/usbx_stm32_device_controllers/ux_dcd_stm32_initialize.c **** 
 108:Middlewares/ST/usbx/common/usbx_stm32_device_controllers/ux_dcd_stm32_initialize.c ****     /* Set the generic DCD owner for the STM32 DCD.  */
 109:Middlewares/ST/usbx/common/usbx_stm32_device_controllers/ux_dcd_stm32_initialize.c ****     dcd_stm32 -> ux_dcd_stm32_dcd_owner =  dcd;
  73              		.loc 1 109 5 is_stmt 1 view .LVU17
  74              		.loc 1 109 41 is_stmt 0 view .LVU18
  75 001a 0460     		str	r4, [r0]
 110:Middlewares/ST/usbx/common/usbx_stm32_device_controllers/ux_dcd_stm32_initialize.c **** 
 111:Middlewares/ST/usbx/common/usbx_stm32_device_controllers/ux_dcd_stm32_initialize.c ****     /* Initialize the function collector for this DCD.  */
 112:Middlewares/ST/usbx/common/usbx_stm32_device_controllers/ux_dcd_stm32_initialize.c ****     dcd -> ux_slave_dcd_function =  _ux_dcd_stm32_function;
  76              		.loc 1 112 5 is_stmt 1 view .LVU19
  77              		.loc 1 112 34 is_stmt 0 view .LVU20
  78 001c 054A     		ldr	r2, .L5+4
  79 001e A261     		str	r2, [r4, #24]
 113:Middlewares/ST/usbx/common/usbx_stm32_device_controllers/ux_dcd_stm32_initialize.c **** 
 114:Middlewares/ST/usbx/common/usbx_stm32_device_controllers/ux_dcd_stm32_initialize.c ****     dcd_stm32 -> pcd_handle = (PCD_HandleTypeDef *)parameter;
  80              		.loc 1 114 5 is_stmt 1 view .LVU21
  81              		.loc 1 114 29 is_stmt 0 view .LVU22
  82 0020 C0F89450 		str	r5, [r0, #148]
 115:Middlewares/ST/usbx/common/usbx_stm32_device_controllers/ux_dcd_stm32_initialize.c **** 
 116:Middlewares/ST/usbx/common/usbx_stm32_device_controllers/ux_dcd_stm32_initialize.c ****     /* Set the state of the controller to OPERATIONAL now.  */
 117:Middlewares/ST/usbx/common/usbx_stm32_device_controllers/ux_dcd_stm32_initialize.c ****     dcd -> ux_slave_dcd_status =  UX_DCD_STATUS_OPERATIONAL;
  83              		.loc 1 117 5 is_stmt 1 view .LVU23
  84              		.loc 1 117 32 is_stmt 0 view .LVU24
  85 0024 0123     		movs	r3, #1
  86 0026 2360     		str	r3, [r4]
 118:Middlewares/ST/usbx/common/usbx_stm32_device_controllers/ux_dcd_stm32_initialize.c **** 
 119:Middlewares/ST/usbx/common/usbx_stm32_device_controllers/ux_dcd_stm32_initialize.c ****     /* Return successful completion.  */
 120:Middlewares/ST/usbx/common/usbx_stm32_device_controllers/ux_dcd_stm32_initialize.c ****     return(UX_SUCCESS);
  87              		.loc 1 120 5 is_stmt 1 view .LVU25
  88              		.loc 1 120 11 is_stmt 0 view .LVU26
  89 0028 0020     		movs	r0, #0
  90              	.LVL5:
  91              	.L1:
 121:Middlewares/ST/usbx/common/usbx_stm32_device_controllers/ux_dcd_stm32_initialize.c **** }
  92              		.loc 1 121 1 view .LVU27
  93 002a 38BD     		pop	{r3, r4, r5, pc}
  94              	.LVL6:
  95              	.L3:
 103:Middlewares/ST/usbx/common/usbx_stm32_device_controllers/ux_dcd_stm32_initialize.c **** 
  96              		.loc 1 103 15 view .LVU28
  97 002c 1220     		movs	r0, #18
  98              	.LVL7:
 103:Middlewares/ST/usbx/common/usbx_stm32_device_controllers/ux_dcd_stm32_initialize.c **** 
  99              		.loc 1 103 15 view .LVU29
 100 002e FCE7     		b	.L1
 101              	.L6:
 102              		.align	2
 103              	.L5:
 104 0030 00000000 		.word	_ux_system_slave
 105 0034 00000000 		.word	_ux_dcd_stm32_function
 106              		.cfi_endproc
ARM GAS  C:\usertemp\ccSPpCtp.s 			page 5


 107              	.LFE169:
 109              		.text
 110              	.Letext0:
 111              		.file 2 "D:/armtoolchain/arm-gnu-toolchain-13.3.rel1-mingw-w64-i686-arm-none-eabi/arm-none-eabi/in
 112              		.file 3 "Middlewares/ST/threadx/ports/cortex_m33/gnu/inc/tx_port.h"
 113              		.file 4 "Middlewares/ST/threadx/common/inc/tx_api.h"
 114              		.file 5 "Middlewares/ST/usbx/common/core/inc/ux_api.h"
 115              		.file 6 "D:/armtoolchain/arm-gnu-toolchain-13.3.rel1-mingw-w64-i686-arm-none-eabi/arm-none-eabi/in
 116              		.file 7 "Drivers/CMSIS/Device/ST/STM32U5xx/Include/stm32u575xx.h"
 117              		.file 8 "Drivers/STM32U5xx_HAL_Driver/Inc/stm32u5xx_hal_def.h"
 118              		.file 9 "Drivers/STM32U5xx_HAL_Driver/Inc/stm32u5xx_ll_usb.h"
 119              		.file 10 "Drivers/STM32U5xx_HAL_Driver/Inc/stm32u5xx_hal_pcd.h"
 120              		.file 11 "Middlewares/ST/usbx/common/usbx_stm32_device_controllers/ux_dcd_stm32.h"
 121              		.file 12 "Middlewares/ST/usbx/common/core/inc/ux_utility.h"
 122              		.file 13 "Middlewares/ST/usbx/common/core/inc/ux_system.h"
ARM GAS  C:\usertemp\ccSPpCtp.s 			page 6


DEFINED SYMBOLS
                            *ABS*:00000000 ux_dcd_stm32_initialize.c
C:\usertemp\ccSPpCtp.s:22     .text._ux_dcd_stm32_initialize:00000000 $t
C:\usertemp\ccSPpCtp.s:28     .text._ux_dcd_stm32_initialize:00000000 _ux_dcd_stm32_initialize
C:\usertemp\ccSPpCtp.s:104    .text._ux_dcd_stm32_initialize:00000030 $d

UNDEFINED SYMBOLS
_ux_utility_memory_allocate
_ux_system_slave
_ux_dcd_stm32_function
