ARM GAS  C:\usertemp\cc0Pxfmc.s 			page 1


   1              		.cpu cortex-m33
   2              		.arch armv8-m.main
   3              		.fpu fpv4-sp-d16
   4              		.arch_extension dsp
   5              		.eabi_attribute 27, 1
   6              		.eabi_attribute 28, 1
   7              		.eabi_attribute 20, 1
   8              		.eabi_attribute 21, 1
   9              		.eabi_attribute 23, 3
  10              		.eabi_attribute 24, 1
  11              		.eabi_attribute 25, 1
  12              		.eabi_attribute 26, 1
  13              		.eabi_attribute 30, 1
  14              		.eabi_attribute 34, 1
  15              		.eabi_attribute 18, 4
  16              		.file	"ux_device_stack_interface_delete.c"
  17              		.text
  18              	.Ltext0:
  19              		.cfi_sections	.debug_frame
  20              		.file 1 "Middlewares/ST/usbx/common/core/src/ux_device_stack_interface_delete.c"
  21              		.section	.text._ux_device_stack_interface_delete,"ax",%progbits
  22              		.align	1
  23              		.global	_ux_device_stack_interface_delete
  24              		.syntax unified
  25              		.thumb
  26              		.thumb_func
  28              	_ux_device_stack_interface_delete:
  29              	.LVL0:
  30              	.LFB11:
   1:Middlewares/ST/usbx/common/core/src/ux_device_stack_interface_delete.c **** /**************************************************************************/
   2:Middlewares/ST/usbx/common/core/src/ux_device_stack_interface_delete.c **** /*                                                                        */
   3:Middlewares/ST/usbx/common/core/src/ux_device_stack_interface_delete.c **** /*       Copyright (c) Microsoft Corporation. All rights reserved.        */
   4:Middlewares/ST/usbx/common/core/src/ux_device_stack_interface_delete.c **** /*                                                                        */
   5:Middlewares/ST/usbx/common/core/src/ux_device_stack_interface_delete.c **** /*       This software is licensed under the Microsoft Software License   */
   6:Middlewares/ST/usbx/common/core/src/ux_device_stack_interface_delete.c **** /*       Terms for Microsoft Azure RTOS. Full text of the license can be  */
   7:Middlewares/ST/usbx/common/core/src/ux_device_stack_interface_delete.c **** /*       found in the LICENSE file at https://aka.ms/AzureRTOS_EULA       */
   8:Middlewares/ST/usbx/common/core/src/ux_device_stack_interface_delete.c **** /*       and in the root directory of this software.                      */
   9:Middlewares/ST/usbx/common/core/src/ux_device_stack_interface_delete.c **** /*                                                                        */
  10:Middlewares/ST/usbx/common/core/src/ux_device_stack_interface_delete.c **** /**************************************************************************/
  11:Middlewares/ST/usbx/common/core/src/ux_device_stack_interface_delete.c **** 
  12:Middlewares/ST/usbx/common/core/src/ux_device_stack_interface_delete.c **** 
  13:Middlewares/ST/usbx/common/core/src/ux_device_stack_interface_delete.c **** /**************************************************************************/
  14:Middlewares/ST/usbx/common/core/src/ux_device_stack_interface_delete.c **** /**************************************************************************/
  15:Middlewares/ST/usbx/common/core/src/ux_device_stack_interface_delete.c **** /**                                                                       */ 
  16:Middlewares/ST/usbx/common/core/src/ux_device_stack_interface_delete.c **** /** USBX Component                                                        */ 
  17:Middlewares/ST/usbx/common/core/src/ux_device_stack_interface_delete.c **** /**                                                                       */
  18:Middlewares/ST/usbx/common/core/src/ux_device_stack_interface_delete.c **** /**   Device Stack                                                        */
  19:Middlewares/ST/usbx/common/core/src/ux_device_stack_interface_delete.c **** /**                                                                       */
  20:Middlewares/ST/usbx/common/core/src/ux_device_stack_interface_delete.c **** /**************************************************************************/
  21:Middlewares/ST/usbx/common/core/src/ux_device_stack_interface_delete.c **** /**************************************************************************/
  22:Middlewares/ST/usbx/common/core/src/ux_device_stack_interface_delete.c **** 
  23:Middlewares/ST/usbx/common/core/src/ux_device_stack_interface_delete.c **** #define UX_SOURCE_CODE
  24:Middlewares/ST/usbx/common/core/src/ux_device_stack_interface_delete.c **** 
  25:Middlewares/ST/usbx/common/core/src/ux_device_stack_interface_delete.c **** 
  26:Middlewares/ST/usbx/common/core/src/ux_device_stack_interface_delete.c **** /* Include necessary system files.  */
  27:Middlewares/ST/usbx/common/core/src/ux_device_stack_interface_delete.c **** 
  28:Middlewares/ST/usbx/common/core/src/ux_device_stack_interface_delete.c **** #include "ux_api.h"
ARM GAS  C:\usertemp\cc0Pxfmc.s 			page 2


  29:Middlewares/ST/usbx/common/core/src/ux_device_stack_interface_delete.c **** #include "ux_device_stack.h"
  30:Middlewares/ST/usbx/common/core/src/ux_device_stack_interface_delete.c **** 
  31:Middlewares/ST/usbx/common/core/src/ux_device_stack_interface_delete.c **** 
  32:Middlewares/ST/usbx/common/core/src/ux_device_stack_interface_delete.c **** /**************************************************************************/
  33:Middlewares/ST/usbx/common/core/src/ux_device_stack_interface_delete.c **** /*                                                                        */
  34:Middlewares/ST/usbx/common/core/src/ux_device_stack_interface_delete.c **** /*  FUNCTION                                               RELEASE        */
  35:Middlewares/ST/usbx/common/core/src/ux_device_stack_interface_delete.c **** /*                                                                        */
  36:Middlewares/ST/usbx/common/core/src/ux_device_stack_interface_delete.c **** /*    _ux_device_stack_interface_delete                   PORTABLE C      */
  37:Middlewares/ST/usbx/common/core/src/ux_device_stack_interface_delete.c **** /*                                                           6.1.12       */
  38:Middlewares/ST/usbx/common/core/src/ux_device_stack_interface_delete.c **** /*  AUTHOR                                                                */
  39:Middlewares/ST/usbx/common/core/src/ux_device_stack_interface_delete.c **** /*                                                                        */
  40:Middlewares/ST/usbx/common/core/src/ux_device_stack_interface_delete.c **** /*    Chaoqiong Xiao, Microsoft Corporation                               */
  41:Middlewares/ST/usbx/common/core/src/ux_device_stack_interface_delete.c **** /*                                                                        */
  42:Middlewares/ST/usbx/common/core/src/ux_device_stack_interface_delete.c **** /*  DESCRIPTION                                                           */
  43:Middlewares/ST/usbx/common/core/src/ux_device_stack_interface_delete.c **** /*                                                                        */
  44:Middlewares/ST/usbx/common/core/src/ux_device_stack_interface_delete.c **** /*    This function deletes an interface. Semaphore and memory are        */
  45:Middlewares/ST/usbx/common/core/src/ux_device_stack_interface_delete.c **** /*    released and the controller driver is invoked to disable the        */
  46:Middlewares/ST/usbx/common/core/src/ux_device_stack_interface_delete.c **** /*    hardware endpoint.  The interface is then removed from the          */ 
  47:Middlewares/ST/usbx/common/core/src/ux_device_stack_interface_delete.c **** /*    configuration.                                                      */
  48:Middlewares/ST/usbx/common/core/src/ux_device_stack_interface_delete.c **** /*                                                                        */
  49:Middlewares/ST/usbx/common/core/src/ux_device_stack_interface_delete.c **** /*  INPUT                                                                 */
  50:Middlewares/ST/usbx/common/core/src/ux_device_stack_interface_delete.c **** /*                                                                        */
  51:Middlewares/ST/usbx/common/core/src/ux_device_stack_interface_delete.c **** /*    interface                             Pointer to interface          */
  52:Middlewares/ST/usbx/common/core/src/ux_device_stack_interface_delete.c **** /*                                                                        */
  53:Middlewares/ST/usbx/common/core/src/ux_device_stack_interface_delete.c **** /*  OUTPUT                                                                */
  54:Middlewares/ST/usbx/common/core/src/ux_device_stack_interface_delete.c **** /*                                                                        */
  55:Middlewares/ST/usbx/common/core/src/ux_device_stack_interface_delete.c **** /*    Completion Status                                                   */ 
  56:Middlewares/ST/usbx/common/core/src/ux_device_stack_interface_delete.c **** /*                                                                        */
  57:Middlewares/ST/usbx/common/core/src/ux_device_stack_interface_delete.c **** /*  CALLS                                                                 */ 
  58:Middlewares/ST/usbx/common/core/src/ux_device_stack_interface_delete.c **** /*                                                                        */ 
  59:Middlewares/ST/usbx/common/core/src/ux_device_stack_interface_delete.c **** /*    (ux_slave_dcd_function)               DCD dispatch function         */ 
  60:Middlewares/ST/usbx/common/core/src/ux_device_stack_interface_delete.c **** /*                                                                        */ 
  61:Middlewares/ST/usbx/common/core/src/ux_device_stack_interface_delete.c **** /*  CALLED BY                                                             */ 
  62:Middlewares/ST/usbx/common/core/src/ux_device_stack_interface_delete.c **** /*                                                                        */ 
  63:Middlewares/ST/usbx/common/core/src/ux_device_stack_interface_delete.c **** /*    Application                                                         */ 
  64:Middlewares/ST/usbx/common/core/src/ux_device_stack_interface_delete.c **** /*                                                                        */ 
  65:Middlewares/ST/usbx/common/core/src/ux_device_stack_interface_delete.c **** /*  RELEASE HISTORY                                                       */ 
  66:Middlewares/ST/usbx/common/core/src/ux_device_stack_interface_delete.c **** /*                                                                        */ 
  67:Middlewares/ST/usbx/common/core/src/ux_device_stack_interface_delete.c **** /*    DATE              NAME                      DESCRIPTION             */ 
  68:Middlewares/ST/usbx/common/core/src/ux_device_stack_interface_delete.c **** /*                                                                        */ 
  69:Middlewares/ST/usbx/common/core/src/ux_device_stack_interface_delete.c **** /*  05-19-2020     Chaoqiong Xiao           Initial Version 6.0           */
  70:Middlewares/ST/usbx/common/core/src/ux_device_stack_interface_delete.c **** /*  09-30-2020     Chaoqiong Xiao           Modified comment(s),          */
  71:Middlewares/ST/usbx/common/core/src/ux_device_stack_interface_delete.c **** /*                                            resulting in version 6.1    */
  72:Middlewares/ST/usbx/common/core/src/ux_device_stack_interface_delete.c **** /*  07-29-2022     Chaoqiong Xiao           Modified comment(s),          */
  73:Middlewares/ST/usbx/common/core/src/ux_device_stack_interface_delete.c **** /*                                            fixed parameter/variable    */
  74:Middlewares/ST/usbx/common/core/src/ux_device_stack_interface_delete.c **** /*                                            names conflict C++ keyword, */
  75:Middlewares/ST/usbx/common/core/src/ux_device_stack_interface_delete.c **** /*                                            resulting in version 6.1.12 */
  76:Middlewares/ST/usbx/common/core/src/ux_device_stack_interface_delete.c **** /*                                                                        */
  77:Middlewares/ST/usbx/common/core/src/ux_device_stack_interface_delete.c **** /**************************************************************************/
  78:Middlewares/ST/usbx/common/core/src/ux_device_stack_interface_delete.c **** UINT  _ux_device_stack_interface_delete(UX_SLAVE_INTERFACE *interface_ptr)
  79:Middlewares/ST/usbx/common/core/src/ux_device_stack_interface_delete.c **** {
  31              		.loc 1 79 1 view -0
  32              		.cfi_startproc
  33              		@ args = 0, pretend = 0, frame = 0
  34              		@ frame_needed = 0, uses_anonymous_args = 0
  35              		.loc 1 79 1 is_stmt 0 view .LVU1
  36 0000 F8B5     		push	{r3, r4, r5, r6, r7, lr}
ARM GAS  C:\usertemp\cc0Pxfmc.s 			page 3


  37              	.LCFI0:
  38              		.cfi_def_cfa_offset 24
  39              		.cfi_offset 3, -24
  40              		.cfi_offset 4, -20
  41              		.cfi_offset 5, -16
  42              		.cfi_offset 6, -12
  43              		.cfi_offset 7, -8
  44              		.cfi_offset 14, -4
  45 0002 0646     		mov	r6, r0
  80:Middlewares/ST/usbx/common/core/src/ux_device_stack_interface_delete.c **** 
  81:Middlewares/ST/usbx/common/core/src/ux_device_stack_interface_delete.c **** UX_SLAVE_DCD            *dcd;
  46              		.loc 1 81 1 is_stmt 1 view .LVU2
  82:Middlewares/ST/usbx/common/core/src/ux_device_stack_interface_delete.c **** UX_SLAVE_DEVICE         *device;
  47              		.loc 1 82 1 view .LVU3
  83:Middlewares/ST/usbx/common/core/src/ux_device_stack_interface_delete.c **** UX_SLAVE_ENDPOINT       *endpoint;
  48              		.loc 1 83 1 view .LVU4
  84:Middlewares/ST/usbx/common/core/src/ux_device_stack_interface_delete.c **** UX_SLAVE_ENDPOINT       *next_endpoint;
  49              		.loc 1 84 1 view .LVU5
  85:Middlewares/ST/usbx/common/core/src/ux_device_stack_interface_delete.c **** 
  86:Middlewares/ST/usbx/common/core/src/ux_device_stack_interface_delete.c ****     /* If trace is enabled, register this object.  */
  87:Middlewares/ST/usbx/common/core/src/ux_device_stack_interface_delete.c ****     UX_TRACE_OBJECT_UNREGISTER(interface_ptr);
  50              		.loc 1 87 46 view .LVU6
  88:Middlewares/ST/usbx/common/core/src/ux_device_stack_interface_delete.c **** 
  89:Middlewares/ST/usbx/common/core/src/ux_device_stack_interface_delete.c ****     /* If trace is enabled, insert this event into the trace buffer.  */
  90:Middlewares/ST/usbx/common/core/src/ux_device_stack_interface_delete.c ****     UX_TRACE_IN_LINE_INSERT(UX_TRACE_DEVICE_STACK_INTERFACE_DELETE, interface_ptr, 0, 0, 0, UX_TRAC
  91:Middlewares/ST/usbx/common/core/src/ux_device_stack_interface_delete.c **** 
  92:Middlewares/ST/usbx/common/core/src/ux_device_stack_interface_delete.c ****     /* Get the pointer to the device.  */
  93:Middlewares/ST/usbx/common/core/src/ux_device_stack_interface_delete.c ****     device =  &_ux_system_slave -> ux_system_slave_device;
  51              		.loc 1 93 5 view .LVU7
  52              		.loc 1 93 33 is_stmt 0 view .LVU8
  53 0004 0E4B     		ldr	r3, .L5
  54 0006 1F68     		ldr	r7, [r3]
  55              	.LVL1:
  94:Middlewares/ST/usbx/common/core/src/ux_device_stack_interface_delete.c **** 
  95:Middlewares/ST/usbx/common/core/src/ux_device_stack_interface_delete.c ****     /* Find the first endpoints associated with this interface.  */    
  96:Middlewares/ST/usbx/common/core/src/ux_device_stack_interface_delete.c ****     next_endpoint =  interface_ptr -> ux_slave_interface_first_endpoint;        
  56              		.loc 1 96 5 is_stmt 1 view .LVU9
  57              		.loc 1 96 19 is_stmt 0 view .LVU10
  58 0008 C469     		ldr	r4, [r0, #28]
  59              	.LVL2:
  97:Middlewares/ST/usbx/common/core/src/ux_device_stack_interface_delete.c ****     
  98:Middlewares/ST/usbx/common/core/src/ux_device_stack_interface_delete.c ****     /* Parse all the endpoints.  */    
  99:Middlewares/ST/usbx/common/core/src/ux_device_stack_interface_delete.c ****     while (next_endpoint != UX_NULL)
  60              		.loc 1 99 5 is_stmt 1 view .LVU11
  61              		.loc 1 99 11 is_stmt 0 view .LVU12
  62 000a 0DE0     		b	.L2
  63              	.LVL3:
  64              	.L3:
 100:Middlewares/ST/usbx/common/core/src/ux_device_stack_interface_delete.c ****     {
 101:Middlewares/ST/usbx/common/core/src/ux_device_stack_interface_delete.c **** 
 102:Middlewares/ST/usbx/common/core/src/ux_device_stack_interface_delete.c ****         /* Save this endpoint.  */
 103:Middlewares/ST/usbx/common/core/src/ux_device_stack_interface_delete.c ****         endpoint =  next_endpoint;
  65              		.loc 1 103 9 is_stmt 1 view .LVU13
 104:Middlewares/ST/usbx/common/core/src/ux_device_stack_interface_delete.c ****         
 105:Middlewares/ST/usbx/common/core/src/ux_device_stack_interface_delete.c ****         /* Find the next endpoint.  */
 106:Middlewares/ST/usbx/common/core/src/ux_device_stack_interface_delete.c ****         next_endpoint =  endpoint -> ux_slave_endpoint_next_endpoint;
  66              		.loc 1 106 9 view .LVU14
ARM GAS  C:\usertemp\cc0Pxfmc.s 			page 4


  67              		.loc 1 106 23 is_stmt 0 view .LVU15
  68 000c 6569     		ldr	r5, [r4, #20]
  69              	.LVL4:
 107:Middlewares/ST/usbx/common/core/src/ux_device_stack_interface_delete.c ****         
 108:Middlewares/ST/usbx/common/core/src/ux_device_stack_interface_delete.c ****         /* Get the pointer to the DCD.  */
 109:Middlewares/ST/usbx/common/core/src/ux_device_stack_interface_delete.c ****         dcd =  &_ux_system_slave->ux_system_slave_dcd;
  70              		.loc 1 109 9 is_stmt 1 view .LVU16
  71              		.loc 1 109 33 is_stmt 0 view .LVU17
  72 000e 0C4B     		ldr	r3, .L5
  73 0010 1868     		ldr	r0, [r3]
  74              	.LVL5:
 110:Middlewares/ST/usbx/common/core/src/ux_device_stack_interface_delete.c **** 
 111:Middlewares/ST/usbx/common/core/src/ux_device_stack_interface_delete.c ****         /* The endpoint must be destroyed.  */
 112:Middlewares/ST/usbx/common/core/src/ux_device_stack_interface_delete.c ****         dcd -> ux_slave_dcd_function(dcd, UX_DCD_DESTROY_ENDPOINT, endpoint);
  75              		.loc 1 112 9 is_stmt 1 view .LVU18
  76              		.loc 1 112 13 is_stmt 0 view .LVU19
  77 0012 8369     		ldr	r3, [r0, #24]
  78              		.loc 1 112 9 view .LVU20
  79 0014 2246     		mov	r2, r4
  80 0016 0F21     		movs	r1, #15
  81 0018 9847     		blx	r3
  82              	.LVL6:
 113:Middlewares/ST/usbx/common/core/src/ux_device_stack_interface_delete.c **** 
 114:Middlewares/ST/usbx/common/core/src/ux_device_stack_interface_delete.c ****         /* Free the endpoint.  */
 115:Middlewares/ST/usbx/common/core/src/ux_device_stack_interface_delete.c ****         endpoint -> ux_slave_endpoint_status =  UX_UNUSED;
  83              		.loc 1 115 9 is_stmt 1 view .LVU21
  84              		.loc 1 115 46 is_stmt 0 view .LVU22
  85 001a 0023     		movs	r3, #0
  86 001c 2360     		str	r3, [r4]
 116:Middlewares/ST/usbx/common/core/src/ux_device_stack_interface_delete.c **** 
 117:Middlewares/ST/usbx/common/core/src/ux_device_stack_interface_delete.c ****         /* Make sure the endpoint instance is now cleaned up.  */
 118:Middlewares/ST/usbx/common/core/src/ux_device_stack_interface_delete.c ****         endpoint -> ux_slave_endpoint_state =  0;
  87              		.loc 1 118 9 is_stmt 1 view .LVU23
  88              		.loc 1 118 45 is_stmt 0 view .LVU24
  89 001e 6360     		str	r3, [r4, #4]
 119:Middlewares/ST/usbx/common/core/src/ux_device_stack_interface_delete.c ****         endpoint -> ux_slave_endpoint_next_endpoint =  UX_NULL;
  90              		.loc 1 119 9 is_stmt 1 view .LVU25
  91              		.loc 1 119 53 is_stmt 0 view .LVU26
  92 0020 6361     		str	r3, [r4, #20]
 120:Middlewares/ST/usbx/common/core/src/ux_device_stack_interface_delete.c ****         endpoint -> ux_slave_endpoint_interface =  UX_NULL;
  93              		.loc 1 120 9 is_stmt 1 view .LVU27
  94              		.loc 1 120 49 is_stmt 0 view .LVU28
  95 0022 A361     		str	r3, [r4, #24]
 121:Middlewares/ST/usbx/common/core/src/ux_device_stack_interface_delete.c ****         endpoint -> ux_slave_endpoint_device =  UX_NULL;
  96              		.loc 1 121 9 is_stmt 1 view .LVU29
  97              		.loc 1 121 46 is_stmt 0 view .LVU30
  98 0024 E361     		str	r3, [r4, #28]
 106:Middlewares/ST/usbx/common/core/src/ux_device_stack_interface_delete.c ****         
  99              		.loc 1 106 23 view .LVU31
 100 0026 2C46     		mov	r4, r5
 101              	.LVL7:
 102              	.L2:
  99:Middlewares/ST/usbx/common/core/src/ux_device_stack_interface_delete.c ****     {
 103              		.loc 1 99 26 is_stmt 1 view .LVU32
 104 0028 002C     		cmp	r4, #0
 105 002a EFD1     		bne	.L3
 122:Middlewares/ST/usbx/common/core/src/ux_device_stack_interface_delete.c ****     }        
ARM GAS  C:\usertemp\cc0Pxfmc.s 			page 5


 123:Middlewares/ST/usbx/common/core/src/ux_device_stack_interface_delete.c **** 
 124:Middlewares/ST/usbx/common/core/src/ux_device_stack_interface_delete.c ****     /* It's always from first one (to delete).  */
 125:Middlewares/ST/usbx/common/core/src/ux_device_stack_interface_delete.c ****     /* Rebuild the first link.  */
 126:Middlewares/ST/usbx/common/core/src/ux_device_stack_interface_delete.c ****     device -> ux_slave_device_first_interface =  interface_ptr -> ux_slave_interface_next_interface
 106              		.loc 1 126 5 view .LVU33
 107              		.loc 1 126 64 is_stmt 0 view .LVU34
 108 002c B369     		ldr	r3, [r6, #24]
 109              		.loc 1 126 47 view .LVU35
 110 002e C7F8C830 		str	r3, [r7, #200]
 127:Middlewares/ST/usbx/common/core/src/ux_device_stack_interface_delete.c **** 
 128:Middlewares/ST/usbx/common/core/src/ux_device_stack_interface_delete.c ****     /* The interface is removed from the link, its memory must be cleaned and returned to the pool.
 129:Middlewares/ST/usbx/common/core/src/ux_device_stack_interface_delete.c ****     interface_ptr -> ux_slave_interface_class          =  UX_NULL;
 111              		.loc 1 129 5 is_stmt 1 view .LVU36
 112              		.loc 1 129 56 is_stmt 0 view .LVU37
 113 0032 0020     		movs	r0, #0
 114 0034 7060     		str	r0, [r6, #4]
 130:Middlewares/ST/usbx/common/core/src/ux_device_stack_interface_delete.c ****     interface_ptr -> ux_slave_interface_class_instance =  UX_NULL;
 115              		.loc 1 130 5 is_stmt 1 view .LVU38
 116              		.loc 1 130 56 is_stmt 0 view .LVU39
 117 0036 B060     		str	r0, [r6, #8]
 131:Middlewares/ST/usbx/common/core/src/ux_device_stack_interface_delete.c ****     interface_ptr -> ux_slave_interface_next_interface =  UX_NULL;
 118              		.loc 1 131 5 is_stmt 1 view .LVU40
 119              		.loc 1 131 56 is_stmt 0 view .LVU41
 120 0038 B061     		str	r0, [r6, #24]
 132:Middlewares/ST/usbx/common/core/src/ux_device_stack_interface_delete.c ****     interface_ptr -> ux_slave_interface_first_endpoint =  UX_NULL;
 121              		.loc 1 132 5 is_stmt 1 view .LVU42
 122              		.loc 1 132 56 is_stmt 0 view .LVU43
 123 003a F061     		str	r0, [r6, #28]
 133:Middlewares/ST/usbx/common/core/src/ux_device_stack_interface_delete.c ****     interface_ptr -> ux_slave_interface_status         =  UX_UNUSED;
 124              		.loc 1 133 5 is_stmt 1 view .LVU44
 125              		.loc 1 133 56 is_stmt 0 view .LVU45
 126 003c 3060     		str	r0, [r6]
 134:Middlewares/ST/usbx/common/core/src/ux_device_stack_interface_delete.c **** 
 135:Middlewares/ST/usbx/common/core/src/ux_device_stack_interface_delete.c ****     /* Return successful completion.  */    
 136:Middlewares/ST/usbx/common/core/src/ux_device_stack_interface_delete.c ****     return(UX_SUCCESS);       
 127              		.loc 1 136 5 is_stmt 1 view .LVU46
 137:Middlewares/ST/usbx/common/core/src/ux_device_stack_interface_delete.c **** }
 128              		.loc 1 137 1 is_stmt 0 view .LVU47
 129 003e F8BD     		pop	{r3, r4, r5, r6, r7, pc}
 130              	.LVL8:
 131              	.L6:
 132              		.loc 1 137 1 view .LVU48
 133              		.align	2
 134              	.L5:
 135 0040 00000000 		.word	_ux_system_slave
 136              		.cfi_endproc
 137              	.LFE11:
 139              		.text
 140              	.Letext0:
 141              		.file 2 "Middlewares/ST/threadx/ports/cortex_m33/gnu/inc/tx_port.h"
 142              		.file 3 "Middlewares/ST/threadx/common/inc/tx_api.h"
 143              		.file 4 "Middlewares/ST/usbx/common/core/inc/ux_api.h"
 144              		.file 5 "Middlewares/ST/usbx/common/core/inc/ux_system.h"
ARM GAS  C:\usertemp\cc0Pxfmc.s 			page 6


DEFINED SYMBOLS
                            *ABS*:00000000 ux_device_stack_interface_delete.c
C:\usertemp\cc0Pxfmc.s:22     .text._ux_device_stack_interface_delete:00000000 $t
C:\usertemp\cc0Pxfmc.s:28     .text._ux_device_stack_interface_delete:00000000 _ux_device_stack_interface_delete
C:\usertemp\cc0Pxfmc.s:135    .text._ux_device_stack_interface_delete:00000040 $d

UNDEFINED SYMBOLS
_ux_system_slave
