ARM GAS  C:\usertemp\ccYVRkzT.s 			page 1


   1              		.cpu cortex-m33
   2              		.arch armv8-m.main
   3              		.fpu fpv4-sp-d16
   4              		.arch_extension dsp
   5              		.eabi_attribute 27, 1
   6              		.eabi_attribute 28, 1
   7              		.eabi_attribute 20, 1
   8              		.eabi_attribute 21, 1
   9              		.eabi_attribute 23, 3
  10              		.eabi_attribute 24, 1
  11              		.eabi_attribute 25, 1
  12              		.eabi_attribute 26, 1
  13              		.eabi_attribute 30, 1
  14              		.eabi_attribute 34, 1
  15              		.eabi_attribute 18, 4
  16              		.file	"ux_device_class_hid_interrupt_thread.c"
  17              		.text
  18              	.Ltext0:
  19              		.cfi_sections	.debug_frame
  20              		.file 1 "Middlewares/ST/usbx/common/usbx_device_classes/src/ux_device_class_hid_interrupt_thread.c
  21              		.section	.text._ux_device_class_hid_interrupt_thread,"ax",%progbits
  22              		.align	1
  23              		.global	_ux_device_class_hid_interrupt_thread
  24              		.syntax unified
  25              		.thumb
  26              		.thumb_func
  28              	_ux_device_class_hid_interrupt_thread:
  29              	.LVL0:
  30              	.LFB11:
   1:Middlewares/ST/usbx/common/usbx_device_classes/src/ux_device_class_hid_interrupt_thread.c **** /**************************************************************************/
   2:Middlewares/ST/usbx/common/usbx_device_classes/src/ux_device_class_hid_interrupt_thread.c **** /*                                                                        */
   3:Middlewares/ST/usbx/common/usbx_device_classes/src/ux_device_class_hid_interrupt_thread.c **** /*       Copyright (c) Microsoft Corporation. All rights reserved.        */
   4:Middlewares/ST/usbx/common/usbx_device_classes/src/ux_device_class_hid_interrupt_thread.c **** /*                                                                        */
   5:Middlewares/ST/usbx/common/usbx_device_classes/src/ux_device_class_hid_interrupt_thread.c **** /*       This software is licensed under the Microsoft Software License   */
   6:Middlewares/ST/usbx/common/usbx_device_classes/src/ux_device_class_hid_interrupt_thread.c **** /*       Terms for Microsoft Azure RTOS. Full text of the license can be  */
   7:Middlewares/ST/usbx/common/usbx_device_classes/src/ux_device_class_hid_interrupt_thread.c **** /*       found in the LICENSE file at https://aka.ms/AzureRTOS_EULA       */
   8:Middlewares/ST/usbx/common/usbx_device_classes/src/ux_device_class_hid_interrupt_thread.c **** /*       and in the root directory of this software.                      */
   9:Middlewares/ST/usbx/common/usbx_device_classes/src/ux_device_class_hid_interrupt_thread.c **** /*                                                                        */
  10:Middlewares/ST/usbx/common/usbx_device_classes/src/ux_device_class_hid_interrupt_thread.c **** /**************************************************************************/
  11:Middlewares/ST/usbx/common/usbx_device_classes/src/ux_device_class_hid_interrupt_thread.c **** 
  12:Middlewares/ST/usbx/common/usbx_device_classes/src/ux_device_class_hid_interrupt_thread.c **** /**************************************************************************/
  13:Middlewares/ST/usbx/common/usbx_device_classes/src/ux_device_class_hid_interrupt_thread.c **** /**************************************************************************/
  14:Middlewares/ST/usbx/common/usbx_device_classes/src/ux_device_class_hid_interrupt_thread.c **** /**                                                                       */ 
  15:Middlewares/ST/usbx/common/usbx_device_classes/src/ux_device_class_hid_interrupt_thread.c **** /** USBX Component                                                        */ 
  16:Middlewares/ST/usbx/common/usbx_device_classes/src/ux_device_class_hid_interrupt_thread.c **** /**                                                                       */
  17:Middlewares/ST/usbx/common/usbx_device_classes/src/ux_device_class_hid_interrupt_thread.c **** /**   Device HID Class                                                    */
  18:Middlewares/ST/usbx/common/usbx_device_classes/src/ux_device_class_hid_interrupt_thread.c **** /**                                                                       */
  19:Middlewares/ST/usbx/common/usbx_device_classes/src/ux_device_class_hid_interrupt_thread.c **** /**************************************************************************/
  20:Middlewares/ST/usbx/common/usbx_device_classes/src/ux_device_class_hid_interrupt_thread.c **** /**************************************************************************/
  21:Middlewares/ST/usbx/common/usbx_device_classes/src/ux_device_class_hid_interrupt_thread.c **** 
  22:Middlewares/ST/usbx/common/usbx_device_classes/src/ux_device_class_hid_interrupt_thread.c **** #define UX_SOURCE_CODE
  23:Middlewares/ST/usbx/common/usbx_device_classes/src/ux_device_class_hid_interrupt_thread.c **** 
  24:Middlewares/ST/usbx/common/usbx_device_classes/src/ux_device_class_hid_interrupt_thread.c **** 
  25:Middlewares/ST/usbx/common/usbx_device_classes/src/ux_device_class_hid_interrupt_thread.c **** /* Include necessary system files.  */
  26:Middlewares/ST/usbx/common/usbx_device_classes/src/ux_device_class_hid_interrupt_thread.c **** 
  27:Middlewares/ST/usbx/common/usbx_device_classes/src/ux_device_class_hid_interrupt_thread.c **** #include "ux_api.h"
  28:Middlewares/ST/usbx/common/usbx_device_classes/src/ux_device_class_hid_interrupt_thread.c **** #include "ux_device_class_hid.h"
ARM GAS  C:\usertemp\ccYVRkzT.s 			page 2


  29:Middlewares/ST/usbx/common/usbx_device_classes/src/ux_device_class_hid_interrupt_thread.c **** #include "ux_device_stack.h"
  30:Middlewares/ST/usbx/common/usbx_device_classes/src/ux_device_class_hid_interrupt_thread.c **** 
  31:Middlewares/ST/usbx/common/usbx_device_classes/src/ux_device_class_hid_interrupt_thread.c **** 
  32:Middlewares/ST/usbx/common/usbx_device_classes/src/ux_device_class_hid_interrupt_thread.c **** #if !defined(UX_DEVICE_STANDALONE)
  33:Middlewares/ST/usbx/common/usbx_device_classes/src/ux_device_class_hid_interrupt_thread.c **** /**************************************************************************/ 
  34:Middlewares/ST/usbx/common/usbx_device_classes/src/ux_device_class_hid_interrupt_thread.c **** /*                                                                        */ 
  35:Middlewares/ST/usbx/common/usbx_device_classes/src/ux_device_class_hid_interrupt_thread.c **** /*  FUNCTION                                               RELEASE        */ 
  36:Middlewares/ST/usbx/common/usbx_device_classes/src/ux_device_class_hid_interrupt_thread.c **** /*                                                                        */ 
  37:Middlewares/ST/usbx/common/usbx_device_classes/src/ux_device_class_hid_interrupt_thread.c **** /*    _ux_device_class_hid_interrupt_thread               PORTABLE C      */ 
  38:Middlewares/ST/usbx/common/usbx_device_classes/src/ux_device_class_hid_interrupt_thread.c **** /*                                                           6.3.0        */
  39:Middlewares/ST/usbx/common/usbx_device_classes/src/ux_device_class_hid_interrupt_thread.c **** /*  AUTHOR                                                                */
  40:Middlewares/ST/usbx/common/usbx_device_classes/src/ux_device_class_hid_interrupt_thread.c **** /*                                                                        */
  41:Middlewares/ST/usbx/common/usbx_device_classes/src/ux_device_class_hid_interrupt_thread.c **** /*    Chaoqiong Xiao, Microsoft Corporation                               */
  42:Middlewares/ST/usbx/common/usbx_device_classes/src/ux_device_class_hid_interrupt_thread.c **** /*                                                                        */
  43:Middlewares/ST/usbx/common/usbx_device_classes/src/ux_device_class_hid_interrupt_thread.c **** /*  DESCRIPTION                                                           */
  44:Middlewares/ST/usbx/common/usbx_device_classes/src/ux_device_class_hid_interrupt_thread.c **** /*                                                                        */ 
  45:Middlewares/ST/usbx/common/usbx_device_classes/src/ux_device_class_hid_interrupt_thread.c **** /*    This function is the thread of the hid interrupt (IN) endpoint      */ 
  46:Middlewares/ST/usbx/common/usbx_device_classes/src/ux_device_class_hid_interrupt_thread.c **** /*                                                                        */ 
  47:Middlewares/ST/usbx/common/usbx_device_classes/src/ux_device_class_hid_interrupt_thread.c **** /*    It's for RTOS mode.                                                 */
  48:Middlewares/ST/usbx/common/usbx_device_classes/src/ux_device_class_hid_interrupt_thread.c **** /*                                                                        */ 
  49:Middlewares/ST/usbx/common/usbx_device_classes/src/ux_device_class_hid_interrupt_thread.c **** /*  INPUT                                                                 */ 
  50:Middlewares/ST/usbx/common/usbx_device_classes/src/ux_device_class_hid_interrupt_thread.c **** /*                                                                        */ 
  51:Middlewares/ST/usbx/common/usbx_device_classes/src/ux_device_class_hid_interrupt_thread.c **** /*    hid_class                                 Address of hid class      */ 
  52:Middlewares/ST/usbx/common/usbx_device_classes/src/ux_device_class_hid_interrupt_thread.c **** /*                                                container               */ 
  53:Middlewares/ST/usbx/common/usbx_device_classes/src/ux_device_class_hid_interrupt_thread.c **** /*                                                                        */ 
  54:Middlewares/ST/usbx/common/usbx_device_classes/src/ux_device_class_hid_interrupt_thread.c **** /*  OUTPUT                                                                */ 
  55:Middlewares/ST/usbx/common/usbx_device_classes/src/ux_device_class_hid_interrupt_thread.c **** /*                                                                        */ 
  56:Middlewares/ST/usbx/common/usbx_device_classes/src/ux_device_class_hid_interrupt_thread.c **** /*    None                                                                */ 
  57:Middlewares/ST/usbx/common/usbx_device_classes/src/ux_device_class_hid_interrupt_thread.c **** /*                                                                        */ 
  58:Middlewares/ST/usbx/common/usbx_device_classes/src/ux_device_class_hid_interrupt_thread.c **** /*  CALLS                                                                 */ 
  59:Middlewares/ST/usbx/common/usbx_device_classes/src/ux_device_class_hid_interrupt_thread.c **** /*                                                                        */ 
  60:Middlewares/ST/usbx/common/usbx_device_classes/src/ux_device_class_hid_interrupt_thread.c **** /*    _ux_utility_event_flags_get           Get event flags               */
  61:Middlewares/ST/usbx/common/usbx_device_classes/src/ux_device_class_hid_interrupt_thread.c **** /*    _ux_device_class_hid_event_get        Get HID event                 */
  62:Middlewares/ST/usbx/common/usbx_device_classes/src/ux_device_class_hid_interrupt_thread.c **** /*    _ux_device_stack_transfer_request     Request transfer              */ 
  63:Middlewares/ST/usbx/common/usbx_device_classes/src/ux_device_class_hid_interrupt_thread.c **** /*    _ux_utility_memory_copy               Copy memory                   */ 
  64:Middlewares/ST/usbx/common/usbx_device_classes/src/ux_device_class_hid_interrupt_thread.c **** /*    _ux_device_thread_suspend             Suspend thread                */
  65:Middlewares/ST/usbx/common/usbx_device_classes/src/ux_device_class_hid_interrupt_thread.c **** /*                                                                        */ 
  66:Middlewares/ST/usbx/common/usbx_device_classes/src/ux_device_class_hid_interrupt_thread.c **** /*  CALLED BY                                                             */ 
  67:Middlewares/ST/usbx/common/usbx_device_classes/src/ux_device_class_hid_interrupt_thread.c **** /*                                                                        */ 
  68:Middlewares/ST/usbx/common/usbx_device_classes/src/ux_device_class_hid_interrupt_thread.c **** /*    ThreadX                                                             */ 
  69:Middlewares/ST/usbx/common/usbx_device_classes/src/ux_device_class_hid_interrupt_thread.c **** /*                                                                        */ 
  70:Middlewares/ST/usbx/common/usbx_device_classes/src/ux_device_class_hid_interrupt_thread.c **** /*  RELEASE HISTORY                                                       */ 
  71:Middlewares/ST/usbx/common/usbx_device_classes/src/ux_device_class_hid_interrupt_thread.c **** /*                                                                        */ 
  72:Middlewares/ST/usbx/common/usbx_device_classes/src/ux_device_class_hid_interrupt_thread.c **** /*    DATE              NAME                      DESCRIPTION             */ 
  73:Middlewares/ST/usbx/common/usbx_device_classes/src/ux_device_class_hid_interrupt_thread.c **** /*                                                                        */ 
  74:Middlewares/ST/usbx/common/usbx_device_classes/src/ux_device_class_hid_interrupt_thread.c **** /*  05-19-2020     Chaoqiong Xiao           Initial Version 6.0           */
  75:Middlewares/ST/usbx/common/usbx_device_classes/src/ux_device_class_hid_interrupt_thread.c **** /*  09-30-2020     Chaoqiong Xiao           Modified comment(s),          */
  76:Middlewares/ST/usbx/common/usbx_device_classes/src/ux_device_class_hid_interrupt_thread.c **** /*                                            verified memset and memcpy  */
  77:Middlewares/ST/usbx/common/usbx_device_classes/src/ux_device_class_hid_interrupt_thread.c **** /*                                            cases, used UX prefix to    */
  78:Middlewares/ST/usbx/common/usbx_device_classes/src/ux_device_class_hid_interrupt_thread.c **** /*                                            refer to TX symbols instead */
  79:Middlewares/ST/usbx/common/usbx_device_classes/src/ux_device_class_hid_interrupt_thread.c **** /*                                            of using them directly,     */
  80:Middlewares/ST/usbx/common/usbx_device_classes/src/ux_device_class_hid_interrupt_thread.c **** /*                                            resulting in version 6.1    */
  81:Middlewares/ST/usbx/common/usbx_device_classes/src/ux_device_class_hid_interrupt_thread.c **** /*  10-15-2021     Chaoqiong Xiao           Modified comment(s),          */
  82:Middlewares/ST/usbx/common/usbx_device_classes/src/ux_device_class_hid_interrupt_thread.c **** /*                                            improved idle generation,   */
  83:Middlewares/ST/usbx/common/usbx_device_classes/src/ux_device_class_hid_interrupt_thread.c **** /*                                            resulting in version 6.1.9  */
  84:Middlewares/ST/usbx/common/usbx_device_classes/src/ux_device_class_hid_interrupt_thread.c **** /*  01-31-2022     Chaoqiong Xiao           Modified comment(s),          */
  85:Middlewares/ST/usbx/common/usbx_device_classes/src/ux_device_class_hid_interrupt_thread.c **** /*                                            off for standalone compile, */
ARM GAS  C:\usertemp\ccYVRkzT.s 			page 3


  86:Middlewares/ST/usbx/common/usbx_device_classes/src/ux_device_class_hid_interrupt_thread.c **** /*                                            resulting in version 6.1.10 */
  87:Middlewares/ST/usbx/common/usbx_device_classes/src/ux_device_class_hid_interrupt_thread.c **** /*  10-31-2023     Chaoqiong Xiao           Modified comment(s),          */
  88:Middlewares/ST/usbx/common/usbx_device_classes/src/ux_device_class_hid_interrupt_thread.c **** /*                                            added zero copy support,    */
  89:Middlewares/ST/usbx/common/usbx_device_classes/src/ux_device_class_hid_interrupt_thread.c **** /*                                            resulting in version 6.3.0  */
  90:Middlewares/ST/usbx/common/usbx_device_classes/src/ux_device_class_hid_interrupt_thread.c **** /*                                                                        */
  91:Middlewares/ST/usbx/common/usbx_device_classes/src/ux_device_class_hid_interrupt_thread.c **** /**************************************************************************/
  92:Middlewares/ST/usbx/common/usbx_device_classes/src/ux_device_class_hid_interrupt_thread.c **** VOID  _ux_device_class_hid_interrupt_thread(ULONG hid_class)
  93:Middlewares/ST/usbx/common/usbx_device_classes/src/ux_device_class_hid_interrupt_thread.c **** {
  31              		.loc 1 93 1 view -0
  32              		.cfi_startproc
  33              		@ args = 0, pretend = 0, frame = 8
  34              		@ frame_needed = 0, uses_anonymous_args = 0
  35              		.loc 1 93 1 is_stmt 0 view .LVU1
  36 0000 2DE9F043 		push	{r4, r5, r6, r7, r8, r9, lr}
  37              	.LCFI0:
  38              		.cfi_def_cfa_offset 28
  39              		.cfi_offset 4, -28
  40              		.cfi_offset 5, -24
  41              		.cfi_offset 6, -20
  42              		.cfi_offset 7, -16
  43              		.cfi_offset 8, -12
  44              		.cfi_offset 9, -8
  45              		.cfi_offset 14, -4
  46 0004 85B0     		sub	sp, sp, #20
  47              	.LCFI1:
  48              		.cfi_def_cfa_offset 48
  49 0006 8146     		mov	r9, r0
  94:Middlewares/ST/usbx/common/usbx_device_classes/src/ux_device_class_hid_interrupt_thread.c **** 
  95:Middlewares/ST/usbx/common/usbx_device_classes/src/ux_device_class_hid_interrupt_thread.c **** UX_SLAVE_CLASS              *class_ptr;
  50              		.loc 1 95 1 is_stmt 1 view .LVU2
  96:Middlewares/ST/usbx/common/usbx_device_classes/src/ux_device_class_hid_interrupt_thread.c **** UX_SLAVE_CLASS_HID          *hid;
  51              		.loc 1 96 1 view .LVU3
  97:Middlewares/ST/usbx/common/usbx_device_classes/src/ux_device_class_hid_interrupt_thread.c **** UX_SLAVE_DEVICE             *device;
  52              		.loc 1 97 1 view .LVU4
  98:Middlewares/ST/usbx/common/usbx_device_classes/src/ux_device_class_hid_interrupt_thread.c **** UX_SLAVE_TRANSFER           *transfer_request_in;
  53              		.loc 1 98 1 view .LVU5
  99:Middlewares/ST/usbx/common/usbx_device_classes/src/ux_device_class_hid_interrupt_thread.c **** UX_DEVICE_CLASS_HID_EVENT   *hid_event;
  54              		.loc 1 99 1 view .LVU6
 100:Middlewares/ST/usbx/common/usbx_device_classes/src/ux_device_class_hid_interrupt_thread.c **** UINT                        status;
  55              		.loc 1 100 1 view .LVU7
 101:Middlewares/ST/usbx/common/usbx_device_classes/src/ux_device_class_hid_interrupt_thread.c **** UCHAR                       *buffer;
  56              		.loc 1 101 1 view .LVU8
 102:Middlewares/ST/usbx/common/usbx_device_classes/src/ux_device_class_hid_interrupt_thread.c **** ULONG                       actual_flags;
  57              		.loc 1 102 1 view .LVU9
 103:Middlewares/ST/usbx/common/usbx_device_classes/src/ux_device_class_hid_interrupt_thread.c **** 
 104:Middlewares/ST/usbx/common/usbx_device_classes/src/ux_device_class_hid_interrupt_thread.c **** 
 105:Middlewares/ST/usbx/common/usbx_device_classes/src/ux_device_class_hid_interrupt_thread.c ****     /* Cast properly the hid instance.  */
 106:Middlewares/ST/usbx/common/usbx_device_classes/src/ux_device_class_hid_interrupt_thread.c ****     UX_THREAD_EXTENSION_PTR_GET(class_ptr, UX_SLAVE_CLASS, hid_class)
  58              		.loc 1 106 5 view .LVU10
  59              	.LVL1:
 107:Middlewares/ST/usbx/common/usbx_device_classes/src/ux_device_class_hid_interrupt_thread.c ****     
 108:Middlewares/ST/usbx/common/usbx_device_classes/src/ux_device_class_hid_interrupt_thread.c ****     /* Get the hid instance from this class container.  */
 109:Middlewares/ST/usbx/common/usbx_device_classes/src/ux_device_class_hid_interrupt_thread.c ****     hid =  (UX_SLAVE_CLASS_HID *) class_ptr -> ux_slave_class_instance;
  60              		.loc 1 109 5 view .LVU11
  61              		.loc 1 109 9 is_stmt 0 view .LVU12
  62 0008 856C     		ldr	r5, [r0, #72]
  63              	.LVL2:
ARM GAS  C:\usertemp\ccYVRkzT.s 			page 4


 110:Middlewares/ST/usbx/common/usbx_device_classes/src/ux_device_class_hid_interrupt_thread.c ****     
 111:Middlewares/ST/usbx/common/usbx_device_classes/src/ux_device_class_hid_interrupt_thread.c ****     /* Get the pointer to the device.  */
 112:Middlewares/ST/usbx/common/usbx_device_classes/src/ux_device_class_hid_interrupt_thread.c ****     device =  &_ux_system_slave -> ux_system_slave_device;
  64              		.loc 1 112 5 is_stmt 1 view .LVU13
  65              		.loc 1 112 33 is_stmt 0 view .LVU14
  66 000a 2D4B     		ldr	r3, .L18
  67 000c D3F80080 		ldr	r8, [r3]
  68              	.LVL3:
  69              		.loc 1 112 33 view .LVU15
  70 0010 22E0     		b	.L11
  71              	.LVL4:
  72              	.L16:
 113:Middlewares/ST/usbx/common/usbx_device_classes/src/ux_device_class_hid_interrupt_thread.c ****     
 114:Middlewares/ST/usbx/common/usbx_device_classes/src/ux_device_class_hid_interrupt_thread.c ****     /* This thread runs forever but can be suspended or resumed.  */
 115:Middlewares/ST/usbx/common/usbx_device_classes/src/ux_device_class_hid_interrupt_thread.c ****     while(1)
 116:Middlewares/ST/usbx/common/usbx_device_classes/src/ux_device_class_hid_interrupt_thread.c ****     {
 117:Middlewares/ST/usbx/common/usbx_device_classes/src/ux_device_class_hid_interrupt_thread.c **** 
 118:Middlewares/ST/usbx/common/usbx_device_classes/src/ux_device_class_hid_interrupt_thread.c ****         /* All HID events are on the interrupt endpoint IN, from the host.  */
 119:Middlewares/ST/usbx/common/usbx_device_classes/src/ux_device_class_hid_interrupt_thread.c ****         transfer_request_in =  &hid -> ux_device_class_hid_interrupt_endpoint -> ux_slave_endpoint_
 120:Middlewares/ST/usbx/common/usbx_device_classes/src/ux_device_class_hid_interrupt_thread.c **** 
 121:Middlewares/ST/usbx/common/usbx_device_classes/src/ux_device_class_hid_interrupt_thread.c ****         /* As long as the device is in the CONFIGURED state.  */
 122:Middlewares/ST/usbx/common/usbx_device_classes/src/ux_device_class_hid_interrupt_thread.c ****         while (device -> ux_slave_device_state == UX_DEVICE_CONFIGURED)
 123:Middlewares/ST/usbx/common/usbx_device_classes/src/ux_device_class_hid_interrupt_thread.c ****         { 
 124:Middlewares/ST/usbx/common/usbx_device_classes/src/ux_device_class_hid_interrupt_thread.c **** 
 125:Middlewares/ST/usbx/common/usbx_device_classes/src/ux_device_class_hid_interrupt_thread.c ****             /* Wait until we have a event sent by the application
 126:Middlewares/ST/usbx/common/usbx_device_classes/src/ux_device_class_hid_interrupt_thread.c ****                or a change in the idle state to send last or empty report.  */
 127:Middlewares/ST/usbx/common/usbx_device_classes/src/ux_device_class_hid_interrupt_thread.c ****             status =  _ux_utility_event_flags_get(&hid -> ux_device_class_hid_event_flags_group,
 128:Middlewares/ST/usbx/common/usbx_device_classes/src/ux_device_class_hid_interrupt_thread.c ****                                                     UX_DEVICE_CLASS_HID_EVENTS_MASK, UX_OR_CLEAR, &
 129:Middlewares/ST/usbx/common/usbx_device_classes/src/ux_device_class_hid_interrupt_thread.c ****                                                     hid -> ux_device_class_hid_event_wait_timeout);
 130:Middlewares/ST/usbx/common/usbx_device_classes/src/ux_device_class_hid_interrupt_thread.c **** 
 131:Middlewares/ST/usbx/common/usbx_device_classes/src/ux_device_class_hid_interrupt_thread.c ****             /* If there is no event, check if we have timeout defined.  */
 132:Middlewares/ST/usbx/common/usbx_device_classes/src/ux_device_class_hid_interrupt_thread.c ****             if (status == UX_NO_EVENTS)
 133:Middlewares/ST/usbx/common/usbx_device_classes/src/ux_device_class_hid_interrupt_thread.c ****             {
 134:Middlewares/ST/usbx/common/usbx_device_classes/src/ux_device_class_hid_interrupt_thread.c **** 
 135:Middlewares/ST/usbx/common/usbx_device_classes/src/ux_device_class_hid_interrupt_thread.c ****                 /* There is no event exists on timeout, insert last.  */
 136:Middlewares/ST/usbx/common/usbx_device_classes/src/ux_device_class_hid_interrupt_thread.c **** 
 137:Middlewares/ST/usbx/common/usbx_device_classes/src/ux_device_class_hid_interrupt_thread.c ****                 /* Check if no request been ready.  */
 138:Middlewares/ST/usbx/common/usbx_device_classes/src/ux_device_class_hid_interrupt_thread.c ****                 if (transfer_request_in -> ux_slave_transfer_request_requested_length == 0)
  73              		.loc 1 138 17 is_stmt 1 view .LVU16
  74              		.loc 1 138 41 is_stmt 0 view .LVU17
  75 0012 736B     		ldr	r3, [r6, #52]
  76              		.loc 1 138 20 view .LVU18
  77 0014 6BB1     		cbz	r3, .L14
  78              	.LVL5:
  79              	.L4:
 139:Middlewares/ST/usbx/common/usbx_device_classes/src/ux_device_class_hid_interrupt_thread.c ****                 {
 140:Middlewares/ST/usbx/common/usbx_device_classes/src/ux_device_class_hid_interrupt_thread.c **** 
 141:Middlewares/ST/usbx/common/usbx_device_classes/src/ux_device_class_hid_interrupt_thread.c ****                     /* Assume the request use whole interrupt transfer payload.  */
 142:Middlewares/ST/usbx/common/usbx_device_classes/src/ux_device_class_hid_interrupt_thread.c ****                     transfer_request_in -> ux_slave_transfer_request_requested_length =
 143:Middlewares/ST/usbx/common/usbx_device_classes/src/ux_device_class_hid_interrupt_thread.c ****                             transfer_request_in -> ux_slave_transfer_request_transfer_length;
 144:Middlewares/ST/usbx/common/usbx_device_classes/src/ux_device_class_hid_interrupt_thread.c **** 
 145:Middlewares/ST/usbx/common/usbx_device_classes/src/ux_device_class_hid_interrupt_thread.c **** #if (UX_DEVICE_ENDPOINT_BUFFER_OWNER == 1) && defined(UX_DEVICE_CLASS_HID_ZERO_COPY)
 146:Middlewares/ST/usbx/common/usbx_device_classes/src/ux_device_class_hid_interrupt_thread.c **** 
 147:Middlewares/ST/usbx/common/usbx_device_classes/src/ux_device_class_hid_interrupt_thread.c ****                     /* Restore endpoint buffer (never touched, filled with zeros).  */
 148:Middlewares/ST/usbx/common/usbx_device_classes/src/ux_device_class_hid_interrupt_thread.c ****                     transfer_request_in -> ux_slave_transfer_request_data_pointer =
 149:Middlewares/ST/usbx/common/usbx_device_classes/src/ux_device_class_hid_interrupt_thread.c ****                                     UX_DEVICE_CLASS_HID_INTERRUPTIN_BUFFER(hid);
 150:Middlewares/ST/usbx/common/usbx_device_classes/src/ux_device_class_hid_interrupt_thread.c **** #else
ARM GAS  C:\usertemp\ccYVRkzT.s 			page 5


 151:Middlewares/ST/usbx/common/usbx_device_classes/src/ux_device_class_hid_interrupt_thread.c **** 
 152:Middlewares/ST/usbx/common/usbx_device_classes/src/ux_device_class_hid_interrupt_thread.c ****                     /* Set the data to zeros.  */
 153:Middlewares/ST/usbx/common/usbx_device_classes/src/ux_device_class_hid_interrupt_thread.c ****                     _ux_utility_memory_set(
 154:Middlewares/ST/usbx/common/usbx_device_classes/src/ux_device_class_hid_interrupt_thread.c ****                         transfer_request_in -> ux_slave_transfer_request_data_pointer, 0,
 155:Middlewares/ST/usbx/common/usbx_device_classes/src/ux_device_class_hid_interrupt_thread.c ****                         transfer_request_in -> ux_slave_transfer_request_requested_length); /* Use 
 156:Middlewares/ST/usbx/common/usbx_device_classes/src/ux_device_class_hid_interrupt_thread.c **** #endif
 157:Middlewares/ST/usbx/common/usbx_device_classes/src/ux_device_class_hid_interrupt_thread.c ****                 }
 158:Middlewares/ST/usbx/common/usbx_device_classes/src/ux_device_class_hid_interrupt_thread.c **** 
 159:Middlewares/ST/usbx/common/usbx_device_classes/src/ux_device_class_hid_interrupt_thread.c ****                 /* Send the request to the device controller.  */
 160:Middlewares/ST/usbx/common/usbx_device_classes/src/ux_device_class_hid_interrupt_thread.c ****                 status =  _ux_device_stack_transfer_request(transfer_request_in, 
  80              		.loc 1 160 17 is_stmt 1 view .LVU19
  81              		.loc 1 160 27 is_stmt 0 view .LVU20
  82 0016 716B     		ldr	r1, [r6, #52]
  83 0018 0A46     		mov	r2, r1
  84 001a 3846     		mov	r0, r7
  85 001c FFF7FEFF 		bl	_ux_device_stack_transfer_request
  86              	.LVL6:
 161:Middlewares/ST/usbx/common/usbx_device_classes/src/ux_device_class_hid_interrupt_thread.c ****                                 transfer_request_in -> ux_slave_transfer_request_requested_length,
 162:Middlewares/ST/usbx/common/usbx_device_classes/src/ux_device_class_hid_interrupt_thread.c ****                                 transfer_request_in -> ux_slave_transfer_request_requested_length);
 163:Middlewares/ST/usbx/common/usbx_device_classes/src/ux_device_class_hid_interrupt_thread.c **** 
 164:Middlewares/ST/usbx/common/usbx_device_classes/src/ux_device_class_hid_interrupt_thread.c ****                 /* Check error code. We don't want to invoke the error callback
 165:Middlewares/ST/usbx/common/usbx_device_classes/src/ux_device_class_hid_interrupt_thread.c ****                    if the device was disconnected, since that's expected.  */
 166:Middlewares/ST/usbx/common/usbx_device_classes/src/ux_device_class_hid_interrupt_thread.c ****                 if (status != UX_SUCCESS && status != UX_TRANSFER_BUS_RESET)
  87              		.loc 1 166 17 is_stmt 1 view .LVU21
  88              		.loc 1 166 20 is_stmt 0 view .LVU22
  89 0020 0246     		mov	r2, r0
  90 0022 E0B1     		cbz	r0, .L2
  91              		.loc 1 166 42 discriminator 1 view .LVU23
  92 0024 2628     		cmp	r0, #38
  93 0026 1AD0     		beq	.L2
 167:Middlewares/ST/usbx/common/usbx_device_classes/src/ux_device_class_hid_interrupt_thread.c **** 
 168:Middlewares/ST/usbx/common/usbx_device_classes/src/ux_device_class_hid_interrupt_thread.c ****                     /* Error trap. */
 169:Middlewares/ST/usbx/common/usbx_device_classes/src/ux_device_class_hid_interrupt_thread.c ****                     _ux_system_error_handler(UX_SYSTEM_LEVEL_THREAD, UX_SYSTEM_CONTEXT_CLASS, statu
  94              		.loc 1 169 21 is_stmt 1 view .LVU24
  95 0028 0721     		movs	r1, #7
  96 002a 0220     		movs	r0, #2
  97              	.LVL7:
  98              		.loc 1 169 21 is_stmt 0 view .LVU25
  99 002c FFF7FEFF 		bl	_ux_system_error_handler
 100              	.LVL8:
 170:Middlewares/ST/usbx/common/usbx_device_classes/src/ux_device_class_hid_interrupt_thread.c **** 
 171:Middlewares/ST/usbx/common/usbx_device_classes/src/ux_device_class_hid_interrupt_thread.c ****                 /* Next: check events.  */
 172:Middlewares/ST/usbx/common/usbx_device_classes/src/ux_device_class_hid_interrupt_thread.c ****                 continue;
 101              		.loc 1 172 17 is_stmt 1 view .LVU26
 102 0030 15E0     		b	.L2
 103              	.LVL9:
 104              	.L14:
 142:Middlewares/ST/usbx/common/usbx_device_classes/src/ux_device_class_hid_interrupt_thread.c ****                             transfer_request_in -> ux_slave_transfer_request_transfer_length;
 105              		.loc 1 142 21 view .LVU27
 143:Middlewares/ST/usbx/common/usbx_device_classes/src/ux_device_class_hid_interrupt_thread.c **** 
 106              		.loc 1 143 49 is_stmt 0 view .LVU28
 107 0032 326C     		ldr	r2, [r6, #64]
 142:Middlewares/ST/usbx/common/usbx_device_classes/src/ux_device_class_hid_interrupt_thread.c ****                             transfer_request_in -> ux_slave_transfer_request_transfer_length;
 108              		.loc 1 142 87 view .LVU29
 109 0034 7263     		str	r2, [r6, #52]
 153:Middlewares/ST/usbx/common/usbx_device_classes/src/ux_device_class_hid_interrupt_thread.c ****                         transfer_request_in -> ux_slave_transfer_request_data_pointer, 0,
 110              		.loc 1 153 21 is_stmt 1 view .LVU30
ARM GAS  C:\usertemp\ccYVRkzT.s 			page 6


 111 0036 0021     		movs	r1, #0
 112 0038 F06A     		ldr	r0, [r6, #44]
 113              	.LVL10:
 153:Middlewares/ST/usbx/common/usbx_device_classes/src/ux_device_class_hid_interrupt_thread.c ****                         transfer_request_in -> ux_slave_transfer_request_data_pointer, 0,
 114              		.loc 1 153 21 is_stmt 0 view .LVU31
 115 003a FFF7FEFF 		bl	_ux_utility_memory_set
 116              	.LVL11:
 117 003e EAE7     		b	.L4
 118              	.LVL12:
 119              	.L17:
 173:Middlewares/ST/usbx/common/usbx_device_classes/src/ux_device_class_hid_interrupt_thread.c ****             }
 174:Middlewares/ST/usbx/common/usbx_device_classes/src/ux_device_class_hid_interrupt_thread.c **** 
 175:Middlewares/ST/usbx/common/usbx_device_classes/src/ux_device_class_hid_interrupt_thread.c ****             /* Check the completion code. */
 176:Middlewares/ST/usbx/common/usbx_device_classes/src/ux_device_class_hid_interrupt_thread.c ****             if (status != UX_SUCCESS)
 177:Middlewares/ST/usbx/common/usbx_device_classes/src/ux_device_class_hid_interrupt_thread.c ****             {
 178:Middlewares/ST/usbx/common/usbx_device_classes/src/ux_device_class_hid_interrupt_thread.c **** 
 179:Middlewares/ST/usbx/common/usbx_device_classes/src/ux_device_class_hid_interrupt_thread.c ****                 /* Error trap. */
 180:Middlewares/ST/usbx/common/usbx_device_classes/src/ux_device_class_hid_interrupt_thread.c ****                 _ux_system_error_handler(UX_SYSTEM_LEVEL_THREAD, UX_SYSTEM_CONTEXT_CLASS, status);
 120              		.loc 1 180 17 is_stmt 1 view .LVU32
 121 0040 0246     		mov	r2, r0
 122 0042 0721     		movs	r1, #7
 123 0044 0220     		movs	r0, #2
 124              	.LVL13:
 125              		.loc 1 180 17 is_stmt 0 view .LVU33
 126 0046 FFF7FEFF 		bl	_ux_system_error_handler
 127              	.LVL14:
 181:Middlewares/ST/usbx/common/usbx_device_classes/src/ux_device_class_hid_interrupt_thread.c **** 
 182:Middlewares/ST/usbx/common/usbx_device_classes/src/ux_device_class_hid_interrupt_thread.c ****                 /* Do not proceed.  */
 183:Middlewares/ST/usbx/common/usbx_device_classes/src/ux_device_class_hid_interrupt_thread.c ****                 return;
 128              		.loc 1 183 17 is_stmt 1 view .LVU34
 184:Middlewares/ST/usbx/common/usbx_device_classes/src/ux_device_class_hid_interrupt_thread.c ****             }
 185:Middlewares/ST/usbx/common/usbx_device_classes/src/ux_device_class_hid_interrupt_thread.c **** 
 186:Middlewares/ST/usbx/common/usbx_device_classes/src/ux_device_class_hid_interrupt_thread.c **** 
 187:Middlewares/ST/usbx/common/usbx_device_classes/src/ux_device_class_hid_interrupt_thread.c ****             /* Check if we have an event to report.  */
 188:Middlewares/ST/usbx/common/usbx_device_classes/src/ux_device_class_hid_interrupt_thread.c ****             while (_ux_device_class_hid_event_check(hid, &hid_event) == UX_SUCCESS)
 189:Middlewares/ST/usbx/common/usbx_device_classes/src/ux_device_class_hid_interrupt_thread.c ****             {
 190:Middlewares/ST/usbx/common/usbx_device_classes/src/ux_device_class_hid_interrupt_thread.c **** 
 191:Middlewares/ST/usbx/common/usbx_device_classes/src/ux_device_class_hid_interrupt_thread.c **** #if (UX_DEVICE_ENDPOINT_BUFFER_OWNER == 1) && defined(UX_DEVICE_CLASS_HID_ZERO_COPY)
 192:Middlewares/ST/usbx/common/usbx_device_classes/src/ux_device_class_hid_interrupt_thread.c **** 
 193:Middlewares/ST/usbx/common/usbx_device_classes/src/ux_device_class_hid_interrupt_thread.c ****                 /* Directly use the event buffer for transfer.  */
 194:Middlewares/ST/usbx/common/usbx_device_classes/src/ux_device_class_hid_interrupt_thread.c ****                 buffer = hid_event -> ux_device_class_hid_event_buffer;
 195:Middlewares/ST/usbx/common/usbx_device_classes/src/ux_device_class_hid_interrupt_thread.c ****                 transfer_request_in -> ux_slave_transfer_request_data_pointer = buffer;
 196:Middlewares/ST/usbx/common/usbx_device_classes/src/ux_device_class_hid_interrupt_thread.c **** #else
 197:Middlewares/ST/usbx/common/usbx_device_classes/src/ux_device_class_hid_interrupt_thread.c ****                 /* Prepare the event data payload from the hid event structure.  Get a pointer to t
 198:Middlewares/ST/usbx/common/usbx_device_classes/src/ux_device_class_hid_interrupt_thread.c ****                 buffer =  transfer_request_in -> ux_slave_transfer_request_data_pointer;
 199:Middlewares/ST/usbx/common/usbx_device_classes/src/ux_device_class_hid_interrupt_thread.c ****             
 200:Middlewares/ST/usbx/common/usbx_device_classes/src/ux_device_class_hid_interrupt_thread.c ****                 /* Copy the event buffer into the target buffer.  */
 201:Middlewares/ST/usbx/common/usbx_device_classes/src/ux_device_class_hid_interrupt_thread.c ****                 _ux_utility_memory_copy(buffer, UX_DEVICE_CLASS_HID_EVENT_BUFFER(hid_event), hid_ev
 202:Middlewares/ST/usbx/common/usbx_device_classes/src/ux_device_class_hid_interrupt_thread.c **** #endif
 203:Middlewares/ST/usbx/common/usbx_device_classes/src/ux_device_class_hid_interrupt_thread.c **** 
 204:Middlewares/ST/usbx/common/usbx_device_classes/src/ux_device_class_hid_interrupt_thread.c ****                 /* Send the request to the device controller.  */
 205:Middlewares/ST/usbx/common/usbx_device_classes/src/ux_device_class_hid_interrupt_thread.c ****                 status =  _ux_device_stack_transfer_request(transfer_request_in, hid_event -> ux_de
 206:Middlewares/ST/usbx/common/usbx_device_classes/src/ux_device_class_hid_interrupt_thread.c ****                                                             hid_event -> ux_device_class_hid_event_
 207:Middlewares/ST/usbx/common/usbx_device_classes/src/ux_device_class_hid_interrupt_thread.c **** 
 208:Middlewares/ST/usbx/common/usbx_device_classes/src/ux_device_class_hid_interrupt_thread.c ****                 /* The queue tail is handled and should be freed.  */
 209:Middlewares/ST/usbx/common/usbx_device_classes/src/ux_device_class_hid_interrupt_thread.c ****                 _ux_device_class_hid_event_free(hid);
 210:Middlewares/ST/usbx/common/usbx_device_classes/src/ux_device_class_hid_interrupt_thread.c **** 
ARM GAS  C:\usertemp\ccYVRkzT.s 			page 7


 211:Middlewares/ST/usbx/common/usbx_device_classes/src/ux_device_class_hid_interrupt_thread.c ****                 /* Check error code. We don't want to invoke the error callback
 212:Middlewares/ST/usbx/common/usbx_device_classes/src/ux_device_class_hid_interrupt_thread.c ****                    if the device was disconnected, since that's expected.  */
 213:Middlewares/ST/usbx/common/usbx_device_classes/src/ux_device_class_hid_interrupt_thread.c ****                 if (status != UX_SUCCESS && status != UX_TRANSFER_BUS_RESET)
 214:Middlewares/ST/usbx/common/usbx_device_classes/src/ux_device_class_hid_interrupt_thread.c **** 
 215:Middlewares/ST/usbx/common/usbx_device_classes/src/ux_device_class_hid_interrupt_thread.c ****                     /* Error trap. */
 216:Middlewares/ST/usbx/common/usbx_device_classes/src/ux_device_class_hid_interrupt_thread.c ****                     _ux_system_error_handler(UX_SYSTEM_LEVEL_THREAD, UX_SYSTEM_CONTEXT_CLASS, statu
 217:Middlewares/ST/usbx/common/usbx_device_classes/src/ux_device_class_hid_interrupt_thread.c ****             }                
 218:Middlewares/ST/usbx/common/usbx_device_classes/src/ux_device_class_hid_interrupt_thread.c ****         }
 219:Middlewares/ST/usbx/common/usbx_device_classes/src/ux_device_class_hid_interrupt_thread.c ****              
 220:Middlewares/ST/usbx/common/usbx_device_classes/src/ux_device_class_hid_interrupt_thread.c ****         /* We need to suspend ourselves. We will be resumed by the device enumeration module.  */
 221:Middlewares/ST/usbx/common/usbx_device_classes/src/ux_device_class_hid_interrupt_thread.c ****         _ux_device_thread_suspend(&class_ptr -> ux_slave_class_thread);
 222:Middlewares/ST/usbx/common/usbx_device_classes/src/ux_device_class_hid_interrupt_thread.c ****     }
 223:Middlewares/ST/usbx/common/usbx_device_classes/src/ux_device_class_hid_interrupt_thread.c **** }
 129              		.loc 1 223 1 is_stmt 0 view .LVU35
 130 004a 05B0     		add	sp, sp, #20
 131              	.LCFI2:
 132              		.cfi_remember_state
 133              		.cfi_def_cfa_offset 28
 134              		@ sp needed
 135 004c BDE8F083 		pop	{r4, r5, r6, r7, r8, r9, pc}
 136              	.LVL15:
 137              	.L15:
 138              	.LCFI3:
 139              		.cfi_restore_state
 221:Middlewares/ST/usbx/common/usbx_device_classes/src/ux_device_class_hid_interrupt_thread.c ****     }
 140              		.loc 1 221 9 is_stmt 1 view .LVU36
 141 0050 09F15000 		add	r0, r9, #80
 142 0054 FFF7FEFF 		bl	_ux_utility_thread_suspend
 143              	.LVL16:
 115:Middlewares/ST/usbx/common/usbx_device_classes/src/ux_device_class_hid_interrupt_thread.c ****     {
 144              		.loc 1 115 10 view .LVU37
 145              	.L11:
 115:Middlewares/ST/usbx/common/usbx_device_classes/src/ux_device_class_hid_interrupt_thread.c ****     {
 146              		.loc 1 115 5 view .LVU38
 119:Middlewares/ST/usbx/common/usbx_device_classes/src/ux_device_class_hid_interrupt_thread.c **** 
 147              		.loc 1 119 9 view .LVU39
 119:Middlewares/ST/usbx/common/usbx_device_classes/src/ux_device_class_hid_interrupt_thread.c **** 
 148              		.loc 1 119 37 is_stmt 0 view .LVU40
 149 0058 6E68     		ldr	r6, [r5, #4]
 119:Middlewares/ST/usbx/common/usbx_device_classes/src/ux_device_class_hid_interrupt_thread.c **** 
 150              		.loc 1 119 29 view .LVU41
 151 005a 06F12007 		add	r7, r6, #32
 152              	.LVL17:
 122:Middlewares/ST/usbx/common/usbx_device_classes/src/ux_device_class_hid_interrupt_thread.c ****         { 
 153              		.loc 1 122 9 is_stmt 1 view .LVU42
 154              	.L2:
 122:Middlewares/ST/usbx/common/usbx_device_classes/src/ux_device_class_hid_interrupt_thread.c ****         { 
 155              		.loc 1 122 48 view .LVU43
 122:Middlewares/ST/usbx/common/usbx_device_classes/src/ux_device_class_hid_interrupt_thread.c ****         { 
 156              		.loc 1 122 23 is_stmt 0 view .LVU44
 157 005e D8F82030 		ldr	r3, [r8, #32]
 122:Middlewares/ST/usbx/common/usbx_device_classes/src/ux_device_class_hid_interrupt_thread.c ****         { 
 158              		.loc 1 122 48 view .LVU45
 159 0062 032B     		cmp	r3, #3
 160 0064 F4D1     		bne	.L15
 127:Middlewares/ST/usbx/common/usbx_device_classes/src/ux_device_class_hid_interrupt_thread.c ****                                                     UX_DEVICE_CLASS_HID_EVENTS_MASK, UX_OR_CLEAR, &
 161              		.loc 1 127 13 is_stmt 1 view .LVU46
ARM GAS  C:\usertemp\ccYVRkzT.s 			page 8


 127:Middlewares/ST/usbx/common/usbx_device_classes/src/ux_device_class_hid_interrupt_thread.c ****                                                     UX_DEVICE_CLASS_HID_EVENTS_MASK, UX_OR_CLEAR, &
 162              		.loc 1 127 23 is_stmt 0 view .LVU47
 163 0066 2B6D     		ldr	r3, [r5, #80]
 164 0068 0093     		str	r3, [sp]
 165 006a 02AB     		add	r3, sp, #8
 166 006c 0122     		movs	r2, #1
 167 006e 0321     		movs	r1, #3
 168 0070 05F12800 		add	r0, r5, #40
 169 0074 FFF7FEFF 		bl	_ux_utility_event_flags_get
 170              	.LVL18:
 132:Middlewares/ST/usbx/common/usbx_device_classes/src/ux_device_class_hid_interrupt_thread.c ****             {
 171              		.loc 1 132 13 is_stmt 1 view .LVU48
 132:Middlewares/ST/usbx/common/usbx_device_classes/src/ux_device_class_hid_interrupt_thread.c ****             {
 172              		.loc 1 132 16 is_stmt 0 view .LVU49
 173 0078 0728     		cmp	r0, #7
 174 007a CAD0     		beq	.L16
 176:Middlewares/ST/usbx/common/usbx_device_classes/src/ux_device_class_hid_interrupt_thread.c ****             {
 175              		.loc 1 176 13 is_stmt 1 view .LVU50
 176:Middlewares/ST/usbx/common/usbx_device_classes/src/ux_device_class_hid_interrupt_thread.c ****             {
 176              		.loc 1 176 16 is_stmt 0 view .LVU51
 177 007c 0028     		cmp	r0, #0
 178 007e DFD1     		bne	.L17
 179              	.LVL19:
 180              	.L7:
 188:Middlewares/ST/usbx/common/usbx_device_classes/src/ux_device_class_hid_interrupt_thread.c ****             {
 181              		.loc 1 188 70 is_stmt 1 view .LVU52
 188:Middlewares/ST/usbx/common/usbx_device_classes/src/ux_device_class_hid_interrupt_thread.c ****             {
 182              		.loc 1 188 20 is_stmt 0 view .LVU53
 183 0080 03A9     		add	r1, sp, #12
 184 0082 2846     		mov	r0, r5
 185 0084 FFF7FEFF 		bl	_ux_device_class_hid_event_check
 186              	.LVL20:
 188:Middlewares/ST/usbx/common/usbx_device_classes/src/ux_device_class_hid_interrupt_thread.c ****             {
 187              		.loc 1 188 70 discriminator 1 view .LVU54
 188 0088 0028     		cmp	r0, #0
 189 008a E8D1     		bne	.L2
 198:Middlewares/ST/usbx/common/usbx_device_classes/src/ux_device_class_hid_interrupt_thread.c ****             
 190              		.loc 1 198 17 is_stmt 1 view .LVU55
 191              	.LVL21:
 201:Middlewares/ST/usbx/common/usbx_device_classes/src/ux_device_class_hid_interrupt_thread.c **** #endif
 192              		.loc 1 201 17 view .LVU56
 201:Middlewares/ST/usbx/common/usbx_device_classes/src/ux_device_class_hid_interrupt_thread.c **** #endif
 193              		.loc 1 201 49 is_stmt 0 view .LVU57
 194 008c 0399     		ldr	r1, [sp, #12]
 201:Middlewares/ST/usbx/common/usbx_device_classes/src/ux_device_class_hid_interrupt_thread.c **** #endif
 195              		.loc 1 201 17 view .LVU58
 196 008e 8A68     		ldr	r2, [r1, #8]
 197 0090 0C31     		adds	r1, r1, #12
 198 0092 F06A     		ldr	r0, [r6, #44]
 199 0094 FFF7FEFF 		bl	_ux_utility_memory_copy
 200              	.LVL22:
 205:Middlewares/ST/usbx/common/usbx_device_classes/src/ux_device_class_hid_interrupt_thread.c ****                                                             hid_event -> ux_device_class_hid_event_
 201              		.loc 1 205 17 is_stmt 1 view .LVU59
 205:Middlewares/ST/usbx/common/usbx_device_classes/src/ux_device_class_hid_interrupt_thread.c ****                                                             hid_event -> ux_device_class_hid_event_
 202              		.loc 1 205 92 is_stmt 0 view .LVU60
 203 0098 039B     		ldr	r3, [sp, #12]
 205:Middlewares/ST/usbx/common/usbx_device_classes/src/ux_device_class_hid_interrupt_thread.c ****                                                             hid_event -> ux_device_class_hid_event_
ARM GAS  C:\usertemp\ccYVRkzT.s 			page 9


 204              		.loc 1 205 27 view .LVU61
 205 009a 9968     		ldr	r1, [r3, #8]
 206 009c 0A46     		mov	r2, r1
 207 009e 3846     		mov	r0, r7
 208 00a0 FFF7FEFF 		bl	_ux_device_stack_transfer_request
 209              	.LVL23:
 210 00a4 0446     		mov	r4, r0
 211              	.LVL24:
 209:Middlewares/ST/usbx/common/usbx_device_classes/src/ux_device_class_hid_interrupt_thread.c **** 
 212              		.loc 1 209 17 is_stmt 1 view .LVU62
 213 00a6 2846     		mov	r0, r5
 214              	.LVL25:
 209:Middlewares/ST/usbx/common/usbx_device_classes/src/ux_device_class_hid_interrupt_thread.c **** 
 215              		.loc 1 209 17 is_stmt 0 view .LVU63
 216 00a8 FFF7FEFF 		bl	_ux_device_class_hid_event_free
 217              	.LVL26:
 213:Middlewares/ST/usbx/common/usbx_device_classes/src/ux_device_class_hid_interrupt_thread.c **** 
 218              		.loc 1 213 17 is_stmt 1 view .LVU64
 213:Middlewares/ST/usbx/common/usbx_device_classes/src/ux_device_class_hid_interrupt_thread.c **** 
 219              		.loc 1 213 20 is_stmt 0 view .LVU65
 220 00ac 002C     		cmp	r4, #0
 221 00ae E7D0     		beq	.L7
 213:Middlewares/ST/usbx/common/usbx_device_classes/src/ux_device_class_hid_interrupt_thread.c **** 
 222              		.loc 1 213 42 discriminator 1 view .LVU66
 223 00b0 262C     		cmp	r4, #38
 224 00b2 E5D0     		beq	.L7
 216:Middlewares/ST/usbx/common/usbx_device_classes/src/ux_device_class_hid_interrupt_thread.c ****             }                
 225              		.loc 1 216 21 is_stmt 1 view .LVU67
 226 00b4 2246     		mov	r2, r4
 227 00b6 0721     		movs	r1, #7
 228 00b8 0220     		movs	r0, #2
 229 00ba FFF7FEFF 		bl	_ux_system_error_handler
 230              	.LVL27:
 231 00be DFE7     		b	.L7
 232              	.L19:
 233              		.align	2
 234              	.L18:
 235 00c0 00000000 		.word	_ux_system_slave
 236              		.cfi_endproc
 237              	.LFE11:
 239              		.text
 240              	.Letext0:
 241              		.file 2 "Middlewares/ST/threadx/ports/cortex_m33/gnu/inc/tx_port.h"
 242              		.file 3 "Middlewares/ST/threadx/common/inc/tx_api.h"
 243              		.file 4 "Middlewares/ST/usbx/common/core/inc/ux_api.h"
 244              		.file 5 "Middlewares/ST/usbx/common/usbx_device_classes/inc/ux_device_class_hid.h"
 245              		.file 6 "Middlewares/ST/usbx/common/core/inc/ux_utility.h"
 246              		.file 7 "Middlewares/ST/usbx/common/core/inc/ux_device_stack.h"
 247              		.file 8 "Middlewares/ST/usbx/common/core/inc/ux_system.h"
ARM GAS  C:\usertemp\ccYVRkzT.s 			page 10


DEFINED SYMBOLS
                            *ABS*:00000000 ux_device_class_hid_interrupt_thread.c
C:\usertemp\ccYVRkzT.s:22     .text._ux_device_class_hid_interrupt_thread:00000000 $t
C:\usertemp\ccYVRkzT.s:28     .text._ux_device_class_hid_interrupt_thread:00000000 _ux_device_class_hid_interrupt_thread
C:\usertemp\ccYVRkzT.s:235    .text._ux_device_class_hid_interrupt_thread:000000c0 $d

UNDEFINED SYMBOLS
_ux_device_stack_transfer_request
_ux_system_error_handler
_ux_utility_memory_set
_ux_utility_thread_suspend
_ux_utility_event_flags_get
_ux_device_class_hid_event_check
_ux_utility_memory_copy
_ux_device_class_hid_event_free
_ux_system_slave
