ARM GAS  C:\usertemp\ccC3x9vF.s 			page 1


   1              		.cpu cortex-m33
   2              		.arch armv8-m.main
   3              		.fpu fpv4-sp-d16
   4              		.arch_extension dsp
   5              		.eabi_attribute 27, 1
   6              		.eabi_attribute 28, 1
   7              		.eabi_attribute 20, 1
   8              		.eabi_attribute 21, 1
   9              		.eabi_attribute 23, 3
  10              		.eabi_attribute 24, 1
  11              		.eabi_attribute 25, 1
  12              		.eabi_attribute 26, 1
  13              		.eabi_attribute 30, 1
  14              		.eabi_attribute 34, 1
  15              		.eabi_attribute 18, 4
  16              		.file	"ux_device_stack_interface_start.c"
  17              		.text
  18              	.Ltext0:
  19              		.cfi_sections	.debug_frame
  20              		.file 1 "Middlewares/ST/usbx/common/core/src/ux_device_stack_interface_start.c"
  21              		.section	.text._ux_device_stack_interface_start,"ax",%progbits
  22              		.align	1
  23              		.global	_ux_device_stack_interface_start
  24              		.syntax unified
  25              		.thumb
  26              		.thumb_func
  28              	_ux_device_stack_interface_start:
  29              	.LVL0:
  30              	.LFB11:
   1:Middlewares/ST/usbx/common/core/src/ux_device_stack_interface_start.c **** /**************************************************************************/
   2:Middlewares/ST/usbx/common/core/src/ux_device_stack_interface_start.c **** /*                                                                        */
   3:Middlewares/ST/usbx/common/core/src/ux_device_stack_interface_start.c **** /*       Copyright (c) Microsoft Corporation. All rights reserved.        */
   4:Middlewares/ST/usbx/common/core/src/ux_device_stack_interface_start.c **** /*                                                                        */
   5:Middlewares/ST/usbx/common/core/src/ux_device_stack_interface_start.c **** /*       This software is licensed under the Microsoft Software License   */
   6:Middlewares/ST/usbx/common/core/src/ux_device_stack_interface_start.c **** /*       Terms for Microsoft Azure RTOS. Full text of the license can be  */
   7:Middlewares/ST/usbx/common/core/src/ux_device_stack_interface_start.c **** /*       found in the LICENSE file at https://aka.ms/AzureRTOS_EULA       */
   8:Middlewares/ST/usbx/common/core/src/ux_device_stack_interface_start.c **** /*       and in the root directory of this software.                      */
   9:Middlewares/ST/usbx/common/core/src/ux_device_stack_interface_start.c **** /*                                                                        */
  10:Middlewares/ST/usbx/common/core/src/ux_device_stack_interface_start.c **** /**************************************************************************/
  11:Middlewares/ST/usbx/common/core/src/ux_device_stack_interface_start.c **** 
  12:Middlewares/ST/usbx/common/core/src/ux_device_stack_interface_start.c **** 
  13:Middlewares/ST/usbx/common/core/src/ux_device_stack_interface_start.c **** /**************************************************************************/
  14:Middlewares/ST/usbx/common/core/src/ux_device_stack_interface_start.c **** /**************************************************************************/
  15:Middlewares/ST/usbx/common/core/src/ux_device_stack_interface_start.c **** /**                                                                       */ 
  16:Middlewares/ST/usbx/common/core/src/ux_device_stack_interface_start.c **** /** USBX Component                                                        */ 
  17:Middlewares/ST/usbx/common/core/src/ux_device_stack_interface_start.c **** /**                                                                       */
  18:Middlewares/ST/usbx/common/core/src/ux_device_stack_interface_start.c **** /**   Device Stack                                                        */
  19:Middlewares/ST/usbx/common/core/src/ux_device_stack_interface_start.c **** /**                                                                       */
  20:Middlewares/ST/usbx/common/core/src/ux_device_stack_interface_start.c **** /**************************************************************************/
  21:Middlewares/ST/usbx/common/core/src/ux_device_stack_interface_start.c **** /**************************************************************************/
  22:Middlewares/ST/usbx/common/core/src/ux_device_stack_interface_start.c **** 
  23:Middlewares/ST/usbx/common/core/src/ux_device_stack_interface_start.c **** #define UX_SOURCE_CODE
  24:Middlewares/ST/usbx/common/core/src/ux_device_stack_interface_start.c **** 
  25:Middlewares/ST/usbx/common/core/src/ux_device_stack_interface_start.c **** 
  26:Middlewares/ST/usbx/common/core/src/ux_device_stack_interface_start.c **** /* Include necessary system files.  */
  27:Middlewares/ST/usbx/common/core/src/ux_device_stack_interface_start.c **** 
  28:Middlewares/ST/usbx/common/core/src/ux_device_stack_interface_start.c **** #include "ux_api.h"
ARM GAS  C:\usertemp\ccC3x9vF.s 			page 2


  29:Middlewares/ST/usbx/common/core/src/ux_device_stack_interface_start.c **** #include "ux_device_stack.h"
  30:Middlewares/ST/usbx/common/core/src/ux_device_stack_interface_start.c **** 
  31:Middlewares/ST/usbx/common/core/src/ux_device_stack_interface_start.c **** 
  32:Middlewares/ST/usbx/common/core/src/ux_device_stack_interface_start.c **** /**************************************************************************/
  33:Middlewares/ST/usbx/common/core/src/ux_device_stack_interface_start.c **** /*                                                                        */
  34:Middlewares/ST/usbx/common/core/src/ux_device_stack_interface_start.c **** /*  FUNCTION                                               RELEASE        */
  35:Middlewares/ST/usbx/common/core/src/ux_device_stack_interface_start.c **** /*                                                                        */
  36:Middlewares/ST/usbx/common/core/src/ux_device_stack_interface_start.c **** /*    _ux_device_stack_interface_start                    PORTABLE C      */
  37:Middlewares/ST/usbx/common/core/src/ux_device_stack_interface_start.c **** /*                                                           6.1.12       */
  38:Middlewares/ST/usbx/common/core/src/ux_device_stack_interface_start.c **** /*  AUTHOR                                                                */
  39:Middlewares/ST/usbx/common/core/src/ux_device_stack_interface_start.c **** /*                                                                        */
  40:Middlewares/ST/usbx/common/core/src/ux_device_stack_interface_start.c **** /*    Chaoqiong Xiao, Microsoft Corporation                               */
  41:Middlewares/ST/usbx/common/core/src/ux_device_stack_interface_start.c **** /*                                                                        */
  42:Middlewares/ST/usbx/common/core/src/ux_device_stack_interface_start.c **** /*  DESCRIPTION                                                           */
  43:Middlewares/ST/usbx/common/core/src/ux_device_stack_interface_start.c **** /*                                                                        */
  44:Middlewares/ST/usbx/common/core/src/ux_device_stack_interface_start.c **** /*    This function starts an interface associated with the enabled       */
  45:Middlewares/ST/usbx/common/core/src/ux_device_stack_interface_start.c **** /*    configuration.                                                      */
  46:Middlewares/ST/usbx/common/core/src/ux_device_stack_interface_start.c **** /*                                                                        */
  47:Middlewares/ST/usbx/common/core/src/ux_device_stack_interface_start.c **** /*  INPUT                                                                 */
  48:Middlewares/ST/usbx/common/core/src/ux_device_stack_interface_start.c **** /*                                                                        */
  49:Middlewares/ST/usbx/common/core/src/ux_device_stack_interface_start.c **** /*    interface                             Pointer to interface          */ 
  50:Middlewares/ST/usbx/common/core/src/ux_device_stack_interface_start.c **** /*                                                                        */
  51:Middlewares/ST/usbx/common/core/src/ux_device_stack_interface_start.c **** /*  OUTPUT                                                                */
  52:Middlewares/ST/usbx/common/core/src/ux_device_stack_interface_start.c **** /*                                                                        */
  53:Middlewares/ST/usbx/common/core/src/ux_device_stack_interface_start.c **** /*    Completion Status                                                   */ 
  54:Middlewares/ST/usbx/common/core/src/ux_device_stack_interface_start.c **** /*                                                                        */
  55:Middlewares/ST/usbx/common/core/src/ux_device_stack_interface_start.c **** /*  CALLS                                                                 */ 
  56:Middlewares/ST/usbx/common/core/src/ux_device_stack_interface_start.c **** /*                                                                        */ 
  57:Middlewares/ST/usbx/common/core/src/ux_device_stack_interface_start.c **** /*    (ux_slave_class_entry_function)       Device class entry function   */ 
  58:Middlewares/ST/usbx/common/core/src/ux_device_stack_interface_start.c **** /*                                                                        */ 
  59:Middlewares/ST/usbx/common/core/src/ux_device_stack_interface_start.c **** /*  CALLED BY                                                             */ 
  60:Middlewares/ST/usbx/common/core/src/ux_device_stack_interface_start.c **** /*                                                                        */ 
  61:Middlewares/ST/usbx/common/core/src/ux_device_stack_interface_start.c **** /*    Application                                                         */ 
  62:Middlewares/ST/usbx/common/core/src/ux_device_stack_interface_start.c **** /*    Device Stack                                                        */
  63:Middlewares/ST/usbx/common/core/src/ux_device_stack_interface_start.c **** /*                                                                        */ 
  64:Middlewares/ST/usbx/common/core/src/ux_device_stack_interface_start.c **** /*  RELEASE HISTORY                                                       */ 
  65:Middlewares/ST/usbx/common/core/src/ux_device_stack_interface_start.c **** /*                                                                        */ 
  66:Middlewares/ST/usbx/common/core/src/ux_device_stack_interface_start.c **** /*    DATE              NAME                      DESCRIPTION             */ 
  67:Middlewares/ST/usbx/common/core/src/ux_device_stack_interface_start.c **** /*                                                                        */ 
  68:Middlewares/ST/usbx/common/core/src/ux_device_stack_interface_start.c **** /*  05-19-2020     Chaoqiong Xiao           Initial Version 6.0           */
  69:Middlewares/ST/usbx/common/core/src/ux_device_stack_interface_start.c **** /*  09-30-2020     Chaoqiong Xiao           Modified comment(s),          */
  70:Middlewares/ST/usbx/common/core/src/ux_device_stack_interface_start.c **** /*                                            resulting in version 6.1    */
  71:Middlewares/ST/usbx/common/core/src/ux_device_stack_interface_start.c **** /*  07-29-2022     Chaoqiong Xiao           Modified comment(s),          */
  72:Middlewares/ST/usbx/common/core/src/ux_device_stack_interface_start.c **** /*                                            fixed parameter/variable    */
  73:Middlewares/ST/usbx/common/core/src/ux_device_stack_interface_start.c **** /*                                            names conflict C++ keyword, */
  74:Middlewares/ST/usbx/common/core/src/ux_device_stack_interface_start.c **** /*                                            resulting in version 6.1.12 */
  75:Middlewares/ST/usbx/common/core/src/ux_device_stack_interface_start.c **** /*                                                                        */
  76:Middlewares/ST/usbx/common/core/src/ux_device_stack_interface_start.c **** /**************************************************************************/
  77:Middlewares/ST/usbx/common/core/src/ux_device_stack_interface_start.c **** UINT  _ux_device_stack_interface_start(UX_SLAVE_INTERFACE *interface_ptr)
  78:Middlewares/ST/usbx/common/core/src/ux_device_stack_interface_start.c **** {
  31              		.loc 1 78 1 view -0
  32              		.cfi_startproc
  33              		@ args = 0, pretend = 0, frame = 48
  34              		@ frame_needed = 0, uses_anonymous_args = 0
  35              		.loc 1 78 1 is_stmt 0 view .LVU1
  36 0000 30B5     		push	{r4, r5, lr}
  37              	.LCFI0:
ARM GAS  C:\usertemp\ccC3x9vF.s 			page 3


  38              		.cfi_def_cfa_offset 12
  39              		.cfi_offset 4, -12
  40              		.cfi_offset 5, -8
  41              		.cfi_offset 14, -4
  42 0002 8DB0     		sub	sp, sp, #52
  43              	.LCFI1:
  44              		.cfi_def_cfa_offset 64
  79:Middlewares/ST/usbx/common/core/src/ux_device_stack_interface_start.c **** 
  80:Middlewares/ST/usbx/common/core/src/ux_device_stack_interface_start.c **** UX_SLAVE_DEVICE             *device;
  45              		.loc 1 80 1 is_stmt 1 view .LVU2
  81:Middlewares/ST/usbx/common/core/src/ux_device_stack_interface_start.c **** UX_SLAVE_CLASS              *class_ptr;
  46              		.loc 1 81 1 view .LVU3
  82:Middlewares/ST/usbx/common/core/src/ux_device_stack_interface_start.c **** UINT                        status;
  47              		.loc 1 82 1 view .LVU4
  83:Middlewares/ST/usbx/common/core/src/ux_device_stack_interface_start.c **** UX_SLAVE_CLASS_COMMAND      class_command;
  48              		.loc 1 83 1 view .LVU5
  84:Middlewares/ST/usbx/common/core/src/ux_device_stack_interface_start.c **** 
  85:Middlewares/ST/usbx/common/core/src/ux_device_stack_interface_start.c **** 
  86:Middlewares/ST/usbx/common/core/src/ux_device_stack_interface_start.c ****     /* Get the class for the interface.  */
  87:Middlewares/ST/usbx/common/core/src/ux_device_stack_interface_start.c ****     class_ptr =  _ux_system_slave -> ux_system_slave_interface_class_array[interface_ptr -> ux_slav
  49              		.loc 1 87 5 view .LVU6
  50              		.loc 1 87 35 is_stmt 0 view .LVU7
  51 0004 154B     		ldr	r3, .L8
  52 0006 1A68     		ldr	r2, [r3]
  53              		.loc 1 87 122 view .LVU8
  54 0008 837B     		ldrb	r3, [r0, #14]	@ zero_extendqisi2
  55              		.loc 1 87 15 view .LVU9
  56 000a 4433     		adds	r3, r3, #68
  57 000c 02EB8303 		add	r3, r2, r3, lsl #2
  58 0010 5D68     		ldr	r5, [r3, #4]
  59              	.LVL1:
  88:Middlewares/ST/usbx/common/core/src/ux_device_stack_interface_start.c **** 
  89:Middlewares/ST/usbx/common/core/src/ux_device_stack_interface_start.c ****     /* Check if class driver is available. */
  90:Middlewares/ST/usbx/common/core/src/ux_device_stack_interface_start.c ****     if (class_ptr == UX_NULL)
  60              		.loc 1 90 5 is_stmt 1 view .LVU10
  61              		.loc 1 90 8 is_stmt 0 view .LVU11
  62 0012 05B3     		cbz	r5, .L4
  63 0014 0446     		mov	r4, r0
  91:Middlewares/ST/usbx/common/core/src/ux_device_stack_interface_start.c **** 
  92:Middlewares/ST/usbx/common/core/src/ux_device_stack_interface_start.c ****         /* There is no class driver supported. */
  93:Middlewares/ST/usbx/common/core/src/ux_device_stack_interface_start.c ****         return (UX_NO_CLASS_MATCH);
  94:Middlewares/ST/usbx/common/core/src/ux_device_stack_interface_start.c **** 
  95:Middlewares/ST/usbx/common/core/src/ux_device_stack_interface_start.c ****     /* Get the pointer to the device.  */
  96:Middlewares/ST/usbx/common/core/src/ux_device_stack_interface_start.c ****     device =  &_ux_system_slave -> ux_system_slave_device;
  64              		.loc 1 96 5 is_stmt 1 view .LVU12
  65              	.LVL2:
  97:Middlewares/ST/usbx/common/core/src/ux_device_stack_interface_start.c **** 
  98:Middlewares/ST/usbx/common/core/src/ux_device_stack_interface_start.c ****     /* Build all the fields of the Class Command.  */
  99:Middlewares/ST/usbx/common/core/src/ux_device_stack_interface_start.c ****     class_command.ux_slave_class_command_request   =    UX_SLAVE_CLASS_COMMAND_QUERY;
  66              		.loc 1 99 5 view .LVU13
  67              		.loc 1 99 52 is_stmt 0 view .LVU14
  68 0016 0123     		movs	r3, #1
  69 0018 0193     		str	r3, [sp, #4]
 100:Middlewares/ST/usbx/common/core/src/ux_device_stack_interface_start.c ****     class_command.ux_slave_class_command_interface =   (VOID *)interface_ptr;
  70              		.loc 1 100 5 is_stmt 1 view .LVU15
  71              		.loc 1 100 52 is_stmt 0 view .LVU16
  72 001a 0390     		str	r0, [sp, #12]
ARM GAS  C:\usertemp\ccC3x9vF.s 			page 4


 101:Middlewares/ST/usbx/common/core/src/ux_device_stack_interface_start.c ****     class_command.ux_slave_class_command_class     =   interface_ptr -> ux_slave_interface_descript
  73              		.loc 1 101 5 is_stmt 1 view .LVU17
  74              		.loc 1 101 102 is_stmt 0 view .LVU18
  75 001c 437C     		ldrb	r3, [r0, #17]	@ zero_extendqisi2
  76              		.loc 1 101 52 view .LVU19
  77 001e 0693     		str	r3, [sp, #24]
 102:Middlewares/ST/usbx/common/core/src/ux_device_stack_interface_start.c ****     class_command.ux_slave_class_command_subclass  =   interface_ptr -> ux_slave_interface_descript
  78              		.loc 1 102 5 is_stmt 1 view .LVU20
  79              		.loc 1 102 102 is_stmt 0 view .LVU21
  80 0020 837C     		ldrb	r3, [r0, #18]	@ zero_extendqisi2
  81              		.loc 1 102 52 view .LVU22
  82 0022 0793     		str	r3, [sp, #28]
 103:Middlewares/ST/usbx/common/core/src/ux_device_stack_interface_start.c ****     class_command.ux_slave_class_command_protocol  =   interface_ptr -> ux_slave_interface_descript
  83              		.loc 1 103 5 is_stmt 1 view .LVU23
  84              		.loc 1 103 102 is_stmt 0 view .LVU24
  85 0024 C37C     		ldrb	r3, [r0, #19]	@ zero_extendqisi2
  86              		.loc 1 103 52 view .LVU25
  87 0026 0893     		str	r3, [sp, #32]
 104:Middlewares/ST/usbx/common/core/src/ux_device_stack_interface_start.c ****     class_command.ux_slave_class_command_vid       =   device -> ux_slave_device_descriptor.idVendo
  88              		.loc 1 104 5 is_stmt 1 view .LVU26
  89              		.loc 1 104 92 is_stmt 0 view .LVU27
  90 0028 938D     		ldrh	r3, [r2, #44]
  91              		.loc 1 104 52 view .LVU28
  92 002a 0593     		str	r3, [sp, #20]
 105:Middlewares/ST/usbx/common/core/src/ux_device_stack_interface_start.c ****     class_command.ux_slave_class_command_pid       =   device -> ux_slave_device_descriptor.idProdu
  93              		.loc 1 105 5 is_stmt 1 view .LVU29
  94              		.loc 1 105 92 is_stmt 0 view .LVU30
  95 002c D38D     		ldrh	r3, [r2, #46]
  96              		.loc 1 105 52 view .LVU31
  97 002e 0493     		str	r3, [sp, #16]
 106:Middlewares/ST/usbx/common/core/src/ux_device_stack_interface_start.c **** 
 107:Middlewares/ST/usbx/common/core/src/ux_device_stack_interface_start.c ****     /* We can now memorize the interface pointer associated with this class.  */
 108:Middlewares/ST/usbx/common/core/src/ux_device_stack_interface_start.c ****     class_ptr -> ux_slave_class_interface = interface_ptr;
  98              		.loc 1 108 5 is_stmt 1 view .LVU32
  99              		.loc 1 108 43 is_stmt 0 view .LVU33
 100 0030 C5F81001 		str	r0, [r5, #272]
 109:Middlewares/ST/usbx/common/core/src/ux_device_stack_interface_start.c ****     
 110:Middlewares/ST/usbx/common/core/src/ux_device_stack_interface_start.c ****     /* We have found a potential candidate. Call this registered class entry function.  */
 111:Middlewares/ST/usbx/common/core/src/ux_device_stack_interface_start.c ****     status = class_ptr -> ux_slave_class_entry_function(&class_command);
 101              		.loc 1 111 5 is_stmt 1 view .LVU34
 102              		.loc 1 111 24 is_stmt 0 view .LVU35
 103 0034 6B6C     		ldr	r3, [r5, #68]
 104              		.loc 1 111 14 view .LVU36
 105 0036 01A8     		add	r0, sp, #4
 106              	.LVL3:
 107              		.loc 1 111 14 view .LVU37
 108 0038 9847     		blx	r3
 109              	.LVL4:
 112:Middlewares/ST/usbx/common/core/src/ux_device_stack_interface_start.c **** 
 113:Middlewares/ST/usbx/common/core/src/ux_device_stack_interface_start.c ****     /* The status tells us if the registered class wants to own this class.  */
 114:Middlewares/ST/usbx/common/core/src/ux_device_stack_interface_start.c ****     if (status == UX_SUCCESS)
 110              		.loc 1 114 5 is_stmt 1 view .LVU38
 111              		.loc 1 114 8 is_stmt 0 view .LVU39
 112 003a 10B1     		cbz	r0, .L7
 115:Middlewares/ST/usbx/common/core/src/ux_device_stack_interface_start.c ****     {
 116:Middlewares/ST/usbx/common/core/src/ux_device_stack_interface_start.c **** 
 117:Middlewares/ST/usbx/common/core/src/ux_device_stack_interface_start.c ****         /* Store the class container. */
ARM GAS  C:\usertemp\ccC3x9vF.s 			page 5


 118:Middlewares/ST/usbx/common/core/src/ux_device_stack_interface_start.c ****         class_command.ux_slave_class_command_class_ptr =  class_ptr;
 119:Middlewares/ST/usbx/common/core/src/ux_device_stack_interface_start.c ****         
 120:Middlewares/ST/usbx/common/core/src/ux_device_stack_interface_start.c ****         /* Store the command.  */
 121:Middlewares/ST/usbx/common/core/src/ux_device_stack_interface_start.c ****         class_command.ux_slave_class_command_request =  UX_SLAVE_CLASS_COMMAND_ACTIVATE;
 122:Middlewares/ST/usbx/common/core/src/ux_device_stack_interface_start.c ****         
 123:Middlewares/ST/usbx/common/core/src/ux_device_stack_interface_start.c ****         /* Activate the class.  */
 124:Middlewares/ST/usbx/common/core/src/ux_device_stack_interface_start.c ****         status = class_ptr -> ux_slave_class_entry_function(&class_command);
 125:Middlewares/ST/usbx/common/core/src/ux_device_stack_interface_start.c **** 
 126:Middlewares/ST/usbx/common/core/src/ux_device_stack_interface_start.c ****         /* If the class was successfully activated, set the class for the interface.  */
 127:Middlewares/ST/usbx/common/core/src/ux_device_stack_interface_start.c ****         if(status == UX_SUCCESS)
 128:Middlewares/ST/usbx/common/core/src/ux_device_stack_interface_start.c ****             interface_ptr -> ux_slave_interface_class =  class_ptr;
 129:Middlewares/ST/usbx/common/core/src/ux_device_stack_interface_start.c **** 
 130:Middlewares/ST/usbx/common/core/src/ux_device_stack_interface_start.c ****         return(status); 
 131:Middlewares/ST/usbx/common/core/src/ux_device_stack_interface_start.c ****     }
 132:Middlewares/ST/usbx/common/core/src/ux_device_stack_interface_start.c **** 
 133:Middlewares/ST/usbx/common/core/src/ux_device_stack_interface_start.c ****     /* There is no driver who want to own this class!  */
 134:Middlewares/ST/usbx/common/core/src/ux_device_stack_interface_start.c ****     return(UX_NO_CLASS_MATCH);
 113              		.loc 1 134 11 view .LVU40
 114 003c 5720     		movs	r0, #87
 115              	.LVL5:
 116              	.L1:
 135:Middlewares/ST/usbx/common/core/src/ux_device_stack_interface_start.c **** }
 117              		.loc 1 135 1 view .LVU41
 118 003e 0DB0     		add	sp, sp, #52
 119              	.LCFI2:
 120              		.cfi_remember_state
 121              		.cfi_def_cfa_offset 12
 122              		@ sp needed
 123 0040 30BD     		pop	{r4, r5, pc}
 124              	.LVL6:
 125              	.L7:
 126              	.LCFI3:
 127              		.cfi_restore_state
 118:Middlewares/ST/usbx/common/core/src/ux_device_stack_interface_start.c ****         
 128              		.loc 1 118 9 is_stmt 1 view .LVU42
 118:Middlewares/ST/usbx/common/core/src/ux_device_stack_interface_start.c ****         
 129              		.loc 1 118 56 is_stmt 0 view .LVU43
 130 0042 0995     		str	r5, [sp, #36]
 121:Middlewares/ST/usbx/common/core/src/ux_device_stack_interface_start.c ****         
 131              		.loc 1 121 9 is_stmt 1 view .LVU44
 121:Middlewares/ST/usbx/common/core/src/ux_device_stack_interface_start.c ****         
 132              		.loc 1 121 54 is_stmt 0 view .LVU45
 133 0044 0223     		movs	r3, #2
 134 0046 0193     		str	r3, [sp, #4]
 124:Middlewares/ST/usbx/common/core/src/ux_device_stack_interface_start.c **** 
 135              		.loc 1 124 9 is_stmt 1 view .LVU46
 124:Middlewares/ST/usbx/common/core/src/ux_device_stack_interface_start.c **** 
 136              		.loc 1 124 28 is_stmt 0 view .LVU47
 137 0048 6B6C     		ldr	r3, [r5, #68]
 124:Middlewares/ST/usbx/common/core/src/ux_device_stack_interface_start.c **** 
 138              		.loc 1 124 18 view .LVU48
 139 004a 01A8     		add	r0, sp, #4
 140              	.LVL7:
 124:Middlewares/ST/usbx/common/core/src/ux_device_stack_interface_start.c **** 
 141              		.loc 1 124 18 view .LVU49
 142 004c 9847     		blx	r3
 143              	.LVL8:
ARM GAS  C:\usertemp\ccC3x9vF.s 			page 6


 127:Middlewares/ST/usbx/common/core/src/ux_device_stack_interface_start.c ****             interface_ptr -> ux_slave_interface_class =  class_ptr;
 144              		.loc 1 127 9 is_stmt 1 view .LVU50
 127:Middlewares/ST/usbx/common/core/src/ux_device_stack_interface_start.c ****             interface_ptr -> ux_slave_interface_class =  class_ptr;
 145              		.loc 1 127 11 is_stmt 0 view .LVU51
 146 004e 0028     		cmp	r0, #0
 147 0050 F5D1     		bne	.L1
 128:Middlewares/ST/usbx/common/core/src/ux_device_stack_interface_start.c **** 
 148              		.loc 1 128 13 is_stmt 1 view .LVU52
 128:Middlewares/ST/usbx/common/core/src/ux_device_stack_interface_start.c **** 
 149              		.loc 1 128 55 is_stmt 0 view .LVU53
 150 0052 6560     		str	r5, [r4, #4]
 130:Middlewares/ST/usbx/common/core/src/ux_device_stack_interface_start.c ****     }
 151              		.loc 1 130 9 is_stmt 1 view .LVU54
 130:Middlewares/ST/usbx/common/core/src/ux_device_stack_interface_start.c ****     }
 152              		.loc 1 130 15 is_stmt 0 view .LVU55
 153 0054 F3E7     		b	.L1
 154              	.LVL9:
 155              	.L4:
  93:Middlewares/ST/usbx/common/core/src/ux_device_stack_interface_start.c **** 
 156              		.loc 1 93 16 view .LVU56
 157 0056 5720     		movs	r0, #87
 158              	.LVL10:
  93:Middlewares/ST/usbx/common/core/src/ux_device_stack_interface_start.c **** 
 159              		.loc 1 93 16 view .LVU57
 160 0058 F1E7     		b	.L1
 161              	.L9:
 162 005a 00BF     		.align	2
 163              	.L8:
 164 005c 00000000 		.word	_ux_system_slave
 165              		.cfi_endproc
 166              	.LFE11:
 168              		.text
 169              	.Letext0:
 170              		.file 2 "Middlewares/ST/threadx/ports/cortex_m33/gnu/inc/tx_port.h"
 171              		.file 3 "Middlewares/ST/threadx/common/inc/tx_api.h"
 172              		.file 4 "Middlewares/ST/usbx/common/core/inc/ux_api.h"
 173              		.file 5 "Middlewares/ST/usbx/common/core/inc/ux_system.h"
ARM GAS  C:\usertemp\ccC3x9vF.s 			page 7


DEFINED SYMBOLS
                            *ABS*:00000000 ux_device_stack_interface_start.c
C:\usertemp\ccC3x9vF.s:22     .text._ux_device_stack_interface_start:00000000 $t
C:\usertemp\ccC3x9vF.s:28     .text._ux_device_stack_interface_start:00000000 _ux_device_stack_interface_start
C:\usertemp\ccC3x9vF.s:164    .text._ux_device_stack_interface_start:0000005c $d

UNDEFINED SYMBOLS
_ux_system_slave
