ARM GAS  C:\usertemp\ccySVTPg.s 			page 1


   1              		.cpu cortex-m33
   2              		.arch armv8-m.main
   3              		.fpu fpv4-sp-d16
   4              		.arch_extension dsp
   5              		.eabi_attribute 27, 1
   6              		.eabi_attribute 28, 1
   7              		.eabi_attribute 20, 1
   8              		.eabi_attribute 21, 1
   9              		.eabi_attribute 23, 3
  10              		.eabi_attribute 24, 1
  11              		.eabi_attribute 25, 1
  12              		.eabi_attribute 26, 1
  13              		.eabi_attribute 30, 1
  14              		.eabi_attribute 34, 1
  15              		.eabi_attribute 18, 4
  16              		.file	"ux_device_class_hid_descriptor_send.c"
  17              		.text
  18              	.Ltext0:
  19              		.cfi_sections	.debug_frame
  20              		.file 1 "Middlewares/ST/usbx/common/usbx_device_classes/src/ux_device_class_hid_descriptor_send.c"
  21              		.section	.text._ux_device_class_hid_descriptor_send,"ax",%progbits
  22              		.align	1
  23              		.global	_ux_device_class_hid_descriptor_send
  24              		.syntax unified
  25              		.thumb
  26              		.thumb_func
  28              	_ux_device_class_hid_descriptor_send:
  29              	.LVL0:
  30              	.LFB11:
   1:Middlewares/ST/usbx/common/usbx_device_classes/src/ux_device_class_hid_descriptor_send.c **** /**************************************************************************/
   2:Middlewares/ST/usbx/common/usbx_device_classes/src/ux_device_class_hid_descriptor_send.c **** /*                                                                        */
   3:Middlewares/ST/usbx/common/usbx_device_classes/src/ux_device_class_hid_descriptor_send.c **** /*       Copyright (c) Microsoft Corporation. All rights reserved.        */
   4:Middlewares/ST/usbx/common/usbx_device_classes/src/ux_device_class_hid_descriptor_send.c **** /*                                                                        */
   5:Middlewares/ST/usbx/common/usbx_device_classes/src/ux_device_class_hid_descriptor_send.c **** /*       This software is licensed under the Microsoft Software License   */
   6:Middlewares/ST/usbx/common/usbx_device_classes/src/ux_device_class_hid_descriptor_send.c **** /*       Terms for Microsoft Azure RTOS. Full text of the license can be  */
   7:Middlewares/ST/usbx/common/usbx_device_classes/src/ux_device_class_hid_descriptor_send.c **** /*       found in the LICENSE file at https://aka.ms/AzureRTOS_EULA       */
   8:Middlewares/ST/usbx/common/usbx_device_classes/src/ux_device_class_hid_descriptor_send.c **** /*       and in the root directory of this software.                      */
   9:Middlewares/ST/usbx/common/usbx_device_classes/src/ux_device_class_hid_descriptor_send.c **** /*                                                                        */
  10:Middlewares/ST/usbx/common/usbx_device_classes/src/ux_device_class_hid_descriptor_send.c **** /**************************************************************************/
  11:Middlewares/ST/usbx/common/usbx_device_classes/src/ux_device_class_hid_descriptor_send.c **** 
  12:Middlewares/ST/usbx/common/usbx_device_classes/src/ux_device_class_hid_descriptor_send.c **** 
  13:Middlewares/ST/usbx/common/usbx_device_classes/src/ux_device_class_hid_descriptor_send.c **** /**************************************************************************/
  14:Middlewares/ST/usbx/common/usbx_device_classes/src/ux_device_class_hid_descriptor_send.c **** /**************************************************************************/
  15:Middlewares/ST/usbx/common/usbx_device_classes/src/ux_device_class_hid_descriptor_send.c **** /**                                                                       */ 
  16:Middlewares/ST/usbx/common/usbx_device_classes/src/ux_device_class_hid_descriptor_send.c **** /** USBX Component                                                        */ 
  17:Middlewares/ST/usbx/common/usbx_device_classes/src/ux_device_class_hid_descriptor_send.c **** /**                                                                       */
  18:Middlewares/ST/usbx/common/usbx_device_classes/src/ux_device_class_hid_descriptor_send.c **** /**   Device HID Class                                                    */
  19:Middlewares/ST/usbx/common/usbx_device_classes/src/ux_device_class_hid_descriptor_send.c **** /**                                                                       */
  20:Middlewares/ST/usbx/common/usbx_device_classes/src/ux_device_class_hid_descriptor_send.c **** /**************************************************************************/
  21:Middlewares/ST/usbx/common/usbx_device_classes/src/ux_device_class_hid_descriptor_send.c **** /**************************************************************************/
  22:Middlewares/ST/usbx/common/usbx_device_classes/src/ux_device_class_hid_descriptor_send.c **** 
  23:Middlewares/ST/usbx/common/usbx_device_classes/src/ux_device_class_hid_descriptor_send.c **** #define UX_SOURCE_CODE
  24:Middlewares/ST/usbx/common/usbx_device_classes/src/ux_device_class_hid_descriptor_send.c **** 
  25:Middlewares/ST/usbx/common/usbx_device_classes/src/ux_device_class_hid_descriptor_send.c **** 
  26:Middlewares/ST/usbx/common/usbx_device_classes/src/ux_device_class_hid_descriptor_send.c **** /* Include necessary system files.  */
  27:Middlewares/ST/usbx/common/usbx_device_classes/src/ux_device_class_hid_descriptor_send.c **** 
  28:Middlewares/ST/usbx/common/usbx_device_classes/src/ux_device_class_hid_descriptor_send.c **** #include "ux_api.h"
ARM GAS  C:\usertemp\ccySVTPg.s 			page 2


  29:Middlewares/ST/usbx/common/usbx_device_classes/src/ux_device_class_hid_descriptor_send.c **** #include "ux_device_class_hid.h"
  30:Middlewares/ST/usbx/common/usbx_device_classes/src/ux_device_class_hid_descriptor_send.c **** #include "ux_device_stack.h"
  31:Middlewares/ST/usbx/common/usbx_device_classes/src/ux_device_class_hid_descriptor_send.c **** 
  32:Middlewares/ST/usbx/common/usbx_device_classes/src/ux_device_class_hid_descriptor_send.c **** 
  33:Middlewares/ST/usbx/common/usbx_device_classes/src/ux_device_class_hid_descriptor_send.c **** /**************************************************************************/
  34:Middlewares/ST/usbx/common/usbx_device_classes/src/ux_device_class_hid_descriptor_send.c **** /*                                                                        */
  35:Middlewares/ST/usbx/common/usbx_device_classes/src/ux_device_class_hid_descriptor_send.c **** /*  FUNCTION                                               RELEASE        */
  36:Middlewares/ST/usbx/common/usbx_device_classes/src/ux_device_class_hid_descriptor_send.c **** /*                                                                        */
  37:Middlewares/ST/usbx/common/usbx_device_classes/src/ux_device_class_hid_descriptor_send.c **** /*    _ux_device_class_hid_descriptor_send                PORTABLE C      */
  38:Middlewares/ST/usbx/common/usbx_device_classes/src/ux_device_class_hid_descriptor_send.c **** /*                                                           6.1.8        */
  39:Middlewares/ST/usbx/common/usbx_device_classes/src/ux_device_class_hid_descriptor_send.c **** /*  AUTHOR                                                                */
  40:Middlewares/ST/usbx/common/usbx_device_classes/src/ux_device_class_hid_descriptor_send.c **** /*                                                                        */
  41:Middlewares/ST/usbx/common/usbx_device_classes/src/ux_device_class_hid_descriptor_send.c **** /*    Chaoqiong Xiao, Microsoft Corporation                               */
  42:Middlewares/ST/usbx/common/usbx_device_classes/src/ux_device_class_hid_descriptor_send.c **** /*                                                                        */
  43:Middlewares/ST/usbx/common/usbx_device_classes/src/ux_device_class_hid_descriptor_send.c **** /*  DESCRIPTION                                                           */
  44:Middlewares/ST/usbx/common/usbx_device_classes/src/ux_device_class_hid_descriptor_send.c **** /*                                                                        */
  45:Middlewares/ST/usbx/common/usbx_device_classes/src/ux_device_class_hid_descriptor_send.c **** /*    This function sends back the class descriptor required by the host. */
  46:Middlewares/ST/usbx/common/usbx_device_classes/src/ux_device_class_hid_descriptor_send.c **** /*                                                                        */
  47:Middlewares/ST/usbx/common/usbx_device_classes/src/ux_device_class_hid_descriptor_send.c **** /*  INPUT                                                                 */
  48:Middlewares/ST/usbx/common/usbx_device_classes/src/ux_device_class_hid_descriptor_send.c **** /*                                                                        */
  49:Middlewares/ST/usbx/common/usbx_device_classes/src/ux_device_class_hid_descriptor_send.c **** /*    descriptor_type                       Descriptor type               */
  50:Middlewares/ST/usbx/common/usbx_device_classes/src/ux_device_class_hid_descriptor_send.c **** /*    descriptor_index                      Index of descriptor           */
  51:Middlewares/ST/usbx/common/usbx_device_classes/src/ux_device_class_hid_descriptor_send.c **** /*    host_length                           Length requested by host      */
  52:Middlewares/ST/usbx/common/usbx_device_classes/src/ux_device_class_hid_descriptor_send.c **** /*                                                                        */
  53:Middlewares/ST/usbx/common/usbx_device_classes/src/ux_device_class_hid_descriptor_send.c **** /*  OUTPUT                                                                */
  54:Middlewares/ST/usbx/common/usbx_device_classes/src/ux_device_class_hid_descriptor_send.c **** /*                                                                        */
  55:Middlewares/ST/usbx/common/usbx_device_classes/src/ux_device_class_hid_descriptor_send.c **** /*    Completion Status                                                   */ 
  56:Middlewares/ST/usbx/common/usbx_device_classes/src/ux_device_class_hid_descriptor_send.c **** /*                                                                        */
  57:Middlewares/ST/usbx/common/usbx_device_classes/src/ux_device_class_hid_descriptor_send.c **** /*  CALLS                                                                 */ 
  58:Middlewares/ST/usbx/common/usbx_device_classes/src/ux_device_class_hid_descriptor_send.c **** /*                                                                        */ 
  59:Middlewares/ST/usbx/common/usbx_device_classes/src/ux_device_class_hid_descriptor_send.c **** /*    (ux_slave_dcd_function)               DCD dispatch function         */ 
  60:Middlewares/ST/usbx/common/usbx_device_classes/src/ux_device_class_hid_descriptor_send.c **** /*    _ux_device_stack_transfer_request     Process transfer request      */
  61:Middlewares/ST/usbx/common/usbx_device_classes/src/ux_device_class_hid_descriptor_send.c **** /*    _ux_utility_memory_copy               Memory copy                   */ 
  62:Middlewares/ST/usbx/common/usbx_device_classes/src/ux_device_class_hid_descriptor_send.c **** /*                                                                        */ 
  63:Middlewares/ST/usbx/common/usbx_device_classes/src/ux_device_class_hid_descriptor_send.c **** /*  CALLED BY                                                             */ 
  64:Middlewares/ST/usbx/common/usbx_device_classes/src/ux_device_class_hid_descriptor_send.c **** /*                                                                        */ 
  65:Middlewares/ST/usbx/common/usbx_device_classes/src/ux_device_class_hid_descriptor_send.c **** /*    Application                                                         */ 
  66:Middlewares/ST/usbx/common/usbx_device_classes/src/ux_device_class_hid_descriptor_send.c **** /*    Device Stack                                                        */
  67:Middlewares/ST/usbx/common/usbx_device_classes/src/ux_device_class_hid_descriptor_send.c **** /*                                                                        */ 
  68:Middlewares/ST/usbx/common/usbx_device_classes/src/ux_device_class_hid_descriptor_send.c **** /*  RELEASE HISTORY                                                       */ 
  69:Middlewares/ST/usbx/common/usbx_device_classes/src/ux_device_class_hid_descriptor_send.c **** /*                                                                        */ 
  70:Middlewares/ST/usbx/common/usbx_device_classes/src/ux_device_class_hid_descriptor_send.c **** /*    DATE              NAME                      DESCRIPTION             */ 
  71:Middlewares/ST/usbx/common/usbx_device_classes/src/ux_device_class_hid_descriptor_send.c **** /*                                                                        */ 
  72:Middlewares/ST/usbx/common/usbx_device_classes/src/ux_device_class_hid_descriptor_send.c **** /*  05-19-2020     Chaoqiong Xiao           Initial Version 6.0           */
  73:Middlewares/ST/usbx/common/usbx_device_classes/src/ux_device_class_hid_descriptor_send.c **** /*  09-30-2020     Chaoqiong Xiao           Modified comment(s),          */
  74:Middlewares/ST/usbx/common/usbx_device_classes/src/ux_device_class_hid_descriptor_send.c **** /*                                            verified memset and memcpy  */
  75:Middlewares/ST/usbx/common/usbx_device_classes/src/ux_device_class_hid_descriptor_send.c **** /*                                            cases,                      */
  76:Middlewares/ST/usbx/common/usbx_device_classes/src/ux_device_class_hid_descriptor_send.c **** /*                                            resulting in version 6.1    */
  77:Middlewares/ST/usbx/common/usbx_device_classes/src/ux_device_class_hid_descriptor_send.c **** /*  08-02-2021     Chaoqiong Xiao           Modified comment(s),          */
  78:Middlewares/ST/usbx/common/usbx_device_classes/src/ux_device_class_hid_descriptor_send.c **** /*                                            fixed HID descriptor search,*/
  79:Middlewares/ST/usbx/common/usbx_device_classes/src/ux_device_class_hid_descriptor_send.c **** /*                                            resulting in version 6.1.8  */
  80:Middlewares/ST/usbx/common/usbx_device_classes/src/ux_device_class_hid_descriptor_send.c **** /*                                                                        */
  81:Middlewares/ST/usbx/common/usbx_device_classes/src/ux_device_class_hid_descriptor_send.c **** /**************************************************************************/
  82:Middlewares/ST/usbx/common/usbx_device_classes/src/ux_device_class_hid_descriptor_send.c **** UINT  _ux_device_class_hid_descriptor_send(UX_SLAVE_CLASS_HID *hid, ULONG descriptor_type, 
  83:Middlewares/ST/usbx/common/usbx_device_classes/src/ux_device_class_hid_descriptor_send.c ****                                             ULONG request_index, ULONG host_length)
  84:Middlewares/ST/usbx/common/usbx_device_classes/src/ux_device_class_hid_descriptor_send.c **** {
  31              		.loc 1 84 1 view -0
ARM GAS  C:\usertemp\ccySVTPg.s 			page 3


  32              		.cfi_startproc
  33              		@ args = 0, pretend = 0, frame = 0
  34              		@ frame_needed = 0, uses_anonymous_args = 0
  35              		.loc 1 84 1 is_stmt 0 view .LVU1
  36 0000 2DE9F047 		push	{r4, r5, r6, r7, r8, r9, r10, lr}
  37              	.LCFI0:
  38              		.cfi_def_cfa_offset 32
  39              		.cfi_offset 4, -32
  40              		.cfi_offset 5, -28
  41              		.cfi_offset 6, -24
  42              		.cfi_offset 7, -20
  43              		.cfi_offset 8, -16
  44              		.cfi_offset 9, -12
  45              		.cfi_offset 10, -8
  46              		.cfi_offset 14, -4
  47 0004 9846     		mov	r8, r3
  85:Middlewares/ST/usbx/common/usbx_device_classes/src/ux_device_class_hid_descriptor_send.c **** 
  86:Middlewares/ST/usbx/common/usbx_device_classes/src/ux_device_class_hid_descriptor_send.c **** UX_SLAVE_DCD                    *dcd;
  48              		.loc 1 86 1 is_stmt 1 view .LVU2
  87:Middlewares/ST/usbx/common/usbx_device_classes/src/ux_device_class_hid_descriptor_send.c **** UX_SLAVE_DEVICE                 *device;
  49              		.loc 1 87 1 view .LVU3
  88:Middlewares/ST/usbx/common/usbx_device_classes/src/ux_device_class_hid_descriptor_send.c **** UX_SLAVE_TRANSFER               *transfer_request;
  50              		.loc 1 88 1 view .LVU4
  89:Middlewares/ST/usbx/common/usbx_device_classes/src/ux_device_class_hid_descriptor_send.c **** UX_SLAVE_ENDPOINT               *endpoint;
  51              		.loc 1 89 1 view .LVU5
  90:Middlewares/ST/usbx/common/usbx_device_classes/src/ux_device_class_hid_descriptor_send.c **** UCHAR *                         device_framework;
  52              		.loc 1 90 1 view .LVU6
  91:Middlewares/ST/usbx/common/usbx_device_classes/src/ux_device_class_hid_descriptor_send.c **** UCHAR *                         device_framework_end;
  53              		.loc 1 91 1 view .LVU7
  92:Middlewares/ST/usbx/common/usbx_device_classes/src/ux_device_class_hid_descriptor_send.c **** ULONG                           descriptor_length;
  54              		.loc 1 92 1 view .LVU8
  93:Middlewares/ST/usbx/common/usbx_device_classes/src/ux_device_class_hid_descriptor_send.c **** UINT                            status =  UX_ERROR;
  55              		.loc 1 93 1 view .LVU9
  56              	.LVL1:
  94:Middlewares/ST/usbx/common/usbx_device_classes/src/ux_device_class_hid_descriptor_send.c **** ULONG                           length;
  57              		.loc 1 94 1 view .LVU10
  95:Middlewares/ST/usbx/common/usbx_device_classes/src/ux_device_class_hid_descriptor_send.c **** UCHAR                           interface_number = 0xFF;
  58              		.loc 1 95 1 view .LVU11
  96:Middlewares/ST/usbx/common/usbx_device_classes/src/ux_device_class_hid_descriptor_send.c **** 
  97:Middlewares/ST/usbx/common/usbx_device_classes/src/ux_device_class_hid_descriptor_send.c ****     UX_PARAMETER_NOT_USED(request_index);
  59              		.loc 1 97 5 view .LVU12
  98:Middlewares/ST/usbx/common/usbx_device_classes/src/ux_device_class_hid_descriptor_send.c **** 
  99:Middlewares/ST/usbx/common/usbx_device_classes/src/ux_device_class_hid_descriptor_send.c ****     /* If trace is enabled, insert this event into the trace buffer.  */
 100:Middlewares/ST/usbx/common/usbx_device_classes/src/ux_device_class_hid_descriptor_send.c ****     UX_TRACE_IN_LINE_INSERT(UX_TRACE_DEVICE_CLASS_HID_DESCRIPTOR_SEND, hid, descriptor_type, reques
 101:Middlewares/ST/usbx/common/usbx_device_classes/src/ux_device_class_hid_descriptor_send.c **** 
 102:Middlewares/ST/usbx/common/usbx_device_classes/src/ux_device_class_hid_descriptor_send.c ****     /* Get the pointer to the DCD.  */
 103:Middlewares/ST/usbx/common/usbx_device_classes/src/ux_device_class_hid_descriptor_send.c ****     dcd =  &_ux_system_slave -> ux_system_slave_dcd;
  60              		.loc 1 103 5 view .LVU13
  61              		.loc 1 103 30 is_stmt 0 view .LVU14
  62 0006 374B     		ldr	r3, .L21
  63              	.LVL2:
  64              		.loc 1 103 30 view .LVU15
  65 0008 1E68     		ldr	r6, [r3]
  66              	.LVL3:
 104:Middlewares/ST/usbx/common/usbx_device_classes/src/ux_device_class_hid_descriptor_send.c **** 
 105:Middlewares/ST/usbx/common/usbx_device_classes/src/ux_device_class_hid_descriptor_send.c ****     /* Get the pointer to the device.  */
 106:Middlewares/ST/usbx/common/usbx_device_classes/src/ux_device_class_hid_descriptor_send.c ****     device =  &_ux_system_slave -> ux_system_slave_device;
ARM GAS  C:\usertemp\ccySVTPg.s 			page 4


  67              		.loc 1 106 5 is_stmt 1 view .LVU16
 107:Middlewares/ST/usbx/common/usbx_device_classes/src/ux_device_class_hid_descriptor_send.c ****     
 108:Middlewares/ST/usbx/common/usbx_device_classes/src/ux_device_class_hid_descriptor_send.c ****     /* Get the control endpoint associated with the device.  */
 109:Middlewares/ST/usbx/common/usbx_device_classes/src/ux_device_class_hid_descriptor_send.c ****     endpoint =  &device -> ux_slave_device_control_endpoint;
  68              		.loc 1 109 5 view .LVU17
  69              		.loc 1 109 14 is_stmt 0 view .LVU18
  70 000a 06F13809 		add	r9, r6, #56
  71              	.LVL4:
 110:Middlewares/ST/usbx/common/usbx_device_classes/src/ux_device_class_hid_descriptor_send.c **** 
 111:Middlewares/ST/usbx/common/usbx_device_classes/src/ux_device_class_hid_descriptor_send.c ****     /* Get the pointer to the transfer request associated with the endpoint.  */
 112:Middlewares/ST/usbx/common/usbx_device_classes/src/ux_device_class_hid_descriptor_send.c ****     transfer_request =  &endpoint -> ux_slave_endpoint_transfer_request;
  72              		.loc 1 112 5 is_stmt 1 view .LVU19
  73              		.loc 1 112 22 is_stmt 0 view .LVU20
  74 000e 06F1580A 		add	r10, r6, #88
  75              	.LVL5:
 113:Middlewares/ST/usbx/common/usbx_device_classes/src/ux_device_class_hid_descriptor_send.c **** 
 114:Middlewares/ST/usbx/common/usbx_device_classes/src/ux_device_class_hid_descriptor_send.c ****     /* Set the direction to OUT.  */
 115:Middlewares/ST/usbx/common/usbx_device_classes/src/ux_device_class_hid_descriptor_send.c ****     transfer_request -> ux_slave_transfer_request_phase =  UX_TRANSFER_PHASE_DATA_OUT;
  76              		.loc 1 115 5 is_stmt 1 view .LVU21
  77              		.loc 1 115 57 is_stmt 0 view .LVU22
  78 0012 0323     		movs	r3, #3
  79 0014 C6F88030 		str	r3, [r6, #128]
 116:Middlewares/ST/usbx/common/usbx_device_classes/src/ux_device_class_hid_descriptor_send.c ****     
 117:Middlewares/ST/usbx/common/usbx_device_classes/src/ux_device_class_hid_descriptor_send.c ****     /* Shift the descriptor type in the low byte field.  */
 118:Middlewares/ST/usbx/common/usbx_device_classes/src/ux_device_class_hid_descriptor_send.c ****     descriptor_type =  (UCHAR) ((descriptor_type >> 8) & 0xff);
  80              		.loc 1 118 5 is_stmt 1 view .LVU23
  81 0018 C1F30721 		ubfx	r1, r1, #8, #8
  82              	.LVL6:
 119:Middlewares/ST/usbx/common/usbx_device_classes/src/ux_device_class_hid_descriptor_send.c **** 
 120:Middlewares/ST/usbx/common/usbx_device_classes/src/ux_device_class_hid_descriptor_send.c ****     /* What type of descriptor do we need to return?  */
 121:Middlewares/ST/usbx/common/usbx_device_classes/src/ux_device_class_hid_descriptor_send.c ****     switch (descriptor_type)
  83              		.loc 1 121 5 view .LVU24
  84 001c 2129     		cmp	r1, #33
  85 001e 09D0     		beq	.L2
  86 0020 2229     		cmp	r1, #34
  87 0022 41D0     		beq	.L3
 122:Middlewares/ST/usbx/common/usbx_device_classes/src/ux_device_class_hid_descriptor_send.c ****     {
 123:Middlewares/ST/usbx/common/usbx_device_classes/src/ux_device_class_hid_descriptor_send.c **** 
 124:Middlewares/ST/usbx/common/usbx_device_classes/src/ux_device_class_hid_descriptor_send.c ****     case UX_DEVICE_CLASS_HID_DESCRIPTOR_HID:
 125:Middlewares/ST/usbx/common/usbx_device_classes/src/ux_device_class_hid_descriptor_send.c ****     
 126:Middlewares/ST/usbx/common/usbx_device_classes/src/ux_device_class_hid_descriptor_send.c ****         /* We should have a HID descriptor as part of the config descriptor.  */
 127:Middlewares/ST/usbx/common/usbx_device_classes/src/ux_device_class_hid_descriptor_send.c ****         device_framework =  _ux_system_slave -> ux_system_slave_device_framework;
 128:Middlewares/ST/usbx/common/usbx_device_classes/src/ux_device_class_hid_descriptor_send.c ****         device_framework_end = device_framework + _ux_system_slave -> ux_system_slave_device_framew
 129:Middlewares/ST/usbx/common/usbx_device_classes/src/ux_device_class_hid_descriptor_send.c **** 
 130:Middlewares/ST/usbx/common/usbx_device_classes/src/ux_device_class_hid_descriptor_send.c ****         /* Parse the device framework and locate the HID descriptor.  
 131:Middlewares/ST/usbx/common/usbx_device_classes/src/ux_device_class_hid_descriptor_send.c ****            There is only one HID descriptor.  */
 132:Middlewares/ST/usbx/common/usbx_device_classes/src/ux_device_class_hid_descriptor_send.c ****         while (device_framework < device_framework_end)
 133:Middlewares/ST/usbx/common/usbx_device_classes/src/ux_device_class_hid_descriptor_send.c ****         {
 134:Middlewares/ST/usbx/common/usbx_device_classes/src/ux_device_class_hid_descriptor_send.c **** 
 135:Middlewares/ST/usbx/common/usbx_device_classes/src/ux_device_class_hid_descriptor_send.c ****             /* Get the type of the current descriptor.  */
 136:Middlewares/ST/usbx/common/usbx_device_classes/src/ux_device_class_hid_descriptor_send.c ****             descriptor_type =  *(device_framework + 1);
 137:Middlewares/ST/usbx/common/usbx_device_classes/src/ux_device_class_hid_descriptor_send.c **** 
 138:Middlewares/ST/usbx/common/usbx_device_classes/src/ux_device_class_hid_descriptor_send.c ****             /* And its length.  */
 139:Middlewares/ST/usbx/common/usbx_device_classes/src/ux_device_class_hid_descriptor_send.c ****             descriptor_length =  (ULONG) *device_framework;
 140:Middlewares/ST/usbx/common/usbx_device_classes/src/ux_device_class_hid_descriptor_send.c **** 
 141:Middlewares/ST/usbx/common/usbx_device_classes/src/ux_device_class_hid_descriptor_send.c ****             /* Save interface number for later check.  */
 142:Middlewares/ST/usbx/common/usbx_device_classes/src/ux_device_class_hid_descriptor_send.c ****             if (descriptor_type == UX_INTERFACE_DESCRIPTOR_ITEM)
ARM GAS  C:\usertemp\ccySVTPg.s 			page 5


 143:Middlewares/ST/usbx/common/usbx_device_classes/src/ux_device_class_hid_descriptor_send.c ****                 interface_number = *(device_framework + 2);
 144:Middlewares/ST/usbx/common/usbx_device_classes/src/ux_device_class_hid_descriptor_send.c **** 
 145:Middlewares/ST/usbx/common/usbx_device_classes/src/ux_device_class_hid_descriptor_send.c ****             /* Check if this is a HID report descriptor.  */
 146:Middlewares/ST/usbx/common/usbx_device_classes/src/ux_device_class_hid_descriptor_send.c ****             if ((descriptor_type == UX_DEVICE_CLASS_HID_DESCRIPTOR_HID) &&
 147:Middlewares/ST/usbx/common/usbx_device_classes/src/ux_device_class_hid_descriptor_send.c ****                 (interface_number == (UCHAR)request_index))
 148:Middlewares/ST/usbx/common/usbx_device_classes/src/ux_device_class_hid_descriptor_send.c ****             {
 149:Middlewares/ST/usbx/common/usbx_device_classes/src/ux_device_class_hid_descriptor_send.c **** 
 150:Middlewares/ST/usbx/common/usbx_device_classes/src/ux_device_class_hid_descriptor_send.c ****                 /* Ensure the host does not demand a length beyond our descriptor (Windows does tha
 151:Middlewares/ST/usbx/common/usbx_device_classes/src/ux_device_class_hid_descriptor_send.c ****                    and do not return more than what is allowed.  */
 152:Middlewares/ST/usbx/common/usbx_device_classes/src/ux_device_class_hid_descriptor_send.c ****                 if (descriptor_length < host_length)
 153:Middlewares/ST/usbx/common/usbx_device_classes/src/ux_device_class_hid_descriptor_send.c ****                     length =  descriptor_length;
 154:Middlewares/ST/usbx/common/usbx_device_classes/src/ux_device_class_hid_descriptor_send.c ****                 else                            
 155:Middlewares/ST/usbx/common/usbx_device_classes/src/ux_device_class_hid_descriptor_send.c ****                     length =  host_length;                
 156:Middlewares/ST/usbx/common/usbx_device_classes/src/ux_device_class_hid_descriptor_send.c **** 
 157:Middlewares/ST/usbx/common/usbx_device_classes/src/ux_device_class_hid_descriptor_send.c ****                 /* Check buffer length, since descriptor length may exceed buffer...  */
 158:Middlewares/ST/usbx/common/usbx_device_classes/src/ux_device_class_hid_descriptor_send.c ****                 if (length > UX_SLAVE_REQUEST_CONTROL_MAX_LENGTH)
 159:Middlewares/ST/usbx/common/usbx_device_classes/src/ux_device_class_hid_descriptor_send.c ****                 {
 160:Middlewares/ST/usbx/common/usbx_device_classes/src/ux_device_class_hid_descriptor_send.c **** 
 161:Middlewares/ST/usbx/common/usbx_device_classes/src/ux_device_class_hid_descriptor_send.c ****                     /* Error trap. */
 162:Middlewares/ST/usbx/common/usbx_device_classes/src/ux_device_class_hid_descriptor_send.c ****                     _ux_system_error_handler(UX_SYSTEM_LEVEL_THREAD, UX_SYSTEM_CONTEXT_CLASS, UX_ME
 163:Middlewares/ST/usbx/common/usbx_device_classes/src/ux_device_class_hid_descriptor_send.c **** 
 164:Middlewares/ST/usbx/common/usbx_device_classes/src/ux_device_class_hid_descriptor_send.c ****                     /* If trace is enabled, insert this event into the trace buffer.  */
 165:Middlewares/ST/usbx/common/usbx_device_classes/src/ux_device_class_hid_descriptor_send.c ****                     UX_TRACE_IN_LINE_INSERT(UX_TRACE_ERROR, UX_MEMORY_INSUFFICIENT, hid, 0, 0, UX_T
 166:Middlewares/ST/usbx/common/usbx_device_classes/src/ux_device_class_hid_descriptor_send.c **** 
 167:Middlewares/ST/usbx/common/usbx_device_classes/src/ux_device_class_hid_descriptor_send.c ****                     /* Stall the endpoint.  */
 168:Middlewares/ST/usbx/common/usbx_device_classes/src/ux_device_class_hid_descriptor_send.c ****                     status =  dcd -> ux_slave_dcd_function(dcd, UX_DCD_STALL_ENDPOINT, endpoint);
 169:Middlewares/ST/usbx/common/usbx_device_classes/src/ux_device_class_hid_descriptor_send.c ****                     break;
 170:Middlewares/ST/usbx/common/usbx_device_classes/src/ux_device_class_hid_descriptor_send.c ****                 }
 171:Middlewares/ST/usbx/common/usbx_device_classes/src/ux_device_class_hid_descriptor_send.c **** 
 172:Middlewares/ST/usbx/common/usbx_device_classes/src/ux_device_class_hid_descriptor_send.c ****                 /* Copy the device descriptor into the transfer request memory.  */
 173:Middlewares/ST/usbx/common/usbx_device_classes/src/ux_device_class_hid_descriptor_send.c ****                 _ux_utility_memory_copy(transfer_request -> ux_slave_transfer_request_data_pointer,
 174:Middlewares/ST/usbx/common/usbx_device_classes/src/ux_device_class_hid_descriptor_send.c ****                                             device_framework, length); /* Use case of memcpy is ver
 175:Middlewares/ST/usbx/common/usbx_device_classes/src/ux_device_class_hid_descriptor_send.c **** 
 176:Middlewares/ST/usbx/common/usbx_device_classes/src/ux_device_class_hid_descriptor_send.c ****                 /* We can return the configuration descriptor.  */
 177:Middlewares/ST/usbx/common/usbx_device_classes/src/ux_device_class_hid_descriptor_send.c ****                 status =  _ux_device_stack_transfer_request(transfer_request, length, host_length);
 178:Middlewares/ST/usbx/common/usbx_device_classes/src/ux_device_class_hid_descriptor_send.c ****                 break;
 179:Middlewares/ST/usbx/common/usbx_device_classes/src/ux_device_class_hid_descriptor_send.c ****                 
 180:Middlewares/ST/usbx/common/usbx_device_classes/src/ux_device_class_hid_descriptor_send.c ****             }
 181:Middlewares/ST/usbx/common/usbx_device_classes/src/ux_device_class_hid_descriptor_send.c **** 
 182:Middlewares/ST/usbx/common/usbx_device_classes/src/ux_device_class_hid_descriptor_send.c ****             /* Point to the next descriptor.  */
 183:Middlewares/ST/usbx/common/usbx_device_classes/src/ux_device_class_hid_descriptor_send.c ****             device_framework +=  descriptor_length;
 184:Middlewares/ST/usbx/common/usbx_device_classes/src/ux_device_class_hid_descriptor_send.c ****         }
 185:Middlewares/ST/usbx/common/usbx_device_classes/src/ux_device_class_hid_descriptor_send.c **** 
 186:Middlewares/ST/usbx/common/usbx_device_classes/src/ux_device_class_hid_descriptor_send.c ****         /* Stall the endpoint if not found or corrupt.  */
 187:Middlewares/ST/usbx/common/usbx_device_classes/src/ux_device_class_hid_descriptor_send.c ****         if (device_framework >= device_framework_end)
 188:Middlewares/ST/usbx/common/usbx_device_classes/src/ux_device_class_hid_descriptor_send.c ****             status =  dcd -> ux_slave_dcd_function(dcd, UX_DCD_STALL_ENDPOINT, endpoint);
 189:Middlewares/ST/usbx/common/usbx_device_classes/src/ux_device_class_hid_descriptor_send.c **** 
 190:Middlewares/ST/usbx/common/usbx_device_classes/src/ux_device_class_hid_descriptor_send.c ****         break;
 191:Middlewares/ST/usbx/common/usbx_device_classes/src/ux_device_class_hid_descriptor_send.c **** 
 192:Middlewares/ST/usbx/common/usbx_device_classes/src/ux_device_class_hid_descriptor_send.c ****     case UX_DEVICE_CLASS_HID_DESCRIPTOR_REPORT:
 193:Middlewares/ST/usbx/common/usbx_device_classes/src/ux_device_class_hid_descriptor_send.c ****         
 194:Middlewares/ST/usbx/common/usbx_device_classes/src/ux_device_class_hid_descriptor_send.c ****         /* Get the length of entire configuration descriptor.  */
 195:Middlewares/ST/usbx/common/usbx_device_classes/src/ux_device_class_hid_descriptor_send.c ****         descriptor_length =  hid -> ux_device_class_hid_report_length;
 196:Middlewares/ST/usbx/common/usbx_device_classes/src/ux_device_class_hid_descriptor_send.c **** 
 197:Middlewares/ST/usbx/common/usbx_device_classes/src/ux_device_class_hid_descriptor_send.c ****         /* Ensure the host does not demand a length beyond our descriptor (Windows does that)
 198:Middlewares/ST/usbx/common/usbx_device_classes/src/ux_device_class_hid_descriptor_send.c ****            and do not return more than what is allowed.  */
 199:Middlewares/ST/usbx/common/usbx_device_classes/src/ux_device_class_hid_descriptor_send.c ****         if (descriptor_length < host_length)
ARM GAS  C:\usertemp\ccySVTPg.s 			page 6


 200:Middlewares/ST/usbx/common/usbx_device_classes/src/ux_device_class_hid_descriptor_send.c ****             length =  descriptor_length;
 201:Middlewares/ST/usbx/common/usbx_device_classes/src/ux_device_class_hid_descriptor_send.c ****         else                            
 202:Middlewares/ST/usbx/common/usbx_device_classes/src/ux_device_class_hid_descriptor_send.c ****             length =  host_length;                
 203:Middlewares/ST/usbx/common/usbx_device_classes/src/ux_device_class_hid_descriptor_send.c **** 
 204:Middlewares/ST/usbx/common/usbx_device_classes/src/ux_device_class_hid_descriptor_send.c ****         /* Check buffer length, since total descriptors length may exceed buffer...  */
 205:Middlewares/ST/usbx/common/usbx_device_classes/src/ux_device_class_hid_descriptor_send.c ****         if (length > UX_SLAVE_REQUEST_CONTROL_MAX_LENGTH)
 206:Middlewares/ST/usbx/common/usbx_device_classes/src/ux_device_class_hid_descriptor_send.c ****         {
 207:Middlewares/ST/usbx/common/usbx_device_classes/src/ux_device_class_hid_descriptor_send.c **** 
 208:Middlewares/ST/usbx/common/usbx_device_classes/src/ux_device_class_hid_descriptor_send.c ****             /* Error trap. */
 209:Middlewares/ST/usbx/common/usbx_device_classes/src/ux_device_class_hid_descriptor_send.c ****             _ux_system_error_handler(UX_SYSTEM_LEVEL_THREAD, UX_SYSTEM_CONTEXT_CLASS, UX_MEMORY_INS
 210:Middlewares/ST/usbx/common/usbx_device_classes/src/ux_device_class_hid_descriptor_send.c **** 
 211:Middlewares/ST/usbx/common/usbx_device_classes/src/ux_device_class_hid_descriptor_send.c ****             /* If trace is enabled, insert this event into the trace buffer.  */
 212:Middlewares/ST/usbx/common/usbx_device_classes/src/ux_device_class_hid_descriptor_send.c ****             UX_TRACE_IN_LINE_INSERT(UX_TRACE_ERROR, UX_MEMORY_INSUFFICIENT, hid, 0, 0, UX_TRACE_ERR
 213:Middlewares/ST/usbx/common/usbx_device_classes/src/ux_device_class_hid_descriptor_send.c **** 
 214:Middlewares/ST/usbx/common/usbx_device_classes/src/ux_device_class_hid_descriptor_send.c ****             /* Stall the endpoint.  */
 215:Middlewares/ST/usbx/common/usbx_device_classes/src/ux_device_class_hid_descriptor_send.c ****             status =  dcd -> ux_slave_dcd_function(dcd, UX_DCD_STALL_ENDPOINT, endpoint);
 216:Middlewares/ST/usbx/common/usbx_device_classes/src/ux_device_class_hid_descriptor_send.c ****             break;
 217:Middlewares/ST/usbx/common/usbx_device_classes/src/ux_device_class_hid_descriptor_send.c ****         }
 218:Middlewares/ST/usbx/common/usbx_device_classes/src/ux_device_class_hid_descriptor_send.c **** 
 219:Middlewares/ST/usbx/common/usbx_device_classes/src/ux_device_class_hid_descriptor_send.c ****         /* Copy the device descriptor into the transfer request memory.  */
 220:Middlewares/ST/usbx/common/usbx_device_classes/src/ux_device_class_hid_descriptor_send.c ****         _ux_utility_memory_copy(transfer_request -> ux_slave_transfer_request_data_pointer, 
 221:Middlewares/ST/usbx/common/usbx_device_classes/src/ux_device_class_hid_descriptor_send.c ****                                     hid -> ux_device_class_hid_report_address, length); /* Use case
 222:Middlewares/ST/usbx/common/usbx_device_classes/src/ux_device_class_hid_descriptor_send.c **** 
 223:Middlewares/ST/usbx/common/usbx_device_classes/src/ux_device_class_hid_descriptor_send.c ****         /* We can return the report descriptor.  */
 224:Middlewares/ST/usbx/common/usbx_device_classes/src/ux_device_class_hid_descriptor_send.c ****         status =  _ux_device_stack_transfer_request(transfer_request, length, host_length);
 225:Middlewares/ST/usbx/common/usbx_device_classes/src/ux_device_class_hid_descriptor_send.c ****         break;
 226:Middlewares/ST/usbx/common/usbx_device_classes/src/ux_device_class_hid_descriptor_send.c ****         
 227:Middlewares/ST/usbx/common/usbx_device_classes/src/ux_device_class_hid_descriptor_send.c ****     case UX_DEVICE_CLASS_HID_DESCRIPTOR_PHYSICAL:
 228:Middlewares/ST/usbx/common/usbx_device_classes/src/ux_device_class_hid_descriptor_send.c ****     
 229:Middlewares/ST/usbx/common/usbx_device_classes/src/ux_device_class_hid_descriptor_send.c ****         /* Not treated for now.  Fall through and Stall endpoint.  */
 230:Middlewares/ST/usbx/common/usbx_device_classes/src/ux_device_class_hid_descriptor_send.c ****         
 231:Middlewares/ST/usbx/common/usbx_device_classes/src/ux_device_class_hid_descriptor_send.c ****     default:
 232:Middlewares/ST/usbx/common/usbx_device_classes/src/ux_device_class_hid_descriptor_send.c **** 
 233:Middlewares/ST/usbx/common/usbx_device_classes/src/ux_device_class_hid_descriptor_send.c ****         /* Stall the endpoint.  */
 234:Middlewares/ST/usbx/common/usbx_device_classes/src/ux_device_class_hid_descriptor_send.c ****         dcd -> ux_slave_dcd_function(dcd, UX_DCD_STALL_ENDPOINT, endpoint);
  88              		.loc 1 234 9 view .LVU25
  89              		.loc 1 234 13 is_stmt 0 view .LVU26
  90 0024 B369     		ldr	r3, [r6, #24]
  91              		.loc 1 234 9 view .LVU27
  92 0026 4A46     		mov	r2, r9
  93              	.LVL7:
  94              		.loc 1 234 9 view .LVU28
  95 0028 1421     		movs	r1, #20
  96              	.LVL8:
  97              		.loc 1 234 9 view .LVU29
  98 002a 3046     		mov	r0, r6
  99              	.LVL9:
 100              		.loc 1 234 9 view .LVU30
 101 002c 9847     		blx	r3
 102              	.LVL10:
 235:Middlewares/ST/usbx/common/usbx_device_classes/src/ux_device_class_hid_descriptor_send.c ****         return(UX_ERROR);
 103              		.loc 1 235 9 is_stmt 1 view .LVU31
 104              		.loc 1 235 15 is_stmt 0 view .LVU32
 105 002e FF20     		movs	r0, #255
 106              	.LVL11:
 107              	.L1:
 236:Middlewares/ST/usbx/common/usbx_device_classes/src/ux_device_class_hid_descriptor_send.c ****     }
ARM GAS  C:\usertemp\ccySVTPg.s 			page 7


 237:Middlewares/ST/usbx/common/usbx_device_classes/src/ux_device_class_hid_descriptor_send.c **** 
 238:Middlewares/ST/usbx/common/usbx_device_classes/src/ux_device_class_hid_descriptor_send.c ****     /* Return the status to the caller.  */
 239:Middlewares/ST/usbx/common/usbx_device_classes/src/ux_device_class_hid_descriptor_send.c ****     return(status);
 240:Middlewares/ST/usbx/common/usbx_device_classes/src/ux_device_class_hid_descriptor_send.c **** }
 108              		.loc 1 240 1 view .LVU33
 109 0030 BDE8F087 		pop	{r4, r5, r6, r7, r8, r9, r10, pc}
 110              	.LVL12:
 111              	.L2:
 127:Middlewares/ST/usbx/common/usbx_device_classes/src/ux_device_class_hid_descriptor_send.c ****         device_framework_end = device_framework + _ux_system_slave -> ux_system_slave_device_framew
 112              		.loc 1 127 9 is_stmt 1 view .LVU34
 127:Middlewares/ST/usbx/common/usbx_device_classes/src/ux_device_class_hid_descriptor_send.c ****         device_framework_end = device_framework + _ux_system_slave -> ux_system_slave_device_framew
 113              		.loc 1 127 26 is_stmt 0 view .LVU35
 114 0034 D6F8E040 		ldr	r4, [r6, #224]
 115              	.LVL13:
 128:Middlewares/ST/usbx/common/usbx_device_classes/src/ux_device_class_hid_descriptor_send.c **** 
 116              		.loc 1 128 9 is_stmt 1 view .LVU36
 128:Middlewares/ST/usbx/common/usbx_device_classes/src/ux_device_class_hid_descriptor_send.c **** 
 117              		.loc 1 128 68 is_stmt 0 view .LVU37
 118 0038 D6F8E470 		ldr	r7, [r6, #228]
 128:Middlewares/ST/usbx/common/usbx_device_classes/src/ux_device_class_hid_descriptor_send.c **** 
 119              		.loc 1 128 30 view .LVU38
 120 003c 2744     		add	r7, r7, r4
 121              	.LVL14:
 132:Middlewares/ST/usbx/common/usbx_device_classes/src/ux_device_class_hid_descriptor_send.c ****         {
 122              		.loc 1 132 9 is_stmt 1 view .LVU39
  95:Middlewares/ST/usbx/common/usbx_device_classes/src/ux_device_class_hid_descriptor_send.c **** 
 123              		.loc 1 95 33 is_stmt 0 view .LVU40
 124 003e FF23     		movs	r3, #255
 132:Middlewares/ST/usbx/common/usbx_device_classes/src/ux_device_class_hid_descriptor_send.c ****         {
 125              		.loc 1 132 15 view .LVU41
 126 0040 02E0     		b	.L5
 127              	.LVL15:
 128              	.L6:
 146:Middlewares/ST/usbx/common/usbx_device_classes/src/ux_device_class_hid_descriptor_send.c ****                 (interface_number == (UCHAR)request_index))
 129              		.loc 1 146 13 is_stmt 1 view .LVU42
 146:Middlewares/ST/usbx/common/usbx_device_classes/src/ux_device_class_hid_descriptor_send.c ****                 (interface_number == (UCHAR)request_index))
 130              		.loc 1 146 16 is_stmt 0 view .LVU43
 131 0042 2129     		cmp	r1, #33
 132 0044 08D0     		beq	.L19
 133              	.LVL16:
 134              	.L7:
 183:Middlewares/ST/usbx/common/usbx_device_classes/src/ux_device_class_hid_descriptor_send.c ****         }
 135              		.loc 1 183 13 is_stmt 1 view .LVU44
 183:Middlewares/ST/usbx/common/usbx_device_classes/src/ux_device_class_hid_descriptor_send.c ****         }
 136              		.loc 1 183 30 is_stmt 0 view .LVU45
 137 0046 2C44     		add	r4, r4, r5
 138              	.LVL17:
 139              	.L5:
 132:Middlewares/ST/usbx/common/usbx_device_classes/src/ux_device_class_hid_descriptor_send.c ****         {
 140              		.loc 1 132 33 is_stmt 1 view .LVU46
 141 0048 BC42     		cmp	r4, r7
 142 004a 24D2     		bcs	.L20
 136:Middlewares/ST/usbx/common/usbx_device_classes/src/ux_device_class_hid_descriptor_send.c **** 
 143              		.loc 1 136 13 view .LVU47
 136:Middlewares/ST/usbx/common/usbx_device_classes/src/ux_device_class_hid_descriptor_send.c **** 
 144              		.loc 1 136 32 is_stmt 0 view .LVU48
 145 004c 6178     		ldrb	r1, [r4, #1]	@ zero_extendqisi2
ARM GAS  C:\usertemp\ccySVTPg.s 			page 8


 146              	.LVL18:
 139:Middlewares/ST/usbx/common/usbx_device_classes/src/ux_device_class_hid_descriptor_send.c **** 
 147              		.loc 1 139 13 is_stmt 1 view .LVU49
 139:Middlewares/ST/usbx/common/usbx_device_classes/src/ux_device_class_hid_descriptor_send.c **** 
 148              		.loc 1 139 42 is_stmt 0 view .LVU50
 149 004e 2578     		ldrb	r5, [r4]	@ zero_extendqisi2
 150              	.LVL19:
 142:Middlewares/ST/usbx/common/usbx_device_classes/src/ux_device_class_hid_descriptor_send.c ****                 interface_number = *(device_framework + 2);
 151              		.loc 1 142 13 is_stmt 1 view .LVU51
 142:Middlewares/ST/usbx/common/usbx_device_classes/src/ux_device_class_hid_descriptor_send.c ****                 interface_number = *(device_framework + 2);
 152              		.loc 1 142 16 is_stmt 0 view .LVU52
 153 0050 0429     		cmp	r1, #4
 154 0052 F6D1     		bne	.L6
 143:Middlewares/ST/usbx/common/usbx_device_classes/src/ux_device_class_hid_descriptor_send.c **** 
 155              		.loc 1 143 17 is_stmt 1 view .LVU53
 143:Middlewares/ST/usbx/common/usbx_device_classes/src/ux_device_class_hid_descriptor_send.c **** 
 156              		.loc 1 143 34 is_stmt 0 view .LVU54
 157 0054 A378     		ldrb	r3, [r4, #2]	@ zero_extendqisi2
 158              	.LVL20:
 143:Middlewares/ST/usbx/common/usbx_device_classes/src/ux_device_class_hid_descriptor_send.c **** 
 159              		.loc 1 143 34 view .LVU55
 160 0056 F4E7     		b	.L6
 161              	.L19:
 147:Middlewares/ST/usbx/common/usbx_device_classes/src/ux_device_class_hid_descriptor_send.c ****             {
 162              		.loc 1 147 38 view .LVU56
 163 0058 D1B2     		uxtb	r1, r2
 164              	.LVL21:
 146:Middlewares/ST/usbx/common/usbx_device_classes/src/ux_device_class_hid_descriptor_send.c ****                 (interface_number == (UCHAR)request_index))
 165              		.loc 1 146 73 discriminator 1 view .LVU57
 166 005a 9942     		cmp	r1, r3
 167 005c F3D1     		bne	.L7
 152:Middlewares/ST/usbx/common/usbx_device_classes/src/ux_device_class_hid_descriptor_send.c ****                     length =  descriptor_length;
 168              		.loc 1 152 17 is_stmt 1 view .LVU58
 152:Middlewares/ST/usbx/common/usbx_device_classes/src/ux_device_class_hid_descriptor_send.c ****                     length =  descriptor_length;
 169              		.loc 1 152 20 is_stmt 0 view .LVU59
 170 005e A845     		cmp	r8, r5
 171 0060 00D8     		bhi	.L8
 155:Middlewares/ST/usbx/common/usbx_device_classes/src/ux_device_class_hid_descriptor_send.c **** 
 172              		.loc 1 155 28 view .LVU60
 173 0062 4546     		mov	r5, r8
 174              	.LVL22:
 175              	.L8:
 158:Middlewares/ST/usbx/common/usbx_device_classes/src/ux_device_class_hid_descriptor_send.c ****                 {
 176              		.loc 1 158 17 is_stmt 1 view .LVU61
 158:Middlewares/ST/usbx/common/usbx_device_classes/src/ux_device_class_hid_descriptor_send.c ****                 {
 177              		.loc 1 158 20 is_stmt 0 view .LVU62
 178 0064 B5F5807F 		cmp	r5, #256
 179 0068 0AD9     		bls	.L9
 162:Middlewares/ST/usbx/common/usbx_device_classes/src/ux_device_class_hid_descriptor_send.c **** 
 180              		.loc 1 162 21 is_stmt 1 view .LVU63
 181 006a 1222     		movs	r2, #18
 182              	.LVL23:
 162:Middlewares/ST/usbx/common/usbx_device_classes/src/ux_device_class_hid_descriptor_send.c **** 
 183              		.loc 1 162 21 is_stmt 0 view .LVU64
 184 006c 0721     		movs	r1, #7
 185 006e 0220     		movs	r0, #2
 186              	.LVL24:
ARM GAS  C:\usertemp\ccySVTPg.s 			page 9


 162:Middlewares/ST/usbx/common/usbx_device_classes/src/ux_device_class_hid_descriptor_send.c **** 
 187              		.loc 1 162 21 view .LVU65
 188 0070 FFF7FEFF 		bl	_ux_system_error_handler
 189              	.LVL25:
 168:Middlewares/ST/usbx/common/usbx_device_classes/src/ux_device_class_hid_descriptor_send.c ****                     break;
 190              		.loc 1 168 21 is_stmt 1 view .LVU66
 168:Middlewares/ST/usbx/common/usbx_device_classes/src/ux_device_class_hid_descriptor_send.c ****                     break;
 191              		.loc 1 168 35 is_stmt 0 view .LVU67
 192 0074 B369     		ldr	r3, [r6, #24]
 168:Middlewares/ST/usbx/common/usbx_device_classes/src/ux_device_class_hid_descriptor_send.c ****                     break;
 193              		.loc 1 168 31 view .LVU68
 194 0076 4A46     		mov	r2, r9
 195 0078 1421     		movs	r1, #20
 196 007a 3046     		mov	r0, r6
 197 007c 9847     		blx	r3
 198              	.LVL26:
 169:Middlewares/ST/usbx/common/usbx_device_classes/src/ux_device_class_hid_descriptor_send.c ****                 }
 199              		.loc 1 169 21 is_stmt 1 view .LVU69
 200 007e 0BE0     		b	.L10
 201              	.LVL27:
 202              	.L9:
 173:Middlewares/ST/usbx/common/usbx_device_classes/src/ux_device_class_hid_descriptor_send.c ****                                             device_framework, length); /* Use case of memcpy is ver
 203              		.loc 1 173 17 view .LVU70
 204 0080 2A46     		mov	r2, r5
 205              	.LVL28:
 173:Middlewares/ST/usbx/common/usbx_device_classes/src/ux_device_class_hid_descriptor_send.c ****                                             device_framework, length); /* Use case of memcpy is ver
 206              		.loc 1 173 17 is_stmt 0 view .LVU71
 207 0082 2146     		mov	r1, r4
 208 0084 706E     		ldr	r0, [r6, #100]
 209              	.LVL29:
 173:Middlewares/ST/usbx/common/usbx_device_classes/src/ux_device_class_hid_descriptor_send.c ****                                             device_framework, length); /* Use case of memcpy is ver
 210              		.loc 1 173 17 view .LVU72
 211 0086 FFF7FEFF 		bl	_ux_utility_memory_copy
 212              	.LVL30:
 177:Middlewares/ST/usbx/common/usbx_device_classes/src/ux_device_class_hid_descriptor_send.c ****                 break;
 213              		.loc 1 177 17 is_stmt 1 view .LVU73
 177:Middlewares/ST/usbx/common/usbx_device_classes/src/ux_device_class_hid_descriptor_send.c ****                 break;
 214              		.loc 1 177 27 is_stmt 0 view .LVU74
 215 008a 4246     		mov	r2, r8
 216 008c 2946     		mov	r1, r5
 217 008e 5046     		mov	r0, r10
 218 0090 FFF7FEFF 		bl	_ux_device_stack_transfer_request
 219              	.LVL31:
 178:Middlewares/ST/usbx/common/usbx_device_classes/src/ux_device_class_hid_descriptor_send.c ****                 
 220              		.loc 1 178 17 is_stmt 1 view .LVU75
 221 0094 00E0     		b	.L10
 222              	.LVL32:
 223              	.L20:
  93:Middlewares/ST/usbx/common/usbx_device_classes/src/ux_device_class_hid_descriptor_send.c **** ULONG                           length;
 224              		.loc 1 93 33 is_stmt 0 view .LVU76
 225 0096 FF20     		movs	r0, #255
 226              	.LVL33:
 227              	.L10:
 187:Middlewares/ST/usbx/common/usbx_device_classes/src/ux_device_class_hid_descriptor_send.c ****             status =  dcd -> ux_slave_dcd_function(dcd, UX_DCD_STALL_ENDPOINT, endpoint);
 228              		.loc 1 187 9 is_stmt 1 view .LVU77
 187:Middlewares/ST/usbx/common/usbx_device_classes/src/ux_device_class_hid_descriptor_send.c ****             status =  dcd -> ux_slave_dcd_function(dcd, UX_DCD_STALL_ENDPOINT, endpoint);
 229              		.loc 1 187 12 is_stmt 0 view .LVU78
ARM GAS  C:\usertemp\ccySVTPg.s 			page 10


 230 0098 BC42     		cmp	r4, r7
 231 009a C9D3     		bcc	.L1
 188:Middlewares/ST/usbx/common/usbx_device_classes/src/ux_device_class_hid_descriptor_send.c **** 
 232              		.loc 1 188 13 is_stmt 1 view .LVU79
 188:Middlewares/ST/usbx/common/usbx_device_classes/src/ux_device_class_hid_descriptor_send.c **** 
 233              		.loc 1 188 27 is_stmt 0 view .LVU80
 234 009c B369     		ldr	r3, [r6, #24]
 188:Middlewares/ST/usbx/common/usbx_device_classes/src/ux_device_class_hid_descriptor_send.c **** 
 235              		.loc 1 188 23 view .LVU81
 236 009e 4A46     		mov	r2, r9
 237 00a0 1421     		movs	r1, #20
 238 00a2 3046     		mov	r0, r6
 239              	.LVL34:
 188:Middlewares/ST/usbx/common/usbx_device_classes/src/ux_device_class_hid_descriptor_send.c **** 
 240              		.loc 1 188 23 view .LVU82
 241 00a4 9847     		blx	r3
 242              	.LVL35:
 188:Middlewares/ST/usbx/common/usbx_device_classes/src/ux_device_class_hid_descriptor_send.c **** 
 243              		.loc 1 188 23 view .LVU83
 244 00a6 C3E7     		b	.L1
 245              	.LVL36:
 246              	.L3:
 195:Middlewares/ST/usbx/common/usbx_device_classes/src/ux_device_class_hid_descriptor_send.c **** 
 247              		.loc 1 195 9 is_stmt 1 view .LVU84
 195:Middlewares/ST/usbx/common/usbx_device_classes/src/ux_device_class_hid_descriptor_send.c **** 
 248              		.loc 1 195 27 is_stmt 0 view .LVU85
 249 00a8 446A     		ldr	r4, [r0, #36]
 250              	.LVL37:
 199:Middlewares/ST/usbx/common/usbx_device_classes/src/ux_device_class_hid_descriptor_send.c ****             length =  descriptor_length;
 251              		.loc 1 199 9 is_stmt 1 view .LVU86
 199:Middlewares/ST/usbx/common/usbx_device_classes/src/ux_device_class_hid_descriptor_send.c ****             length =  descriptor_length;
 252              		.loc 1 199 12 is_stmt 0 view .LVU87
 253 00aa 4445     		cmp	r4, r8
 254 00ac 00D3     		bcc	.L13
 202:Middlewares/ST/usbx/common/usbx_device_classes/src/ux_device_class_hid_descriptor_send.c **** 
 255              		.loc 1 202 20 view .LVU88
 256 00ae 4446     		mov	r4, r8
 257              	.LVL38:
 258              	.L13:
 205:Middlewares/ST/usbx/common/usbx_device_classes/src/ux_device_class_hid_descriptor_send.c ****         {
 259              		.loc 1 205 9 is_stmt 1 view .LVU89
 205:Middlewares/ST/usbx/common/usbx_device_classes/src/ux_device_class_hid_descriptor_send.c ****         {
 260              		.loc 1 205 12 is_stmt 0 view .LVU90
 261 00b0 B4F5807F 		cmp	r4, #256
 262 00b4 0AD9     		bls	.L14
 209:Middlewares/ST/usbx/common/usbx_device_classes/src/ux_device_class_hid_descriptor_send.c **** 
 263              		.loc 1 209 13 is_stmt 1 view .LVU91
 264 00b6 1222     		movs	r2, #18
 265              	.LVL39:
 209:Middlewares/ST/usbx/common/usbx_device_classes/src/ux_device_class_hid_descriptor_send.c **** 
 266              		.loc 1 209 13 is_stmt 0 view .LVU92
 267 00b8 0721     		movs	r1, #7
 268              	.LVL40:
 209:Middlewares/ST/usbx/common/usbx_device_classes/src/ux_device_class_hid_descriptor_send.c **** 
 269              		.loc 1 209 13 view .LVU93
 270 00ba 0220     		movs	r0, #2
 271              	.LVL41:
ARM GAS  C:\usertemp\ccySVTPg.s 			page 11


 209:Middlewares/ST/usbx/common/usbx_device_classes/src/ux_device_class_hid_descriptor_send.c **** 
 272              		.loc 1 209 13 view .LVU94
 273 00bc FFF7FEFF 		bl	_ux_system_error_handler
 274              	.LVL42:
 215:Middlewares/ST/usbx/common/usbx_device_classes/src/ux_device_class_hid_descriptor_send.c ****             break;
 275              		.loc 1 215 13 is_stmt 1 view .LVU95
 215:Middlewares/ST/usbx/common/usbx_device_classes/src/ux_device_class_hid_descriptor_send.c ****             break;
 276              		.loc 1 215 27 is_stmt 0 view .LVU96
 277 00c0 B369     		ldr	r3, [r6, #24]
 215:Middlewares/ST/usbx/common/usbx_device_classes/src/ux_device_class_hid_descriptor_send.c ****             break;
 278              		.loc 1 215 23 view .LVU97
 279 00c2 4A46     		mov	r2, r9
 280 00c4 1421     		movs	r1, #20
 281 00c6 3046     		mov	r0, r6
 282 00c8 9847     		blx	r3
 283              	.LVL43:
 216:Middlewares/ST/usbx/common/usbx_device_classes/src/ux_device_class_hid_descriptor_send.c ****         }
 284              		.loc 1 216 13 is_stmt 1 view .LVU98
 285 00ca B1E7     		b	.L1
 286              	.LVL44:
 287              	.L14:
 220:Middlewares/ST/usbx/common/usbx_device_classes/src/ux_device_class_hid_descriptor_send.c ****                                     hid -> ux_device_class_hid_report_address, length); /* Use case
 288              		.loc 1 220 9 view .LVU99
 289 00cc 2246     		mov	r2, r4
 290              	.LVL45:
 220:Middlewares/ST/usbx/common/usbx_device_classes/src/ux_device_class_hid_descriptor_send.c ****                                     hid -> ux_device_class_hid_report_address, length); /* Use case
 291              		.loc 1 220 9 is_stmt 0 view .LVU100
 292 00ce C169     		ldr	r1, [r0, #28]
 293              	.LVL46:
 220:Middlewares/ST/usbx/common/usbx_device_classes/src/ux_device_class_hid_descriptor_send.c ****                                     hid -> ux_device_class_hid_report_address, length); /* Use case
 294              		.loc 1 220 9 view .LVU101
 295 00d0 706E     		ldr	r0, [r6, #100]
 296              	.LVL47:
 220:Middlewares/ST/usbx/common/usbx_device_classes/src/ux_device_class_hid_descriptor_send.c ****                                     hid -> ux_device_class_hid_report_address, length); /* Use case
 297              		.loc 1 220 9 view .LVU102
 298 00d2 FFF7FEFF 		bl	_ux_utility_memory_copy
 299              	.LVL48:
 224:Middlewares/ST/usbx/common/usbx_device_classes/src/ux_device_class_hid_descriptor_send.c ****         break;
 300              		.loc 1 224 9 is_stmt 1 view .LVU103
 224:Middlewares/ST/usbx/common/usbx_device_classes/src/ux_device_class_hid_descriptor_send.c ****         break;
 301              		.loc 1 224 19 is_stmt 0 view .LVU104
 302 00d6 4246     		mov	r2, r8
 303 00d8 2146     		mov	r1, r4
 304 00da 5046     		mov	r0, r10
 305 00dc FFF7FEFF 		bl	_ux_device_stack_transfer_request
 306              	.LVL49:
 225:Middlewares/ST/usbx/common/usbx_device_classes/src/ux_device_class_hid_descriptor_send.c ****         
 307              		.loc 1 225 9 is_stmt 1 view .LVU105
 308 00e0 A6E7     		b	.L1
 309              	.L22:
 310 00e2 00BF     		.align	2
 311              	.L21:
 312 00e4 00000000 		.word	_ux_system_slave
 313              		.cfi_endproc
 314              	.LFE11:
 316              		.text
 317              	.Letext0:
ARM GAS  C:\usertemp\ccySVTPg.s 			page 12


 318              		.file 2 "Middlewares/ST/threadx/ports/cortex_m33/gnu/inc/tx_port.h"
 319              		.file 3 "Middlewares/ST/threadx/common/inc/tx_api.h"
 320              		.file 4 "Middlewares/ST/usbx/common/core/inc/ux_api.h"
 321              		.file 5 "Middlewares/ST/usbx/common/usbx_device_classes/inc/ux_device_class_hid.h"
 322              		.file 6 "Middlewares/ST/usbx/common/core/inc/ux_utility.h"
 323              		.file 7 "Middlewares/ST/usbx/common/core/inc/ux_system.h"
 324              		.file 8 "Middlewares/ST/usbx/common/core/inc/ux_device_stack.h"
ARM GAS  C:\usertemp\ccySVTPg.s 			page 13


DEFINED SYMBOLS
                            *ABS*:00000000 ux_device_class_hid_descriptor_send.c
C:\usertemp\ccySVTPg.s:22     .text._ux_device_class_hid_descriptor_send:00000000 $t
C:\usertemp\ccySVTPg.s:28     .text._ux_device_class_hid_descriptor_send:00000000 _ux_device_class_hid_descriptor_send
C:\usertemp\ccySVTPg.s:312    .text._ux_device_class_hid_descriptor_send:000000e4 $d

UNDEFINED SYMBOLS
_ux_system_error_handler
_ux_utility_memory_copy
_ux_device_stack_transfer_request
_ux_system_slave
