ARM GAS  C:\usertemp\ccNnNBUO.s 			page 1


   1              		.cpu cortex-m33
   2              		.arch armv8-m.main
   3              		.fpu fpv4-sp-d16
   4              		.arch_extension dsp
   5              		.eabi_attribute 27, 1
   6              		.eabi_attribute 28, 1
   7              		.eabi_attribute 20, 1
   8              		.eabi_attribute 21, 1
   9              		.eabi_attribute 23, 3
  10              		.eabi_attribute 24, 1
  11              		.eabi_attribute 25, 1
  12              		.eabi_attribute 26, 1
  13              		.eabi_attribute 30, 1
  14              		.eabi_attribute 34, 1
  15              		.eabi_attribute 18, 4
  16              		.file	"ux_device_stack_configuration_get.c"
  17              		.text
  18              	.Ltext0:
  19              		.cfi_sections	.debug_frame
  20              		.file 1 "Middlewares/ST/usbx/common/core/src/ux_device_stack_configuration_get.c"
  21              		.section	.text._ux_device_stack_configuration_get,"ax",%progbits
  22              		.align	1
  23              		.global	_ux_device_stack_configuration_get
  24              		.syntax unified
  25              		.thumb
  26              		.thumb_func
  28              	_ux_device_stack_configuration_get:
  29              	.LFB11:
   1:Middlewares/ST/usbx/common/core/src/ux_device_stack_configuration_get.c **** /**************************************************************************/
   2:Middlewares/ST/usbx/common/core/src/ux_device_stack_configuration_get.c **** /*                                                                        */
   3:Middlewares/ST/usbx/common/core/src/ux_device_stack_configuration_get.c **** /*       Copyright (c) Microsoft Corporation. All rights reserved.        */
   4:Middlewares/ST/usbx/common/core/src/ux_device_stack_configuration_get.c **** /*                                                                        */
   5:Middlewares/ST/usbx/common/core/src/ux_device_stack_configuration_get.c **** /*       This software is licensed under the Microsoft Software License   */
   6:Middlewares/ST/usbx/common/core/src/ux_device_stack_configuration_get.c **** /*       Terms for Microsoft Azure RTOS. Full text of the license can be  */
   7:Middlewares/ST/usbx/common/core/src/ux_device_stack_configuration_get.c **** /*       found in the LICENSE file at https://aka.ms/AzureRTOS_EULA       */
   8:Middlewares/ST/usbx/common/core/src/ux_device_stack_configuration_get.c **** /*       and in the root directory of this software.                      */
   9:Middlewares/ST/usbx/common/core/src/ux_device_stack_configuration_get.c **** /*                                                                        */
  10:Middlewares/ST/usbx/common/core/src/ux_device_stack_configuration_get.c **** /**************************************************************************/
  11:Middlewares/ST/usbx/common/core/src/ux_device_stack_configuration_get.c **** 
  12:Middlewares/ST/usbx/common/core/src/ux_device_stack_configuration_get.c **** 
  13:Middlewares/ST/usbx/common/core/src/ux_device_stack_configuration_get.c **** /**************************************************************************/
  14:Middlewares/ST/usbx/common/core/src/ux_device_stack_configuration_get.c **** /**************************************************************************/
  15:Middlewares/ST/usbx/common/core/src/ux_device_stack_configuration_get.c **** /**                                                                       */ 
  16:Middlewares/ST/usbx/common/core/src/ux_device_stack_configuration_get.c **** /** USBX Component                                                        */ 
  17:Middlewares/ST/usbx/common/core/src/ux_device_stack_configuration_get.c **** /**                                                                       */
  18:Middlewares/ST/usbx/common/core/src/ux_device_stack_configuration_get.c **** /**   Device Stack                                                        */
  19:Middlewares/ST/usbx/common/core/src/ux_device_stack_configuration_get.c **** /**                                                                       */
  20:Middlewares/ST/usbx/common/core/src/ux_device_stack_configuration_get.c **** /**************************************************************************/
  21:Middlewares/ST/usbx/common/core/src/ux_device_stack_configuration_get.c **** /**************************************************************************/
  22:Middlewares/ST/usbx/common/core/src/ux_device_stack_configuration_get.c **** 
  23:Middlewares/ST/usbx/common/core/src/ux_device_stack_configuration_get.c **** #define UX_SOURCE_CODE
  24:Middlewares/ST/usbx/common/core/src/ux_device_stack_configuration_get.c **** 
  25:Middlewares/ST/usbx/common/core/src/ux_device_stack_configuration_get.c **** 
  26:Middlewares/ST/usbx/common/core/src/ux_device_stack_configuration_get.c **** /* Include necessary system files.  */
  27:Middlewares/ST/usbx/common/core/src/ux_device_stack_configuration_get.c **** 
  28:Middlewares/ST/usbx/common/core/src/ux_device_stack_configuration_get.c **** #include "ux_api.h"
  29:Middlewares/ST/usbx/common/core/src/ux_device_stack_configuration_get.c **** #include "ux_device_stack.h"
ARM GAS  C:\usertemp\ccNnNBUO.s 			page 2


  30:Middlewares/ST/usbx/common/core/src/ux_device_stack_configuration_get.c **** 
  31:Middlewares/ST/usbx/common/core/src/ux_device_stack_configuration_get.c **** 
  32:Middlewares/ST/usbx/common/core/src/ux_device_stack_configuration_get.c **** /**************************************************************************/
  33:Middlewares/ST/usbx/common/core/src/ux_device_stack_configuration_get.c **** /*                                                                        */
  34:Middlewares/ST/usbx/common/core/src/ux_device_stack_configuration_get.c **** /*  FUNCTION                                               RELEASE        */
  35:Middlewares/ST/usbx/common/core/src/ux_device_stack_configuration_get.c **** /*                                                                        */
  36:Middlewares/ST/usbx/common/core/src/ux_device_stack_configuration_get.c **** /*    _ux_device_stack_configuration_get                  PORTABLE C      */
  37:Middlewares/ST/usbx/common/core/src/ux_device_stack_configuration_get.c **** /*                                                           6.1          */
  38:Middlewares/ST/usbx/common/core/src/ux_device_stack_configuration_get.c **** /*  AUTHOR                                                                */
  39:Middlewares/ST/usbx/common/core/src/ux_device_stack_configuration_get.c **** /*                                                                        */
  40:Middlewares/ST/usbx/common/core/src/ux_device_stack_configuration_get.c **** /*    Chaoqiong Xiao, Microsoft Corporation                               */
  41:Middlewares/ST/usbx/common/core/src/ux_device_stack_configuration_get.c **** /*                                                                        */
  42:Middlewares/ST/usbx/common/core/src/ux_device_stack_configuration_get.c **** /*  DESCRIPTION                                                           */
  43:Middlewares/ST/usbx/common/core/src/ux_device_stack_configuration_get.c **** /*                                                                        */
  44:Middlewares/ST/usbx/common/core/src/ux_device_stack_configuration_get.c **** /*    This function gets the current configuration for the device.        */
  45:Middlewares/ST/usbx/common/core/src/ux_device_stack_configuration_get.c **** /*                                                                        */
  46:Middlewares/ST/usbx/common/core/src/ux_device_stack_configuration_get.c **** /*  INPUT                                                                 */
  47:Middlewares/ST/usbx/common/core/src/ux_device_stack_configuration_get.c **** /*                                                                        */
  48:Middlewares/ST/usbx/common/core/src/ux_device_stack_configuration_get.c **** /*    None                                                                */ 
  49:Middlewares/ST/usbx/common/core/src/ux_device_stack_configuration_get.c **** /*                                                                        */
  50:Middlewares/ST/usbx/common/core/src/ux_device_stack_configuration_get.c **** /*  OUTPUT                                                                */
  51:Middlewares/ST/usbx/common/core/src/ux_device_stack_configuration_get.c **** /*                                                                        */
  52:Middlewares/ST/usbx/common/core/src/ux_device_stack_configuration_get.c **** /*    Completion Status                                                   */ 
  53:Middlewares/ST/usbx/common/core/src/ux_device_stack_configuration_get.c **** /*                                                                        */
  54:Middlewares/ST/usbx/common/core/src/ux_device_stack_configuration_get.c **** /*  CALLS                                                                 */ 
  55:Middlewares/ST/usbx/common/core/src/ux_device_stack_configuration_get.c **** /*                                                                        */ 
  56:Middlewares/ST/usbx/common/core/src/ux_device_stack_configuration_get.c **** /*    _ux_device_stack_transfer_request     Transfer request              */ 
  57:Middlewares/ST/usbx/common/core/src/ux_device_stack_configuration_get.c **** /*                                                                        */ 
  58:Middlewares/ST/usbx/common/core/src/ux_device_stack_configuration_get.c **** /*  CALLED BY                                                             */ 
  59:Middlewares/ST/usbx/common/core/src/ux_device_stack_configuration_get.c **** /*                                                                        */ 
  60:Middlewares/ST/usbx/common/core/src/ux_device_stack_configuration_get.c **** /*    Application                                                         */ 
  61:Middlewares/ST/usbx/common/core/src/ux_device_stack_configuration_get.c **** /*    Device Stack                                                        */
  62:Middlewares/ST/usbx/common/core/src/ux_device_stack_configuration_get.c **** /*                                                                        */ 
  63:Middlewares/ST/usbx/common/core/src/ux_device_stack_configuration_get.c **** /*  RELEASE HISTORY                                                       */ 
  64:Middlewares/ST/usbx/common/core/src/ux_device_stack_configuration_get.c **** /*                                                                        */ 
  65:Middlewares/ST/usbx/common/core/src/ux_device_stack_configuration_get.c **** /*    DATE              NAME                      DESCRIPTION             */ 
  66:Middlewares/ST/usbx/common/core/src/ux_device_stack_configuration_get.c **** /*                                                                        */ 
  67:Middlewares/ST/usbx/common/core/src/ux_device_stack_configuration_get.c **** /*  05-19-2020     Chaoqiong Xiao           Initial Version 6.0           */
  68:Middlewares/ST/usbx/common/core/src/ux_device_stack_configuration_get.c **** /*  09-30-2020     Chaoqiong Xiao           Modified comment(s),          */
  69:Middlewares/ST/usbx/common/core/src/ux_device_stack_configuration_get.c **** /*                                            resulting in version 6.1    */
  70:Middlewares/ST/usbx/common/core/src/ux_device_stack_configuration_get.c **** /*                                                                        */
  71:Middlewares/ST/usbx/common/core/src/ux_device_stack_configuration_get.c **** /**************************************************************************/
  72:Middlewares/ST/usbx/common/core/src/ux_device_stack_configuration_get.c **** UINT  _ux_device_stack_configuration_get(VOID)
  73:Middlewares/ST/usbx/common/core/src/ux_device_stack_configuration_get.c **** {
  30              		.loc 1 73 1 view -0
  31              		.cfi_startproc
  32              		@ args = 0, pretend = 0, frame = 0
  33              		@ frame_needed = 0, uses_anonymous_args = 0
  34 0000 08B5     		push	{r3, lr}
  35              	.LCFI0:
  36              		.cfi_def_cfa_offset 8
  37              		.cfi_offset 3, -8
  38              		.cfi_offset 14, -4
  74:Middlewares/ST/usbx/common/core/src/ux_device_stack_configuration_get.c **** 
  75:Middlewares/ST/usbx/common/core/src/ux_device_stack_configuration_get.c **** UX_SLAVE_TRANSFER       *transfer_request;
  39              		.loc 1 75 1 view .LVU1
  76:Middlewares/ST/usbx/common/core/src/ux_device_stack_configuration_get.c **** UX_SLAVE_DEVICE         *device;
ARM GAS  C:\usertemp\ccNnNBUO.s 			page 3


  40              		.loc 1 76 1 view .LVU2
  77:Middlewares/ST/usbx/common/core/src/ux_device_stack_configuration_get.c **** UX_SLAVE_ENDPOINT       *endpoint;
  41              		.loc 1 77 1 view .LVU3
  78:Middlewares/ST/usbx/common/core/src/ux_device_stack_configuration_get.c **** UINT                    status;
  42              		.loc 1 78 1 view .LVU4
  79:Middlewares/ST/usbx/common/core/src/ux_device_stack_configuration_get.c **** 
  80:Middlewares/ST/usbx/common/core/src/ux_device_stack_configuration_get.c ****     /* Get the pointer to the device.  */
  81:Middlewares/ST/usbx/common/core/src/ux_device_stack_configuration_get.c ****     device =  &_ux_system_slave -> ux_system_slave_device;
  43              		.loc 1 81 5 view .LVU5
  44              		.loc 1 81 33 is_stmt 0 view .LVU6
  45 0002 074B     		ldr	r3, .L3
  46 0004 1868     		ldr	r0, [r3]
  47              	.LVL0:
  82:Middlewares/ST/usbx/common/core/src/ux_device_stack_configuration_get.c **** 
  83:Middlewares/ST/usbx/common/core/src/ux_device_stack_configuration_get.c ****     /* Get the control endpoint for the device.  */
  84:Middlewares/ST/usbx/common/core/src/ux_device_stack_configuration_get.c ****     endpoint =  &device -> ux_slave_device_control_endpoint;
  48              		.loc 1 84 5 is_stmt 1 view .LVU7
  85:Middlewares/ST/usbx/common/core/src/ux_device_stack_configuration_get.c **** 
  86:Middlewares/ST/usbx/common/core/src/ux_device_stack_configuration_get.c ****     /* Get the pointer to the transfer request associated with the endpoint.  */
  87:Middlewares/ST/usbx/common/core/src/ux_device_stack_configuration_get.c ****     transfer_request =  &endpoint -> ux_slave_endpoint_transfer_request;
  49              		.loc 1 87 5 view .LVU8
  88:Middlewares/ST/usbx/common/core/src/ux_device_stack_configuration_get.c **** 
  89:Middlewares/ST/usbx/common/core/src/ux_device_stack_configuration_get.c ****     /* Set the value of the configuration in the buffer.  */
  90:Middlewares/ST/usbx/common/core/src/ux_device_stack_configuration_get.c ****     *transfer_request -> ux_slave_transfer_request_data_pointer =
  50              		.loc 1 90 5 view .LVU9
  51              		.loc 1 90 23 is_stmt 0 view .LVU10
  52 0006 436E     		ldr	r3, [r0, #100]
  91:Middlewares/ST/usbx/common/core/src/ux_device_stack_configuration_get.c ****                 (UCHAR) device -> ux_slave_device_configuration_selected;
  53              		.loc 1 91 17 view .LVU11
  54 0008 90F8B820 		ldrb	r2, [r0, #184]	@ zero_extendqisi2
  90:Middlewares/ST/usbx/common/core/src/ux_device_stack_configuration_get.c ****                 (UCHAR) device -> ux_slave_device_configuration_selected;
  55              		.loc 1 90 65 view .LVU12
  56 000c 1A70     		strb	r2, [r3]
  92:Middlewares/ST/usbx/common/core/src/ux_device_stack_configuration_get.c **** 
  93:Middlewares/ST/usbx/common/core/src/ux_device_stack_configuration_get.c ****     /* If trace is enabled, insert this event into the trace buffer.  */
  94:Middlewares/ST/usbx/common/core/src/ux_device_stack_configuration_get.c ****     UX_TRACE_IN_LINE_INSERT(UX_TRACE_DEVICE_STACK_CONFIGURATION_GET, device -> ux_slave_device_conf
  95:Middlewares/ST/usbx/common/core/src/ux_device_stack_configuration_get.c **** 
  96:Middlewares/ST/usbx/common/core/src/ux_device_stack_configuration_get.c ****     /* Set the phase of the transfer to data out.  */
  97:Middlewares/ST/usbx/common/core/src/ux_device_stack_configuration_get.c ****     transfer_request -> ux_slave_transfer_request_phase =  UX_TRANSFER_PHASE_DATA_OUT;
  57              		.loc 1 97 5 is_stmt 1 view .LVU13
  58              		.loc 1 97 57 is_stmt 0 view .LVU14
  59 000e 0323     		movs	r3, #3
  60 0010 C0F88030 		str	r3, [r0, #128]
  98:Middlewares/ST/usbx/common/core/src/ux_device_stack_configuration_get.c **** 
  99:Middlewares/ST/usbx/common/core/src/ux_device_stack_configuration_get.c ****     /* Send the descriptor with the appropriate length to the host.  */
 100:Middlewares/ST/usbx/common/core/src/ux_device_stack_configuration_get.c ****     status =  _ux_device_stack_transfer_request(transfer_request, 1, 1);
  61              		.loc 1 100 5 is_stmt 1 view .LVU15
  62              		.loc 1 100 15 is_stmt 0 view .LVU16
  63 0014 0122     		movs	r2, #1
  64 0016 1146     		mov	r1, r2
  65 0018 5830     		adds	r0, r0, #88
  66              	.LVL1:
  67              		.loc 1 100 15 view .LVU17
  68 001a FFF7FEFF 		bl	_ux_device_stack_transfer_request
  69              	.LVL2:
 101:Middlewares/ST/usbx/common/core/src/ux_device_stack_configuration_get.c **** 
 102:Middlewares/ST/usbx/common/core/src/ux_device_stack_configuration_get.c ****     /* Return the function status.  */
ARM GAS  C:\usertemp\ccNnNBUO.s 			page 4


 103:Middlewares/ST/usbx/common/core/src/ux_device_stack_configuration_get.c ****     return(status);
  70              		.loc 1 103 5 is_stmt 1 view .LVU18
 104:Middlewares/ST/usbx/common/core/src/ux_device_stack_configuration_get.c **** }
  71              		.loc 1 104 1 is_stmt 0 view .LVU19
  72 001e 08BD     		pop	{r3, pc}
  73              	.L4:
  74              		.align	2
  75              	.L3:
  76 0020 00000000 		.word	_ux_system_slave
  77              		.cfi_endproc
  78              	.LFE11:
  80              		.text
  81              	.Letext0:
  82              		.file 2 "Middlewares/ST/threadx/ports/cortex_m33/gnu/inc/tx_port.h"
  83              		.file 3 "Middlewares/ST/threadx/common/inc/tx_api.h"
  84              		.file 4 "Middlewares/ST/usbx/common/core/inc/ux_api.h"
  85              		.file 5 "Middlewares/ST/usbx/common/core/inc/ux_system.h"
  86              		.file 6 "Middlewares/ST/usbx/common/core/inc/ux_device_stack.h"
ARM GAS  C:\usertemp\ccNnNBUO.s 			page 5


DEFINED SYMBOLS
                            *ABS*:00000000 ux_device_stack_configuration_get.c
C:\usertemp\ccNnNBUO.s:22     .text._ux_device_stack_configuration_get:00000000 $t
C:\usertemp\ccNnNBUO.s:28     .text._ux_device_stack_configuration_get:00000000 _ux_device_stack_configuration_get
C:\usertemp\ccNnNBUO.s:76     .text._ux_device_stack_configuration_get:00000020 $d

UNDEFINED SYMBOLS
_ux_device_stack_transfer_request
_ux_system_slave
