ARM GAS  C:\usertemp\ccEGF9Xi.s 			page 1


   1              		.cpu cortex-m33
   2              		.arch armv8-m.main
   3              		.fpu fpv4-sp-d16
   4              		.arch_extension dsp
   5              		.eabi_attribute 27, 1
   6              		.eabi_attribute 28, 1
   7              		.eabi_attribute 20, 1
   8              		.eabi_attribute 21, 1
   9              		.eabi_attribute 23, 3
  10              		.eabi_attribute 24, 1
  11              		.eabi_attribute 25, 1
  12              		.eabi_attribute 26, 1
  13              		.eabi_attribute 30, 1
  14              		.eabi_attribute 34, 1
  15              		.eabi_attribute 18, 4
  16              		.file	"ux_device_stack_interface_set.c"
  17              		.text
  18              	.Ltext0:
  19              		.cfi_sections	.debug_frame
  20              		.file 1 "Middlewares/ST/usbx/common/core/src/ux_device_stack_interface_set.c"
  21              		.section	.text._ux_device_stack_interface_set,"ax",%progbits
  22              		.align	1
  23              		.global	_ux_device_stack_interface_set
  24              		.syntax unified
  25              		.thumb
  26              		.thumb_func
  28              	_ux_device_stack_interface_set:
  29              	.LVL0:
  30              	.LFB11:
   1:Middlewares/ST/usbx/common/core/src/ux_device_stack_interface_set.c **** /**************************************************************************/
   2:Middlewares/ST/usbx/common/core/src/ux_device_stack_interface_set.c **** /*                                                                        */
   3:Middlewares/ST/usbx/common/core/src/ux_device_stack_interface_set.c **** /*       Copyright (c) Microsoft Corporation. All rights reserved.        */
   4:Middlewares/ST/usbx/common/core/src/ux_device_stack_interface_set.c **** /*                                                                        */
   5:Middlewares/ST/usbx/common/core/src/ux_device_stack_interface_set.c **** /*       This software is licensed under the Microsoft Software License   */
   6:Middlewares/ST/usbx/common/core/src/ux_device_stack_interface_set.c **** /*       Terms for Microsoft Azure RTOS. Full text of the license can be  */
   7:Middlewares/ST/usbx/common/core/src/ux_device_stack_interface_set.c **** /*       found in the LICENSE file at https://aka.ms/AzureRTOS_EULA       */
   8:Middlewares/ST/usbx/common/core/src/ux_device_stack_interface_set.c **** /*       and in the root directory of this software.                      */
   9:Middlewares/ST/usbx/common/core/src/ux_device_stack_interface_set.c **** /*                                                                        */
  10:Middlewares/ST/usbx/common/core/src/ux_device_stack_interface_set.c **** /**************************************************************************/
  11:Middlewares/ST/usbx/common/core/src/ux_device_stack_interface_set.c **** 
  12:Middlewares/ST/usbx/common/core/src/ux_device_stack_interface_set.c **** 
  13:Middlewares/ST/usbx/common/core/src/ux_device_stack_interface_set.c **** /**************************************************************************/
  14:Middlewares/ST/usbx/common/core/src/ux_device_stack_interface_set.c **** /**************************************************************************/
  15:Middlewares/ST/usbx/common/core/src/ux_device_stack_interface_set.c **** /**                                                                       */ 
  16:Middlewares/ST/usbx/common/core/src/ux_device_stack_interface_set.c **** /** USBX Component                                                        */ 
  17:Middlewares/ST/usbx/common/core/src/ux_device_stack_interface_set.c **** /**                                                                       */
  18:Middlewares/ST/usbx/common/core/src/ux_device_stack_interface_set.c **** /**   Device Stack                                                        */
  19:Middlewares/ST/usbx/common/core/src/ux_device_stack_interface_set.c **** /**                                                                       */
  20:Middlewares/ST/usbx/common/core/src/ux_device_stack_interface_set.c **** /**************************************************************************/
  21:Middlewares/ST/usbx/common/core/src/ux_device_stack_interface_set.c **** /**************************************************************************/
  22:Middlewares/ST/usbx/common/core/src/ux_device_stack_interface_set.c **** 
  23:Middlewares/ST/usbx/common/core/src/ux_device_stack_interface_set.c **** #define UX_SOURCE_CODE
  24:Middlewares/ST/usbx/common/core/src/ux_device_stack_interface_set.c **** 
  25:Middlewares/ST/usbx/common/core/src/ux_device_stack_interface_set.c **** 
  26:Middlewares/ST/usbx/common/core/src/ux_device_stack_interface_set.c **** /* Include necessary system files.  */
  27:Middlewares/ST/usbx/common/core/src/ux_device_stack_interface_set.c **** 
  28:Middlewares/ST/usbx/common/core/src/ux_device_stack_interface_set.c **** #include "ux_api.h"
ARM GAS  C:\usertemp\ccEGF9Xi.s 			page 2


  29:Middlewares/ST/usbx/common/core/src/ux_device_stack_interface_set.c **** #include "ux_device_stack.h"
  30:Middlewares/ST/usbx/common/core/src/ux_device_stack_interface_set.c **** 
  31:Middlewares/ST/usbx/common/core/src/ux_device_stack_interface_set.c **** 
  32:Middlewares/ST/usbx/common/core/src/ux_device_stack_interface_set.c **** /**************************************************************************/
  33:Middlewares/ST/usbx/common/core/src/ux_device_stack_interface_set.c **** /*                                                                        */
  34:Middlewares/ST/usbx/common/core/src/ux_device_stack_interface_set.c **** /*  FUNCTION                                               RELEASE        */
  35:Middlewares/ST/usbx/common/core/src/ux_device_stack_interface_set.c **** /*                                                                        */
  36:Middlewares/ST/usbx/common/core/src/ux_device_stack_interface_set.c **** /*    _ux_device_stack_interface_set                      PORTABLE C      */
  37:Middlewares/ST/usbx/common/core/src/ux_device_stack_interface_set.c **** /*                                                           6.1.12       */
  38:Middlewares/ST/usbx/common/core/src/ux_device_stack_interface_set.c **** /*  AUTHOR                                                                */
  39:Middlewares/ST/usbx/common/core/src/ux_device_stack_interface_set.c **** /*                                                                        */
  40:Middlewares/ST/usbx/common/core/src/ux_device_stack_interface_set.c **** /*    Chaoqiong Xiao, Microsoft Corporation                               */
  41:Middlewares/ST/usbx/common/core/src/ux_device_stack_interface_set.c **** /*                                                                        */
  42:Middlewares/ST/usbx/common/core/src/ux_device_stack_interface_set.c **** /*  DESCRIPTION                                                           */
  43:Middlewares/ST/usbx/common/core/src/ux_device_stack_interface_set.c **** /*                                                                        */
  44:Middlewares/ST/usbx/common/core/src/ux_device_stack_interface_set.c **** /*    This function sets one alternate setting of one interface and       */
  45:Middlewares/ST/usbx/common/core/src/ux_device_stack_interface_set.c **** /*    enable all endpoints associated with this alternate setting.        */
  46:Middlewares/ST/usbx/common/core/src/ux_device_stack_interface_set.c **** /*    configuration.                                                      */
  47:Middlewares/ST/usbx/common/core/src/ux_device_stack_interface_set.c **** /*                                                                        */
  48:Middlewares/ST/usbx/common/core/src/ux_device_stack_interface_set.c **** /*  INPUT                                                                 */
  49:Middlewares/ST/usbx/common/core/src/ux_device_stack_interface_set.c **** /*                                                                        */
  50:Middlewares/ST/usbx/common/core/src/ux_device_stack_interface_set.c **** /*    device_framework                      Address in device framework   */ 
  51:Middlewares/ST/usbx/common/core/src/ux_device_stack_interface_set.c **** /*                                          for selected alternate setting*/
  52:Middlewares/ST/usbx/common/core/src/ux_device_stack_interface_set.c **** /*    device_framework_length               Length of device framework    */ 
  53:Middlewares/ST/usbx/common/core/src/ux_device_stack_interface_set.c **** /*    alternate_setting_value               Alternate setting             */ 
  54:Middlewares/ST/usbx/common/core/src/ux_device_stack_interface_set.c **** /*                                                                        */
  55:Middlewares/ST/usbx/common/core/src/ux_device_stack_interface_set.c **** /*  OUTPUT                                                                */
  56:Middlewares/ST/usbx/common/core/src/ux_device_stack_interface_set.c **** /*                                                                        */
  57:Middlewares/ST/usbx/common/core/src/ux_device_stack_interface_set.c **** /*    Completion Status                                                   */ 
  58:Middlewares/ST/usbx/common/core/src/ux_device_stack_interface_set.c **** /*                                                                        */
  59:Middlewares/ST/usbx/common/core/src/ux_device_stack_interface_set.c **** /*  CALLS                                                                 */ 
  60:Middlewares/ST/usbx/common/core/src/ux_device_stack_interface_set.c **** /*                                                                        */
  61:Middlewares/ST/usbx/common/core/src/ux_device_stack_interface_set.c **** /*    (ux_slave_dcd_function)               DCD dispatch function         */ 
  62:Middlewares/ST/usbx/common/core/src/ux_device_stack_interface_set.c **** /*    _ux_device_stack_interface_start      Start interface               */ 
  63:Middlewares/ST/usbx/common/core/src/ux_device_stack_interface_set.c **** /*    _ux_utility_descriptor_parse          Parse descriptor              */ 
  64:Middlewares/ST/usbx/common/core/src/ux_device_stack_interface_set.c **** /*                                                                        */ 
  65:Middlewares/ST/usbx/common/core/src/ux_device_stack_interface_set.c **** /*  CALLED BY                                                             */ 
  66:Middlewares/ST/usbx/common/core/src/ux_device_stack_interface_set.c **** /*                                                                        */ 
  67:Middlewares/ST/usbx/common/core/src/ux_device_stack_interface_set.c **** /*    Application                                                         */ 
  68:Middlewares/ST/usbx/common/core/src/ux_device_stack_interface_set.c **** /*    Device Stack                                                        */
  69:Middlewares/ST/usbx/common/core/src/ux_device_stack_interface_set.c **** /*                                                                        */ 
  70:Middlewares/ST/usbx/common/core/src/ux_device_stack_interface_set.c **** /*  RELEASE HISTORY                                                       */ 
  71:Middlewares/ST/usbx/common/core/src/ux_device_stack_interface_set.c **** /*                                                                        */ 
  72:Middlewares/ST/usbx/common/core/src/ux_device_stack_interface_set.c **** /*    DATE              NAME                      DESCRIPTION             */ 
  73:Middlewares/ST/usbx/common/core/src/ux_device_stack_interface_set.c **** /*                                                                        */ 
  74:Middlewares/ST/usbx/common/core/src/ux_device_stack_interface_set.c **** /*  05-19-2020     Chaoqiong Xiao           Initial Version 6.0           */
  75:Middlewares/ST/usbx/common/core/src/ux_device_stack_interface_set.c **** /*  09-30-2020     Chaoqiong Xiao           Modified comment(s),          */
  76:Middlewares/ST/usbx/common/core/src/ux_device_stack_interface_set.c **** /*                                            optimized based on compile  */
  77:Middlewares/ST/usbx/common/core/src/ux_device_stack_interface_set.c **** /*                                            definitions,                */
  78:Middlewares/ST/usbx/common/core/src/ux_device_stack_interface_set.c **** /*                                            resulting in version 6.1    */
  79:Middlewares/ST/usbx/common/core/src/ux_device_stack_interface_set.c **** /*  10-15-2021     Chaoqiong Xiao           Modified comment(s),          */
  80:Middlewares/ST/usbx/common/core/src/ux_device_stack_interface_set.c **** /*                                            calculated payload size,    */
  81:Middlewares/ST/usbx/common/core/src/ux_device_stack_interface_set.c **** /*                                            resulting in version 6.1.9  */
  82:Middlewares/ST/usbx/common/core/src/ux_device_stack_interface_set.c **** /*  07-29-2022     Chaoqiong Xiao           Modified comment(s),          */
  83:Middlewares/ST/usbx/common/core/src/ux_device_stack_interface_set.c **** /*                                            fixed parameter/variable    */
  84:Middlewares/ST/usbx/common/core/src/ux_device_stack_interface_set.c **** /*                                            names conflict C++ keyword, */
  85:Middlewares/ST/usbx/common/core/src/ux_device_stack_interface_set.c **** /*                                            resulting in version 6.1.12 */
ARM GAS  C:\usertemp\ccEGF9Xi.s 			page 3


  86:Middlewares/ST/usbx/common/core/src/ux_device_stack_interface_set.c **** /*                                                                        */
  87:Middlewares/ST/usbx/common/core/src/ux_device_stack_interface_set.c **** /**************************************************************************/
  88:Middlewares/ST/usbx/common/core/src/ux_device_stack_interface_set.c **** UINT  _ux_device_stack_interface_set(UCHAR * device_framework, ULONG device_framework_length,
  89:Middlewares/ST/usbx/common/core/src/ux_device_stack_interface_set.c ****                                                     ULONG alternate_setting_value)
  90:Middlewares/ST/usbx/common/core/src/ux_device_stack_interface_set.c **** {
  31              		.loc 1 90 1 view -0
  32              		.cfi_startproc
  33              		@ args = 0, pretend = 0, frame = 0
  34              		@ frame_needed = 0, uses_anonymous_args = 0
  35              		.loc 1 90 1 is_stmt 0 view .LVU1
  36 0000 2DE9F047 		push	{r4, r5, r6, r7, r8, r9, r10, lr}
  37              	.LCFI0:
  38              		.cfi_def_cfa_offset 32
  39              		.cfi_offset 4, -32
  40              		.cfi_offset 5, -28
  41              		.cfi_offset 6, -24
  42              		.cfi_offset 7, -20
  43              		.cfi_offset 8, -16
  44              		.cfi_offset 9, -12
  45              		.cfi_offset 10, -8
  46              		.cfi_offset 14, -4
  47 0004 8046     		mov	r8, r0
  48 0006 8946     		mov	r9, r1
  91:Middlewares/ST/usbx/common/core/src/ux_device_stack_interface_set.c **** 
  92:Middlewares/ST/usbx/common/core/src/ux_device_stack_interface_set.c **** UX_SLAVE_DCD            *dcd;
  49              		.loc 1 92 1 is_stmt 1 view .LVU2
  93:Middlewares/ST/usbx/common/core/src/ux_device_stack_interface_set.c **** UX_SLAVE_DEVICE         *device;
  50              		.loc 1 93 1 view .LVU3
  94:Middlewares/ST/usbx/common/core/src/ux_device_stack_interface_set.c **** UX_SLAVE_TRANSFER       *transfer_request;
  51              		.loc 1 94 1 view .LVU4
  95:Middlewares/ST/usbx/common/core/src/ux_device_stack_interface_set.c **** UX_SLAVE_INTERFACE      *interface_ptr;
  52              		.loc 1 95 1 view .LVU5
  96:Middlewares/ST/usbx/common/core/src/ux_device_stack_interface_set.c **** #if !defined(UX_DEVICE_INITIALIZE_FRAMEWORK_SCAN_DISABLE) || UX_MAX_DEVICE_INTERFACES > 1
  97:Middlewares/ST/usbx/common/core/src/ux_device_stack_interface_set.c **** UX_SLAVE_INTERFACE      *interface_link;
  53              		.loc 1 97 1 view .LVU6
  98:Middlewares/ST/usbx/common/core/src/ux_device_stack_interface_set.c **** ULONG                   interfaces_pool_number;
  54              		.loc 1 98 1 view .LVU7
  99:Middlewares/ST/usbx/common/core/src/ux_device_stack_interface_set.c **** #endif
 100:Middlewares/ST/usbx/common/core/src/ux_device_stack_interface_set.c **** UX_SLAVE_ENDPOINT       *endpoint;
  55              		.loc 1 100 1 view .LVU8
 101:Middlewares/ST/usbx/common/core/src/ux_device_stack_interface_set.c **** UX_SLAVE_ENDPOINT       *endpoint_link;
  56              		.loc 1 101 1 view .LVU9
 102:Middlewares/ST/usbx/common/core/src/ux_device_stack_interface_set.c **** ULONG                   descriptor_length;
  57              		.loc 1 102 1 view .LVU10
 103:Middlewares/ST/usbx/common/core/src/ux_device_stack_interface_set.c **** UCHAR                   descriptor_type;
  58              		.loc 1 103 1 view .LVU11
 104:Middlewares/ST/usbx/common/core/src/ux_device_stack_interface_set.c **** ULONG                   endpoints_pool_number;
  59              		.loc 1 104 1 view .LVU12
 105:Middlewares/ST/usbx/common/core/src/ux_device_stack_interface_set.c **** UINT                    status;
  60              		.loc 1 105 1 view .LVU13
 106:Middlewares/ST/usbx/common/core/src/ux_device_stack_interface_set.c **** ULONG                   max_transfer_length, n_trans;
  61              		.loc 1 106 1 view .LVU14
 107:Middlewares/ST/usbx/common/core/src/ux_device_stack_interface_set.c **** 
 108:Middlewares/ST/usbx/common/core/src/ux_device_stack_interface_set.c ****     UX_PARAMETER_NOT_USED(alternate_setting_value);
  62              		.loc 1 108 5 view .LVU15
 109:Middlewares/ST/usbx/common/core/src/ux_device_stack_interface_set.c **** 
 110:Middlewares/ST/usbx/common/core/src/ux_device_stack_interface_set.c ****     /* If trace is enabled, insert this event into the trace buffer.  */
ARM GAS  C:\usertemp\ccEGF9Xi.s 			page 4


 111:Middlewares/ST/usbx/common/core/src/ux_device_stack_interface_set.c ****     UX_TRACE_IN_LINE_INSERT(UX_TRACE_DEVICE_STACK_INTERFACE_SET, alternate_setting_value, 0, 0, 0, 
 112:Middlewares/ST/usbx/common/core/src/ux_device_stack_interface_set.c **** 
 113:Middlewares/ST/usbx/common/core/src/ux_device_stack_interface_set.c ****     /* Get the pointer to the DCD.  */
 114:Middlewares/ST/usbx/common/core/src/ux_device_stack_interface_set.c ****     dcd =  &_ux_system_slave -> ux_system_slave_dcd;
  63              		.loc 1 114 5 view .LVU16
  64              		.loc 1 114 30 is_stmt 0 view .LVU17
  65 0008 444B     		ldr	r3, .L29
  66 000a 1E68     		ldr	r6, [r3]
  67              	.LVL1:
 115:Middlewares/ST/usbx/common/core/src/ux_device_stack_interface_set.c **** 
 116:Middlewares/ST/usbx/common/core/src/ux_device_stack_interface_set.c ****     /* Get the pointer to the device.  */
 117:Middlewares/ST/usbx/common/core/src/ux_device_stack_interface_set.c ****     device =  &_ux_system_slave -> ux_system_slave_device;
  68              		.loc 1 117 5 is_stmt 1 view .LVU18
  69              		.loc 1 117 12 is_stmt 0 view .LVU19
  70 000c 06F12007 		add	r7, r6, #32
  71              	.LVL2:
 118:Middlewares/ST/usbx/common/core/src/ux_device_stack_interface_set.c **** 
 119:Middlewares/ST/usbx/common/core/src/ux_device_stack_interface_set.c ****     /* Find a free interface in the pool and hook it to the 
 120:Middlewares/ST/usbx/common/core/src/ux_device_stack_interface_set.c ****        existing interface.  */
 121:Middlewares/ST/usbx/common/core/src/ux_device_stack_interface_set.c ****     interface_ptr = device -> ux_slave_device_interfaces_pool;
  72              		.loc 1 121 5 is_stmt 1 view .LVU20
  73              		.loc 1 121 19 is_stmt 0 view .LVU21
  74 0010 D6F8CC40 		ldr	r4, [r6, #204]
  75              	.LVL3:
 122:Middlewares/ST/usbx/common/core/src/ux_device_stack_interface_set.c **** 
 123:Middlewares/ST/usbx/common/core/src/ux_device_stack_interface_set.c **** #if !defined(UX_DEVICE_INITIALIZE_FRAMEWORK_SCAN_DISABLE) || UX_MAX_DEVICE_INTERFACES > 1
 124:Middlewares/ST/usbx/common/core/src/ux_device_stack_interface_set.c ****     interfaces_pool_number = device -> ux_slave_device_interfaces_pool_number;
  76              		.loc 1 124 5 is_stmt 1 view .LVU22
  77              		.loc 1 124 28 is_stmt 0 view .LVU23
  78 0014 D6F8D030 		ldr	r3, [r6, #208]
  79              	.LVL4:
 125:Middlewares/ST/usbx/common/core/src/ux_device_stack_interface_set.c ****     while (interfaces_pool_number != 0)
  80              		.loc 1 125 5 is_stmt 1 view .LVU24
  81              		.loc 1 125 11 is_stmt 0 view .LVU25
  82 0018 01E0     		b	.L2
  83              	.LVL5:
  84              	.L22:
 126:Middlewares/ST/usbx/common/core/src/ux_device_stack_interface_set.c ****     {
 127:Middlewares/ST/usbx/common/core/src/ux_device_stack_interface_set.c ****         /* Check if this interface is free.  */
 128:Middlewares/ST/usbx/common/core/src/ux_device_stack_interface_set.c ****         if (interface_ptr -> ux_slave_interface_status == UX_UNUSED)
 129:Middlewares/ST/usbx/common/core/src/ux_device_stack_interface_set.c ****             break;
 130:Middlewares/ST/usbx/common/core/src/ux_device_stack_interface_set.c ****     
 131:Middlewares/ST/usbx/common/core/src/ux_device_stack_interface_set.c ****         /* Try the next interface.  */
 132:Middlewares/ST/usbx/common/core/src/ux_device_stack_interface_set.c ****         interface_ptr++;
  85              		.loc 1 132 9 is_stmt 1 view .LVU26
  86              		.loc 1 132 22 is_stmt 0 view .LVU27
  87 001a 2034     		adds	r4, r4, #32
  88              	.LVL6:
 133:Middlewares/ST/usbx/common/core/src/ux_device_stack_interface_set.c ****         
 134:Middlewares/ST/usbx/common/core/src/ux_device_stack_interface_set.c ****         /* Decrement the number of interfaces left to scan in the pool.  */
 135:Middlewares/ST/usbx/common/core/src/ux_device_stack_interface_set.c ****         interfaces_pool_number--;
  89              		.loc 1 135 9 is_stmt 1 view .LVU28
  90              		.loc 1 135 31 is_stmt 0 view .LVU29
  91 001c 013B     		subs	r3, r3, #1
  92              	.LVL7:
  93              	.L2:
 125:Middlewares/ST/usbx/common/core/src/ux_device_stack_interface_set.c ****     {
ARM GAS  C:\usertemp\ccEGF9Xi.s 			page 5


  94              		.loc 1 125 35 is_stmt 1 view .LVU30
  95 001e 13B1     		cbz	r3, .L3
 128:Middlewares/ST/usbx/common/core/src/ux_device_stack_interface_set.c ****             break;
  96              		.loc 1 128 9 view .LVU31
 128:Middlewares/ST/usbx/common/core/src/ux_device_stack_interface_set.c ****             break;
  97              		.loc 1 128 27 is_stmt 0 view .LVU32
  98 0020 2268     		ldr	r2, [r4]
 128:Middlewares/ST/usbx/common/core/src/ux_device_stack_interface_set.c ****             break;
  99              		.loc 1 128 12 view .LVU33
 100 0022 002A     		cmp	r2, #0
 101 0024 F9D1     		bne	.L22
 102              	.L3:
 136:Middlewares/ST/usbx/common/core/src/ux_device_stack_interface_set.c ****     }
 137:Middlewares/ST/usbx/common/core/src/ux_device_stack_interface_set.c **** 
 138:Middlewares/ST/usbx/common/core/src/ux_device_stack_interface_set.c ****     /* Did we find a free interface ?  */
 139:Middlewares/ST/usbx/common/core/src/ux_device_stack_interface_set.c ****     if (interfaces_pool_number == 0)
 103              		.loc 1 139 5 is_stmt 1 view .LVU34
 104              		.loc 1 139 8 is_stmt 0 view .LVU35
 105 0026 002B     		cmp	r3, #0
 106 0028 75D0     		beq	.L20
 140:Middlewares/ST/usbx/common/core/src/ux_device_stack_interface_set.c ****         return(UX_MEMORY_INSUFFICIENT);
 141:Middlewares/ST/usbx/common/core/src/ux_device_stack_interface_set.c **** #else
 142:Middlewares/ST/usbx/common/core/src/ux_device_stack_interface_set.c **** 
 143:Middlewares/ST/usbx/common/core/src/ux_device_stack_interface_set.c ****     /* Check if this interface is free.  */
 144:Middlewares/ST/usbx/common/core/src/ux_device_stack_interface_set.c ****     if (interface_ptr -> ux_slave_interface_status != UX_UNUSED)
 145:Middlewares/ST/usbx/common/core/src/ux_device_stack_interface_set.c ****         return(UX_MEMORY_INSUFFICIENT);
 146:Middlewares/ST/usbx/common/core/src/ux_device_stack_interface_set.c ****     
 147:Middlewares/ST/usbx/common/core/src/ux_device_stack_interface_set.c **** #endif
 148:Middlewares/ST/usbx/common/core/src/ux_device_stack_interface_set.c **** 
 149:Middlewares/ST/usbx/common/core/src/ux_device_stack_interface_set.c ****     /* Mark this interface as used now.  */
 150:Middlewares/ST/usbx/common/core/src/ux_device_stack_interface_set.c ****     interface_ptr -> ux_slave_interface_status = UX_USED;
 107              		.loc 1 150 5 is_stmt 1 view .LVU36
 108              		.loc 1 150 48 is_stmt 0 view .LVU37
 109 002a 2346     		mov	r3, r4
 110              	.LVL8:
 111              		.loc 1 150 48 view .LVU38
 112 002c 0122     		movs	r2, #1
 113 002e 43F80C2B 		str	r2, [r3], #12
 151:Middlewares/ST/usbx/common/core/src/ux_device_stack_interface_set.c **** 
 152:Middlewares/ST/usbx/common/core/src/ux_device_stack_interface_set.c ****     /* If trace is enabled, register this object.  */
 153:Middlewares/ST/usbx/common/core/src/ux_device_stack_interface_set.c ****     UX_TRACE_OBJECT_REGISTER(UX_TRACE_DEVICE_OBJECT_TYPE_INTERFACE, interface_ptr, 0, 0, 0)
 154:Middlewares/ST/usbx/common/core/src/ux_device_stack_interface_set.c **** 
 155:Middlewares/ST/usbx/common/core/src/ux_device_stack_interface_set.c ****     /* Parse the descriptor in something more readable.  */
 156:Middlewares/ST/usbx/common/core/src/ux_device_stack_interface_set.c ****     _ux_utility_descriptor_parse(device_framework,
 114              		.loc 1 156 5 is_stmt 1 view .LVU39
 115 0032 0922     		movs	r2, #9
 116 0034 3A49     		ldr	r1, .L29+4
 117              	.LVL9:
 118              		.loc 1 156 5 is_stmt 0 view .LVU40
 119 0036 4046     		mov	r0, r8
 120              	.LVL10:
 121              		.loc 1 156 5 view .LVU41
 122 0038 FFF7FEFF 		bl	_ux_utility_descriptor_parse
 123              	.LVL11:
 157:Middlewares/ST/usbx/common/core/src/ux_device_stack_interface_set.c ****                 _ux_system_interface_descriptor_structure,
 158:Middlewares/ST/usbx/common/core/src/ux_device_stack_interface_set.c ****                 UX_INTERFACE_DESCRIPTOR_ENTRIES,
 159:Middlewares/ST/usbx/common/core/src/ux_device_stack_interface_set.c ****                 (UCHAR *) &interface_ptr -> ux_slave_interface_descriptor);
ARM GAS  C:\usertemp\ccEGF9Xi.s 			page 6


 160:Middlewares/ST/usbx/common/core/src/ux_device_stack_interface_set.c **** 
 161:Middlewares/ST/usbx/common/core/src/ux_device_stack_interface_set.c **** #if !defined(UX_DEVICE_INITIALIZE_FRAMEWORK_SCAN_DISABLE) || UX_MAX_DEVICE_INTERFACES > 1
 162:Middlewares/ST/usbx/common/core/src/ux_device_stack_interface_set.c **** 
 163:Middlewares/ST/usbx/common/core/src/ux_device_stack_interface_set.c ****     /* Attach this interface to the end of the interface chain.  */
 164:Middlewares/ST/usbx/common/core/src/ux_device_stack_interface_set.c ****     if (device -> ux_slave_device_first_interface == UX_NULL)
 124              		.loc 1 164 5 is_stmt 1 view .LVU42
 125              		.loc 1 164 16 is_stmt 0 view .LVU43
 126 003c D6F8C830 		ldr	r3, [r6, #200]
 127              		.loc 1 164 8 view .LVU44
 128 0040 D3B1     		cbz	r3, .L23
 129              	.L6:
 130              	.LVL12:
 165:Middlewares/ST/usbx/common/core/src/ux_device_stack_interface_set.c ****     {
 166:Middlewares/ST/usbx/common/core/src/ux_device_stack_interface_set.c **** 
 167:Middlewares/ST/usbx/common/core/src/ux_device_stack_interface_set.c ****         device -> ux_slave_device_first_interface =  interface_ptr;
 168:Middlewares/ST/usbx/common/core/src/ux_device_stack_interface_set.c ****     }
 169:Middlewares/ST/usbx/common/core/src/ux_device_stack_interface_set.c ****     else
 170:Middlewares/ST/usbx/common/core/src/ux_device_stack_interface_set.c ****     {
 171:Middlewares/ST/usbx/common/core/src/ux_device_stack_interface_set.c ****         /* Multiple interfaces exist, so find the end of the chain.  */
 172:Middlewares/ST/usbx/common/core/src/ux_device_stack_interface_set.c ****         interface_link =  device -> ux_slave_device_first_interface;
 173:Middlewares/ST/usbx/common/core/src/ux_device_stack_interface_set.c ****         while (interface_link -> ux_slave_interface_next_interface != UX_NULL)
 131              		.loc 1 173 68 is_stmt 1 view .LVU45
 132 0042 1A46     		mov	r2, r3
 133              		.loc 1 173 31 is_stmt 0 view .LVU46
 134 0044 9B69     		ldr	r3, [r3, #24]
 135              	.LVL13:
 136              		.loc 1 173 68 view .LVU47
 137 0046 002B     		cmp	r3, #0
 138 0048 FBD1     		bne	.L6
 174:Middlewares/ST/usbx/common/core/src/ux_device_stack_interface_set.c ****             interface_link =  interface_link -> ux_slave_interface_next_interface;
 175:Middlewares/ST/usbx/common/core/src/ux_device_stack_interface_set.c ****         interface_link -> ux_slave_interface_next_interface =  interface_ptr;
 139              		.loc 1 175 9 is_stmt 1 view .LVU48
 140              		.loc 1 175 61 is_stmt 0 view .LVU49
 141 004a 9461     		str	r4, [r2, #24]
 142              	.LVL14:
 143              	.L7:
 176:Middlewares/ST/usbx/common/core/src/ux_device_stack_interface_set.c ****     }
 177:Middlewares/ST/usbx/common/core/src/ux_device_stack_interface_set.c **** #else
 178:Middlewares/ST/usbx/common/core/src/ux_device_stack_interface_set.c **** 
 179:Middlewares/ST/usbx/common/core/src/ux_device_stack_interface_set.c ****     /* It must be very first one.  */
 180:Middlewares/ST/usbx/common/core/src/ux_device_stack_interface_set.c ****     device -> ux_slave_device_first_interface = interface_ptr;
 181:Middlewares/ST/usbx/common/core/src/ux_device_stack_interface_set.c **** #endif
 182:Middlewares/ST/usbx/common/core/src/ux_device_stack_interface_set.c **** 
 183:Middlewares/ST/usbx/common/core/src/ux_device_stack_interface_set.c ****     /* Point beyond the interface descriptor.  */
 184:Middlewares/ST/usbx/common/core/src/ux_device_stack_interface_set.c ****     device_framework_length -=  (ULONG) *device_framework;
 144              		.loc 1 184 5 is_stmt 1 view .LVU50
 145              		.loc 1 184 41 is_stmt 0 view .LVU51
 146 004c 98F80030 		ldrb	r3, [r8]	@ zero_extendqisi2
 147              		.loc 1 184 29 view .LVU52
 148 0050 A9EB0309 		sub	r9, r9, r3
 149              	.LVL15:
 185:Middlewares/ST/usbx/common/core/src/ux_device_stack_interface_set.c ****     device_framework +=  (ULONG) *device_framework;
 150              		.loc 1 185 5 is_stmt 1 view .LVU53
 151              		.loc 1 185 22 is_stmt 0 view .LVU54
 152 0054 9844     		add	r8, r8, r3
 153              	.LVL16:
 186:Middlewares/ST/usbx/common/core/src/ux_device_stack_interface_set.c **** 
ARM GAS  C:\usertemp\ccEGF9Xi.s 			page 7


 187:Middlewares/ST/usbx/common/core/src/ux_device_stack_interface_set.c ****     /* Parse the device framework and locate endpoint descriptor(s).  */
 188:Middlewares/ST/usbx/common/core/src/ux_device_stack_interface_set.c ****     while (device_framework_length != 0)
 154              		.loc 1 188 5 is_stmt 1 view .LVU55
 155              	.L8:
 156              		.loc 1 188 36 view .LVU56
 157 0056 B9F1000F 		cmp	r9, #0
 158 005a 58D0     		beq	.L24
 189:Middlewares/ST/usbx/common/core/src/ux_device_stack_interface_set.c ****     {
 190:Middlewares/ST/usbx/common/core/src/ux_device_stack_interface_set.c **** 
 191:Middlewares/ST/usbx/common/core/src/ux_device_stack_interface_set.c ****         /* Get the length of the current descriptor.  */
 192:Middlewares/ST/usbx/common/core/src/ux_device_stack_interface_set.c ****         descriptor_length =  (ULONG) *device_framework;
 159              		.loc 1 192 9 view .LVU57
 160              		.loc 1 192 38 is_stmt 0 view .LVU58
 161 005c 98F800A0 		ldrb	r10, [r8]	@ zero_extendqisi2
 162              	.LVL17:
 193:Middlewares/ST/usbx/common/core/src/ux_device_stack_interface_set.c **** 
 194:Middlewares/ST/usbx/common/core/src/ux_device_stack_interface_set.c ****         /* And its type.  */
 195:Middlewares/ST/usbx/common/core/src/ux_device_stack_interface_set.c ****         descriptor_type =  *(device_framework + 1);
 163              		.loc 1 195 9 is_stmt 1 view .LVU59
 164              		.loc 1 195 25 is_stmt 0 view .LVU60
 165 0060 98F80130 		ldrb	r3, [r8, #1]	@ zero_extendqisi2
 166              	.LVL18:
 196:Middlewares/ST/usbx/common/core/src/ux_device_stack_interface_set.c ****                 
 197:Middlewares/ST/usbx/common/core/src/ux_device_stack_interface_set.c ****         /* Check if this is an endpoint descriptor.  */
 198:Middlewares/ST/usbx/common/core/src/ux_device_stack_interface_set.c ****         switch(descriptor_type)
 167              		.loc 1 198 9 is_stmt 1 view .LVU61
 168 0064 042B     		cmp	r3, #4
 169 0066 4DD0     		beq	.L9
 170 0068 052B     		cmp	r3, #5
 171 006a 08D0     		beq	.L10
 172 006c 022B     		cmp	r3, #2
 173 006e 49D0     		beq	.L9
 174              	.LVL19:
 175              	.L11:
 199:Middlewares/ST/usbx/common/core/src/ux_device_stack_interface_set.c ****         {
 200:Middlewares/ST/usbx/common/core/src/ux_device_stack_interface_set.c **** 
 201:Middlewares/ST/usbx/common/core/src/ux_device_stack_interface_set.c ****         case UX_ENDPOINT_DESCRIPTOR_ITEM:
 202:Middlewares/ST/usbx/common/core/src/ux_device_stack_interface_set.c **** 
 203:Middlewares/ST/usbx/common/core/src/ux_device_stack_interface_set.c ****             /* Find a free endpoint in the pool and hook it to the 
 204:Middlewares/ST/usbx/common/core/src/ux_device_stack_interface_set.c ****                existing interface after it's created by DCD.  */
 205:Middlewares/ST/usbx/common/core/src/ux_device_stack_interface_set.c ****             endpoint = device -> ux_slave_device_endpoints_pool;
 206:Middlewares/ST/usbx/common/core/src/ux_device_stack_interface_set.c ****             endpoints_pool_number = device -> ux_slave_device_endpoints_pool_number;
 207:Middlewares/ST/usbx/common/core/src/ux_device_stack_interface_set.c ****             while (endpoints_pool_number != 0)
 208:Middlewares/ST/usbx/common/core/src/ux_device_stack_interface_set.c ****             {
 209:Middlewares/ST/usbx/common/core/src/ux_device_stack_interface_set.c ****                 /* Check if this endpoint is free.  */
 210:Middlewares/ST/usbx/common/core/src/ux_device_stack_interface_set.c ****                 if (endpoint ->    ux_slave_endpoint_status == UX_UNUSED)
 211:Middlewares/ST/usbx/common/core/src/ux_device_stack_interface_set.c ****                 {
 212:Middlewares/ST/usbx/common/core/src/ux_device_stack_interface_set.c ****                     /* Mark this endpoint as used now.  */
 213:Middlewares/ST/usbx/common/core/src/ux_device_stack_interface_set.c ****                     endpoint ->    ux_slave_endpoint_status = UX_USED;
 214:Middlewares/ST/usbx/common/core/src/ux_device_stack_interface_set.c ****                     break;
 215:Middlewares/ST/usbx/common/core/src/ux_device_stack_interface_set.c ****                 }
 216:Middlewares/ST/usbx/common/core/src/ux_device_stack_interface_set.c ****             
 217:Middlewares/ST/usbx/common/core/src/ux_device_stack_interface_set.c ****                 /* Try the next endpoint.  */
 218:Middlewares/ST/usbx/common/core/src/ux_device_stack_interface_set.c ****                 endpoint++;
 219:Middlewares/ST/usbx/common/core/src/ux_device_stack_interface_set.c ****                 
 220:Middlewares/ST/usbx/common/core/src/ux_device_stack_interface_set.c ****                 /* Decrement the number of endpoints to scan from the pool.  */
 221:Middlewares/ST/usbx/common/core/src/ux_device_stack_interface_set.c ****                endpoints_pool_number--; 
ARM GAS  C:\usertemp\ccEGF9Xi.s 			page 8


 222:Middlewares/ST/usbx/common/core/src/ux_device_stack_interface_set.c ****             }
 223:Middlewares/ST/usbx/common/core/src/ux_device_stack_interface_set.c **** 
 224:Middlewares/ST/usbx/common/core/src/ux_device_stack_interface_set.c ****             /* Did we find a free endpoint ?  */
 225:Middlewares/ST/usbx/common/core/src/ux_device_stack_interface_set.c ****             if (endpoints_pool_number == 0)
 226:Middlewares/ST/usbx/common/core/src/ux_device_stack_interface_set.c ****                 return(UX_MEMORY_INSUFFICIENT);
 227:Middlewares/ST/usbx/common/core/src/ux_device_stack_interface_set.c **** 
 228:Middlewares/ST/usbx/common/core/src/ux_device_stack_interface_set.c ****             /* Parse the descriptor in something more readable.  */
 229:Middlewares/ST/usbx/common/core/src/ux_device_stack_interface_set.c ****             _ux_utility_descriptor_parse(device_framework,
 230:Middlewares/ST/usbx/common/core/src/ux_device_stack_interface_set.c ****                             _ux_system_endpoint_descriptor_structure,
 231:Middlewares/ST/usbx/common/core/src/ux_device_stack_interface_set.c ****                             UX_ENDPOINT_DESCRIPTOR_ENTRIES,
 232:Middlewares/ST/usbx/common/core/src/ux_device_stack_interface_set.c ****                             (UCHAR *) &endpoint -> ux_slave_endpoint_descriptor);
 233:Middlewares/ST/usbx/common/core/src/ux_device_stack_interface_set.c **** 
 234:Middlewares/ST/usbx/common/core/src/ux_device_stack_interface_set.c ****             /* Now we create a transfer request to accept transfer on this endpoint.  */
 235:Middlewares/ST/usbx/common/core/src/ux_device_stack_interface_set.c ****             transfer_request =  &endpoint -> ux_slave_endpoint_transfer_request;
 236:Middlewares/ST/usbx/common/core/src/ux_device_stack_interface_set.c ****                 
 237:Middlewares/ST/usbx/common/core/src/ux_device_stack_interface_set.c ****             /* Validate endpoint descriptor wMaxPacketSize.  */
 238:Middlewares/ST/usbx/common/core/src/ux_device_stack_interface_set.c ****             UX_ASSERT(endpoint -> ux_slave_endpoint_descriptor.wMaxPacketSize != 0);
 239:Middlewares/ST/usbx/common/core/src/ux_device_stack_interface_set.c **** 
 240:Middlewares/ST/usbx/common/core/src/ux_device_stack_interface_set.c ****             /* Calculate endpoint transfer payload max size.  */
 241:Middlewares/ST/usbx/common/core/src/ux_device_stack_interface_set.c ****             max_transfer_length =
 242:Middlewares/ST/usbx/common/core/src/ux_device_stack_interface_set.c ****                     endpoint -> ux_slave_endpoint_descriptor.wMaxPacketSize &
 243:Middlewares/ST/usbx/common/core/src/ux_device_stack_interface_set.c ****                                                         UX_MAX_PACKET_SIZE_MASK;
 244:Middlewares/ST/usbx/common/core/src/ux_device_stack_interface_set.c ****             if ((_ux_system_slave -> ux_system_slave_speed == UX_HIGH_SPEED_DEVICE) &&
 245:Middlewares/ST/usbx/common/core/src/ux_device_stack_interface_set.c ****                 (endpoint -> ux_slave_endpoint_descriptor.bmAttributes & 0x1u))
 246:Middlewares/ST/usbx/common/core/src/ux_device_stack_interface_set.c ****             {
 247:Middlewares/ST/usbx/common/core/src/ux_device_stack_interface_set.c ****                 n_trans = endpoint -> ux_slave_endpoint_descriptor.wMaxPacketSize &
 248:Middlewares/ST/usbx/common/core/src/ux_device_stack_interface_set.c ****                                             UX_MAX_NUMBER_OF_TRANSACTIONS_MASK;
 249:Middlewares/ST/usbx/common/core/src/ux_device_stack_interface_set.c ****                 if (n_trans)
 250:Middlewares/ST/usbx/common/core/src/ux_device_stack_interface_set.c ****                 {
 251:Middlewares/ST/usbx/common/core/src/ux_device_stack_interface_set.c ****                     n_trans >>= UX_MAX_NUMBER_OF_TRANSACTIONS_SHIFT;
 252:Middlewares/ST/usbx/common/core/src/ux_device_stack_interface_set.c ****                     n_trans ++;
 253:Middlewares/ST/usbx/common/core/src/ux_device_stack_interface_set.c ****                     max_transfer_length *= n_trans;
 254:Middlewares/ST/usbx/common/core/src/ux_device_stack_interface_set.c ****                 }
 255:Middlewares/ST/usbx/common/core/src/ux_device_stack_interface_set.c ****             }
 256:Middlewares/ST/usbx/common/core/src/ux_device_stack_interface_set.c **** 
 257:Middlewares/ST/usbx/common/core/src/ux_device_stack_interface_set.c ****             /* Validate max transfer size and save it.  */
 258:Middlewares/ST/usbx/common/core/src/ux_device_stack_interface_set.c ****             UX_ASSERT(max_transfer_length <= UX_SLAVE_REQUEST_DATA_MAX_LENGTH);
 259:Middlewares/ST/usbx/common/core/src/ux_device_stack_interface_set.c ****             transfer_request -> ux_slave_transfer_request_transfer_length = max_transfer_length;
 260:Middlewares/ST/usbx/common/core/src/ux_device_stack_interface_set.c **** 
 261:Middlewares/ST/usbx/common/core/src/ux_device_stack_interface_set.c ****             /* We store the endpoint in the transfer request as well.  */
 262:Middlewares/ST/usbx/common/core/src/ux_device_stack_interface_set.c ****             transfer_request -> ux_slave_transfer_request_endpoint =  endpoint;
 263:Middlewares/ST/usbx/common/core/src/ux_device_stack_interface_set.c ****                 
 264:Middlewares/ST/usbx/common/core/src/ux_device_stack_interface_set.c ****             /* By default the timeout is infinite on request.  */
 265:Middlewares/ST/usbx/common/core/src/ux_device_stack_interface_set.c ****             transfer_request -> ux_slave_transfer_request_timeout = UX_WAIT_FOREVER;
 266:Middlewares/ST/usbx/common/core/src/ux_device_stack_interface_set.c ****             
 267:Middlewares/ST/usbx/common/core/src/ux_device_stack_interface_set.c ****             /* Attach the interface to the endpoint.  */
 268:Middlewares/ST/usbx/common/core/src/ux_device_stack_interface_set.c ****             endpoint -> ux_slave_endpoint_interface =  interface_ptr;
 269:Middlewares/ST/usbx/common/core/src/ux_device_stack_interface_set.c ****                 
 270:Middlewares/ST/usbx/common/core/src/ux_device_stack_interface_set.c ****             /* Attach the device to the endpoint.  */
 271:Middlewares/ST/usbx/common/core/src/ux_device_stack_interface_set.c ****             endpoint -> ux_slave_endpoint_device =  device;
 272:Middlewares/ST/usbx/common/core/src/ux_device_stack_interface_set.c ****                 
 273:Middlewares/ST/usbx/common/core/src/ux_device_stack_interface_set.c ****             /* Create the endpoint at the DCD level.  */
 274:Middlewares/ST/usbx/common/core/src/ux_device_stack_interface_set.c ****             status =  dcd -> ux_slave_dcd_function(dcd, UX_DCD_CREATE_ENDPOINT, (VOID *) endpoint);
 275:Middlewares/ST/usbx/common/core/src/ux_device_stack_interface_set.c ****             
 276:Middlewares/ST/usbx/common/core/src/ux_device_stack_interface_set.c ****             /* Do a sanity check on endpoint creation.  */
 277:Middlewares/ST/usbx/common/core/src/ux_device_stack_interface_set.c ****             if (status != UX_SUCCESS)
 278:Middlewares/ST/usbx/common/core/src/ux_device_stack_interface_set.c ****             {
ARM GAS  C:\usertemp\ccEGF9Xi.s 			page 9


 279:Middlewares/ST/usbx/common/core/src/ux_device_stack_interface_set.c **** 
 280:Middlewares/ST/usbx/common/core/src/ux_device_stack_interface_set.c ****                 /* Error was returned, endpoint cannot be created.  */
 281:Middlewares/ST/usbx/common/core/src/ux_device_stack_interface_set.c ****                 endpoint -> ux_slave_endpoint_status = UX_UNUSED;
 282:Middlewares/ST/usbx/common/core/src/ux_device_stack_interface_set.c ****                 return(status);
 283:Middlewares/ST/usbx/common/core/src/ux_device_stack_interface_set.c ****             }
 284:Middlewares/ST/usbx/common/core/src/ux_device_stack_interface_set.c **** 
 285:Middlewares/ST/usbx/common/core/src/ux_device_stack_interface_set.c ****             /* Attach this endpoint to the end of the endpoint chain.  */
 286:Middlewares/ST/usbx/common/core/src/ux_device_stack_interface_set.c ****             if (interface_ptr -> ux_slave_interface_first_endpoint == UX_NULL)
 287:Middlewares/ST/usbx/common/core/src/ux_device_stack_interface_set.c ****             {
 288:Middlewares/ST/usbx/common/core/src/ux_device_stack_interface_set.c **** 
 289:Middlewares/ST/usbx/common/core/src/ux_device_stack_interface_set.c ****                 interface_ptr -> ux_slave_interface_first_endpoint =  endpoint;
 290:Middlewares/ST/usbx/common/core/src/ux_device_stack_interface_set.c ****             }
 291:Middlewares/ST/usbx/common/core/src/ux_device_stack_interface_set.c ****             else
 292:Middlewares/ST/usbx/common/core/src/ux_device_stack_interface_set.c ****             {
 293:Middlewares/ST/usbx/common/core/src/ux_device_stack_interface_set.c ****                 /* Multiple endpoints exist, so find the end of the chain.  */
 294:Middlewares/ST/usbx/common/core/src/ux_device_stack_interface_set.c ****                 endpoint_link =  interface_ptr -> ux_slave_interface_first_endpoint;
 295:Middlewares/ST/usbx/common/core/src/ux_device_stack_interface_set.c ****                 while (endpoint_link -> ux_slave_endpoint_next_endpoint != UX_NULL)
 296:Middlewares/ST/usbx/common/core/src/ux_device_stack_interface_set.c ****                     endpoint_link =  endpoint_link -> ux_slave_endpoint_next_endpoint;
 297:Middlewares/ST/usbx/common/core/src/ux_device_stack_interface_set.c ****                 endpoint_link -> ux_slave_endpoint_next_endpoint =  endpoint;
 298:Middlewares/ST/usbx/common/core/src/ux_device_stack_interface_set.c ****             }
 299:Middlewares/ST/usbx/common/core/src/ux_device_stack_interface_set.c ****             break;
 300:Middlewares/ST/usbx/common/core/src/ux_device_stack_interface_set.c **** 
 301:Middlewares/ST/usbx/common/core/src/ux_device_stack_interface_set.c ****         case UX_CONFIGURATION_DESCRIPTOR_ITEM:
 302:Middlewares/ST/usbx/common/core/src/ux_device_stack_interface_set.c ****         case UX_INTERFACE_DESCRIPTOR_ITEM:
 303:Middlewares/ST/usbx/common/core/src/ux_device_stack_interface_set.c **** 
 304:Middlewares/ST/usbx/common/core/src/ux_device_stack_interface_set.c ****             /* If the descriptor is a configuration or interface,
 305:Middlewares/ST/usbx/common/core/src/ux_device_stack_interface_set.c ****                we have parsed and mounted all endpoints. 
 306:Middlewares/ST/usbx/common/core/src/ux_device_stack_interface_set.c ****                The interface attached to this configuration must be started at the class level.  */
 307:Middlewares/ST/usbx/common/core/src/ux_device_stack_interface_set.c ****             status =  _ux_device_stack_interface_start(interface_ptr);
 308:Middlewares/ST/usbx/common/core/src/ux_device_stack_interface_set.c **** 
 309:Middlewares/ST/usbx/common/core/src/ux_device_stack_interface_set.c ****             /* Return the status to the caller.  */
 310:Middlewares/ST/usbx/common/core/src/ux_device_stack_interface_set.c ****             return(status);
 311:Middlewares/ST/usbx/common/core/src/ux_device_stack_interface_set.c **** 
 312:Middlewares/ST/usbx/common/core/src/ux_device_stack_interface_set.c ****         default:
 313:Middlewares/ST/usbx/common/core/src/ux_device_stack_interface_set.c ****             break;
 314:Middlewares/ST/usbx/common/core/src/ux_device_stack_interface_set.c ****         }
 315:Middlewares/ST/usbx/common/core/src/ux_device_stack_interface_set.c **** 
 316:Middlewares/ST/usbx/common/core/src/ux_device_stack_interface_set.c ****         /* Adjust what is left of the device framework.  */
 317:Middlewares/ST/usbx/common/core/src/ux_device_stack_interface_set.c ****         device_framework_length -=  descriptor_length;
 176              		.loc 1 317 9 view .LVU62
 177              		.loc 1 317 33 is_stmt 0 view .LVU63
 178 0070 A9EB0A09 		sub	r9, r9, r10
 179              	.LVL20:
 318:Middlewares/ST/usbx/common/core/src/ux_device_stack_interface_set.c **** 
 319:Middlewares/ST/usbx/common/core/src/ux_device_stack_interface_set.c ****         /* Point to the next descriptor.  */
 320:Middlewares/ST/usbx/common/core/src/ux_device_stack_interface_set.c ****         device_framework +=  descriptor_length;
 180              		.loc 1 320 9 is_stmt 1 view .LVU64
 181              		.loc 1 320 26 is_stmt 0 view .LVU65
 182 0074 D044     		add	r8, r8, r10
 183              	.LVL21:
 184              		.loc 1 320 26 view .LVU66
 185 0076 EEE7     		b	.L8
 186              	.LVL22:
 187              	.L23:
 167:Middlewares/ST/usbx/common/core/src/ux_device_stack_interface_set.c ****     }
 188              		.loc 1 167 9 is_stmt 1 view .LVU67
 167:Middlewares/ST/usbx/common/core/src/ux_device_stack_interface_set.c ****     }
ARM GAS  C:\usertemp\ccEGF9Xi.s 			page 10


 189              		.loc 1 167 51 is_stmt 0 view .LVU68
 190 0078 C6F8C840 		str	r4, [r6, #200]
 191 007c E6E7     		b	.L7
 192              	.LVL23:
 193              	.L10:
 205:Middlewares/ST/usbx/common/core/src/ux_device_stack_interface_set.c ****             endpoints_pool_number = device -> ux_slave_device_endpoints_pool_number;
 194              		.loc 1 205 13 is_stmt 1 view .LVU69
 205:Middlewares/ST/usbx/common/core/src/ux_device_stack_interface_set.c ****             endpoints_pool_number = device -> ux_slave_device_endpoints_pool_number;
 195              		.loc 1 205 22 is_stmt 0 view .LVU70
 196 007e D6F8D450 		ldr	r5, [r6, #212]
 197              	.LVL24:
 206:Middlewares/ST/usbx/common/core/src/ux_device_stack_interface_set.c ****             while (endpoints_pool_number != 0)
 198              		.loc 1 206 13 is_stmt 1 view .LVU71
 206:Middlewares/ST/usbx/common/core/src/ux_device_stack_interface_set.c ****             while (endpoints_pool_number != 0)
 199              		.loc 1 206 35 is_stmt 0 view .LVU72
 200 0082 D6F8D830 		ldr	r3, [r6, #216]
 201              	.LVL25:
 207:Middlewares/ST/usbx/common/core/src/ux_device_stack_interface_set.c ****             {
 202              		.loc 1 207 13 is_stmt 1 view .LVU73
 203              	.L12:
 207:Middlewares/ST/usbx/common/core/src/ux_device_stack_interface_set.c ****             {
 204              		.loc 1 207 42 view .LVU74
 205 0086 3BB3     		cbz	r3, .L25
 210:Middlewares/ST/usbx/common/core/src/ux_device_stack_interface_set.c ****                 {
 206              		.loc 1 210 17 view .LVU75
 210:Middlewares/ST/usbx/common/core/src/ux_device_stack_interface_set.c ****                 {
 207              		.loc 1 210 30 is_stmt 0 view .LVU76
 208 0088 2A68     		ldr	r2, [r5]
 210:Middlewares/ST/usbx/common/core/src/ux_device_stack_interface_set.c ****                 {
 209              		.loc 1 210 20 view .LVU77
 210 008a 12B1     		cbz	r2, .L26
 218:Middlewares/ST/usbx/common/core/src/ux_device_stack_interface_set.c ****                 
 211              		.loc 1 218 17 is_stmt 1 view .LVU78
 218:Middlewares/ST/usbx/common/core/src/ux_device_stack_interface_set.c ****                 
 212              		.loc 1 218 25 is_stmt 0 view .LVU79
 213 008c 8035     		adds	r5, r5, #128
 214              	.LVL26:
 221:Middlewares/ST/usbx/common/core/src/ux_device_stack_interface_set.c ****             }
 215              		.loc 1 221 16 is_stmt 1 view .LVU80
 221:Middlewares/ST/usbx/common/core/src/ux_device_stack_interface_set.c ****             }
 216              		.loc 1 221 37 is_stmt 0 view .LVU81
 217 008e 013B     		subs	r3, r3, #1
 218              	.LVL27:
 221:Middlewares/ST/usbx/common/core/src/ux_device_stack_interface_set.c ****             }
 219              		.loc 1 221 37 view .LVU82
 220 0090 F9E7     		b	.L12
 221              	.L26:
 213:Middlewares/ST/usbx/common/core/src/ux_device_stack_interface_set.c ****                     break;
 222              		.loc 1 213 21 is_stmt 1 view .LVU83
 213:Middlewares/ST/usbx/common/core/src/ux_device_stack_interface_set.c ****                     break;
 223              		.loc 1 213 61 is_stmt 0 view .LVU84
 224 0092 2B46     		mov	r3, r5
 225              	.LVL28:
 213:Middlewares/ST/usbx/common/core/src/ux_device_stack_interface_set.c ****                     break;
 226              		.loc 1 213 61 view .LVU85
 227 0094 0122     		movs	r2, #1
 228 0096 43F80C2B 		str	r2, [r3], #12
ARM GAS  C:\usertemp\ccEGF9Xi.s 			page 11


 229              	.LVL29:
 214:Middlewares/ST/usbx/common/core/src/ux_device_stack_interface_set.c ****                 }
 230              		.loc 1 214 21 is_stmt 1 view .LVU86
 225:Middlewares/ST/usbx/common/core/src/ux_device_stack_interface_set.c ****                 return(UX_MEMORY_INSUFFICIENT);
 231              		.loc 1 225 13 view .LVU87
 229:Middlewares/ST/usbx/common/core/src/ux_device_stack_interface_set.c ****                             _ux_system_endpoint_descriptor_structure,
 232              		.loc 1 229 13 view .LVU88
 233 009a 0622     		movs	r2, #6
 234 009c 2149     		ldr	r1, .L29+8
 235 009e 4046     		mov	r0, r8
 236 00a0 FFF7FEFF 		bl	_ux_utility_descriptor_parse
 237              	.LVL30:
 235:Middlewares/ST/usbx/common/core/src/ux_device_stack_interface_set.c ****                 
 238              		.loc 1 235 13 view .LVU89
 238:Middlewares/ST/usbx/common/core/src/ux_device_stack_interface_set.c **** 
 239              		.loc 1 238 84 view .LVU90
 241:Middlewares/ST/usbx/common/core/src/ux_device_stack_interface_set.c ****                     endpoint -> ux_slave_endpoint_descriptor.wMaxPacketSize &
 240              		.loc 1 241 13 view .LVU91
 242:Middlewares/ST/usbx/common/core/src/ux_device_stack_interface_set.c ****                                                         UX_MAX_PACKET_SIZE_MASK;
 241              		.loc 1 242 61 is_stmt 0 view .LVU92
 242 00a4 2B8A     		ldrh	r3, [r5, #16]
 241:Middlewares/ST/usbx/common/core/src/ux_device_stack_interface_set.c ****                     endpoint -> ux_slave_endpoint_descriptor.wMaxPacketSize &
 243              		.loc 1 241 33 view .LVU93
 244 00a6 C3F30A02 		ubfx	r2, r3, #0, #11
 245              	.LVL31:
 244:Middlewares/ST/usbx/common/core/src/ux_device_stack_interface_set.c ****                 (endpoint -> ux_slave_endpoint_descriptor.bmAttributes & 0x1u))
 246              		.loc 1 244 13 is_stmt 1 view .LVU94
 244:Middlewares/ST/usbx/common/core/src/ux_device_stack_interface_set.c ****                 (endpoint -> ux_slave_endpoint_descriptor.bmAttributes & 0x1u))
 247              		.loc 1 244 35 is_stmt 0 view .LVU95
 248 00aa 1C49     		ldr	r1, .L29
 249 00ac 0968     		ldr	r1, [r1]
 250 00ae D1F85411 		ldr	r1, [r1, #340]
 244:Middlewares/ST/usbx/common/core/src/ux_device_stack_interface_set.c ****                 (endpoint -> ux_slave_endpoint_descriptor.bmAttributes & 0x1u))
 251              		.loc 1 244 16 view .LVU96
 252 00b2 0229     		cmp	r1, #2
 253 00b4 12D0     		beq	.L27
 254              	.L15:
 258:Middlewares/ST/usbx/common/core/src/ux_device_stack_interface_set.c ****             transfer_request -> ux_slave_transfer_request_transfer_length = max_transfer_length;
 255              		.loc 1 258 79 is_stmt 1 view .LVU97
 259:Middlewares/ST/usbx/common/core/src/ux_device_stack_interface_set.c **** 
 256              		.loc 1 259 13 view .LVU98
 259:Middlewares/ST/usbx/common/core/src/ux_device_stack_interface_set.c **** 
 257              		.loc 1 259 75 is_stmt 0 view .LVU99
 258 00b6 2A64     		str	r2, [r5, #64]
 262:Middlewares/ST/usbx/common/core/src/ux_device_stack_interface_set.c ****                 
 259              		.loc 1 262 13 is_stmt 1 view .LVU100
 262:Middlewares/ST/usbx/common/core/src/ux_device_stack_interface_set.c ****                 
 260              		.loc 1 262 68 is_stmt 0 view .LVU101
 261 00b8 AD62     		str	r5, [r5, #40]
 265:Middlewares/ST/usbx/common/core/src/ux_device_stack_interface_set.c ****             
 262              		.loc 1 265 13 is_stmt 1 view .LVU102
 265:Middlewares/ST/usbx/common/core/src/ux_device_stack_interface_set.c ****             
 263              		.loc 1 265 67 is_stmt 0 view .LVU103
 264 00ba 4FF0FF33 		mov	r3, #-1
 265 00be EB66     		str	r3, [r5, #108]
 268:Middlewares/ST/usbx/common/core/src/ux_device_stack_interface_set.c ****                 
 266              		.loc 1 268 13 is_stmt 1 view .LVU104
ARM GAS  C:\usertemp\ccEGF9Xi.s 			page 12


 268:Middlewares/ST/usbx/common/core/src/ux_device_stack_interface_set.c ****                 
 267              		.loc 1 268 53 is_stmt 0 view .LVU105
 268 00c0 AC61     		str	r4, [r5, #24]
 271:Middlewares/ST/usbx/common/core/src/ux_device_stack_interface_set.c ****                 
 269              		.loc 1 271 13 is_stmt 1 view .LVU106
 271:Middlewares/ST/usbx/common/core/src/ux_device_stack_interface_set.c ****                 
 270              		.loc 1 271 50 is_stmt 0 view .LVU107
 271 00c2 EF61     		str	r7, [r5, #28]
 274:Middlewares/ST/usbx/common/core/src/ux_device_stack_interface_set.c ****             
 272              		.loc 1 274 13 is_stmt 1 view .LVU108
 274:Middlewares/ST/usbx/common/core/src/ux_device_stack_interface_set.c ****             
 273              		.loc 1 274 27 is_stmt 0 view .LVU109
 274 00c4 B369     		ldr	r3, [r6, #24]
 274:Middlewares/ST/usbx/common/core/src/ux_device_stack_interface_set.c ****             
 275              		.loc 1 274 23 view .LVU110
 276 00c6 2A46     		mov	r2, r5
 277              	.LVL32:
 274:Middlewares/ST/usbx/common/core/src/ux_device_stack_interface_set.c ****             
 278              		.loc 1 274 23 view .LVU111
 279 00c8 0E21     		movs	r1, #14
 280 00ca 3046     		mov	r0, r6
 281 00cc 9847     		blx	r3
 282              	.LVL33:
 277:Middlewares/ST/usbx/common/core/src/ux_device_stack_interface_set.c ****             {
 283              		.loc 1 277 13 is_stmt 1 view .LVU112
 277:Middlewares/ST/usbx/common/core/src/ux_device_stack_interface_set.c ****             {
 284              		.loc 1 277 16 is_stmt 0 view .LVU113
 285 00ce 80B9     		cbnz	r0, .L28
 286:Middlewares/ST/usbx/common/core/src/ux_device_stack_interface_set.c ****             {
 286              		.loc 1 286 13 is_stmt 1 view .LVU114
 286:Middlewares/ST/usbx/common/core/src/ux_device_stack_interface_set.c ****             {
 287              		.loc 1 286 31 is_stmt 0 view .LVU115
 288 00d0 E369     		ldr	r3, [r4, #28]
 286:Middlewares/ST/usbx/common/core/src/ux_device_stack_interface_set.c ****             {
 289              		.loc 1 286 16 view .LVU116
 290 00d2 8BB9     		cbnz	r3, .L18
 289:Middlewares/ST/usbx/common/core/src/ux_device_stack_interface_set.c ****             }
 291              		.loc 1 289 17 is_stmt 1 view .LVU117
 289:Middlewares/ST/usbx/common/core/src/ux_device_stack_interface_set.c ****             }
 292              		.loc 1 289 68 is_stmt 0 view .LVU118
 293 00d4 E561     		str	r5, [r4, #28]
 294 00d6 CBE7     		b	.L11
 295              	.LVL34:
 296              	.L25:
 226:Middlewares/ST/usbx/common/core/src/ux_device_stack_interface_set.c **** 
 297              		.loc 1 226 23 view .LVU119
 298 00d8 1220     		movs	r0, #18
 299 00da 16E0     		b	.L1
 300              	.LVL35:
 301              	.L27:
 245:Middlewares/ST/usbx/common/core/src/ux_device_stack_interface_set.c ****             {
 302              		.loc 1 245 58 view .LVU120
 303 00dc E97B     		ldrb	r1, [r5, #15]	@ zero_extendqisi2
 244:Middlewares/ST/usbx/common/core/src/ux_device_stack_interface_set.c ****                 (endpoint -> ux_slave_endpoint_descriptor.bmAttributes & 0x1u))
 304              		.loc 1 244 85 discriminator 1 view .LVU121
 305 00de 11F0010F 		tst	r1, #1
 306 00e2 E8D0     		beq	.L15
ARM GAS  C:\usertemp\ccEGF9Xi.s 			page 13


 247:Middlewares/ST/usbx/common/core/src/ux_device_stack_interface_set.c ****                                             UX_MAX_NUMBER_OF_TRANSACTIONS_MASK;
 307              		.loc 1 247 17 is_stmt 1 view .LVU122
 308              	.LVL36:
 249:Middlewares/ST/usbx/common/core/src/ux_device_stack_interface_set.c ****                 {
 309              		.loc 1 249 17 view .LVU123
 249:Middlewares/ST/usbx/common/core/src/ux_device_stack_interface_set.c ****                 {
 310              		.loc 1 249 20 is_stmt 0 view .LVU124
 311 00e4 13F4C053 		ands	r3, r3, #6144
 312              	.LVL37:
 249:Middlewares/ST/usbx/common/core/src/ux_device_stack_interface_set.c ****                 {
 313              		.loc 1 249 20 view .LVU125
 314 00e8 E5D0     		beq	.L15
 251:Middlewares/ST/usbx/common/core/src/ux_device_stack_interface_set.c ****                     n_trans ++;
 315              		.loc 1 251 21 is_stmt 1 view .LVU126
 251:Middlewares/ST/usbx/common/core/src/ux_device_stack_interface_set.c ****                     n_trans ++;
 316              		.loc 1 251 29 is_stmt 0 view .LVU127
 317 00ea DB0A     		lsrs	r3, r3, #11
 318              	.LVL38:
 252:Middlewares/ST/usbx/common/core/src/ux_device_stack_interface_set.c ****                     max_transfer_length *= n_trans;
 319              		.loc 1 252 21 is_stmt 1 view .LVU128
 253:Middlewares/ST/usbx/common/core/src/ux_device_stack_interface_set.c ****                 }
 320              		.loc 1 253 21 view .LVU129
 253:Middlewares/ST/usbx/common/core/src/ux_device_stack_interface_set.c ****                 }
 321              		.loc 1 253 41 is_stmt 0 view .LVU130
 322 00ec 03FB0222 		mla	r2, r3, r2, r2
 323              	.LVL39:
 253:Middlewares/ST/usbx/common/core/src/ux_device_stack_interface_set.c ****                 }
 324              		.loc 1 253 41 view .LVU131
 325 00f0 E1E7     		b	.L15
 326              	.LVL40:
 327              	.L28:
 281:Middlewares/ST/usbx/common/core/src/ux_device_stack_interface_set.c ****                 return(status);
 328              		.loc 1 281 17 is_stmt 1 view .LVU132
 281:Middlewares/ST/usbx/common/core/src/ux_device_stack_interface_set.c ****                 return(status);
 329              		.loc 1 281 54 is_stmt 0 view .LVU133
 330 00f2 0023     		movs	r3, #0
 331 00f4 2B60     		str	r3, [r5]
 282:Middlewares/ST/usbx/common/core/src/ux_device_stack_interface_set.c ****             }
 332              		.loc 1 282 17 is_stmt 1 view .LVU134
 282:Middlewares/ST/usbx/common/core/src/ux_device_stack_interface_set.c ****             }
 333              		.loc 1 282 23 is_stmt 0 view .LVU135
 334 00f6 08E0     		b	.L1
 335              	.L18:
 336              	.LVL41:
 295:Middlewares/ST/usbx/common/core/src/ux_device_stack_interface_set.c ****                     endpoint_link =  endpoint_link -> ux_slave_endpoint_next_endpoint;
 337              		.loc 1 295 73 is_stmt 1 view .LVU136
 338 00f8 1A46     		mov	r2, r3
 295:Middlewares/ST/usbx/common/core/src/ux_device_stack_interface_set.c ****                     endpoint_link =  endpoint_link -> ux_slave_endpoint_next_endpoint;
 339              		.loc 1 295 38 is_stmt 0 view .LVU137
 340 00fa 5B69     		ldr	r3, [r3, #20]
 341              	.LVL42:
 295:Middlewares/ST/usbx/common/core/src/ux_device_stack_interface_set.c ****                     endpoint_link =  endpoint_link -> ux_slave_endpoint_next_endpoint;
 342              		.loc 1 295 73 view .LVU138
 343 00fc 002B     		cmp	r3, #0
 344 00fe FBD1     		bne	.L18
 297:Middlewares/ST/usbx/common/core/src/ux_device_stack_interface_set.c ****             }
 345              		.loc 1 297 17 is_stmt 1 view .LVU139
ARM GAS  C:\usertemp\ccEGF9Xi.s 			page 14


 297:Middlewares/ST/usbx/common/core/src/ux_device_stack_interface_set.c ****             }
 346              		.loc 1 297 66 is_stmt 0 view .LVU140
 347 0100 5561     		str	r5, [r2, #20]
 348 0102 B5E7     		b	.L11
 349              	.LVL43:
 350              	.L9:
 307:Middlewares/ST/usbx/common/core/src/ux_device_stack_interface_set.c **** 
 351              		.loc 1 307 13 is_stmt 1 view .LVU141
 307:Middlewares/ST/usbx/common/core/src/ux_device_stack_interface_set.c **** 
 352              		.loc 1 307 23 is_stmt 0 view .LVU142
 353 0104 2046     		mov	r0, r4
 354 0106 FFF7FEFF 		bl	_ux_device_stack_interface_start
 355              	.LVL44:
 310:Middlewares/ST/usbx/common/core/src/ux_device_stack_interface_set.c **** 
 356              		.loc 1 310 13 is_stmt 1 view .LVU143
 357              	.L1:
 321:Middlewares/ST/usbx/common/core/src/ux_device_stack_interface_set.c ****     }
 322:Middlewares/ST/usbx/common/core/src/ux_device_stack_interface_set.c **** 
 323:Middlewares/ST/usbx/common/core/src/ux_device_stack_interface_set.c ****     /* The interface attached to this configuration must be started at the class
 324:Middlewares/ST/usbx/common/core/src/ux_device_stack_interface_set.c ****        level.  */
 325:Middlewares/ST/usbx/common/core/src/ux_device_stack_interface_set.c ****     status =  _ux_device_stack_interface_start(interface_ptr);
 326:Middlewares/ST/usbx/common/core/src/ux_device_stack_interface_set.c **** 
 327:Middlewares/ST/usbx/common/core/src/ux_device_stack_interface_set.c ****     /* Return the status to the caller.  */
 328:Middlewares/ST/usbx/common/core/src/ux_device_stack_interface_set.c ****     return(status);
 329:Middlewares/ST/usbx/common/core/src/ux_device_stack_interface_set.c **** }
 358              		.loc 1 329 1 is_stmt 0 view .LVU144
 359 010a BDE8F087 		pop	{r4, r5, r6, r7, r8, r9, r10, pc}
 360              	.LVL45:
 361              	.L24:
 325:Middlewares/ST/usbx/common/core/src/ux_device_stack_interface_set.c **** 
 362              		.loc 1 325 5 is_stmt 1 view .LVU145
 325:Middlewares/ST/usbx/common/core/src/ux_device_stack_interface_set.c **** 
 363              		.loc 1 325 15 is_stmt 0 view .LVU146
 364 010e 2046     		mov	r0, r4
 365 0110 FFF7FEFF 		bl	_ux_device_stack_interface_start
 366              	.LVL46:
 328:Middlewares/ST/usbx/common/core/src/ux_device_stack_interface_set.c **** }
 367              		.loc 1 328 5 is_stmt 1 view .LVU147
 328:Middlewares/ST/usbx/common/core/src/ux_device_stack_interface_set.c **** }
 368              		.loc 1 328 11 is_stmt 0 view .LVU148
 369 0114 F9E7     		b	.L1
 370              	.LVL47:
 371              	.L20:
 140:Middlewares/ST/usbx/common/core/src/ux_device_stack_interface_set.c **** #else
 372              		.loc 1 140 15 view .LVU149
 373 0116 1220     		movs	r0, #18
 374              	.LVL48:
 140:Middlewares/ST/usbx/common/core/src/ux_device_stack_interface_set.c **** #else
 375              		.loc 1 140 15 view .LVU150
 376 0118 F7E7     		b	.L1
 377              	.L30:
 378 011a 00BF     		.align	2
 379              	.L29:
 380 011c 00000000 		.word	_ux_system_slave
 381 0120 00000000 		.word	_ux_system_interface_descriptor_structure
 382 0124 00000000 		.word	_ux_system_endpoint_descriptor_structure
 383              		.cfi_endproc
ARM GAS  C:\usertemp\ccEGF9Xi.s 			page 15


 384              	.LFE11:
 386              		.text
 387              	.Letext0:
 388              		.file 2 "Middlewares/ST/threadx/ports/cortex_m33/gnu/inc/tx_port.h"
 389              		.file 3 "Middlewares/ST/threadx/common/inc/tx_api.h"
 390              		.file 4 "Middlewares/ST/usbx/common/core/inc/ux_api.h"
 391              		.file 5 "Middlewares/ST/usbx/common/core/inc/ux_system.h"
 392              		.file 6 "Middlewares/ST/usbx/common/core/inc/ux_device_stack.h"
 393              		.file 7 "Middlewares/ST/usbx/common/core/inc/ux_utility.h"
ARM GAS  C:\usertemp\ccEGF9Xi.s 			page 16


DEFINED SYMBOLS
                            *ABS*:00000000 ux_device_stack_interface_set.c
C:\usertemp\ccEGF9Xi.s:22     .text._ux_device_stack_interface_set:00000000 $t
C:\usertemp\ccEGF9Xi.s:28     .text._ux_device_stack_interface_set:00000000 _ux_device_stack_interface_set
C:\usertemp\ccEGF9Xi.s:380    .text._ux_device_stack_interface_set:0000011c $d

UNDEFINED SYMBOLS
_ux_utility_descriptor_parse
_ux_device_stack_interface_start
_ux_system_slave
_ux_system_interface_descriptor_structure
_ux_system_endpoint_descriptor_structure
