ARM GAS  C:\usertemp\cceUGsSe.s 			page 1


   1              		.cpu cortex-m33
   2              		.arch armv8-m.main
   3              		.fpu fpv4-sp-d16
   4              		.arch_extension dsp
   5              		.eabi_attribute 27, 1
   6              		.eabi_attribute 28, 1
   7              		.eabi_attribute 20, 1
   8              		.eabi_attribute 21, 1
   9              		.eabi_attribute 23, 3
  10              		.eabi_attribute 24, 1
  11              		.eabi_attribute 25, 1
  12              		.eabi_attribute 26, 1
  13              		.eabi_attribute 30, 1
  14              		.eabi_attribute 34, 1
  15              		.eabi_attribute 18, 4
  16              		.file	"ux_device_class_hid_report_get.c"
  17              		.text
  18              	.Ltext0:
  19              		.cfi_sections	.debug_frame
  20              		.file 1 "Middlewares/ST/usbx/common/usbx_device_classes/src/ux_device_class_hid_report_get.c"
  21              		.section	.text._ux_device_class_hid_report_get,"ax",%progbits
  22              		.align	1
  23              		.global	_ux_device_class_hid_report_get
  24              		.syntax unified
  25              		.thumb
  26              		.thumb_func
  28              	_ux_device_class_hid_report_get:
  29              	.LVL0:
  30              	.LFB11:
   1:Middlewares/ST/usbx/common/usbx_device_classes/src/ux_device_class_hid_report_get.c **** /**************************************************************************/
   2:Middlewares/ST/usbx/common/usbx_device_classes/src/ux_device_class_hid_report_get.c **** /*                                                                        */
   3:Middlewares/ST/usbx/common/usbx_device_classes/src/ux_device_class_hid_report_get.c **** /*       Copyright (c) Microsoft Corporation. All rights reserved.        */
   4:Middlewares/ST/usbx/common/usbx_device_classes/src/ux_device_class_hid_report_get.c **** /*                                                                        */
   5:Middlewares/ST/usbx/common/usbx_device_classes/src/ux_device_class_hid_report_get.c **** /*       This software is licensed under the Microsoft Software License   */
   6:Middlewares/ST/usbx/common/usbx_device_classes/src/ux_device_class_hid_report_get.c **** /*       Terms for Microsoft Azure RTOS. Full text of the license can be  */
   7:Middlewares/ST/usbx/common/usbx_device_classes/src/ux_device_class_hid_report_get.c **** /*       found in the LICENSE file at https://aka.ms/AzureRTOS_EULA       */
   8:Middlewares/ST/usbx/common/usbx_device_classes/src/ux_device_class_hid_report_get.c **** /*       and in the root directory of this software.                      */
   9:Middlewares/ST/usbx/common/usbx_device_classes/src/ux_device_class_hid_report_get.c **** /*                                                                        */
  10:Middlewares/ST/usbx/common/usbx_device_classes/src/ux_device_class_hid_report_get.c **** /**************************************************************************/
  11:Middlewares/ST/usbx/common/usbx_device_classes/src/ux_device_class_hid_report_get.c **** 
  12:Middlewares/ST/usbx/common/usbx_device_classes/src/ux_device_class_hid_report_get.c **** 
  13:Middlewares/ST/usbx/common/usbx_device_classes/src/ux_device_class_hid_report_get.c **** /**************************************************************************/
  14:Middlewares/ST/usbx/common/usbx_device_classes/src/ux_device_class_hid_report_get.c **** /**************************************************************************/
  15:Middlewares/ST/usbx/common/usbx_device_classes/src/ux_device_class_hid_report_get.c **** /**                                                                       */ 
  16:Middlewares/ST/usbx/common/usbx_device_classes/src/ux_device_class_hid_report_get.c **** /** USBX Component                                                        */ 
  17:Middlewares/ST/usbx/common/usbx_device_classes/src/ux_device_class_hid_report_get.c **** /**                                                                       */
  18:Middlewares/ST/usbx/common/usbx_device_classes/src/ux_device_class_hid_report_get.c **** /**   Device HID Class                                                    */
  19:Middlewares/ST/usbx/common/usbx_device_classes/src/ux_device_class_hid_report_get.c **** /**                                                                       */
  20:Middlewares/ST/usbx/common/usbx_device_classes/src/ux_device_class_hid_report_get.c **** /**************************************************************************/
  21:Middlewares/ST/usbx/common/usbx_device_classes/src/ux_device_class_hid_report_get.c **** /**************************************************************************/
  22:Middlewares/ST/usbx/common/usbx_device_classes/src/ux_device_class_hid_report_get.c **** 
  23:Middlewares/ST/usbx/common/usbx_device_classes/src/ux_device_class_hid_report_get.c **** #define UX_SOURCE_CODE
  24:Middlewares/ST/usbx/common/usbx_device_classes/src/ux_device_class_hid_report_get.c **** 
  25:Middlewares/ST/usbx/common/usbx_device_classes/src/ux_device_class_hid_report_get.c **** 
  26:Middlewares/ST/usbx/common/usbx_device_classes/src/ux_device_class_hid_report_get.c **** /* Include necessary system files.  */
  27:Middlewares/ST/usbx/common/usbx_device_classes/src/ux_device_class_hid_report_get.c **** 
  28:Middlewares/ST/usbx/common/usbx_device_classes/src/ux_device_class_hid_report_get.c **** #include "ux_api.h"
ARM GAS  C:\usertemp\cceUGsSe.s 			page 2


  29:Middlewares/ST/usbx/common/usbx_device_classes/src/ux_device_class_hid_report_get.c **** #include "ux_device_class_hid.h"
  30:Middlewares/ST/usbx/common/usbx_device_classes/src/ux_device_class_hid_report_get.c **** #include "ux_device_stack.h"
  31:Middlewares/ST/usbx/common/usbx_device_classes/src/ux_device_class_hid_report_get.c **** 
  32:Middlewares/ST/usbx/common/usbx_device_classes/src/ux_device_class_hid_report_get.c **** 
  33:Middlewares/ST/usbx/common/usbx_device_classes/src/ux_device_class_hid_report_get.c **** /**************************************************************************/
  34:Middlewares/ST/usbx/common/usbx_device_classes/src/ux_device_class_hid_report_get.c **** /*                                                                        */
  35:Middlewares/ST/usbx/common/usbx_device_classes/src/ux_device_class_hid_report_get.c **** /*  FUNCTION                                               RELEASE        */
  36:Middlewares/ST/usbx/common/usbx_device_classes/src/ux_device_class_hid_report_get.c **** /*                                                                        */
  37:Middlewares/ST/usbx/common/usbx_device_classes/src/ux_device_class_hid_report_get.c **** /*    _ux_device_class_hid_report_get                     PORTABLE C      */
  38:Middlewares/ST/usbx/common/usbx_device_classes/src/ux_device_class_hid_report_get.c **** /*                                                           6.3.0        */
  39:Middlewares/ST/usbx/common/usbx_device_classes/src/ux_device_class_hid_report_get.c **** /*  AUTHOR                                                                */
  40:Middlewares/ST/usbx/common/usbx_device_classes/src/ux_device_class_hid_report_get.c **** /*                                                                        */
  41:Middlewares/ST/usbx/common/usbx_device_classes/src/ux_device_class_hid_report_get.c **** /*    Chaoqiong Xiao, Microsoft Corporation                               */
  42:Middlewares/ST/usbx/common/usbx_device_classes/src/ux_device_class_hid_report_get.c **** /*                                                                        */
  43:Middlewares/ST/usbx/common/usbx_device_classes/src/ux_device_class_hid_report_get.c **** /*  DESCRIPTION                                                           */
  44:Middlewares/ST/usbx/common/usbx_device_classes/src/ux_device_class_hid_report_get.c **** /*                                                                        */
  45:Middlewares/ST/usbx/common/usbx_device_classes/src/ux_device_class_hid_report_get.c **** /*    This function returns a report to the host.                         */
  46:Middlewares/ST/usbx/common/usbx_device_classes/src/ux_device_class_hid_report_get.c **** /*                                                                        */
  47:Middlewares/ST/usbx/common/usbx_device_classes/src/ux_device_class_hid_report_get.c **** /*  INPUT                                                                 */
  48:Middlewares/ST/usbx/common/usbx_device_classes/src/ux_device_class_hid_report_get.c **** /*                                                                        */
  49:Middlewares/ST/usbx/common/usbx_device_classes/src/ux_device_class_hid_report_get.c **** /*    hid                                   Pointer to hid instance       */
  50:Middlewares/ST/usbx/common/usbx_device_classes/src/ux_device_class_hid_report_get.c **** /*    descriptor_type                       Descriptor type               */
  51:Middlewares/ST/usbx/common/usbx_device_classes/src/ux_device_class_hid_report_get.c **** /*    descriptor_index                      Index of descriptor           */
  52:Middlewares/ST/usbx/common/usbx_device_classes/src/ux_device_class_hid_report_get.c **** /*    host_length                           Length requested by host      */
  53:Middlewares/ST/usbx/common/usbx_device_classes/src/ux_device_class_hid_report_get.c **** /*                                                                        */
  54:Middlewares/ST/usbx/common/usbx_device_classes/src/ux_device_class_hid_report_get.c **** /*  OUTPUT                                                                */
  55:Middlewares/ST/usbx/common/usbx_device_classes/src/ux_device_class_hid_report_get.c **** /*                                                                        */
  56:Middlewares/ST/usbx/common/usbx_device_classes/src/ux_device_class_hid_report_get.c **** /*    Completion Status                                                   */ 
  57:Middlewares/ST/usbx/common/usbx_device_classes/src/ux_device_class_hid_report_get.c **** /*                                                                        */
  58:Middlewares/ST/usbx/common/usbx_device_classes/src/ux_device_class_hid_report_get.c **** /*  CALLS                                                                 */ 
  59:Middlewares/ST/usbx/common/usbx_device_classes/src/ux_device_class_hid_report_get.c **** /*                                                                        */ 
  60:Middlewares/ST/usbx/common/usbx_device_classes/src/ux_device_class_hid_report_get.c **** /*    _ux_device_class_hid_event_get        Get HID event                 */
  61:Middlewares/ST/usbx/common/usbx_device_classes/src/ux_device_class_hid_report_get.c **** /*    _ux_device_stack_transfer_request     Process transfer request      */
  62:Middlewares/ST/usbx/common/usbx_device_classes/src/ux_device_class_hid_report_get.c **** /*    _ux_utility_memory_set                Set memory                    */
  63:Middlewares/ST/usbx/common/usbx_device_classes/src/ux_device_class_hid_report_get.c **** /*    _ux_utility_memory_copy               Copy memory                   */
  64:Middlewares/ST/usbx/common/usbx_device_classes/src/ux_device_class_hid_report_get.c **** /*                                                                        */ 
  65:Middlewares/ST/usbx/common/usbx_device_classes/src/ux_device_class_hid_report_get.c **** /*  CALLED BY                                                             */ 
  66:Middlewares/ST/usbx/common/usbx_device_classes/src/ux_device_class_hid_report_get.c **** /*                                                                        */ 
  67:Middlewares/ST/usbx/common/usbx_device_classes/src/ux_device_class_hid_report_get.c **** /*    Device HID                                                          */
  68:Middlewares/ST/usbx/common/usbx_device_classes/src/ux_device_class_hid_report_get.c **** /*                                                                        */ 
  69:Middlewares/ST/usbx/common/usbx_device_classes/src/ux_device_class_hid_report_get.c **** /*  RELEASE HISTORY                                                       */ 
  70:Middlewares/ST/usbx/common/usbx_device_classes/src/ux_device_class_hid_report_get.c **** /*                                                                        */ 
  71:Middlewares/ST/usbx/common/usbx_device_classes/src/ux_device_class_hid_report_get.c **** /*    DATE              NAME                      DESCRIPTION             */ 
  72:Middlewares/ST/usbx/common/usbx_device_classes/src/ux_device_class_hid_report_get.c **** /*                                                                        */ 
  73:Middlewares/ST/usbx/common/usbx_device_classes/src/ux_device_class_hid_report_get.c **** /*  05-19-2020     Chaoqiong Xiao           Initial Version 6.0           */
  74:Middlewares/ST/usbx/common/usbx_device_classes/src/ux_device_class_hid_report_get.c **** /*  09-30-2020     Chaoqiong Xiao           Modified comment(s),          */
  75:Middlewares/ST/usbx/common/usbx_device_classes/src/ux_device_class_hid_report_get.c **** /*                                            verified memset and memcpy  */
  76:Middlewares/ST/usbx/common/usbx_device_classes/src/ux_device_class_hid_report_get.c **** /*                                            cases,                      */
  77:Middlewares/ST/usbx/common/usbx_device_classes/src/ux_device_class_hid_report_get.c **** /*                                            resulting in version 6.1    */
  78:Middlewares/ST/usbx/common/usbx_device_classes/src/ux_device_class_hid_report_get.c **** /*  10-31-2023     Chaoqiong Xiao           Modified comment(s),          */
  79:Middlewares/ST/usbx/common/usbx_device_classes/src/ux_device_class_hid_report_get.c **** /*                                            resulting in version 6.3.0  */
  80:Middlewares/ST/usbx/common/usbx_device_classes/src/ux_device_class_hid_report_get.c **** /*                                                                        */
  81:Middlewares/ST/usbx/common/usbx_device_classes/src/ux_device_class_hid_report_get.c **** /**************************************************************************/
  82:Middlewares/ST/usbx/common/usbx_device_classes/src/ux_device_class_hid_report_get.c **** UINT  _ux_device_class_hid_report_get(UX_SLAVE_CLASS_HID *hid, ULONG descriptor_type, 
  83:Middlewares/ST/usbx/common/usbx_device_classes/src/ux_device_class_hid_report_get.c ****                                             ULONG request_index, ULONG host_length)
  84:Middlewares/ST/usbx/common/usbx_device_classes/src/ux_device_class_hid_report_get.c **** {
  31              		.loc 1 84 1 view -0
ARM GAS  C:\usertemp\cceUGsSe.s 			page 3


  32              		.cfi_startproc
  33              		@ args = 0, pretend = 0, frame = 48
  34              		@ frame_needed = 0, uses_anonymous_args = 0
  35              		.loc 1 84 1 is_stmt 0 view .LVU1
  36 0000 F0B5     		push	{r4, r5, r6, r7, lr}
  37              	.LCFI0:
  38              		.cfi_def_cfa_offset 20
  39              		.cfi_offset 4, -20
  40              		.cfi_offset 5, -16
  41              		.cfi_offset 6, -12
  42              		.cfi_offset 7, -8
  43              		.cfi_offset 14, -4
  44 0002 8DB0     		sub	sp, sp, #52
  45              	.LCFI1:
  46              		.cfi_def_cfa_offset 72
  47 0004 1C46     		mov	r4, r3
  85:Middlewares/ST/usbx/common/usbx_device_classes/src/ux_device_class_hid_report_get.c **** 
  86:Middlewares/ST/usbx/common/usbx_device_classes/src/ux_device_class_hid_report_get.c **** UX_SLAVE_DEVICE                 *device;
  48              		.loc 1 86 1 is_stmt 1 view .LVU2
  87:Middlewares/ST/usbx/common/usbx_device_classes/src/ux_device_class_hid_report_get.c **** UX_SLAVE_TRANSFER               *transfer_request;
  49              		.loc 1 87 1 view .LVU3
  88:Middlewares/ST/usbx/common/usbx_device_classes/src/ux_device_class_hid_report_get.c **** UX_SLAVE_ENDPOINT               *endpoint;
  50              		.loc 1 88 1 view .LVU4
  89:Middlewares/ST/usbx/common/usbx_device_classes/src/ux_device_class_hid_report_get.c **** UCHAR                           report_id;
  51              		.loc 1 89 1 view .LVU5
  90:Middlewares/ST/usbx/common/usbx_device_classes/src/ux_device_class_hid_report_get.c **** UCHAR                           report_type;
  52              		.loc 1 90 1 view .LVU6
  91:Middlewares/ST/usbx/common/usbx_device_classes/src/ux_device_class_hid_report_get.c **** UX_SLAVE_CLASS_HID_EVENT        hid_event;
  53              		.loc 1 91 1 view .LVU7
  92:Middlewares/ST/usbx/common/usbx_device_classes/src/ux_device_class_hid_report_get.c **** ULONG                           hid_event_length;
  54              		.loc 1 92 1 view .LVU8
  93:Middlewares/ST/usbx/common/usbx_device_classes/src/ux_device_class_hid_report_get.c **** UCHAR                           *buffer;
  55              		.loc 1 93 1 view .LVU9
  94:Middlewares/ST/usbx/common/usbx_device_classes/src/ux_device_class_hid_report_get.c **** UINT                            status =  UX_ERROR;
  56              		.loc 1 94 1 view .LVU10
  57              	.LVL1:
  95:Middlewares/ST/usbx/common/usbx_device_classes/src/ux_device_class_hid_report_get.c **** 
  96:Middlewares/ST/usbx/common/usbx_device_classes/src/ux_device_class_hid_report_get.c ****     UX_PARAMETER_NOT_USED(descriptor_type);
  58              		.loc 1 96 5 view .LVU11
  97:Middlewares/ST/usbx/common/usbx_device_classes/src/ux_device_class_hid_report_get.c ****     UX_PARAMETER_NOT_USED(request_index);
  59              		.loc 1 97 5 view .LVU12
  98:Middlewares/ST/usbx/common/usbx_device_classes/src/ux_device_class_hid_report_get.c **** 
  99:Middlewares/ST/usbx/common/usbx_device_classes/src/ux_device_class_hid_report_get.c ****     /* If trace is enabled, insert this event into the trace buffer.  */
 100:Middlewares/ST/usbx/common/usbx_device_classes/src/ux_device_class_hid_report_get.c ****     UX_TRACE_IN_LINE_INSERT(UX_TRACE_DEVICE_CLASS_HID_REPORT_GET, hid, descriptor_type, request_ind
 101:Middlewares/ST/usbx/common/usbx_device_classes/src/ux_device_class_hid_report_get.c **** 
 102:Middlewares/ST/usbx/common/usbx_device_classes/src/ux_device_class_hid_report_get.c ****     /* Get the pointer to the device.  */
 103:Middlewares/ST/usbx/common/usbx_device_classes/src/ux_device_class_hid_report_get.c ****     device =  &_ux_system_slave -> ux_system_slave_device;
  60              		.loc 1 103 5 view .LVU13
  61              		.loc 1 103 33 is_stmt 0 view .LVU14
  62 0006 224B     		ldr	r3, .L13
  63              	.LVL2:
  64              		.loc 1 103 33 view .LVU15
  65 0008 1968     		ldr	r1, [r3]
  66              	.LVL3:
 104:Middlewares/ST/usbx/common/usbx_device_classes/src/ux_device_class_hid_report_get.c ****     
 105:Middlewares/ST/usbx/common/usbx_device_classes/src/ux_device_class_hid_report_get.c ****     /* Get the control endpoint associated with the device.  */
 106:Middlewares/ST/usbx/common/usbx_device_classes/src/ux_device_class_hid_report_get.c ****     endpoint =  &device -> ux_slave_device_control_endpoint;
ARM GAS  C:\usertemp\cceUGsSe.s 			page 4


  67              		.loc 1 106 5 is_stmt 1 view .LVU16
 107:Middlewares/ST/usbx/common/usbx_device_classes/src/ux_device_class_hid_report_get.c **** 
 108:Middlewares/ST/usbx/common/usbx_device_classes/src/ux_device_class_hid_report_get.c ****     /* Get the pointer to the transfer request associated with the endpoint.  */
 109:Middlewares/ST/usbx/common/usbx_device_classes/src/ux_device_class_hid_report_get.c ****     transfer_request =  &endpoint -> ux_slave_endpoint_transfer_request;
  68              		.loc 1 109 5 view .LVU17
  69              		.loc 1 109 22 is_stmt 0 view .LVU18
  70 000a 01F15806 		add	r6, r1, #88
  71              	.LVL4:
 110:Middlewares/ST/usbx/common/usbx_device_classes/src/ux_device_class_hid_report_get.c **** 
 111:Middlewares/ST/usbx/common/usbx_device_classes/src/ux_device_class_hid_report_get.c ****     /* Get report ID (wValue.lower) and report type (wValue.higher).  */
 112:Middlewares/ST/usbx/common/usbx_device_classes/src/ux_device_class_hid_report_get.c ****     report_id   = *(transfer_request -> ux_slave_transfer_request_setup + UX_SETUP_VALUE + 0);
  72              		.loc 1 112 5 is_stmt 1 view .LVU19
  73              		.loc 1 112 17 is_stmt 0 view .LVU20
  74 000e 91F8AE20 		ldrb	r2, [r1, #174]	@ zero_extendqisi2
  75              	.LVL5:
 113:Middlewares/ST/usbx/common/usbx_device_classes/src/ux_device_class_hid_report_get.c ****     report_type = *(transfer_request -> ux_slave_transfer_request_setup + UX_SETUP_VALUE + 1);
  76              		.loc 1 113 5 is_stmt 1 view .LVU21
  77              		.loc 1 113 17 is_stmt 0 view .LVU22
  78 0012 91F8AF30 		ldrb	r3, [r1, #175]	@ zero_extendqisi2
  79              	.LVL6:
 114:Middlewares/ST/usbx/common/usbx_device_classes/src/ux_device_class_hid_report_get.c **** 
 115:Middlewares/ST/usbx/common/usbx_device_classes/src/ux_device_class_hid_report_get.c ****     /* Set the direction to OUT.  */
 116:Middlewares/ST/usbx/common/usbx_device_classes/src/ux_device_class_hid_report_get.c ****     transfer_request -> ux_slave_transfer_request_phase =  UX_TRANSFER_PHASE_DATA_OUT;
  80              		.loc 1 116 5 is_stmt 1 view .LVU23
  81              		.loc 1 116 57 is_stmt 0 view .LVU24
  82 0016 0325     		movs	r5, #3
  83 0018 C1F88050 		str	r5, [r1, #128]
 117:Middlewares/ST/usbx/common/usbx_device_classes/src/ux_device_class_hid_report_get.c **** 
 118:Middlewares/ST/usbx/common/usbx_device_classes/src/ux_device_class_hid_report_get.c ****     /* Prepare the event data payload from the hid event structure.  Get a pointer to the buffer ar
 119:Middlewares/ST/usbx/common/usbx_device_classes/src/ux_device_class_hid_report_get.c ****     buffer =  transfer_request -> ux_slave_transfer_request_data_pointer;
  84              		.loc 1 119 5 is_stmt 1 view .LVU25
  85              		.loc 1 119 12 is_stmt 0 view .LVU26
  86 001c 4F6E     		ldr	r7, [r1, #100]
  87              	.LVL7:
 120:Middlewares/ST/usbx/common/usbx_device_classes/src/ux_device_class_hid_report_get.c **** 
 121:Middlewares/ST/usbx/common/usbx_device_classes/src/ux_device_class_hid_report_get.c ****     /* Initialize event fields.  */
 122:Middlewares/ST/usbx/common/usbx_device_classes/src/ux_device_class_hid_report_get.c ****     hid_event.ux_device_class_hid_event_report_id   = report_id;
  88              		.loc 1 122 5 is_stmt 1 view .LVU27
  89              		.loc 1 122 53 is_stmt 0 view .LVU28
  90 001e 0192     		str	r2, [sp, #4]
 123:Middlewares/ST/usbx/common/usbx_device_classes/src/ux_device_class_hid_report_get.c ****     hid_event.ux_device_class_hid_event_report_type = report_type;
  91              		.loc 1 123 5 is_stmt 1 view .LVU29
  92              		.loc 1 123 53 is_stmt 0 view .LVU30
  93 0020 0293     		str	r3, [sp, #8]
 124:Middlewares/ST/usbx/common/usbx_device_classes/src/ux_device_class_hid_report_get.c ****     hid_event.ux_device_class_hid_event_length      = UX_DEVICE_CLASS_HID_EVENT_BUFFER_LENGTH;
  94              		.loc 1 124 5 is_stmt 1 view .LVU31
  95              		.loc 1 124 53 is_stmt 0 view .LVU32
  96 0022 2022     		movs	r2, #32
  97 0024 0392     		str	r2, [sp, #12]
 125:Middlewares/ST/usbx/common/usbx_device_classes/src/ux_device_class_hid_report_get.c **** 
 126:Middlewares/ST/usbx/common/usbx_device_classes/src/ux_device_class_hid_report_get.c ****     /* If it's input report without ID try to get it from event queue head.  */
 127:Middlewares/ST/usbx/common/usbx_device_classes/src/ux_device_class_hid_report_get.c ****     if (report_type == UX_DEVICE_CLASS_HID_REPORT_TYPE_INPUT &&
  98              		.loc 1 127 5 is_stmt 1 view .LVU33
  99              		.loc 1 127 8 is_stmt 0 view .LVU34
 100 0026 012B     		cmp	r3, #1
 101 0028 18D0     		beq	.L12
 102              	.LVL8:
ARM GAS  C:\usertemp\cceUGsSe.s 			page 5


 103              	.L2:
 128:Middlewares/ST/usbx/common/usbx_device_classes/src/ux_device_class_hid_report_get.c ****         hid -> ux_device_class_hid_report_id != UX_TRUE)
 129:Middlewares/ST/usbx/common/usbx_device_classes/src/ux_device_class_hid_report_get.c **** 
 130:Middlewares/ST/usbx/common/usbx_device_classes/src/ux_device_class_hid_report_get.c ****         /* Check if we have an event to report.  */
 131:Middlewares/ST/usbx/common/usbx_device_classes/src/ux_device_class_hid_report_get.c ****         status = _ux_device_class_hid_event_get(hid, &hid_event);
 132:Middlewares/ST/usbx/common/usbx_device_classes/src/ux_device_class_hid_report_get.c **** 
 133:Middlewares/ST/usbx/common/usbx_device_classes/src/ux_device_class_hid_report_get.c ****     /* Try to get event from application callback.  */
 134:Middlewares/ST/usbx/common/usbx_device_classes/src/ux_device_class_hid_report_get.c ****     else
 135:Middlewares/ST/usbx/common/usbx_device_classes/src/ux_device_class_hid_report_get.c ****     {
 136:Middlewares/ST/usbx/common/usbx_device_classes/src/ux_device_class_hid_report_get.c ****         
 137:Middlewares/ST/usbx/common/usbx_device_classes/src/ux_device_class_hid_report_get.c ****         /* Let application fill event.  */
 138:Middlewares/ST/usbx/common/usbx_device_classes/src/ux_device_class_hid_report_get.c ****         if (hid -> ux_device_class_hid_get_callback != UX_NULL)
 104              		.loc 1 138 9 is_stmt 1 view .LVU35
 105              		.loc 1 138 17 is_stmt 0 view .LVU36
 106 002a 0369     		ldr	r3, [r0, #16]
 107              		.loc 1 138 12 view .LVU37
 108 002c EBB1     		cbz	r3, .L4
 139:Middlewares/ST/usbx/common/usbx_device_classes/src/ux_device_class_hid_report_get.c ****             status = hid -> ux_device_class_hid_get_callback(hid, &hid_event);
 109              		.loc 1 139 13 is_stmt 1 view .LVU38
 110              		.loc 1 139 22 is_stmt 0 view .LVU39
 111 002e 01A9     		add	r1, sp, #4
 112              	.LVL9:
 113              		.loc 1 139 22 view .LVU40
 114 0030 9847     		blx	r3
 115              	.LVL10:
 116              	.L3:
 140:Middlewares/ST/usbx/common/usbx_device_classes/src/ux_device_class_hid_report_get.c ****     }
 141:Middlewares/ST/usbx/common/usbx_device_classes/src/ux_device_class_hid_report_get.c **** 
 142:Middlewares/ST/usbx/common/usbx_device_classes/src/ux_device_class_hid_report_get.c ****     if (status == UX_SUCCESS)
 117              		.loc 1 142 5 is_stmt 1 view .LVU41
 118              		.loc 1 142 8 is_stmt 0 view .LVU42
 119 0032 D0B9     		cbnz	r0, .L4
 143:Middlewares/ST/usbx/common/usbx_device_classes/src/ux_device_class_hid_report_get.c ****     {
 144:Middlewares/ST/usbx/common/usbx_device_classes/src/ux_device_class_hid_report_get.c **** 
 145:Middlewares/ST/usbx/common/usbx_device_classes/src/ux_device_class_hid_report_get.c ****         /* Get the length to send back to the host.  */
 146:Middlewares/ST/usbx/common/usbx_device_classes/src/ux_device_class_hid_report_get.c ****         if (host_length < hid_event.ux_device_class_hid_event_length)
 120              		.loc 1 146 9 is_stmt 1 view .LVU43
 121              		.loc 1 146 36 is_stmt 0 view .LVU44
 122 0034 039D     		ldr	r5, [sp, #12]
 123              		.loc 1 146 12 view .LVU45
 124 0036 A542     		cmp	r5, r4
 125 0038 00D9     		bls	.L5
 147:Middlewares/ST/usbx/common/usbx_device_classes/src/ux_device_class_hid_report_get.c ****             hid_event_length =  host_length;
 126              		.loc 1 147 30 view .LVU46
 127 003a 2546     		mov	r5, r4
 128              	.L5:
 129              	.LVL11:
 148:Middlewares/ST/usbx/common/usbx_device_classes/src/ux_device_class_hid_report_get.c ****         else
 149:Middlewares/ST/usbx/common/usbx_device_classes/src/ux_device_class_hid_report_get.c ****             hid_event_length =  hid_event.ux_device_class_hid_event_length;
 150:Middlewares/ST/usbx/common/usbx_device_classes/src/ux_device_class_hid_report_get.c ****         if (hid_event_length > UX_SLAVE_REQUEST_CONTROL_MAX_LENGTH)
 130              		.loc 1 150 9 is_stmt 1 view .LVU47
 131              		.loc 1 150 12 is_stmt 0 view .LVU48
 132 003c B5F5807F 		cmp	r5, #256
 133 0040 01D9     		bls	.L6
 151:Middlewares/ST/usbx/common/usbx_device_classes/src/ux_device_class_hid_report_get.c ****             hid_event_length = UX_SLAVE_REQUEST_CONTROL_MAX_LENGTH;
 134              		.loc 1 151 30 view .LVU49
 135 0042 4FF48075 		mov	r5, #256
ARM GAS  C:\usertemp\cceUGsSe.s 			page 6


 136              	.LVL12:
 137              	.L6:
 152:Middlewares/ST/usbx/common/usbx_device_classes/src/ux_device_class_hid_report_get.c **** 
 153:Middlewares/ST/usbx/common/usbx_device_classes/src/ux_device_class_hid_report_get.c ****         /* First reset it.  */
 154:Middlewares/ST/usbx/common/usbx_device_classes/src/ux_device_class_hid_report_get.c ****         _ux_utility_memory_set(buffer, 0, hid_event_length); /* Use case of memset is verified. */
 138              		.loc 1 154 9 is_stmt 1 view .LVU50
 139 0046 2A46     		mov	r2, r5
 140 0048 0021     		movs	r1, #0
 141 004a 3846     		mov	r0, r7
 142              	.LVL13:
 143              		.loc 1 154 9 is_stmt 0 view .LVU51
 144 004c FFF7FEFF 		bl	_ux_utility_memory_set
 145              	.LVL14:
 155:Middlewares/ST/usbx/common/usbx_device_classes/src/ux_device_class_hid_report_get.c **** 
 156:Middlewares/ST/usbx/common/usbx_device_classes/src/ux_device_class_hid_report_get.c ****         /* Copy the event buffer into the target buffer.  */
 157:Middlewares/ST/usbx/common/usbx_device_classes/src/ux_device_class_hid_report_get.c ****         _ux_utility_memory_copy(buffer, hid_event.ux_device_class_hid_event_buffer, hid_event_lengt
 146              		.loc 1 157 9 is_stmt 1 view .LVU52
 147 0050 2A46     		mov	r2, r5
 148 0052 04A9     		add	r1, sp, #16
 149 0054 3846     		mov	r0, r7
 150 0056 FFF7FEFF 		bl	_ux_utility_memory_copy
 151              	.LVL15:
 152 005a 0EE0     		b	.L7
 153              	.LVL16:
 154              	.L12:
 128:Middlewares/ST/usbx/common/usbx_device_classes/src/ux_device_class_hid_report_get.c **** 
 155              		.loc 1 128 13 is_stmt 0 view .LVU53
 156 005c 036A     		ldr	r3, [r0, #32]
 157              	.LVL17:
 127:Middlewares/ST/usbx/common/usbx_device_classes/src/ux_device_class_hid_report_get.c ****         hid -> ux_device_class_hid_report_id != UX_TRUE)
 158              		.loc 1 127 62 discriminator 1 view .LVU54
 159 005e 012B     		cmp	r3, #1
 160 0060 E3D0     		beq	.L2
 131:Middlewares/ST/usbx/common/usbx_device_classes/src/ux_device_class_hid_report_get.c **** 
 161              		.loc 1 131 9 is_stmt 1 view .LVU55
 131:Middlewares/ST/usbx/common/usbx_device_classes/src/ux_device_class_hid_report_get.c **** 
 162              		.loc 1 131 18 is_stmt 0 view .LVU56
 163 0062 01A9     		add	r1, sp, #4
 164              	.LVL18:
 131:Middlewares/ST/usbx/common/usbx_device_classes/src/ux_device_class_hid_report_get.c **** 
 165              		.loc 1 131 18 view .LVU57
 166 0064 FFF7FEFF 		bl	_ux_device_class_hid_event_get
 167              	.LVL19:
 131:Middlewares/ST/usbx/common/usbx_device_classes/src/ux_device_class_hid_report_get.c **** 
 168              		.loc 1 131 16 view .LVU58
 169 0068 E3E7     		b	.L3
 170              	.LVL20:
 171              	.L4:
 158:Middlewares/ST/usbx/common/usbx_device_classes/src/ux_device_class_hid_report_get.c ****     }
 159:Middlewares/ST/usbx/common/usbx_device_classes/src/ux_device_class_hid_report_get.c ****     else
 160:Middlewares/ST/usbx/common/usbx_device_classes/src/ux_device_class_hid_report_get.c ****     {
 161:Middlewares/ST/usbx/common/usbx_device_classes/src/ux_device_class_hid_report_get.c **** 
 162:Middlewares/ST/usbx/common/usbx_device_classes/src/ux_device_class_hid_report_get.c ****         /* There's no event, so send back zero'd memory.  */
 163:Middlewares/ST/usbx/common/usbx_device_classes/src/ux_device_class_hid_report_get.c **** 
 164:Middlewares/ST/usbx/common/usbx_device_classes/src/ux_device_class_hid_report_get.c ****         /* Get the length to send back to the host.  */
 165:Middlewares/ST/usbx/common/usbx_device_classes/src/ux_device_class_hid_report_get.c ****         if (host_length < UX_SLAVE_REQUEST_CONTROL_MAX_LENGTH)
 172              		.loc 1 165 9 is_stmt 1 view .LVU59
ARM GAS  C:\usertemp\cceUGsSe.s 			page 7


 173              		.loc 1 165 12 is_stmt 0 view .LVU60
 174 006a FF2C     		cmp	r4, #255
 175 006c 0CD8     		bhi	.L10
 166:Middlewares/ST/usbx/common/usbx_device_classes/src/ux_device_class_hid_report_get.c ****             hid_event_length =  host_length;
 176              		.loc 1 166 30 view .LVU61
 177 006e 2546     		mov	r5, r4
 178              	.L8:
 179              	.LVL21:
 167:Middlewares/ST/usbx/common/usbx_device_classes/src/ux_device_class_hid_report_get.c ****         else
 168:Middlewares/ST/usbx/common/usbx_device_classes/src/ux_device_class_hid_report_get.c ****             hid_event_length =  UX_SLAVE_REQUEST_CONTROL_MAX_LENGTH;
 169:Middlewares/ST/usbx/common/usbx_device_classes/src/ux_device_class_hid_report_get.c **** 
 170:Middlewares/ST/usbx/common/usbx_device_classes/src/ux_device_class_hid_report_get.c ****         /* Reset it.  */
 171:Middlewares/ST/usbx/common/usbx_device_classes/src/ux_device_class_hid_report_get.c ****         _ux_utility_memory_set(buffer, 0, hid_event_length); /* Use case of memset is verified. */
 180              		.loc 1 171 9 is_stmt 1 view .LVU62
 181 0070 2A46     		mov	r2, r5
 182 0072 0021     		movs	r1, #0
 183 0074 3846     		mov	r0, r7
 184 0076 FFF7FEFF 		bl	_ux_utility_memory_set
 185              	.LVL22:
 186              	.L7:
 172:Middlewares/ST/usbx/common/usbx_device_classes/src/ux_device_class_hid_report_get.c ****     }
 173:Middlewares/ST/usbx/common/usbx_device_classes/src/ux_device_class_hid_report_get.c **** 
 174:Middlewares/ST/usbx/common/usbx_device_classes/src/ux_device_class_hid_report_get.c ****     /* We can send the report.  */
 175:Middlewares/ST/usbx/common/usbx_device_classes/src/ux_device_class_hid_report_get.c ****     status =  _ux_device_stack_transfer_request(transfer_request, hid_event_length, host_length);
 187              		.loc 1 175 5 view .LVU63
 188              		.loc 1 175 15 is_stmt 0 view .LVU64
 189 007a 2246     		mov	r2, r4
 190 007c 2946     		mov	r1, r5
 191 007e 3046     		mov	r0, r6
 192 0080 FFF7FEFF 		bl	_ux_device_stack_transfer_request
 193              	.LVL23:
 176:Middlewares/ST/usbx/common/usbx_device_classes/src/ux_device_class_hid_report_get.c **** 
 177:Middlewares/ST/usbx/common/usbx_device_classes/src/ux_device_class_hid_report_get.c ****     /* Return the status to the caller.  */
 178:Middlewares/ST/usbx/common/usbx_device_classes/src/ux_device_class_hid_report_get.c ****     return(status);
 194              		.loc 1 178 5 is_stmt 1 view .LVU65
 179:Middlewares/ST/usbx/common/usbx_device_classes/src/ux_device_class_hid_report_get.c **** }
 195              		.loc 1 179 1 is_stmt 0 view .LVU66
 196 0084 0DB0     		add	sp, sp, #52
 197              	.LCFI2:
 198              		.cfi_remember_state
 199              		.cfi_def_cfa_offset 20
 200              		@ sp needed
 201 0086 F0BD     		pop	{r4, r5, r6, r7, pc}
 202              	.LVL24:
 203              	.L10:
 204              	.LCFI3:
 205              		.cfi_restore_state
 168:Middlewares/ST/usbx/common/usbx_device_classes/src/ux_device_class_hid_report_get.c **** 
 206              		.loc 1 168 30 view .LVU67
 207 0088 4FF48075 		mov	r5, #256
 208 008c F0E7     		b	.L8
 209              	.L14:
 210 008e 00BF     		.align	2
 211              	.L13:
 212 0090 00000000 		.word	_ux_system_slave
 213              		.cfi_endproc
 214              	.LFE11:
ARM GAS  C:\usertemp\cceUGsSe.s 			page 8


 216              		.text
 217              	.Letext0:
 218              		.file 2 "Middlewares/ST/threadx/ports/cortex_m33/gnu/inc/tx_port.h"
 219              		.file 3 "Middlewares/ST/threadx/common/inc/tx_api.h"
 220              		.file 4 "Middlewares/ST/usbx/common/core/inc/ux_api.h"
 221              		.file 5 "Middlewares/ST/usbx/common/usbx_device_classes/inc/ux_device_class_hid.h"
 222              		.file 6 "Middlewares/ST/usbx/common/core/inc/ux_utility.h"
 223              		.file 7 "Middlewares/ST/usbx/common/core/inc/ux_device_stack.h"
 224              		.file 8 "Middlewares/ST/usbx/common/core/inc/ux_system.h"
ARM GAS  C:\usertemp\cceUGsSe.s 			page 9


DEFINED SYMBOLS
                            *ABS*:00000000 ux_device_class_hid_report_get.c
C:\usertemp\cceUGsSe.s:22     .text._ux_device_class_hid_report_get:00000000 $t
C:\usertemp\cceUGsSe.s:28     .text._ux_device_class_hid_report_get:00000000 _ux_device_class_hid_report_get
C:\usertemp\cceUGsSe.s:212    .text._ux_device_class_hid_report_get:00000090 $d

UNDEFINED SYMBOLS
_ux_utility_memory_set
_ux_utility_memory_copy
_ux_device_class_hid_event_get
_ux_device_stack_transfer_request
_ux_system_slave
