ARM GAS  C:\usertemp\cciBbPnJ.s 			page 1


   1              		.cpu cortex-m33
   2              		.arch armv8-m.main
   3              		.fpu fpv4-sp-d16
   4              		.arch_extension dsp
   5              		.eabi_attribute 27, 1
   6              		.eabi_attribute 28, 1
   7              		.eabi_attribute 20, 1
   8              		.eabi_attribute 21, 1
   9              		.eabi_attribute 23, 3
  10              		.eabi_attribute 24, 1
  11              		.eabi_attribute 25, 1
  12              		.eabi_attribute 26, 1
  13              		.eabi_attribute 30, 1
  14              		.eabi_attribute 34, 1
  15              		.eabi_attribute 18, 4
  16              		.file	"ux_dcd_stm32_transfer_abort.c"
  17              		.text
  18              	.Ltext0:
  19              		.cfi_sections	.debug_frame
  20              		.file 1 "Middlewares/ST/usbx/common/usbx_stm32_device_controllers/ux_dcd_stm32_transfer_abort.c"
  21              		.section	.text._ux_dcd_stm32_transfer_abort,"ax",%progbits
  22              		.align	1
  23              		.global	_ux_dcd_stm32_transfer_abort
  24              		.syntax unified
  25              		.thumb
  26              		.thumb_func
  28              	_ux_dcd_stm32_transfer_abort:
  29              	.LVL0:
  30              	.LFB169:
   1:Middlewares/ST/usbx/common/usbx_stm32_device_controllers/ux_dcd_stm32_transfer_abort.c **** /**************************************************************************/
   2:Middlewares/ST/usbx/common/usbx_stm32_device_controllers/ux_dcd_stm32_transfer_abort.c **** /*                                                                        */
   3:Middlewares/ST/usbx/common/usbx_stm32_device_controllers/ux_dcd_stm32_transfer_abort.c **** /*       Copyright (c) Microsoft Corporation. All rights reserved.        */
   4:Middlewares/ST/usbx/common/usbx_stm32_device_controllers/ux_dcd_stm32_transfer_abort.c **** /*                                                                        */
   5:Middlewares/ST/usbx/common/usbx_stm32_device_controllers/ux_dcd_stm32_transfer_abort.c **** /*       This software is licensed under the Microsoft Software License   */
   6:Middlewares/ST/usbx/common/usbx_stm32_device_controllers/ux_dcd_stm32_transfer_abort.c **** /*       Terms for Microsoft Azure RTOS. Full text of the license can be  */
   7:Middlewares/ST/usbx/common/usbx_stm32_device_controllers/ux_dcd_stm32_transfer_abort.c **** /*       found in the LICENSE file at https://aka.ms/AzureRTOS_EULA       */
   8:Middlewares/ST/usbx/common/usbx_stm32_device_controllers/ux_dcd_stm32_transfer_abort.c **** /*       and in the root directory of this software.                      */
   9:Middlewares/ST/usbx/common/usbx_stm32_device_controllers/ux_dcd_stm32_transfer_abort.c **** /*                                                                        */
  10:Middlewares/ST/usbx/common/usbx_stm32_device_controllers/ux_dcd_stm32_transfer_abort.c **** /**************************************************************************/
  11:Middlewares/ST/usbx/common/usbx_stm32_device_controllers/ux_dcd_stm32_transfer_abort.c **** 
  12:Middlewares/ST/usbx/common/usbx_stm32_device_controllers/ux_dcd_stm32_transfer_abort.c **** 
  13:Middlewares/ST/usbx/common/usbx_stm32_device_controllers/ux_dcd_stm32_transfer_abort.c **** /**************************************************************************/
  14:Middlewares/ST/usbx/common/usbx_stm32_device_controllers/ux_dcd_stm32_transfer_abort.c **** /**************************************************************************/
  15:Middlewares/ST/usbx/common/usbx_stm32_device_controllers/ux_dcd_stm32_transfer_abort.c **** /**                                                                       */
  16:Middlewares/ST/usbx/common/usbx_stm32_device_controllers/ux_dcd_stm32_transfer_abort.c **** /** USBX Component                                                        */
  17:Middlewares/ST/usbx/common/usbx_stm32_device_controllers/ux_dcd_stm32_transfer_abort.c **** /**                                                                       */
  18:Middlewares/ST/usbx/common/usbx_stm32_device_controllers/ux_dcd_stm32_transfer_abort.c **** /**   STM32 Controller Driver                                             */
  19:Middlewares/ST/usbx/common/usbx_stm32_device_controllers/ux_dcd_stm32_transfer_abort.c **** /**                                                                       */
  20:Middlewares/ST/usbx/common/usbx_stm32_device_controllers/ux_dcd_stm32_transfer_abort.c **** /**************************************************************************/
  21:Middlewares/ST/usbx/common/usbx_stm32_device_controllers/ux_dcd_stm32_transfer_abort.c **** /**************************************************************************/
  22:Middlewares/ST/usbx/common/usbx_stm32_device_controllers/ux_dcd_stm32_transfer_abort.c **** 
  23:Middlewares/ST/usbx/common/usbx_stm32_device_controllers/ux_dcd_stm32_transfer_abort.c **** #define UX_SOURCE_CODE
  24:Middlewares/ST/usbx/common/usbx_stm32_device_controllers/ux_dcd_stm32_transfer_abort.c **** #define UX_DCD_STM32_SOURCE_CODE
  25:Middlewares/ST/usbx/common/usbx_stm32_device_controllers/ux_dcd_stm32_transfer_abort.c **** 
  26:Middlewares/ST/usbx/common/usbx_stm32_device_controllers/ux_dcd_stm32_transfer_abort.c **** 
  27:Middlewares/ST/usbx/common/usbx_stm32_device_controllers/ux_dcd_stm32_transfer_abort.c **** /* Include necessary system files.  */
  28:Middlewares/ST/usbx/common/usbx_stm32_device_controllers/ux_dcd_stm32_transfer_abort.c **** 
ARM GAS  C:\usertemp\cciBbPnJ.s 			page 2


  29:Middlewares/ST/usbx/common/usbx_stm32_device_controllers/ux_dcd_stm32_transfer_abort.c **** #include "ux_api.h"
  30:Middlewares/ST/usbx/common/usbx_stm32_device_controllers/ux_dcd_stm32_transfer_abort.c **** #include "ux_dcd_stm32.h"
  31:Middlewares/ST/usbx/common/usbx_stm32_device_controllers/ux_dcd_stm32_transfer_abort.c **** #include "ux_utility.h"
  32:Middlewares/ST/usbx/common/usbx_stm32_device_controllers/ux_dcd_stm32_transfer_abort.c **** #include "ux_device_stack.h"
  33:Middlewares/ST/usbx/common/usbx_stm32_device_controllers/ux_dcd_stm32_transfer_abort.c **** 
  34:Middlewares/ST/usbx/common/usbx_stm32_device_controllers/ux_dcd_stm32_transfer_abort.c **** 
  35:Middlewares/ST/usbx/common/usbx_stm32_device_controllers/ux_dcd_stm32_transfer_abort.c **** /**************************************************************************/
  36:Middlewares/ST/usbx/common/usbx_stm32_device_controllers/ux_dcd_stm32_transfer_abort.c **** /*                                                                        */
  37:Middlewares/ST/usbx/common/usbx_stm32_device_controllers/ux_dcd_stm32_transfer_abort.c **** /*  FUNCTION                                                RELEASE       */
  38:Middlewares/ST/usbx/common/usbx_stm32_device_controllers/ux_dcd_stm32_transfer_abort.c **** /*                                                                        */
  39:Middlewares/ST/usbx/common/usbx_stm32_device_controllers/ux_dcd_stm32_transfer_abort.c **** /*    _ux_dcd_stm32_transfer_request                       PORTABLE C     */
  40:Middlewares/ST/usbx/common/usbx_stm32_device_controllers/ux_dcd_stm32_transfer_abort.c **** /*                                                            6.1.10      */
  41:Middlewares/ST/usbx/common/usbx_stm32_device_controllers/ux_dcd_stm32_transfer_abort.c **** /*  AUTHOR                                                                */
  42:Middlewares/ST/usbx/common/usbx_stm32_device_controllers/ux_dcd_stm32_transfer_abort.c **** /*                                                                        */
  43:Middlewares/ST/usbx/common/usbx_stm32_device_controllers/ux_dcd_stm32_transfer_abort.c **** /*    Chaoqiong Xiao, Microsoft Corporation                               */
  44:Middlewares/ST/usbx/common/usbx_stm32_device_controllers/ux_dcd_stm32_transfer_abort.c **** /*                                                                        */
  45:Middlewares/ST/usbx/common/usbx_stm32_device_controllers/ux_dcd_stm32_transfer_abort.c **** /*  DESCRIPTION                                                           */
  46:Middlewares/ST/usbx/common/usbx_stm32_device_controllers/ux_dcd_stm32_transfer_abort.c **** /*                                                                        */
  47:Middlewares/ST/usbx/common/usbx_stm32_device_controllers/ux_dcd_stm32_transfer_abort.c **** /*    This function will initiate a transfer to a specific endpoint.      */
  48:Middlewares/ST/usbx/common/usbx_stm32_device_controllers/ux_dcd_stm32_transfer_abort.c **** /*    If the endpoint is IN, the endpoint register will be set to accept  */
  49:Middlewares/ST/usbx/common/usbx_stm32_device_controllers/ux_dcd_stm32_transfer_abort.c **** /*    the request.                                                        */
  50:Middlewares/ST/usbx/common/usbx_stm32_device_controllers/ux_dcd_stm32_transfer_abort.c **** /*                                                                        */
  51:Middlewares/ST/usbx/common/usbx_stm32_device_controllers/ux_dcd_stm32_transfer_abort.c **** /*    If the endpoint is IN, the endpoint FIFO will be filled with the    */
  52:Middlewares/ST/usbx/common/usbx_stm32_device_controllers/ux_dcd_stm32_transfer_abort.c **** /*    buffer and the endpoint register set.                               */
  53:Middlewares/ST/usbx/common/usbx_stm32_device_controllers/ux_dcd_stm32_transfer_abort.c **** /*                                                                        */
  54:Middlewares/ST/usbx/common/usbx_stm32_device_controllers/ux_dcd_stm32_transfer_abort.c **** /*  INPUT                                                                 */
  55:Middlewares/ST/usbx/common/usbx_stm32_device_controllers/ux_dcd_stm32_transfer_abort.c **** /*                                                                        */
  56:Middlewares/ST/usbx/common/usbx_stm32_device_controllers/ux_dcd_stm32_transfer_abort.c **** /*    dcd_stm32                             Pointer to device controller  */
  57:Middlewares/ST/usbx/common/usbx_stm32_device_controllers/ux_dcd_stm32_transfer_abort.c **** /*    transfer_request                      Pointer to transfer request   */
  58:Middlewares/ST/usbx/common/usbx_stm32_device_controllers/ux_dcd_stm32_transfer_abort.c **** /*                                                                        */
  59:Middlewares/ST/usbx/common/usbx_stm32_device_controllers/ux_dcd_stm32_transfer_abort.c **** /*  OUTPUT                                                                */
  60:Middlewares/ST/usbx/common/usbx_stm32_device_controllers/ux_dcd_stm32_transfer_abort.c **** /*                                                                        */
  61:Middlewares/ST/usbx/common/usbx_stm32_device_controllers/ux_dcd_stm32_transfer_abort.c **** /*    Completion Status                                                   */
  62:Middlewares/ST/usbx/common/usbx_stm32_device_controllers/ux_dcd_stm32_transfer_abort.c **** /*                                                                        */
  63:Middlewares/ST/usbx/common/usbx_stm32_device_controllers/ux_dcd_stm32_transfer_abort.c **** /*                                                                        */
  64:Middlewares/ST/usbx/common/usbx_stm32_device_controllers/ux_dcd_stm32_transfer_abort.c **** /*  CALLS                                                                 */
  65:Middlewares/ST/usbx/common/usbx_stm32_device_controllers/ux_dcd_stm32_transfer_abort.c **** /*                                                                        */
  66:Middlewares/ST/usbx/common/usbx_stm32_device_controllers/ux_dcd_stm32_transfer_abort.c **** /*    HAL_PCD_EP_Transmit                   Transmit data                 */
  67:Middlewares/ST/usbx/common/usbx_stm32_device_controllers/ux_dcd_stm32_transfer_abort.c **** /*    HAL_PCD_EP_Receive                    Receive data                  */
  68:Middlewares/ST/usbx/common/usbx_stm32_device_controllers/ux_dcd_stm32_transfer_abort.c **** /*    _ux_utility_semaphore_get             Get semaphore                 */
  69:Middlewares/ST/usbx/common/usbx_stm32_device_controllers/ux_dcd_stm32_transfer_abort.c **** /*                                                                        */
  70:Middlewares/ST/usbx/common/usbx_stm32_device_controllers/ux_dcd_stm32_transfer_abort.c **** /*  CALLED BY                                                             */
  71:Middlewares/ST/usbx/common/usbx_stm32_device_controllers/ux_dcd_stm32_transfer_abort.c **** /*                                                                        */
  72:Middlewares/ST/usbx/common/usbx_stm32_device_controllers/ux_dcd_stm32_transfer_abort.c **** /*    STM32 Controller Driver                                             */
  73:Middlewares/ST/usbx/common/usbx_stm32_device_controllers/ux_dcd_stm32_transfer_abort.c **** /*                                                                        */
  74:Middlewares/ST/usbx/common/usbx_stm32_device_controllers/ux_dcd_stm32_transfer_abort.c **** /*  RELEASE HISTORY                                                       */
  75:Middlewares/ST/usbx/common/usbx_stm32_device_controllers/ux_dcd_stm32_transfer_abort.c **** /*                                                                        */
  76:Middlewares/ST/usbx/common/usbx_stm32_device_controllers/ux_dcd_stm32_transfer_abort.c **** /*    DATE              NAME                      DESCRIPTION             */
  77:Middlewares/ST/usbx/common/usbx_stm32_device_controllers/ux_dcd_stm32_transfer_abort.c **** /*                                                                        */
  78:Middlewares/ST/usbx/common/usbx_stm32_device_controllers/ux_dcd_stm32_transfer_abort.c **** /*  01-31-2022     Chaoqiong Xiao           Initial Version 6.1.10        */
  79:Middlewares/ST/usbx/common/usbx_stm32_device_controllers/ux_dcd_stm32_transfer_abort.c **** /*                                                                        */
  80:Middlewares/ST/usbx/common/usbx_stm32_device_controllers/ux_dcd_stm32_transfer_abort.c **** /**************************************************************************/
  81:Middlewares/ST/usbx/common/usbx_stm32_device_controllers/ux_dcd_stm32_transfer_abort.c **** UINT  _ux_dcd_stm32_transfer_abort(UX_DCD_STM32 *dcd_stm32, UX_SLAVE_TRANSFER *transfer_request)
  82:Middlewares/ST/usbx/common/usbx_stm32_device_controllers/ux_dcd_stm32_transfer_abort.c **** {
  31              		.loc 1 82 1 view -0
  32              		.cfi_startproc
  33              		@ args = 0, pretend = 0, frame = 0
ARM GAS  C:\usertemp\cciBbPnJ.s 			page 3


  34              		@ frame_needed = 0, uses_anonymous_args = 0
  35              		.loc 1 82 1 is_stmt 0 view .LVU1
  36 0000 38B5     		push	{r3, r4, r5, lr}
  37              	.LCFI0:
  38              		.cfi_def_cfa_offset 16
  39              		.cfi_offset 3, -16
  40              		.cfi_offset 4, -12
  41              		.cfi_offset 5, -8
  42              		.cfi_offset 14, -4
  43 0002 0446     		mov	r4, r0
  83:Middlewares/ST/usbx/common/usbx_stm32_device_controllers/ux_dcd_stm32_transfer_abort.c **** 
  84:Middlewares/ST/usbx/common/usbx_stm32_device_controllers/ux_dcd_stm32_transfer_abort.c **** #if !defined (USBD_HAL_TRANSFER_ABORT_NOT_SUPPORTED)
  85:Middlewares/ST/usbx/common/usbx_stm32_device_controllers/ux_dcd_stm32_transfer_abort.c **** 
  86:Middlewares/ST/usbx/common/usbx_stm32_device_controllers/ux_dcd_stm32_transfer_abort.c ****    UX_SLAVE_ENDPOINT       *endpoint;
  44              		.loc 1 86 4 is_stmt 1 view .LVU2
  87:Middlewares/ST/usbx/common/usbx_stm32_device_controllers/ux_dcd_stm32_transfer_abort.c **** 
  88:Middlewares/ST/usbx/common/usbx_stm32_device_controllers/ux_dcd_stm32_transfer_abort.c **** 
  89:Middlewares/ST/usbx/common/usbx_stm32_device_controllers/ux_dcd_stm32_transfer_abort.c ****     /* Get the pointer to the logical endpoint from the transfer request.  */
  90:Middlewares/ST/usbx/common/usbx_stm32_device_controllers/ux_dcd_stm32_transfer_abort.c ****     endpoint =  transfer_request -> ux_slave_transfer_request_endpoint;
  45              		.loc 1 90 5 view .LVU3
  46              		.loc 1 90 14 is_stmt 0 view .LVU4
  47 0004 8D68     		ldr	r5, [r1, #8]
  48              	.LVL1:
  91:Middlewares/ST/usbx/common/usbx_stm32_device_controllers/ux_dcd_stm32_transfer_abort.c **** 
  92:Middlewares/ST/usbx/common/usbx_stm32_device_controllers/ux_dcd_stm32_transfer_abort.c ****     HAL_PCD_EP_Abort(dcd_stm32 -> pcd_handle, endpoint->ux_slave_endpoint_descriptor.bEndpointAddre
  49              		.loc 1 92 5 is_stmt 1 view .LVU5
  50 0006 A97B     		ldrb	r1, [r5, #14]	@ zero_extendqisi2
  51              	.LVL2:
  52              		.loc 1 92 5 is_stmt 0 view .LVU6
  53 0008 D0F89400 		ldr	r0, [r0, #148]
  54              	.LVL3:
  55              		.loc 1 92 5 view .LVU7
  56 000c FFF7FEFF 		bl	HAL_PCD_EP_Abort
  57              	.LVL4:
  93:Middlewares/ST/usbx/common/usbx_stm32_device_controllers/ux_dcd_stm32_transfer_abort.c ****     HAL_PCD_EP_Flush(dcd_stm32 -> pcd_handle, endpoint->ux_slave_endpoint_descriptor.bEndpointAddre
  58              		.loc 1 93 5 is_stmt 1 view .LVU8
  59 0010 A97B     		ldrb	r1, [r5, #14]	@ zero_extendqisi2
  60 0012 D4F89400 		ldr	r0, [r4, #148]
  61 0016 FFF7FEFF 		bl	HAL_PCD_EP_Flush
  62              	.LVL5:
  94:Middlewares/ST/usbx/common/usbx_stm32_device_controllers/ux_dcd_stm32_transfer_abort.c **** 
  95:Middlewares/ST/usbx/common/usbx_stm32_device_controllers/ux_dcd_stm32_transfer_abort.c ****     /* No semaphore put here since it's already done in stack.  */
  96:Middlewares/ST/usbx/common/usbx_stm32_device_controllers/ux_dcd_stm32_transfer_abort.c **** #endif /* USBD_HAL_TRANSFER_ABORT_NOT_SUPPORTED */
  97:Middlewares/ST/usbx/common/usbx_stm32_device_controllers/ux_dcd_stm32_transfer_abort.c **** 
  98:Middlewares/ST/usbx/common/usbx_stm32_device_controllers/ux_dcd_stm32_transfer_abort.c ****     /* Return to caller with success.  */
  99:Middlewares/ST/usbx/common/usbx_stm32_device_controllers/ux_dcd_stm32_transfer_abort.c ****     return(UX_SUCCESS);
  63              		.loc 1 99 5 view .LVU9
 100:Middlewares/ST/usbx/common/usbx_stm32_device_controllers/ux_dcd_stm32_transfer_abort.c **** }
  64              		.loc 1 100 1 is_stmt 0 view .LVU10
  65 001a 0020     		movs	r0, #0
  66 001c 38BD     		pop	{r3, r4, r5, pc}
  67              		.loc 1 100 1 view .LVU11
  68              		.cfi_endproc
  69              	.LFE169:
  71              		.text
  72              	.Letext0:
  73              		.file 2 "D:/armtoolchain/arm-gnu-toolchain-13.3.rel1-mingw-w64-i686-arm-none-eabi/arm-none-eabi/in
ARM GAS  C:\usertemp\cciBbPnJ.s 			page 4


  74              		.file 3 "Middlewares/ST/threadx/ports/cortex_m33/gnu/inc/tx_port.h"
  75              		.file 4 "Middlewares/ST/threadx/common/inc/tx_api.h"
  76              		.file 5 "Middlewares/ST/usbx/common/core/inc/ux_api.h"
  77              		.file 6 "D:/armtoolchain/arm-gnu-toolchain-13.3.rel1-mingw-w64-i686-arm-none-eabi/arm-none-eabi/in
  78              		.file 7 "Drivers/CMSIS/Device/ST/STM32U5xx/Include/stm32u575xx.h"
  79              		.file 8 "Drivers/STM32U5xx_HAL_Driver/Inc/stm32u5xx_hal_def.h"
  80              		.file 9 "Drivers/STM32U5xx_HAL_Driver/Inc/stm32u5xx_ll_usb.h"
  81              		.file 10 "Drivers/STM32U5xx_HAL_Driver/Inc/stm32u5xx_hal_pcd.h"
  82              		.file 11 "Middlewares/ST/usbx/common/usbx_stm32_device_controllers/ux_dcd_stm32.h"
ARM GAS  C:\usertemp\cciBbPnJ.s 			page 5


DEFINED SYMBOLS
                            *ABS*:00000000 ux_dcd_stm32_transfer_abort.c
C:\usertemp\cciBbPnJ.s:22     .text._ux_dcd_stm32_transfer_abort:00000000 $t
C:\usertemp\cciBbPnJ.s:28     .text._ux_dcd_stm32_transfer_abort:00000000 _ux_dcd_stm32_transfer_abort

UNDEFINED SYMBOLS
HAL_PCD_EP_Abort
HAL_PCD_EP_Flush
