ARM GAS  C:\usertemp\ccFrxpda.s 			page 1


   1              		.cpu cortex-m33
   2              		.arch armv8-m.main
   3              		.fpu fpv4-sp-d16
   4              		.arch_extension dsp
   5              		.eabi_attribute 27, 1
   6              		.eabi_attribute 28, 1
   7              		.eabi_attribute 20, 1
   8              		.eabi_attribute 21, 1
   9              		.eabi_attribute 23, 3
  10              		.eabi_attribute 24, 1
  11              		.eabi_attribute 25, 1
  12              		.eabi_attribute 26, 1
  13              		.eabi_attribute 30, 1
  14              		.eabi_attribute 34, 1
  15              		.eabi_attribute 18, 4
  16              		.file	"ux_device_stack_get_status.c"
  17              		.text
  18              	.Ltext0:
  19              		.cfi_sections	.debug_frame
  20              		.file 1 "Middlewares/ST/usbx/common/core/src/ux_device_stack_get_status.c"
  21              		.section	.text._ux_device_stack_get_status,"ax",%progbits
  22              		.align	1
  23              		.global	_ux_device_stack_get_status
  24              		.syntax unified
  25              		.thumb
  26              		.thumb_func
  28              	_ux_device_stack_get_status:
  29              	.LVL0:
  30              	.LFB11:
   1:Middlewares/ST/usbx/common/core/src/ux_device_stack_get_status.c **** /**************************************************************************/
   2:Middlewares/ST/usbx/common/core/src/ux_device_stack_get_status.c **** /*                                                                        */
   3:Middlewares/ST/usbx/common/core/src/ux_device_stack_get_status.c **** /*       Copyright (c) Microsoft Corporation. All rights reserved.        */
   4:Middlewares/ST/usbx/common/core/src/ux_device_stack_get_status.c **** /*                                                                        */
   5:Middlewares/ST/usbx/common/core/src/ux_device_stack_get_status.c **** /*       This software is licensed under the Microsoft Software License   */
   6:Middlewares/ST/usbx/common/core/src/ux_device_stack_get_status.c **** /*       Terms for Microsoft Azure RTOS. Full text of the license can be  */
   7:Middlewares/ST/usbx/common/core/src/ux_device_stack_get_status.c **** /*       found in the LICENSE file at https://aka.ms/AzureRTOS_EULA       */
   8:Middlewares/ST/usbx/common/core/src/ux_device_stack_get_status.c **** /*       and in the root directory of this software.                      */
   9:Middlewares/ST/usbx/common/core/src/ux_device_stack_get_status.c **** /*                                                                        */
  10:Middlewares/ST/usbx/common/core/src/ux_device_stack_get_status.c **** /**************************************************************************/
  11:Middlewares/ST/usbx/common/core/src/ux_device_stack_get_status.c **** 
  12:Middlewares/ST/usbx/common/core/src/ux_device_stack_get_status.c **** 
  13:Middlewares/ST/usbx/common/core/src/ux_device_stack_get_status.c **** /**************************************************************************/
  14:Middlewares/ST/usbx/common/core/src/ux_device_stack_get_status.c **** /**************************************************************************/
  15:Middlewares/ST/usbx/common/core/src/ux_device_stack_get_status.c **** /**                                                                       */ 
  16:Middlewares/ST/usbx/common/core/src/ux_device_stack_get_status.c **** /** USBX Component                                                        */ 
  17:Middlewares/ST/usbx/common/core/src/ux_device_stack_get_status.c **** /**                                                                       */
  18:Middlewares/ST/usbx/common/core/src/ux_device_stack_get_status.c **** /**   Device Stack                                                        */
  19:Middlewares/ST/usbx/common/core/src/ux_device_stack_get_status.c **** /**                                                                       */
  20:Middlewares/ST/usbx/common/core/src/ux_device_stack_get_status.c **** /**************************************************************************/
  21:Middlewares/ST/usbx/common/core/src/ux_device_stack_get_status.c **** /**************************************************************************/
  22:Middlewares/ST/usbx/common/core/src/ux_device_stack_get_status.c **** 
  23:Middlewares/ST/usbx/common/core/src/ux_device_stack_get_status.c **** #define UX_SOURCE_CODE
  24:Middlewares/ST/usbx/common/core/src/ux_device_stack_get_status.c **** 
  25:Middlewares/ST/usbx/common/core/src/ux_device_stack_get_status.c **** 
  26:Middlewares/ST/usbx/common/core/src/ux_device_stack_get_status.c **** /* Include necessary system files.  */
  27:Middlewares/ST/usbx/common/core/src/ux_device_stack_get_status.c **** 
  28:Middlewares/ST/usbx/common/core/src/ux_device_stack_get_status.c **** #include "ux_api.h"
ARM GAS  C:\usertemp\ccFrxpda.s 			page 2


  29:Middlewares/ST/usbx/common/core/src/ux_device_stack_get_status.c **** #include "ux_device_stack.h"
  30:Middlewares/ST/usbx/common/core/src/ux_device_stack_get_status.c **** 
  31:Middlewares/ST/usbx/common/core/src/ux_device_stack_get_status.c **** 
  32:Middlewares/ST/usbx/common/core/src/ux_device_stack_get_status.c **** /**************************************************************************/
  33:Middlewares/ST/usbx/common/core/src/ux_device_stack_get_status.c **** /*                                                                        */
  34:Middlewares/ST/usbx/common/core/src/ux_device_stack_get_status.c **** /*  FUNCTION                                               RELEASE        */
  35:Middlewares/ST/usbx/common/core/src/ux_device_stack_get_status.c **** /*                                                                        */
  36:Middlewares/ST/usbx/common/core/src/ux_device_stack_get_status.c **** /*    _ux_device_stack_get_status                         PORTABLE C      */
  37:Middlewares/ST/usbx/common/core/src/ux_device_stack_get_status.c **** /*                                                           6.1.6        */
  38:Middlewares/ST/usbx/common/core/src/ux_device_stack_get_status.c **** /*  AUTHOR                                                                */
  39:Middlewares/ST/usbx/common/core/src/ux_device_stack_get_status.c **** /*                                                                        */
  40:Middlewares/ST/usbx/common/core/src/ux_device_stack_get_status.c **** /*    Chaoqiong Xiao, Microsoft Corporation                               */
  41:Middlewares/ST/usbx/common/core/src/ux_device_stack_get_status.c **** /*                                                                        */
  42:Middlewares/ST/usbx/common/core/src/ux_device_stack_get_status.c **** /*  DESCRIPTION                                                           */
  43:Middlewares/ST/usbx/common/core/src/ux_device_stack_get_status.c **** /*                                                                        */
  44:Middlewares/ST/usbx/common/core/src/ux_device_stack_get_status.c **** /*    This function obtains the status of a USB component of the device   */
  45:Middlewares/ST/usbx/common/core/src/ux_device_stack_get_status.c **** /*    such as device or endpoint.                                         */
  46:Middlewares/ST/usbx/common/core/src/ux_device_stack_get_status.c **** /*                                                                        */
  47:Middlewares/ST/usbx/common/core/src/ux_device_stack_get_status.c **** /*  INPUT                                                                 */
  48:Middlewares/ST/usbx/common/core/src/ux_device_stack_get_status.c **** /*                                                                        */
  49:Middlewares/ST/usbx/common/core/src/ux_device_stack_get_status.c **** /*    request_type                          Request type                  */
  50:Middlewares/ST/usbx/common/core/src/ux_device_stack_get_status.c **** /*    request_index                         Request index                 */
  51:Middlewares/ST/usbx/common/core/src/ux_device_stack_get_status.c **** /*    request_length                        Request length                */
  52:Middlewares/ST/usbx/common/core/src/ux_device_stack_get_status.c **** /*                                                                        */
  53:Middlewares/ST/usbx/common/core/src/ux_device_stack_get_status.c **** /*  OUTPUT                                                                */
  54:Middlewares/ST/usbx/common/core/src/ux_device_stack_get_status.c **** /*                                                                        */
  55:Middlewares/ST/usbx/common/core/src/ux_device_stack_get_status.c **** /*    Completion Status                                                   */ 
  56:Middlewares/ST/usbx/common/core/src/ux_device_stack_get_status.c **** /*                                                                        */
  57:Middlewares/ST/usbx/common/core/src/ux_device_stack_get_status.c **** /*  CALLS                                                                 */ 
  58:Middlewares/ST/usbx/common/core/src/ux_device_stack_get_status.c **** /*                                                                        */ 
  59:Middlewares/ST/usbx/common/core/src/ux_device_stack_get_status.c **** /*    _ux_device_stack_transfer_request     Transfer request              */
  60:Middlewares/ST/usbx/common/core/src/ux_device_stack_get_status.c **** /*    (ux_slave_dcd_function)               DCD dispatch function         */ 
  61:Middlewares/ST/usbx/common/core/src/ux_device_stack_get_status.c **** /*                                                                        */ 
  62:Middlewares/ST/usbx/common/core/src/ux_device_stack_get_status.c **** /*  CALLED BY                                                             */ 
  63:Middlewares/ST/usbx/common/core/src/ux_device_stack_get_status.c **** /*                                                                        */ 
  64:Middlewares/ST/usbx/common/core/src/ux_device_stack_get_status.c **** /*    Device Stack                                                        */
  65:Middlewares/ST/usbx/common/core/src/ux_device_stack_get_status.c **** /*                                                                        */ 
  66:Middlewares/ST/usbx/common/core/src/ux_device_stack_get_status.c **** /*  RELEASE HISTORY                                                       */ 
  67:Middlewares/ST/usbx/common/core/src/ux_device_stack_get_status.c **** /*                                                                        */ 
  68:Middlewares/ST/usbx/common/core/src/ux_device_stack_get_status.c **** /*    DATE              NAME                      DESCRIPTION             */ 
  69:Middlewares/ST/usbx/common/core/src/ux_device_stack_get_status.c **** /*                                                                        */ 
  70:Middlewares/ST/usbx/common/core/src/ux_device_stack_get_status.c **** /*  05-19-2020     Chaoqiong Xiao           Initial Version 6.0           */
  71:Middlewares/ST/usbx/common/core/src/ux_device_stack_get_status.c **** /*  09-30-2020     Chaoqiong Xiao           Modified comment(s),          */
  72:Middlewares/ST/usbx/common/core/src/ux_device_stack_get_status.c **** /*                                            resulting in version 6.1    */
  73:Middlewares/ST/usbx/common/core/src/ux_device_stack_get_status.c **** /*  04-02-2021     Chaoqiong Xiao           Modified comment(s),          */
  74:Middlewares/ST/usbx/common/core/src/ux_device_stack_get_status.c **** /*                                            supported bi-dir-endpoints, */
  75:Middlewares/ST/usbx/common/core/src/ux_device_stack_get_status.c **** /*                                            resulting in version 6.1.6  */
  76:Middlewares/ST/usbx/common/core/src/ux_device_stack_get_status.c **** /*                                                                        */
  77:Middlewares/ST/usbx/common/core/src/ux_device_stack_get_status.c **** /**************************************************************************/
  78:Middlewares/ST/usbx/common/core/src/ux_device_stack_get_status.c **** UINT  _ux_device_stack_get_status(ULONG request_type, ULONG request_index, ULONG request_length)
  79:Middlewares/ST/usbx/common/core/src/ux_device_stack_get_status.c **** {
  31              		.loc 1 79 1 view -0
  32              		.cfi_startproc
  33              		@ args = 0, pretend = 0, frame = 0
  34              		@ frame_needed = 0, uses_anonymous_args = 0
  35              		.loc 1 79 1 is_stmt 0 view .LVU1
  36 0000 F8B5     		push	{r3, r4, r5, r6, r7, lr}
ARM GAS  C:\usertemp\ccFrxpda.s 			page 3


  37              	.LCFI0:
  38              		.cfi_def_cfa_offset 24
  39              		.cfi_offset 3, -24
  40              		.cfi_offset 4, -20
  41              		.cfi_offset 5, -16
  42              		.cfi_offset 6, -12
  43              		.cfi_offset 7, -8
  44              		.cfi_offset 14, -4
  80:Middlewares/ST/usbx/common/core/src/ux_device_stack_get_status.c **** 
  81:Middlewares/ST/usbx/common/core/src/ux_device_stack_get_status.c **** UX_SLAVE_DCD            *dcd;
  45              		.loc 1 81 1 is_stmt 1 view .LVU2
  82:Middlewares/ST/usbx/common/core/src/ux_device_stack_get_status.c **** UX_SLAVE_TRANSFER       *transfer_request;
  46              		.loc 1 82 1 view .LVU3
  83:Middlewares/ST/usbx/common/core/src/ux_device_stack_get_status.c **** UX_SLAVE_DEVICE         *device;
  47              		.loc 1 83 1 view .LVU4
  84:Middlewares/ST/usbx/common/core/src/ux_device_stack_get_status.c **** UX_SLAVE_ENDPOINT       *endpoint;
  48              		.loc 1 84 1 view .LVU5
  85:Middlewares/ST/usbx/common/core/src/ux_device_stack_get_status.c **** UINT                    status;
  49              		.loc 1 85 1 view .LVU6
  86:Middlewares/ST/usbx/common/core/src/ux_device_stack_get_status.c **** ULONG                   data_length;
  50              		.loc 1 86 1 view .LVU7
  87:Middlewares/ST/usbx/common/core/src/ux_device_stack_get_status.c **** 
  88:Middlewares/ST/usbx/common/core/src/ux_device_stack_get_status.c ****     UX_PARAMETER_NOT_USED(request_length);
  51              		.loc 1 88 5 view .LVU8
  89:Middlewares/ST/usbx/common/core/src/ux_device_stack_get_status.c **** 
  90:Middlewares/ST/usbx/common/core/src/ux_device_stack_get_status.c ****     /* If trace is enabled, insert this event into the trace buffer.  */
  91:Middlewares/ST/usbx/common/core/src/ux_device_stack_get_status.c ****     UX_TRACE_IN_LINE_INSERT(UX_TRACE_DEVICE_STACK_GET_STATUS, request_type, request_index, request_
  92:Middlewares/ST/usbx/common/core/src/ux_device_stack_get_status.c **** 
  93:Middlewares/ST/usbx/common/core/src/ux_device_stack_get_status.c ****     /* Get the pointer to the DCD.  */
  94:Middlewares/ST/usbx/common/core/src/ux_device_stack_get_status.c ****     dcd =  &_ux_system_slave -> ux_system_slave_dcd;
  52              		.loc 1 94 5 view .LVU9
  53              		.loc 1 94 30 is_stmt 0 view .LVU10
  54 0002 284B     		ldr	r3, .L15
  55 0004 1C68     		ldr	r4, [r3]
  56              	.LVL1:
  95:Middlewares/ST/usbx/common/core/src/ux_device_stack_get_status.c **** 
  96:Middlewares/ST/usbx/common/core/src/ux_device_stack_get_status.c ****     /* Get the pointer to the device.  */
  97:Middlewares/ST/usbx/common/core/src/ux_device_stack_get_status.c ****     device =  &_ux_system_slave -> ux_system_slave_device;
  57              		.loc 1 97 5 is_stmt 1 view .LVU11
  98:Middlewares/ST/usbx/common/core/src/ux_device_stack_get_status.c **** 
  99:Middlewares/ST/usbx/common/core/src/ux_device_stack_get_status.c ****     /* Get the control endpoint for the device.  */
 100:Middlewares/ST/usbx/common/core/src/ux_device_stack_get_status.c ****     endpoint =  &device -> ux_slave_device_control_endpoint;
  58              		.loc 1 100 5 view .LVU12
 101:Middlewares/ST/usbx/common/core/src/ux_device_stack_get_status.c **** 
 102:Middlewares/ST/usbx/common/core/src/ux_device_stack_get_status.c ****     /* Get the pointer to the transfer request associated with the endpoint.  */
 103:Middlewares/ST/usbx/common/core/src/ux_device_stack_get_status.c ****     transfer_request =  &endpoint -> ux_slave_endpoint_transfer_request;
  59              		.loc 1 103 5 view .LVU13
  60              		.loc 1 103 22 is_stmt 0 view .LVU14
  61 0006 04F15806 		add	r6, r4, #88
  62              	.LVL2:
 104:Middlewares/ST/usbx/common/core/src/ux_device_stack_get_status.c **** 
 105:Middlewares/ST/usbx/common/core/src/ux_device_stack_get_status.c ****     /* Reset the status buffer.  */
 106:Middlewares/ST/usbx/common/core/src/ux_device_stack_get_status.c ****     *transfer_request -> ux_slave_transfer_request_data_pointer =  0;
  63              		.loc 1 106 5 is_stmt 1 view .LVU15
  64              		.loc 1 106 23 is_stmt 0 view .LVU16
  65 000a 626E     		ldr	r2, [r4, #100]
  66              	.LVL3:
ARM GAS  C:\usertemp\ccFrxpda.s 			page 4


  67              		.loc 1 106 65 view .LVU17
  68 000c 0023     		movs	r3, #0
  69 000e 1370     		strb	r3, [r2]
 107:Middlewares/ST/usbx/common/core/src/ux_device_stack_get_status.c ****     *(transfer_request -> ux_slave_transfer_request_data_pointer + 1) =  0;
  70              		.loc 1 107 5 is_stmt 1 view .LVU18
  71              		.loc 1 107 24 is_stmt 0 view .LVU19
  72 0010 626E     		ldr	r2, [r4, #100]
  73              		.loc 1 107 71 view .LVU20
  74 0012 5370     		strb	r3, [r2, #1]
 108:Middlewares/ST/usbx/common/core/src/ux_device_stack_get_status.c ****     
 109:Middlewares/ST/usbx/common/core/src/ux_device_stack_get_status.c ****     /* The default length for GET_STATUS is 2, except for OTG get Status.  */
 110:Middlewares/ST/usbx/common/core/src/ux_device_stack_get_status.c ****     data_length = 2;
  75              		.loc 1 110 5 is_stmt 1 view .LVU21
  76              	.LVL4:
 111:Middlewares/ST/usbx/common/core/src/ux_device_stack_get_status.c ****     
 112:Middlewares/ST/usbx/common/core/src/ux_device_stack_get_status.c ****     /* The status can be for either the device or the endpoint.  */
 113:Middlewares/ST/usbx/common/core/src/ux_device_stack_get_status.c ****     switch (request_type & UX_REQUEST_TARGET)
  77              		.loc 1 113 5 view .LVU22
  78 0014 10F00305 		ands	r5, r0, #3
  79 0018 0AD0     		beq	.L2
  80 001a 04F13807 		add	r7, r4, #56
  81              	.LVL5:
  82              		.loc 1 113 5 is_stmt 0 view .LVU23
  83 001e 022D     		cmp	r5, #2
  84 0020 1FD0     		beq	.L3
 114:Middlewares/ST/usbx/common/core/src/ux_device_stack_get_status.c ****     {
 115:Middlewares/ST/usbx/common/core/src/ux_device_stack_get_status.c ****     
 116:Middlewares/ST/usbx/common/core/src/ux_device_stack_get_status.c ****     case UX_REQUEST_TARGET_DEVICE:
 117:Middlewares/ST/usbx/common/core/src/ux_device_stack_get_status.c **** 
 118:Middlewares/ST/usbx/common/core/src/ux_device_stack_get_status.c ****         /* When the device is probed, it is either for the power/remote capabilities or OTG role sw
 119:Middlewares/ST/usbx/common/core/src/ux_device_stack_get_status.c ****            We differentiate with the Windex, 0 or OTG status Selector.  */
 120:Middlewares/ST/usbx/common/core/src/ux_device_stack_get_status.c ****         if (request_index == UX_OTG_STATUS_SELECTOR)
 121:Middlewares/ST/usbx/common/core/src/ux_device_stack_get_status.c ****         {
 122:Middlewares/ST/usbx/common/core/src/ux_device_stack_get_status.c **** 
 123:Middlewares/ST/usbx/common/core/src/ux_device_stack_get_status.c ****             /* Set the data length to 1.  */
 124:Middlewares/ST/usbx/common/core/src/ux_device_stack_get_status.c ****             data_length = 1;
 125:Middlewares/ST/usbx/common/core/src/ux_device_stack_get_status.c ****             
 126:Middlewares/ST/usbx/common/core/src/ux_device_stack_get_status.c **** #ifdef UX_OTG_SUPPORT
 127:Middlewares/ST/usbx/common/core/src/ux_device_stack_get_status.c ****             /* Store the Role Swap flag.  */
 128:Middlewares/ST/usbx/common/core/src/ux_device_stack_get_status.c ****             *transfer_request -> ux_slave_transfer_request_data_pointer =  (UCHAR) _ux_system_otg -
 129:Middlewares/ST/usbx/common/core/src/ux_device_stack_get_status.c **** #endif
 130:Middlewares/ST/usbx/common/core/src/ux_device_stack_get_status.c ****             
 131:Middlewares/ST/usbx/common/core/src/ux_device_stack_get_status.c ****         }
 132:Middlewares/ST/usbx/common/core/src/ux_device_stack_get_status.c ****         else
 133:Middlewares/ST/usbx/common/core/src/ux_device_stack_get_status.c ****         {
 134:Middlewares/ST/usbx/common/core/src/ux_device_stack_get_status.c **** 
 135:Middlewares/ST/usbx/common/core/src/ux_device_stack_get_status.c ****             /* Store the current power state in the status buffer. */
 136:Middlewares/ST/usbx/common/core/src/ux_device_stack_get_status.c ****             if (_ux_system_slave -> ux_system_slave_power_state == UX_DEVICE_SELF_POWERED)
 137:Middlewares/ST/usbx/common/core/src/ux_device_stack_get_status.c ****                 *transfer_request -> ux_slave_transfer_request_data_pointer =  1;
 138:Middlewares/ST/usbx/common/core/src/ux_device_stack_get_status.c **** 
 139:Middlewares/ST/usbx/common/core/src/ux_device_stack_get_status.c ****             /* Store the remote wakeup capability state in the status buffer.  */
 140:Middlewares/ST/usbx/common/core/src/ux_device_stack_get_status.c **** 
 141:Middlewares/ST/usbx/common/core/src/ux_device_stack_get_status.c ****             if (_ux_system_slave -> ux_system_slave_remote_wakeup_enabled)
 142:Middlewares/ST/usbx/common/core/src/ux_device_stack_get_status.c ****                 *transfer_request -> ux_slave_transfer_request_data_pointer |=  2;
 143:Middlewares/ST/usbx/common/core/src/ux_device_stack_get_status.c ****         }
 144:Middlewares/ST/usbx/common/core/src/ux_device_stack_get_status.c ****         
 145:Middlewares/ST/usbx/common/core/src/ux_device_stack_get_status.c ****         break;
ARM GAS  C:\usertemp\ccFrxpda.s 			page 5


 146:Middlewares/ST/usbx/common/core/src/ux_device_stack_get_status.c ****             
 147:Middlewares/ST/usbx/common/core/src/ux_device_stack_get_status.c ****     case UX_REQUEST_TARGET_ENDPOINT:
 148:Middlewares/ST/usbx/common/core/src/ux_device_stack_get_status.c **** 
 149:Middlewares/ST/usbx/common/core/src/ux_device_stack_get_status.c **** #ifndef UX_DEVICE_BIDIRECTIONAL_ENDPOINT_SUPPORT
 150:Middlewares/ST/usbx/common/core/src/ux_device_stack_get_status.c **** 
 151:Middlewares/ST/usbx/common/core/src/ux_device_stack_get_status.c ****         /* This feature returns the halt state of a specific endpoint.  The endpoint index
 152:Middlewares/ST/usbx/common/core/src/ux_device_stack_get_status.c ****            is used to retrieve the endpoint container.  */
 153:Middlewares/ST/usbx/common/core/src/ux_device_stack_get_status.c ****         status =  dcd -> ux_slave_dcd_function(dcd, UX_DCD_ENDPOINT_STATUS, (VOID *)(ALIGN_TYPE)(re
 154:Middlewares/ST/usbx/common/core/src/ux_device_stack_get_status.c **** #else
 155:Middlewares/ST/usbx/common/core/src/ux_device_stack_get_status.c **** 
 156:Middlewares/ST/usbx/common/core/src/ux_device_stack_get_status.c ****         /* This feature returns the halt state of a specific endpoint.  The endpoint address
 157:Middlewares/ST/usbx/common/core/src/ux_device_stack_get_status.c ****            is used to retrieve the endpoint container.  */
 158:Middlewares/ST/usbx/common/core/src/ux_device_stack_get_status.c ****         status =  dcd -> ux_slave_dcd_function(dcd, UX_DCD_ENDPOINT_STATUS, (VOID *)(ALIGN_TYPE)(re
 159:Middlewares/ST/usbx/common/core/src/ux_device_stack_get_status.c **** #endif
 160:Middlewares/ST/usbx/common/core/src/ux_device_stack_get_status.c **** 
 161:Middlewares/ST/usbx/common/core/src/ux_device_stack_get_status.c ****         /* Check the status. We may have a unknown endpoint.  */
 162:Middlewares/ST/usbx/common/core/src/ux_device_stack_get_status.c ****         if (status != UX_ERROR)
 163:Middlewares/ST/usbx/common/core/src/ux_device_stack_get_status.c ****         {
 164:Middlewares/ST/usbx/common/core/src/ux_device_stack_get_status.c **** 
 165:Middlewares/ST/usbx/common/core/src/ux_device_stack_get_status.c ****             if (status == UX_TRUE)
 166:Middlewares/ST/usbx/common/core/src/ux_device_stack_get_status.c ****                 *transfer_request -> ux_slave_transfer_request_data_pointer =  1;
 167:Middlewares/ST/usbx/common/core/src/ux_device_stack_get_status.c ****         }                        
 168:Middlewares/ST/usbx/common/core/src/ux_device_stack_get_status.c ****         else
 169:Middlewares/ST/usbx/common/core/src/ux_device_stack_get_status.c ****         {
 170:Middlewares/ST/usbx/common/core/src/ux_device_stack_get_status.c ****     
 171:Middlewares/ST/usbx/common/core/src/ux_device_stack_get_status.c ****             /* We stall the command. Endpoint is wrong.  */
 172:Middlewares/ST/usbx/common/core/src/ux_device_stack_get_status.c ****             dcd -> ux_slave_dcd_function(dcd, UX_DCD_STALL_ENDPOINT, endpoint);
 173:Middlewares/ST/usbx/common/core/src/ux_device_stack_get_status.c ****     
 174:Middlewares/ST/usbx/common/core/src/ux_device_stack_get_status.c ****             /* No more work to do here.  The command failed but the upper layer does not depend on 
 175:Middlewares/ST/usbx/common/core/src/ux_device_stack_get_status.c ****             return(UX_SUCCESS);            
 176:Middlewares/ST/usbx/common/core/src/ux_device_stack_get_status.c ****         }
 177:Middlewares/ST/usbx/common/core/src/ux_device_stack_get_status.c ****         break;
 178:Middlewares/ST/usbx/common/core/src/ux_device_stack_get_status.c **** 
 179:Middlewares/ST/usbx/common/core/src/ux_device_stack_get_status.c ****     default:
 180:Middlewares/ST/usbx/common/core/src/ux_device_stack_get_status.c ****         
 181:Middlewares/ST/usbx/common/core/src/ux_device_stack_get_status.c ****         /* We stall the command.  */
 182:Middlewares/ST/usbx/common/core/src/ux_device_stack_get_status.c ****         dcd -> ux_slave_dcd_function(dcd, UX_DCD_STALL_ENDPOINT, endpoint);
  85              		.loc 1 182 9 is_stmt 1 view .LVU24
  86              		.loc 1 182 13 is_stmt 0 view .LVU25
  87 0022 A369     		ldr	r3, [r4, #24]
  88              		.loc 1 182 9 view .LVU26
  89 0024 3A46     		mov	r2, r7
  90 0026 1421     		movs	r1, #20
  91              	.LVL6:
  92              		.loc 1 182 9 view .LVU27
  93 0028 2046     		mov	r0, r4
  94              	.LVL7:
  95              		.loc 1 182 9 view .LVU28
  96 002a 9847     		blx	r3
  97              	.LVL8:
 183:Middlewares/ST/usbx/common/core/src/ux_device_stack_get_status.c ****     
 184:Middlewares/ST/usbx/common/core/src/ux_device_stack_get_status.c ****         /* No more work to do here.  The command failed but the upper layer does not depend on it. 
 185:Middlewares/ST/usbx/common/core/src/ux_device_stack_get_status.c ****         return(UX_SUCCESS);            
  98              		.loc 1 185 9 is_stmt 1 view .LVU29
  99              		.loc 1 185 15 is_stmt 0 view .LVU30
 100 002c 0020     		movs	r0, #0
 101 002e 29E0     		b	.L1
ARM GAS  C:\usertemp\ccFrxpda.s 			page 6


 102              	.LVL9:
 103              	.L2:
 120:Middlewares/ST/usbx/common/core/src/ux_device_stack_get_status.c ****         {
 104              		.loc 1 120 9 is_stmt 1 view .LVU31
 120:Middlewares/ST/usbx/common/core/src/ux_device_stack_get_status.c ****         {
 105              		.loc 1 120 12 is_stmt 0 view .LVU32
 106 0030 B1F5704F 		cmp	r1, #61440
 107 0034 32D0     		beq	.L9
 136:Middlewares/ST/usbx/common/core/src/ux_device_stack_get_status.c ****                 *transfer_request -> ux_slave_transfer_request_data_pointer =  1;
 108              		.loc 1 136 13 is_stmt 1 view .LVU33
 136:Middlewares/ST/usbx/common/core/src/ux_device_stack_get_status.c ****                 *transfer_request -> ux_slave_transfer_request_data_pointer =  1;
 109              		.loc 1 136 34 is_stmt 0 view .LVU34
 110 0036 1B4B     		ldr	r3, .L15
 111 0038 1B68     		ldr	r3, [r3]
 112 003a D3F85831 		ldr	r3, [r3, #344]
 136:Middlewares/ST/usbx/common/core/src/ux_device_stack_get_status.c ****                 *transfer_request -> ux_slave_transfer_request_data_pointer =  1;
 113              		.loc 1 136 16 view .LVU35
 114 003e 022B     		cmp	r3, #2
 115 0040 0BD0     		beq	.L13
 116              	.L6:
 141:Middlewares/ST/usbx/common/core/src/ux_device_stack_get_status.c ****                 *transfer_request -> ux_slave_transfer_request_data_pointer |=  2;
 117              		.loc 1 141 13 is_stmt 1 view .LVU36
 141:Middlewares/ST/usbx/common/core/src/ux_device_stack_get_status.c ****                 *transfer_request -> ux_slave_transfer_request_data_pointer |=  2;
 118              		.loc 1 141 34 is_stmt 0 view .LVU37
 119 0042 184B     		ldr	r3, .L15
 120 0044 1B68     		ldr	r3, [r3]
 121 0046 D3F86031 		ldr	r3, [r3, #352]
 141:Middlewares/ST/usbx/common/core/src/ux_device_stack_get_status.c ****                 *transfer_request -> ux_slave_transfer_request_data_pointer |=  2;
 122              		.loc 1 141 16 view .LVU38
 123 004a 4BB3     		cbz	r3, .L10
 142:Middlewares/ST/usbx/common/core/src/ux_device_stack_get_status.c ****         }
 124              		.loc 1 142 17 is_stmt 1 view .LVU39
 142:Middlewares/ST/usbx/common/core/src/ux_device_stack_get_status.c ****         }
 125              		.loc 1 142 35 is_stmt 0 view .LVU40
 126 004c 626E     		ldr	r2, [r4, #100]
 142:Middlewares/ST/usbx/common/core/src/ux_device_stack_get_status.c ****         }
 127              		.loc 1 142 17 view .LVU41
 128 004e 1378     		ldrb	r3, [r2]	@ zero_extendqisi2
 142:Middlewares/ST/usbx/common/core/src/ux_device_stack_get_status.c ****         }
 129              		.loc 1 142 77 view .LVU42
 130 0050 43F00203 		orr	r3, r3, #2
 131 0054 1370     		strb	r3, [r2]
 110:Middlewares/ST/usbx/common/core/src/ux_device_stack_get_status.c ****     
 132              		.loc 1 110 17 view .LVU43
 133 0056 0225     		movs	r5, #2
 134 0058 0CE0     		b	.L5
 135              	.L13:
 137:Middlewares/ST/usbx/common/core/src/ux_device_stack_get_status.c **** 
 136              		.loc 1 137 17 is_stmt 1 view .LVU44
 137:Middlewares/ST/usbx/common/core/src/ux_device_stack_get_status.c **** 
 137              		.loc 1 137 35 is_stmt 0 view .LVU45
 138 005a 636E     		ldr	r3, [r4, #100]
 137:Middlewares/ST/usbx/common/core/src/ux_device_stack_get_status.c **** 
 139              		.loc 1 137 77 view .LVU46
 140 005c 0122     		movs	r2, #1
 141 005e 1A70     		strb	r2, [r3]
 142 0060 EFE7     		b	.L6
ARM GAS  C:\usertemp\ccFrxpda.s 			page 7


 143              	.LVL10:
 144              	.L3:
 158:Middlewares/ST/usbx/common/core/src/ux_device_stack_get_status.c **** #endif
 145              		.loc 1 158 9 is_stmt 1 view .LVU47
 158:Middlewares/ST/usbx/common/core/src/ux_device_stack_get_status.c **** #endif
 146              		.loc 1 158 23 is_stmt 0 view .LVU48
 147 0062 A369     		ldr	r3, [r4, #24]
 158:Middlewares/ST/usbx/common/core/src/ux_device_stack_get_status.c **** #endif
 148              		.loc 1 158 19 view .LVU49
 149 0064 0A46     		mov	r2, r1
 150 0066 1521     		movs	r1, #21
 151              	.LVL11:
 158:Middlewares/ST/usbx/common/core/src/ux_device_stack_get_status.c **** #endif
 152              		.loc 1 158 19 view .LVU50
 153 0068 2046     		mov	r0, r4
 154              	.LVL12:
 158:Middlewares/ST/usbx/common/core/src/ux_device_stack_get_status.c **** #endif
 155              		.loc 1 158 19 view .LVU51
 156 006a 9847     		blx	r3
 157              	.LVL13:
 162:Middlewares/ST/usbx/common/core/src/ux_device_stack_get_status.c ****         {
 158              		.loc 1 162 9 is_stmt 1 view .LVU52
 162:Middlewares/ST/usbx/common/core/src/ux_device_stack_get_status.c ****         {
 159              		.loc 1 162 12 is_stmt 0 view .LVU53
 160 006c FF28     		cmp	r0, #255
 161 006e 0ED0     		beq	.L7
 165:Middlewares/ST/usbx/common/core/src/ux_device_stack_get_status.c ****                 *transfer_request -> ux_slave_transfer_request_data_pointer =  1;
 162              		.loc 1 165 13 is_stmt 1 view .LVU54
 165:Middlewares/ST/usbx/common/core/src/ux_device_stack_get_status.c ****                 *transfer_request -> ux_slave_transfer_request_data_pointer =  1;
 163              		.loc 1 165 16 is_stmt 0 view .LVU55
 164 0070 0128     		cmp	r0, #1
 165 0072 08D0     		beq	.L14
 166              	.LVL14:
 167              	.L5:
 186:Middlewares/ST/usbx/common/core/src/ux_device_stack_get_status.c ****     }
 187:Middlewares/ST/usbx/common/core/src/ux_device_stack_get_status.c ****     
 188:Middlewares/ST/usbx/common/core/src/ux_device_stack_get_status.c ****     /* Set the phase of the transfer to data out.  */
 189:Middlewares/ST/usbx/common/core/src/ux_device_stack_get_status.c ****     transfer_request -> ux_slave_transfer_request_phase =  UX_TRANSFER_PHASE_DATA_OUT;
 168              		.loc 1 189 5 is_stmt 1 view .LVU56
 169              		.loc 1 189 57 is_stmt 0 view .LVU57
 170 0074 0323     		movs	r3, #3
 171 0076 C4F88030 		str	r3, [r4, #128]
 190:Middlewares/ST/usbx/common/core/src/ux_device_stack_get_status.c **** 
 191:Middlewares/ST/usbx/common/core/src/ux_device_stack_get_status.c ****     /* Send the descriptor with the appropriate length to the host.  */
 192:Middlewares/ST/usbx/common/core/src/ux_device_stack_get_status.c ****     status =  _ux_device_stack_transfer_request(transfer_request, data_length, data_length);
 172              		.loc 1 192 5 is_stmt 1 view .LVU58
 173              		.loc 1 192 15 is_stmt 0 view .LVU59
 174 007a 2A46     		mov	r2, r5
 175 007c 2946     		mov	r1, r5
 176 007e 3046     		mov	r0, r6
 177 0080 FFF7FEFF 		bl	_ux_device_stack_transfer_request
 178              	.LVL15:
 193:Middlewares/ST/usbx/common/core/src/ux_device_stack_get_status.c **** 
 194:Middlewares/ST/usbx/common/core/src/ux_device_stack_get_status.c ****     /* Return the function status.  */
 195:Middlewares/ST/usbx/common/core/src/ux_device_stack_get_status.c ****     return(status);
 179              		.loc 1 195 5 is_stmt 1 view .LVU60
 180              	.L1:
ARM GAS  C:\usertemp\ccFrxpda.s 			page 8


 196:Middlewares/ST/usbx/common/core/src/ux_device_stack_get_status.c **** }
 181              		.loc 1 196 1 is_stmt 0 view .LVU61
 182 0084 F8BD     		pop	{r3, r4, r5, r6, r7, pc}
 183              	.LVL16:
 184              	.L14:
 166:Middlewares/ST/usbx/common/core/src/ux_device_stack_get_status.c ****         }                        
 185              		.loc 1 166 17 is_stmt 1 view .LVU62
 166:Middlewares/ST/usbx/common/core/src/ux_device_stack_get_status.c ****         }                        
 186              		.loc 1 166 35 is_stmt 0 view .LVU63
 187 0086 636E     		ldr	r3, [r4, #100]
 166:Middlewares/ST/usbx/common/core/src/ux_device_stack_get_status.c ****         }                        
 188              		.loc 1 166 77 view .LVU64
 189 0088 0122     		movs	r2, #1
 190 008a 1A70     		strb	r2, [r3]
 191 008c F2E7     		b	.L5
 192              	.L7:
 172:Middlewares/ST/usbx/common/core/src/ux_device_stack_get_status.c ****     
 193              		.loc 1 172 13 is_stmt 1 view .LVU65
 172:Middlewares/ST/usbx/common/core/src/ux_device_stack_get_status.c ****     
 194              		.loc 1 172 17 is_stmt 0 view .LVU66
 195 008e A369     		ldr	r3, [r4, #24]
 172:Middlewares/ST/usbx/common/core/src/ux_device_stack_get_status.c ****     
 196              		.loc 1 172 13 view .LVU67
 197 0090 3A46     		mov	r2, r7
 198 0092 1421     		movs	r1, #20
 199 0094 2046     		mov	r0, r4
 200              	.LVL17:
 172:Middlewares/ST/usbx/common/core/src/ux_device_stack_get_status.c ****     
 201              		.loc 1 172 13 view .LVU68
 202 0096 9847     		blx	r3
 203              	.LVL18:
 175:Middlewares/ST/usbx/common/core/src/ux_device_stack_get_status.c ****         }
 204              		.loc 1 175 13 is_stmt 1 view .LVU69
 175:Middlewares/ST/usbx/common/core/src/ux_device_stack_get_status.c ****         }
 205              		.loc 1 175 19 is_stmt 0 view .LVU70
 206 0098 0020     		movs	r0, #0
 207 009a F3E7     		b	.L1
 208              	.LVL19:
 209              	.L9:
 124:Middlewares/ST/usbx/common/core/src/ux_device_stack_get_status.c ****             
 210              		.loc 1 124 25 view .LVU71
 211 009c 0125     		movs	r5, #1
 212 009e E9E7     		b	.L5
 213              	.L10:
 110:Middlewares/ST/usbx/common/core/src/ux_device_stack_get_status.c ****     
 214              		.loc 1 110 17 view .LVU72
 215 00a0 0225     		movs	r5, #2
 216 00a2 E7E7     		b	.L5
 217              	.L16:
 218              		.align	2
 219              	.L15:
 220 00a4 00000000 		.word	_ux_system_slave
 221              		.cfi_endproc
 222              	.LFE11:
 224              		.text
 225              	.Letext0:
 226              		.file 2 "Middlewares/ST/threadx/ports/cortex_m33/gnu/inc/tx_port.h"
ARM GAS  C:\usertemp\ccFrxpda.s 			page 9


 227              		.file 3 "Middlewares/ST/threadx/common/inc/tx_api.h"
 228              		.file 4 "Middlewares/ST/usbx/common/core/inc/ux_api.h"
 229              		.file 5 "Middlewares/ST/usbx/common/core/inc/ux_system.h"
 230              		.file 6 "Middlewares/ST/usbx/common/core/inc/ux_device_stack.h"
ARM GAS  C:\usertemp\ccFrxpda.s 			page 10


DEFINED SYMBOLS
                            *ABS*:00000000 ux_device_stack_get_status.c
C:\usertemp\ccFrxpda.s:22     .text._ux_device_stack_get_status:00000000 $t
C:\usertemp\ccFrxpda.s:28     .text._ux_device_stack_get_status:00000000 _ux_device_stack_get_status
C:\usertemp\ccFrxpda.s:220    .text._ux_device_stack_get_status:000000a4 $d

UNDEFINED SYMBOLS
_ux_device_stack_transfer_request
_ux_system_slave
