ARM GAS  C:\usertemp\ccj8zw3T.s 			page 1


   1              		.cpu cortex-m33
   2              		.arch armv8-m.main
   3              		.fpu fpv4-sp-d16
   4              		.arch_extension dsp
   5              		.eabi_attribute 27, 1
   6              		.eabi_attribute 28, 1
   7              		.eabi_attribute 20, 1
   8              		.eabi_attribute 21, 1
   9              		.eabi_attribute 23, 3
  10              		.eabi_attribute 24, 1
  11              		.eabi_attribute 25, 1
  12              		.eabi_attribute 26, 1
  13              		.eabi_attribute 30, 1
  14              		.eabi_attribute 34, 1
  15              		.eabi_attribute 18, 4
  16              		.file	"ux_device_stack_configuration_set.c"
  17              		.text
  18              	.Ltext0:
  19              		.cfi_sections	.debug_frame
  20              		.file 1 "Middlewares/ST/usbx/common/core/src/ux_device_stack_configuration_set.c"
  21              		.section	.text._ux_device_stack_configuration_set,"ax",%progbits
  22              		.align	1
  23              		.global	_ux_device_stack_configuration_set
  24              		.syntax unified
  25              		.thumb
  26              		.thumb_func
  28              	_ux_device_stack_configuration_set:
  29              	.LVL0:
  30              	.LFB11:
   1:Middlewares/ST/usbx/common/core/src/ux_device_stack_configuration_set.c **** /**************************************************************************/
   2:Middlewares/ST/usbx/common/core/src/ux_device_stack_configuration_set.c **** /*                                                                        */
   3:Middlewares/ST/usbx/common/core/src/ux_device_stack_configuration_set.c **** /*       Copyright (c) Microsoft Corporation. All rights reserved.        */
   4:Middlewares/ST/usbx/common/core/src/ux_device_stack_configuration_set.c **** /*                                                                        */
   5:Middlewares/ST/usbx/common/core/src/ux_device_stack_configuration_set.c **** /*       This software is licensed under the Microsoft Software License   */
   6:Middlewares/ST/usbx/common/core/src/ux_device_stack_configuration_set.c **** /*       Terms for Microsoft Azure RTOS. Full text of the license can be  */
   7:Middlewares/ST/usbx/common/core/src/ux_device_stack_configuration_set.c **** /*       found in the LICENSE file at https://aka.ms/AzureRTOS_EULA       */
   8:Middlewares/ST/usbx/common/core/src/ux_device_stack_configuration_set.c **** /*       and in the root directory of this software.                      */
   9:Middlewares/ST/usbx/common/core/src/ux_device_stack_configuration_set.c **** /*                                                                        */
  10:Middlewares/ST/usbx/common/core/src/ux_device_stack_configuration_set.c **** /**************************************************************************/
  11:Middlewares/ST/usbx/common/core/src/ux_device_stack_configuration_set.c **** 
  12:Middlewares/ST/usbx/common/core/src/ux_device_stack_configuration_set.c **** 
  13:Middlewares/ST/usbx/common/core/src/ux_device_stack_configuration_set.c **** /**************************************************************************/
  14:Middlewares/ST/usbx/common/core/src/ux_device_stack_configuration_set.c **** /**************************************************************************/
  15:Middlewares/ST/usbx/common/core/src/ux_device_stack_configuration_set.c **** /**                                                                       */ 
  16:Middlewares/ST/usbx/common/core/src/ux_device_stack_configuration_set.c **** /** USBX Component                                                        */ 
  17:Middlewares/ST/usbx/common/core/src/ux_device_stack_configuration_set.c **** /**                                                                       */
  18:Middlewares/ST/usbx/common/core/src/ux_device_stack_configuration_set.c **** /**   Device Stack                                                        */
  19:Middlewares/ST/usbx/common/core/src/ux_device_stack_configuration_set.c **** /**                                                                       */
  20:Middlewares/ST/usbx/common/core/src/ux_device_stack_configuration_set.c **** /**************************************************************************/
  21:Middlewares/ST/usbx/common/core/src/ux_device_stack_configuration_set.c **** /**************************************************************************/
  22:Middlewares/ST/usbx/common/core/src/ux_device_stack_configuration_set.c **** 
  23:Middlewares/ST/usbx/common/core/src/ux_device_stack_configuration_set.c **** #define UX_SOURCE_CODE
  24:Middlewares/ST/usbx/common/core/src/ux_device_stack_configuration_set.c **** 
  25:Middlewares/ST/usbx/common/core/src/ux_device_stack_configuration_set.c **** 
  26:Middlewares/ST/usbx/common/core/src/ux_device_stack_configuration_set.c **** /* Include necessary system files.  */
  27:Middlewares/ST/usbx/common/core/src/ux_device_stack_configuration_set.c **** 
  28:Middlewares/ST/usbx/common/core/src/ux_device_stack_configuration_set.c **** #include "ux_api.h"
ARM GAS  C:\usertemp\ccj8zw3T.s 			page 2


  29:Middlewares/ST/usbx/common/core/src/ux_device_stack_configuration_set.c **** #include "ux_device_stack.h"
  30:Middlewares/ST/usbx/common/core/src/ux_device_stack_configuration_set.c **** 
  31:Middlewares/ST/usbx/common/core/src/ux_device_stack_configuration_set.c **** 
  32:Middlewares/ST/usbx/common/core/src/ux_device_stack_configuration_set.c **** /**************************************************************************/
  33:Middlewares/ST/usbx/common/core/src/ux_device_stack_configuration_set.c **** /*                                                                        */
  34:Middlewares/ST/usbx/common/core/src/ux_device_stack_configuration_set.c **** /*  FUNCTION                                               RELEASE        */
  35:Middlewares/ST/usbx/common/core/src/ux_device_stack_configuration_set.c **** /*                                                                        */
  36:Middlewares/ST/usbx/common/core/src/ux_device_stack_configuration_set.c **** /*    _ux_device_stack_configuration_set                  PORTABLE C      */
  37:Middlewares/ST/usbx/common/core/src/ux_device_stack_configuration_set.c **** /*                                                           6.1.12       */
  38:Middlewares/ST/usbx/common/core/src/ux_device_stack_configuration_set.c **** /*  AUTHOR                                                                */
  39:Middlewares/ST/usbx/common/core/src/ux_device_stack_configuration_set.c **** /*                                                                        */
  40:Middlewares/ST/usbx/common/core/src/ux_device_stack_configuration_set.c **** /*    Chaoqiong Xiao, Microsoft Corporation                               */
  41:Middlewares/ST/usbx/common/core/src/ux_device_stack_configuration_set.c **** /*                                                                        */
  42:Middlewares/ST/usbx/common/core/src/ux_device_stack_configuration_set.c **** /*  DESCRIPTION                                                           */
  43:Middlewares/ST/usbx/common/core/src/ux_device_stack_configuration_set.c **** /*                                                                        */
  44:Middlewares/ST/usbx/common/core/src/ux_device_stack_configuration_set.c **** /*    This function sets the configuration from the host and will enable  */
  45:Middlewares/ST/usbx/common/core/src/ux_device_stack_configuration_set.c **** /*    the default alternate setting 0 for all the interfaces attached to  */
  46:Middlewares/ST/usbx/common/core/src/ux_device_stack_configuration_set.c **** /*    this configuration.                                                 */
  47:Middlewares/ST/usbx/common/core/src/ux_device_stack_configuration_set.c **** /*                                                                        */
  48:Middlewares/ST/usbx/common/core/src/ux_device_stack_configuration_set.c **** /*  INPUT                                                                 */
  49:Middlewares/ST/usbx/common/core/src/ux_device_stack_configuration_set.c **** /*                                                                        */
  50:Middlewares/ST/usbx/common/core/src/ux_device_stack_configuration_set.c **** /*    endpoint                              Pointer to endpoint           */
  51:Middlewares/ST/usbx/common/core/src/ux_device_stack_configuration_set.c **** /*    configuration_value                   Configuration selected        */
  52:Middlewares/ST/usbx/common/core/src/ux_device_stack_configuration_set.c **** /*                                                                        */
  53:Middlewares/ST/usbx/common/core/src/ux_device_stack_configuration_set.c **** /*  OUTPUT                                                                */
  54:Middlewares/ST/usbx/common/core/src/ux_device_stack_configuration_set.c **** /*                                                                        */
  55:Middlewares/ST/usbx/common/core/src/ux_device_stack_configuration_set.c **** /*    Completion Status                                                   */ 
  56:Middlewares/ST/usbx/common/core/src/ux_device_stack_configuration_set.c **** /*                                                                        */
  57:Middlewares/ST/usbx/common/core/src/ux_device_stack_configuration_set.c **** /*  CALLS                                                                 */ 
  58:Middlewares/ST/usbx/common/core/src/ux_device_stack_configuration_set.c **** /*                                                                        */
  59:Middlewares/ST/usbx/common/core/src/ux_device_stack_configuration_set.c **** /*    (ux_slave_class_entry_function)       Device class entry function   */ 
  60:Middlewares/ST/usbx/common/core/src/ux_device_stack_configuration_set.c **** /*    (ux_slave_dcd_function)               DCD dispatch function         */ 
  61:Middlewares/ST/usbx/common/core/src/ux_device_stack_configuration_set.c **** /*    _ux_device_stack_interface_delete     Delete interface              */
  62:Middlewares/ST/usbx/common/core/src/ux_device_stack_configuration_set.c **** /*    _ux_device_stack_interface_set        Set interface                 */ 
  63:Middlewares/ST/usbx/common/core/src/ux_device_stack_configuration_set.c **** /*    _ux_utility_descriptor_parse          Parse descriptor              */ 
  64:Middlewares/ST/usbx/common/core/src/ux_device_stack_configuration_set.c **** /*                                                                        */ 
  65:Middlewares/ST/usbx/common/core/src/ux_device_stack_configuration_set.c **** /*  CALLED BY                                                             */ 
  66:Middlewares/ST/usbx/common/core/src/ux_device_stack_configuration_set.c **** /*                                                                        */ 
  67:Middlewares/ST/usbx/common/core/src/ux_device_stack_configuration_set.c **** /*    Application                                                         */ 
  68:Middlewares/ST/usbx/common/core/src/ux_device_stack_configuration_set.c **** /*    Device Stack                                                        */
  69:Middlewares/ST/usbx/common/core/src/ux_device_stack_configuration_set.c **** /*                                                                        */ 
  70:Middlewares/ST/usbx/common/core/src/ux_device_stack_configuration_set.c **** /*  RELEASE HISTORY                                                       */ 
  71:Middlewares/ST/usbx/common/core/src/ux_device_stack_configuration_set.c **** /*                                                                        */ 
  72:Middlewares/ST/usbx/common/core/src/ux_device_stack_configuration_set.c **** /*    DATE              NAME                      DESCRIPTION             */ 
  73:Middlewares/ST/usbx/common/core/src/ux_device_stack_configuration_set.c **** /*                                                                        */ 
  74:Middlewares/ST/usbx/common/core/src/ux_device_stack_configuration_set.c **** /*  05-19-2020     Chaoqiong Xiao           Initial Version 6.0           */
  75:Middlewares/ST/usbx/common/core/src/ux_device_stack_configuration_set.c **** /*  09-30-2020     Chaoqiong Xiao           Modified comment(s),          */
  76:Middlewares/ST/usbx/common/core/src/ux_device_stack_configuration_set.c **** /*                                            optimized based on compile  */
  77:Middlewares/ST/usbx/common/core/src/ux_device_stack_configuration_set.c **** /*                                            definitions,                */
  78:Middlewares/ST/usbx/common/core/src/ux_device_stack_configuration_set.c **** /*                                            resulting in version 6.1    */
  79:Middlewares/ST/usbx/common/core/src/ux_device_stack_configuration_set.c **** /*  07-29-2022     Chaoqiong Xiao           Modified comment(s),          */
  80:Middlewares/ST/usbx/common/core/src/ux_device_stack_configuration_set.c **** /*                                            fixed parameter/variable    */
  81:Middlewares/ST/usbx/common/core/src/ux_device_stack_configuration_set.c **** /*                                            names conflict C++ keyword, */
  82:Middlewares/ST/usbx/common/core/src/ux_device_stack_configuration_set.c **** /*                                            resulting in version 6.1.12 */
  83:Middlewares/ST/usbx/common/core/src/ux_device_stack_configuration_set.c **** /*                                                                        */
  84:Middlewares/ST/usbx/common/core/src/ux_device_stack_configuration_set.c **** /**************************************************************************/
  85:Middlewares/ST/usbx/common/core/src/ux_device_stack_configuration_set.c **** UINT  _ux_device_stack_configuration_set(ULONG configuration_value)
ARM GAS  C:\usertemp\ccj8zw3T.s 			page 3


  86:Middlewares/ST/usbx/common/core/src/ux_device_stack_configuration_set.c **** {
  31              		.loc 1 86 1 view -0
  32              		.cfi_startproc
  33              		@ args = 0, pretend = 0, frame = 80
  34              		@ frame_needed = 0, uses_anonymous_args = 0
  35              		.loc 1 86 1 is_stmt 0 view .LVU1
  36 0000 2DE9F04F 		push	{r4, r5, r6, r7, r8, r9, r10, fp, lr}
  37              	.LCFI0:
  38              		.cfi_def_cfa_offset 36
  39              		.cfi_offset 4, -36
  40              		.cfi_offset 5, -32
  41              		.cfi_offset 6, -28
  42              		.cfi_offset 7, -24
  43              		.cfi_offset 8, -20
  44              		.cfi_offset 9, -16
  45              		.cfi_offset 10, -12
  46              		.cfi_offset 11, -8
  47              		.cfi_offset 14, -4
  48 0004 95B0     		sub	sp, sp, #84
  49              	.LCFI1:
  50              		.cfi_def_cfa_offset 120
  87:Middlewares/ST/usbx/common/core/src/ux_device_stack_configuration_set.c **** 
  88:Middlewares/ST/usbx/common/core/src/ux_device_stack_configuration_set.c **** UX_SLAVE_DCD                    *dcd;
  51              		.loc 1 88 1 is_stmt 1 view .LVU2
  89:Middlewares/ST/usbx/common/core/src/ux_device_stack_configuration_set.c **** UCHAR *                         device_framework;
  52              		.loc 1 89 1 view .LVU3
  90:Middlewares/ST/usbx/common/core/src/ux_device_stack_configuration_set.c **** ULONG                           device_framework_length;
  53              		.loc 1 90 1 view .LVU4
  91:Middlewares/ST/usbx/common/core/src/ux_device_stack_configuration_set.c **** ULONG                           descriptor_length;
  54              		.loc 1 91 1 view .LVU5
  92:Middlewares/ST/usbx/common/core/src/ux_device_stack_configuration_set.c **** UCHAR                           descriptor_type;
  55              		.loc 1 92 1 view .LVU6
  93:Middlewares/ST/usbx/common/core/src/ux_device_stack_configuration_set.c **** UX_CONFIGURATION_DESCRIPTOR     configuration_descriptor = { 0 };
  56              		.loc 1 93 1 view .LVU7
  57              		.loc 1 93 33 is_stmt 0 view .LVU8
  58 0006 0023     		movs	r3, #0
  59 0008 1193     		str	r3, [sp, #68]
  60 000a 1293     		str	r3, [sp, #72]
  61 000c 1393     		str	r3, [sp, #76]
  94:Middlewares/ST/usbx/common/core/src/ux_device_stack_configuration_set.c **** UX_INTERFACE_DESCRIPTOR         interface_descriptor;
  62              		.loc 1 94 1 is_stmt 1 view .LVU9
  95:Middlewares/ST/usbx/common/core/src/ux_device_stack_configuration_set.c **** UX_SLAVE_INTERFACE              *interface_ptr; 
  63              		.loc 1 95 1 view .LVU10
  96:Middlewares/ST/usbx/common/core/src/ux_device_stack_configuration_set.c **** #if !defined(UX_DEVICE_INITIALIZE_FRAMEWORK_SCAN_DISABLE) || UX_MAX_DEVICE_INTERFACES > 1
  97:Middlewares/ST/usbx/common/core/src/ux_device_stack_configuration_set.c **** UX_SLAVE_INTERFACE              *next_interface; 
  64              		.loc 1 97 1 view .LVU11
  98:Middlewares/ST/usbx/common/core/src/ux_device_stack_configuration_set.c **** #endif
  99:Middlewares/ST/usbx/common/core/src/ux_device_stack_configuration_set.c **** UX_SLAVE_CLASS                  *class_inst;
  65              		.loc 1 99 1 view .LVU12
 100:Middlewares/ST/usbx/common/core/src/ux_device_stack_configuration_set.c **** UX_SLAVE_CLASS                  *current_class =  UX_NULL;
  66              		.loc 1 100 1 view .LVU13
  67              	.LVL1:
 101:Middlewares/ST/usbx/common/core/src/ux_device_stack_configuration_set.c **** UX_SLAVE_CLASS_COMMAND          class_command;
  68              		.loc 1 101 1 view .LVU14
 102:Middlewares/ST/usbx/common/core/src/ux_device_stack_configuration_set.c **** UX_SLAVE_DEVICE                 *device;
  69              		.loc 1 102 1 view .LVU15
 103:Middlewares/ST/usbx/common/core/src/ux_device_stack_configuration_set.c **** ULONG                           iad_flag;
ARM GAS  C:\usertemp\ccj8zw3T.s 			page 4


  70              		.loc 1 103 1 view .LVU16
 104:Middlewares/ST/usbx/common/core/src/ux_device_stack_configuration_set.c **** ULONG                           iad_first_interface =  0;
  71              		.loc 1 104 1 view .LVU17
 105:Middlewares/ST/usbx/common/core/src/ux_device_stack_configuration_set.c **** ULONG                           iad_number_interfaces =  0;
  72              		.loc 1 105 1 view .LVU18
 106:Middlewares/ST/usbx/common/core/src/ux_device_stack_configuration_set.c **** #if UX_MAX_SLAVE_CLASS_DRIVER > 1
 107:Middlewares/ST/usbx/common/core/src/ux_device_stack_configuration_set.c **** ULONG                           class_index;
 108:Middlewares/ST/usbx/common/core/src/ux_device_stack_configuration_set.c **** #endif
 109:Middlewares/ST/usbx/common/core/src/ux_device_stack_configuration_set.c **** 
 110:Middlewares/ST/usbx/common/core/src/ux_device_stack_configuration_set.c **** 
 111:Middlewares/ST/usbx/common/core/src/ux_device_stack_configuration_set.c ****     /* If trace is enabled, insert this event into the trace buffer.  */
 112:Middlewares/ST/usbx/common/core/src/ux_device_stack_configuration_set.c ****     UX_TRACE_IN_LINE_INSERT(UX_TRACE_DEVICE_STACK_CONFIGURATION_SET, configuration_value, 0, 0, 0, 
 113:Middlewares/ST/usbx/common/core/src/ux_device_stack_configuration_set.c **** 
 114:Middlewares/ST/usbx/common/core/src/ux_device_stack_configuration_set.c ****     /* Get the pointer to the DCD.  */
 115:Middlewares/ST/usbx/common/core/src/ux_device_stack_configuration_set.c ****     dcd =  &_ux_system_slave -> ux_system_slave_dcd;
  73              		.loc 1 115 5 view .LVU19
  74              		.loc 1 115 30 is_stmt 0 view .LVU20
  75 000e 6B4B     		ldr	r3, .L33
  76 0010 1E68     		ldr	r6, [r3]
  77              	.LVL2:
 116:Middlewares/ST/usbx/common/core/src/ux_device_stack_configuration_set.c **** 
 117:Middlewares/ST/usbx/common/core/src/ux_device_stack_configuration_set.c ****     /* Get the pointer to the device.  */
 118:Middlewares/ST/usbx/common/core/src/ux_device_stack_configuration_set.c ****     device =  &_ux_system_slave -> ux_system_slave_device;
  78              		.loc 1 118 5 is_stmt 1 view .LVU21
 119:Middlewares/ST/usbx/common/core/src/ux_device_stack_configuration_set.c ****     
 120:Middlewares/ST/usbx/common/core/src/ux_device_stack_configuration_set.c ****     /* Reset the IAD flag.  */
 121:Middlewares/ST/usbx/common/core/src/ux_device_stack_configuration_set.c ****     iad_flag =  UX_FALSE;
  79              		.loc 1 121 5 view .LVU22
 122:Middlewares/ST/usbx/common/core/src/ux_device_stack_configuration_set.c **** 
 123:Middlewares/ST/usbx/common/core/src/ux_device_stack_configuration_set.c ****     /* If the configuration value is already selected, keep it.  */
 124:Middlewares/ST/usbx/common/core/src/ux_device_stack_configuration_set.c ****     if (device -> ux_slave_device_configuration_selected == configuration_value)
  80              		.loc 1 124 5 view .LVU23
  81              		.loc 1 124 16 is_stmt 0 view .LVU24
  82 0012 D6F8B830 		ldr	r3, [r6, #184]
  83              		.loc 1 124 8 view .LVU25
  84 0016 8342     		cmp	r3, r0
  85 0018 00F0CC80 		beq	.L21
  86 001c 8046     		mov	r8, r0
 125:Middlewares/ST/usbx/common/core/src/ux_device_stack_configuration_set.c ****         return(UX_SUCCESS);
 126:Middlewares/ST/usbx/common/core/src/ux_device_stack_configuration_set.c **** 
 127:Middlewares/ST/usbx/common/core/src/ux_device_stack_configuration_set.c ****     /* We may have multiple configurations !, the index will tell us what
 128:Middlewares/ST/usbx/common/core/src/ux_device_stack_configuration_set.c ****        configuration descriptor we need to return.  */
 129:Middlewares/ST/usbx/common/core/src/ux_device_stack_configuration_set.c ****     device_framework = _ux_system_slave -> ux_system_slave_device_framework;
  87              		.loc 1 129 5 is_stmt 1 view .LVU26
  88              		.loc 1 129 22 is_stmt 0 view .LVU27
  89 001e D6F8E040 		ldr	r4, [r6, #224]
  90              	.LVL3:
 130:Middlewares/ST/usbx/common/core/src/ux_device_stack_configuration_set.c ****     device_framework_length =  _ux_system_slave -> ux_system_slave_device_framework_length;
  91              		.loc 1 130 5 is_stmt 1 view .LVU28
  92              		.loc 1 130 29 is_stmt 0 view .LVU29
  93 0022 D6F8E450 		ldr	r5, [r6, #228]
  94              	.LVL4:
 131:Middlewares/ST/usbx/common/core/src/ux_device_stack_configuration_set.c **** 
 132:Middlewares/ST/usbx/common/core/src/ux_device_stack_configuration_set.c ****     /* Parse the device framework and locate a configuration descriptor.  */
 133:Middlewares/ST/usbx/common/core/src/ux_device_stack_configuration_set.c ****     while (device_framework_length != 0)
  95              		.loc 1 133 5 is_stmt 1 view .LVU30
  96              		.loc 1 133 11 is_stmt 0 view .LVU31
ARM GAS  C:\usertemp\ccj8zw3T.s 			page 5


  97 0026 01E0     		b	.L3
  98              	.LVL5:
  99              	.L4:
 134:Middlewares/ST/usbx/common/core/src/ux_device_stack_configuration_set.c ****     {
 135:Middlewares/ST/usbx/common/core/src/ux_device_stack_configuration_set.c ****         /* Get the length of the current descriptor.  */
 136:Middlewares/ST/usbx/common/core/src/ux_device_stack_configuration_set.c ****         descriptor_length =  (ULONG) *device_framework;
 137:Middlewares/ST/usbx/common/core/src/ux_device_stack_configuration_set.c **** 
 138:Middlewares/ST/usbx/common/core/src/ux_device_stack_configuration_set.c ****         /* And its type.  */
 139:Middlewares/ST/usbx/common/core/src/ux_device_stack_configuration_set.c ****         descriptor_type =  *(device_framework + 1);
 140:Middlewares/ST/usbx/common/core/src/ux_device_stack_configuration_set.c **** 
 141:Middlewares/ST/usbx/common/core/src/ux_device_stack_configuration_set.c ****         /* Check if this is a configuration descriptor.  */
 142:Middlewares/ST/usbx/common/core/src/ux_device_stack_configuration_set.c ****         if (descriptor_type == UX_CONFIGURATION_DESCRIPTOR_ITEM)
 143:Middlewares/ST/usbx/common/core/src/ux_device_stack_configuration_set.c ****         {
 144:Middlewares/ST/usbx/common/core/src/ux_device_stack_configuration_set.c ****             /* Parse the descriptor in something more readable.  */
 145:Middlewares/ST/usbx/common/core/src/ux_device_stack_configuration_set.c ****             _ux_utility_descriptor_parse(device_framework,
 146:Middlewares/ST/usbx/common/core/src/ux_device_stack_configuration_set.c ****                         _ux_system_configuration_descriptor_structure,
 147:Middlewares/ST/usbx/common/core/src/ux_device_stack_configuration_set.c ****                         UX_CONFIGURATION_DESCRIPTOR_ENTRIES,
 148:Middlewares/ST/usbx/common/core/src/ux_device_stack_configuration_set.c ****                         (UCHAR *) &configuration_descriptor);
 149:Middlewares/ST/usbx/common/core/src/ux_device_stack_configuration_set.c **** 
 150:Middlewares/ST/usbx/common/core/src/ux_device_stack_configuration_set.c ****             /* Now we need to check the configuration value. It has
 151:Middlewares/ST/usbx/common/core/src/ux_device_stack_configuration_set.c ****                to be the same as the one specified in the setup function.  */
 152:Middlewares/ST/usbx/common/core/src/ux_device_stack_configuration_set.c ****             if (configuration_descriptor.bConfigurationValue == configuration_value)
 153:Middlewares/ST/usbx/common/core/src/ux_device_stack_configuration_set.c ****                 /* The configuration is found. */
 154:Middlewares/ST/usbx/common/core/src/ux_device_stack_configuration_set.c ****                 break;
 155:Middlewares/ST/usbx/common/core/src/ux_device_stack_configuration_set.c ****         }
 156:Middlewares/ST/usbx/common/core/src/ux_device_stack_configuration_set.c **** 
 157:Middlewares/ST/usbx/common/core/src/ux_device_stack_configuration_set.c ****         /* Adjust what is left of the device framework.  */
 158:Middlewares/ST/usbx/common/core/src/ux_device_stack_configuration_set.c ****         device_framework_length -= descriptor_length;
 100              		.loc 1 158 9 is_stmt 1 view .LVU32
 101              		.loc 1 158 33 is_stmt 0 view .LVU33
 102 0028 ED1B     		subs	r5, r5, r7
 103              	.LVL6:
 159:Middlewares/ST/usbx/common/core/src/ux_device_stack_configuration_set.c ****         /* Point to the next descriptor.  */
 160:Middlewares/ST/usbx/common/core/src/ux_device_stack_configuration_set.c ****         device_framework += descriptor_length;
 104              		.loc 1 160 9 is_stmt 1 view .LVU34
 105              		.loc 1 160 26 is_stmt 0 view .LVU35
 106 002a 3C44     		add	r4, r4, r7
 107              	.LVL7:
 108              	.L3:
 133:Middlewares/ST/usbx/common/core/src/ux_device_stack_configuration_set.c ****     {
 109              		.loc 1 133 36 is_stmt 1 view .LVU36
 110 002c 6DB1     		cbz	r5, .L5
 136:Middlewares/ST/usbx/common/core/src/ux_device_stack_configuration_set.c **** 
 111              		.loc 1 136 9 view .LVU37
 136:Middlewares/ST/usbx/common/core/src/ux_device_stack_configuration_set.c **** 
 112              		.loc 1 136 38 is_stmt 0 view .LVU38
 113 002e 2778     		ldrb	r7, [r4]	@ zero_extendqisi2
 114              	.LVL8:
 139:Middlewares/ST/usbx/common/core/src/ux_device_stack_configuration_set.c **** 
 115              		.loc 1 139 9 is_stmt 1 view .LVU39
 139:Middlewares/ST/usbx/common/core/src/ux_device_stack_configuration_set.c **** 
 116              		.loc 1 139 25 is_stmt 0 view .LVU40
 117 0030 6378     		ldrb	r3, [r4, #1]	@ zero_extendqisi2
 118              	.LVL9:
 142:Middlewares/ST/usbx/common/core/src/ux_device_stack_configuration_set.c ****         {
 119              		.loc 1 142 9 is_stmt 1 view .LVU41
 142:Middlewares/ST/usbx/common/core/src/ux_device_stack_configuration_set.c ****         {
ARM GAS  C:\usertemp\ccj8zw3T.s 			page 6


 120              		.loc 1 142 12 is_stmt 0 view .LVU42
 121 0032 022B     		cmp	r3, #2
 122 0034 F8D1     		bne	.L4
 145:Middlewares/ST/usbx/common/core/src/ux_device_stack_configuration_set.c ****                         _ux_system_configuration_descriptor_structure,
 123              		.loc 1 145 13 is_stmt 1 view .LVU43
 124 0036 11AB     		add	r3, sp, #68
 125 0038 0822     		movs	r2, #8
 126 003a 6149     		ldr	r1, .L33+4
 127 003c 2046     		mov	r0, r4
 128 003e FFF7FEFF 		bl	_ux_utility_descriptor_parse
 129              	.LVL10:
 152:Middlewares/ST/usbx/common/core/src/ux_device_stack_configuration_set.c ****                 /* The configuration is found. */
 130              		.loc 1 152 13 view .LVU44
 152:Middlewares/ST/usbx/common/core/src/ux_device_stack_configuration_set.c ****                 /* The configuration is found. */
 131              		.loc 1 152 41 is_stmt 0 view .LVU45
 132 0042 9DF84930 		ldrb	r3, [sp, #73]	@ zero_extendqisi2
 152:Middlewares/ST/usbx/common/core/src/ux_device_stack_configuration_set.c ****                 /* The configuration is found. */
 133              		.loc 1 152 16 view .LVU46
 134 0046 4345     		cmp	r3, r8
 135 0048 EED1     		bne	.L4
 136              	.LVL11:
 137              	.L5:
 161:Middlewares/ST/usbx/common/core/src/ux_device_stack_configuration_set.c ****     }
 162:Middlewares/ST/usbx/common/core/src/ux_device_stack_configuration_set.c **** 
 163:Middlewares/ST/usbx/common/core/src/ux_device_stack_configuration_set.c ****     /* Configuration not found. */
 164:Middlewares/ST/usbx/common/core/src/ux_device_stack_configuration_set.c ****     if (device_framework_length == 0 && configuration_value != 0)
 138              		.loc 1 164 5 is_stmt 1 view .LVU47
 139              		.loc 1 164 8 is_stmt 0 view .LVU48
 140 004a 1DB9     		cbnz	r5, .L7
 141              		.loc 1 164 38 discriminator 1 view .LVU49
 142 004c B8F1000F 		cmp	r8, #0
 143 0050 40F0B280 		bne	.L22
 144              	.L7:
 165:Middlewares/ST/usbx/common/core/src/ux_device_stack_configuration_set.c ****         return(UX_ERROR);
 166:Middlewares/ST/usbx/common/core/src/ux_device_stack_configuration_set.c **** 
 167:Middlewares/ST/usbx/common/core/src/ux_device_stack_configuration_set.c ****     /* We unmount the configuration if there is previous configuration selected. */
 168:Middlewares/ST/usbx/common/core/src/ux_device_stack_configuration_set.c ****     if (device -> ux_slave_device_configuration_selected)
 145              		.loc 1 168 5 is_stmt 1 view .LVU50
 146              		.loc 1 168 16 is_stmt 0 view .LVU51
 147 0054 D6F8B830 		ldr	r3, [r6, #184]
 148              		.loc 1 168 8 view .LVU52
 149 0058 9BB1     		cbz	r3, .L8
 169:Middlewares/ST/usbx/common/core/src/ux_device_stack_configuration_set.c ****     {
 170:Middlewares/ST/usbx/common/core/src/ux_device_stack_configuration_set.c **** 
 171:Middlewares/ST/usbx/common/core/src/ux_device_stack_configuration_set.c ****         /* Get the pointer to the first interface.  */
 172:Middlewares/ST/usbx/common/core/src/ux_device_stack_configuration_set.c ****         interface_ptr =  device -> ux_slave_device_first_interface;
 150              		.loc 1 172 9 is_stmt 1 view .LVU53
 151              		.loc 1 172 23 is_stmt 0 view .LVU54
 152 005a D6F8C850 		ldr	r5, [r6, #200]
 153              	.LVL12:
 173:Middlewares/ST/usbx/common/core/src/ux_device_stack_configuration_set.c **** 
 174:Middlewares/ST/usbx/common/core/src/ux_device_stack_configuration_set.c **** #if !defined(UX_DEVICE_INITIALIZE_FRAMEWORK_SCAN_DISABLE) || UX_MAX_DEVICE_INTERFACES > 1
 175:Middlewares/ST/usbx/common/core/src/ux_device_stack_configuration_set.c ****         /* Deactivate all the interfaces if any.  */
 176:Middlewares/ST/usbx/common/core/src/ux_device_stack_configuration_set.c ****         while (interface_ptr != UX_NULL)
 154              		.loc 1 176 9 is_stmt 1 view .LVU55
 155              		.loc 1 176 15 is_stmt 0 view .LVU56
 156 005e 04E0     		b	.L9
ARM GAS  C:\usertemp\ccj8zw3T.s 			page 7


 157              	.LVL13:
 158              	.L10:
 177:Middlewares/ST/usbx/common/core/src/ux_device_stack_configuration_set.c ****         {
 178:Middlewares/ST/usbx/common/core/src/ux_device_stack_configuration_set.c **** #endif
 179:Middlewares/ST/usbx/common/core/src/ux_device_stack_configuration_set.c ****             /* Build all the fields of the Class Command.  */
 180:Middlewares/ST/usbx/common/core/src/ux_device_stack_configuration_set.c ****             class_command.ux_slave_class_command_request =   UX_SLAVE_CLASS_COMMAND_DEACTIVATE;
 181:Middlewares/ST/usbx/common/core/src/ux_device_stack_configuration_set.c ****             class_command.ux_slave_class_command_interface =  (VOID *) interface_ptr;
 182:Middlewares/ST/usbx/common/core/src/ux_device_stack_configuration_set.c **** 
 183:Middlewares/ST/usbx/common/core/src/ux_device_stack_configuration_set.c ****             /* Get the pointer to the class container of this interface.  */
 184:Middlewares/ST/usbx/common/core/src/ux_device_stack_configuration_set.c ****             class_inst =  interface_ptr -> ux_slave_interface_class;
 185:Middlewares/ST/usbx/common/core/src/ux_device_stack_configuration_set.c **** 
 186:Middlewares/ST/usbx/common/core/src/ux_device_stack_configuration_set.c ****             /* Store the class container. */
 187:Middlewares/ST/usbx/common/core/src/ux_device_stack_configuration_set.c ****             class_command.ux_slave_class_command_class_ptr =  class_inst;
 188:Middlewares/ST/usbx/common/core/src/ux_device_stack_configuration_set.c **** 
 189:Middlewares/ST/usbx/common/core/src/ux_device_stack_configuration_set.c ****             /* If there is a class container for this instance, deactivate it.  */
 190:Middlewares/ST/usbx/common/core/src/ux_device_stack_configuration_set.c ****             if (class_inst != UX_NULL)
 191:Middlewares/ST/usbx/common/core/src/ux_device_stack_configuration_set.c **** 
 192:Middlewares/ST/usbx/common/core/src/ux_device_stack_configuration_set.c ****                 /* Call the class with the DEACTIVATE signal.  */
 193:Middlewares/ST/usbx/common/core/src/ux_device_stack_configuration_set.c ****                 class_inst -> ux_slave_class_entry_function(&class_command);
 194:Middlewares/ST/usbx/common/core/src/ux_device_stack_configuration_set.c **** 
 195:Middlewares/ST/usbx/common/core/src/ux_device_stack_configuration_set.c **** #if !defined(UX_DEVICE_INITIALIZE_FRAMEWORK_SCAN_DISABLE) || UX_MAX_DEVICE_INTERFACES > 1
 196:Middlewares/ST/usbx/common/core/src/ux_device_stack_configuration_set.c ****             /* Get the next interface.  */
 197:Middlewares/ST/usbx/common/core/src/ux_device_stack_configuration_set.c ****             next_interface =  interface_ptr -> ux_slave_interface_next_interface;
 159              		.loc 1 197 13 is_stmt 1 view .LVU57
 160              		.loc 1 197 28 is_stmt 0 view .LVU58
 161 0060 AF69     		ldr	r7, [r5, #24]
 162              	.LVL14:
 198:Middlewares/ST/usbx/common/core/src/ux_device_stack_configuration_set.c **** #endif
 199:Middlewares/ST/usbx/common/core/src/ux_device_stack_configuration_set.c **** 
 200:Middlewares/ST/usbx/common/core/src/ux_device_stack_configuration_set.c ****             /* Remove the interface and all endpoints associated with it.  */
 201:Middlewares/ST/usbx/common/core/src/ux_device_stack_configuration_set.c ****             _ux_device_stack_interface_delete(interface_ptr);
 163              		.loc 1 201 13 is_stmt 1 view .LVU59
 164 0062 2846     		mov	r0, r5
 165 0064 FFF7FEFF 		bl	_ux_device_stack_interface_delete
 166              	.LVL15:
 202:Middlewares/ST/usbx/common/core/src/ux_device_stack_configuration_set.c **** 
 203:Middlewares/ST/usbx/common/core/src/ux_device_stack_configuration_set.c **** #if !defined(UX_DEVICE_INITIALIZE_FRAMEWORK_SCAN_DISABLE) || UX_MAX_DEVICE_INTERFACES > 1
 204:Middlewares/ST/usbx/common/core/src/ux_device_stack_configuration_set.c ****             /* Now we refresh the interface pointer.  */
 205:Middlewares/ST/usbx/common/core/src/ux_device_stack_configuration_set.c ****             interface_ptr =  next_interface;
 167              		.loc 1 205 13 view .LVU60
 168              		.loc 1 205 27 is_stmt 0 view .LVU61
 169 0068 3D46     		mov	r5, r7
 170              	.LVL16:
 171              	.L9:
 176:Middlewares/ST/usbx/common/core/src/ux_device_stack_configuration_set.c ****         {
 172              		.loc 1 176 30 is_stmt 1 view .LVU62
 173 006a 55B1     		cbz	r5, .L8
 180:Middlewares/ST/usbx/common/core/src/ux_device_stack_configuration_set.c ****             class_command.ux_slave_class_command_interface =  (VOID *) interface_ptr;
 174              		.loc 1 180 13 view .LVU63
 180:Middlewares/ST/usbx/common/core/src/ux_device_stack_configuration_set.c ****             class_command.ux_slave_class_command_interface =  (VOID *) interface_ptr;
 175              		.loc 1 180 58 is_stmt 0 view .LVU64
 176 006c 0323     		movs	r3, #3
 177 006e 0393     		str	r3, [sp, #12]
 181:Middlewares/ST/usbx/common/core/src/ux_device_stack_configuration_set.c **** 
 178              		.loc 1 181 13 is_stmt 1 view .LVU65
 181:Middlewares/ST/usbx/common/core/src/ux_device_stack_configuration_set.c **** 
 179              		.loc 1 181 60 is_stmt 0 view .LVU66
ARM GAS  C:\usertemp\ccj8zw3T.s 			page 8


 180 0070 0595     		str	r5, [sp, #20]
 184:Middlewares/ST/usbx/common/core/src/ux_device_stack_configuration_set.c **** 
 181              		.loc 1 184 13 is_stmt 1 view .LVU67
 184:Middlewares/ST/usbx/common/core/src/ux_device_stack_configuration_set.c **** 
 182              		.loc 1 184 24 is_stmt 0 view .LVU68
 183 0072 6B68     		ldr	r3, [r5, #4]
 184              	.LVL17:
 187:Middlewares/ST/usbx/common/core/src/ux_device_stack_configuration_set.c **** 
 185              		.loc 1 187 13 is_stmt 1 view .LVU69
 187:Middlewares/ST/usbx/common/core/src/ux_device_stack_configuration_set.c **** 
 186              		.loc 1 187 60 is_stmt 0 view .LVU70
 187 0074 0B93     		str	r3, [sp, #44]
 190:Middlewares/ST/usbx/common/core/src/ux_device_stack_configuration_set.c **** 
 188              		.loc 1 190 13 is_stmt 1 view .LVU71
 190:Middlewares/ST/usbx/common/core/src/ux_device_stack_configuration_set.c **** 
 189              		.loc 1 190 16 is_stmt 0 view .LVU72
 190 0076 002B     		cmp	r3, #0
 191 0078 F2D0     		beq	.L10
 193:Middlewares/ST/usbx/common/core/src/ux_device_stack_configuration_set.c **** 
 192              		.loc 1 193 17 is_stmt 1 view .LVU73
 193:Middlewares/ST/usbx/common/core/src/ux_device_stack_configuration_set.c **** 
 193              		.loc 1 193 28 is_stmt 0 view .LVU74
 194 007a 5B6C     		ldr	r3, [r3, #68]
 195              	.LVL18:
 193:Middlewares/ST/usbx/common/core/src/ux_device_stack_configuration_set.c **** 
 196              		.loc 1 193 17 view .LVU75
 197 007c 03A8     		add	r0, sp, #12
 198 007e 9847     		blx	r3
 199              	.LVL19:
 193:Middlewares/ST/usbx/common/core/src/ux_device_stack_configuration_set.c **** 
 200              		.loc 1 193 17 view .LVU76
 201 0080 EEE7     		b	.L10
 202              	.LVL20:
 203              	.L8:
 206:Middlewares/ST/usbx/common/core/src/ux_device_stack_configuration_set.c ****         }
 207:Middlewares/ST/usbx/common/core/src/ux_device_stack_configuration_set.c **** #endif
 208:Middlewares/ST/usbx/common/core/src/ux_device_stack_configuration_set.c **** 
 209:Middlewares/ST/usbx/common/core/src/ux_device_stack_configuration_set.c ****     }
 210:Middlewares/ST/usbx/common/core/src/ux_device_stack_configuration_set.c **** 
 211:Middlewares/ST/usbx/common/core/src/ux_device_stack_configuration_set.c ****     /* No configuration is selected.  */
 212:Middlewares/ST/usbx/common/core/src/ux_device_stack_configuration_set.c ****     device -> ux_slave_device_configuration_selected =  0;
 204              		.loc 1 212 5 is_stmt 1 view .LVU77
 205              		.loc 1 212 54 is_stmt 0 view .LVU78
 206 0082 0023     		movs	r3, #0
 207 0084 C6F8B830 		str	r3, [r6, #184]
 213:Middlewares/ST/usbx/common/core/src/ux_device_stack_configuration_set.c **** 
 214:Middlewares/ST/usbx/common/core/src/ux_device_stack_configuration_set.c ****     /* Mark the device as attached now. */
 215:Middlewares/ST/usbx/common/core/src/ux_device_stack_configuration_set.c ****     device -> ux_slave_device_state =  UX_DEVICE_ATTACHED;
 208              		.loc 1 215 5 is_stmt 1 view .LVU79
 209              		.loc 1 215 37 is_stmt 0 view .LVU80
 210 0088 0122     		movs	r2, #1
 211 008a 3262     		str	r2, [r6, #32]
 216:Middlewares/ST/usbx/common/core/src/ux_device_stack_configuration_set.c **** 
 217:Middlewares/ST/usbx/common/core/src/ux_device_stack_configuration_set.c ****     /* The DCD needs to update the device state too.  */
 218:Middlewares/ST/usbx/common/core/src/ux_device_stack_configuration_set.c ****     dcd -> ux_slave_dcd_function(dcd, UX_DCD_CHANGE_STATE, (VOID *) UX_DEVICE_ATTACHED);
 212              		.loc 1 218 5 is_stmt 1 view .LVU81
 213              		.loc 1 218 9 is_stmt 0 view .LVU82
ARM GAS  C:\usertemp\ccj8zw3T.s 			page 9


 214 008c B369     		ldr	r3, [r6, #24]
 215              		.loc 1 218 5 view .LVU83
 216 008e 1321     		movs	r1, #19
 217 0090 3046     		mov	r0, r6
 218 0092 9847     		blx	r3
 219              	.LVL21:
 219:Middlewares/ST/usbx/common/core/src/ux_device_stack_configuration_set.c **** 
 220:Middlewares/ST/usbx/common/core/src/ux_device_stack_configuration_set.c ****     /* If the host tries to unconfigure, we are done. */
 221:Middlewares/ST/usbx/common/core/src/ux_device_stack_configuration_set.c ****     if (configuration_value == 0)
 220              		.loc 1 221 5 is_stmt 1 view .LVU84
 221              		.loc 1 221 8 is_stmt 0 view .LVU85
 222 0094 B8F1000F 		cmp	r8, #0
 223 0098 04D1     		bne	.L27
 222:Middlewares/ST/usbx/common/core/src/ux_device_stack_configuration_set.c ****         return(UX_SUCCESS);
 224              		.loc 1 222 15 view .LVU86
 225 009a 4546     		mov	r5, r8
 226              	.LVL22:
 227              	.L1:
 223:Middlewares/ST/usbx/common/core/src/ux_device_stack_configuration_set.c **** 
 224:Middlewares/ST/usbx/common/core/src/ux_device_stack_configuration_set.c ****     /* Memorize the configuration selected.  */
 225:Middlewares/ST/usbx/common/core/src/ux_device_stack_configuration_set.c ****     device -> ux_slave_device_configuration_selected =  configuration_value;
 226:Middlewares/ST/usbx/common/core/src/ux_device_stack_configuration_set.c **** 
 227:Middlewares/ST/usbx/common/core/src/ux_device_stack_configuration_set.c ****     /* We have found the configuration value requested by the host.
 228:Middlewares/ST/usbx/common/core/src/ux_device_stack_configuration_set.c ****        Create the configuration descriptor and attach it to the device.  */
 229:Middlewares/ST/usbx/common/core/src/ux_device_stack_configuration_set.c ****     _ux_utility_descriptor_parse(device_framework,
 230:Middlewares/ST/usbx/common/core/src/ux_device_stack_configuration_set.c ****                 _ux_system_configuration_descriptor_structure,
 231:Middlewares/ST/usbx/common/core/src/ux_device_stack_configuration_set.c ****                 UX_CONFIGURATION_DESCRIPTOR_ENTRIES,
 232:Middlewares/ST/usbx/common/core/src/ux_device_stack_configuration_set.c ****                 (UCHAR *) &device -> ux_slave_device_configuration_descriptor);
 233:Middlewares/ST/usbx/common/core/src/ux_device_stack_configuration_set.c **** 
 234:Middlewares/ST/usbx/common/core/src/ux_device_stack_configuration_set.c ****     /* Configuration character D6 is for Self-powered */
 235:Middlewares/ST/usbx/common/core/src/ux_device_stack_configuration_set.c ****     _ux_system_slave -> ux_system_slave_power_state = (configuration_descriptor.bmAttributes & 0x40
 236:Middlewares/ST/usbx/common/core/src/ux_device_stack_configuration_set.c **** 
 237:Middlewares/ST/usbx/common/core/src/ux_device_stack_configuration_set.c ****     /* Configuration character D5 is for Remote Wakeup */
 238:Middlewares/ST/usbx/common/core/src/ux_device_stack_configuration_set.c ****     _ux_system_slave -> ux_system_slave_remote_wakeup_capability = (configuration_descriptor.bmAttr
 239:Middlewares/ST/usbx/common/core/src/ux_device_stack_configuration_set.c **** 
 240:Middlewares/ST/usbx/common/core/src/ux_device_stack_configuration_set.c ****     /* Search only in current configuration */
 241:Middlewares/ST/usbx/common/core/src/ux_device_stack_configuration_set.c ****     device_framework_length =  configuration_descriptor.wTotalLength;
 242:Middlewares/ST/usbx/common/core/src/ux_device_stack_configuration_set.c **** 
 243:Middlewares/ST/usbx/common/core/src/ux_device_stack_configuration_set.c ****     /*  We need to scan all the interface descriptors following this
 244:Middlewares/ST/usbx/common/core/src/ux_device_stack_configuration_set.c ****         configuration descriptor and enable all endpoints associated
 245:Middlewares/ST/usbx/common/core/src/ux_device_stack_configuration_set.c ****         with the default alternate setting of each interface.  */
 246:Middlewares/ST/usbx/common/core/src/ux_device_stack_configuration_set.c ****     while (device_framework_length != 0)
 247:Middlewares/ST/usbx/common/core/src/ux_device_stack_configuration_set.c ****     {
 248:Middlewares/ST/usbx/common/core/src/ux_device_stack_configuration_set.c **** 
 249:Middlewares/ST/usbx/common/core/src/ux_device_stack_configuration_set.c ****         /* Get the length of the current descriptor.  */
 250:Middlewares/ST/usbx/common/core/src/ux_device_stack_configuration_set.c ****         descriptor_length =  (ULONG) *device_framework;
 251:Middlewares/ST/usbx/common/core/src/ux_device_stack_configuration_set.c **** 
 252:Middlewares/ST/usbx/common/core/src/ux_device_stack_configuration_set.c ****         /* And its type.  */
 253:Middlewares/ST/usbx/common/core/src/ux_device_stack_configuration_set.c ****         descriptor_type =  *(device_framework + 1);
 254:Middlewares/ST/usbx/common/core/src/ux_device_stack_configuration_set.c **** 
 255:Middlewares/ST/usbx/common/core/src/ux_device_stack_configuration_set.c ****         /* Check if this is an interface association descriptor.  */
 256:Middlewares/ST/usbx/common/core/src/ux_device_stack_configuration_set.c ****         if(descriptor_type == UX_INTERFACE_ASSOCIATION_DESCRIPTOR_ITEM)
 257:Middlewares/ST/usbx/common/core/src/ux_device_stack_configuration_set.c ****         {
 258:Middlewares/ST/usbx/common/core/src/ux_device_stack_configuration_set.c **** 
 259:Middlewares/ST/usbx/common/core/src/ux_device_stack_configuration_set.c ****             /* Set the IAD flag.  */
 260:Middlewares/ST/usbx/common/core/src/ux_device_stack_configuration_set.c ****             iad_flag = UX_TRUE;
 261:Middlewares/ST/usbx/common/core/src/ux_device_stack_configuration_set.c **** 
ARM GAS  C:\usertemp\ccj8zw3T.s 			page 10


 262:Middlewares/ST/usbx/common/core/src/ux_device_stack_configuration_set.c ****             /* Get the first interface we have in the IAD. */
 263:Middlewares/ST/usbx/common/core/src/ux_device_stack_configuration_set.c ****             iad_first_interface = (ULONG)  *(device_framework + 2);
 264:Middlewares/ST/usbx/common/core/src/ux_device_stack_configuration_set.c **** 
 265:Middlewares/ST/usbx/common/core/src/ux_device_stack_configuration_set.c ****             /* Get the number of interfaces we have in the IAD. */
 266:Middlewares/ST/usbx/common/core/src/ux_device_stack_configuration_set.c ****             iad_number_interfaces = (ULONG)  *(device_framework + 3);
 267:Middlewares/ST/usbx/common/core/src/ux_device_stack_configuration_set.c ****         }
 268:Middlewares/ST/usbx/common/core/src/ux_device_stack_configuration_set.c **** 
 269:Middlewares/ST/usbx/common/core/src/ux_device_stack_configuration_set.c ****         /* Check if this is an interface descriptor.  */
 270:Middlewares/ST/usbx/common/core/src/ux_device_stack_configuration_set.c ****         if(descriptor_type == UX_INTERFACE_DESCRIPTOR_ITEM)
 271:Middlewares/ST/usbx/common/core/src/ux_device_stack_configuration_set.c ****         {
 272:Middlewares/ST/usbx/common/core/src/ux_device_stack_configuration_set.c **** 
 273:Middlewares/ST/usbx/common/core/src/ux_device_stack_configuration_set.c ****             /* Parse the descriptor in something more readable.  */
 274:Middlewares/ST/usbx/common/core/src/ux_device_stack_configuration_set.c ****             _ux_utility_descriptor_parse(device_framework,
 275:Middlewares/ST/usbx/common/core/src/ux_device_stack_configuration_set.c ****                         _ux_system_interface_descriptor_structure,
 276:Middlewares/ST/usbx/common/core/src/ux_device_stack_configuration_set.c ****                         UX_INTERFACE_DESCRIPTOR_ENTRIES,
 277:Middlewares/ST/usbx/common/core/src/ux_device_stack_configuration_set.c ****                         (UCHAR *) &interface_descriptor);
 278:Middlewares/ST/usbx/common/core/src/ux_device_stack_configuration_set.c **** 
 279:Middlewares/ST/usbx/common/core/src/ux_device_stack_configuration_set.c ****             /* If the alternate setting is 0 for this interface, we need to
 280:Middlewares/ST/usbx/common/core/src/ux_device_stack_configuration_set.c ****                memorize its class association and start it.  */
 281:Middlewares/ST/usbx/common/core/src/ux_device_stack_configuration_set.c ****             if (interface_descriptor.bAlternateSetting == 0)
 282:Middlewares/ST/usbx/common/core/src/ux_device_stack_configuration_set.c ****             {
 283:Middlewares/ST/usbx/common/core/src/ux_device_stack_configuration_set.c **** 
 284:Middlewares/ST/usbx/common/core/src/ux_device_stack_configuration_set.c ****                 /* Are we in a IAD scenario ? */
 285:Middlewares/ST/usbx/common/core/src/ux_device_stack_configuration_set.c ****                 if (iad_flag == UX_TRUE)
 286:Middlewares/ST/usbx/common/core/src/ux_device_stack_configuration_set.c ****                 {
 287:Middlewares/ST/usbx/common/core/src/ux_device_stack_configuration_set.c **** 
 288:Middlewares/ST/usbx/common/core/src/ux_device_stack_configuration_set.c ****                     /* Check if this is the first interface from the IAD. In this case,
 289:Middlewares/ST/usbx/common/core/src/ux_device_stack_configuration_set.c ****                        we need to match a class to this interface.  */
 290:Middlewares/ST/usbx/common/core/src/ux_device_stack_configuration_set.c ****                     if (interface_descriptor.bInterfaceNumber == iad_first_interface)
 291:Middlewares/ST/usbx/common/core/src/ux_device_stack_configuration_set.c ****                     {
 292:Middlewares/ST/usbx/common/core/src/ux_device_stack_configuration_set.c **** 
 293:Middlewares/ST/usbx/common/core/src/ux_device_stack_configuration_set.c ****                         /* First interface. Scan the list of classes to find a match.  */
 294:Middlewares/ST/usbx/common/core/src/ux_device_stack_configuration_set.c ****                         class_inst =  _ux_system_slave -> ux_system_slave_class_array;
 295:Middlewares/ST/usbx/common/core/src/ux_device_stack_configuration_set.c **** 
 296:Middlewares/ST/usbx/common/core/src/ux_device_stack_configuration_set.c **** #if UX_MAX_SLAVE_CLASS_DRIVER > 1
 297:Middlewares/ST/usbx/common/core/src/ux_device_stack_configuration_set.c ****                         /* Parse all the class drivers.  */
 298:Middlewares/ST/usbx/common/core/src/ux_device_stack_configuration_set.c ****                         for (class_index = 0; class_index < _ux_system_slave -> ux_system_slave_max
 299:Middlewares/ST/usbx/common/core/src/ux_device_stack_configuration_set.c ****                         {
 300:Middlewares/ST/usbx/common/core/src/ux_device_stack_configuration_set.c **** #endif
 301:Middlewares/ST/usbx/common/core/src/ux_device_stack_configuration_set.c **** 
 302:Middlewares/ST/usbx/common/core/src/ux_device_stack_configuration_set.c ****                             /* Check if this class driver is used.  */
 303:Middlewares/ST/usbx/common/core/src/ux_device_stack_configuration_set.c ****                             if (class_inst -> ux_slave_class_status == UX_USED)
 304:Middlewares/ST/usbx/common/core/src/ux_device_stack_configuration_set.c ****                             {
 305:Middlewares/ST/usbx/common/core/src/ux_device_stack_configuration_set.c **** 
 306:Middlewares/ST/usbx/common/core/src/ux_device_stack_configuration_set.c ****                                 /* Check if this is the same interface for the same configuration. 
 307:Middlewares/ST/usbx/common/core/src/ux_device_stack_configuration_set.c ****                                 if ((interface_descriptor.bInterfaceNumber == class_inst -> ux_slav
 308:Middlewares/ST/usbx/common/core/src/ux_device_stack_configuration_set.c ****                                     (configuration_value == class_inst -> ux_slave_class_configurat
 309:Middlewares/ST/usbx/common/core/src/ux_device_stack_configuration_set.c ****                                 {
 310:Middlewares/ST/usbx/common/core/src/ux_device_stack_configuration_set.c **** 
 311:Middlewares/ST/usbx/common/core/src/ux_device_stack_configuration_set.c ****                                     /* Memorize the class in the class/interface array.  */
 312:Middlewares/ST/usbx/common/core/src/ux_device_stack_configuration_set.c ****                                     _ux_system_slave -> ux_system_slave_interface_class_array[inter
 313:Middlewares/ST/usbx/common/core/src/ux_device_stack_configuration_set.c **** 
 314:Middlewares/ST/usbx/common/core/src/ux_device_stack_configuration_set.c ****                                     /* And again as the current class.  */
 315:Middlewares/ST/usbx/common/core/src/ux_device_stack_configuration_set.c ****                                     current_class = class_inst;
 316:Middlewares/ST/usbx/common/core/src/ux_device_stack_configuration_set.c **** 
 317:Middlewares/ST/usbx/common/core/src/ux_device_stack_configuration_set.c **** #if UX_MAX_SLAVE_CLASS_DRIVER > 1
 318:Middlewares/ST/usbx/common/core/src/ux_device_stack_configuration_set.c ****                                     /* We are done here.  */
ARM GAS  C:\usertemp\ccj8zw3T.s 			page 11


 319:Middlewares/ST/usbx/common/core/src/ux_device_stack_configuration_set.c ****                                     break;
 320:Middlewares/ST/usbx/common/core/src/ux_device_stack_configuration_set.c **** #endif
 321:Middlewares/ST/usbx/common/core/src/ux_device_stack_configuration_set.c ****                                 }
 322:Middlewares/ST/usbx/common/core/src/ux_device_stack_configuration_set.c ****                             }
 323:Middlewares/ST/usbx/common/core/src/ux_device_stack_configuration_set.c **** 
 324:Middlewares/ST/usbx/common/core/src/ux_device_stack_configuration_set.c **** #if UX_MAX_SLAVE_CLASS_DRIVER > 1
 325:Middlewares/ST/usbx/common/core/src/ux_device_stack_configuration_set.c ****                             /* Move to the next registered class.  */
 326:Middlewares/ST/usbx/common/core/src/ux_device_stack_configuration_set.c ****                             class_inst ++;
 327:Middlewares/ST/usbx/common/core/src/ux_device_stack_configuration_set.c ****                         }
 328:Middlewares/ST/usbx/common/core/src/ux_device_stack_configuration_set.c **** #endif
 329:Middlewares/ST/usbx/common/core/src/ux_device_stack_configuration_set.c ****                     }
 330:Middlewares/ST/usbx/common/core/src/ux_device_stack_configuration_set.c ****                     else
 331:Middlewares/ST/usbx/common/core/src/ux_device_stack_configuration_set.c **** 
 332:Middlewares/ST/usbx/common/core/src/ux_device_stack_configuration_set.c ****                         /* Memorize the class in the class/interface array.  We use the current cla
 333:Middlewares/ST/usbx/common/core/src/ux_device_stack_configuration_set.c ****                         _ux_system_slave -> ux_system_slave_interface_class_array[interface_descrip
 334:Middlewares/ST/usbx/common/core/src/ux_device_stack_configuration_set.c **** 
 335:Middlewares/ST/usbx/common/core/src/ux_device_stack_configuration_set.c ****                     /* Decrement the number of interfaces found in the same IAD.  */
 336:Middlewares/ST/usbx/common/core/src/ux_device_stack_configuration_set.c ****                     iad_number_interfaces--;
 337:Middlewares/ST/usbx/common/core/src/ux_device_stack_configuration_set.c **** 
 338:Middlewares/ST/usbx/common/core/src/ux_device_stack_configuration_set.c ****                     /* If none are left, get out of the IAD state machine.  */
 339:Middlewares/ST/usbx/common/core/src/ux_device_stack_configuration_set.c ****                     if (iad_number_interfaces == 0)
 340:Middlewares/ST/usbx/common/core/src/ux_device_stack_configuration_set.c **** 
 341:Middlewares/ST/usbx/common/core/src/ux_device_stack_configuration_set.c ****                         /* We have exhausted the interfaces within the IAD.  */
 342:Middlewares/ST/usbx/common/core/src/ux_device_stack_configuration_set.c ****                         iad_flag = UX_FALSE;
 343:Middlewares/ST/usbx/common/core/src/ux_device_stack_configuration_set.c **** 
 344:Middlewares/ST/usbx/common/core/src/ux_device_stack_configuration_set.c ****                 }
 345:Middlewares/ST/usbx/common/core/src/ux_device_stack_configuration_set.c ****                 else
 346:Middlewares/ST/usbx/common/core/src/ux_device_stack_configuration_set.c ****                 {
 347:Middlewares/ST/usbx/common/core/src/ux_device_stack_configuration_set.c **** 
 348:Middlewares/ST/usbx/common/core/src/ux_device_stack_configuration_set.c ****                     /* First interface. Scan the list of classes to find a match.  */
 349:Middlewares/ST/usbx/common/core/src/ux_device_stack_configuration_set.c ****                     class_inst =  _ux_system_slave -> ux_system_slave_class_array;
 350:Middlewares/ST/usbx/common/core/src/ux_device_stack_configuration_set.c **** 
 351:Middlewares/ST/usbx/common/core/src/ux_device_stack_configuration_set.c **** #if UX_MAX_SLAVE_CLASS_DRIVER > 1
 352:Middlewares/ST/usbx/common/core/src/ux_device_stack_configuration_set.c ****                     /* Parse all the class drivers.  */
 353:Middlewares/ST/usbx/common/core/src/ux_device_stack_configuration_set.c ****                     for (class_index = 0; class_index < _ux_system_slave -> ux_system_slave_max_cla
 354:Middlewares/ST/usbx/common/core/src/ux_device_stack_configuration_set.c ****                     {
 355:Middlewares/ST/usbx/common/core/src/ux_device_stack_configuration_set.c **** #endif
 356:Middlewares/ST/usbx/common/core/src/ux_device_stack_configuration_set.c **** 
 357:Middlewares/ST/usbx/common/core/src/ux_device_stack_configuration_set.c ****                         /* Check if this class driver is used.  */
 358:Middlewares/ST/usbx/common/core/src/ux_device_stack_configuration_set.c ****                         if (class_inst -> ux_slave_class_status == UX_USED)
 359:Middlewares/ST/usbx/common/core/src/ux_device_stack_configuration_set.c ****                         {
 360:Middlewares/ST/usbx/common/core/src/ux_device_stack_configuration_set.c **** 
 361:Middlewares/ST/usbx/common/core/src/ux_device_stack_configuration_set.c ****                             /* Check if this is the same interface for the same configuration. */
 362:Middlewares/ST/usbx/common/core/src/ux_device_stack_configuration_set.c ****                             if ((interface_descriptor.bInterfaceNumber == class_inst -> ux_slave_cl
 363:Middlewares/ST/usbx/common/core/src/ux_device_stack_configuration_set.c ****                                     (configuration_value == class_inst -> ux_slave_class_configurat
 364:Middlewares/ST/usbx/common/core/src/ux_device_stack_configuration_set.c ****                             {
 365:Middlewares/ST/usbx/common/core/src/ux_device_stack_configuration_set.c **** 
 366:Middlewares/ST/usbx/common/core/src/ux_device_stack_configuration_set.c ****                                 /* Memorize the class in the class/interface array.  */
 367:Middlewares/ST/usbx/common/core/src/ux_device_stack_configuration_set.c ****                                 _ux_system_slave -> ux_system_slave_interface_class_array[interface
 368:Middlewares/ST/usbx/common/core/src/ux_device_stack_configuration_set.c **** 
 369:Middlewares/ST/usbx/common/core/src/ux_device_stack_configuration_set.c **** #if UX_MAX_SLAVE_CLASS_DRIVER > 1
 370:Middlewares/ST/usbx/common/core/src/ux_device_stack_configuration_set.c ****                                 /* We are done here.  */
 371:Middlewares/ST/usbx/common/core/src/ux_device_stack_configuration_set.c ****                                 break;
 372:Middlewares/ST/usbx/common/core/src/ux_device_stack_configuration_set.c **** #endif
 373:Middlewares/ST/usbx/common/core/src/ux_device_stack_configuration_set.c ****                             }
 374:Middlewares/ST/usbx/common/core/src/ux_device_stack_configuration_set.c ****                         }
 375:Middlewares/ST/usbx/common/core/src/ux_device_stack_configuration_set.c **** 
ARM GAS  C:\usertemp\ccj8zw3T.s 			page 12


 376:Middlewares/ST/usbx/common/core/src/ux_device_stack_configuration_set.c **** #if UX_MAX_SLAVE_CLASS_DRIVER > 1
 377:Middlewares/ST/usbx/common/core/src/ux_device_stack_configuration_set.c ****                         /* Move to the next registered class.  */
 378:Middlewares/ST/usbx/common/core/src/ux_device_stack_configuration_set.c ****                         class_inst ++;
 379:Middlewares/ST/usbx/common/core/src/ux_device_stack_configuration_set.c ****                     }
 380:Middlewares/ST/usbx/common/core/src/ux_device_stack_configuration_set.c **** #endif
 381:Middlewares/ST/usbx/common/core/src/ux_device_stack_configuration_set.c ****                 }
 382:Middlewares/ST/usbx/common/core/src/ux_device_stack_configuration_set.c **** 
 383:Middlewares/ST/usbx/common/core/src/ux_device_stack_configuration_set.c ****                 /* Set the interface.  */
 384:Middlewares/ST/usbx/common/core/src/ux_device_stack_configuration_set.c ****                 _ux_device_stack_interface_set(device_framework, device_framework_length, 0);
 385:Middlewares/ST/usbx/common/core/src/ux_device_stack_configuration_set.c ****             }
 386:Middlewares/ST/usbx/common/core/src/ux_device_stack_configuration_set.c ****         }
 387:Middlewares/ST/usbx/common/core/src/ux_device_stack_configuration_set.c **** 
 388:Middlewares/ST/usbx/common/core/src/ux_device_stack_configuration_set.c ****         /* Adjust what is left of the device framework.  */
 389:Middlewares/ST/usbx/common/core/src/ux_device_stack_configuration_set.c ****         device_framework_length -=  descriptor_length;
 390:Middlewares/ST/usbx/common/core/src/ux_device_stack_configuration_set.c **** 
 391:Middlewares/ST/usbx/common/core/src/ux_device_stack_configuration_set.c ****         /* Point to the next descriptor.  */
 392:Middlewares/ST/usbx/common/core/src/ux_device_stack_configuration_set.c ****         device_framework +=  descriptor_length;
 393:Middlewares/ST/usbx/common/core/src/ux_device_stack_configuration_set.c ****     }
 394:Middlewares/ST/usbx/common/core/src/ux_device_stack_configuration_set.c **** 
 395:Middlewares/ST/usbx/common/core/src/ux_device_stack_configuration_set.c ****     /* Mark the device as configured now. */
 396:Middlewares/ST/usbx/common/core/src/ux_device_stack_configuration_set.c ****     device -> ux_slave_device_state =  UX_DEVICE_CONFIGURED;
 397:Middlewares/ST/usbx/common/core/src/ux_device_stack_configuration_set.c **** 
 398:Middlewares/ST/usbx/common/core/src/ux_device_stack_configuration_set.c ****     /* The DCD needs to update the device state too.  */
 399:Middlewares/ST/usbx/common/core/src/ux_device_stack_configuration_set.c ****     dcd -> ux_slave_dcd_function(dcd, UX_DCD_CHANGE_STATE, (VOID *) UX_DEVICE_CONFIGURED);
 400:Middlewares/ST/usbx/common/core/src/ux_device_stack_configuration_set.c **** 
 401:Middlewares/ST/usbx/common/core/src/ux_device_stack_configuration_set.c ****     /* Configuration mounted. */
 402:Middlewares/ST/usbx/common/core/src/ux_device_stack_configuration_set.c ****     return(UX_SUCCESS);
 403:Middlewares/ST/usbx/common/core/src/ux_device_stack_configuration_set.c **** }
 228              		.loc 1 403 1 view .LVU87
 229 009c 2846     		mov	r0, r5
 230 009e 15B0     		add	sp, sp, #84
 231              	.LCFI2:
 232              		.cfi_remember_state
 233              		.cfi_def_cfa_offset 36
 234              		@ sp needed
 235 00a0 BDE8F08F 		pop	{r4, r5, r6, r7, r8, r9, r10, fp, pc}
 236              	.LVL23:
 237              	.L27:
 238              	.LCFI3:
 239              		.cfi_restore_state
 225:Middlewares/ST/usbx/common/core/src/ux_device_stack_configuration_set.c **** 
 240              		.loc 1 225 5 is_stmt 1 view .LVU88
 225:Middlewares/ST/usbx/common/core/src/ux_device_stack_configuration_set.c **** 
 241              		.loc 1 225 54 is_stmt 0 view .LVU89
 242 00a4 C6F8B880 		str	r8, [r6, #184]
 229:Middlewares/ST/usbx/common/core/src/ux_device_stack_configuration_set.c ****                 _ux_system_configuration_descriptor_structure,
 243              		.loc 1 229 5 is_stmt 1 view .LVU90
 244 00a8 06F1BC03 		add	r3, r6, #188
 245 00ac 0822     		movs	r2, #8
 246 00ae 4449     		ldr	r1, .L33+4
 247 00b0 2046     		mov	r0, r4
 248 00b2 FFF7FEFF 		bl	_ux_utility_descriptor_parse
 249              	.LVL24:
 235:Middlewares/ST/usbx/common/core/src/ux_device_stack_configuration_set.c **** 
 250              		.loc 1 235 5 view .LVU91
 235:Middlewares/ST/usbx/common/core/src/ux_device_stack_configuration_set.c **** 
 251              		.loc 1 235 80 is_stmt 0 view .LVU92
ARM GAS  C:\usertemp\ccj8zw3T.s 			page 13


 252 00b6 9DF84B30 		ldrb	r3, [sp, #75]	@ zero_extendqisi2
 235:Middlewares/ST/usbx/common/core/src/ux_device_stack_configuration_set.c **** 
 253              		.loc 1 235 127 view .LVU93
 254 00ba 13F0400F 		tst	r3, #64
 255 00be 11D0     		beq	.L24
 235:Middlewares/ST/usbx/common/core/src/ux_device_stack_configuration_set.c **** 
 256              		.loc 1 235 127 discriminator 1 view .LVU94
 257 00c0 0221     		movs	r1, #2
 258              	.L12:
 235:Middlewares/ST/usbx/common/core/src/ux_device_stack_configuration_set.c **** 
 259              		.loc 1 235 22 discriminator 4 view .LVU95
 260 00c2 3E4A     		ldr	r2, .L33
 261 00c4 1268     		ldr	r2, [r2]
 235:Middlewares/ST/usbx/common/core/src/ux_device_stack_configuration_set.c **** 
 262              		.loc 1 235 53 discriminator 4 view .LVU96
 263 00c6 C2F85811 		str	r1, [r2, #344]
 238:Middlewares/ST/usbx/common/core/src/ux_device_stack_configuration_set.c **** 
 264              		.loc 1 238 5 is_stmt 1 view .LVU97
 238:Middlewares/ST/usbx/common/core/src/ux_device_stack_configuration_set.c **** 
 265              		.loc 1 238 125 is_stmt 0 view .LVU98
 266 00ca C3F34013 		ubfx	r3, r3, #5, #1
 238:Middlewares/ST/usbx/common/core/src/ux_device_stack_configuration_set.c **** 
 267              		.loc 1 238 66 view .LVU99
 268 00ce C2F85C31 		str	r3, [r2, #348]
 241:Middlewares/ST/usbx/common/core/src/ux_device_stack_configuration_set.c **** 
 269              		.loc 1 241 5 is_stmt 1 view .LVU100
 241:Middlewares/ST/usbx/common/core/src/ux_device_stack_configuration_set.c **** 
 270              		.loc 1 241 56 is_stmt 0 view .LVU101
 271 00d2 BDF84650 		ldrh	r5, [sp, #70]
 272              	.LVL25:
 246:Middlewares/ST/usbx/common/core/src/ux_device_stack_configuration_set.c ****     {
 273              		.loc 1 246 5 is_stmt 1 view .LVU102
 105:Middlewares/ST/usbx/common/core/src/ux_device_stack_configuration_set.c **** #if UX_MAX_SLAVE_CLASS_DRIVER > 1
 274              		.loc 1 105 33 is_stmt 0 view .LVU103
 275 00d6 4FF00009 		mov	r9, #0
 104:Middlewares/ST/usbx/common/core/src/ux_device_stack_configuration_set.c **** ULONG                           iad_number_interfaces =  0;
 276              		.loc 1 104 33 view .LVU104
 277 00da CB46     		mov	fp, r9
 121:Middlewares/ST/usbx/common/core/src/ux_device_stack_configuration_set.c **** 
 278              		.loc 1 121 14 view .LVU105
 279 00dc CA46     		mov	r10, r9
 100:Middlewares/ST/usbx/common/core/src/ux_device_stack_configuration_set.c **** UX_SLAVE_CLASS_COMMAND          class_command;
 280              		.loc 1 100 34 view .LVU106
 281 00de CDF80490 		str	r9, [sp, #4]
 246:Middlewares/ST/usbx/common/core/src/ux_device_stack_configuration_set.c ****     {
 282              		.loc 1 246 11 view .LVU107
 283 00e2 05E0     		b	.L13
 284              	.LVL26:
 285              	.L24:
 235:Middlewares/ST/usbx/common/core/src/ux_device_stack_configuration_set.c **** 
 286              		.loc 1 235 127 discriminator 2 view .LVU108
 287 00e4 0121     		movs	r1, #1
 288 00e6 ECE7     		b	.L12
 289              	.LVL27:
 290              	.L14:
 270:Middlewares/ST/usbx/common/core/src/ux_device_stack_configuration_set.c ****         {
 291              		.loc 1 270 9 is_stmt 1 view .LVU109
ARM GAS  C:\usertemp\ccj8zw3T.s 			page 14


 270:Middlewares/ST/usbx/common/core/src/ux_device_stack_configuration_set.c ****         {
 292              		.loc 1 270 11 is_stmt 0 view .LVU110
 293 00e8 042B     		cmp	r3, #4
 294 00ea 0ED0     		beq	.L28
 295              	.LVL28:
 296              	.L15:
 389:Middlewares/ST/usbx/common/core/src/ux_device_stack_configuration_set.c **** 
 297              		.loc 1 389 9 is_stmt 1 view .LVU111
 389:Middlewares/ST/usbx/common/core/src/ux_device_stack_configuration_set.c **** 
 298              		.loc 1 389 33 is_stmt 0 view .LVU112
 299 00ec ED1B     		subs	r5, r5, r7
 300              	.LVL29:
 392:Middlewares/ST/usbx/common/core/src/ux_device_stack_configuration_set.c ****     }
 301              		.loc 1 392 9 is_stmt 1 view .LVU113
 392:Middlewares/ST/usbx/common/core/src/ux_device_stack_configuration_set.c ****     }
 302              		.loc 1 392 26 is_stmt 0 view .LVU114
 303 00ee 3C44     		add	r4, r4, r7
 304              	.LVL30:
 305              	.L13:
 246:Middlewares/ST/usbx/common/core/src/ux_device_stack_configuration_set.c ****     {
 306              		.loc 1 246 36 is_stmt 1 view .LVU115
 307 00f0 002D     		cmp	r5, #0
 308 00f2 58D0     		beq	.L29
 250:Middlewares/ST/usbx/common/core/src/ux_device_stack_configuration_set.c **** 
 309              		.loc 1 250 9 view .LVU116
 250:Middlewares/ST/usbx/common/core/src/ux_device_stack_configuration_set.c **** 
 310              		.loc 1 250 38 is_stmt 0 view .LVU117
 311 00f4 2778     		ldrb	r7, [r4]	@ zero_extendqisi2
 312              	.LVL31:
 253:Middlewares/ST/usbx/common/core/src/ux_device_stack_configuration_set.c **** 
 313              		.loc 1 253 9 is_stmt 1 view .LVU118
 253:Middlewares/ST/usbx/common/core/src/ux_device_stack_configuration_set.c **** 
 314              		.loc 1 253 25 is_stmt 0 view .LVU119
 315 00f6 6378     		ldrb	r3, [r4, #1]	@ zero_extendqisi2
 316              	.LVL32:
 256:Middlewares/ST/usbx/common/core/src/ux_device_stack_configuration_set.c ****         {
 317              		.loc 1 256 9 is_stmt 1 view .LVU120
 256:Middlewares/ST/usbx/common/core/src/ux_device_stack_configuration_set.c ****         {
 318              		.loc 1 256 11 is_stmt 0 view .LVU121
 319 00f8 0B2B     		cmp	r3, #11
 320 00fa F5D1     		bne	.L14
 260:Middlewares/ST/usbx/common/core/src/ux_device_stack_configuration_set.c **** 
 321              		.loc 1 260 13 is_stmt 1 view .LVU122
 322              	.LVL33:
 263:Middlewares/ST/usbx/common/core/src/ux_device_stack_configuration_set.c **** 
 323              		.loc 1 263 13 view .LVU123
 263:Middlewares/ST/usbx/common/core/src/ux_device_stack_configuration_set.c **** 
 324              		.loc 1 263 44 is_stmt 0 view .LVU124
 325 00fc 94F802B0 		ldrb	fp, [r4, #2]	@ zero_extendqisi2
 326              	.LVL34:
 266:Middlewares/ST/usbx/common/core/src/ux_device_stack_configuration_set.c ****         }
 327              		.loc 1 266 13 is_stmt 1 view .LVU125
 266:Middlewares/ST/usbx/common/core/src/ux_device_stack_configuration_set.c ****         }
 328              		.loc 1 266 46 is_stmt 0 view .LVU126
 329 0100 94F80390 		ldrb	r9, [r4, #3]	@ zero_extendqisi2
 330              	.LVL35:
 260:Middlewares/ST/usbx/common/core/src/ux_device_stack_configuration_set.c **** 
ARM GAS  C:\usertemp\ccj8zw3T.s 			page 15


 331              		.loc 1 260 22 view .LVU127
 332 0104 4FF0010A 		mov	r10, #1
 333 0108 EEE7     		b	.L14
 334              	.LVL36:
 335              	.L28:
 274:Middlewares/ST/usbx/common/core/src/ux_device_stack_configuration_set.c ****                         _ux_system_interface_descriptor_structure,
 336              		.loc 1 274 13 is_stmt 1 view .LVU128
 337 010a 0EAB     		add	r3, sp, #56
 338              	.LVL37:
 274:Middlewares/ST/usbx/common/core/src/ux_device_stack_configuration_set.c ****                         _ux_system_interface_descriptor_structure,
 339              		.loc 1 274 13 is_stmt 0 view .LVU129
 340 010c 0922     		movs	r2, #9
 341 010e 2D49     		ldr	r1, .L33+8
 342 0110 2046     		mov	r0, r4
 343 0112 FFF7FEFF 		bl	_ux_utility_descriptor_parse
 344              	.LVL38:
 281:Middlewares/ST/usbx/common/core/src/ux_device_stack_configuration_set.c ****             {
 345              		.loc 1 281 13 is_stmt 1 view .LVU130
 281:Middlewares/ST/usbx/common/core/src/ux_device_stack_configuration_set.c ****             {
 346              		.loc 1 281 37 is_stmt 0 view .LVU131
 347 0116 9DF83B30 		ldrb	r3, [sp, #59]	@ zero_extendqisi2
 281:Middlewares/ST/usbx/common/core/src/ux_device_stack_configuration_set.c ****             {
 348              		.loc 1 281 16 view .LVU132
 349 011a 002B     		cmp	r3, #0
 350 011c E6D1     		bne	.L15
 285:Middlewares/ST/usbx/common/core/src/ux_device_stack_configuration_set.c ****                 {
 351              		.loc 1 285 17 is_stmt 1 view .LVU133
 285:Middlewares/ST/usbx/common/core/src/ux_device_stack_configuration_set.c ****                 {
 352              		.loc 1 285 20 is_stmt 0 view .LVU134
 353 011e BAF1010F 		cmp	r10, #1
 354 0122 0CD0     		beq	.L30
 349:Middlewares/ST/usbx/common/core/src/ux_device_stack_configuration_set.c **** 
 355              		.loc 1 349 21 is_stmt 1 view .LVU135
 349:Middlewares/ST/usbx/common/core/src/ux_device_stack_configuration_set.c **** 
 356              		.loc 1 349 52 is_stmt 0 view .LVU136
 357 0124 254B     		ldr	r3, .L33
 358 0126 1A68     		ldr	r2, [r3]
 349:Middlewares/ST/usbx/common/core/src/ux_device_stack_configuration_set.c **** 
 359              		.loc 1 349 32 view .LVU137
 360 0128 D2F81031 		ldr	r3, [r2, #272]
 361              	.LVL39:
 358:Middlewares/ST/usbx/common/core/src/ux_device_stack_configuration_set.c ****                         {
 362              		.loc 1 358 25 is_stmt 1 view .LVU138
 358:Middlewares/ST/usbx/common/core/src/ux_device_stack_configuration_set.c ****                         {
 363              		.loc 1 358 40 is_stmt 0 view .LVU139
 364 012c 196C     		ldr	r1, [r3, #64]
 358:Middlewares/ST/usbx/common/core/src/ux_device_stack_configuration_set.c ****                         {
 365              		.loc 1 358 28 view .LVU140
 366 012e 0129     		cmp	r1, #1
 367 0130 2AD0     		beq	.L31
 368              	.LVL40:
 369              	.L19:
 384:Middlewares/ST/usbx/common/core/src/ux_device_stack_configuration_set.c ****             }
 370              		.loc 1 384 17 is_stmt 1 view .LVU141
 371 0132 0022     		movs	r2, #0
 372 0134 2946     		mov	r1, r5
 373 0136 2046     		mov	r0, r4
ARM GAS  C:\usertemp\ccj8zw3T.s 			page 16


 374 0138 FFF7FEFF 		bl	_ux_device_stack_interface_set
 375              	.LVL41:
 376 013c D6E7     		b	.L15
 377              	.L30:
 290:Middlewares/ST/usbx/common/core/src/ux_device_stack_configuration_set.c ****                     {
 378              		.loc 1 290 21 view .LVU142
 290:Middlewares/ST/usbx/common/core/src/ux_device_stack_configuration_set.c ****                     {
 379              		.loc 1 290 45 is_stmt 0 view .LVU143
 380 013e 9DF83A30 		ldrb	r3, [sp, #58]	@ zero_extendqisi2
 290:Middlewares/ST/usbx/common/core/src/ux_device_stack_configuration_set.c ****                     {
 381              		.loc 1 290 24 view .LVU144
 382 0142 5B45     		cmp	r3, fp
 383 0144 0BD0     		beq	.L32
 333:Middlewares/ST/usbx/common/core/src/ux_device_stack_configuration_set.c **** 
 384              		.loc 1 333 25 is_stmt 1 view .LVU145
 333:Middlewares/ST/usbx/common/core/src/ux_device_stack_configuration_set.c **** 
 385              		.loc 1 333 42 is_stmt 0 view .LVU146
 386 0146 1D4A     		ldr	r2, .L33
 387 0148 1268     		ldr	r2, [r2]
 333:Middlewares/ST/usbx/common/core/src/ux_device_stack_configuration_set.c **** 
 388              		.loc 1 333 122 view .LVU147
 389 014a 4433     		adds	r3, r3, #68
 390 014c 02EB8303 		add	r3, r2, r3, lsl #2
 391 0150 019A     		ldr	r2, [sp, #4]
 392 0152 5A60     		str	r2, [r3, #4]
 393              	.L18:
 336:Middlewares/ST/usbx/common/core/src/ux_device_stack_configuration_set.c **** 
 394              		.loc 1 336 21 is_stmt 1 view .LVU148
 395              	.LVL42:
 339:Middlewares/ST/usbx/common/core/src/ux_device_stack_configuration_set.c **** 
 396              		.loc 1 339 21 view .LVU149
 339:Middlewares/ST/usbx/common/core/src/ux_device_stack_configuration_set.c **** 
 397              		.loc 1 339 24 is_stmt 0 view .LVU150
 398 0154 B9F10109 		subs	r9, r9, #1
 399              	.LVL43:
 339:Middlewares/ST/usbx/common/core/src/ux_device_stack_configuration_set.c **** 
 400              		.loc 1 339 24 view .LVU151
 401 0158 EBD1     		bne	.L19
 342:Middlewares/ST/usbx/common/core/src/ux_device_stack_configuration_set.c **** 
 402              		.loc 1 342 34 view .LVU152
 403 015a CA46     		mov	r10, r9
 404              	.LVL44:
 342:Middlewares/ST/usbx/common/core/src/ux_device_stack_configuration_set.c **** 
 405              		.loc 1 342 34 view .LVU153
 406 015c E9E7     		b	.L19
 407              	.LVL45:
 408              	.L32:
 294:Middlewares/ST/usbx/common/core/src/ux_device_stack_configuration_set.c **** 
 409              		.loc 1 294 25 is_stmt 1 view .LVU154
 294:Middlewares/ST/usbx/common/core/src/ux_device_stack_configuration_set.c **** 
 410              		.loc 1 294 56 is_stmt 0 view .LVU155
 411 015e 174A     		ldr	r2, .L33
 412 0160 1168     		ldr	r1, [r2]
 294:Middlewares/ST/usbx/common/core/src/ux_device_stack_configuration_set.c **** 
 413              		.loc 1 294 36 view .LVU156
 414 0162 D1F81021 		ldr	r2, [r1, #272]
 415              	.LVL46:
ARM GAS  C:\usertemp\ccj8zw3T.s 			page 17


 303:Middlewares/ST/usbx/common/core/src/ux_device_stack_configuration_set.c ****                             {
 416              		.loc 1 303 29 is_stmt 1 view .LVU157
 303:Middlewares/ST/usbx/common/core/src/ux_device_stack_configuration_set.c ****                             {
 417              		.loc 1 303 44 is_stmt 0 view .LVU158
 418 0166 106C     		ldr	r0, [r2, #64]
 303:Middlewares/ST/usbx/common/core/src/ux_device_stack_configuration_set.c ****                             {
 419              		.loc 1 303 32 view .LVU159
 420 0168 0128     		cmp	r0, #1
 421 016a F3D1     		bne	.L18
 307:Middlewares/ST/usbx/common/core/src/ux_device_stack_configuration_set.c ****                                     (configuration_value == class_inst -> ux_slave_class_configurat
 422              		.loc 1 307 33 is_stmt 1 view .LVU160
 307:Middlewares/ST/usbx/common/core/src/ux_device_stack_configuration_set.c ****                                     (configuration_value == class_inst -> ux_slave_class_configurat
 423              		.loc 1 307 90 is_stmt 0 view .LVU161
 424 016c D2F80801 		ldr	r0, [r2, #264]
 307:Middlewares/ST/usbx/common/core/src/ux_device_stack_configuration_set.c ****                                     (configuration_value == class_inst -> ux_slave_class_configurat
 425              		.loc 1 307 36 view .LVU162
 426 0170 8342     		cmp	r3, r0
 427 0172 EFD1     		bne	.L18
 308:Middlewares/ST/usbx/common/core/src/ux_device_stack_configuration_set.c ****                                 {
 428              		.loc 1 308 72 view .LVU163
 429 0174 D2F80C01 		ldr	r0, [r2, #268]
 307:Middlewares/ST/usbx/common/core/src/ux_device_stack_configuration_set.c ****                                     (configuration_value == class_inst -> ux_slave_class_configurat
 430              		.loc 1 307 126 discriminator 1 view .LVU164
 431 0178 4045     		cmp	r0, r8
 432 017a EBD1     		bne	.L18
 312:Middlewares/ST/usbx/common/core/src/ux_device_stack_configuration_set.c **** 
 433              		.loc 1 312 37 is_stmt 1 view .LVU165
 312:Middlewares/ST/usbx/common/core/src/ux_device_stack_configuration_set.c **** 
 434              		.loc 1 312 134 is_stmt 0 view .LVU166
 435 017c 4433     		adds	r3, r3, #68
 436 017e 01EB8301 		add	r1, r1, r3, lsl #2
 437 0182 4A60     		str	r2, [r1, #4]
 315:Middlewares/ST/usbx/common/core/src/ux_device_stack_configuration_set.c **** 
 438              		.loc 1 315 37 is_stmt 1 view .LVU167
 439              	.LVL47:
 315:Middlewares/ST/usbx/common/core/src/ux_device_stack_configuration_set.c **** 
 440              		.loc 1 315 51 is_stmt 0 view .LVU168
 441 0184 0192     		str	r2, [sp, #4]
 442 0186 E5E7     		b	.L18
 443              	.LVL48:
 444              	.L31:
 362:Middlewares/ST/usbx/common/core/src/ux_device_stack_configuration_set.c ****                                     (configuration_value == class_inst -> ux_slave_class_configurat
 445              		.loc 1 362 29 is_stmt 1 view .LVU169
 362:Middlewares/ST/usbx/common/core/src/ux_device_stack_configuration_set.c ****                                     (configuration_value == class_inst -> ux_slave_class_configurat
 446              		.loc 1 362 54 is_stmt 0 view .LVU170
 447 0188 9DF83A10 		ldrb	r1, [sp, #58]	@ zero_extendqisi2
 362:Middlewares/ST/usbx/common/core/src/ux_device_stack_configuration_set.c ****                                     (configuration_value == class_inst -> ux_slave_class_configurat
 448              		.loc 1 362 86 view .LVU171
 449 018c D3F80801 		ldr	r0, [r3, #264]
 362:Middlewares/ST/usbx/common/core/src/ux_device_stack_configuration_set.c ****                                     (configuration_value == class_inst -> ux_slave_class_configurat
 450              		.loc 1 362 32 view .LVU172
 451 0190 8142     		cmp	r1, r0
 452 0192 CED1     		bne	.L19
 363:Middlewares/ST/usbx/common/core/src/ux_device_stack_configuration_set.c ****                             {
 453              		.loc 1 363 72 view .LVU173
 454 0194 D3F80C01 		ldr	r0, [r3, #268]
 362:Middlewares/ST/usbx/common/core/src/ux_device_stack_configuration_set.c ****                                     (configuration_value == class_inst -> ux_slave_class_configurat
ARM GAS  C:\usertemp\ccj8zw3T.s 			page 18


 455              		.loc 1 362 122 discriminator 1 view .LVU174
 456 0198 4045     		cmp	r0, r8
 457 019a CAD1     		bne	.L19
 367:Middlewares/ST/usbx/common/core/src/ux_device_stack_configuration_set.c **** 
 458              		.loc 1 367 33 is_stmt 1 view .LVU175
 367:Middlewares/ST/usbx/common/core/src/ux_device_stack_configuration_set.c **** 
 459              		.loc 1 367 130 is_stmt 0 view .LVU176
 460 019c 4431     		adds	r1, r1, #68
 461 019e 02EB8102 		add	r2, r2, r1, lsl #2
 462 01a2 5360     		str	r3, [r2, #4]
 463 01a4 C5E7     		b	.L19
 464              	.LVL49:
 465              	.L29:
 396:Middlewares/ST/usbx/common/core/src/ux_device_stack_configuration_set.c **** 
 466              		.loc 1 396 5 is_stmt 1 view .LVU177
 396:Middlewares/ST/usbx/common/core/src/ux_device_stack_configuration_set.c **** 
 467              		.loc 1 396 37 is_stmt 0 view .LVU178
 468 01a6 0322     		movs	r2, #3
 469 01a8 3262     		str	r2, [r6, #32]
 399:Middlewares/ST/usbx/common/core/src/ux_device_stack_configuration_set.c **** 
 470              		.loc 1 399 5 is_stmt 1 view .LVU179
 399:Middlewares/ST/usbx/common/core/src/ux_device_stack_configuration_set.c **** 
 471              		.loc 1 399 9 is_stmt 0 view .LVU180
 472 01aa B369     		ldr	r3, [r6, #24]
 399:Middlewares/ST/usbx/common/core/src/ux_device_stack_configuration_set.c **** 
 473              		.loc 1 399 5 view .LVU181
 474 01ac 1321     		movs	r1, #19
 475 01ae 3046     		mov	r0, r6
 476 01b0 9847     		blx	r3
 477              	.LVL50:
 402:Middlewares/ST/usbx/common/core/src/ux_device_stack_configuration_set.c **** }
 478              		.loc 1 402 5 is_stmt 1 view .LVU182
 402:Middlewares/ST/usbx/common/core/src/ux_device_stack_configuration_set.c **** }
 479              		.loc 1 402 11 is_stmt 0 view .LVU183
 480 01b2 73E7     		b	.L1
 481              	.LVL51:
 482              	.L21:
 125:Middlewares/ST/usbx/common/core/src/ux_device_stack_configuration_set.c **** 
 483              		.loc 1 125 15 view .LVU184
 484 01b4 0025     		movs	r5, #0
 485 01b6 71E7     		b	.L1
 486              	.LVL52:
 487              	.L22:
 165:Middlewares/ST/usbx/common/core/src/ux_device_stack_configuration_set.c **** 
 488              		.loc 1 165 15 view .LVU185
 489 01b8 FF25     		movs	r5, #255
 490              	.LVL53:
 165:Middlewares/ST/usbx/common/core/src/ux_device_stack_configuration_set.c **** 
 491              		.loc 1 165 15 view .LVU186
 492 01ba 6FE7     		b	.L1
 493              	.L34:
 494              		.align	2
 495              	.L33:
 496 01bc 00000000 		.word	_ux_system_slave
 497 01c0 00000000 		.word	_ux_system_configuration_descriptor_structure
 498 01c4 00000000 		.word	_ux_system_interface_descriptor_structure
 499              		.cfi_endproc
ARM GAS  C:\usertemp\ccj8zw3T.s 			page 19


 500              	.LFE11:
 502              		.text
 503              	.Letext0:
 504              		.file 2 "Middlewares/ST/threadx/ports/cortex_m33/gnu/inc/tx_port.h"
 505              		.file 3 "Middlewares/ST/threadx/common/inc/tx_api.h"
 506              		.file 4 "Middlewares/ST/usbx/common/core/inc/ux_api.h"
 507              		.file 5 "Middlewares/ST/usbx/common/core/inc/ux_system.h"
 508              		.file 6 "Middlewares/ST/usbx/common/core/inc/ux_device_stack.h"
 509              		.file 7 "Middlewares/ST/usbx/common/core/inc/ux_utility.h"
ARM GAS  C:\usertemp\ccj8zw3T.s 			page 20


DEFINED SYMBOLS
                            *ABS*:00000000 ux_device_stack_configuration_set.c
C:\usertemp\ccj8zw3T.s:22     .text._ux_device_stack_configuration_set:00000000 $t
C:\usertemp\ccj8zw3T.s:28     .text._ux_device_stack_configuration_set:00000000 _ux_device_stack_configuration_set
C:\usertemp\ccj8zw3T.s:496    .text._ux_device_stack_configuration_set:000001bc $d

UNDEFINED SYMBOLS
_ux_utility_descriptor_parse
_ux_device_stack_interface_delete
_ux_device_stack_interface_set
_ux_system_slave
_ux_system_configuration_descriptor_structure
_ux_system_interface_descriptor_structure
