ARM GAS  C:\usertemp\ccHgU0XC.s 			page 1


   1              		.cpu cortex-m33
   2              		.arch armv8-m.main
   3              		.fpu fpv4-sp-d16
   4              		.arch_extension dsp
   5              		.eabi_attribute 27, 1
   6              		.eabi_attribute 28, 1
   7              		.eabi_attribute 20, 1
   8              		.eabi_attribute 21, 1
   9              		.eabi_attribute 23, 3
  10              		.eabi_attribute 24, 1
  11              		.eabi_attribute 25, 1
  12              		.eabi_attribute 26, 1
  13              		.eabi_attribute 30, 1
  14              		.eabi_attribute 34, 1
  15              		.eabi_attribute 18, 4
  16              		.file	"ux_utility_descriptor_pack.c"
  17              		.text
  18              	.Ltext0:
  19              		.cfi_sections	.debug_frame
  20              		.file 1 "Middlewares/ST/usbx/common/core/src/ux_utility_descriptor_pack.c"
  21              		.section	.text._ux_utility_descriptor_pack,"ax",%progbits
  22              		.align	1
  23              		.global	_ux_utility_descriptor_pack
  24              		.syntax unified
  25              		.thumb
  26              		.thumb_func
  28              	_ux_utility_descriptor_pack:
  29              	.LVL0:
  30              	.LFB3:
   1:Middlewares/ST/usbx/common/core/src/ux_utility_descriptor_pack.c **** /**************************************************************************/
   2:Middlewares/ST/usbx/common/core/src/ux_utility_descriptor_pack.c **** /*                                                                        */
   3:Middlewares/ST/usbx/common/core/src/ux_utility_descriptor_pack.c **** /*       Copyright (c) Microsoft Corporation. All rights reserved.        */
   4:Middlewares/ST/usbx/common/core/src/ux_utility_descriptor_pack.c **** /*                                                                        */
   5:Middlewares/ST/usbx/common/core/src/ux_utility_descriptor_pack.c **** /*       This software is licensed under the Microsoft Software License   */
   6:Middlewares/ST/usbx/common/core/src/ux_utility_descriptor_pack.c **** /*       Terms for Microsoft Azure RTOS. Full text of the license can be  */
   7:Middlewares/ST/usbx/common/core/src/ux_utility_descriptor_pack.c **** /*       found in the LICENSE file at https://aka.ms/AzureRTOS_EULA       */
   8:Middlewares/ST/usbx/common/core/src/ux_utility_descriptor_pack.c **** /*       and in the root directory of this software.                      */
   9:Middlewares/ST/usbx/common/core/src/ux_utility_descriptor_pack.c **** /*                                                                        */
  10:Middlewares/ST/usbx/common/core/src/ux_utility_descriptor_pack.c **** /**************************************************************************/
  11:Middlewares/ST/usbx/common/core/src/ux_utility_descriptor_pack.c **** 
  12:Middlewares/ST/usbx/common/core/src/ux_utility_descriptor_pack.c **** 
  13:Middlewares/ST/usbx/common/core/src/ux_utility_descriptor_pack.c **** /**************************************************************************/
  14:Middlewares/ST/usbx/common/core/src/ux_utility_descriptor_pack.c **** /**************************************************************************/
  15:Middlewares/ST/usbx/common/core/src/ux_utility_descriptor_pack.c **** /**                                                                       */
  16:Middlewares/ST/usbx/common/core/src/ux_utility_descriptor_pack.c **** /** USBX Component                                                        */
  17:Middlewares/ST/usbx/common/core/src/ux_utility_descriptor_pack.c **** /**                                                                       */
  18:Middlewares/ST/usbx/common/core/src/ux_utility_descriptor_pack.c **** /**   Utility                                                             */
  19:Middlewares/ST/usbx/common/core/src/ux_utility_descriptor_pack.c **** /**                                                                       */
  20:Middlewares/ST/usbx/common/core/src/ux_utility_descriptor_pack.c **** /**************************************************************************/
  21:Middlewares/ST/usbx/common/core/src/ux_utility_descriptor_pack.c **** /**************************************************************************/
  22:Middlewares/ST/usbx/common/core/src/ux_utility_descriptor_pack.c **** 
  23:Middlewares/ST/usbx/common/core/src/ux_utility_descriptor_pack.c **** 
  24:Middlewares/ST/usbx/common/core/src/ux_utility_descriptor_pack.c **** /* Include necessary system files.  */
  25:Middlewares/ST/usbx/common/core/src/ux_utility_descriptor_pack.c **** 
  26:Middlewares/ST/usbx/common/core/src/ux_utility_descriptor_pack.c **** #define UX_SOURCE_CODE
  27:Middlewares/ST/usbx/common/core/src/ux_utility_descriptor_pack.c **** 
  28:Middlewares/ST/usbx/common/core/src/ux_utility_descriptor_pack.c **** #include "ux_api.h"
ARM GAS  C:\usertemp\ccHgU0XC.s 			page 2


  29:Middlewares/ST/usbx/common/core/src/ux_utility_descriptor_pack.c **** 
  30:Middlewares/ST/usbx/common/core/src/ux_utility_descriptor_pack.c **** 
  31:Middlewares/ST/usbx/common/core/src/ux_utility_descriptor_pack.c **** /**************************************************************************/
  32:Middlewares/ST/usbx/common/core/src/ux_utility_descriptor_pack.c **** /*                                                                        */
  33:Middlewares/ST/usbx/common/core/src/ux_utility_descriptor_pack.c **** /*  FUNCTION                                               RELEASE        */
  34:Middlewares/ST/usbx/common/core/src/ux_utility_descriptor_pack.c **** /*                                                                        */
  35:Middlewares/ST/usbx/common/core/src/ux_utility_descriptor_pack.c **** /*    _ux_utility_descriptor_pack                         PORTABLE C      */
  36:Middlewares/ST/usbx/common/core/src/ux_utility_descriptor_pack.c **** /*                                                           6.3.0        */
  37:Middlewares/ST/usbx/common/core/src/ux_utility_descriptor_pack.c **** /*  AUTHOR                                                                */
  38:Middlewares/ST/usbx/common/core/src/ux_utility_descriptor_pack.c **** /*                                                                        */
  39:Middlewares/ST/usbx/common/core/src/ux_utility_descriptor_pack.c **** /*    Chaoqiong Xiao, Microsoft Corporation                               */
  40:Middlewares/ST/usbx/common/core/src/ux_utility_descriptor_pack.c **** /*                                                                        */
  41:Middlewares/ST/usbx/common/core/src/ux_utility_descriptor_pack.c **** /*  DESCRIPTION                                                           */
  42:Middlewares/ST/usbx/common/core/src/ux_utility_descriptor_pack.c **** /*                                                                        */
  43:Middlewares/ST/usbx/common/core/src/ux_utility_descriptor_pack.c **** /*    This function will pack an application structure into a USB         */
  44:Middlewares/ST/usbx/common/core/src/ux_utility_descriptor_pack.c **** /*    descriptor.                                                         */
  45:Middlewares/ST/usbx/common/core/src/ux_utility_descriptor_pack.c **** /*                                                                        */
  46:Middlewares/ST/usbx/common/core/src/ux_utility_descriptor_pack.c **** /*  INPUT                                                                 */
  47:Middlewares/ST/usbx/common/core/src/ux_utility_descriptor_pack.c **** /*                                                                        */
  48:Middlewares/ST/usbx/common/core/src/ux_utility_descriptor_pack.c **** /*    descriptor                            Pointer to the unpacked       */
  49:Middlewares/ST/usbx/common/core/src/ux_utility_descriptor_pack.c **** /*                                            descriptor                  */
  50:Middlewares/ST/usbx/common/core/src/ux_utility_descriptor_pack.c **** /*    descriptor_structure                  Components of the descriptor  */
  51:Middlewares/ST/usbx/common/core/src/ux_utility_descriptor_pack.c **** /*    descriptor_entries                    Number of entries in the      */
  52:Middlewares/ST/usbx/common/core/src/ux_utility_descriptor_pack.c **** /*                                            descriptor                  */
  53:Middlewares/ST/usbx/common/core/src/ux_utility_descriptor_pack.c **** /*    raw_descriptor                        Pointer to packed descriptor  */
  54:Middlewares/ST/usbx/common/core/src/ux_utility_descriptor_pack.c **** /*                                                                        */
  55:Middlewares/ST/usbx/common/core/src/ux_utility_descriptor_pack.c **** /*  OUTPUT                                                                */
  56:Middlewares/ST/usbx/common/core/src/ux_utility_descriptor_pack.c **** /*                                                                        */
  57:Middlewares/ST/usbx/common/core/src/ux_utility_descriptor_pack.c **** /*    None                                                                */
  58:Middlewares/ST/usbx/common/core/src/ux_utility_descriptor_pack.c **** /*                                                                        */
  59:Middlewares/ST/usbx/common/core/src/ux_utility_descriptor_pack.c **** /*  CALLS                                                                 */
  60:Middlewares/ST/usbx/common/core/src/ux_utility_descriptor_pack.c **** /*                                                                        */
  61:Middlewares/ST/usbx/common/core/src/ux_utility_descriptor_pack.c **** /*    _ux_utility_long_put                  Put 32-bit value              */
  62:Middlewares/ST/usbx/common/core/src/ux_utility_descriptor_pack.c **** /*    _ux_utility_short_put                 Put 16-bit value              */
  63:Middlewares/ST/usbx/common/core/src/ux_utility_descriptor_pack.c **** /*                                                                        */
  64:Middlewares/ST/usbx/common/core/src/ux_utility_descriptor_pack.c **** /*  CALLED BY                                                             */
  65:Middlewares/ST/usbx/common/core/src/ux_utility_descriptor_pack.c **** /*                                                                        */
  66:Middlewares/ST/usbx/common/core/src/ux_utility_descriptor_pack.c **** /*    USBX Components                                                     */
  67:Middlewares/ST/usbx/common/core/src/ux_utility_descriptor_pack.c **** /*                                                                        */
  68:Middlewares/ST/usbx/common/core/src/ux_utility_descriptor_pack.c **** /*  RELEASE HISTORY                                                       */
  69:Middlewares/ST/usbx/common/core/src/ux_utility_descriptor_pack.c **** /*                                                                        */
  70:Middlewares/ST/usbx/common/core/src/ux_utility_descriptor_pack.c **** /*    DATE              NAME                      DESCRIPTION             */
  71:Middlewares/ST/usbx/common/core/src/ux_utility_descriptor_pack.c **** /*                                                                        */
  72:Middlewares/ST/usbx/common/core/src/ux_utility_descriptor_pack.c **** /*  05-19-2020     Chaoqiong Xiao           Initial Version 6.0           */
  73:Middlewares/ST/usbx/common/core/src/ux_utility_descriptor_pack.c **** /*  09-30-2020     Chaoqiong Xiao           Modified comment(s),          */
  74:Middlewares/ST/usbx/common/core/src/ux_utility_descriptor_pack.c **** /*                                            resulting in version 6.1    */
  75:Middlewares/ST/usbx/common/core/src/ux_utility_descriptor_pack.c **** /*  10-31-2023     Chaoqiong Xiao           Modified comment(s),          */
  76:Middlewares/ST/usbx/common/core/src/ux_utility_descriptor_pack.c **** /*                                            optimized USB descriptors,  */
  77:Middlewares/ST/usbx/common/core/src/ux_utility_descriptor_pack.c **** /*                                            resulting in version 6.3.0  */
  78:Middlewares/ST/usbx/common/core/src/ux_utility_descriptor_pack.c **** /*                                                                        */
  79:Middlewares/ST/usbx/common/core/src/ux_utility_descriptor_pack.c **** /**************************************************************************/
  80:Middlewares/ST/usbx/common/core/src/ux_utility_descriptor_pack.c **** VOID  _ux_utility_descriptor_pack(UCHAR * descriptor, UCHAR * descriptor_structure,
  81:Middlewares/ST/usbx/common/core/src/ux_utility_descriptor_pack.c ****                         UINT descriptor_entries, UCHAR * raw_descriptor)
  82:Middlewares/ST/usbx/common/core/src/ux_utility_descriptor_pack.c **** {
  31              		.loc 1 82 1 view -0
  32              		.cfi_startproc
  33              		@ args = 0, pretend = 0, frame = 0
ARM GAS  C:\usertemp\ccHgU0XC.s 			page 3


  34              		@ frame_needed = 0, uses_anonymous_args = 0
  35              		.loc 1 82 1 is_stmt 0 view .LVU1
  36 0000 F8B5     		push	{r3, r4, r5, r6, r7, lr}
  37              	.LCFI0:
  38              		.cfi_def_cfa_offset 24
  39              		.cfi_offset 3, -24
  40              		.cfi_offset 4, -20
  41              		.cfi_offset 5, -16
  42              		.cfi_offset 6, -12
  43              		.cfi_offset 7, -8
  44              		.cfi_offset 14, -4
  45 0002 0446     		mov	r4, r0
  46 0004 0D46     		mov	r5, r1
  47 0006 1E46     		mov	r6, r3
  83:Middlewares/ST/usbx/common/core/src/ux_utility_descriptor_pack.c **** 
  84:Middlewares/ST/usbx/common/core/src/ux_utility_descriptor_pack.c ****     /* Loop on all the entries in this descriptor.  */
  85:Middlewares/ST/usbx/common/core/src/ux_utility_descriptor_pack.c ****     while(descriptor_entries--)
  48              		.loc 1 85 5 is_stmt 1 view .LVU2
  49              		.loc 1 85 10 is_stmt 0 view .LVU3
  50 0008 0AE0     		b	.L2
  51              	.LVL1:
  52              	.L6:
  86:Middlewares/ST/usbx/common/core/src/ux_utility_descriptor_pack.c ****     {
  87:Middlewares/ST/usbx/common/core/src/ux_utility_descriptor_pack.c **** 
  88:Middlewares/ST/usbx/common/core/src/ux_utility_descriptor_pack.c ****         /* Get the length of that component.  */
  89:Middlewares/ST/usbx/common/core/src/ux_utility_descriptor_pack.c ****         switch(*descriptor_structure++)
  90:Middlewares/ST/usbx/common/core/src/ux_utility_descriptor_pack.c ****         {
  91:Middlewares/ST/usbx/common/core/src/ux_utility_descriptor_pack.c **** 
  92:Middlewares/ST/usbx/common/core/src/ux_utility_descriptor_pack.c ****         /* Check the size then build the component from the source and
  93:Middlewares/ST/usbx/common/core/src/ux_utility_descriptor_pack.c ****            insert it into the target descriptor.  */
  94:Middlewares/ST/usbx/common/core/src/ux_utility_descriptor_pack.c ****         case 4:
  95:Middlewares/ST/usbx/common/core/src/ux_utility_descriptor_pack.c **** 
  96:Middlewares/ST/usbx/common/core/src/ux_utility_descriptor_pack.c ****             /* Increase address so it's aligned.  */
  97:Middlewares/ST/usbx/common/core/src/ux_utility_descriptor_pack.c ****             while((ALIGN_TYPE)descriptor & 3u)
  98:Middlewares/ST/usbx/common/core/src/ux_utility_descriptor_pack.c ****                 descriptor++;
  53              		.loc 1 98 17 is_stmt 1 view .LVU4
  54              		.loc 1 98 27 is_stmt 0 view .LVU5
  55 000a 0134     		adds	r4, r4, #1
  56              	.LVL2:
  57              	.L4:
  97:Middlewares/ST/usbx/common/core/src/ux_utility_descriptor_pack.c ****                 descriptor++;
  58              		.loc 1 97 19 is_stmt 1 view .LVU6
  59 000c 14F0030F 		tst	r4, #3
  60 0010 FBD1     		bne	.L6
  99:Middlewares/ST/usbx/common/core/src/ux_utility_descriptor_pack.c **** 
 100:Middlewares/ST/usbx/common/core/src/ux_utility_descriptor_pack.c ****             /* Put the DW.  */
 101:Middlewares/ST/usbx/common/core/src/ux_utility_descriptor_pack.c ****             _ux_utility_long_put(raw_descriptor, *((ULONG *) descriptor));
  61              		.loc 1 101 13 view .LVU7
  62 0012 54F8041B 		ldr	r1, [r4], #4
  63              	.LVL3:
  64              		.loc 1 101 13 is_stmt 0 view .LVU8
  65 0016 3046     		mov	r0, r6
  66 0018 FFF7FEFF 		bl	_ux_utility_long_put
  67              	.LVL4:
 102:Middlewares/ST/usbx/common/core/src/ux_utility_descriptor_pack.c ****             raw_descriptor +=  4;
  68              		.loc 1 102 13 is_stmt 1 view .LVU9
  69              		.loc 1 102 28 is_stmt 0 view .LVU10
ARM GAS  C:\usertemp\ccHgU0XC.s 			page 4


  70 001c 0436     		adds	r6, r6, #4
  71              	.LVL5:
 103:Middlewares/ST/usbx/common/core/src/ux_utility_descriptor_pack.c ****             descriptor += 4;
  72              		.loc 1 103 13 is_stmt 1 view .LVU11
 104:Middlewares/ST/usbx/common/core/src/ux_utility_descriptor_pack.c ****             break;
  73              		.loc 1 104 13 view .LVU12
  74              	.L7:
  82:Middlewares/ST/usbx/common/core/src/ux_utility_descriptor_pack.c **** 
  75              		.loc 1 82 1 is_stmt 0 view .LVU13
  76 001e 3A46     		mov	r2, r7
  77              	.LVL6:
  78              	.L2:
  85:Middlewares/ST/usbx/common/core/src/ux_utility_descriptor_pack.c ****     {
  79              		.loc 1 85 11 is_stmt 1 view .LVU14
  85:Middlewares/ST/usbx/common/core/src/ux_utility_descriptor_pack.c ****     {
  80              		.loc 1 85 29 is_stmt 0 view .LVU15
  81 0020 571E     		subs	r7, r2, #1
  82              	.LVL7:
  85:Middlewares/ST/usbx/common/core/src/ux_utility_descriptor_pack.c ****     {
  83              		.loc 1 85 11 view .LVU16
  84 0022 AAB1     		cbz	r2, .L12
  89:Middlewares/ST/usbx/common/core/src/ux_utility_descriptor_pack.c ****         {
  85              		.loc 1 89 9 is_stmt 1 view .LVU17
  86              	.LVL8:
  89:Middlewares/ST/usbx/common/core/src/ux_utility_descriptor_pack.c ****         {
  87              		.loc 1 89 16 is_stmt 0 view .LVU18
  88 0024 15F8013B 		ldrb	r3, [r5], #1	@ zero_extendqisi2
  89              	.LVL9:
  89:Middlewares/ST/usbx/common/core/src/ux_utility_descriptor_pack.c ****         {
  90              		.loc 1 89 9 view .LVU19
  91 0028 022B     		cmp	r3, #2
  92 002a 07D0     		beq	.L3
  93 002c 042B     		cmp	r3, #4
  94 002e EDD0     		beq	.L4
 105:Middlewares/ST/usbx/common/core/src/ux_utility_descriptor_pack.c **** 
 106:Middlewares/ST/usbx/common/core/src/ux_utility_descriptor_pack.c ****         case 2:
 107:Middlewares/ST/usbx/common/core/src/ux_utility_descriptor_pack.c **** 
 108:Middlewares/ST/usbx/common/core/src/ux_utility_descriptor_pack.c ****             /* Increase address so it's aligned.  */
 109:Middlewares/ST/usbx/common/core/src/ux_utility_descriptor_pack.c ****             while((ALIGN_TYPE)descriptor & 1u)
 110:Middlewares/ST/usbx/common/core/src/ux_utility_descriptor_pack.c ****                 descriptor++;
 111:Middlewares/ST/usbx/common/core/src/ux_utility_descriptor_pack.c **** 
 112:Middlewares/ST/usbx/common/core/src/ux_utility_descriptor_pack.c ****             /* Put the Word.  */
 113:Middlewares/ST/usbx/common/core/src/ux_utility_descriptor_pack.c ****             _ux_utility_short_put(raw_descriptor, (USHORT)*((USHORT *) descriptor));
 114:Middlewares/ST/usbx/common/core/src/ux_utility_descriptor_pack.c ****             raw_descriptor += 2;
 115:Middlewares/ST/usbx/common/core/src/ux_utility_descriptor_pack.c ****             descriptor += 2;
 116:Middlewares/ST/usbx/common/core/src/ux_utility_descriptor_pack.c ****             break;
 117:Middlewares/ST/usbx/common/core/src/ux_utility_descriptor_pack.c **** 
 118:Middlewares/ST/usbx/common/core/src/ux_utility_descriptor_pack.c ****         default:
 119:Middlewares/ST/usbx/common/core/src/ux_utility_descriptor_pack.c **** 
 120:Middlewares/ST/usbx/common/core/src/ux_utility_descriptor_pack.c ****             /* Put the byte.  */
 121:Middlewares/ST/usbx/common/core/src/ux_utility_descriptor_pack.c ****             *raw_descriptor =  (UCHAR) *((UCHAR *) descriptor);
  95              		.loc 1 121 13 is_stmt 1 view .LVU20
  96              		.loc 1 121 32 is_stmt 0 view .LVU21
  97 0030 14F8013B 		ldrb	r3, [r4], #1	@ zero_extendqisi2
  98              	.LVL10:
  99              		.loc 1 121 29 view .LVU22
 100 0034 06F8013B 		strb	r3, [r6], #1
ARM GAS  C:\usertemp\ccHgU0XC.s 			page 5


 101              	.LVL11:
 122:Middlewares/ST/usbx/common/core/src/ux_utility_descriptor_pack.c ****             raw_descriptor++;
 102              		.loc 1 122 13 is_stmt 1 view .LVU23
 123:Middlewares/ST/usbx/common/core/src/ux_utility_descriptor_pack.c ****             descriptor++;
 103              		.loc 1 123 13 view .LVU24
 104              		.loc 1 123 13 is_stmt 0 view .LVU25
 105 0038 F1E7     		b	.L7
 106              	.L8:
 110:Middlewares/ST/usbx/common/core/src/ux_utility_descriptor_pack.c **** 
 107              		.loc 1 110 17 is_stmt 1 view .LVU26
 110:Middlewares/ST/usbx/common/core/src/ux_utility_descriptor_pack.c **** 
 108              		.loc 1 110 27 is_stmt 0 view .LVU27
 109 003a 0134     		adds	r4, r4, #1
 110              	.LVL12:
 111              	.L3:
 109:Middlewares/ST/usbx/common/core/src/ux_utility_descriptor_pack.c ****                 descriptor++;
 112              		.loc 1 109 19 is_stmt 1 view .LVU28
 113 003c 14F0010F 		tst	r4, #1
 114 0040 FBD1     		bne	.L8
 113:Middlewares/ST/usbx/common/core/src/ux_utility_descriptor_pack.c ****             raw_descriptor += 2;
 115              		.loc 1 113 13 view .LVU29
 116 0042 34F8021B 		ldrh	r1, [r4], #2
 117              	.LVL13:
 113:Middlewares/ST/usbx/common/core/src/ux_utility_descriptor_pack.c ****             raw_descriptor += 2;
 118              		.loc 1 113 13 is_stmt 0 view .LVU30
 119 0046 3046     		mov	r0, r6
 120 0048 FFF7FEFF 		bl	_ux_utility_short_put
 121              	.LVL14:
 114:Middlewares/ST/usbx/common/core/src/ux_utility_descriptor_pack.c ****             descriptor += 2;
 122              		.loc 1 114 13 is_stmt 1 view .LVU31
 114:Middlewares/ST/usbx/common/core/src/ux_utility_descriptor_pack.c ****             descriptor += 2;
 123              		.loc 1 114 28 is_stmt 0 view .LVU32
 124 004c 0236     		adds	r6, r6, #2
 125              	.LVL15:
 115:Middlewares/ST/usbx/common/core/src/ux_utility_descriptor_pack.c ****             break;
 126              		.loc 1 115 13 is_stmt 1 view .LVU33
 116:Middlewares/ST/usbx/common/core/src/ux_utility_descriptor_pack.c **** 
 127              		.loc 1 116 13 view .LVU34
 128 004e E6E7     		b	.L7
 129              	.L12:
 124:Middlewares/ST/usbx/common/core/src/ux_utility_descriptor_pack.c ****         }
 125:Middlewares/ST/usbx/common/core/src/ux_utility_descriptor_pack.c ****     }
 126:Middlewares/ST/usbx/common/core/src/ux_utility_descriptor_pack.c **** 
 127:Middlewares/ST/usbx/common/core/src/ux_utility_descriptor_pack.c ****     /* Return to caller.  */
 128:Middlewares/ST/usbx/common/core/src/ux_utility_descriptor_pack.c ****     return;
 129:Middlewares/ST/usbx/common/core/src/ux_utility_descriptor_pack.c **** }
 130              		.loc 1 129 1 is_stmt 0 view .LVU35
 131 0050 F8BD     		pop	{r3, r4, r5, r6, r7, pc}
 132              		.loc 1 129 1 view .LVU36
 133              		.cfi_endproc
 134              	.LFE3:
 136              		.text
 137              	.Letext0:
 138              		.file 2 "Middlewares/ST/usbx/ports/generic/inc/ux_port.h"
 139              		.file 3 "Middlewares/ST/usbx/common/core/inc/ux_utility.h"
ARM GAS  C:\usertemp\ccHgU0XC.s 			page 6


DEFINED SYMBOLS
                            *ABS*:00000000 ux_utility_descriptor_pack.c
C:\usertemp\ccHgU0XC.s:22     .text._ux_utility_descriptor_pack:00000000 $t
C:\usertemp\ccHgU0XC.s:28     .text._ux_utility_descriptor_pack:00000000 _ux_utility_descriptor_pack

UNDEFINED SYMBOLS
_ux_utility_long_put
_ux_utility_short_put
