ARM GAS  C:\usertemp\ccraBJBz.s 			page 1


   1              		.cpu cortex-m33
   2              		.arch armv8-m.main
   3              		.fpu fpv4-sp-d16
   4              		.arch_extension dsp
   5              		.eabi_attribute 27, 1
   6              		.eabi_attribute 28, 1
   7              		.eabi_attribute 20, 1
   8              		.eabi_attribute 21, 1
   9              		.eabi_attribute 23, 3
  10              		.eabi_attribute 24, 1
  11              		.eabi_attribute 25, 1
  12              		.eabi_attribute 26, 1
  13              		.eabi_attribute 30, 1
  14              		.eabi_attribute 34, 1
  15              		.eabi_attribute 18, 4
  16              		.file	"ux_utility_memory_free.c"
  17              		.text
  18              	.Ltext0:
  19              		.cfi_sections	.debug_frame
  20              		.file 1 "Middlewares/ST/usbx/common/core/src/ux_utility_memory_free.c"
  21              		.section	.text._ux_utility_memory_free,"ax",%progbits
  22              		.align	1
  23              		.global	_ux_utility_memory_free
  24              		.syntax unified
  25              		.thumb
  26              		.thumb_func
  28              	_ux_utility_memory_free:
  29              	.LVL0:
  30              	.LFB11:
   1:Middlewares/ST/usbx/common/core/src/ux_utility_memory_free.c **** /**************************************************************************/
   2:Middlewares/ST/usbx/common/core/src/ux_utility_memory_free.c **** /*                                                                        */
   3:Middlewares/ST/usbx/common/core/src/ux_utility_memory_free.c **** /*       Copyright (c) Microsoft Corporation. All rights reserved.        */
   4:Middlewares/ST/usbx/common/core/src/ux_utility_memory_free.c **** /*                                                                        */
   5:Middlewares/ST/usbx/common/core/src/ux_utility_memory_free.c **** /*       This software is licensed under the Microsoft Software License   */
   6:Middlewares/ST/usbx/common/core/src/ux_utility_memory_free.c **** /*       Terms for Microsoft Azure RTOS. Full text of the license can be  */
   7:Middlewares/ST/usbx/common/core/src/ux_utility_memory_free.c **** /*       found in the LICENSE file at https://aka.ms/AzureRTOS_EULA       */
   8:Middlewares/ST/usbx/common/core/src/ux_utility_memory_free.c **** /*       and in the root directory of this software.                      */
   9:Middlewares/ST/usbx/common/core/src/ux_utility_memory_free.c **** /*                                                                        */
  10:Middlewares/ST/usbx/common/core/src/ux_utility_memory_free.c **** /**************************************************************************/
  11:Middlewares/ST/usbx/common/core/src/ux_utility_memory_free.c **** 
  12:Middlewares/ST/usbx/common/core/src/ux_utility_memory_free.c **** 
  13:Middlewares/ST/usbx/common/core/src/ux_utility_memory_free.c **** /**************************************************************************/
  14:Middlewares/ST/usbx/common/core/src/ux_utility_memory_free.c **** /**************************************************************************/
  15:Middlewares/ST/usbx/common/core/src/ux_utility_memory_free.c **** /**                                                                       */
  16:Middlewares/ST/usbx/common/core/src/ux_utility_memory_free.c **** /** USBX Component                                                        */
  17:Middlewares/ST/usbx/common/core/src/ux_utility_memory_free.c **** /**                                                                       */
  18:Middlewares/ST/usbx/common/core/src/ux_utility_memory_free.c **** /**   Utility                                                             */
  19:Middlewares/ST/usbx/common/core/src/ux_utility_memory_free.c **** /**                                                                       */
  20:Middlewares/ST/usbx/common/core/src/ux_utility_memory_free.c **** /**************************************************************************/
  21:Middlewares/ST/usbx/common/core/src/ux_utility_memory_free.c **** /**************************************************************************/
  22:Middlewares/ST/usbx/common/core/src/ux_utility_memory_free.c **** 
  23:Middlewares/ST/usbx/common/core/src/ux_utility_memory_free.c **** 
  24:Middlewares/ST/usbx/common/core/src/ux_utility_memory_free.c **** /* Include necessary system files.  */
  25:Middlewares/ST/usbx/common/core/src/ux_utility_memory_free.c **** 
  26:Middlewares/ST/usbx/common/core/src/ux_utility_memory_free.c **** #define UX_SOURCE_CODE
  27:Middlewares/ST/usbx/common/core/src/ux_utility_memory_free.c **** 
  28:Middlewares/ST/usbx/common/core/src/ux_utility_memory_free.c **** #include "ux_api.h"
ARM GAS  C:\usertemp\ccraBJBz.s 			page 2


  29:Middlewares/ST/usbx/common/core/src/ux_utility_memory_free.c **** 
  30:Middlewares/ST/usbx/common/core/src/ux_utility_memory_free.c **** 
  31:Middlewares/ST/usbx/common/core/src/ux_utility_memory_free.c **** /**************************************************************************/
  32:Middlewares/ST/usbx/common/core/src/ux_utility_memory_free.c **** /*                                                                        */
  33:Middlewares/ST/usbx/common/core/src/ux_utility_memory_free.c **** /*  FUNCTION                                               RELEASE        */
  34:Middlewares/ST/usbx/common/core/src/ux_utility_memory_free.c **** /*                                                                        */
  35:Middlewares/ST/usbx/common/core/src/ux_utility_memory_free.c **** /*    _ux_utility_memory_free                             PORTABLE C      */
  36:Middlewares/ST/usbx/common/core/src/ux_utility_memory_free.c **** /*                                                           6.3.0        */
  37:Middlewares/ST/usbx/common/core/src/ux_utility_memory_free.c **** /*  AUTHOR                                                                */
  38:Middlewares/ST/usbx/common/core/src/ux_utility_memory_free.c **** /*                                                                        */
  39:Middlewares/ST/usbx/common/core/src/ux_utility_memory_free.c **** /*    Chaoqiong Xiao, Microsoft Corporation                               */
  40:Middlewares/ST/usbx/common/core/src/ux_utility_memory_free.c **** /*                                                                        */
  41:Middlewares/ST/usbx/common/core/src/ux_utility_memory_free.c **** /*  DESCRIPTION                                                           */
  42:Middlewares/ST/usbx/common/core/src/ux_utility_memory_free.c **** /*                                                                        */
  43:Middlewares/ST/usbx/common/core/src/ux_utility_memory_free.c **** /*    This function frees a previously allocated memory block.            */
  44:Middlewares/ST/usbx/common/core/src/ux_utility_memory_free.c **** /*                                                                        */
  45:Middlewares/ST/usbx/common/core/src/ux_utility_memory_free.c **** /*  INPUT                                                                 */
  46:Middlewares/ST/usbx/common/core/src/ux_utility_memory_free.c **** /*                                                                        */
  47:Middlewares/ST/usbx/common/core/src/ux_utility_memory_free.c **** /*    memory                                Pointer to memory block       */
  48:Middlewares/ST/usbx/common/core/src/ux_utility_memory_free.c **** /*                                                                        */
  49:Middlewares/ST/usbx/common/core/src/ux_utility_memory_free.c **** /*  OUTPUT                                                                */
  50:Middlewares/ST/usbx/common/core/src/ux_utility_memory_free.c **** /*                                                                        */
  51:Middlewares/ST/usbx/common/core/src/ux_utility_memory_free.c **** /*    None                                                                */
  52:Middlewares/ST/usbx/common/core/src/ux_utility_memory_free.c **** /*                                                                        */
  53:Middlewares/ST/usbx/common/core/src/ux_utility_memory_free.c **** /*  CALLS                                                                 */
  54:Middlewares/ST/usbx/common/core/src/ux_utility_memory_free.c **** /*                                                                        */
  55:Middlewares/ST/usbx/common/core/src/ux_utility_memory_free.c **** /*    _ux_utility_mutex_on                  Start system protection       */
  56:Middlewares/ST/usbx/common/core/src/ux_utility_memory_free.c **** /*    _ux_utility_mutex_off                 End system protection         */
  57:Middlewares/ST/usbx/common/core/src/ux_utility_memory_free.c **** /*                                                                        */
  58:Middlewares/ST/usbx/common/core/src/ux_utility_memory_free.c **** /*  CALLED BY                                                             */
  59:Middlewares/ST/usbx/common/core/src/ux_utility_memory_free.c **** /*                                                                        */
  60:Middlewares/ST/usbx/common/core/src/ux_utility_memory_free.c **** /*    USBX Components                                                     */
  61:Middlewares/ST/usbx/common/core/src/ux_utility_memory_free.c **** /*                                                                        */
  62:Middlewares/ST/usbx/common/core/src/ux_utility_memory_free.c **** /*  RELEASE HISTORY                                                       */
  63:Middlewares/ST/usbx/common/core/src/ux_utility_memory_free.c **** /*                                                                        */
  64:Middlewares/ST/usbx/common/core/src/ux_utility_memory_free.c **** /*    DATE              NAME                      DESCRIPTION             */
  65:Middlewares/ST/usbx/common/core/src/ux_utility_memory_free.c **** /*                                                                        */
  66:Middlewares/ST/usbx/common/core/src/ux_utility_memory_free.c **** /*  05-19-2020     Chaoqiong Xiao           Initial Version 6.0           */
  67:Middlewares/ST/usbx/common/core/src/ux_utility_memory_free.c **** /*  09-30-2020     Chaoqiong Xiao           Modified comment(s),          */
  68:Middlewares/ST/usbx/common/core/src/ux_utility_memory_free.c **** /*                                            resulting in version 6.1    */
  69:Middlewares/ST/usbx/common/core/src/ux_utility_memory_free.c **** /*  01-31-2022     Chaoqiong Xiao           Modified comment(s),          */
  70:Middlewares/ST/usbx/common/core/src/ux_utility_memory_free.c **** /*                                            added standalone support,   */
  71:Middlewares/ST/usbx/common/core/src/ux_utility_memory_free.c **** /*                                            resulting in version 6.1.10 */
  72:Middlewares/ST/usbx/common/core/src/ux_utility_memory_free.c **** /*  10-31-2023     Yajun Xia, CQ Xiao       Modified comment(s),          */
  73:Middlewares/ST/usbx/common/core/src/ux_utility_memory_free.c **** /*                                            added some error traps,     */
  74:Middlewares/ST/usbx/common/core/src/ux_utility_memory_free.c **** /*                                            refined memory management,  */
  75:Middlewares/ST/usbx/common/core/src/ux_utility_memory_free.c **** /*                                            resulting in version 6.3.0  */
  76:Middlewares/ST/usbx/common/core/src/ux_utility_memory_free.c **** /*                                                                        */
  77:Middlewares/ST/usbx/common/core/src/ux_utility_memory_free.c **** /**************************************************************************/
  78:Middlewares/ST/usbx/common/core/src/ux_utility_memory_free.c **** VOID  _ux_utility_memory_free(VOID *memory)
  79:Middlewares/ST/usbx/common/core/src/ux_utility_memory_free.c **** {
  31              		.loc 1 79 1 view -0
  32              		.cfi_startproc
  33              		@ args = 0, pretend = 0, frame = 0
  34              		@ frame_needed = 0, uses_anonymous_args = 0
  35              		.loc 1 79 1 is_stmt 0 view .LVU1
  36 0000 10B5     		push	{r4, lr}
ARM GAS  C:\usertemp\ccraBJBz.s 			page 3


  37              	.LCFI0:
  38              		.cfi_def_cfa_offset 8
  39              		.cfi_offset 4, -8
  40              		.cfi_offset 14, -4
  41 0002 0446     		mov	r4, r0
  80:Middlewares/ST/usbx/common/core/src/ux_utility_memory_free.c **** UX_MEMORY_BYTE_POOL *pool_ptr;
  42              		.loc 1 80 1 is_stmt 1 view .LVU2
  81:Middlewares/ST/usbx/common/core/src/ux_utility_memory_free.c **** UCHAR               *work_ptr;
  43              		.loc 1 81 1 view .LVU3
  82:Middlewares/ST/usbx/common/core/src/ux_utility_memory_free.c **** UCHAR               *temp_ptr;
  44              		.loc 1 82 1 view .LVU4
  83:Middlewares/ST/usbx/common/core/src/ux_utility_memory_free.c **** UCHAR               *next_block_ptr;
  45              		.loc 1 83 1 view .LVU5
  84:Middlewares/ST/usbx/common/core/src/ux_utility_memory_free.c **** 
  85:Middlewares/ST/usbx/common/core/src/ux_utility_memory_free.c **** ALIGN_TYPE          *free_ptr;
  46              		.loc 1 85 1 view .LVU6
  86:Middlewares/ST/usbx/common/core/src/ux_utility_memory_free.c **** UX_MEMORY_BYTE_POOL **byte_pool_ptr;
  47              		.loc 1 86 1 view .LVU7
  87:Middlewares/ST/usbx/common/core/src/ux_utility_memory_free.c **** UCHAR               **block_link_ptr;
  48              		.loc 1 87 1 view .LVU8
  88:Middlewares/ST/usbx/common/core/src/ux_utility_memory_free.c **** #ifdef UX_ENABLE_MEMORY_POOL_SANITY_CHECK
  89:Middlewares/ST/usbx/common/core/src/ux_utility_memory_free.c **** UCHAR               *memory_address;
  90:Middlewares/ST/usbx/common/core/src/ux_utility_memory_free.c **** UCHAR               *regular_start, *regular_end;
  91:Middlewares/ST/usbx/common/core/src/ux_utility_memory_free.c **** UCHAR               *cache_safe_start, *cache_safe_end;
  92:Middlewares/ST/usbx/common/core/src/ux_utility_memory_free.c **** #endif
  93:Middlewares/ST/usbx/common/core/src/ux_utility_memory_free.c **** #ifdef UX_ENABLE_MEMORY_STATISTICS
  94:Middlewares/ST/usbx/common/core/src/ux_utility_memory_free.c **** UINT                index;
  95:Middlewares/ST/usbx/common/core/src/ux_utility_memory_free.c **** #endif
  96:Middlewares/ST/usbx/common/core/src/ux_utility_memory_free.c **** 
  97:Middlewares/ST/usbx/common/core/src/ux_utility_memory_free.c ****     /* Get the mutex as this is a critical section.  */
  98:Middlewares/ST/usbx/common/core/src/ux_utility_memory_free.c ****     _ux_system_mutex_on(&_ux_system -> ux_system_mutex);
  49              		.loc 1 98 5 view .LVU9
  50              		.loc 1 98 37 is_stmt 0 view .LVU10
  51 0004 244B     		ldr	r3, .L9
  52 0006 1868     		ldr	r0, [r3]
  53              	.LVL1:
  54              		.loc 1 98 5 view .LVU11
  55 0008 0C30     		adds	r0, r0, #12
  56 000a FFF7FEFF 		bl	_ux_utility_mutex_on
  57              	.LVL2:
  99:Middlewares/ST/usbx/common/core/src/ux_utility_memory_free.c **** 
 100:Middlewares/ST/usbx/common/core/src/ux_utility_memory_free.c **** #ifdef UX_ENABLE_MEMORY_POOL_SANITY_CHECK
 101:Middlewares/ST/usbx/common/core/src/ux_utility_memory_free.c **** 
 102:Middlewares/ST/usbx/common/core/src/ux_utility_memory_free.c ****     /* Sanity check, check if the memory is in memory pool.  */
 103:Middlewares/ST/usbx/common/core/src/ux_utility_memory_free.c ****     regular_start = (UCHAR *)_ux_system -> ux_system_memory_byte_pool[UX_MEMORY_BYTE_POOL_REGULAR] 
 104:Middlewares/ST/usbx/common/core/src/ux_utility_memory_free.c ****     regular_end = regular_start + _ux_system -> ux_system_memory_byte_pool[UX_MEMORY_BYTE_POOL_REGU
 105:Middlewares/ST/usbx/common/core/src/ux_utility_memory_free.c ****     regular_start += UX_MEMORY_BLOCK_HEADER_SIZE;
 106:Middlewares/ST/usbx/common/core/src/ux_utility_memory_free.c ****     cache_safe_start = (UCHAR *)_ux_system -> ux_system_memory_byte_pool[UX_MEMORY_BYTE_POOL_CACHE_
 107:Middlewares/ST/usbx/common/core/src/ux_utility_memory_free.c ****     cache_safe_end = cache_safe_start + _ux_system -> ux_system_memory_byte_pool[UX_MEMORY_BYTE_POO
 108:Middlewares/ST/usbx/common/core/src/ux_utility_memory_free.c ****     cache_safe_start += UX_MEMORY_BLOCK_HEADER_SIZE;
 109:Middlewares/ST/usbx/common/core/src/ux_utility_memory_free.c **** 
 110:Middlewares/ST/usbx/common/core/src/ux_utility_memory_free.c ****     memory_address = (UCHAR *)memory;
 111:Middlewares/ST/usbx/common/core/src/ux_utility_memory_free.c ****     if (!((memory_address >= regular_start    && memory_address < regular_end) ||
 112:Middlewares/ST/usbx/common/core/src/ux_utility_memory_free.c ****           (memory_address >= cache_safe_start && memory_address < cache_safe_end)))
 113:Middlewares/ST/usbx/common/core/src/ux_utility_memory_free.c ****     {
 114:Middlewares/ST/usbx/common/core/src/ux_utility_memory_free.c **** 
 115:Middlewares/ST/usbx/common/core/src/ux_utility_memory_free.c ****         /* Not valid. Release the protection.  */
ARM GAS  C:\usertemp\ccraBJBz.s 			page 4


 116:Middlewares/ST/usbx/common/core/src/ux_utility_memory_free.c ****         _ux_system_mutex_off(&_ux_system -> ux_system_mutex);
 117:Middlewares/ST/usbx/common/core/src/ux_utility_memory_free.c **** 
 118:Middlewares/ST/usbx/common/core/src/ux_utility_memory_free.c ****         /* Error trap.  */
 119:Middlewares/ST/usbx/common/core/src/ux_utility_memory_free.c ****         _ux_system_error_handler(UX_SYSTEM_LEVEL_THREAD,
 120:Middlewares/ST/usbx/common/core/src/ux_utility_memory_free.c ****                                 UX_SYSTEM_CONTEXT_UTILITY, UX_MEMORY_CORRUPTED);
 121:Middlewares/ST/usbx/common/core/src/ux_utility_memory_free.c **** 
 122:Middlewares/ST/usbx/common/core/src/ux_utility_memory_free.c ****         /* No action taken.  */
 123:Middlewares/ST/usbx/common/core/src/ux_utility_memory_free.c ****         return;
 124:Middlewares/ST/usbx/common/core/src/ux_utility_memory_free.c ****     }
 125:Middlewares/ST/usbx/common/core/src/ux_utility_memory_free.c **** #endif
 126:Middlewares/ST/usbx/common/core/src/ux_utility_memory_free.c **** 
 127:Middlewares/ST/usbx/common/core/src/ux_utility_memory_free.c ****     /* Set the pool pointer to NULL.  */
 128:Middlewares/ST/usbx/common/core/src/ux_utility_memory_free.c ****     pool_ptr =  UX_NULL;
  58              		.loc 1 128 5 is_stmt 1 view .LVU12
 129:Middlewares/ST/usbx/common/core/src/ux_utility_memory_free.c **** 
 130:Middlewares/ST/usbx/common/core/src/ux_utility_memory_free.c ****     /* Determine if the memory pointer is valid.  */
 131:Middlewares/ST/usbx/common/core/src/ux_utility_memory_free.c ****     work_ptr =  UX_VOID_TO_UCHAR_POINTER_CONVERT(memory);
  59              		.loc 1 131 5 view .LVU13
 132:Middlewares/ST/usbx/common/core/src/ux_utility_memory_free.c ****     if (work_ptr != UX_NULL)
  60              		.loc 1 132 5 view .LVU14
  61              		.loc 1 132 8 is_stmt 0 view .LVU15
  62 000e 2CB3     		cbz	r4, .L2
 133:Middlewares/ST/usbx/common/core/src/ux_utility_memory_free.c ****     {
 134:Middlewares/ST/usbx/common/core/src/ux_utility_memory_free.c **** 
 135:Middlewares/ST/usbx/common/core/src/ux_utility_memory_free.c ****         /* Back off the memory pointer to pickup its header.  */
 136:Middlewares/ST/usbx/common/core/src/ux_utility_memory_free.c ****         work_ptr =  UX_UCHAR_POINTER_SUB(work_ptr, UX_MEMORY_BLOCK_HEADER_SIZE);
  63              		.loc 1 136 9 is_stmt 1 view .LVU16
  64              		.loc 1 136 18 is_stmt 0 view .LVU17
  65 0010 A4F10802 		sub	r2, r4, #8
  66              	.LVL3:
 137:Middlewares/ST/usbx/common/core/src/ux_utility_memory_free.c **** 
 138:Middlewares/ST/usbx/common/core/src/ux_utility_memory_free.c ****         /* There is a pointer, pickup the pool pointer address.  */
 139:Middlewares/ST/usbx/common/core/src/ux_utility_memory_free.c ****         temp_ptr =  UX_UCHAR_POINTER_ADD(work_ptr, (sizeof(UCHAR *)));
  67              		.loc 1 139 9 is_stmt 1 view .LVU18
 140:Middlewares/ST/usbx/common/core/src/ux_utility_memory_free.c ****         free_ptr =  UX_UCHAR_TO_ALIGN_TYPE_POINTER_CONVERT(temp_ptr);
  68              		.loc 1 140 9 view .LVU19
 141:Middlewares/ST/usbx/common/core/src/ux_utility_memory_free.c ****         if ((*free_ptr) != UX_BYTE_BLOCK_FREE)
  69              		.loc 1 141 9 view .LVU20
  70              		.loc 1 141 14 is_stmt 0 view .LVU21
  71 0014 54F8043C 		ldr	r3, [r4, #-4]
  72              		.loc 1 141 12 view .LVU22
  73 0018 2049     		ldr	r1, .L9+4
  74 001a 8B42     		cmp	r3, r1
  75 001c 13D0     		beq	.L3
 142:Middlewares/ST/usbx/common/core/src/ux_utility_memory_free.c ****         {
 143:Middlewares/ST/usbx/common/core/src/ux_utility_memory_free.c **** 
 144:Middlewares/ST/usbx/common/core/src/ux_utility_memory_free.c ****             /* Pickup the pool pointer.  */
 145:Middlewares/ST/usbx/common/core/src/ux_utility_memory_free.c ****             temp_ptr =  UX_UCHAR_POINTER_ADD(work_ptr, (sizeof(UCHAR *)));
  76              		.loc 1 145 13 is_stmt 1 view .LVU23
 146:Middlewares/ST/usbx/common/core/src/ux_utility_memory_free.c ****             byte_pool_ptr = UX_UCHAR_TO_INDIRECT_BYTE_POOL_POINTER(temp_ptr);
  77              		.loc 1 146 13 view .LVU24
  78              	.LVL4:
 147:Middlewares/ST/usbx/common/core/src/ux_utility_memory_free.c ****             pool_ptr = *byte_pool_ptr;
  79              		.loc 1 147 13 view .LVU25
 148:Middlewares/ST/usbx/common/core/src/ux_utility_memory_free.c **** 
 149:Middlewares/ST/usbx/common/core/src/ux_utility_memory_free.c ****             /* See if we have a valid pool pointer.  */
 150:Middlewares/ST/usbx/common/core/src/ux_utility_memory_free.c ****             if ((pool_ptr == UX_NULL) ||
ARM GAS  C:\usertemp\ccraBJBz.s 			page 5


  80              		.loc 1 150 13 view .LVU26
  81              		.loc 1 150 16 is_stmt 0 view .LVU27
  82 001e 3BB1     		cbz	r3, .L4
 151:Middlewares/ST/usbx/common/core/src/ux_utility_memory_free.c ****                 ((pool_ptr != _ux_system -> ux_system_memory_byte_pool[UX_MEMORY_BYTE_POOL_REGULAR]
  83              		.loc 1 151 42 view .LVU28
  84 0020 1D49     		ldr	r1, .L9
  85 0022 0968     		ldr	r1, [r1]
  86              		.loc 1 151 71 view .LVU29
  87 0024 0868     		ldr	r0, [r1]
 150:Middlewares/ST/usbx/common/core/src/ux_utility_memory_free.c ****                 ((pool_ptr != _ux_system -> ux_system_memory_byte_pool[UX_MEMORY_BYTE_POOL_REGULAR]
  88              		.loc 1 150 39 discriminator 1 view .LVU30
  89 0026 9842     		cmp	r0, r3
  90 0028 23D0     		beq	.L5
 152:Middlewares/ST/usbx/common/core/src/ux_utility_memory_free.c ****                 (pool_ptr != _ux_system -> ux_system_memory_byte_pool[UX_MEMORY_BYTE_POOL_CACHE_SAF
  91              		.loc 1 152 70 view .LVU31
  92 002a 4968     		ldr	r1, [r1, #4]
 151:Middlewares/ST/usbx/common/core/src/ux_utility_memory_free.c ****                 ((pool_ptr != _ux_system -> ux_system_memory_byte_pool[UX_MEMORY_BYTE_POOL_REGULAR]
  93              		.loc 1 151 102 view .LVU32
  94 002c 9942     		cmp	r1, r3
  95 002e 20D0     		beq	.L5
  96              	.L4:
 153:Middlewares/ST/usbx/common/core/src/ux_utility_memory_free.c ****             {
 154:Middlewares/ST/usbx/common/core/src/ux_utility_memory_free.c **** 
 155:Middlewares/ST/usbx/common/core/src/ux_utility_memory_free.c ****                 /* Release the protection.  */
 156:Middlewares/ST/usbx/common/core/src/ux_utility_memory_free.c ****                 _ux_system_mutex_off(&_ux_system -> ux_system_mutex);
  97              		.loc 1 156 17 is_stmt 1 view .LVU33
  98              		.loc 1 156 50 is_stmt 0 view .LVU34
  99 0030 194B     		ldr	r3, .L9
 100              	.LVL5:
 101              		.loc 1 156 50 view .LVU35
 102 0032 1868     		ldr	r0, [r3]
 103              		.loc 1 156 17 view .LVU36
 104 0034 0C30     		adds	r0, r0, #12
 105 0036 FFF7FEFF 		bl	_ux_utility_mutex_off
 106              	.LVL6:
 157:Middlewares/ST/usbx/common/core/src/ux_utility_memory_free.c **** 
 158:Middlewares/ST/usbx/common/core/src/ux_utility_memory_free.c ****                 /* Error trap: maybe double free/memory issue here!  */
 159:Middlewares/ST/usbx/common/core/src/ux_utility_memory_free.c ****                 _ux_system_error_handler(UX_SYSTEM_LEVEL_THREAD,
 107              		.loc 1 159 17 is_stmt 1 view .LVU37
 108 003a 1922     		movs	r2, #25
 109 003c 0821     		movs	r1, #8
 110 003e 0220     		movs	r0, #2
 111 0040 FFF7FEFF 		bl	_ux_system_error_handler
 112              	.LVL7:
 160:Middlewares/ST/usbx/common/core/src/ux_utility_memory_free.c ****                                          UX_SYSTEM_CONTEXT_UTILITY, UX_MEMORY_CORRUPTED);
 161:Middlewares/ST/usbx/common/core/src/ux_utility_memory_free.c **** 
 162:Middlewares/ST/usbx/common/core/src/ux_utility_memory_free.c ****                 /* Return to caller.  */
 163:Middlewares/ST/usbx/common/core/src/ux_utility_memory_free.c ****                 return;
 113              		.loc 1 163 17 view .LVU38
 114              	.L1:
 164:Middlewares/ST/usbx/common/core/src/ux_utility_memory_free.c ****             }
 165:Middlewares/ST/usbx/common/core/src/ux_utility_memory_free.c ****         }
 166:Middlewares/ST/usbx/common/core/src/ux_utility_memory_free.c ****         else
 167:Middlewares/ST/usbx/common/core/src/ux_utility_memory_free.c ****         {
 168:Middlewares/ST/usbx/common/core/src/ux_utility_memory_free.c ****             /* Release the protection.  */
 169:Middlewares/ST/usbx/common/core/src/ux_utility_memory_free.c ****             _ux_system_mutex_off(&_ux_system -> ux_system_mutex);
 170:Middlewares/ST/usbx/common/core/src/ux_utility_memory_free.c **** 
ARM GAS  C:\usertemp\ccraBJBz.s 			page 6


 171:Middlewares/ST/usbx/common/core/src/ux_utility_memory_free.c ****             /* Error trap: maybe double free/memory issue here!  */
 172:Middlewares/ST/usbx/common/core/src/ux_utility_memory_free.c ****             _ux_system_error_handler(UX_SYSTEM_LEVEL_THREAD,
 173:Middlewares/ST/usbx/common/core/src/ux_utility_memory_free.c ****                                      UX_SYSTEM_CONTEXT_UTILITY, UX_MEMORY_CORRUPTED);
 174:Middlewares/ST/usbx/common/core/src/ux_utility_memory_free.c **** 
 175:Middlewares/ST/usbx/common/core/src/ux_utility_memory_free.c ****             /* Return to caller.  */
 176:Middlewares/ST/usbx/common/core/src/ux_utility_memory_free.c ****             return;
 177:Middlewares/ST/usbx/common/core/src/ux_utility_memory_free.c ****         }
 178:Middlewares/ST/usbx/common/core/src/ux_utility_memory_free.c ****     }
 179:Middlewares/ST/usbx/common/core/src/ux_utility_memory_free.c ****     else
 180:Middlewares/ST/usbx/common/core/src/ux_utility_memory_free.c ****     {
 181:Middlewares/ST/usbx/common/core/src/ux_utility_memory_free.c **** 
 182:Middlewares/ST/usbx/common/core/src/ux_utility_memory_free.c ****         /* Release the protection.  */
 183:Middlewares/ST/usbx/common/core/src/ux_utility_memory_free.c ****         _ux_system_mutex_off(&_ux_system -> ux_system_mutex);
 184:Middlewares/ST/usbx/common/core/src/ux_utility_memory_free.c **** 
 185:Middlewares/ST/usbx/common/core/src/ux_utility_memory_free.c ****         /* Error trap: maybe double free/bad flow here!  */
 186:Middlewares/ST/usbx/common/core/src/ux_utility_memory_free.c ****         _ux_system_error_handler(UX_SYSTEM_LEVEL_THREAD,
 187:Middlewares/ST/usbx/common/core/src/ux_utility_memory_free.c ****                                     UX_SYSTEM_CONTEXT_UTILITY, UX_MEMORY_CORRUPTED);
 188:Middlewares/ST/usbx/common/core/src/ux_utility_memory_free.c **** 
 189:Middlewares/ST/usbx/common/core/src/ux_utility_memory_free.c ****         /* Return to caller.  */
 190:Middlewares/ST/usbx/common/core/src/ux_utility_memory_free.c ****         return;
 191:Middlewares/ST/usbx/common/core/src/ux_utility_memory_free.c ****     }
 192:Middlewares/ST/usbx/common/core/src/ux_utility_memory_free.c **** 
 193:Middlewares/ST/usbx/common/core/src/ux_utility_memory_free.c ****     /* At this point, we know that the pool pointer is valid.  */
 194:Middlewares/ST/usbx/common/core/src/ux_utility_memory_free.c **** 
 195:Middlewares/ST/usbx/common/core/src/ux_utility_memory_free.c ****     /* Release the memory.  */
 196:Middlewares/ST/usbx/common/core/src/ux_utility_memory_free.c ****     temp_ptr =   UX_UCHAR_POINTER_ADD(work_ptr, (sizeof(UCHAR *)));
 197:Middlewares/ST/usbx/common/core/src/ux_utility_memory_free.c ****     free_ptr =   UX_UCHAR_TO_ALIGN_TYPE_POINTER_CONVERT(temp_ptr);
 198:Middlewares/ST/usbx/common/core/src/ux_utility_memory_free.c ****     *free_ptr =  UX_BYTE_BLOCK_FREE;
 199:Middlewares/ST/usbx/common/core/src/ux_utility_memory_free.c **** 
 200:Middlewares/ST/usbx/common/core/src/ux_utility_memory_free.c ****     /* Update the number of available bytes in the pool.  */
 201:Middlewares/ST/usbx/common/core/src/ux_utility_memory_free.c ****     block_link_ptr =  UX_UCHAR_TO_INDIRECT_UCHAR_POINTER_CONVERT(work_ptr);
 202:Middlewares/ST/usbx/common/core/src/ux_utility_memory_free.c ****     next_block_ptr =  *block_link_ptr;
 203:Middlewares/ST/usbx/common/core/src/ux_utility_memory_free.c ****     pool_ptr -> ux_byte_pool_available =
 204:Middlewares/ST/usbx/common/core/src/ux_utility_memory_free.c ****         pool_ptr -> ux_byte_pool_available + UX_UCHAR_POINTER_DIF(next_block_ptr, work_ptr);
 205:Middlewares/ST/usbx/common/core/src/ux_utility_memory_free.c **** 
 206:Middlewares/ST/usbx/common/core/src/ux_utility_memory_free.c ****     /* Determine if the free block is prior to current search pointer.  */
 207:Middlewares/ST/usbx/common/core/src/ux_utility_memory_free.c ****     if (work_ptr < (pool_ptr -> ux_byte_pool_search))
 208:Middlewares/ST/usbx/common/core/src/ux_utility_memory_free.c ****     {
 209:Middlewares/ST/usbx/common/core/src/ux_utility_memory_free.c **** 
 210:Middlewares/ST/usbx/common/core/src/ux_utility_memory_free.c ****         /* Yes, update the search pointer to the released block.  */
 211:Middlewares/ST/usbx/common/core/src/ux_utility_memory_free.c ****         pool_ptr -> ux_byte_pool_search =  work_ptr;
 212:Middlewares/ST/usbx/common/core/src/ux_utility_memory_free.c ****     }
 213:Middlewares/ST/usbx/common/core/src/ux_utility_memory_free.c **** 
 214:Middlewares/ST/usbx/common/core/src/ux_utility_memory_free.c **** #ifdef UX_ENABLE_MEMORY_STATISTICS
 215:Middlewares/ST/usbx/common/core/src/ux_utility_memory_free.c ****     if (((UCHAR*)memory >= _ux_system -> ux_system_memory_byte_pool[UX_MEMORY_BYTE_POOL_REGULAR] ->
 216:Middlewares/ST/usbx/common/core/src/ux_utility_memory_free.c ****         ((UCHAR*)memory < (_ux_system -> ux_system_memory_byte_pool[UX_MEMORY_BYTE_POOL_REGULAR] ->
 217:Middlewares/ST/usbx/common/core/src/ux_utility_memory_free.c ****         index = UX_MEMORY_BYTE_POOL_REGULAR;
 218:Middlewares/ST/usbx/common/core/src/ux_utility_memory_free.c ****     else
 219:Middlewares/ST/usbx/common/core/src/ux_utility_memory_free.c ****         index = UX_MEMORY_BYTE_POOL_CACHE_SAFE;
 220:Middlewares/ST/usbx/common/core/src/ux_utility_memory_free.c **** 
 221:Middlewares/ST/usbx/common/core/src/ux_utility_memory_free.c ****     _ux_system -> ux_system_memory_byte_pool[index] -> ux_byte_pool_alloc_count --;
 222:Middlewares/ST/usbx/common/core/src/ux_utility_memory_free.c ****     _ux_system -> ux_system_memory_byte_pool[index] -> ux_byte_pool_alloc_total -= UX_UCHAR_POINTER
 223:Middlewares/ST/usbx/common/core/src/ux_utility_memory_free.c **** #endif
 224:Middlewares/ST/usbx/common/core/src/ux_utility_memory_free.c **** 
 225:Middlewares/ST/usbx/common/core/src/ux_utility_memory_free.c ****     /* Release the protection.  */
 226:Middlewares/ST/usbx/common/core/src/ux_utility_memory_free.c ****     _ux_system_mutex_off(&_ux_system -> ux_system_mutex);
 227:Middlewares/ST/usbx/common/core/src/ux_utility_memory_free.c **** 
ARM GAS  C:\usertemp\ccraBJBz.s 			page 7


 228:Middlewares/ST/usbx/common/core/src/ux_utility_memory_free.c ****     /* Return to caller.  */
 229:Middlewares/ST/usbx/common/core/src/ux_utility_memory_free.c ****     return;
 230:Middlewares/ST/usbx/common/core/src/ux_utility_memory_free.c **** }
 115              		.loc 1 230 1 is_stmt 0 view .LVU39
 116 0044 10BD     		pop	{r4, pc}
 117              	.LVL8:
 118              	.L3:
 169:Middlewares/ST/usbx/common/core/src/ux_utility_memory_free.c **** 
 119              		.loc 1 169 13 is_stmt 1 view .LVU40
 169:Middlewares/ST/usbx/common/core/src/ux_utility_memory_free.c **** 
 120              		.loc 1 169 46 is_stmt 0 view .LVU41
 121 0046 144B     		ldr	r3, .L9
 122 0048 1868     		ldr	r0, [r3]
 169:Middlewares/ST/usbx/common/core/src/ux_utility_memory_free.c **** 
 123              		.loc 1 169 13 view .LVU42
 124 004a 0C30     		adds	r0, r0, #12
 125 004c FFF7FEFF 		bl	_ux_utility_mutex_off
 126              	.LVL9:
 172:Middlewares/ST/usbx/common/core/src/ux_utility_memory_free.c ****                                      UX_SYSTEM_CONTEXT_UTILITY, UX_MEMORY_CORRUPTED);
 127              		.loc 1 172 13 is_stmt 1 view .LVU43
 128 0050 1922     		movs	r2, #25
 129 0052 0821     		movs	r1, #8
 130 0054 0220     		movs	r0, #2
 131 0056 FFF7FEFF 		bl	_ux_system_error_handler
 132              	.LVL10:
 176:Middlewares/ST/usbx/common/core/src/ux_utility_memory_free.c ****         }
 133              		.loc 1 176 13 view .LVU44
 134 005a F3E7     		b	.L1
 135              	.LVL11:
 136              	.L2:
 183:Middlewares/ST/usbx/common/core/src/ux_utility_memory_free.c **** 
 137              		.loc 1 183 9 view .LVU45
 183:Middlewares/ST/usbx/common/core/src/ux_utility_memory_free.c **** 
 138              		.loc 1 183 42 is_stmt 0 view .LVU46
 139 005c 0E4B     		ldr	r3, .L9
 140 005e 1868     		ldr	r0, [r3]
 183:Middlewares/ST/usbx/common/core/src/ux_utility_memory_free.c **** 
 141              		.loc 1 183 9 view .LVU47
 142 0060 0C30     		adds	r0, r0, #12
 143 0062 FFF7FEFF 		bl	_ux_utility_mutex_off
 144              	.LVL12:
 186:Middlewares/ST/usbx/common/core/src/ux_utility_memory_free.c ****                                     UX_SYSTEM_CONTEXT_UTILITY, UX_MEMORY_CORRUPTED);
 145              		.loc 1 186 9 is_stmt 1 view .LVU48
 146 0066 1922     		movs	r2, #25
 147 0068 0821     		movs	r1, #8
 148 006a 0220     		movs	r0, #2
 149 006c FFF7FEFF 		bl	_ux_system_error_handler
 150              	.LVL13:
 190:Middlewares/ST/usbx/common/core/src/ux_utility_memory_free.c ****     }
 151              		.loc 1 190 9 view .LVU49
 152 0070 E8E7     		b	.L1
 153              	.LVL14:
 154              	.L5:
 196:Middlewares/ST/usbx/common/core/src/ux_utility_memory_free.c ****     free_ptr =   UX_UCHAR_TO_ALIGN_TYPE_POINTER_CONVERT(temp_ptr);
 155              		.loc 1 196 5 view .LVU50
 197:Middlewares/ST/usbx/common/core/src/ux_utility_memory_free.c ****     *free_ptr =  UX_BYTE_BLOCK_FREE;
 156              		.loc 1 197 5 view .LVU51
ARM GAS  C:\usertemp\ccraBJBz.s 			page 8


 198:Middlewares/ST/usbx/common/core/src/ux_utility_memory_free.c **** 
 157              		.loc 1 198 5 view .LVU52
 198:Middlewares/ST/usbx/common/core/src/ux_utility_memory_free.c **** 
 158              		.loc 1 198 15 is_stmt 0 view .LVU53
 159 0072 0A49     		ldr	r1, .L9+4
 160 0074 44F8041C 		str	r1, [r4, #-4]
 201:Middlewares/ST/usbx/common/core/src/ux_utility_memory_free.c ****     next_block_ptr =  *block_link_ptr;
 161              		.loc 1 201 5 is_stmt 1 view .LVU54
 162              	.LVL15:
 202:Middlewares/ST/usbx/common/core/src/ux_utility_memory_free.c ****     pool_ptr -> ux_byte_pool_available =
 163              		.loc 1 202 5 view .LVU55
 202:Middlewares/ST/usbx/common/core/src/ux_utility_memory_free.c ****     pool_ptr -> ux_byte_pool_available =
 164              		.loc 1 202 20 is_stmt 0 view .LVU56
 165 0078 54F8080C 		ldr	r0, [r4, #-8]
 166              	.LVL16:
 203:Middlewares/ST/usbx/common/core/src/ux_utility_memory_free.c ****         pool_ptr -> ux_byte_pool_available + UX_UCHAR_POINTER_DIF(next_block_ptr, work_ptr);
 167              		.loc 1 203 5 is_stmt 1 view .LVU57
 204:Middlewares/ST/usbx/common/core/src/ux_utility_memory_free.c **** 
 168              		.loc 1 204 18 is_stmt 0 view .LVU58
 169 007c 1968     		ldr	r1, [r3]
 204:Middlewares/ST/usbx/common/core/src/ux_utility_memory_free.c **** 
 170              		.loc 1 204 46 view .LVU59
 171 007e 801A     		subs	r0, r0, r2
 172              	.LVL17:
 204:Middlewares/ST/usbx/common/core/src/ux_utility_memory_free.c **** 
 173              		.loc 1 204 44 view .LVU60
 174 0080 0144     		add	r1, r1, r0
 203:Middlewares/ST/usbx/common/core/src/ux_utility_memory_free.c ****         pool_ptr -> ux_byte_pool_available + UX_UCHAR_POINTER_DIF(next_block_ptr, work_ptr);
 175              		.loc 1 203 40 view .LVU61
 176 0082 1960     		str	r1, [r3]
 177              	.LVL18:
 207:Middlewares/ST/usbx/common/core/src/ux_utility_memory_free.c ****     {
 178              		.loc 1 207 5 is_stmt 1 view .LVU62
 207:Middlewares/ST/usbx/common/core/src/ux_utility_memory_free.c ****     {
 179              		.loc 1 207 30 is_stmt 0 view .LVU63
 180 0084 9968     		ldr	r1, [r3, #8]
 207:Middlewares/ST/usbx/common/core/src/ux_utility_memory_free.c ****     {
 181              		.loc 1 207 8 view .LVU64
 182 0086 9142     		cmp	r1, r2
 183 0088 00D9     		bls	.L7
 211:Middlewares/ST/usbx/common/core/src/ux_utility_memory_free.c ****     }
 184              		.loc 1 211 9 is_stmt 1 view .LVU65
 211:Middlewares/ST/usbx/common/core/src/ux_utility_memory_free.c ****     }
 185              		.loc 1 211 41 is_stmt 0 view .LVU66
 186 008a 9A60     		str	r2, [r3, #8]
 187              	.L7:
 226:Middlewares/ST/usbx/common/core/src/ux_utility_memory_free.c **** 
 188              		.loc 1 226 5 is_stmt 1 view .LVU67
 226:Middlewares/ST/usbx/common/core/src/ux_utility_memory_free.c **** 
 189              		.loc 1 226 38 is_stmt 0 view .LVU68
 190 008c 024B     		ldr	r3, .L9
 191              	.LVL19:
 226:Middlewares/ST/usbx/common/core/src/ux_utility_memory_free.c **** 
 192              		.loc 1 226 38 view .LVU69
 193 008e 1868     		ldr	r0, [r3]
 226:Middlewares/ST/usbx/common/core/src/ux_utility_memory_free.c **** 
 194              		.loc 1 226 5 view .LVU70
ARM GAS  C:\usertemp\ccraBJBz.s 			page 9


 195 0090 0C30     		adds	r0, r0, #12
 196 0092 FFF7FEFF 		bl	_ux_utility_mutex_off
 197              	.LVL20:
 229:Middlewares/ST/usbx/common/core/src/ux_utility_memory_free.c **** }
 198              		.loc 1 229 5 is_stmt 1 view .LVU71
 199 0096 D5E7     		b	.L1
 200              	.L10:
 201              		.align	2
 202              	.L9:
 203 0098 00000000 		.word	_ux_system
 204 009c EEEEFFFF 		.word	-4370
 205              		.cfi_endproc
 206              	.LFE11:
 208              		.text
 209              	.Letext0:
 210              		.file 2 "Middlewares/ST/threadx/ports/cortex_m33/gnu/inc/tx_port.h"
 211              		.file 3 "Middlewares/ST/threadx/common/inc/tx_api.h"
 212              		.file 4 "Middlewares/ST/usbx/common/core/inc/ux_api.h"
 213              		.file 5 "Middlewares/ST/usbx/common/core/inc/ux_utility.h"
 214              		.file 6 "Middlewares/ST/usbx/common/core/inc/ux_system.h"
ARM GAS  C:\usertemp\ccraBJBz.s 			page 10


DEFINED SYMBOLS
                            *ABS*:00000000 ux_utility_memory_free.c
C:\usertemp\ccraBJBz.s:22     .text._ux_utility_memory_free:00000000 $t
C:\usertemp\ccraBJBz.s:28     .text._ux_utility_memory_free:00000000 _ux_utility_memory_free
C:\usertemp\ccraBJBz.s:203    .text._ux_utility_memory_free:00000098 $d

UNDEFINED SYMBOLS
_ux_utility_mutex_on
_ux_utility_mutex_off
_ux_system_error_handler
_ux_system
