ARM GAS  C:\usertemp\ccjY4ol2.s 			page 1


   1              		.cpu cortex-m33
   2              		.arch armv8-m.main
   3              		.fpu fpv4-sp-d16
   4              		.arch_extension dsp
   5              		.eabi_attribute 27, 1
   6              		.eabi_attribute 28, 1
   7              		.eabi_attribute 20, 1
   8              		.eabi_attribute 21, 1
   9              		.eabi_attribute 23, 3
  10              		.eabi_attribute 24, 1
  11              		.eabi_attribute 25, 1
  12              		.eabi_attribute 26, 1
  13              		.eabi_attribute 30, 1
  14              		.eabi_attribute 34, 1
  15              		.eabi_attribute 18, 4
  16              		.file	"ux_utility_memory_allocate_mulc_safe.c"
  17              		.text
  18              	.Ltext0:
  19              		.cfi_sections	.debug_frame
  20              		.file 1 "Middlewares/ST/usbx/common/core/src/ux_utility_memory_allocate_mulc_safe.c"
  21              		.section	.text._ux_utility_memory_allocate_mulc_safe,"ax",%progbits
  22              		.align	1
  23              		.global	_ux_utility_memory_allocate_mulc_safe
  24              		.syntax unified
  25              		.thumb
  26              		.thumb_func
  28              	_ux_utility_memory_allocate_mulc_safe:
  29              	.LVL0:
  30              	.LFB3:
   1:Middlewares/ST/usbx/common/core/src/ux_utility_memory_allocate_mulc_safe.c **** /**************************************************************************/
   2:Middlewares/ST/usbx/common/core/src/ux_utility_memory_allocate_mulc_safe.c **** /*                                                                        */
   3:Middlewares/ST/usbx/common/core/src/ux_utility_memory_allocate_mulc_safe.c **** /*       Copyright (c) Microsoft Corporation. All rights reserved.        */
   4:Middlewares/ST/usbx/common/core/src/ux_utility_memory_allocate_mulc_safe.c **** /*                                                                        */
   5:Middlewares/ST/usbx/common/core/src/ux_utility_memory_allocate_mulc_safe.c **** /*       This software is licensed under the Microsoft Software License   */
   6:Middlewares/ST/usbx/common/core/src/ux_utility_memory_allocate_mulc_safe.c **** /*       Terms for Microsoft Azure RTOS. Full text of the license can be  */
   7:Middlewares/ST/usbx/common/core/src/ux_utility_memory_allocate_mulc_safe.c **** /*       found in the LICENSE file at https://aka.ms/AzureRTOS_EULA       */
   8:Middlewares/ST/usbx/common/core/src/ux_utility_memory_allocate_mulc_safe.c **** /*       and in the root directory of this software.                      */
   9:Middlewares/ST/usbx/common/core/src/ux_utility_memory_allocate_mulc_safe.c **** /*                                                                        */
  10:Middlewares/ST/usbx/common/core/src/ux_utility_memory_allocate_mulc_safe.c **** /**************************************************************************/
  11:Middlewares/ST/usbx/common/core/src/ux_utility_memory_allocate_mulc_safe.c **** 
  12:Middlewares/ST/usbx/common/core/src/ux_utility_memory_allocate_mulc_safe.c **** 
  13:Middlewares/ST/usbx/common/core/src/ux_utility_memory_allocate_mulc_safe.c **** /**************************************************************************/
  14:Middlewares/ST/usbx/common/core/src/ux_utility_memory_allocate_mulc_safe.c **** /**************************************************************************/
  15:Middlewares/ST/usbx/common/core/src/ux_utility_memory_allocate_mulc_safe.c **** /**                                                                       */
  16:Middlewares/ST/usbx/common/core/src/ux_utility_memory_allocate_mulc_safe.c **** /** USBX Component                                                        */
  17:Middlewares/ST/usbx/common/core/src/ux_utility_memory_allocate_mulc_safe.c **** /**                                                                       */
  18:Middlewares/ST/usbx/common/core/src/ux_utility_memory_allocate_mulc_safe.c **** /**   Utility                                                             */
  19:Middlewares/ST/usbx/common/core/src/ux_utility_memory_allocate_mulc_safe.c **** /**                                                                       */
  20:Middlewares/ST/usbx/common/core/src/ux_utility_memory_allocate_mulc_safe.c **** /**************************************************************************/
  21:Middlewares/ST/usbx/common/core/src/ux_utility_memory_allocate_mulc_safe.c **** /**************************************************************************/
  22:Middlewares/ST/usbx/common/core/src/ux_utility_memory_allocate_mulc_safe.c **** 
  23:Middlewares/ST/usbx/common/core/src/ux_utility_memory_allocate_mulc_safe.c **** /* Include necessary system files.  */
  24:Middlewares/ST/usbx/common/core/src/ux_utility_memory_allocate_mulc_safe.c **** 
  25:Middlewares/ST/usbx/common/core/src/ux_utility_memory_allocate_mulc_safe.c **** #define UX_SOURCE_CODE
  26:Middlewares/ST/usbx/common/core/src/ux_utility_memory_allocate_mulc_safe.c **** 
  27:Middlewares/ST/usbx/common/core/src/ux_utility_memory_allocate_mulc_safe.c **** #include "ux_api.h"
  28:Middlewares/ST/usbx/common/core/src/ux_utility_memory_allocate_mulc_safe.c **** 
ARM GAS  C:\usertemp\ccjY4ol2.s 			page 2


  29:Middlewares/ST/usbx/common/core/src/ux_utility_memory_allocate_mulc_safe.c **** 
  30:Middlewares/ST/usbx/common/core/src/ux_utility_memory_allocate_mulc_safe.c **** /**************************************************************************/
  31:Middlewares/ST/usbx/common/core/src/ux_utility_memory_allocate_mulc_safe.c **** /*                                                                        */
  32:Middlewares/ST/usbx/common/core/src/ux_utility_memory_allocate_mulc_safe.c **** /*  FUNCTION                                               RELEASE        */
  33:Middlewares/ST/usbx/common/core/src/ux_utility_memory_allocate_mulc_safe.c **** /*                                                                        */
  34:Middlewares/ST/usbx/common/core/src/ux_utility_memory_allocate_mulc_safe.c **** /*    _ux_utility_memory_allocate_mulc_safe               PORTABLE C      */
  35:Middlewares/ST/usbx/common/core/src/ux_utility_memory_allocate_mulc_safe.c **** /*                                                           6.1          */
  36:Middlewares/ST/usbx/common/core/src/ux_utility_memory_allocate_mulc_safe.c **** /*  AUTHOR                                                                */
  37:Middlewares/ST/usbx/common/core/src/ux_utility_memory_allocate_mulc_safe.c **** /*                                                                        */
  38:Middlewares/ST/usbx/common/core/src/ux_utility_memory_allocate_mulc_safe.c **** /*    Chaoqiong Xiao, Microsoft Corporation                               */
  39:Middlewares/ST/usbx/common/core/src/ux_utility_memory_allocate_mulc_safe.c **** /*                                                                        */
  40:Middlewares/ST/usbx/common/core/src/ux_utility_memory_allocate_mulc_safe.c **** /*  DESCRIPTION                                                           */
  41:Middlewares/ST/usbx/common/core/src/ux_utility_memory_allocate_mulc_safe.c **** /*                                                                        */
  42:Middlewares/ST/usbx/common/core/src/ux_utility_memory_allocate_mulc_safe.c **** /*    This function allocates a block of memory for the specified         */
  43:Middlewares/ST/usbx/common/core/src/ux_utility_memory_allocate_mulc_safe.c **** /*    multiplied size and alignment.                                      */
  44:Middlewares/ST/usbx/common/core/src/ux_utility_memory_allocate_mulc_safe.c **** /*                                                                        */
  45:Middlewares/ST/usbx/common/core/src/ux_utility_memory_allocate_mulc_safe.c **** /*    Note if multiplying result overflow, no memory is allocated.        */
  46:Middlewares/ST/usbx/common/core/src/ux_utility_memory_allocate_mulc_safe.c **** /*    Note it's assumed at least the last factor to multiply is const for */
  47:Middlewares/ST/usbx/common/core/src/ux_utility_memory_allocate_mulc_safe.c **** /*    possible code optimization.                                         */
  48:Middlewares/ST/usbx/common/core/src/ux_utility_memory_allocate_mulc_safe.c **** /*                                                                        */
  49:Middlewares/ST/usbx/common/core/src/ux_utility_memory_allocate_mulc_safe.c **** /*  INPUT                                                                 */
  50:Middlewares/ST/usbx/common/core/src/ux_utility_memory_allocate_mulc_safe.c **** /*                                                                        */
  51:Middlewares/ST/usbx/common/core/src/ux_utility_memory_allocate_mulc_safe.c **** /*    align                                 Memory alignment required     */
  52:Middlewares/ST/usbx/common/core/src/ux_utility_memory_allocate_mulc_safe.c **** /*    cache                                 Memory pool source            */
  53:Middlewares/ST/usbx/common/core/src/ux_utility_memory_allocate_mulc_safe.c **** /*    size_mul_v                            Number of bytes variable to   */
  54:Middlewares/ST/usbx/common/core/src/ux_utility_memory_allocate_mulc_safe.c **** /*                                          multiply                      */
  55:Middlewares/ST/usbx/common/core/src/ux_utility_memory_allocate_mulc_safe.c **** /*    size_mul_c                            Number of bytes const to      */
  56:Middlewares/ST/usbx/common/core/src/ux_utility_memory_allocate_mulc_safe.c **** /*                                          multiply                      */
  57:Middlewares/ST/usbx/common/core/src/ux_utility_memory_allocate_mulc_safe.c **** /*                                                                        */
  58:Middlewares/ST/usbx/common/core/src/ux_utility_memory_allocate_mulc_safe.c **** /*  OUTPUT                                                                */
  59:Middlewares/ST/usbx/common/core/src/ux_utility_memory_allocate_mulc_safe.c **** /*                                                                        */
  60:Middlewares/ST/usbx/common/core/src/ux_utility_memory_allocate_mulc_safe.c **** /*    Pointer to block of memory                                          */
  61:Middlewares/ST/usbx/common/core/src/ux_utility_memory_allocate_mulc_safe.c **** /*                                                                        */
  62:Middlewares/ST/usbx/common/core/src/ux_utility_memory_allocate_mulc_safe.c **** /*  CALLS                                                                 */
  63:Middlewares/ST/usbx/common/core/src/ux_utility_memory_allocate_mulc_safe.c **** /*                                                                        */
  64:Middlewares/ST/usbx/common/core/src/ux_utility_memory_allocate_mulc_safe.c **** /*    _ux_utility_memory_allocate           Allocate block of memory      */
  65:Middlewares/ST/usbx/common/core/src/ux_utility_memory_allocate_mulc_safe.c **** /*                                                                        */
  66:Middlewares/ST/usbx/common/core/src/ux_utility_memory_allocate_mulc_safe.c **** /*  CALLED BY                                                             */
  67:Middlewares/ST/usbx/common/core/src/ux_utility_memory_allocate_mulc_safe.c **** /*                                                                        */
  68:Middlewares/ST/usbx/common/core/src/ux_utility_memory_allocate_mulc_safe.c **** /*    USBX Components                                                     */
  69:Middlewares/ST/usbx/common/core/src/ux_utility_memory_allocate_mulc_safe.c **** /*                                                                        */
  70:Middlewares/ST/usbx/common/core/src/ux_utility_memory_allocate_mulc_safe.c **** /*  RELEASE HISTORY                                                       */
  71:Middlewares/ST/usbx/common/core/src/ux_utility_memory_allocate_mulc_safe.c **** /*                                                                        */
  72:Middlewares/ST/usbx/common/core/src/ux_utility_memory_allocate_mulc_safe.c **** /*    DATE              NAME                      DESCRIPTION             */
  73:Middlewares/ST/usbx/common/core/src/ux_utility_memory_allocate_mulc_safe.c **** /*                                                                        */
  74:Middlewares/ST/usbx/common/core/src/ux_utility_memory_allocate_mulc_safe.c **** /*  05-19-2020     Chaoqiong Xiao           Initial Version 6.0           */
  75:Middlewares/ST/usbx/common/core/src/ux_utility_memory_allocate_mulc_safe.c **** /*  09-30-2020     Chaoqiong Xiao           Modified comment(s),          */
  76:Middlewares/ST/usbx/common/core/src/ux_utility_memory_allocate_mulc_safe.c **** /*                                            resulting in version 6.1    */
  77:Middlewares/ST/usbx/common/core/src/ux_utility_memory_allocate_mulc_safe.c **** /*                                                                        */
  78:Middlewares/ST/usbx/common/core/src/ux_utility_memory_allocate_mulc_safe.c **** /**************************************************************************/
  79:Middlewares/ST/usbx/common/core/src/ux_utility_memory_allocate_mulc_safe.c **** VOID* _ux_utility_memory_allocate_mulc_safe(ULONG align,ULONG cache,ULONG size_mul_v,ULONG size_mul
  80:Middlewares/ST/usbx/common/core/src/ux_utility_memory_allocate_mulc_safe.c **** {
  31              		.loc 1 80 1 view -0
  32              		.cfi_startproc
  33              		@ args = 0, pretend = 0, frame = 0
  34              		@ frame_needed = 0, uses_anonymous_args = 0
  35              		.loc 1 80 1 is_stmt 0 view .LVU1
ARM GAS  C:\usertemp\ccjY4ol2.s 			page 3


  36 0000 10B5     		push	{r4, lr}
  37              	.LCFI0:
  38              		.cfi_def_cfa_offset 8
  39              		.cfi_offset 4, -8
  40              		.cfi_offset 14, -4
  81:Middlewares/ST/usbx/common/core/src/ux_utility_memory_allocate_mulc_safe.c ****     return UX_UTILITY_MEMORY_ALLOCATE_MULC_SAFE(align, cache, size_mul_v, size_mul_c);
  41              		.loc 1 81 5 is_stmt 1 view .LVU2
  42              		.loc 1 81 12 is_stmt 0 view .LVU3
  43 0002 9C46     		mov	ip, r3
  44 0004 23B1     		cbz	r3, .L2
  45              		.loc 1 81 12 discriminator 2 view .LVU4
  46 0006 0023     		movs	r3, #0
  47              	.LVL1:
  48              		.loc 1 81 12 discriminator 2 view .LVU5
  49 0008 A2FB0CE4 		umull	lr, r4, r2, ip
  50 000c 2CB9     		cbnz	r4, .L8
  51              	.L3:
  52              		.loc 1 81 12 discriminator 1 view .LVU6
  53 000e 33B9     		cbnz	r3, .L6
  54              	.L2:
  55              		.loc 1 81 12 discriminator 3 view .LVU7
  56 0010 02FB0CF2 		mul	r2, r2, ip
  57              	.LVL2:
  58              		.loc 1 81 12 discriminator 3 view .LVU8
  59 0014 FFF7FEFF 		bl	_ux_utility_memory_allocate
  60              	.LVL3:
  61              	.L1:
  82:Middlewares/ST/usbx/common/core/src/ux_utility_memory_allocate_mulc_safe.c **** }
  62              		.loc 1 82 1 view .LVU9
  63 0018 10BD     		pop	{r4, pc}
  64              	.LVL4:
  65              	.L8:
  81:Middlewares/ST/usbx/common/core/src/ux_utility_memory_allocate_mulc_safe.c ****     return UX_UTILITY_MEMORY_ALLOCATE_MULC_SAFE(align, cache, size_mul_v, size_mul_c);
  66              		.loc 1 81 12 discriminator 2 view .LVU10
  67 001a 0123     		movs	r3, #1
  68 001c F7E7     		b	.L3
  69              	.L6:
  81:Middlewares/ST/usbx/common/core/src/ux_utility_memory_allocate_mulc_safe.c ****     return UX_UTILITY_MEMORY_ALLOCATE_MULC_SAFE(align, cache, size_mul_v, size_mul_c);
  70              		.loc 1 81 12 discriminator 4 view .LVU11
  71 001e 0020     		movs	r0, #0
  72              	.LVL5:
  81:Middlewares/ST/usbx/common/core/src/ux_utility_memory_allocate_mulc_safe.c ****     return UX_UTILITY_MEMORY_ALLOCATE_MULC_SAFE(align, cache, size_mul_v, size_mul_c);
  73              		.loc 1 81 12 view .LVU12
  74 0020 FAE7     		b	.L1
  75              		.cfi_endproc
  76              	.LFE3:
  78              		.text
  79              	.Letext0:
  80              		.file 2 "Middlewares/ST/usbx/ports/generic/inc/ux_port.h"
  81              		.file 3 "Middlewares/ST/usbx/common/core/inc/ux_utility.h"
ARM GAS  C:\usertemp\ccjY4ol2.s 			page 4


DEFINED SYMBOLS
                            *ABS*:00000000 ux_utility_memory_allocate_mulc_safe.c
C:\usertemp\ccjY4ol2.s:22     .text._ux_utility_memory_allocate_mulc_safe:00000000 $t
C:\usertemp\ccjY4ol2.s:28     .text._ux_utility_memory_allocate_mulc_safe:00000000 _ux_utility_memory_allocate_mulc_safe

UNDEFINED SYMBOLS
_ux_utility_memory_allocate
