ARM GAS  C:\usertemp\ccok8ock.s 			page 1


   1              		.cpu cortex-m33
   2              		.arch armv8-m.main
   3              		.fpu fpv4-sp-d16
   4              		.arch_extension dsp
   5              		.eabi_attribute 27, 1
   6              		.eabi_attribute 28, 1
   7              		.eabi_attribute 20, 1
   8              		.eabi_attribute 21, 1
   9              		.eabi_attribute 23, 3
  10              		.eabi_attribute 24, 1
  11              		.eabi_attribute 25, 1
  12              		.eabi_attribute 26, 1
  13              		.eabi_attribute 30, 1
  14              		.eabi_attribute 34, 1
  15              		.eabi_attribute 18, 4
  16              		.file	"ux_utility_semaphore_create.c"
  17              		.text
  18              	.Ltext0:
  19              		.cfi_sections	.debug_frame
  20              		.file 1 "Middlewares/ST/usbx/common/core/src/ux_utility_semaphore_create.c"
  21              		.section	.text._ux_utility_semaphore_create,"ax",%progbits
  22              		.align	1
  23              		.global	_ux_utility_semaphore_create
  24              		.syntax unified
  25              		.thumb
  26              		.thumb_func
  28              	_ux_utility_semaphore_create:
  29              	.LVL0:
  30              	.LFB11:
   1:Middlewares/ST/usbx/common/core/src/ux_utility_semaphore_create.c **** /**************************************************************************/
   2:Middlewares/ST/usbx/common/core/src/ux_utility_semaphore_create.c **** /*                                                                        */
   3:Middlewares/ST/usbx/common/core/src/ux_utility_semaphore_create.c **** /*       Copyright (c) Microsoft Corporation. All rights reserved.        */
   4:Middlewares/ST/usbx/common/core/src/ux_utility_semaphore_create.c **** /*                                                                        */
   5:Middlewares/ST/usbx/common/core/src/ux_utility_semaphore_create.c **** /*       This software is licensed under the Microsoft Software License   */
   6:Middlewares/ST/usbx/common/core/src/ux_utility_semaphore_create.c **** /*       Terms for Microsoft Azure RTOS. Full text of the license can be  */
   7:Middlewares/ST/usbx/common/core/src/ux_utility_semaphore_create.c **** /*       found in the LICENSE file at https://aka.ms/AzureRTOS_EULA       */
   8:Middlewares/ST/usbx/common/core/src/ux_utility_semaphore_create.c **** /*       and in the root directory of this software.                      */
   9:Middlewares/ST/usbx/common/core/src/ux_utility_semaphore_create.c **** /*                                                                        */
  10:Middlewares/ST/usbx/common/core/src/ux_utility_semaphore_create.c **** /**************************************************************************/
  11:Middlewares/ST/usbx/common/core/src/ux_utility_semaphore_create.c **** 
  12:Middlewares/ST/usbx/common/core/src/ux_utility_semaphore_create.c **** 
  13:Middlewares/ST/usbx/common/core/src/ux_utility_semaphore_create.c **** /**************************************************************************/
  14:Middlewares/ST/usbx/common/core/src/ux_utility_semaphore_create.c **** /**************************************************************************/
  15:Middlewares/ST/usbx/common/core/src/ux_utility_semaphore_create.c **** /**                                                                       */ 
  16:Middlewares/ST/usbx/common/core/src/ux_utility_semaphore_create.c **** /** USBX Component                                                        */ 
  17:Middlewares/ST/usbx/common/core/src/ux_utility_semaphore_create.c **** /**                                                                       */
  18:Middlewares/ST/usbx/common/core/src/ux_utility_semaphore_create.c **** /**   Utility                                                             */
  19:Middlewares/ST/usbx/common/core/src/ux_utility_semaphore_create.c **** /**                                                                       */
  20:Middlewares/ST/usbx/common/core/src/ux_utility_semaphore_create.c **** /**************************************************************************/
  21:Middlewares/ST/usbx/common/core/src/ux_utility_semaphore_create.c **** /**************************************************************************/
  22:Middlewares/ST/usbx/common/core/src/ux_utility_semaphore_create.c **** 
  23:Middlewares/ST/usbx/common/core/src/ux_utility_semaphore_create.c **** 
  24:Middlewares/ST/usbx/common/core/src/ux_utility_semaphore_create.c **** /* Include necessary system files.  */
  25:Middlewares/ST/usbx/common/core/src/ux_utility_semaphore_create.c **** 
  26:Middlewares/ST/usbx/common/core/src/ux_utility_semaphore_create.c **** #define UX_SOURCE_CODE
  27:Middlewares/ST/usbx/common/core/src/ux_utility_semaphore_create.c **** 
  28:Middlewares/ST/usbx/common/core/src/ux_utility_semaphore_create.c **** #include "ux_api.h"
ARM GAS  C:\usertemp\ccok8ock.s 			page 2


  29:Middlewares/ST/usbx/common/core/src/ux_utility_semaphore_create.c **** 
  30:Middlewares/ST/usbx/common/core/src/ux_utility_semaphore_create.c **** 
  31:Middlewares/ST/usbx/common/core/src/ux_utility_semaphore_create.c **** #if !defined(UX_STANDALONE)
  32:Middlewares/ST/usbx/common/core/src/ux_utility_semaphore_create.c **** /**************************************************************************/ 
  33:Middlewares/ST/usbx/common/core/src/ux_utility_semaphore_create.c **** /*                                                                        */ 
  34:Middlewares/ST/usbx/common/core/src/ux_utility_semaphore_create.c **** /*  FUNCTION                                               RELEASE        */ 
  35:Middlewares/ST/usbx/common/core/src/ux_utility_semaphore_create.c **** /*                                                                        */ 
  36:Middlewares/ST/usbx/common/core/src/ux_utility_semaphore_create.c **** /*    _ux_utility_semaphore_create                        PORTABLE C      */ 
  37:Middlewares/ST/usbx/common/core/src/ux_utility_semaphore_create.c **** /*                                                           6.1.11       */
  38:Middlewares/ST/usbx/common/core/src/ux_utility_semaphore_create.c **** /*  AUTHOR                                                                */
  39:Middlewares/ST/usbx/common/core/src/ux_utility_semaphore_create.c **** /*                                                                        */
  40:Middlewares/ST/usbx/common/core/src/ux_utility_semaphore_create.c **** /*    Chaoqiong Xiao, Microsoft Corporation                               */
  41:Middlewares/ST/usbx/common/core/src/ux_utility_semaphore_create.c **** /*                                                                        */
  42:Middlewares/ST/usbx/common/core/src/ux_utility_semaphore_create.c **** /*  DESCRIPTION                                                           */
  43:Middlewares/ST/usbx/common/core/src/ux_utility_semaphore_create.c **** /*                                                                        */ 
  44:Middlewares/ST/usbx/common/core/src/ux_utility_semaphore_create.c **** /*    This function creates a semaphore.                                  */ 
  45:Middlewares/ST/usbx/common/core/src/ux_utility_semaphore_create.c **** /*                                                                        */ 
  46:Middlewares/ST/usbx/common/core/src/ux_utility_semaphore_create.c **** /*  INPUT                                                                 */ 
  47:Middlewares/ST/usbx/common/core/src/ux_utility_semaphore_create.c **** /*                                                                        */ 
  48:Middlewares/ST/usbx/common/core/src/ux_utility_semaphore_create.c **** /*    semaphore                             Semaphore to create           */ 
  49:Middlewares/ST/usbx/common/core/src/ux_utility_semaphore_create.c **** /*    semaphore_name                        Semaphore name                */ 
  50:Middlewares/ST/usbx/common/core/src/ux_utility_semaphore_create.c **** /*    initial_count                         Initial semaphore count       */ 
  51:Middlewares/ST/usbx/common/core/src/ux_utility_semaphore_create.c **** /*                                                                        */ 
  52:Middlewares/ST/usbx/common/core/src/ux_utility_semaphore_create.c **** /*  OUTPUT                                                                */ 
  53:Middlewares/ST/usbx/common/core/src/ux_utility_semaphore_create.c **** /*                                                                        */ 
  54:Middlewares/ST/usbx/common/core/src/ux_utility_semaphore_create.c **** /*    Completion Status                                                   */
  55:Middlewares/ST/usbx/common/core/src/ux_utility_semaphore_create.c **** /*                                                                        */ 
  56:Middlewares/ST/usbx/common/core/src/ux_utility_semaphore_create.c **** /*  CALLS                                                                 */ 
  57:Middlewares/ST/usbx/common/core/src/ux_utility_semaphore_create.c **** /*                                                                        */ 
  58:Middlewares/ST/usbx/common/core/src/ux_utility_semaphore_create.c **** /*    tx_semaphore_create                   ThreadX semaphore create      */
  59:Middlewares/ST/usbx/common/core/src/ux_utility_semaphore_create.c **** /*                                                                        */ 
  60:Middlewares/ST/usbx/common/core/src/ux_utility_semaphore_create.c **** /*  CALLED BY                                                             */ 
  61:Middlewares/ST/usbx/common/core/src/ux_utility_semaphore_create.c **** /*                                                                        */ 
  62:Middlewares/ST/usbx/common/core/src/ux_utility_semaphore_create.c **** /*    USBX Components                                                     */ 
  63:Middlewares/ST/usbx/common/core/src/ux_utility_semaphore_create.c **** /*                                                                        */ 
  64:Middlewares/ST/usbx/common/core/src/ux_utility_semaphore_create.c **** /*  RELEASE HISTORY                                                       */ 
  65:Middlewares/ST/usbx/common/core/src/ux_utility_semaphore_create.c **** /*                                                                        */ 
  66:Middlewares/ST/usbx/common/core/src/ux_utility_semaphore_create.c **** /*    DATE              NAME                      DESCRIPTION             */ 
  67:Middlewares/ST/usbx/common/core/src/ux_utility_semaphore_create.c **** /*                                                                        */ 
  68:Middlewares/ST/usbx/common/core/src/ux_utility_semaphore_create.c **** /*  05-19-2020     Chaoqiong Xiao           Initial Version 6.0           */
  69:Middlewares/ST/usbx/common/core/src/ux_utility_semaphore_create.c **** /*  09-30-2020     Chaoqiong Xiao           Modified comment(s),          */
  70:Middlewares/ST/usbx/common/core/src/ux_utility_semaphore_create.c **** /*                                            used UX prefix to refer to  */
  71:Middlewares/ST/usbx/common/core/src/ux_utility_semaphore_create.c **** /*                                            TX symbols instead of using */
  72:Middlewares/ST/usbx/common/core/src/ux_utility_semaphore_create.c **** /*                                            them directly,              */
  73:Middlewares/ST/usbx/common/core/src/ux_utility_semaphore_create.c **** /*                                            resulting in version 6.1    */
  74:Middlewares/ST/usbx/common/core/src/ux_utility_semaphore_create.c **** /*  04-25-2022     Chaoqiong Xiao           Modified comment(s),          */
  75:Middlewares/ST/usbx/common/core/src/ux_utility_semaphore_create.c **** /*                                            off in standalone build,    */
  76:Middlewares/ST/usbx/common/core/src/ux_utility_semaphore_create.c **** /*                                            resulting in version 6.1.11 */
  77:Middlewares/ST/usbx/common/core/src/ux_utility_semaphore_create.c **** /*                                                                        */
  78:Middlewares/ST/usbx/common/core/src/ux_utility_semaphore_create.c **** /**************************************************************************/
  79:Middlewares/ST/usbx/common/core/src/ux_utility_semaphore_create.c **** UINT  _ux_utility_semaphore_create(UX_SEMAPHORE *semaphore, CHAR *semaphore_name, UINT initial_coun
  80:Middlewares/ST/usbx/common/core/src/ux_utility_semaphore_create.c **** {
  31              		.loc 1 80 1 view -0
  32              		.cfi_startproc
  33              		@ args = 0, pretend = 0, frame = 0
  34              		@ frame_needed = 0, uses_anonymous_args = 0
  35              		.loc 1 80 1 is_stmt 0 view .LVU1
ARM GAS  C:\usertemp\ccok8ock.s 			page 3


  36 0000 10B5     		push	{r4, lr}
  37              	.LCFI0:
  38              		.cfi_def_cfa_offset 8
  39              		.cfi_offset 4, -8
  40              		.cfi_offset 14, -4
  81:Middlewares/ST/usbx/common/core/src/ux_utility_semaphore_create.c **** 
  82:Middlewares/ST/usbx/common/core/src/ux_utility_semaphore_create.c **** UINT    status;
  41              		.loc 1 82 1 is_stmt 1 view .LVU2
  83:Middlewares/ST/usbx/common/core/src/ux_utility_semaphore_create.c **** 
  84:Middlewares/ST/usbx/common/core/src/ux_utility_semaphore_create.c ****     /* Call ThreadX to create the semaphore.  */
  85:Middlewares/ST/usbx/common/core/src/ux_utility_semaphore_create.c ****     status =  tx_semaphore_create(semaphore, (CHAR *) semaphore_name, initial_count);
  42              		.loc 1 85 5 view .LVU3
  43              		.loc 1 85 15 is_stmt 0 view .LVU4
  44 0002 1C23     		movs	r3, #28
  45 0004 FFF7FEFF 		bl	_txe_semaphore_create
  46              	.LVL1:
  86:Middlewares/ST/usbx/common/core/src/ux_utility_semaphore_create.c **** 
  87:Middlewares/ST/usbx/common/core/src/ux_utility_semaphore_create.c ****     /* Check for status.  */
  88:Middlewares/ST/usbx/common/core/src/ux_utility_semaphore_create.c ****     if (status != UX_SUCCESS)
  47              		.loc 1 88 5 is_stmt 1 view .LVU5
  48              		.loc 1 88 8 is_stmt 0 view .LVU6
  49 0008 0446     		mov	r4, r0
  50 000a 08B9     		cbnz	r0, .L4
  51              	.LVL2:
  52              	.L1:
  89:Middlewares/ST/usbx/common/core/src/ux_utility_semaphore_create.c ****     {
  90:Middlewares/ST/usbx/common/core/src/ux_utility_semaphore_create.c **** 
  91:Middlewares/ST/usbx/common/core/src/ux_utility_semaphore_create.c ****         /* Error trap. */
  92:Middlewares/ST/usbx/common/core/src/ux_utility_semaphore_create.c ****         _ux_system_error_handler(UX_SYSTEM_LEVEL_THREAD, UX_SYSTEM_CONTEXT_UTILITY, status);
  93:Middlewares/ST/usbx/common/core/src/ux_utility_semaphore_create.c **** 
  94:Middlewares/ST/usbx/common/core/src/ux_utility_semaphore_create.c ****         /* If trace is enabled, insert this event into the trace buffer.  */
  95:Middlewares/ST/usbx/common/core/src/ux_utility_semaphore_create.c ****         UX_TRACE_IN_LINE_INSERT(UX_TRACE_ERROR, UX_SEMAPHORE_ERROR, semaphore, 0, 0, UX_TRACE_ERROR
  96:Middlewares/ST/usbx/common/core/src/ux_utility_semaphore_create.c **** 
  97:Middlewares/ST/usbx/common/core/src/ux_utility_semaphore_create.c ****     }
  98:Middlewares/ST/usbx/common/core/src/ux_utility_semaphore_create.c **** 
  99:Middlewares/ST/usbx/common/core/src/ux_utility_semaphore_create.c ****     /* Return completion status.  */
 100:Middlewares/ST/usbx/common/core/src/ux_utility_semaphore_create.c ****     return(status);
 101:Middlewares/ST/usbx/common/core/src/ux_utility_semaphore_create.c **** }
  53              		.loc 1 101 1 view .LVU7
  54 000c 2046     		mov	r0, r4
  55 000e 10BD     		pop	{r4, pc}
  56              	.LVL3:
  57              	.L4:
  92:Middlewares/ST/usbx/common/core/src/ux_utility_semaphore_create.c **** 
  58              		.loc 1 92 9 is_stmt 1 view .LVU8
  59 0010 0246     		mov	r2, r0
  60 0012 0821     		movs	r1, #8
  61 0014 0220     		movs	r0, #2
  62              	.LVL4:
  92:Middlewares/ST/usbx/common/core/src/ux_utility_semaphore_create.c **** 
  63              		.loc 1 92 9 is_stmt 0 view .LVU9
  64 0016 FFF7FEFF 		bl	_ux_system_error_handler
  65              	.LVL5:
 100:Middlewares/ST/usbx/common/core/src/ux_utility_semaphore_create.c **** }
  66              		.loc 1 100 5 is_stmt 1 view .LVU10
 100:Middlewares/ST/usbx/common/core/src/ux_utility_semaphore_create.c **** }
  67              		.loc 1 100 11 is_stmt 0 view .LVU11
ARM GAS  C:\usertemp\ccok8ock.s 			page 4


  68 001a F7E7     		b	.L1
  69              		.cfi_endproc
  70              	.LFE11:
  72              		.text
  73              	.Letext0:
  74              		.file 2 "Middlewares/ST/threadx/ports/cortex_m33/gnu/inc/tx_port.h"
  75              		.file 3 "Middlewares/ST/threadx/common/inc/tx_api.h"
  76              		.file 4 "Middlewares/ST/usbx/common/core/inc/ux_utility.h"
ARM GAS  C:\usertemp\ccok8ock.s 			page 5


DEFINED SYMBOLS
                            *ABS*:00000000 ux_utility_semaphore_create.c
C:\usertemp\ccok8ock.s:22     .text._ux_utility_semaphore_create:00000000 $t
C:\usertemp\ccok8ock.s:28     .text._ux_utility_semaphore_create:00000000 _ux_utility_semaphore_create

UNDEFINED SYMBOLS
_txe_semaphore_create
_ux_system_error_handler
