ARM GAS  C:\usertemp\cc5lQvSn.s 			page 1


   1              		.cpu cortex-m33
   2              		.arch armv8-m.main
   3              		.fpu fpv4-sp-d16
   4              		.arch_extension dsp
   5              		.eabi_attribute 27, 1
   6              		.eabi_attribute 28, 1
   7              		.eabi_attribute 20, 1
   8              		.eabi_attribute 21, 1
   9              		.eabi_attribute 23, 3
  10              		.eabi_attribute 24, 1
  11              		.eabi_attribute 25, 1
  12              		.eabi_attribute 26, 1
  13              		.eabi_attribute 30, 1
  14              		.eabi_attribute 34, 1
  15              		.eabi_attribute 18, 4
  16              		.file	"ux_utility_thread_delete.c"
  17              		.text
  18              	.Ltext0:
  19              		.cfi_sections	.debug_frame
  20              		.file 1 "Middlewares/ST/usbx/common/core/src/ux_utility_thread_delete.c"
  21              		.section	.text._ux_utility_thread_delete,"ax",%progbits
  22              		.align	1
  23              		.global	_ux_utility_thread_delete
  24              		.syntax unified
  25              		.thumb
  26              		.thumb_func
  28              	_ux_utility_thread_delete:
  29              	.LVL0:
  30              	.LFB11:
   1:Middlewares/ST/usbx/common/core/src/ux_utility_thread_delete.c **** /**************************************************************************/
   2:Middlewares/ST/usbx/common/core/src/ux_utility_thread_delete.c **** /*                                                                        */
   3:Middlewares/ST/usbx/common/core/src/ux_utility_thread_delete.c **** /*       Copyright (c) Microsoft Corporation. All rights reserved.        */
   4:Middlewares/ST/usbx/common/core/src/ux_utility_thread_delete.c **** /*                                                                        */
   5:Middlewares/ST/usbx/common/core/src/ux_utility_thread_delete.c **** /*       This software is licensed under the Microsoft Software License   */
   6:Middlewares/ST/usbx/common/core/src/ux_utility_thread_delete.c **** /*       Terms for Microsoft Azure RTOS. Full text of the license can be  */
   7:Middlewares/ST/usbx/common/core/src/ux_utility_thread_delete.c **** /*       found in the LICENSE file at https://aka.ms/AzureRTOS_EULA       */
   8:Middlewares/ST/usbx/common/core/src/ux_utility_thread_delete.c **** /*       and in the root directory of this software.                      */
   9:Middlewares/ST/usbx/common/core/src/ux_utility_thread_delete.c **** /*                                                                        */
  10:Middlewares/ST/usbx/common/core/src/ux_utility_thread_delete.c **** /**************************************************************************/
  11:Middlewares/ST/usbx/common/core/src/ux_utility_thread_delete.c **** 
  12:Middlewares/ST/usbx/common/core/src/ux_utility_thread_delete.c **** 
  13:Middlewares/ST/usbx/common/core/src/ux_utility_thread_delete.c **** /**************************************************************************/
  14:Middlewares/ST/usbx/common/core/src/ux_utility_thread_delete.c **** /**************************************************************************/
  15:Middlewares/ST/usbx/common/core/src/ux_utility_thread_delete.c **** /**                                                                       */ 
  16:Middlewares/ST/usbx/common/core/src/ux_utility_thread_delete.c **** /** USBX Component                                                        */ 
  17:Middlewares/ST/usbx/common/core/src/ux_utility_thread_delete.c **** /**                                                                       */
  18:Middlewares/ST/usbx/common/core/src/ux_utility_thread_delete.c **** /**   Utility                                                             */
  19:Middlewares/ST/usbx/common/core/src/ux_utility_thread_delete.c **** /**                                                                       */
  20:Middlewares/ST/usbx/common/core/src/ux_utility_thread_delete.c **** /**************************************************************************/
  21:Middlewares/ST/usbx/common/core/src/ux_utility_thread_delete.c **** /**************************************************************************/
  22:Middlewares/ST/usbx/common/core/src/ux_utility_thread_delete.c **** 
  23:Middlewares/ST/usbx/common/core/src/ux_utility_thread_delete.c **** 
  24:Middlewares/ST/usbx/common/core/src/ux_utility_thread_delete.c **** /* Include necessary system files.  */
  25:Middlewares/ST/usbx/common/core/src/ux_utility_thread_delete.c **** 
  26:Middlewares/ST/usbx/common/core/src/ux_utility_thread_delete.c **** #define UX_SOURCE_CODE
  27:Middlewares/ST/usbx/common/core/src/ux_utility_thread_delete.c **** 
  28:Middlewares/ST/usbx/common/core/src/ux_utility_thread_delete.c **** #include "ux_api.h"
ARM GAS  C:\usertemp\cc5lQvSn.s 			page 2


  29:Middlewares/ST/usbx/common/core/src/ux_utility_thread_delete.c **** 
  30:Middlewares/ST/usbx/common/core/src/ux_utility_thread_delete.c **** 
  31:Middlewares/ST/usbx/common/core/src/ux_utility_thread_delete.c **** #if !defined(UX_STANDALONE)
  32:Middlewares/ST/usbx/common/core/src/ux_utility_thread_delete.c **** /**************************************************************************/ 
  33:Middlewares/ST/usbx/common/core/src/ux_utility_thread_delete.c **** /*                                                                        */ 
  34:Middlewares/ST/usbx/common/core/src/ux_utility_thread_delete.c **** /*  FUNCTION                                               RELEASE        */ 
  35:Middlewares/ST/usbx/common/core/src/ux_utility_thread_delete.c **** /*                                                                        */ 
  36:Middlewares/ST/usbx/common/core/src/ux_utility_thread_delete.c **** /*    _ux_utility_thread_delete                           PORTABLE C      */ 
  37:Middlewares/ST/usbx/common/core/src/ux_utility_thread_delete.c **** /*                                                           6.1.11       */
  38:Middlewares/ST/usbx/common/core/src/ux_utility_thread_delete.c **** /*  AUTHOR                                                                */
  39:Middlewares/ST/usbx/common/core/src/ux_utility_thread_delete.c **** /*                                                                        */
  40:Middlewares/ST/usbx/common/core/src/ux_utility_thread_delete.c **** /*    Chaoqiong Xiao, Microsoft Corporation                               */
  41:Middlewares/ST/usbx/common/core/src/ux_utility_thread_delete.c **** /*                                                                        */
  42:Middlewares/ST/usbx/common/core/src/ux_utility_thread_delete.c **** /*  DESCRIPTION                                                           */
  43:Middlewares/ST/usbx/common/core/src/ux_utility_thread_delete.c **** /*                                                                        */ 
  44:Middlewares/ST/usbx/common/core/src/ux_utility_thread_delete.c **** /*    This function deletes a thread for USBX.                            */ 
  45:Middlewares/ST/usbx/common/core/src/ux_utility_thread_delete.c **** /*                                                                        */ 
  46:Middlewares/ST/usbx/common/core/src/ux_utility_thread_delete.c **** /*  INPUT                                                                 */ 
  47:Middlewares/ST/usbx/common/core/src/ux_utility_thread_delete.c **** /*                                                                        */ 
  48:Middlewares/ST/usbx/common/core/src/ux_utility_thread_delete.c **** /*    thread_ptr                            Thread control block pointer  */ 
  49:Middlewares/ST/usbx/common/core/src/ux_utility_thread_delete.c **** /*                                                                        */ 
  50:Middlewares/ST/usbx/common/core/src/ux_utility_thread_delete.c **** /*  OUTPUT                                                                */ 
  51:Middlewares/ST/usbx/common/core/src/ux_utility_thread_delete.c **** /*                                                                        */ 
  52:Middlewares/ST/usbx/common/core/src/ux_utility_thread_delete.c **** /*    Completion Status                                                   */ 
  53:Middlewares/ST/usbx/common/core/src/ux_utility_thread_delete.c **** /*                                                                        */ 
  54:Middlewares/ST/usbx/common/core/src/ux_utility_thread_delete.c **** /*  CALLS                                                                 */ 
  55:Middlewares/ST/usbx/common/core/src/ux_utility_thread_delete.c **** /*                                                                        */ 
  56:Middlewares/ST/usbx/common/core/src/ux_utility_thread_delete.c **** /*    tx_thread_terminate                  ThreadX terminate thread       */
  57:Middlewares/ST/usbx/common/core/src/ux_utility_thread_delete.c **** /*    tx_thread_delete                     ThreadX delete thread service  */ 
  58:Middlewares/ST/usbx/common/core/src/ux_utility_thread_delete.c **** /*                                                                        */ 
  59:Middlewares/ST/usbx/common/core/src/ux_utility_thread_delete.c **** /*  CALLED BY                                                             */ 
  60:Middlewares/ST/usbx/common/core/src/ux_utility_thread_delete.c **** /*                                                                        */ 
  61:Middlewares/ST/usbx/common/core/src/ux_utility_thread_delete.c **** /*    USBX Components                                                     */ 
  62:Middlewares/ST/usbx/common/core/src/ux_utility_thread_delete.c **** /*                                                                        */ 
  63:Middlewares/ST/usbx/common/core/src/ux_utility_thread_delete.c **** /*  RELEASE HISTORY                                                       */ 
  64:Middlewares/ST/usbx/common/core/src/ux_utility_thread_delete.c **** /*                                                                        */ 
  65:Middlewares/ST/usbx/common/core/src/ux_utility_thread_delete.c **** /*    DATE              NAME                      DESCRIPTION             */ 
  66:Middlewares/ST/usbx/common/core/src/ux_utility_thread_delete.c **** /*                                                                        */ 
  67:Middlewares/ST/usbx/common/core/src/ux_utility_thread_delete.c **** /*  05-19-2020     Chaoqiong Xiao           Initial Version 6.0           */
  68:Middlewares/ST/usbx/common/core/src/ux_utility_thread_delete.c **** /*  09-30-2020     Chaoqiong Xiao           Modified comment(s),          */
  69:Middlewares/ST/usbx/common/core/src/ux_utility_thread_delete.c **** /*                                            used UX prefix to refer to  */
  70:Middlewares/ST/usbx/common/core/src/ux_utility_thread_delete.c **** /*                                            TX symbols instead of using */
  71:Middlewares/ST/usbx/common/core/src/ux_utility_thread_delete.c **** /*                                            them directly,              */
  72:Middlewares/ST/usbx/common/core/src/ux_utility_thread_delete.c **** /*                                            resulting in version 6.1    */
  73:Middlewares/ST/usbx/common/core/src/ux_utility_thread_delete.c **** /*  04-25-2022     Chaoqiong Xiao           Modified comment(s),          */
  74:Middlewares/ST/usbx/common/core/src/ux_utility_thread_delete.c **** /*                                            off in standalone build,    */
  75:Middlewares/ST/usbx/common/core/src/ux_utility_thread_delete.c **** /*                                            resulting in version 6.1.11 */
  76:Middlewares/ST/usbx/common/core/src/ux_utility_thread_delete.c **** /*                                                                        */
  77:Middlewares/ST/usbx/common/core/src/ux_utility_thread_delete.c **** /**************************************************************************/
  78:Middlewares/ST/usbx/common/core/src/ux_utility_thread_delete.c **** UINT  _ux_utility_thread_delete(UX_THREAD *thread_ptr)
  79:Middlewares/ST/usbx/common/core/src/ux_utility_thread_delete.c **** {
  31              		.loc 1 79 1 view -0
  32              		.cfi_startproc
  33              		@ args = 0, pretend = 0, frame = 0
  34              		@ frame_needed = 0, uses_anonymous_args = 0
  35              		.loc 1 79 1 is_stmt 0 view .LVU1
  36 0000 10B5     		push	{r4, lr}
ARM GAS  C:\usertemp\cc5lQvSn.s 			page 3


  37              	.LCFI0:
  38              		.cfi_def_cfa_offset 8
  39              		.cfi_offset 4, -8
  40              		.cfi_offset 14, -4
  41 0002 0446     		mov	r4, r0
  80:Middlewares/ST/usbx/common/core/src/ux_utility_thread_delete.c **** 
  81:Middlewares/ST/usbx/common/core/src/ux_utility_thread_delete.c **** UINT    status;
  42              		.loc 1 81 1 is_stmt 1 view .LVU2
  82:Middlewares/ST/usbx/common/core/src/ux_utility_thread_delete.c **** 
  83:Middlewares/ST/usbx/common/core/src/ux_utility_thread_delete.c **** 
  84:Middlewares/ST/usbx/common/core/src/ux_utility_thread_delete.c ****     /* Call ThreadX to terminate the USBX thread.  */
  85:Middlewares/ST/usbx/common/core/src/ux_utility_thread_delete.c ****     tx_thread_terminate(thread_ptr);
  43              		.loc 1 85 5 view .LVU3
  44 0004 FFF7FEFF 		bl	_txe_thread_terminate
  45              	.LVL1:
  86:Middlewares/ST/usbx/common/core/src/ux_utility_thread_delete.c **** 
  87:Middlewares/ST/usbx/common/core/src/ux_utility_thread_delete.c ****     /* Call ThreadX to delete the USBX thread.  */
  88:Middlewares/ST/usbx/common/core/src/ux_utility_thread_delete.c ****     status =  tx_thread_delete(thread_ptr);
  46              		.loc 1 88 5 view .LVU4
  47              		.loc 1 88 15 is_stmt 0 view .LVU5
  48 0008 2046     		mov	r0, r4
  49 000a FFF7FEFF 		bl	_txe_thread_delete
  50              	.LVL2:
  89:Middlewares/ST/usbx/common/core/src/ux_utility_thread_delete.c **** 
  90:Middlewares/ST/usbx/common/core/src/ux_utility_thread_delete.c ****     /* Return completion status.  */
  91:Middlewares/ST/usbx/common/core/src/ux_utility_thread_delete.c ****     return(status);
  51              		.loc 1 91 5 is_stmt 1 view .LVU6
  92:Middlewares/ST/usbx/common/core/src/ux_utility_thread_delete.c **** }
  52              		.loc 1 92 1 is_stmt 0 view .LVU7
  53 000e 10BD     		pop	{r4, pc}
  54              		.loc 1 92 1 view .LVU8
  55              		.cfi_endproc
  56              	.LFE11:
  58              		.text
  59              	.Letext0:
  60              		.file 2 "Middlewares/ST/threadx/ports/cortex_m33/gnu/inc/tx_port.h"
  61              		.file 3 "Middlewares/ST/threadx/common/inc/tx_api.h"
ARM GAS  C:\usertemp\cc5lQvSn.s 			page 4


DEFINED SYMBOLS
                            *ABS*:00000000 ux_utility_thread_delete.c
C:\usertemp\cc5lQvSn.s:22     .text._ux_utility_thread_delete:00000000 $t
C:\usertemp\cc5lQvSn.s:28     .text._ux_utility_thread_delete:00000000 _ux_utility_thread_delete

UNDEFINED SYMBOLS
_txe_thread_terminate
_txe_thread_delete
