ARM GAS  C:\usertemp\ccB4jhLZ.s 			page 1


   1              		.cpu cortex-m33
   2              		.arch armv8-m.main
   3              		.fpu fpv4-sp-d16
   4              		.arch_extension dsp
   5              		.eabi_attribute 27, 1
   6              		.eabi_attribute 28, 1
   7              		.eabi_attribute 20, 1
   8              		.eabi_attribute 21, 1
   9              		.eabi_attribute 23, 3
  10              		.eabi_attribute 24, 1
  11              		.eabi_attribute 25, 1
  12              		.eabi_attribute 26, 1
  13              		.eabi_attribute 30, 1
  14              		.eabi_attribute 34, 1
  15              		.eabi_attribute 18, 4
  16              		.file	"ux_utility_thread_schedule_other.c"
  17              		.text
  18              	.Ltext0:
  19              		.cfi_sections	.debug_frame
  20              		.file 1 "Middlewares/ST/usbx/common/core/src/ux_utility_thread_schedule_other.c"
  21              		.section	.text._ux_utility_thread_schedule_other,"ax",%progbits
  22              		.align	1
  23              		.global	_ux_utility_thread_schedule_other
  24              		.syntax unified
  25              		.thumb
  26              		.thumb_func
  28              	_ux_utility_thread_schedule_other:
  29              	.LVL0:
  30              	.LFB11:
   1:Middlewares/ST/usbx/common/core/src/ux_utility_thread_schedule_other.c **** /**************************************************************************/
   2:Middlewares/ST/usbx/common/core/src/ux_utility_thread_schedule_other.c **** /*                                                                        */
   3:Middlewares/ST/usbx/common/core/src/ux_utility_thread_schedule_other.c **** /*       Copyright (c) Microsoft Corporation. All rights reserved.        */
   4:Middlewares/ST/usbx/common/core/src/ux_utility_thread_schedule_other.c **** /*                                                                        */
   5:Middlewares/ST/usbx/common/core/src/ux_utility_thread_schedule_other.c **** /*       This software is licensed under the Microsoft Software License   */
   6:Middlewares/ST/usbx/common/core/src/ux_utility_thread_schedule_other.c **** /*       Terms for Microsoft Azure RTOS. Full text of the license can be  */
   7:Middlewares/ST/usbx/common/core/src/ux_utility_thread_schedule_other.c **** /*       found in the LICENSE file at https://aka.ms/AzureRTOS_EULA       */
   8:Middlewares/ST/usbx/common/core/src/ux_utility_thread_schedule_other.c **** /*       and in the root directory of this software.                      */
   9:Middlewares/ST/usbx/common/core/src/ux_utility_thread_schedule_other.c **** /*                                                                        */
  10:Middlewares/ST/usbx/common/core/src/ux_utility_thread_schedule_other.c **** /**************************************************************************/
  11:Middlewares/ST/usbx/common/core/src/ux_utility_thread_schedule_other.c **** 
  12:Middlewares/ST/usbx/common/core/src/ux_utility_thread_schedule_other.c **** 
  13:Middlewares/ST/usbx/common/core/src/ux_utility_thread_schedule_other.c **** /**************************************************************************/
  14:Middlewares/ST/usbx/common/core/src/ux_utility_thread_schedule_other.c **** /**************************************************************************/
  15:Middlewares/ST/usbx/common/core/src/ux_utility_thread_schedule_other.c **** /**                                                                       */ 
  16:Middlewares/ST/usbx/common/core/src/ux_utility_thread_schedule_other.c **** /** USBX Component                                                        */ 
  17:Middlewares/ST/usbx/common/core/src/ux_utility_thread_schedule_other.c **** /**                                                                       */
  18:Middlewares/ST/usbx/common/core/src/ux_utility_thread_schedule_other.c **** /**   Utility                                                             */
  19:Middlewares/ST/usbx/common/core/src/ux_utility_thread_schedule_other.c **** /**                                                                       */
  20:Middlewares/ST/usbx/common/core/src/ux_utility_thread_schedule_other.c **** /**************************************************************************/
  21:Middlewares/ST/usbx/common/core/src/ux_utility_thread_schedule_other.c **** /**************************************************************************/
  22:Middlewares/ST/usbx/common/core/src/ux_utility_thread_schedule_other.c **** 
  23:Middlewares/ST/usbx/common/core/src/ux_utility_thread_schedule_other.c **** 
  24:Middlewares/ST/usbx/common/core/src/ux_utility_thread_schedule_other.c **** /* Include necessary system files.  */
  25:Middlewares/ST/usbx/common/core/src/ux_utility_thread_schedule_other.c **** 
  26:Middlewares/ST/usbx/common/core/src/ux_utility_thread_schedule_other.c **** #define UX_SOURCE_CODE
  27:Middlewares/ST/usbx/common/core/src/ux_utility_thread_schedule_other.c **** 
  28:Middlewares/ST/usbx/common/core/src/ux_utility_thread_schedule_other.c **** #include "ux_api.h"
ARM GAS  C:\usertemp\ccB4jhLZ.s 			page 2


  29:Middlewares/ST/usbx/common/core/src/ux_utility_thread_schedule_other.c **** 
  30:Middlewares/ST/usbx/common/core/src/ux_utility_thread_schedule_other.c **** 
  31:Middlewares/ST/usbx/common/core/src/ux_utility_thread_schedule_other.c **** #if !defined(UX_STANDALONE)
  32:Middlewares/ST/usbx/common/core/src/ux_utility_thread_schedule_other.c **** /**************************************************************************/ 
  33:Middlewares/ST/usbx/common/core/src/ux_utility_thread_schedule_other.c **** /*                                                                        */ 
  34:Middlewares/ST/usbx/common/core/src/ux_utility_thread_schedule_other.c **** /*  FUNCTION                                               RELEASE        */ 
  35:Middlewares/ST/usbx/common/core/src/ux_utility_thread_schedule_other.c **** /*                                                                        */ 
  36:Middlewares/ST/usbx/common/core/src/ux_utility_thread_schedule_other.c **** /*    _ux_utility_thread_schedule_other                   PORTABLE C      */ 
  37:Middlewares/ST/usbx/common/core/src/ux_utility_thread_schedule_other.c **** /*                                                           6.1.11       */
  38:Middlewares/ST/usbx/common/core/src/ux_utility_thread_schedule_other.c **** /*  AUTHOR                                                                */
  39:Middlewares/ST/usbx/common/core/src/ux_utility_thread_schedule_other.c **** /*                                                                        */
  40:Middlewares/ST/usbx/common/core/src/ux_utility_thread_schedule_other.c **** /*    Chaoqiong Xiao, Microsoft Corporation                               */
  41:Middlewares/ST/usbx/common/core/src/ux_utility_thread_schedule_other.c **** /*                                                                        */
  42:Middlewares/ST/usbx/common/core/src/ux_utility_thread_schedule_other.c **** /*  DESCRIPTION                                                           */
  43:Middlewares/ST/usbx/common/core/src/ux_utility_thread_schedule_other.c **** /*                                                                        */ 
  44:Middlewares/ST/usbx/common/core/src/ux_utility_thread_schedule_other.c **** /*    This function force the scheduling of all other threads.            */ 
  45:Middlewares/ST/usbx/common/core/src/ux_utility_thread_schedule_other.c **** /*                                                                        */ 
  46:Middlewares/ST/usbx/common/core/src/ux_utility_thread_schedule_other.c **** /*  INPUT                                                                 */ 
  47:Middlewares/ST/usbx/common/core/src/ux_utility_thread_schedule_other.c **** /*                                                                        */ 
  48:Middlewares/ST/usbx/common/core/src/ux_utility_thread_schedule_other.c **** /*    caller_priority                        Priority to restore.          */ 
  49:Middlewares/ST/usbx/common/core/src/ux_utility_thread_schedule_other.c **** /*                                                                        */ 
  50:Middlewares/ST/usbx/common/core/src/ux_utility_thread_schedule_other.c **** /*  OUTPUT                                                                */ 
  51:Middlewares/ST/usbx/common/core/src/ux_utility_thread_schedule_other.c **** /*                                                                        */ 
  52:Middlewares/ST/usbx/common/core/src/ux_utility_thread_schedule_other.c **** /*    Completion Status                                                   */ 
  53:Middlewares/ST/usbx/common/core/src/ux_utility_thread_schedule_other.c **** /*                                                                        */ 
  54:Middlewares/ST/usbx/common/core/src/ux_utility_thread_schedule_other.c **** /*  CALLS                                                                 */ 
  55:Middlewares/ST/usbx/common/core/src/ux_utility_thread_schedule_other.c **** /*                                                                        */ 
  56:Middlewares/ST/usbx/common/core/src/ux_utility_thread_schedule_other.c **** /*    tx_thread_identify                    ThreadX identify              */ 
  57:Middlewares/ST/usbx/common/core/src/ux_utility_thread_schedule_other.c **** /*    tx_thread_priority_change             ThreadX priority change       */ 
  58:Middlewares/ST/usbx/common/core/src/ux_utility_thread_schedule_other.c **** /*    tx_thread_relinquish                  ThreadX relinquish            */ 
  59:Middlewares/ST/usbx/common/core/src/ux_utility_thread_schedule_other.c **** /*                                                                        */ 
  60:Middlewares/ST/usbx/common/core/src/ux_utility_thread_schedule_other.c **** /*  CALLED BY                                                             */ 
  61:Middlewares/ST/usbx/common/core/src/ux_utility_thread_schedule_other.c **** /*                                                                        */ 
  62:Middlewares/ST/usbx/common/core/src/ux_utility_thread_schedule_other.c **** /*    USBX Components                                                     */ 
  63:Middlewares/ST/usbx/common/core/src/ux_utility_thread_schedule_other.c **** /*                                                                        */ 
  64:Middlewares/ST/usbx/common/core/src/ux_utility_thread_schedule_other.c **** /*  RELEASE HISTORY                                                       */ 
  65:Middlewares/ST/usbx/common/core/src/ux_utility_thread_schedule_other.c **** /*                                                                        */ 
  66:Middlewares/ST/usbx/common/core/src/ux_utility_thread_schedule_other.c **** /*    DATE              NAME                      DESCRIPTION             */ 
  67:Middlewares/ST/usbx/common/core/src/ux_utility_thread_schedule_other.c **** /*                                                                        */ 
  68:Middlewares/ST/usbx/common/core/src/ux_utility_thread_schedule_other.c **** /*  05-19-2020     Chaoqiong Xiao           Initial Version 6.0           */
  69:Middlewares/ST/usbx/common/core/src/ux_utility_thread_schedule_other.c **** /*  09-30-2020     Chaoqiong Xiao           Modified comment(s),          */
  70:Middlewares/ST/usbx/common/core/src/ux_utility_thread_schedule_other.c **** /*                                            used UX prefix to refer to  */
  71:Middlewares/ST/usbx/common/core/src/ux_utility_thread_schedule_other.c **** /*                                            TX symbols instead of using */
  72:Middlewares/ST/usbx/common/core/src/ux_utility_thread_schedule_other.c **** /*                                            them directly,              */
  73:Middlewares/ST/usbx/common/core/src/ux_utility_thread_schedule_other.c **** /*                                            resulting in version 6.1    */
  74:Middlewares/ST/usbx/common/core/src/ux_utility_thread_schedule_other.c **** /*  04-25-2022     Chaoqiong Xiao           Modified comment(s),          */
  75:Middlewares/ST/usbx/common/core/src/ux_utility_thread_schedule_other.c **** /*                                            off in standalone build,    */
  76:Middlewares/ST/usbx/common/core/src/ux_utility_thread_schedule_other.c **** /*                                            resulting in version 6.1.11 */
  77:Middlewares/ST/usbx/common/core/src/ux_utility_thread_schedule_other.c **** /*                                                                        */
  78:Middlewares/ST/usbx/common/core/src/ux_utility_thread_schedule_other.c **** /**************************************************************************/
  79:Middlewares/ST/usbx/common/core/src/ux_utility_thread_schedule_other.c **** UINT  _ux_utility_thread_schedule_other(UINT caller_priority)
  80:Middlewares/ST/usbx/common/core/src/ux_utility_thread_schedule_other.c **** {
  31              		.loc 1 80 1 view -0
  32              		.cfi_startproc
  33              		@ args = 0, pretend = 0, frame = 8
  34              		@ frame_needed = 0, uses_anonymous_args = 0
  35              		.loc 1 80 1 is_stmt 0 view .LVU1
ARM GAS  C:\usertemp\ccB4jhLZ.s 			page 3


  36 0000 10B5     		push	{r4, lr}
  37              	.LCFI0:
  38              		.cfi_def_cfa_offset 8
  39              		.cfi_offset 4, -8
  40              		.cfi_offset 14, -4
  41 0002 82B0     		sub	sp, sp, #8
  42              	.LCFI1:
  43              		.cfi_def_cfa_offset 16
  81:Middlewares/ST/usbx/common/core/src/ux_utility_thread_schedule_other.c **** 
  82:Middlewares/ST/usbx/common/core/src/ux_utility_thread_schedule_other.c **** UINT        status;
  44              		.loc 1 82 1 is_stmt 1 view .LVU2
  83:Middlewares/ST/usbx/common/core/src/ux_utility_thread_schedule_other.c **** UINT        old_priority;
  45              		.loc 1 83 1 view .LVU3
  84:Middlewares/ST/usbx/common/core/src/ux_utility_thread_schedule_other.c **** UX_THREAD   *my_thread;
  46              		.loc 1 84 1 view .LVU4
  85:Middlewares/ST/usbx/common/core/src/ux_utility_thread_schedule_other.c **** 
  86:Middlewares/ST/usbx/common/core/src/ux_utility_thread_schedule_other.c ****     UX_PARAMETER_NOT_USED(caller_priority);
  47              		.loc 1 86 5 view .LVU5
  87:Middlewares/ST/usbx/common/core/src/ux_utility_thread_schedule_other.c **** 
  88:Middlewares/ST/usbx/common/core/src/ux_utility_thread_schedule_other.c ****     /* Call TX to know my own tread.  */
  89:Middlewares/ST/usbx/common/core/src/ux_utility_thread_schedule_other.c ****     my_thread = tx_thread_identify();
  48              		.loc 1 89 5 view .LVU6
  49              		.loc 1 89 17 is_stmt 0 view .LVU7
  50 0004 FFF7FEFF 		bl	_tx_thread_identify
  51              	.LVL1:
  52              		.loc 1 89 17 view .LVU8
  53 0008 0446     		mov	r4, r0
  54              	.LVL2:
  90:Middlewares/ST/usbx/common/core/src/ux_utility_thread_schedule_other.c **** 
  91:Middlewares/ST/usbx/common/core/src/ux_utility_thread_schedule_other.c ****     /* Call ThreadX to change thread priority .  */
  92:Middlewares/ST/usbx/common/core/src/ux_utility_thread_schedule_other.c ****     status =  tx_thread_priority_change(my_thread, _ux_system -> ux_system_thread_lowest_priority, 
  55              		.loc 1 92 5 is_stmt 1 view .LVU9
  56              		.loc 1 92 63 is_stmt 0 view .LVU10
  57 000a 084B     		ldr	r3, .L5
  58 000c 1B68     		ldr	r3, [r3]
  59              		.loc 1 92 15 view .LVU11
  60 000e 01AA     		add	r2, sp, #4
  61 0010 9968     		ldr	r1, [r3, #8]
  62 0012 FFF7FEFF 		bl	_txe_thread_priority_change
  63              	.LVL3:
  93:Middlewares/ST/usbx/common/core/src/ux_utility_thread_schedule_other.c ****     
  94:Middlewares/ST/usbx/common/core/src/ux_utility_thread_schedule_other.c ****     /* Check for error.  */
  95:Middlewares/ST/usbx/common/core/src/ux_utility_thread_schedule_other.c ****     if (status == TX_SUCCESS)
  64              		.loc 1 95 5 is_stmt 1 view .LVU12
  65              		.loc 1 95 8 is_stmt 0 view .LVU13
  66 0016 08B1     		cbz	r0, .L4
  67              	.LVL4:
  68              	.L1:
  96:Middlewares/ST/usbx/common/core/src/ux_utility_thread_schedule_other.c ****     {
  97:Middlewares/ST/usbx/common/core/src/ux_utility_thread_schedule_other.c ****     
  98:Middlewares/ST/usbx/common/core/src/ux_utility_thread_schedule_other.c ****         /* Wait until all other threads passed into the scheduler. */
  99:Middlewares/ST/usbx/common/core/src/ux_utility_thread_schedule_other.c ****         _ux_utility_thread_relinquish();
 100:Middlewares/ST/usbx/common/core/src/ux_utility_thread_schedule_other.c ****     
 101:Middlewares/ST/usbx/common/core/src/ux_utility_thread_schedule_other.c ****         /* And now return the priority of the thread to normal.  */
 102:Middlewares/ST/usbx/common/core/src/ux_utility_thread_schedule_other.c ****         status =  tx_thread_priority_change(my_thread, old_priority, &old_priority);
 103:Middlewares/ST/usbx/common/core/src/ux_utility_thread_schedule_other.c ****         
 104:Middlewares/ST/usbx/common/core/src/ux_utility_thread_schedule_other.c ****     }
ARM GAS  C:\usertemp\ccB4jhLZ.s 			page 4


 105:Middlewares/ST/usbx/common/core/src/ux_utility_thread_schedule_other.c **** 
 106:Middlewares/ST/usbx/common/core/src/ux_utility_thread_schedule_other.c ****     /* Return completion status.  */
 107:Middlewares/ST/usbx/common/core/src/ux_utility_thread_schedule_other.c ****     return(status);
 108:Middlewares/ST/usbx/common/core/src/ux_utility_thread_schedule_other.c **** }
  69              		.loc 1 108 1 view .LVU14
  70 0018 02B0     		add	sp, sp, #8
  71              	.LCFI2:
  72              		.cfi_remember_state
  73              		.cfi_def_cfa_offset 8
  74              		@ sp needed
  75 001a 10BD     		pop	{r4, pc}
  76              	.LVL5:
  77              	.L4:
  78              	.LCFI3:
  79              		.cfi_restore_state
  99:Middlewares/ST/usbx/common/core/src/ux_utility_thread_schedule_other.c ****     
  80              		.loc 1 99 9 is_stmt 1 view .LVU15
  81 001c FFF7FEFF 		bl	_ux_utility_thread_relinquish
  82              	.LVL6:
 102:Middlewares/ST/usbx/common/core/src/ux_utility_thread_schedule_other.c ****         
  83              		.loc 1 102 9 view .LVU16
 102:Middlewares/ST/usbx/common/core/src/ux_utility_thread_schedule_other.c ****         
  84              		.loc 1 102 19 is_stmt 0 view .LVU17
  85 0020 01AA     		add	r2, sp, #4
  86 0022 0199     		ldr	r1, [sp, #4]
  87 0024 2046     		mov	r0, r4
  88 0026 FFF7FEFF 		bl	_txe_thread_priority_change
  89              	.LVL7:
 107:Middlewares/ST/usbx/common/core/src/ux_utility_thread_schedule_other.c **** }
  90              		.loc 1 107 5 is_stmt 1 view .LVU18
 107:Middlewares/ST/usbx/common/core/src/ux_utility_thread_schedule_other.c **** }
  91              		.loc 1 107 11 is_stmt 0 view .LVU19
  92 002a F5E7     		b	.L1
  93              	.L6:
  94              		.align	2
  95              	.L5:
  96 002c 00000000 		.word	_ux_system
  97              		.cfi_endproc
  98              	.LFE11:
 100              		.text
 101              	.Letext0:
 102              		.file 2 "Middlewares/ST/threadx/ports/cortex_m33/gnu/inc/tx_port.h"
 103              		.file 3 "Middlewares/ST/threadx/common/inc/tx_api.h"
 104              		.file 4 "Middlewares/ST/usbx/common/core/inc/ux_api.h"
 105              		.file 5 "Middlewares/ST/usbx/common/core/inc/ux_system.h"
 106              		.file 6 "Middlewares/ST/usbx/common/core/inc/ux_utility.h"
ARM GAS  C:\usertemp\ccB4jhLZ.s 			page 5


DEFINED SYMBOLS
                            *ABS*:00000000 ux_utility_thread_schedule_other.c
C:\usertemp\ccB4jhLZ.s:22     .text._ux_utility_thread_schedule_other:00000000 $t
C:\usertemp\ccB4jhLZ.s:28     .text._ux_utility_thread_schedule_other:00000000 _ux_utility_thread_schedule_other
C:\usertemp\ccB4jhLZ.s:96     .text._ux_utility_thread_schedule_other:0000002c $d

UNDEFINED SYMBOLS
_tx_thread_identify
_txe_thread_priority_change
_ux_utility_thread_relinquish
_ux_system
