ARM GAS  C:\usertemp\cccHRw1e.s 			page 1


   1              		.cpu cortex-m33
   2              		.arch armv8-m.main
   3              		.fpu fpv4-sp-d16
   4              		.arch_extension dsp
   5              		.eabi_attribute 27, 1
   6              		.eabi_attribute 28, 1
   7              		.eabi_attribute 20, 1
   8              		.eabi_attribute 21, 1
   9              		.eabi_attribute 23, 3
  10              		.eabi_attribute 24, 1
  11              		.eabi_attribute 25, 1
  12              		.eabi_attribute 26, 1
  13              		.eabi_attribute 30, 1
  14              		.eabi_attribute 34, 1
  15              		.eabi_attribute 18, 4
  16              		.file	"ux_utility_memory_allocate.c"
  17              		.text
  18              	.Ltext0:
  19              		.cfi_sections	.debug_frame
  20              		.file 1 "Middlewares/ST/usbx/common/core/src/ux_utility_memory_allocate.c"
  21              		.section	.text._ux_utility_memory_allocate,"ax",%progbits
  22              		.align	1
  23              		.global	_ux_utility_memory_allocate
  24              		.syntax unified
  25              		.thumb
  26              		.thumb_func
  28              	_ux_utility_memory_allocate:
  29              	.LVL0:
  30              	.LFB11:
   1:Middlewares/ST/usbx/common/core/src/ux_utility_memory_allocate.c **** /**************************************************************************/
   2:Middlewares/ST/usbx/common/core/src/ux_utility_memory_allocate.c **** /*                                                                        */
   3:Middlewares/ST/usbx/common/core/src/ux_utility_memory_allocate.c **** /*       Copyright (c) Microsoft Corporation. All rights reserved.        */
   4:Middlewares/ST/usbx/common/core/src/ux_utility_memory_allocate.c **** /*                                                                        */
   5:Middlewares/ST/usbx/common/core/src/ux_utility_memory_allocate.c **** /*       This software is licensed under the Microsoft Software License   */
   6:Middlewares/ST/usbx/common/core/src/ux_utility_memory_allocate.c **** /*       Terms for Microsoft Azure RTOS. Full text of the license can be  */
   7:Middlewares/ST/usbx/common/core/src/ux_utility_memory_allocate.c **** /*       found in the LICENSE file at https://aka.ms/AzureRTOS_EULA       */
   8:Middlewares/ST/usbx/common/core/src/ux_utility_memory_allocate.c **** /*       and in the root directory of this software.                      */
   9:Middlewares/ST/usbx/common/core/src/ux_utility_memory_allocate.c **** /*                                                                        */
  10:Middlewares/ST/usbx/common/core/src/ux_utility_memory_allocate.c **** /**************************************************************************/
  11:Middlewares/ST/usbx/common/core/src/ux_utility_memory_allocate.c **** 
  12:Middlewares/ST/usbx/common/core/src/ux_utility_memory_allocate.c **** 
  13:Middlewares/ST/usbx/common/core/src/ux_utility_memory_allocate.c **** /**************************************************************************/
  14:Middlewares/ST/usbx/common/core/src/ux_utility_memory_allocate.c **** /**************************************************************************/
  15:Middlewares/ST/usbx/common/core/src/ux_utility_memory_allocate.c **** /**                                                                       */
  16:Middlewares/ST/usbx/common/core/src/ux_utility_memory_allocate.c **** /** USBX Component                                                        */
  17:Middlewares/ST/usbx/common/core/src/ux_utility_memory_allocate.c **** /**                                                                       */
  18:Middlewares/ST/usbx/common/core/src/ux_utility_memory_allocate.c **** /**   Utility                                                             */
  19:Middlewares/ST/usbx/common/core/src/ux_utility_memory_allocate.c **** /**                                                                       */
  20:Middlewares/ST/usbx/common/core/src/ux_utility_memory_allocate.c **** /**************************************************************************/
  21:Middlewares/ST/usbx/common/core/src/ux_utility_memory_allocate.c **** /**************************************************************************/
  22:Middlewares/ST/usbx/common/core/src/ux_utility_memory_allocate.c **** 
  23:Middlewares/ST/usbx/common/core/src/ux_utility_memory_allocate.c **** 
  24:Middlewares/ST/usbx/common/core/src/ux_utility_memory_allocate.c **** /* Include necessary system files.  */
  25:Middlewares/ST/usbx/common/core/src/ux_utility_memory_allocate.c **** 
  26:Middlewares/ST/usbx/common/core/src/ux_utility_memory_allocate.c **** #define UX_SOURCE_CODE
  27:Middlewares/ST/usbx/common/core/src/ux_utility_memory_allocate.c **** 
  28:Middlewares/ST/usbx/common/core/src/ux_utility_memory_allocate.c **** #include "ux_api.h"
ARM GAS  C:\usertemp\cccHRw1e.s 			page 2


  29:Middlewares/ST/usbx/common/core/src/ux_utility_memory_allocate.c **** 
  30:Middlewares/ST/usbx/common/core/src/ux_utility_memory_allocate.c **** /**************************************************************************/
  31:Middlewares/ST/usbx/common/core/src/ux_utility_memory_allocate.c **** /*                                                                        */
  32:Middlewares/ST/usbx/common/core/src/ux_utility_memory_allocate.c **** /*  FUNCTION                                               RELEASE        */
  33:Middlewares/ST/usbx/common/core/src/ux_utility_memory_allocate.c **** /*                                                                        */
  34:Middlewares/ST/usbx/common/core/src/ux_utility_memory_allocate.c **** /*    _ux_utility_memory_allocate                         PORTABLE C      */
  35:Middlewares/ST/usbx/common/core/src/ux_utility_memory_allocate.c **** /*                                                           6.3.0        */
  36:Middlewares/ST/usbx/common/core/src/ux_utility_memory_allocate.c **** /*  AUTHOR                                                                */
  37:Middlewares/ST/usbx/common/core/src/ux_utility_memory_allocate.c **** /*                                                                        */
  38:Middlewares/ST/usbx/common/core/src/ux_utility_memory_allocate.c **** /*    Chaoqiong Xiao, Microsoft Corporation                               */
  39:Middlewares/ST/usbx/common/core/src/ux_utility_memory_allocate.c **** /*                                                                        */
  40:Middlewares/ST/usbx/common/core/src/ux_utility_memory_allocate.c **** /*  DESCRIPTION                                                           */
  41:Middlewares/ST/usbx/common/core/src/ux_utility_memory_allocate.c **** /*                                                                        */
  42:Middlewares/ST/usbx/common/core/src/ux_utility_memory_allocate.c **** /*    This function allocates a block of memory for the specified size    */
  43:Middlewares/ST/usbx/common/core/src/ux_utility_memory_allocate.c **** /*    and alignment.                                                      */
  44:Middlewares/ST/usbx/common/core/src/ux_utility_memory_allocate.c **** /*                                                                        */
  45:Middlewares/ST/usbx/common/core/src/ux_utility_memory_allocate.c **** /*  INPUT                                                                 */
  46:Middlewares/ST/usbx/common/core/src/ux_utility_memory_allocate.c **** /*                                                                        */
  47:Middlewares/ST/usbx/common/core/src/ux_utility_memory_allocate.c **** /*    memory_alignment                      Memory alignment required     */
  48:Middlewares/ST/usbx/common/core/src/ux_utility_memory_allocate.c **** /*    memory_cache_flag                     Memory pool source            */
  49:Middlewares/ST/usbx/common/core/src/ux_utility_memory_allocate.c **** /*    memory_size_requested                 Number of bytes required      */
  50:Middlewares/ST/usbx/common/core/src/ux_utility_memory_allocate.c **** /*                                                                        */
  51:Middlewares/ST/usbx/common/core/src/ux_utility_memory_allocate.c **** /*  OUTPUT                                                                */
  52:Middlewares/ST/usbx/common/core/src/ux_utility_memory_allocate.c **** /*                                                                        */
  53:Middlewares/ST/usbx/common/core/src/ux_utility_memory_allocate.c **** /*    Pointer to block of memory                                          */
  54:Middlewares/ST/usbx/common/core/src/ux_utility_memory_allocate.c **** /*                                                                        */
  55:Middlewares/ST/usbx/common/core/src/ux_utility_memory_allocate.c **** /*  CALLS                                                                 */
  56:Middlewares/ST/usbx/common/core/src/ux_utility_memory_allocate.c **** /*                                                                        */
  57:Middlewares/ST/usbx/common/core/src/ux_utility_memory_allocate.c **** /*    _ux_utility_memory_free_block_best_get Get best fit block of memory */
  58:Middlewares/ST/usbx/common/core/src/ux_utility_memory_allocate.c **** /*    _ux_utility_memory_set                 Set block of memory          */
  59:Middlewares/ST/usbx/common/core/src/ux_utility_memory_allocate.c **** /*                                                                        */
  60:Middlewares/ST/usbx/common/core/src/ux_utility_memory_allocate.c **** /*  CALLED BY                                                             */
  61:Middlewares/ST/usbx/common/core/src/ux_utility_memory_allocate.c **** /*                                                                        */
  62:Middlewares/ST/usbx/common/core/src/ux_utility_memory_allocate.c **** /*    USBX Components                                                     */
  63:Middlewares/ST/usbx/common/core/src/ux_utility_memory_allocate.c **** /*                                                                        */
  64:Middlewares/ST/usbx/common/core/src/ux_utility_memory_allocate.c **** /*  RELEASE HISTORY                                                       */
  65:Middlewares/ST/usbx/common/core/src/ux_utility_memory_allocate.c **** /*                                                                        */
  66:Middlewares/ST/usbx/common/core/src/ux_utility_memory_allocate.c **** /*    DATE              NAME                      DESCRIPTION             */
  67:Middlewares/ST/usbx/common/core/src/ux_utility_memory_allocate.c **** /*                                                                        */
  68:Middlewares/ST/usbx/common/core/src/ux_utility_memory_allocate.c **** /*  05-19-2020     Chaoqiong Xiao           Initial Version 6.0           */
  69:Middlewares/ST/usbx/common/core/src/ux_utility_memory_allocate.c **** /*  09-30-2020     Chaoqiong Xiao           Modified comment(s),          */
  70:Middlewares/ST/usbx/common/core/src/ux_utility_memory_allocate.c **** /*                                            verified memset and memcpy  */
  71:Middlewares/ST/usbx/common/core/src/ux_utility_memory_allocate.c **** /*                                            cases,                      */
  72:Middlewares/ST/usbx/common/core/src/ux_utility_memory_allocate.c **** /*                                            resulting in version 6.1    */
  73:Middlewares/ST/usbx/common/core/src/ux_utility_memory_allocate.c **** /*  01-31-2022     Chaoqiong Xiao           Modified comment(s),          */
  74:Middlewares/ST/usbx/common/core/src/ux_utility_memory_allocate.c **** /*                                            added standalone support,   */
  75:Middlewares/ST/usbx/common/core/src/ux_utility_memory_allocate.c **** /*                                            resulting in version 6.1.10 */
  76:Middlewares/ST/usbx/common/core/src/ux_utility_memory_allocate.c **** /*  04-25-2022     Chaoqiong Xiao           Modified comment(s),          */
  77:Middlewares/ST/usbx/common/core/src/ux_utility_memory_allocate.c **** /*                                            internal clean up,          */
  78:Middlewares/ST/usbx/common/core/src/ux_utility_memory_allocate.c **** /*                                            resulting in version 6.1.11 */
  79:Middlewares/ST/usbx/common/core/src/ux_utility_memory_allocate.c **** /*  10-31-2023     Chaoqiong Xiao           Modified comment(s),          */
  80:Middlewares/ST/usbx/common/core/src/ux_utility_memory_allocate.c **** /*                                            refined memory management,  */
  81:Middlewares/ST/usbx/common/core/src/ux_utility_memory_allocate.c **** /*                                            fixed issue in 64-bit env,  */
  82:Middlewares/ST/usbx/common/core/src/ux_utility_memory_allocate.c **** /*                                            resulting in version 6.3.0  */
  83:Middlewares/ST/usbx/common/core/src/ux_utility_memory_allocate.c **** /*                                                                        */
  84:Middlewares/ST/usbx/common/core/src/ux_utility_memory_allocate.c **** /**************************************************************************/
  85:Middlewares/ST/usbx/common/core/src/ux_utility_memory_allocate.c **** VOID  *_ux_utility_memory_allocate(ULONG memory_alignment, ULONG memory_cache_flag,
ARM GAS  C:\usertemp\cccHRw1e.s 			page 3


  86:Middlewares/ST/usbx/common/core/src/ux_utility_memory_allocate.c ****                                    ULONG memory_size_requested)
  87:Middlewares/ST/usbx/common/core/src/ux_utility_memory_allocate.c **** {
  31              		.loc 1 87 1 view -0
  32              		.cfi_startproc
  33              		@ args = 0, pretend = 0, frame = 0
  34              		@ frame_needed = 0, uses_anonymous_args = 0
  35              		.loc 1 87 1 is_stmt 0 view .LVU1
  36 0000 F8B5     		push	{r3, r4, r5, r6, r7, lr}
  37              	.LCFI0:
  38              		.cfi_def_cfa_offset 24
  39              		.cfi_offset 3, -24
  40              		.cfi_offset 4, -20
  41              		.cfi_offset 5, -16
  42              		.cfi_offset 6, -12
  43              		.cfi_offset 7, -8
  44              		.cfi_offset 14, -4
  45 0002 0746     		mov	r7, r0
  46 0004 1546     		mov	r5, r2
  88:Middlewares/ST/usbx/common/core/src/ux_utility_memory_allocate.c **** UX_MEMORY_BYTE_POOL *pool_ptr;
  47              		.loc 1 88 1 is_stmt 1 view .LVU2
  89:Middlewares/ST/usbx/common/core/src/ux_utility_memory_allocate.c **** UCHAR               *current_ptr;
  48              		.loc 1 89 1 view .LVU3
  90:Middlewares/ST/usbx/common/core/src/ux_utility_memory_allocate.c **** UCHAR               *work_ptr;
  49              		.loc 1 90 1 view .LVU4
  91:Middlewares/ST/usbx/common/core/src/ux_utility_memory_allocate.c **** UCHAR               *next_ptr;
  50              		.loc 1 91 1 view .LVU5
  92:Middlewares/ST/usbx/common/core/src/ux_utility_memory_allocate.c **** ALIGN_TYPE          *free_ptr;
  51              		.loc 1 92 1 view .LVU6
  93:Middlewares/ST/usbx/common/core/src/ux_utility_memory_allocate.c **** UCHAR               **this_block_link_ptr;
  52              		.loc 1 93 1 view .LVU7
  94:Middlewares/ST/usbx/common/core/src/ux_utility_memory_allocate.c **** UCHAR               **next_block_link_ptr;
  53              		.loc 1 94 1 view .LVU8
  95:Middlewares/ST/usbx/common/core/src/ux_utility_memory_allocate.c **** ULONG               available_bytes;
  54              		.loc 1 95 1 view .LVU9
  96:Middlewares/ST/usbx/common/core/src/ux_utility_memory_allocate.c **** 
  97:Middlewares/ST/usbx/common/core/src/ux_utility_memory_allocate.c **** ALIGN_TYPE          int_memory_buffer;
  55              		.loc 1 97 1 view .LVU10
  98:Middlewares/ST/usbx/common/core/src/ux_utility_memory_allocate.c **** #ifdef UX_ENABLE_MEMORY_STATISTICS
  99:Middlewares/ST/usbx/common/core/src/ux_utility_memory_allocate.c **** UINT                index;
 100:Middlewares/ST/usbx/common/core/src/ux_utility_memory_allocate.c **** #endif
 101:Middlewares/ST/usbx/common/core/src/ux_utility_memory_allocate.c **** 
 102:Middlewares/ST/usbx/common/core/src/ux_utility_memory_allocate.c ****     /* Get the pool ptr */
 103:Middlewares/ST/usbx/common/core/src/ux_utility_memory_allocate.c ****     if (memory_cache_flag == UX_REGULAR_MEMORY)
  56              		.loc 1 103 5 view .LVU11
  57              		.loc 1 103 8 is_stmt 0 view .LVU12
  58 0006 91B9     		cbnz	r1, .L2
 104:Middlewares/ST/usbx/common/core/src/ux_utility_memory_allocate.c ****     {
 105:Middlewares/ST/usbx/common/core/src/ux_utility_memory_allocate.c ****         pool_ptr = _ux_system -> ux_system_memory_byte_pool[UX_MEMORY_BYTE_POOL_REGULAR];
  59              		.loc 1 105 9 is_stmt 1 view .LVU13
  60              		.loc 1 105 31 is_stmt 0 view .LVU14
  61 0008 3D4B     		ldr	r3, .L19
  62 000a 1B68     		ldr	r3, [r3]
  63              		.loc 1 105 18 view .LVU15
  64 000c 1C68     		ldr	r4, [r3]
  65              	.LVL1:
  66              	.L3:
 106:Middlewares/ST/usbx/common/core/src/ux_utility_memory_allocate.c ****     }
ARM GAS  C:\usertemp\cccHRw1e.s 			page 4


 107:Middlewares/ST/usbx/common/core/src/ux_utility_memory_allocate.c ****     else if (memory_cache_flag == UX_CACHE_SAFE_MEMORY)
 108:Middlewares/ST/usbx/common/core/src/ux_utility_memory_allocate.c ****     {
 109:Middlewares/ST/usbx/common/core/src/ux_utility_memory_allocate.c ****         pool_ptr = _ux_system -> ux_system_memory_byte_pool[UX_MEMORY_BYTE_POOL_CACHE_SAFE];
 110:Middlewares/ST/usbx/common/core/src/ux_utility_memory_allocate.c ****     }
 111:Middlewares/ST/usbx/common/core/src/ux_utility_memory_allocate.c ****     else
 112:Middlewares/ST/usbx/common/core/src/ux_utility_memory_allocate.c ****     {
 113:Middlewares/ST/usbx/common/core/src/ux_utility_memory_allocate.c ****         return(UX_NULL);
 114:Middlewares/ST/usbx/common/core/src/ux_utility_memory_allocate.c ****     }
 115:Middlewares/ST/usbx/common/core/src/ux_utility_memory_allocate.c **** 
 116:Middlewares/ST/usbx/common/core/src/ux_utility_memory_allocate.c ****     /* Check if pool_ptr is NX_NULL */
 117:Middlewares/ST/usbx/common/core/src/ux_utility_memory_allocate.c ****     if (pool_ptr == UX_NULL)
  67              		.loc 1 117 5 is_stmt 1 view .LVU16
  68              		.loc 1 117 8 is_stmt 0 view .LVU17
  69 000e 002C     		cmp	r4, #0
  70 0010 5BD0     		beq	.L1
 118:Middlewares/ST/usbx/common/core/src/ux_utility_memory_allocate.c ****     {
 119:Middlewares/ST/usbx/common/core/src/ux_utility_memory_allocate.c ****         return(UX_NULL);
 120:Middlewares/ST/usbx/common/core/src/ux_utility_memory_allocate.c ****     }
 121:Middlewares/ST/usbx/common/core/src/ux_utility_memory_allocate.c **** 
 122:Middlewares/ST/usbx/common/core/src/ux_utility_memory_allocate.c ****     /* Check if the memory size requested is 0.  */
 123:Middlewares/ST/usbx/common/core/src/ux_utility_memory_allocate.c ****     if (memory_size_requested == 0)
  71              		.loc 1 123 5 is_stmt 1 view .LVU18
  72              		.loc 1 123 8 is_stmt 0 view .LVU19
  73 0012 002D     		cmp	r5, #0
  74 0014 72D0     		beq	.L13
 124:Middlewares/ST/usbx/common/core/src/ux_utility_memory_allocate.c ****     {
 125:Middlewares/ST/usbx/common/core/src/ux_utility_memory_allocate.c ****         return(UX_NULL);
 126:Middlewares/ST/usbx/common/core/src/ux_utility_memory_allocate.c ****     }
 127:Middlewares/ST/usbx/common/core/src/ux_utility_memory_allocate.c **** 
 128:Middlewares/ST/usbx/common/core/src/ux_utility_memory_allocate.c ****     /* Get the mutex as this is a critical section.  */
 129:Middlewares/ST/usbx/common/core/src/ux_utility_memory_allocate.c ****     _ux_system_mutex_on(&_ux_system -> ux_system_mutex);
  75              		.loc 1 129 5 is_stmt 1 view .LVU20
  76              		.loc 1 129 37 is_stmt 0 view .LVU21
  77 0016 3A4B     		ldr	r3, .L19
  78 0018 1868     		ldr	r0, [r3]
  79              	.LVL2:
  80              		.loc 1 129 5 view .LVU22
  81 001a 0C30     		adds	r0, r0, #12
  82 001c FFF7FEFF 		bl	_ux_utility_mutex_on
  83              	.LVL3:
 130:Middlewares/ST/usbx/common/core/src/ux_utility_memory_allocate.c **** 
 131:Middlewares/ST/usbx/common/core/src/ux_utility_memory_allocate.c **** #ifdef UX_ENFORCE_SAFE_ALIGNMENT
 132:Middlewares/ST/usbx/common/core/src/ux_utility_memory_allocate.c **** 
 133:Middlewares/ST/usbx/common/core/src/ux_utility_memory_allocate.c ****     /* Check if safe alignment requested, in this case switch to UX_NO_ALIGN.  */
 134:Middlewares/ST/usbx/common/core/src/ux_utility_memory_allocate.c ****     if (memory_alignment == UX_SAFE_ALIGN)
 135:Middlewares/ST/usbx/common/core/src/ux_utility_memory_allocate.c ****     {
 136:Middlewares/ST/usbx/common/core/src/ux_utility_memory_allocate.c **** 
 137:Middlewares/ST/usbx/common/core/src/ux_utility_memory_allocate.c ****         /* We will use the memory_size_requested for the alignment.
 138:Middlewares/ST/usbx/common/core/src/ux_utility_memory_allocate.c ****            But we check to see if we have a minimum or maximum alignment.  */
 139:Middlewares/ST/usbx/common/core/src/ux_utility_memory_allocate.c ****         if (memory_size_requested < UX_ALIGN_MIN)
 140:Middlewares/ST/usbx/common/core/src/ux_utility_memory_allocate.c **** 
 141:Middlewares/ST/usbx/common/core/src/ux_utility_memory_allocate.c ****             /* No need to bother about alignment for small packets sizes.  */
 142:Middlewares/ST/usbx/common/core/src/ux_utility_memory_allocate.c ****             memory_alignment = UX_NO_ALIGN;
 143:Middlewares/ST/usbx/common/core/src/ux_utility_memory_allocate.c **** 
 144:Middlewares/ST/usbx/common/core/src/ux_utility_memory_allocate.c ****         /* Check if we are over the maximum.  */
 145:Middlewares/ST/usbx/common/core/src/ux_utility_memory_allocate.c ****         else if (memory_size_requested > UX_MAX_SCATTER_GATHER_ALIGNMENT)
 146:Middlewares/ST/usbx/common/core/src/ux_utility_memory_allocate.c **** 
ARM GAS  C:\usertemp\cccHRw1e.s 			page 5


 147:Middlewares/ST/usbx/common/core/src/ux_utility_memory_allocate.c ****             /* We are over the max alignment required. Use the maximum instead.  */
 148:Middlewares/ST/usbx/common/core/src/ux_utility_memory_allocate.c ****             memory_alignment = UX_MAX_SCATTER_GATHER_ALIGNMENT - 1;
 149:Middlewares/ST/usbx/common/core/src/ux_utility_memory_allocate.c **** 
 150:Middlewares/ST/usbx/common/core/src/ux_utility_memory_allocate.c ****         /* We are not over the maximum, so approximate the alignment according to the size of the m
 151:Middlewares/ST/usbx/common/core/src/ux_utility_memory_allocate.c ****             Check range for alignment on 4096 bytes.  */
 152:Middlewares/ST/usbx/common/core/src/ux_utility_memory_allocate.c ****         else if (memory_size_requested >= UX_ALIGN_2048 + 1)
 153:Middlewares/ST/usbx/common/core/src/ux_utility_memory_allocate.c ****             memory_alignment = UX_ALIGN_4096;
 154:Middlewares/ST/usbx/common/core/src/ux_utility_memory_allocate.c **** 
 155:Middlewares/ST/usbx/common/core/src/ux_utility_memory_allocate.c ****         /* Check range for alignment on 2048 bytes.  */
 156:Middlewares/ST/usbx/common/core/src/ux_utility_memory_allocate.c ****         else if (memory_size_requested >= UX_ALIGN_1024 + 1)
 157:Middlewares/ST/usbx/common/core/src/ux_utility_memory_allocate.c ****             memory_alignment = UX_ALIGN_2048;
 158:Middlewares/ST/usbx/common/core/src/ux_utility_memory_allocate.c **** 
 159:Middlewares/ST/usbx/common/core/src/ux_utility_memory_allocate.c ****         /* Check range for alignment on 1024 bytes.  */
 160:Middlewares/ST/usbx/common/core/src/ux_utility_memory_allocate.c ****         else if (memory_size_requested >= UX_ALIGN_512 + 1)
 161:Middlewares/ST/usbx/common/core/src/ux_utility_memory_allocate.c ****             memory_alignment = UX_ALIGN_1024;
 162:Middlewares/ST/usbx/common/core/src/ux_utility_memory_allocate.c **** 
 163:Middlewares/ST/usbx/common/core/src/ux_utility_memory_allocate.c ****         /* Check range for alignment on 512 bytes.  */
 164:Middlewares/ST/usbx/common/core/src/ux_utility_memory_allocate.c ****         else if (memory_size_requested >= UX_ALIGN_256 + 1)
 165:Middlewares/ST/usbx/common/core/src/ux_utility_memory_allocate.c ****             memory_alignment = UX_ALIGN_512;
 166:Middlewares/ST/usbx/common/core/src/ux_utility_memory_allocate.c **** 
 167:Middlewares/ST/usbx/common/core/src/ux_utility_memory_allocate.c ****         /* Check range for alignment on 256 bytes.  */
 168:Middlewares/ST/usbx/common/core/src/ux_utility_memory_allocate.c ****         else if (memory_size_requested >= UX_ALIGN_128 + 1)
 169:Middlewares/ST/usbx/common/core/src/ux_utility_memory_allocate.c ****             memory_alignment = UX_ALIGN_256;
 170:Middlewares/ST/usbx/common/core/src/ux_utility_memory_allocate.c **** 
 171:Middlewares/ST/usbx/common/core/src/ux_utility_memory_allocate.c ****         /* Check range for alignment on 128 bytes.  */
 172:Middlewares/ST/usbx/common/core/src/ux_utility_memory_allocate.c ****         else if (memory_size_requested >= UX_ALIGN_64 + 1)
 173:Middlewares/ST/usbx/common/core/src/ux_utility_memory_allocate.c ****             memory_alignment = UX_ALIGN_128;
 174:Middlewares/ST/usbx/common/core/src/ux_utility_memory_allocate.c **** 
 175:Middlewares/ST/usbx/common/core/src/ux_utility_memory_allocate.c ****         /* Check range for alignment on 64 bytes.  */
 176:Middlewares/ST/usbx/common/core/src/ux_utility_memory_allocate.c ****         else if (memory_size_requested >= UX_ALIGN_32 + 1)
 177:Middlewares/ST/usbx/common/core/src/ux_utility_memory_allocate.c ****             memory_alignment = UX_ALIGN_64;
 178:Middlewares/ST/usbx/common/core/src/ux_utility_memory_allocate.c **** 
 179:Middlewares/ST/usbx/common/core/src/ux_utility_memory_allocate.c ****         /* Check range for alignment on 32 bytes.  */
 180:Middlewares/ST/usbx/common/core/src/ux_utility_memory_allocate.c ****         else if (memory_size_requested >= UX_ALIGN_16 + 1)
 181:Middlewares/ST/usbx/common/core/src/ux_utility_memory_allocate.c ****             memory_alignment = UX_ALIGN_32;
 182:Middlewares/ST/usbx/common/core/src/ux_utility_memory_allocate.c **** 
 183:Middlewares/ST/usbx/common/core/src/ux_utility_memory_allocate.c ****         /* Check range for alignment on 16 bytes.  */
 184:Middlewares/ST/usbx/common/core/src/ux_utility_memory_allocate.c ****         else if (memory_size_requested >= UX_ALIGN_8 + 1)
 185:Middlewares/ST/usbx/common/core/src/ux_utility_memory_allocate.c ****             memory_alignment = UX_ALIGN_16;
 186:Middlewares/ST/usbx/common/core/src/ux_utility_memory_allocate.c **** 
 187:Middlewares/ST/usbx/common/core/src/ux_utility_memory_allocate.c ****         else
 188:Middlewares/ST/usbx/common/core/src/ux_utility_memory_allocate.c ****             memory_alignment = UX_ALIGN_MIN;
 189:Middlewares/ST/usbx/common/core/src/ux_utility_memory_allocate.c ****     }
 190:Middlewares/ST/usbx/common/core/src/ux_utility_memory_allocate.c **** 
 191:Middlewares/ST/usbx/common/core/src/ux_utility_memory_allocate.c **** #else
 192:Middlewares/ST/usbx/common/core/src/ux_utility_memory_allocate.c **** 
 193:Middlewares/ST/usbx/common/core/src/ux_utility_memory_allocate.c ****     /* Check if safe alignment requested, in this case switch to UX_NO_ALIGN.  */
 194:Middlewares/ST/usbx/common/core/src/ux_utility_memory_allocate.c ****     if (memory_alignment == UX_SAFE_ALIGN)
  84              		.loc 1 194 5 is_stmt 1 view .LVU23
  85              		.loc 1 194 8 is_stmt 0 view .LVU24
  86 0020 B7F1FF3F 		cmp	r7, #-1
  87 0024 09D0     		beq	.L14
 195:Middlewares/ST/usbx/common/core/src/ux_utility_memory_allocate.c ****         memory_alignment = UX_NO_ALIGN;
 196:Middlewares/ST/usbx/common/core/src/ux_utility_memory_allocate.c **** 
 197:Middlewares/ST/usbx/common/core/src/ux_utility_memory_allocate.c **** #endif
 198:Middlewares/ST/usbx/common/core/src/ux_utility_memory_allocate.c **** 
 199:Middlewares/ST/usbx/common/core/src/ux_utility_memory_allocate.c ****     /* Ensure the alignment meats the minimum.  */
ARM GAS  C:\usertemp\cccHRw1e.s 			page 6


 200:Middlewares/ST/usbx/common/core/src/ux_utility_memory_allocate.c ****     if (memory_alignment < UX_ALIGN_MIN)
  88              		.loc 1 200 5 is_stmt 1 view .LVU25
  89              		.loc 1 200 8 is_stmt 0 view .LVU26
  90 0026 062F     		cmp	r7, #6
  91 0028 08D8     		bhi	.L5
 201:Middlewares/ST/usbx/common/core/src/ux_utility_memory_allocate.c ****         memory_alignment =  UX_ALIGN_MIN;
  92              		.loc 1 201 26 view .LVU27
  93 002a 0727     		movs	r7, #7
  94              	.LVL4:
  95              		.loc 1 201 26 view .LVU28
  96 002c 06E0     		b	.L5
  97              	.LVL5:
  98              	.L2:
 107:Middlewares/ST/usbx/common/core/src/ux_utility_memory_allocate.c ****     {
  99              		.loc 1 107 10 is_stmt 1 view .LVU29
 107:Middlewares/ST/usbx/common/core/src/ux_utility_memory_allocate.c ****     {
 100              		.loc 1 107 13 is_stmt 0 view .LVU30
 101 002e 0129     		cmp	r1, #1
 102 0030 62D1     		bne	.L12
 109:Middlewares/ST/usbx/common/core/src/ux_utility_memory_allocate.c ****     }
 103              		.loc 1 109 9 is_stmt 1 view .LVU31
 109:Middlewares/ST/usbx/common/core/src/ux_utility_memory_allocate.c ****     }
 104              		.loc 1 109 31 is_stmt 0 view .LVU32
 105 0032 334B     		ldr	r3, .L19
 106 0034 1B68     		ldr	r3, [r3]
 109:Middlewares/ST/usbx/common/core/src/ux_utility_memory_allocate.c ****     }
 107              		.loc 1 109 18 view .LVU33
 108 0036 5C68     		ldr	r4, [r3, #4]
 109              	.LVL6:
 109:Middlewares/ST/usbx/common/core/src/ux_utility_memory_allocate.c ****     }
 110              		.loc 1 109 18 view .LVU34
 111 0038 E9E7     		b	.L3
 112              	.LVL7:
 113              	.L14:
 114              		.loc 1 201 26 view .LVU35
 115 003a 0727     		movs	r7, #7
 116              	.LVL8:
 117              	.L5:
 202:Middlewares/ST/usbx/common/core/src/ux_utility_memory_allocate.c **** 
 203:Middlewares/ST/usbx/common/core/src/ux_utility_memory_allocate.c ****     /* We need to make sure that the next memory block buffer is 8-byte aligned too. We
 204:Middlewares/ST/usbx/common/core/src/ux_utility_memory_allocate.c ****        do this by first adjusting the requested memory to be 8-byte aligned. One problem
 205:Middlewares/ST/usbx/common/core/src/ux_utility_memory_allocate.c ****        now is that the memory block might not be a size that is a multiple of 8, so we need
 206:Middlewares/ST/usbx/common/core/src/ux_utility_memory_allocate.c ****        to add the amount of memory required such that the memory buffer after the block has
 207:Middlewares/ST/usbx/common/core/src/ux_utility_memory_allocate.c ****        the correct alignment. For example, if the memory block has a size of 12, then we need
 208:Middlewares/ST/usbx/common/core/src/ux_utility_memory_allocate.c ****        to make sure it is placed on an 8-byte alignment that is after a 8-byte alignment so
 209:Middlewares/ST/usbx/common/core/src/ux_utility_memory_allocate.c ****        that the memory right after the memory block is 8-byte aligned (16).  */
 210:Middlewares/ST/usbx/common/core/src/ux_utility_memory_allocate.c ****     memory_size_requested =  (memory_size_requested + UX_ALIGN_MIN) & (~(ULONG)UX_ALIGN_MIN);
 118              		.loc 1 210 5 is_stmt 1 view .LVU36
 119              		.loc 1 210 53 is_stmt 0 view .LVU37
 120 003c 0735     		adds	r5, r5, #7
 121              	.LVL9:
 122              		.loc 1 210 27 view .LVU38
 123 003e 25F00706 		bic	r6, r5, #7
 124              	.LVL10:
 211:Middlewares/ST/usbx/common/core/src/ux_utility_memory_allocate.c ****     memory_size_requested += (((ULONG)(UX_MEMORY_BLOCK_HEADER_SIZE + UX_ALIGN_MIN) & (~(ULONG)UX_AL
 125              		.loc 1 211 5 is_stmt 1 view .LVU39
 212:Middlewares/ST/usbx/common/core/src/ux_utility_memory_allocate.c **** 
ARM GAS  C:\usertemp\cccHRw1e.s 			page 7


 213:Middlewares/ST/usbx/common/core/src/ux_utility_memory_allocate.c ****     if (memory_alignment <= UX_ALIGN_MIN)
 126              		.loc 1 213 5 view .LVU40
 127              		.loc 1 213 8 is_stmt 0 view .LVU41
 128 0042 072F     		cmp	r7, #7
 129 0044 43D8     		bhi	.L6
 214:Middlewares/ST/usbx/common/core/src/ux_utility_memory_allocate.c ****         current_ptr = _ux_utility_memory_byte_pool_search(pool_ptr, memory_size_requested);
 130              		.loc 1 214 9 is_stmt 1 view .LVU42
 131              		.loc 1 214 23 is_stmt 0 view .LVU43
 132 0046 3146     		mov	r1, r6
 133 0048 2046     		mov	r0, r4
 134 004a FFF7FEFF 		bl	_ux_utility_memory_byte_pool_search
 135              	.LVL11:
 136 004e 0546     		mov	r5, r0
 137              	.LVL12:
 138              	.L7:
 215:Middlewares/ST/usbx/common/core/src/ux_utility_memory_allocate.c ****     else
 216:Middlewares/ST/usbx/common/core/src/ux_utility_memory_allocate.c ****         current_ptr = _ux_utility_memory_byte_pool_search(pool_ptr, memory_size_requested + memory_
 217:Middlewares/ST/usbx/common/core/src/ux_utility_memory_allocate.c **** 
 218:Middlewares/ST/usbx/common/core/src/ux_utility_memory_allocate.c ****     /* Check if we found a memory block.  */
 219:Middlewares/ST/usbx/common/core/src/ux_utility_memory_allocate.c ****     if (current_ptr == UX_NULL)
 139              		.loc 1 219 5 is_stmt 1 view .LVU44
 140              		.loc 1 219 8 is_stmt 0 view .LVU45
 141 0050 002D     		cmp	r5, #0
 142 0052 42D0     		beq	.L17
 220:Middlewares/ST/usbx/common/core/src/ux_utility_memory_allocate.c ****     {
 221:Middlewares/ST/usbx/common/core/src/ux_utility_memory_allocate.c **** 
 222:Middlewares/ST/usbx/common/core/src/ux_utility_memory_allocate.c ****         /* We could not find a memory block.  */
 223:Middlewares/ST/usbx/common/core/src/ux_utility_memory_allocate.c ****         _ux_system_mutex_off(&_ux_system -> ux_system_mutex);
 224:Middlewares/ST/usbx/common/core/src/ux_utility_memory_allocate.c **** 
 225:Middlewares/ST/usbx/common/core/src/ux_utility_memory_allocate.c ****         UX_TRACE_IN_LINE_INSERT(UX_TRACE_ERROR, UX_MEMORY_INSUFFICIENT, memory_size_requested, 0, 0
 226:Middlewares/ST/usbx/common/core/src/ux_utility_memory_allocate.c **** 
 227:Middlewares/ST/usbx/common/core/src/ux_utility_memory_allocate.c ****         /* Error trap. */
 228:Middlewares/ST/usbx/common/core/src/ux_utility_memory_allocate.c ****         _ux_system_error_handler(UX_SYSTEM_LEVEL_THREAD, UX_SYSTEM_CONTEXT_UTILITY, UX_MEMORY_INSUF
 229:Middlewares/ST/usbx/common/core/src/ux_utility_memory_allocate.c **** 
 230:Middlewares/ST/usbx/common/core/src/ux_utility_memory_allocate.c ****         return(UX_NULL);
 231:Middlewares/ST/usbx/common/core/src/ux_utility_memory_allocate.c ****     }
 232:Middlewares/ST/usbx/common/core/src/ux_utility_memory_allocate.c **** 
 233:Middlewares/ST/usbx/common/core/src/ux_utility_memory_allocate.c ****     /* Pickup the next block's pointer.  */
 234:Middlewares/ST/usbx/common/core/src/ux_utility_memory_allocate.c ****     this_block_link_ptr =  UX_UCHAR_TO_INDIRECT_UCHAR_POINTER_CONVERT(current_ptr);
 143              		.loc 1 234 5 is_stmt 1 view .LVU46
 144              	.LVL13:
 235:Middlewares/ST/usbx/common/core/src/ux_utility_memory_allocate.c ****     next_ptr =             *this_block_link_ptr;
 145              		.loc 1 235 5 view .LVU47
 146              		.loc 1 235 14 is_stmt 0 view .LVU48
 147 0054 2868     		ldr	r0, [r5]
 148              	.LVL14:
 236:Middlewares/ST/usbx/common/core/src/ux_utility_memory_allocate.c **** 
 237:Middlewares/ST/usbx/common/core/src/ux_utility_memory_allocate.c ****     /* Calculate the number of bytes available in this block.  */
 238:Middlewares/ST/usbx/common/core/src/ux_utility_memory_allocate.c ****     available_bytes =   UX_UCHAR_POINTER_DIF(next_ptr, current_ptr);
 149              		.loc 1 238 5 is_stmt 1 view .LVU49
 150              		.loc 1 238 25 is_stmt 0 view .LVU50
 151 0056 421B     		subs	r2, r0, r5
 152              	.LVL15:
 239:Middlewares/ST/usbx/common/core/src/ux_utility_memory_allocate.c ****     available_bytes =   available_bytes - UX_MEMORY_BLOCK_HEADER_SIZE;
 153              		.loc 1 239 5 is_stmt 1 view .LVU51
 154              		.loc 1 239 21 is_stmt 0 view .LVU52
 155 0058 083A     		subs	r2, r2, #8
ARM GAS  C:\usertemp\cccHRw1e.s 			page 8


 156              	.LVL16:
 240:Middlewares/ST/usbx/common/core/src/ux_utility_memory_allocate.c **** 
 241:Middlewares/ST/usbx/common/core/src/ux_utility_memory_allocate.c ****     /* Get the memory buffer for this block.  */
 242:Middlewares/ST/usbx/common/core/src/ux_utility_memory_allocate.c ****     int_memory_buffer = (ALIGN_TYPE) (UX_UCHAR_POINTER_ADD(current_ptr, UX_MEMORY_BLOCK_HEADER_SIZE
 157              		.loc 1 242 5 is_stmt 1 view .LVU53
 158              		.loc 1 242 39 is_stmt 0 view .LVU54
 159 005a 05F10803 		add	r3, r5, #8
 160              	.LVL17:
 243:Middlewares/ST/usbx/common/core/src/ux_utility_memory_allocate.c **** 
 244:Middlewares/ST/usbx/common/core/src/ux_utility_memory_allocate.c ****     /* In case we are not aligned  */
 245:Middlewares/ST/usbx/common/core/src/ux_utility_memory_allocate.c ****     if ((int_memory_buffer & memory_alignment) != 0)
 161              		.loc 1 245 5 is_stmt 1 view .LVU55
 162              		.loc 1 245 8 is_stmt 0 view .LVU56
 163 005e 1F42     		tst	r7, r3
 164 0060 11D0     		beq	.L9
 246:Middlewares/ST/usbx/common/core/src/ux_utility_memory_allocate.c ****     {
 247:Middlewares/ST/usbx/common/core/src/ux_utility_memory_allocate.c **** 
 248:Middlewares/ST/usbx/common/core/src/ux_utility_memory_allocate.c ****         /* No, we need to align the memory buffer.  */
 249:Middlewares/ST/usbx/common/core/src/ux_utility_memory_allocate.c ****         int_memory_buffer += (ALIGN_TYPE)UX_MEMORY_BLOCK_HEADER_SIZE;
 165              		.loc 1 249 9 is_stmt 1 view .LVU57
 166              		.loc 1 249 27 is_stmt 0 view .LVU58
 167 0062 05F11003 		add	r3, r5, #16
 168              	.LVL18:
 250:Middlewares/ST/usbx/common/core/src/ux_utility_memory_allocate.c ****         int_memory_buffer += memory_alignment;
 169              		.loc 1 250 9 is_stmt 1 view .LVU59
 170              		.loc 1 250 27 is_stmt 0 view .LVU60
 171 0066 3B44     		add	r3, r3, r7
 172              	.LVL19:
 251:Middlewares/ST/usbx/common/core/src/ux_utility_memory_allocate.c ****         int_memory_buffer &=  ~((ALIGN_TYPE) memory_alignment);
 173              		.loc 1 251 9 is_stmt 1 view .LVU61
 174              		.loc 1 251 27 is_stmt 0 view .LVU62
 175 0068 23EA0703 		bic	r3, r3, r7
 176              	.LVL20:
 252:Middlewares/ST/usbx/common/core/src/ux_utility_memory_allocate.c ****         int_memory_buffer -= (ALIGN_TYPE)UX_MEMORY_BLOCK_HEADER_SIZE;
 177              		.loc 1 252 9 is_stmt 1 view .LVU63
 178              		.loc 1 252 27 is_stmt 0 view .LVU64
 179 006c A3F10801 		sub	r1, r3, #8
 180              	.LVL21:
 253:Middlewares/ST/usbx/common/core/src/ux_utility_memory_allocate.c **** 
 254:Middlewares/ST/usbx/common/core/src/ux_utility_memory_allocate.c ****         /* Setup the new free block.  */
 255:Middlewares/ST/usbx/common/core/src/ux_utility_memory_allocate.c ****         next_ptr = (UCHAR *)int_memory_buffer;
 181              		.loc 1 255 9 is_stmt 1 view .LVU65
 256:Middlewares/ST/usbx/common/core/src/ux_utility_memory_allocate.c **** 
 257:Middlewares/ST/usbx/common/core/src/ux_utility_memory_allocate.c ****         /* Setup the new free block.  */
 258:Middlewares/ST/usbx/common/core/src/ux_utility_memory_allocate.c ****         next_block_link_ptr =   UX_UCHAR_TO_INDIRECT_UCHAR_POINTER_CONVERT(next_ptr);
 182              		.loc 1 258 9 view .LVU66
 259:Middlewares/ST/usbx/common/core/src/ux_utility_memory_allocate.c ****         *next_block_link_ptr =  *this_block_link_ptr;
 183              		.loc 1 259 9 view .LVU67
 184              		.loc 1 259 30 is_stmt 0 view .LVU68
 185 0070 43F8080C 		str	r0, [r3, #-8]
 260:Middlewares/ST/usbx/common/core/src/ux_utility_memory_allocate.c ****         work_ptr =              UX_UCHAR_POINTER_ADD(next_ptr, (sizeof(UCHAR *)));
 186              		.loc 1 260 9 is_stmt 1 view .LVU69
 187              	.LVL22:
 261:Middlewares/ST/usbx/common/core/src/ux_utility_memory_allocate.c ****         free_ptr =              UX_UCHAR_TO_ALIGN_TYPE_POINTER_CONVERT(work_ptr);
 188              		.loc 1 261 9 view .LVU70
 262:Middlewares/ST/usbx/common/core/src/ux_utility_memory_allocate.c ****         *free_ptr =             UX_BYTE_BLOCK_FREE;
 189              		.loc 1 262 9 view .LVU71
ARM GAS  C:\usertemp\cccHRw1e.s 			page 9


 190              		.loc 1 262 19 is_stmt 0 view .LVU72
 191 0074 234B     		ldr	r3, .L19+4
 192 0076 4B60     		str	r3, [r1, #4]
 263:Middlewares/ST/usbx/common/core/src/ux_utility_memory_allocate.c **** 
 264:Middlewares/ST/usbx/common/core/src/ux_utility_memory_allocate.c ****         /* Increase the total fragment counter.  */
 265:Middlewares/ST/usbx/common/core/src/ux_utility_memory_allocate.c ****         pool_ptr -> ux_byte_pool_fragments++;
 193              		.loc 1 265 9 is_stmt 1 view .LVU73
 194              		.loc 1 265 18 is_stmt 0 view .LVU74
 195 0078 6368     		ldr	r3, [r4, #4]
 196              		.loc 1 265 43 view .LVU75
 197 007a 0133     		adds	r3, r3, #1
 198 007c 6360     		str	r3, [r4, #4]
 266:Middlewares/ST/usbx/common/core/src/ux_utility_memory_allocate.c **** 
 267:Middlewares/ST/usbx/common/core/src/ux_utility_memory_allocate.c ****         /* Update the current pointer to point at the newly created block.  */
 268:Middlewares/ST/usbx/common/core/src/ux_utility_memory_allocate.c ****         *this_block_link_ptr =  next_ptr;
 199              		.loc 1 268 9 is_stmt 1 view .LVU76
 200              		.loc 1 268 30 is_stmt 0 view .LVU77
 201 007e 2960     		str	r1, [r5]
 269:Middlewares/ST/usbx/common/core/src/ux_utility_memory_allocate.c **** 
 270:Middlewares/ST/usbx/common/core/src/ux_utility_memory_allocate.c ****         /* Calculate the available bytes.  */
 271:Middlewares/ST/usbx/common/core/src/ux_utility_memory_allocate.c ****         available_bytes -=  UX_UCHAR_POINTER_DIF(next_ptr, current_ptr);
 202              		.loc 1 271 9 is_stmt 1 view .LVU78
 203              		.loc 1 271 29 is_stmt 0 view .LVU79
 204 0080 4D1B     		subs	r5, r1, r5
 205              	.LVL23:
 206              		.loc 1 271 25 view .LVU80
 207 0082 521B     		subs	r2, r2, r5
 208              	.LVL24:
 272:Middlewares/ST/usbx/common/core/src/ux_utility_memory_allocate.c **** 
 273:Middlewares/ST/usbx/common/core/src/ux_utility_memory_allocate.c ****         /* Set Current pointer to the aligned memory buffer.  */
 274:Middlewares/ST/usbx/common/core/src/ux_utility_memory_allocate.c ****         current_ptr = next_ptr;
 209              		.loc 1 274 9 is_stmt 1 view .LVU81
 210              		.loc 1 274 21 is_stmt 0 view .LVU82
 211 0084 0D46     		mov	r5, r1
 212              	.LVL25:
 213              	.L9:
 275:Middlewares/ST/usbx/common/core/src/ux_utility_memory_allocate.c ****     }
 276:Middlewares/ST/usbx/common/core/src/ux_utility_memory_allocate.c **** 
 277:Middlewares/ST/usbx/common/core/src/ux_utility_memory_allocate.c ****     /* Now we are aligned, determine if we need to split this block.  */
 278:Middlewares/ST/usbx/common/core/src/ux_utility_memory_allocate.c ****     if ((available_bytes - memory_size_requested) >= ((ULONG) UX_BYTE_BLOCK_MIN))
 214              		.loc 1 278 5 is_stmt 1 view .LVU83
 215              		.loc 1 278 26 is_stmt 0 view .LVU84
 216 0086 931B     		subs	r3, r2, r6
 217              		.loc 1 278 8 view .LVU85
 218 0088 132B     		cmp	r3, #19
 219 008a 0BD9     		bls	.L10
 279:Middlewares/ST/usbx/common/core/src/ux_utility_memory_allocate.c ****     {
 280:Middlewares/ST/usbx/common/core/src/ux_utility_memory_allocate.c **** 
 281:Middlewares/ST/usbx/common/core/src/ux_utility_memory_allocate.c ****         /* Split the block.  */
 282:Middlewares/ST/usbx/common/core/src/ux_utility_memory_allocate.c ****         next_ptr =  UX_UCHAR_POINTER_ADD(current_ptr, (memory_size_requested + UX_MEMORY_BLOCK_HEAD
 220              		.loc 1 282 9 is_stmt 1 view .LVU86
 221              		.loc 1 282 21 is_stmt 0 view .LVU87
 222 008c 06F10803 		add	r3, r6, #8
 223              		.loc 1 282 18 view .LVU88
 224 0090 EA18     		adds	r2, r5, r3
 225              	.LVL26:
 283:Middlewares/ST/usbx/common/core/src/ux_utility_memory_allocate.c **** 
ARM GAS  C:\usertemp\cccHRw1e.s 			page 10


 284:Middlewares/ST/usbx/common/core/src/ux_utility_memory_allocate.c ****         /* Setup the new free block.  */
 285:Middlewares/ST/usbx/common/core/src/ux_utility_memory_allocate.c ****         next_block_link_ptr =   UX_UCHAR_TO_INDIRECT_UCHAR_POINTER_CONVERT(next_ptr);
 226              		.loc 1 285 9 is_stmt 1 view .LVU89
 286:Middlewares/ST/usbx/common/core/src/ux_utility_memory_allocate.c ****         this_block_link_ptr =   UX_UCHAR_TO_INDIRECT_UCHAR_POINTER_CONVERT(current_ptr);
 227              		.loc 1 286 9 view .LVU90
 287:Middlewares/ST/usbx/common/core/src/ux_utility_memory_allocate.c ****         *next_block_link_ptr =  *this_block_link_ptr;
 228              		.loc 1 287 9 view .LVU91
 229              		.loc 1 287 33 is_stmt 0 view .LVU92
 230 0092 2968     		ldr	r1, [r5]
 231              		.loc 1 287 30 view .LVU93
 232 0094 E950     		str	r1, [r5, r3]
 288:Middlewares/ST/usbx/common/core/src/ux_utility_memory_allocate.c ****         work_ptr =              UX_UCHAR_POINTER_ADD(next_ptr, (sizeof(UCHAR *)));
 233              		.loc 1 288 9 is_stmt 1 view .LVU94
 234              	.LVL27:
 289:Middlewares/ST/usbx/common/core/src/ux_utility_memory_allocate.c ****         free_ptr =              UX_UCHAR_TO_ALIGN_TYPE_POINTER_CONVERT(work_ptr);
 235              		.loc 1 289 9 view .LVU95
 290:Middlewares/ST/usbx/common/core/src/ux_utility_memory_allocate.c ****         *free_ptr =             UX_BYTE_BLOCK_FREE;
 236              		.loc 1 290 9 view .LVU96
 237              		.loc 1 290 19 is_stmt 0 view .LVU97
 238 0096 1B4B     		ldr	r3, .L19+4
 239 0098 5360     		str	r3, [r2, #4]
 291:Middlewares/ST/usbx/common/core/src/ux_utility_memory_allocate.c **** 
 292:Middlewares/ST/usbx/common/core/src/ux_utility_memory_allocate.c ****         /* Increase the total fragment counter.  */
 293:Middlewares/ST/usbx/common/core/src/ux_utility_memory_allocate.c ****         pool_ptr -> ux_byte_pool_fragments++;
 240              		.loc 1 293 9 is_stmt 1 view .LVU98
 241              		.loc 1 293 18 is_stmt 0 view .LVU99
 242 009a 6368     		ldr	r3, [r4, #4]
 243              		.loc 1 293 43 view .LVU100
 244 009c 0133     		adds	r3, r3, #1
 245 009e 6360     		str	r3, [r4, #4]
 294:Middlewares/ST/usbx/common/core/src/ux_utility_memory_allocate.c **** 
 295:Middlewares/ST/usbx/common/core/src/ux_utility_memory_allocate.c ****         /* Update the current pointer to point at the newly created block.  */
 296:Middlewares/ST/usbx/common/core/src/ux_utility_memory_allocate.c ****         *this_block_link_ptr =  next_ptr;
 246              		.loc 1 296 9 is_stmt 1 view .LVU101
 247              		.loc 1 296 30 is_stmt 0 view .LVU102
 248 00a0 2A60     		str	r2, [r5]
 297:Middlewares/ST/usbx/common/core/src/ux_utility_memory_allocate.c **** 
 298:Middlewares/ST/usbx/common/core/src/ux_utility_memory_allocate.c ****         /* Set available equal to memory size for subsequent calculation.  */
 299:Middlewares/ST/usbx/common/core/src/ux_utility_memory_allocate.c ****         available_bytes =  memory_size_requested;
 249              		.loc 1 299 9 is_stmt 1 view .LVU103
 250              	.LVL28:
 251              		.loc 1 299 25 is_stmt 0 view .LVU104
 252 00a2 3246     		mov	r2, r6
 253              	.LVL29:
 254              	.L10:
 300:Middlewares/ST/usbx/common/core/src/ux_utility_memory_allocate.c ****     }
 301:Middlewares/ST/usbx/common/core/src/ux_utility_memory_allocate.c **** 
 302:Middlewares/ST/usbx/common/core/src/ux_utility_memory_allocate.c ****     /* In any case, mark the current block as allocated.  */
 303:Middlewares/ST/usbx/common/core/src/ux_utility_memory_allocate.c ****     work_ptr =              UX_UCHAR_POINTER_ADD(current_ptr, (sizeof(UCHAR *)));
 255              		.loc 1 303 5 is_stmt 1 view .LVU105
 304:Middlewares/ST/usbx/common/core/src/ux_utility_memory_allocate.c ****     this_block_link_ptr =   UX_UCHAR_TO_INDIRECT_UCHAR_POINTER_CONVERT(work_ptr);
 256              		.loc 1 304 5 view .LVU106
 305:Middlewares/ST/usbx/common/core/src/ux_utility_memory_allocate.c ****     *this_block_link_ptr =  UX_BYTE_POOL_TO_UCHAR_POINTER_CONVERT(pool_ptr);
 257              		.loc 1 305 5 view .LVU107
 258              		.loc 1 305 26 is_stmt 0 view .LVU108
 259 00a4 6C60     		str	r4, [r5, #4]
 306:Middlewares/ST/usbx/common/core/src/ux_utility_memory_allocate.c **** 
ARM GAS  C:\usertemp\cccHRw1e.s 			page 11


 307:Middlewares/ST/usbx/common/core/src/ux_utility_memory_allocate.c ****     /* Reduce the number of available bytes in the pool.  */
 308:Middlewares/ST/usbx/common/core/src/ux_utility_memory_allocate.c ****     pool_ptr -> ux_byte_pool_available =  pool_ptr -> ux_byte_pool_available - (available_bytes + U
 260              		.loc 1 308 5 is_stmt 1 view .LVU109
 261              		.loc 1 308 52 is_stmt 0 view .LVU110
 262 00a6 2368     		ldr	r3, [r4]
 263              		.loc 1 308 78 view .LVU111
 264 00a8 9B1A     		subs	r3, r3, r2
 265 00aa 083B     		subs	r3, r3, #8
 266              		.loc 1 308 40 view .LVU112
 267 00ac 2360     		str	r3, [r4]
 309:Middlewares/ST/usbx/common/core/src/ux_utility_memory_allocate.c **** 
 310:Middlewares/ST/usbx/common/core/src/ux_utility_memory_allocate.c ****     /* Determine if the search pointer needs to be updated. This is only done
 311:Middlewares/ST/usbx/common/core/src/ux_utility_memory_allocate.c ****         if the search pointer matches the block to be returned.  */
 312:Middlewares/ST/usbx/common/core/src/ux_utility_memory_allocate.c ****     if (current_ptr == pool_ptr -> ux_byte_pool_search)
 268              		.loc 1 312 5 is_stmt 1 view .LVU113
 269              		.loc 1 312 33 is_stmt 0 view .LVU114
 270 00ae A368     		ldr	r3, [r4, #8]
 271              		.loc 1 312 8 view .LVU115
 272 00b0 AB42     		cmp	r3, r5
 273 00b2 1ED0     		beq	.L18
 274              	.LVL30:
 275              	.L11:
 313:Middlewares/ST/usbx/common/core/src/ux_utility_memory_allocate.c ****     {
 314:Middlewares/ST/usbx/common/core/src/ux_utility_memory_allocate.c **** 
 315:Middlewares/ST/usbx/common/core/src/ux_utility_memory_allocate.c ****         /* Yes, update the search pointer to the next block.  */
 316:Middlewares/ST/usbx/common/core/src/ux_utility_memory_allocate.c ****         this_block_link_ptr =   UX_UCHAR_TO_INDIRECT_UCHAR_POINTER_CONVERT(current_ptr);
 317:Middlewares/ST/usbx/common/core/src/ux_utility_memory_allocate.c ****         pool_ptr -> ux_byte_pool_search =  *this_block_link_ptr;
 318:Middlewares/ST/usbx/common/core/src/ux_utility_memory_allocate.c ****     }
 319:Middlewares/ST/usbx/common/core/src/ux_utility_memory_allocate.c **** 
 320:Middlewares/ST/usbx/common/core/src/ux_utility_memory_allocate.c ****     /* Adjust the pointer for the application.  */
 321:Middlewares/ST/usbx/common/core/src/ux_utility_memory_allocate.c ****     work_ptr =  UX_UCHAR_POINTER_ADD(current_ptr, UX_MEMORY_BLOCK_HEADER_SIZE);
 276              		.loc 1 321 5 is_stmt 1 view .LVU116
 277              		.loc 1 321 14 is_stmt 0 view .LVU117
 278 00b4 05F10804 		add	r4, r5, #8
 279              	.LVL31:
 322:Middlewares/ST/usbx/common/core/src/ux_utility_memory_allocate.c **** 
 323:Middlewares/ST/usbx/common/core/src/ux_utility_memory_allocate.c ****     /* Clear the memory block.  */
 324:Middlewares/ST/usbx/common/core/src/ux_utility_memory_allocate.c ****     _ux_utility_memory_set(work_ptr, 0, available_bytes); /* Use case of memset is verified. */
 280              		.loc 1 324 5 is_stmt 1 view .LVU118
 281 00b8 0021     		movs	r1, #0
 282 00ba 2046     		mov	r0, r4
 283 00bc FFF7FEFF 		bl	_ux_utility_memory_set
 284              	.LVL32:
 325:Middlewares/ST/usbx/common/core/src/ux_utility_memory_allocate.c **** 
 326:Middlewares/ST/usbx/common/core/src/ux_utility_memory_allocate.c **** #ifdef UX_ENABLE_MEMORY_STATISTICS
 327:Middlewares/ST/usbx/common/core/src/ux_utility_memory_allocate.c **** 
 328:Middlewares/ST/usbx/common/core/src/ux_utility_memory_allocate.c ****     /* Update allocate count, total size.  */
 329:Middlewares/ST/usbx/common/core/src/ux_utility_memory_allocate.c ****     if (memory_cache_flag == UX_REGULAR_MEMORY)
 330:Middlewares/ST/usbx/common/core/src/ux_utility_memory_allocate.c ****         index = UX_MEMORY_BYTE_POOL_REGULAR;
 331:Middlewares/ST/usbx/common/core/src/ux_utility_memory_allocate.c ****     else
 332:Middlewares/ST/usbx/common/core/src/ux_utility_memory_allocate.c ****         index = UX_MEMORY_BYTE_POOL_CACHE_SAFE;
 333:Middlewares/ST/usbx/common/core/src/ux_utility_memory_allocate.c **** 
 334:Middlewares/ST/usbx/common/core/src/ux_utility_memory_allocate.c ****     /* Update allocate count, total size.  */
 335:Middlewares/ST/usbx/common/core/src/ux_utility_memory_allocate.c ****     _ux_system -> ux_system_memory_byte_pool[index] -> ux_byte_pool_alloc_count ++;
 336:Middlewares/ST/usbx/common/core/src/ux_utility_memory_allocate.c ****     _ux_system -> ux_system_memory_byte_pool[index] -> ux_byte_pool_alloc_total += (available_bytes
 337:Middlewares/ST/usbx/common/core/src/ux_utility_memory_allocate.c **** 
 338:Middlewares/ST/usbx/common/core/src/ux_utility_memory_allocate.c ****     if (_ux_system -> ux_system_memory_byte_pool[index] -> ux_byte_pool_alloc_max_count < _ux_syste
ARM GAS  C:\usertemp\cccHRw1e.s 			page 12


 339:Middlewares/ST/usbx/common/core/src/ux_utility_memory_allocate.c ****         _ux_system -> ux_system_memory_byte_pool[index] -> ux_byte_pool_alloc_max_count = _ux_syste
 340:Middlewares/ST/usbx/common/core/src/ux_utility_memory_allocate.c **** 
 341:Middlewares/ST/usbx/common/core/src/ux_utility_memory_allocate.c ****     if (_ux_system -> ux_system_memory_byte_pool[index] -> ux_byte_pool_alloc_max_total < _ux_syste
 342:Middlewares/ST/usbx/common/core/src/ux_utility_memory_allocate.c ****         _ux_system -> ux_system_memory_byte_pool[index] -> ux_byte_pool_alloc_max_total = _ux_syste
 343:Middlewares/ST/usbx/common/core/src/ux_utility_memory_allocate.c **** 
 344:Middlewares/ST/usbx/common/core/src/ux_utility_memory_allocate.c ****     /* Log max usage of memory pool.  */
 345:Middlewares/ST/usbx/common/core/src/ux_utility_memory_allocate.c ****     if (_ux_system -> ux_system_memory_byte_pool[index] -> ux_byte_pool_min_free > _ux_system -> ux
 346:Middlewares/ST/usbx/common/core/src/ux_utility_memory_allocate.c ****         _ux_system -> ux_system_memory_byte_pool[index] -> ux_byte_pool_min_free = _ux_system -> ux
 347:Middlewares/ST/usbx/common/core/src/ux_utility_memory_allocate.c **** #endif
 348:Middlewares/ST/usbx/common/core/src/ux_utility_memory_allocate.c **** 
 349:Middlewares/ST/usbx/common/core/src/ux_utility_memory_allocate.c ****     /* Release the protection.  */
 350:Middlewares/ST/usbx/common/core/src/ux_utility_memory_allocate.c ****     _ux_system_mutex_off(&_ux_system -> ux_system_mutex);
 285              		.loc 1 350 5 view .LVU119
 286              		.loc 1 350 38 is_stmt 0 view .LVU120
 287 00c0 0F4B     		ldr	r3, .L19
 288 00c2 1868     		ldr	r0, [r3]
 289              		.loc 1 350 5 view .LVU121
 290 00c4 0C30     		adds	r0, r0, #12
 291 00c6 FFF7FEFF 		bl	_ux_utility_mutex_off
 292              	.LVL33:
 351:Middlewares/ST/usbx/common/core/src/ux_utility_memory_allocate.c **** 
 352:Middlewares/ST/usbx/common/core/src/ux_utility_memory_allocate.c ****     return(work_ptr);
 293              		.loc 1 352 5 is_stmt 1 view .LVU122
 294              	.L1:
 353:Middlewares/ST/usbx/common/core/src/ux_utility_memory_allocate.c **** }
 295              		.loc 1 353 1 is_stmt 0 view .LVU123
 296 00ca 2046     		mov	r0, r4
 297 00cc F8BD     		pop	{r3, r4, r5, r6, r7, pc}
 298              	.LVL34:
 299              	.L6:
 216:Middlewares/ST/usbx/common/core/src/ux_utility_memory_allocate.c **** 
 300              		.loc 1 216 9 is_stmt 1 view .LVU124
 216:Middlewares/ST/usbx/common/core/src/ux_utility_memory_allocate.c **** 
 301              		.loc 1 216 23 is_stmt 0 view .LVU125
 302 00ce B919     		adds	r1, r7, r6
 303 00d0 2046     		mov	r0, r4
 304 00d2 FFF7FEFF 		bl	_ux_utility_memory_byte_pool_search
 305              	.LVL35:
 306 00d6 0546     		mov	r5, r0
 307              	.LVL36:
 216:Middlewares/ST/usbx/common/core/src/ux_utility_memory_allocate.c **** 
 308              		.loc 1 216 23 view .LVU126
 309 00d8 BAE7     		b	.L7
 310              	.L17:
 223:Middlewares/ST/usbx/common/core/src/ux_utility_memory_allocate.c **** 
 311              		.loc 1 223 9 is_stmt 1 view .LVU127
 223:Middlewares/ST/usbx/common/core/src/ux_utility_memory_allocate.c **** 
 312              		.loc 1 223 42 is_stmt 0 view .LVU128
 313 00da 094B     		ldr	r3, .L19
 314 00dc 1868     		ldr	r0, [r3]
 315              	.LVL37:
 223:Middlewares/ST/usbx/common/core/src/ux_utility_memory_allocate.c **** 
 316              		.loc 1 223 9 view .LVU129
 317 00de 0C30     		adds	r0, r0, #12
 318 00e0 FFF7FEFF 		bl	_ux_utility_mutex_off
 319              	.LVL38:
 228:Middlewares/ST/usbx/common/core/src/ux_utility_memory_allocate.c **** 
ARM GAS  C:\usertemp\cccHRw1e.s 			page 13


 320              		.loc 1 228 9 is_stmt 1 view .LVU130
 321 00e4 1222     		movs	r2, #18
 322 00e6 0821     		movs	r1, #8
 323 00e8 0220     		movs	r0, #2
 324 00ea FFF7FEFF 		bl	_ux_system_error_handler
 325              	.LVL39:
 230:Middlewares/ST/usbx/common/core/src/ux_utility_memory_allocate.c ****     }
 326              		.loc 1 230 9 view .LVU131
 230:Middlewares/ST/usbx/common/core/src/ux_utility_memory_allocate.c ****     }
 327              		.loc 1 230 15 is_stmt 0 view .LVU132
 328 00ee 2C46     		mov	r4, r5
 329              	.LVL40:
 230:Middlewares/ST/usbx/common/core/src/ux_utility_memory_allocate.c ****     }
 330              		.loc 1 230 15 view .LVU133
 331 00f0 EBE7     		b	.L1
 332              	.LVL41:
 333              	.L18:
 316:Middlewares/ST/usbx/common/core/src/ux_utility_memory_allocate.c ****         pool_ptr -> ux_byte_pool_search =  *this_block_link_ptr;
 334              		.loc 1 316 9 is_stmt 1 view .LVU134
 317:Middlewares/ST/usbx/common/core/src/ux_utility_memory_allocate.c ****     }
 335              		.loc 1 317 9 view .LVU135
 317:Middlewares/ST/usbx/common/core/src/ux_utility_memory_allocate.c ****     }
 336              		.loc 1 317 44 is_stmt 0 view .LVU136
 337 00f2 2B68     		ldr	r3, [r5]
 317:Middlewares/ST/usbx/common/core/src/ux_utility_memory_allocate.c ****     }
 338              		.loc 1 317 41 view .LVU137
 339 00f4 A360     		str	r3, [r4, #8]
 340 00f6 DDE7     		b	.L11
 341              	.LVL42:
 342              	.L12:
 113:Middlewares/ST/usbx/common/core/src/ux_utility_memory_allocate.c ****     }
 343              		.loc 1 113 15 view .LVU138
 344 00f8 0024     		movs	r4, #0
 345 00fa E6E7     		b	.L1
 346              	.LVL43:
 347              	.L13:
 125:Middlewares/ST/usbx/common/core/src/ux_utility_memory_allocate.c ****     }
 348              		.loc 1 125 15 view .LVU139
 349 00fc 0024     		movs	r4, #0
 350              	.LVL44:
 125:Middlewares/ST/usbx/common/core/src/ux_utility_memory_allocate.c ****     }
 351              		.loc 1 125 15 view .LVU140
 352 00fe E4E7     		b	.L1
 353              	.L20:
 354              		.align	2
 355              	.L19:
 356 0100 00000000 		.word	_ux_system
 357 0104 EEEEFFFF 		.word	-4370
 358              		.cfi_endproc
 359              	.LFE11:
 361              		.text
 362              	.Letext0:
 363              		.file 2 "Middlewares/ST/threadx/ports/cortex_m33/gnu/inc/tx_port.h"
 364              		.file 3 "Middlewares/ST/threadx/common/inc/tx_api.h"
 365              		.file 4 "Middlewares/ST/usbx/common/core/inc/ux_api.h"
 366              		.file 5 "Middlewares/ST/usbx/common/core/inc/ux_utility.h"
 367              		.file 6 "Middlewares/ST/usbx/common/core/inc/ux_system.h"
ARM GAS  C:\usertemp\cccHRw1e.s 			page 14


ARM GAS  C:\usertemp\cccHRw1e.s 			page 15


DEFINED SYMBOLS
                            *ABS*:00000000 ux_utility_memory_allocate.c
C:\usertemp\cccHRw1e.s:22     .text._ux_utility_memory_allocate:00000000 $t
C:\usertemp\cccHRw1e.s:28     .text._ux_utility_memory_allocate:00000000 _ux_utility_memory_allocate
C:\usertemp\cccHRw1e.s:356    .text._ux_utility_memory_allocate:00000100 $d

UNDEFINED SYMBOLS
_ux_utility_mutex_on
_ux_utility_memory_byte_pool_search
_ux_utility_memory_set
_ux_utility_mutex_off
_ux_system_error_handler
_ux_system
