ARM GAS  C:\usertemp\ccxQ1Fma.s 			page 1


   1              		.cpu cortex-m33
   2              		.arch armv8-m.main
   3              		.fpu fpv4-sp-d16
   4              		.arch_extension dsp
   5              		.eabi_attribute 27, 1
   6              		.eabi_attribute 28, 1
   7              		.eabi_attribute 20, 1
   8              		.eabi_attribute 21, 1
   9              		.eabi_attribute 23, 3
  10              		.eabi_attribute 24, 1
  11              		.eabi_attribute 25, 1
  12              		.eabi_attribute 26, 1
  13              		.eabi_attribute 30, 1
  14              		.eabi_attribute 34, 1
  15              		.eabi_attribute 18, 4
  16              		.file	"ux_utility_descriptor_parse.c"
  17              		.text
  18              	.Ltext0:
  19              		.cfi_sections	.debug_frame
  20              		.file 1 "Middlewares/ST/usbx/common/core/src/ux_utility_descriptor_parse.c"
  21              		.section	.text._ux_utility_descriptor_parse,"ax",%progbits
  22              		.align	1
  23              		.global	_ux_utility_descriptor_parse
  24              		.syntax unified
  25              		.thumb
  26              		.thumb_func
  28              	_ux_utility_descriptor_parse:
  29              	.LVL0:
  30              	.LFB3:
   1:Middlewares/ST/usbx/common/core/src/ux_utility_descriptor_parse.c **** /**************************************************************************/
   2:Middlewares/ST/usbx/common/core/src/ux_utility_descriptor_parse.c **** /*                                                                        */
   3:Middlewares/ST/usbx/common/core/src/ux_utility_descriptor_parse.c **** /*       Copyright (c) Microsoft Corporation. All rights reserved.        */
   4:Middlewares/ST/usbx/common/core/src/ux_utility_descriptor_parse.c **** /*                                                                        */
   5:Middlewares/ST/usbx/common/core/src/ux_utility_descriptor_parse.c **** /*       This software is licensed under the Microsoft Software License   */
   6:Middlewares/ST/usbx/common/core/src/ux_utility_descriptor_parse.c **** /*       Terms for Microsoft Azure RTOS. Full text of the license can be  */
   7:Middlewares/ST/usbx/common/core/src/ux_utility_descriptor_parse.c **** /*       found in the LICENSE file at https://aka.ms/AzureRTOS_EULA       */
   8:Middlewares/ST/usbx/common/core/src/ux_utility_descriptor_parse.c **** /*       and in the root directory of this software.                      */
   9:Middlewares/ST/usbx/common/core/src/ux_utility_descriptor_parse.c **** /*                                                                        */
  10:Middlewares/ST/usbx/common/core/src/ux_utility_descriptor_parse.c **** /**************************************************************************/
  11:Middlewares/ST/usbx/common/core/src/ux_utility_descriptor_parse.c **** 
  12:Middlewares/ST/usbx/common/core/src/ux_utility_descriptor_parse.c **** 
  13:Middlewares/ST/usbx/common/core/src/ux_utility_descriptor_parse.c **** /**************************************************************************/
  14:Middlewares/ST/usbx/common/core/src/ux_utility_descriptor_parse.c **** /**************************************************************************/
  15:Middlewares/ST/usbx/common/core/src/ux_utility_descriptor_parse.c **** /**                                                                       */
  16:Middlewares/ST/usbx/common/core/src/ux_utility_descriptor_parse.c **** /** USBX Component                                                        */
  17:Middlewares/ST/usbx/common/core/src/ux_utility_descriptor_parse.c **** /**                                                                       */
  18:Middlewares/ST/usbx/common/core/src/ux_utility_descriptor_parse.c **** /**   Utility                                                             */
  19:Middlewares/ST/usbx/common/core/src/ux_utility_descriptor_parse.c **** /**                                                                       */
  20:Middlewares/ST/usbx/common/core/src/ux_utility_descriptor_parse.c **** /**************************************************************************/
  21:Middlewares/ST/usbx/common/core/src/ux_utility_descriptor_parse.c **** /**************************************************************************/
  22:Middlewares/ST/usbx/common/core/src/ux_utility_descriptor_parse.c **** 
  23:Middlewares/ST/usbx/common/core/src/ux_utility_descriptor_parse.c **** 
  24:Middlewares/ST/usbx/common/core/src/ux_utility_descriptor_parse.c **** /* Include necessary system files.  */
  25:Middlewares/ST/usbx/common/core/src/ux_utility_descriptor_parse.c **** 
  26:Middlewares/ST/usbx/common/core/src/ux_utility_descriptor_parse.c **** #define UX_SOURCE_CODE
  27:Middlewares/ST/usbx/common/core/src/ux_utility_descriptor_parse.c **** 
  28:Middlewares/ST/usbx/common/core/src/ux_utility_descriptor_parse.c **** #include "ux_api.h"
ARM GAS  C:\usertemp\ccxQ1Fma.s 			page 2


  29:Middlewares/ST/usbx/common/core/src/ux_utility_descriptor_parse.c **** 
  30:Middlewares/ST/usbx/common/core/src/ux_utility_descriptor_parse.c **** 
  31:Middlewares/ST/usbx/common/core/src/ux_utility_descriptor_parse.c **** /**************************************************************************/
  32:Middlewares/ST/usbx/common/core/src/ux_utility_descriptor_parse.c **** /*                                                                        */
  33:Middlewares/ST/usbx/common/core/src/ux_utility_descriptor_parse.c **** /*  FUNCTION                                               RELEASE        */
  34:Middlewares/ST/usbx/common/core/src/ux_utility_descriptor_parse.c **** /*                                                                        */
  35:Middlewares/ST/usbx/common/core/src/ux_utility_descriptor_parse.c **** /*    _ux_utility_descriptor_parse                        PORTABLE C      */
  36:Middlewares/ST/usbx/common/core/src/ux_utility_descriptor_parse.c **** /*                                                           6.3.0        */
  37:Middlewares/ST/usbx/common/core/src/ux_utility_descriptor_parse.c **** /*  AUTHOR                                                                */
  38:Middlewares/ST/usbx/common/core/src/ux_utility_descriptor_parse.c **** /*                                                                        */
  39:Middlewares/ST/usbx/common/core/src/ux_utility_descriptor_parse.c **** /*    Chaoqiong Xiao, Microsoft Corporation                               */
  40:Middlewares/ST/usbx/common/core/src/ux_utility_descriptor_parse.c **** /*                                                                        */
  41:Middlewares/ST/usbx/common/core/src/ux_utility_descriptor_parse.c **** /*  DESCRIPTION                                                           */
  42:Middlewares/ST/usbx/common/core/src/ux_utility_descriptor_parse.c **** /*                                                                        */
  43:Middlewares/ST/usbx/common/core/src/ux_utility_descriptor_parse.c **** /*    This function will unpack a USB descriptor from the bus into a      */
  44:Middlewares/ST/usbx/common/core/src/ux_utility_descriptor_parse.c **** /*    memory aligned structure.                                           */
  45:Middlewares/ST/usbx/common/core/src/ux_utility_descriptor_parse.c **** /*                                                                        */
  46:Middlewares/ST/usbx/common/core/src/ux_utility_descriptor_parse.c **** /*  INPUT                                                                 */
  47:Middlewares/ST/usbx/common/core/src/ux_utility_descriptor_parse.c **** /*                                                                        */
  48:Middlewares/ST/usbx/common/core/src/ux_utility_descriptor_parse.c **** /*    raw_descriptor                        Pointer to packed descriptor  */
  49:Middlewares/ST/usbx/common/core/src/ux_utility_descriptor_parse.c **** /*    descriptor_structure                  Components of the descriptor  */
  50:Middlewares/ST/usbx/common/core/src/ux_utility_descriptor_parse.c **** /*    descriptor_entries                    Number of entries in the      */
  51:Middlewares/ST/usbx/common/core/src/ux_utility_descriptor_parse.c **** /*                                            descriptor                  */
  52:Middlewares/ST/usbx/common/core/src/ux_utility_descriptor_parse.c **** /*    descriptor                            Pointer to the unpacked       */
  53:Middlewares/ST/usbx/common/core/src/ux_utility_descriptor_parse.c **** /*                                            descriptor                  */
  54:Middlewares/ST/usbx/common/core/src/ux_utility_descriptor_parse.c **** /*                                                                        */
  55:Middlewares/ST/usbx/common/core/src/ux_utility_descriptor_parse.c **** /*  OUTPUT                                                                */
  56:Middlewares/ST/usbx/common/core/src/ux_utility_descriptor_parse.c **** /*                                                                        */
  57:Middlewares/ST/usbx/common/core/src/ux_utility_descriptor_parse.c **** /*    None                                                                */
  58:Middlewares/ST/usbx/common/core/src/ux_utility_descriptor_parse.c **** /*                                                                        */
  59:Middlewares/ST/usbx/common/core/src/ux_utility_descriptor_parse.c **** /*  CALLS                                                                 */
  60:Middlewares/ST/usbx/common/core/src/ux_utility_descriptor_parse.c **** /*                                                                        */
  61:Middlewares/ST/usbx/common/core/src/ux_utility_descriptor_parse.c **** /*    _ux_utility_long_get                  Get 32-bit value              */
  62:Middlewares/ST/usbx/common/core/src/ux_utility_descriptor_parse.c **** /*    _ux_utility_short_get                 Get 16-bit value              */
  63:Middlewares/ST/usbx/common/core/src/ux_utility_descriptor_parse.c **** /*                                                                        */
  64:Middlewares/ST/usbx/common/core/src/ux_utility_descriptor_parse.c **** /*  CALLED BY                                                             */
  65:Middlewares/ST/usbx/common/core/src/ux_utility_descriptor_parse.c **** /*                                                                        */
  66:Middlewares/ST/usbx/common/core/src/ux_utility_descriptor_parse.c **** /*    USBX Components                                                     */
  67:Middlewares/ST/usbx/common/core/src/ux_utility_descriptor_parse.c **** /*                                                                        */
  68:Middlewares/ST/usbx/common/core/src/ux_utility_descriptor_parse.c **** /*  RELEASE HISTORY                                                       */
  69:Middlewares/ST/usbx/common/core/src/ux_utility_descriptor_parse.c **** /*                                                                        */
  70:Middlewares/ST/usbx/common/core/src/ux_utility_descriptor_parse.c **** /*    DATE              NAME                      DESCRIPTION             */
  71:Middlewares/ST/usbx/common/core/src/ux_utility_descriptor_parse.c **** /*                                                                        */
  72:Middlewares/ST/usbx/common/core/src/ux_utility_descriptor_parse.c **** /*  05-19-2020     Chaoqiong Xiao           Initial Version 6.0           */
  73:Middlewares/ST/usbx/common/core/src/ux_utility_descriptor_parse.c **** /*  09-30-2020     Chaoqiong Xiao           Modified comment(s),          */
  74:Middlewares/ST/usbx/common/core/src/ux_utility_descriptor_parse.c **** /*                                            resulting in version 6.1    */
  75:Middlewares/ST/usbx/common/core/src/ux_utility_descriptor_parse.c **** /*  10-31-2023     Chaoqiong Xiao           Modified comment(s),          */
  76:Middlewares/ST/usbx/common/core/src/ux_utility_descriptor_parse.c **** /*                                            optimized USB descriptors,  */
  77:Middlewares/ST/usbx/common/core/src/ux_utility_descriptor_parse.c **** /*                                            resulting in version 6.3.0  */
  78:Middlewares/ST/usbx/common/core/src/ux_utility_descriptor_parse.c **** /*                                                                        */
  79:Middlewares/ST/usbx/common/core/src/ux_utility_descriptor_parse.c **** /**************************************************************************/
  80:Middlewares/ST/usbx/common/core/src/ux_utility_descriptor_parse.c **** VOID  _ux_utility_descriptor_parse(UCHAR * raw_descriptor, UCHAR * descriptor_structure,
  81:Middlewares/ST/usbx/common/core/src/ux_utility_descriptor_parse.c ****                         UINT descriptor_entries, UCHAR * descriptor)
  82:Middlewares/ST/usbx/common/core/src/ux_utility_descriptor_parse.c **** {
  31              		.loc 1 82 1 view -0
  32              		.cfi_startproc
  33              		@ args = 0, pretend = 0, frame = 0
ARM GAS  C:\usertemp\ccxQ1Fma.s 			page 3


  34              		@ frame_needed = 0, uses_anonymous_args = 0
  35              		.loc 1 82 1 is_stmt 0 view .LVU1
  36 0000 F8B5     		push	{r3, r4, r5, r6, r7, lr}
  37              	.LCFI0:
  38              		.cfi_def_cfa_offset 24
  39              		.cfi_offset 3, -24
  40              		.cfi_offset 4, -20
  41              		.cfi_offset 5, -16
  42              		.cfi_offset 6, -12
  43              		.cfi_offset 7, -8
  44              		.cfi_offset 14, -4
  45 0002 0646     		mov	r6, r0
  46 0004 0D46     		mov	r5, r1
  47 0006 1C46     		mov	r4, r3
  83:Middlewares/ST/usbx/common/core/src/ux_utility_descriptor_parse.c **** 
  84:Middlewares/ST/usbx/common/core/src/ux_utility_descriptor_parse.c ****     /* Loop on all the entries in this descriptor.  */
  85:Middlewares/ST/usbx/common/core/src/ux_utility_descriptor_parse.c ****     while(descriptor_entries--)
  48              		.loc 1 85 5 is_stmt 1 view .LVU2
  49              		.loc 1 85 10 is_stmt 0 view .LVU3
  50 0008 0CE0     		b	.L2
  51              	.LVL1:
  52              	.L6:
  86:Middlewares/ST/usbx/common/core/src/ux_utility_descriptor_parse.c ****     {
  87:Middlewares/ST/usbx/common/core/src/ux_utility_descriptor_parse.c **** 
  88:Middlewares/ST/usbx/common/core/src/ux_utility_descriptor_parse.c ****         /* Get the length of that component.  */
  89:Middlewares/ST/usbx/common/core/src/ux_utility_descriptor_parse.c ****         switch(*descriptor_structure++)
  90:Middlewares/ST/usbx/common/core/src/ux_utility_descriptor_parse.c ****         {
  91:Middlewares/ST/usbx/common/core/src/ux_utility_descriptor_parse.c **** 
  92:Middlewares/ST/usbx/common/core/src/ux_utility_descriptor_parse.c ****         /* Check the size then build the component from the source and
  93:Middlewares/ST/usbx/common/core/src/ux_utility_descriptor_parse.c ****            insert it into the target descriptor.  */
  94:Middlewares/ST/usbx/common/core/src/ux_utility_descriptor_parse.c ****         case 4:
  95:Middlewares/ST/usbx/common/core/src/ux_utility_descriptor_parse.c **** 
  96:Middlewares/ST/usbx/common/core/src/ux_utility_descriptor_parse.c ****             /* Padding zeros so address is aligned.  */
  97:Middlewares/ST/usbx/common/core/src/ux_utility_descriptor_parse.c ****             while((ALIGN_TYPE) descriptor & 3u)
  98:Middlewares/ST/usbx/common/core/src/ux_utility_descriptor_parse.c ****                 *descriptor++ =  0;
  53              		.loc 1 98 17 is_stmt 1 view .LVU4
  54              		.loc 1 98 31 is_stmt 0 view .LVU5
  55 000a 0023     		movs	r3, #0
  56 000c 04F8013B 		strb	r3, [r4], #1
  57              	.LVL2:
  58              	.L4:
  97:Middlewares/ST/usbx/common/core/src/ux_utility_descriptor_parse.c ****                 *descriptor++ =  0;
  59              		.loc 1 97 19 is_stmt 1 view .LVU6
  60 0010 14F0030F 		tst	r4, #3
  61 0014 F9D1     		bne	.L6
  99:Middlewares/ST/usbx/common/core/src/ux_utility_descriptor_parse.c **** 
 100:Middlewares/ST/usbx/common/core/src/ux_utility_descriptor_parse.c ****             /* Save the DW.  */
 101:Middlewares/ST/usbx/common/core/src/ux_utility_descriptor_parse.c ****             *((ULONG *) descriptor) =  _ux_utility_long_get(raw_descriptor);
  62              		.loc 1 101 13 view .LVU7
  63              		.loc 1 101 40 is_stmt 0 view .LVU8
  64 0016 3046     		mov	r0, r6
  65 0018 FFF7FEFF 		bl	_ux_utility_long_get
  66              	.LVL3:
  67              		.loc 1 101 37 discriminator 1 view .LVU9
  68 001c 44F8040B 		str	r0, [r4], #4
  69              	.LVL4:
 102:Middlewares/ST/usbx/common/core/src/ux_utility_descriptor_parse.c ****             raw_descriptor +=  4;
ARM GAS  C:\usertemp\ccxQ1Fma.s 			page 4


  70              		.loc 1 102 13 is_stmt 1 view .LVU10
  71              		.loc 1 102 28 is_stmt 0 view .LVU11
  72 0020 0436     		adds	r6, r6, #4
  73              	.LVL5:
 103:Middlewares/ST/usbx/common/core/src/ux_utility_descriptor_parse.c ****             descriptor += 4;
  74              		.loc 1 103 13 is_stmt 1 view .LVU12
 104:Middlewares/ST/usbx/common/core/src/ux_utility_descriptor_parse.c ****             break;
  75              		.loc 1 104 13 view .LVU13
  76              	.L7:
 105:Middlewares/ST/usbx/common/core/src/ux_utility_descriptor_parse.c **** 
 106:Middlewares/ST/usbx/common/core/src/ux_utility_descriptor_parse.c ****         case 2:
 107:Middlewares/ST/usbx/common/core/src/ux_utility_descriptor_parse.c **** 
 108:Middlewares/ST/usbx/common/core/src/ux_utility_descriptor_parse.c ****             /* Padding zeros so address is aligned.  */
 109:Middlewares/ST/usbx/common/core/src/ux_utility_descriptor_parse.c ****             while((ALIGN_TYPE) descriptor & 1u)
 110:Middlewares/ST/usbx/common/core/src/ux_utility_descriptor_parse.c ****                 *descriptor++ =  0;
  77              		.loc 1 110 28 is_stmt 0 view .LVU14
  78 0022 3A46     		mov	r2, r7
  79              	.LVL6:
  80              	.L2:
  85:Middlewares/ST/usbx/common/core/src/ux_utility_descriptor_parse.c ****     {
  81              		.loc 1 85 11 is_stmt 1 view .LVU15
  85:Middlewares/ST/usbx/common/core/src/ux_utility_descriptor_parse.c ****     {
  82              		.loc 1 85 29 is_stmt 0 view .LVU16
  83 0024 571E     		subs	r7, r2, #1
  84              	.LVL7:
  85:Middlewares/ST/usbx/common/core/src/ux_utility_descriptor_parse.c ****     {
  85              		.loc 1 85 11 view .LVU17
  86 0026 BAB1     		cbz	r2, .L12
  89:Middlewares/ST/usbx/common/core/src/ux_utility_descriptor_parse.c ****         {
  87              		.loc 1 89 9 is_stmt 1 view .LVU18
  88              	.LVL8:
  89:Middlewares/ST/usbx/common/core/src/ux_utility_descriptor_parse.c ****         {
  89              		.loc 1 89 16 is_stmt 0 view .LVU19
  90 0028 15F8013B 		ldrb	r3, [r5], #1	@ zero_extendqisi2
  91              	.LVL9:
  89:Middlewares/ST/usbx/common/core/src/ux_utility_descriptor_parse.c ****         {
  92              		.loc 1 89 9 view .LVU20
  93 002c 022B     		cmp	r3, #2
  94 002e 09D0     		beq	.L3
  95 0030 042B     		cmp	r3, #4
  96 0032 EDD0     		beq	.L4
 111:Middlewares/ST/usbx/common/core/src/ux_utility_descriptor_parse.c **** 
 112:Middlewares/ST/usbx/common/core/src/ux_utility_descriptor_parse.c ****             /* Save the word.  */
 113:Middlewares/ST/usbx/common/core/src/ux_utility_descriptor_parse.c ****             *((USHORT *) descriptor) = (USHORT) _ux_utility_short_get(raw_descriptor);
 114:Middlewares/ST/usbx/common/core/src/ux_utility_descriptor_parse.c ****             raw_descriptor += 2;
 115:Middlewares/ST/usbx/common/core/src/ux_utility_descriptor_parse.c ****             descriptor += 2;
 116:Middlewares/ST/usbx/common/core/src/ux_utility_descriptor_parse.c ****             break;
 117:Middlewares/ST/usbx/common/core/src/ux_utility_descriptor_parse.c **** 
 118:Middlewares/ST/usbx/common/core/src/ux_utility_descriptor_parse.c ****         default:
 119:Middlewares/ST/usbx/common/core/src/ux_utility_descriptor_parse.c **** 
 120:Middlewares/ST/usbx/common/core/src/ux_utility_descriptor_parse.c ****             /* Save the byte.  */
 121:Middlewares/ST/usbx/common/core/src/ux_utility_descriptor_parse.c ****             *((UCHAR *) descriptor) =  (UCHAR) *raw_descriptor;
  97              		.loc 1 121 13 is_stmt 1 view .LVU21
  98              		.loc 1 121 40 is_stmt 0 view .LVU22
  99 0034 16F8013B 		ldrb	r3, [r6], #1	@ zero_extendqisi2
 100              	.LVL10:
 101              		.loc 1 121 37 view .LVU23
ARM GAS  C:\usertemp\ccxQ1Fma.s 			page 5


 102 0038 04F8013B 		strb	r3, [r4], #1
 103              	.LVL11:
 122:Middlewares/ST/usbx/common/core/src/ux_utility_descriptor_parse.c ****             raw_descriptor++;
 104              		.loc 1 122 13 is_stmt 1 view .LVU24
 123:Middlewares/ST/usbx/common/core/src/ux_utility_descriptor_parse.c ****             descriptor ++;
 105              		.loc 1 123 13 view .LVU25
 106              		.loc 1 123 13 is_stmt 0 view .LVU26
 107 003c F1E7     		b	.L7
 108              	.L8:
 110:Middlewares/ST/usbx/common/core/src/ux_utility_descriptor_parse.c **** 
 109              		.loc 1 110 17 is_stmt 1 view .LVU27
 110              	.LVL12:
 110:Middlewares/ST/usbx/common/core/src/ux_utility_descriptor_parse.c **** 
 111              		.loc 1 110 31 is_stmt 0 view .LVU28
 112 003e 0023     		movs	r3, #0
 113 0040 04F8013B 		strb	r3, [r4], #1
 114              	.LVL13:
 115              	.L3:
 109:Middlewares/ST/usbx/common/core/src/ux_utility_descriptor_parse.c ****                 *descriptor++ =  0;
 116              		.loc 1 109 19 is_stmt 1 view .LVU29
 117 0044 14F0010F 		tst	r4, #1
 118 0048 F9D1     		bne	.L8
 113:Middlewares/ST/usbx/common/core/src/ux_utility_descriptor_parse.c ****             raw_descriptor += 2;
 119              		.loc 1 113 13 view .LVU30
 113:Middlewares/ST/usbx/common/core/src/ux_utility_descriptor_parse.c ****             raw_descriptor += 2;
 120              		.loc 1 113 49 is_stmt 0 view .LVU31
 121 004a 3046     		mov	r0, r6
 122 004c FFF7FEFF 		bl	_ux_utility_short_get
 123              	.LVL14:
 113:Middlewares/ST/usbx/common/core/src/ux_utility_descriptor_parse.c ****             raw_descriptor += 2;
 124              		.loc 1 113 38 discriminator 1 view .LVU32
 125 0050 24F8020B 		strh	r0, [r4], #2	@ movhi
 126              	.LVL15:
 114:Middlewares/ST/usbx/common/core/src/ux_utility_descriptor_parse.c ****             descriptor += 2;
 127              		.loc 1 114 13 is_stmt 1 view .LVU33
 114:Middlewares/ST/usbx/common/core/src/ux_utility_descriptor_parse.c ****             descriptor += 2;
 128              		.loc 1 114 28 is_stmt 0 view .LVU34
 129 0054 0236     		adds	r6, r6, #2
 130              	.LVL16:
 115:Middlewares/ST/usbx/common/core/src/ux_utility_descriptor_parse.c ****             break;
 131              		.loc 1 115 13 is_stmt 1 view .LVU35
 116:Middlewares/ST/usbx/common/core/src/ux_utility_descriptor_parse.c **** 
 132              		.loc 1 116 13 view .LVU36
 133 0056 E4E7     		b	.L7
 134              	.L12:
 124:Middlewares/ST/usbx/common/core/src/ux_utility_descriptor_parse.c ****         }
 125:Middlewares/ST/usbx/common/core/src/ux_utility_descriptor_parse.c ****     }
 126:Middlewares/ST/usbx/common/core/src/ux_utility_descriptor_parse.c **** 
 127:Middlewares/ST/usbx/common/core/src/ux_utility_descriptor_parse.c ****     /* Return to caller.  */
 128:Middlewares/ST/usbx/common/core/src/ux_utility_descriptor_parse.c ****     return;
 129:Middlewares/ST/usbx/common/core/src/ux_utility_descriptor_parse.c **** }
 135              		.loc 1 129 1 is_stmt 0 view .LVU37
 136 0058 F8BD     		pop	{r3, r4, r5, r6, r7, pc}
 137              		.loc 1 129 1 view .LVU38
 138              		.cfi_endproc
 139              	.LFE3:
 141              		.section	.text._ux_utility_descriptor_parse_size,"ax",%progbits
ARM GAS  C:\usertemp\ccxQ1Fma.s 			page 6


 142              		.align	1
 143              		.global	_ux_utility_descriptor_parse_size
 144              		.syntax unified
 145              		.thumb
 146              		.thumb_func
 148              	_ux_utility_descriptor_parse_size:
 149              	.LVL17:
 150              	.LFB4:
 130:Middlewares/ST/usbx/common/core/src/ux_utility_descriptor_parse.c **** 
 131:Middlewares/ST/usbx/common/core/src/ux_utility_descriptor_parse.c **** /**************************************************************************/
 132:Middlewares/ST/usbx/common/core/src/ux_utility_descriptor_parse.c **** /*                                                                        */
 133:Middlewares/ST/usbx/common/core/src/ux_utility_descriptor_parse.c **** /*  FUNCTION                                               RELEASE        */
 134:Middlewares/ST/usbx/common/core/src/ux_utility_descriptor_parse.c **** /*                                                                        */
 135:Middlewares/ST/usbx/common/core/src/ux_utility_descriptor_parse.c **** /*    _ux_utility_descriptor_parse_size                   PORTABLE C      */
 136:Middlewares/ST/usbx/common/core/src/ux_utility_descriptor_parse.c **** /*                                                           6.3.0        */
 137:Middlewares/ST/usbx/common/core/src/ux_utility_descriptor_parse.c **** /*  AUTHOR                                                                */
 138:Middlewares/ST/usbx/common/core/src/ux_utility_descriptor_parse.c **** /*                                                                        */
 139:Middlewares/ST/usbx/common/core/src/ux_utility_descriptor_parse.c **** /*    Chaoqiong Xiao, Microsoft Corporation                               */
 140:Middlewares/ST/usbx/common/core/src/ux_utility_descriptor_parse.c **** /*                                                                        */
 141:Middlewares/ST/usbx/common/core/src/ux_utility_descriptor_parse.c **** /*  DESCRIPTION                                                           */
 142:Middlewares/ST/usbx/common/core/src/ux_utility_descriptor_parse.c **** /*                                                                        */
 143:Middlewares/ST/usbx/common/core/src/ux_utility_descriptor_parse.c **** /*    This function will calculate the size of a parsed USB descriptor.   */
 144:Middlewares/ST/usbx/common/core/src/ux_utility_descriptor_parse.c **** /*                                                                        */
 145:Middlewares/ST/usbx/common/core/src/ux_utility_descriptor_parse.c **** /*  INPUT                                                                 */
 146:Middlewares/ST/usbx/common/core/src/ux_utility_descriptor_parse.c **** /*                                                                        */
 147:Middlewares/ST/usbx/common/core/src/ux_utility_descriptor_parse.c **** /*    descriptor_structure                  Components of the descriptor  */
 148:Middlewares/ST/usbx/common/core/src/ux_utility_descriptor_parse.c **** /*    descriptor_entries                    Number of entries in the      */
 149:Middlewares/ST/usbx/common/core/src/ux_utility_descriptor_parse.c **** /*                                            descriptor                  */
 150:Middlewares/ST/usbx/common/core/src/ux_utility_descriptor_parse.c **** /*    size_align_mask                       Size alignment mask           */
 151:Middlewares/ST/usbx/common/core/src/ux_utility_descriptor_parse.c **** /*                                                                        */
 152:Middlewares/ST/usbx/common/core/src/ux_utility_descriptor_parse.c **** /*  OUTPUT                                                                */
 153:Middlewares/ST/usbx/common/core/src/ux_utility_descriptor_parse.c **** /*                                                                        */
 154:Middlewares/ST/usbx/common/core/src/ux_utility_descriptor_parse.c **** /*    size                                  Size of the parsed descriptor */
 155:Middlewares/ST/usbx/common/core/src/ux_utility_descriptor_parse.c **** /*                                                                        */
 156:Middlewares/ST/usbx/common/core/src/ux_utility_descriptor_parse.c **** /*  CALLS                                                                 */
 157:Middlewares/ST/usbx/common/core/src/ux_utility_descriptor_parse.c **** /*                                                                        */
 158:Middlewares/ST/usbx/common/core/src/ux_utility_descriptor_parse.c **** /*    None                                                                */
 159:Middlewares/ST/usbx/common/core/src/ux_utility_descriptor_parse.c **** /*                                                                        */
 160:Middlewares/ST/usbx/common/core/src/ux_utility_descriptor_parse.c **** /*  CALLED BY                                                             */
 161:Middlewares/ST/usbx/common/core/src/ux_utility_descriptor_parse.c **** /*                                                                        */
 162:Middlewares/ST/usbx/common/core/src/ux_utility_descriptor_parse.c **** /*    USBX Components                                                     */
 163:Middlewares/ST/usbx/common/core/src/ux_utility_descriptor_parse.c **** /*                                                                        */
 164:Middlewares/ST/usbx/common/core/src/ux_utility_descriptor_parse.c **** /*  RELEASE HISTORY                                                       */
 165:Middlewares/ST/usbx/common/core/src/ux_utility_descriptor_parse.c **** /*                                                                        */
 166:Middlewares/ST/usbx/common/core/src/ux_utility_descriptor_parse.c **** /*    DATE              NAME                      DESCRIPTION             */
 167:Middlewares/ST/usbx/common/core/src/ux_utility_descriptor_parse.c **** /*                                                                        */
 168:Middlewares/ST/usbx/common/core/src/ux_utility_descriptor_parse.c **** /*  10-31-2023     Chaoqiong Xiao           Initial Version 6.3.0         */
 169:Middlewares/ST/usbx/common/core/src/ux_utility_descriptor_parse.c **** /*                                                                        */
 170:Middlewares/ST/usbx/common/core/src/ux_utility_descriptor_parse.c **** /**************************************************************************/
 171:Middlewares/ST/usbx/common/core/src/ux_utility_descriptor_parse.c **** ULONG _ux_utility_descriptor_parse_size(UCHAR * descriptor_structure, UINT descriptor_entries, UINT
 172:Middlewares/ST/usbx/common/core/src/ux_utility_descriptor_parse.c **** {
 151              		.loc 1 172 1 is_stmt 1 view -0
 152              		.cfi_startproc
 153              		@ args = 0, pretend = 0, frame = 0
 154              		@ frame_needed = 0, uses_anonymous_args = 0
 155              		.loc 1 172 1 is_stmt 0 view .LVU40
 156 0000 00B5     		push	{lr}
ARM GAS  C:\usertemp\ccxQ1Fma.s 			page 7


 157              	.LCFI1:
 158              		.cfi_def_cfa_offset 4
 159              		.cfi_offset 14, -4
 173:Middlewares/ST/usbx/common/core/src/ux_utility_descriptor_parse.c **** 
 174:Middlewares/ST/usbx/common/core/src/ux_utility_descriptor_parse.c **** ULONG           size = 0;
 160              		.loc 1 174 1 is_stmt 1 view .LVU41
 161              	.LVL18:
 175:Middlewares/ST/usbx/common/core/src/ux_utility_descriptor_parse.c **** ULONG           entry_size;
 162              		.loc 1 175 1 view .LVU42
 176:Middlewares/ST/usbx/common/core/src/ux_utility_descriptor_parse.c **** 
 177:Middlewares/ST/usbx/common/core/src/ux_utility_descriptor_parse.c ****     /* Loop on all the entries in this descriptor.  */
 178:Middlewares/ST/usbx/common/core/src/ux_utility_descriptor_parse.c ****     while(descriptor_entries--)
 163              		.loc 1 178 5 view .LVU43
 174:Middlewares/ST/usbx/common/core/src/ux_utility_descriptor_parse.c **** ULONG           entry_size;
 164              		.loc 1 174 17 is_stmt 0 view .LVU44
 165 0002 0023     		movs	r3, #0
 166              		.loc 1 178 10 view .LVU45
 167 0004 07E0     		b	.L14
 168              	.LVL19:
 169              	.L19:
 179:Middlewares/ST/usbx/common/core/src/ux_utility_descriptor_parse.c ****     {
 180:Middlewares/ST/usbx/common/core/src/ux_utility_descriptor_parse.c **** 
 181:Middlewares/ST/usbx/common/core/src/ux_utility_descriptor_parse.c ****         /* Get entry size.  */
 182:Middlewares/ST/usbx/common/core/src/ux_utility_descriptor_parse.c ****         entry_size = (ULONG)*descriptor_structure ++;
 183:Middlewares/ST/usbx/common/core/src/ux_utility_descriptor_parse.c **** 
 184:Middlewares/ST/usbx/common/core/src/ux_utility_descriptor_parse.c ****         /* Check the size then build the component from the source and
 185:Middlewares/ST/usbx/common/core/src/ux_utility_descriptor_parse.c ****            insert it into the target descriptor.  */
 186:Middlewares/ST/usbx/common/core/src/ux_utility_descriptor_parse.c ****         switch(entry_size)
 187:Middlewares/ST/usbx/common/core/src/ux_utility_descriptor_parse.c ****         {
 188:Middlewares/ST/usbx/common/core/src/ux_utility_descriptor_parse.c **** 
 189:Middlewares/ST/usbx/common/core/src/ux_utility_descriptor_parse.c ****         case 4: /* Fall through.  */
 190:Middlewares/ST/usbx/common/core/src/ux_utility_descriptor_parse.c ****         case 2:
 191:Middlewares/ST/usbx/common/core/src/ux_utility_descriptor_parse.c **** 
 192:Middlewares/ST/usbx/common/core/src/ux_utility_descriptor_parse.c ****             /* Padding zeros so address is aligned.  */
 193:Middlewares/ST/usbx/common/core/src/ux_utility_descriptor_parse.c ****             while(size & (entry_size - 1))
 194:Middlewares/ST/usbx/common/core/src/ux_utility_descriptor_parse.c ****                 size++;
 170              		.loc 1 194 17 is_stmt 1 view .LVU46
 171              		.loc 1 194 21 is_stmt 0 view .LVU47
 172 0006 0133     		adds	r3, r3, #1
 173              	.LVL20:
 174              	.L18:
 193:Middlewares/ST/usbx/common/core/src/ux_utility_descriptor_parse.c ****                 size++;
 175              		.loc 1 193 19 is_stmt 1 view .LVU48
 193:Middlewares/ST/usbx/common/core/src/ux_utility_descriptor_parse.c ****                 size++;
 176              		.loc 1 193 38 is_stmt 0 view .LVU49
 177 0008 01F1FF3C 		add	ip, r1, #-1
 193:Middlewares/ST/usbx/common/core/src/ux_utility_descriptor_parse.c ****                 size++;
 178              		.loc 1 193 19 view .LVU50
 179 000c 1CEA030F 		tst	ip, r3
 180 0010 F9D1     		bne	.L19
 195:Middlewares/ST/usbx/common/core/src/ux_utility_descriptor_parse.c **** 
 196:Middlewares/ST/usbx/common/core/src/ux_utility_descriptor_parse.c ****             /* Add to the size.  */
 197:Middlewares/ST/usbx/common/core/src/ux_utility_descriptor_parse.c ****             size += entry_size;
 181              		.loc 1 197 13 is_stmt 1 view .LVU51
 182              		.loc 1 197 18 is_stmt 0 view .LVU52
 183 0012 0B44     		add	r3, r3, r1
 184              	.LVL21:
ARM GAS  C:\usertemp\ccxQ1Fma.s 			page 8


 198:Middlewares/ST/usbx/common/core/src/ux_utility_descriptor_parse.c ****             break;
 185              		.loc 1 198 13 is_stmt 1 view .LVU53
 186              	.L20:
 172:Middlewares/ST/usbx/common/core/src/ux_utility_descriptor_parse.c **** 
 187              		.loc 1 172 1 is_stmt 0 view .LVU54
 188 0014 7146     		mov	r1, lr
 189              	.LVL22:
 190              	.L14:
 178:Middlewares/ST/usbx/common/core/src/ux_utility_descriptor_parse.c ****     {
 191              		.loc 1 178 11 is_stmt 1 view .LVU55
 178:Middlewares/ST/usbx/common/core/src/ux_utility_descriptor_parse.c ****     {
 192              		.loc 1 178 29 is_stmt 0 view .LVU56
 193 0016 01F1FF3E 		add	lr, r1, #-1
 194              	.LVL23:
 178:Middlewares/ST/usbx/common/core/src/ux_utility_descriptor_parse.c ****     {
 195              		.loc 1 178 11 view .LVU57
 196 001a 61B1     		cbz	r1, .L23
 182:Middlewares/ST/usbx/common/core/src/ux_utility_descriptor_parse.c **** 
 197              		.loc 1 182 9 is_stmt 1 view .LVU58
 198              	.LVL24:
 182:Middlewares/ST/usbx/common/core/src/ux_utility_descriptor_parse.c **** 
 199              		.loc 1 182 29 is_stmt 0 view .LVU59
 200 001c 10F8011B 		ldrb	r1, [r0], #1	@ zero_extendqisi2
 201              	.LVL25:
 186:Middlewares/ST/usbx/common/core/src/ux_utility_descriptor_parse.c ****         {
 202              		.loc 1 186 9 is_stmt 1 view .LVU60
 203 0020 0229     		cmp	r1, #2
 204 0022 F1D0     		beq	.L18
 205 0024 0429     		cmp	r1, #4
 206 0026 EFD0     		beq	.L18
 207 0028 0129     		cmp	r1, #1
 208 002a 02D0     		beq	.L16
 209 002c 0020     		movs	r0, #0
 210              	.LVL26:
 211              	.L13:
 199:Middlewares/ST/usbx/common/core/src/ux_utility_descriptor_parse.c **** 
 200:Middlewares/ST/usbx/common/core/src/ux_utility_descriptor_parse.c ****         case 1:
 201:Middlewares/ST/usbx/common/core/src/ux_utility_descriptor_parse.c **** 
 202:Middlewares/ST/usbx/common/core/src/ux_utility_descriptor_parse.c ****             /* Add to the size.  */
 203:Middlewares/ST/usbx/common/core/src/ux_utility_descriptor_parse.c ****             size += 1;
 204:Middlewares/ST/usbx/common/core/src/ux_utility_descriptor_parse.c ****             break;
 205:Middlewares/ST/usbx/common/core/src/ux_utility_descriptor_parse.c **** 
 206:Middlewares/ST/usbx/common/core/src/ux_utility_descriptor_parse.c ****         default:
 207:Middlewares/ST/usbx/common/core/src/ux_utility_descriptor_parse.c **** 
 208:Middlewares/ST/usbx/common/core/src/ux_utility_descriptor_parse.c ****             /* Invalid entry size.  */
 209:Middlewares/ST/usbx/common/core/src/ux_utility_descriptor_parse.c ****             return(0);
 210:Middlewares/ST/usbx/common/core/src/ux_utility_descriptor_parse.c ****         }
 211:Middlewares/ST/usbx/common/core/src/ux_utility_descriptor_parse.c ****     }
 212:Middlewares/ST/usbx/common/core/src/ux_utility_descriptor_parse.c **** 
 213:Middlewares/ST/usbx/common/core/src/ux_utility_descriptor_parse.c ****     /* Align the size.  */
 214:Middlewares/ST/usbx/common/core/src/ux_utility_descriptor_parse.c ****     size = (size + size_align_mask) & (~size_align_mask);
 215:Middlewares/ST/usbx/common/core/src/ux_utility_descriptor_parse.c **** 
 216:Middlewares/ST/usbx/common/core/src/ux_utility_descriptor_parse.c ****     /* Return the size.  */
 217:Middlewares/ST/usbx/common/core/src/ux_utility_descriptor_parse.c ****     return(size);
 218:Middlewares/ST/usbx/common/core/src/ux_utility_descriptor_parse.c **** }
 212              		.loc 1 218 1 is_stmt 0 view .LVU61
 213 002e 5DF804FB 		ldr	pc, [sp], #4
ARM GAS  C:\usertemp\ccxQ1Fma.s 			page 9


 214              	.LVL27:
 215              	.L16:
 203:Middlewares/ST/usbx/common/core/src/ux_utility_descriptor_parse.c ****             break;
 216              		.loc 1 203 13 is_stmt 1 view .LVU62
 203:Middlewares/ST/usbx/common/core/src/ux_utility_descriptor_parse.c ****             break;
 217              		.loc 1 203 18 is_stmt 0 view .LVU63
 218 0032 0133     		adds	r3, r3, #1
 219              	.LVL28:
 204:Middlewares/ST/usbx/common/core/src/ux_utility_descriptor_parse.c **** 
 220              		.loc 1 204 13 is_stmt 1 view .LVU64
 221 0034 EEE7     		b	.L20
 222              	.LVL29:
 223              	.L23:
 214:Middlewares/ST/usbx/common/core/src/ux_utility_descriptor_parse.c **** 
 224              		.loc 1 214 5 view .LVU65
 214:Middlewares/ST/usbx/common/core/src/ux_utility_descriptor_parse.c **** 
 225              		.loc 1 214 18 is_stmt 0 view .LVU66
 226 0036 1344     		add	r3, r3, r2
 227              	.LVL30:
 214:Middlewares/ST/usbx/common/core/src/ux_utility_descriptor_parse.c **** 
 228              		.loc 1 214 10 view .LVU67
 229 0038 23EA0200 		bic	r0, r3, r2
 230              	.LVL31:
 217:Middlewares/ST/usbx/common/core/src/ux_utility_descriptor_parse.c **** }
 231              		.loc 1 217 5 is_stmt 1 view .LVU68
 217:Middlewares/ST/usbx/common/core/src/ux_utility_descriptor_parse.c **** }
 232              		.loc 1 217 11 is_stmt 0 view .LVU69
 233 003c F7E7     		b	.L13
 234              		.cfi_endproc
 235              	.LFE4:
 237              		.text
 238              	.Letext0:
 239              		.file 2 "Middlewares/ST/usbx/ports/generic/inc/ux_port.h"
 240              		.file 3 "Middlewares/ST/usbx/common/core/inc/ux_utility.h"
ARM GAS  C:\usertemp\ccxQ1Fma.s 			page 10


DEFINED SYMBOLS
                            *ABS*:00000000 ux_utility_descriptor_parse.c
C:\usertemp\ccxQ1Fma.s:22     .text._ux_utility_descriptor_parse:00000000 $t
C:\usertemp\ccxQ1Fma.s:28     .text._ux_utility_descriptor_parse:00000000 _ux_utility_descriptor_parse
C:\usertemp\ccxQ1Fma.s:142    .text._ux_utility_descriptor_parse_size:00000000 $t
C:\usertemp\ccxQ1Fma.s:148    .text._ux_utility_descriptor_parse_size:00000000 _ux_utility_descriptor_parse_size

UNDEFINED SYMBOLS
_ux_utility_long_get
_ux_utility_short_get
