ARM GAS  C:\usertemp\ccGg8Wya.s 			page 1


   1              		.cpu cortex-m33
   2              		.arch armv8-m.main
   3              		.fpu fpv4-sp-d16
   4              		.arch_extension dsp
   5              		.eabi_attribute 27, 1
   6              		.eabi_attribute 28, 1
   7              		.eabi_attribute 20, 1
   8              		.eabi_attribute 21, 1
   9              		.eabi_attribute 23, 3
  10              		.eabi_attribute 24, 1
  11              		.eabi_attribute 25, 1
  12              		.eabi_attribute 26, 1
  13              		.eabi_attribute 30, 1
  14              		.eabi_attribute 34, 1
  15              		.eabi_attribute 18, 4
  16              		.file	"ux_utility_memory_byte_pool_search.c"
  17              		.text
  18              	.Ltext0:
  19              		.cfi_sections	.debug_frame
  20              		.file 1 "Middlewares/ST/usbx/common/core/src/ux_utility_memory_byte_pool_search.c"
  21              		.section	.text._ux_utility_memory_byte_pool_search,"ax",%progbits
  22              		.align	1
  23              		.global	_ux_utility_memory_byte_pool_search
  24              		.syntax unified
  25              		.thumb
  26              		.thumb_func
  28              	_ux_utility_memory_byte_pool_search:
  29              	.LVL0:
  30              	.LFB3:
   1:Middlewares/ST/usbx/common/core/src/ux_utility_memory_byte_pool_search.c **** /**************************************************************************/
   2:Middlewares/ST/usbx/common/core/src/ux_utility_memory_byte_pool_search.c **** /*                                                                        */
   3:Middlewares/ST/usbx/common/core/src/ux_utility_memory_byte_pool_search.c **** /*       Copyright (c) Microsoft Corporation. All rights reserved.        */
   4:Middlewares/ST/usbx/common/core/src/ux_utility_memory_byte_pool_search.c **** /*                                                                        */
   5:Middlewares/ST/usbx/common/core/src/ux_utility_memory_byte_pool_search.c **** /*       This software is licensed under the Microsoft Software License   */
   6:Middlewares/ST/usbx/common/core/src/ux_utility_memory_byte_pool_search.c **** /*       Terms for Microsoft Azure RTOS. Full text of the license can be  */
   7:Middlewares/ST/usbx/common/core/src/ux_utility_memory_byte_pool_search.c **** /*       found in the LICENSE file at https://aka.ms/AzureRTOS_EULA       */
   8:Middlewares/ST/usbx/common/core/src/ux_utility_memory_byte_pool_search.c **** /*       and in the root directory of this software.                      */
   9:Middlewares/ST/usbx/common/core/src/ux_utility_memory_byte_pool_search.c **** /*                                                                        */
  10:Middlewares/ST/usbx/common/core/src/ux_utility_memory_byte_pool_search.c **** /**************************************************************************/
  11:Middlewares/ST/usbx/common/core/src/ux_utility_memory_byte_pool_search.c **** 
  12:Middlewares/ST/usbx/common/core/src/ux_utility_memory_byte_pool_search.c **** 
  13:Middlewares/ST/usbx/common/core/src/ux_utility_memory_byte_pool_search.c **** /**************************************************************************/
  14:Middlewares/ST/usbx/common/core/src/ux_utility_memory_byte_pool_search.c **** /**************************************************************************/
  15:Middlewares/ST/usbx/common/core/src/ux_utility_memory_byte_pool_search.c **** /**                                                                       */
  16:Middlewares/ST/usbx/common/core/src/ux_utility_memory_byte_pool_search.c **** /** USBX Component                                                        */
  17:Middlewares/ST/usbx/common/core/src/ux_utility_memory_byte_pool_search.c **** /**                                                                       */
  18:Middlewares/ST/usbx/common/core/src/ux_utility_memory_byte_pool_search.c **** /**   USBX main stack                                                     */
  19:Middlewares/ST/usbx/common/core/src/ux_utility_memory_byte_pool_search.c **** /**                                                                       */
  20:Middlewares/ST/usbx/common/core/src/ux_utility_memory_byte_pool_search.c **** /**************************************************************************/
  21:Middlewares/ST/usbx/common/core/src/ux_utility_memory_byte_pool_search.c **** /**************************************************************************/
  22:Middlewares/ST/usbx/common/core/src/ux_utility_memory_byte_pool_search.c **** 
  23:Middlewares/ST/usbx/common/core/src/ux_utility_memory_byte_pool_search.c **** 
  24:Middlewares/ST/usbx/common/core/src/ux_utility_memory_byte_pool_search.c **** /* Include necessary system files.  */
  25:Middlewares/ST/usbx/common/core/src/ux_utility_memory_byte_pool_search.c **** 
  26:Middlewares/ST/usbx/common/core/src/ux_utility_memory_byte_pool_search.c **** #define UX_SOURCE_CODE
  27:Middlewares/ST/usbx/common/core/src/ux_utility_memory_byte_pool_search.c **** 
  28:Middlewares/ST/usbx/common/core/src/ux_utility_memory_byte_pool_search.c **** #include "ux_api.h"
ARM GAS  C:\usertemp\ccGg8Wya.s 			page 2


  29:Middlewares/ST/usbx/common/core/src/ux_utility_memory_byte_pool_search.c **** 
  30:Middlewares/ST/usbx/common/core/src/ux_utility_memory_byte_pool_search.c **** 
  31:Middlewares/ST/usbx/common/core/src/ux_utility_memory_byte_pool_search.c **** /**************************************************************************/
  32:Middlewares/ST/usbx/common/core/src/ux_utility_memory_byte_pool_search.c **** /*                                                                        */
  33:Middlewares/ST/usbx/common/core/src/ux_utility_memory_byte_pool_search.c **** /*  FUNCTION                                               RELEASE        */
  34:Middlewares/ST/usbx/common/core/src/ux_utility_memory_byte_pool_search.c **** /*                                                                        */
  35:Middlewares/ST/usbx/common/core/src/ux_utility_memory_byte_pool_search.c **** /*    _ux_utility_memory_byte_pool_search                 PORTABLE C      */
  36:Middlewares/ST/usbx/common/core/src/ux_utility_memory_byte_pool_search.c **** /*                                                           6.3.0        */
  37:Middlewares/ST/usbx/common/core/src/ux_utility_memory_byte_pool_search.c **** /*  AUTHOR                                                                */
  38:Middlewares/ST/usbx/common/core/src/ux_utility_memory_byte_pool_search.c **** /*                                                                        */
  39:Middlewares/ST/usbx/common/core/src/ux_utility_memory_byte_pool_search.c **** /*    Yajun Xia, Microsoft Corporation                                    */
  40:Middlewares/ST/usbx/common/core/src/ux_utility_memory_byte_pool_search.c **** /*                                                                        */
  41:Middlewares/ST/usbx/common/core/src/ux_utility_memory_byte_pool_search.c **** /*  DESCRIPTION                                                           */
  42:Middlewares/ST/usbx/common/core/src/ux_utility_memory_byte_pool_search.c **** /*                                                                        */
  43:Middlewares/ST/usbx/common/core/src/ux_utility_memory_byte_pool_search.c **** /*    This function searches a byte pool for a memory block to satisfy    */
  44:Middlewares/ST/usbx/common/core/src/ux_utility_memory_byte_pool_search.c **** /*    the requested number of bytes.  Merging of adjacent free blocks     */
  45:Middlewares/ST/usbx/common/core/src/ux_utility_memory_byte_pool_search.c **** /*    takes place during the search.                                      */
  46:Middlewares/ST/usbx/common/core/src/ux_utility_memory_byte_pool_search.c **** /*                                                                        */
  47:Middlewares/ST/usbx/common/core/src/ux_utility_memory_byte_pool_search.c **** /*  INPUT                                                                 */
  48:Middlewares/ST/usbx/common/core/src/ux_utility_memory_byte_pool_search.c **** /*                                                                        */
  49:Middlewares/ST/usbx/common/core/src/ux_utility_memory_byte_pool_search.c **** /*    pool_ptr                          Pointer to pool control block     */
  50:Middlewares/ST/usbx/common/core/src/ux_utility_memory_byte_pool_search.c **** /*    memory_size                       Number of bytes required          */
  51:Middlewares/ST/usbx/common/core/src/ux_utility_memory_byte_pool_search.c **** /*                                                                        */
  52:Middlewares/ST/usbx/common/core/src/ux_utility_memory_byte_pool_search.c **** /*  OUTPUT                                                                */
  53:Middlewares/ST/usbx/common/core/src/ux_utility_memory_byte_pool_search.c **** /*                                                                        */
  54:Middlewares/ST/usbx/common/core/src/ux_utility_memory_byte_pool_search.c **** /*    UCHAR *                           Pointer to the allocated memory,  */
  55:Middlewares/ST/usbx/common/core/src/ux_utility_memory_byte_pool_search.c **** /*                                        if successful.  Otherwise, a    */
  56:Middlewares/ST/usbx/common/core/src/ux_utility_memory_byte_pool_search.c **** /*                                        NULL is returned                */
  57:Middlewares/ST/usbx/common/core/src/ux_utility_memory_byte_pool_search.c **** /*                                                                        */
  58:Middlewares/ST/usbx/common/core/src/ux_utility_memory_byte_pool_search.c **** /*  CALLS                                                                 */
  59:Middlewares/ST/usbx/common/core/src/ux_utility_memory_byte_pool_search.c **** /*                                                                        */
  60:Middlewares/ST/usbx/common/core/src/ux_utility_memory_byte_pool_search.c **** /*    None                                                                */
  61:Middlewares/ST/usbx/common/core/src/ux_utility_memory_byte_pool_search.c **** /*                                                                        */
  62:Middlewares/ST/usbx/common/core/src/ux_utility_memory_byte_pool_search.c **** /*  CALLED BY                                                             */
  63:Middlewares/ST/usbx/common/core/src/ux_utility_memory_byte_pool_search.c **** /*                                                                        */
  64:Middlewares/ST/usbx/common/core/src/ux_utility_memory_byte_pool_search.c **** /*    USBX Components                                                     */
  65:Middlewares/ST/usbx/common/core/src/ux_utility_memory_byte_pool_search.c **** /*                                                                        */
  66:Middlewares/ST/usbx/common/core/src/ux_utility_memory_byte_pool_search.c **** /*  RELEASE HISTORY                                                       */
  67:Middlewares/ST/usbx/common/core/src/ux_utility_memory_byte_pool_search.c **** /*                                                                        */
  68:Middlewares/ST/usbx/common/core/src/ux_utility_memory_byte_pool_search.c **** /*    DATE              NAME                      DESCRIPTION             */
  69:Middlewares/ST/usbx/common/core/src/ux_utility_memory_byte_pool_search.c **** /*                                                                        */
  70:Middlewares/ST/usbx/common/core/src/ux_utility_memory_byte_pool_search.c **** /*  10-31-2023     Yajun Xia                Initial Version 6.3.0         */
  71:Middlewares/ST/usbx/common/core/src/ux_utility_memory_byte_pool_search.c **** /*                                                                        */
  72:Middlewares/ST/usbx/common/core/src/ux_utility_memory_byte_pool_search.c **** /**************************************************************************/
  73:Middlewares/ST/usbx/common/core/src/ux_utility_memory_byte_pool_search.c **** UCHAR  *_ux_utility_memory_byte_pool_search(UX_MEMORY_BYTE_POOL *pool_ptr, ULONG memory_size)
  74:Middlewares/ST/usbx/common/core/src/ux_utility_memory_byte_pool_search.c **** {
  31              		.loc 1 74 1 view -0
  32              		.cfi_startproc
  33              		@ args = 0, pretend = 0, frame = 0
  34              		@ frame_needed = 0, uses_anonymous_args = 0
  35              		.loc 1 74 1 is_stmt 0 view .LVU1
  36 0000 8446     		mov	ip, r0
  75:Middlewares/ST/usbx/common/core/src/ux_utility_memory_byte_pool_search.c **** UCHAR               *current_ptr;
  37              		.loc 1 75 1 is_stmt 1 view .LVU2
  76:Middlewares/ST/usbx/common/core/src/ux_utility_memory_byte_pool_search.c **** UCHAR               *next_ptr;
  38              		.loc 1 76 1 view .LVU3
  77:Middlewares/ST/usbx/common/core/src/ux_utility_memory_byte_pool_search.c **** UCHAR               **this_block_link_ptr;
ARM GAS  C:\usertemp\ccGg8Wya.s 			page 3


  39              		.loc 1 77 1 view .LVU4
  78:Middlewares/ST/usbx/common/core/src/ux_utility_memory_byte_pool_search.c **** UCHAR               **next_block_link_ptr;
  40              		.loc 1 78 1 view .LVU5
  79:Middlewares/ST/usbx/common/core/src/ux_utility_memory_byte_pool_search.c **** ULONG               available_bytes;
  41              		.loc 1 79 1 view .LVU6
  80:Middlewares/ST/usbx/common/core/src/ux_utility_memory_byte_pool_search.c **** UINT                examine_blocks;
  42              		.loc 1 80 1 view .LVU7
  81:Middlewares/ST/usbx/common/core/src/ux_utility_memory_byte_pool_search.c **** UINT                first_free_block_found =  UX_FALSE;
  43              		.loc 1 81 1 view .LVU8
  44              	.LVL1:
  82:Middlewares/ST/usbx/common/core/src/ux_utility_memory_byte_pool_search.c **** ALIGN_TYPE          *free_ptr;
  45              		.loc 1 82 1 view .LVU9
  83:Middlewares/ST/usbx/common/core/src/ux_utility_memory_byte_pool_search.c **** UCHAR               *work_ptr;
  46              		.loc 1 83 1 view .LVU10
  84:Middlewares/ST/usbx/common/core/src/ux_utility_memory_byte_pool_search.c **** ULONG               total_theoretical_available;
  47              		.loc 1 84 1 view .LVU11
  85:Middlewares/ST/usbx/common/core/src/ux_utility_memory_byte_pool_search.c **** 
  86:Middlewares/ST/usbx/common/core/src/ux_utility_memory_byte_pool_search.c ****     /* First, determine if there are enough bytes in the pool.  */
  87:Middlewares/ST/usbx/common/core/src/ux_utility_memory_byte_pool_search.c ****     /* Theoretical bytes available = free bytes + ((fragments-2) * overhead of each block) */
  88:Middlewares/ST/usbx/common/core/src/ux_utility_memory_byte_pool_search.c ****     total_theoretical_available = pool_ptr -> ux_byte_pool_available + ((pool_ptr -> ux_byte_pool_f
  48              		.loc 1 88 5 view .LVU12
  49              		.loc 1 88 44 is_stmt 0 view .LVU13
  50 0002 0268     		ldr	r2, [r0]
  51              		.loc 1 88 83 view .LVU14
  52 0004 4368     		ldr	r3, [r0, #4]
  53              		.loc 1 88 109 view .LVU15
  54 0006 981E     		subs	r0, r3, #2
  55              	.LVL2:
  56              		.loc 1 88 33 view .LVU16
  57 0008 02EBC002 		add	r2, r2, r0, lsl #3
  58              	.LVL3:
  89:Middlewares/ST/usbx/common/core/src/ux_utility_memory_byte_pool_search.c ****     if (memory_size >= total_theoretical_available)
  59              		.loc 1 89 5 is_stmt 1 view .LVU17
  60              		.loc 1 89 8 is_stmt 0 view .LVU18
  61 000c 8A42     		cmp	r2, r1
  62 000e 3CD9     		bls	.L10
  90:Middlewares/ST/usbx/common/core/src/ux_utility_memory_byte_pool_search.c ****     {
  91:Middlewares/ST/usbx/common/core/src/ux_utility_memory_byte_pool_search.c **** 
  92:Middlewares/ST/usbx/common/core/src/ux_utility_memory_byte_pool_search.c ****         /* Not enough memory, return a NULL pointer.  */
  93:Middlewares/ST/usbx/common/core/src/ux_utility_memory_byte_pool_search.c ****         return(UX_NULL);
  94:Middlewares/ST/usbx/common/core/src/ux_utility_memory_byte_pool_search.c ****     }
  95:Middlewares/ST/usbx/common/core/src/ux_utility_memory_byte_pool_search.c **** 
  96:Middlewares/ST/usbx/common/core/src/ux_utility_memory_byte_pool_search.c ****     /* Check if the search pointer is valid.  */
  97:Middlewares/ST/usbx/common/core/src/ux_utility_memory_byte_pool_search.c ****     if ((pool_ptr -> ux_byte_pool_search < pool_ptr -> ux_byte_pool_start) ||
  63              		.loc 1 97 5 is_stmt 1 view .LVU19
  64              		.loc 1 97 19 is_stmt 0 view .LVU20
  65 0010 DCF80800 		ldr	r0, [ip, #8]
  66              		.loc 1 97 53 view .LVU21
  67 0014 DCF80C20 		ldr	r2, [ip, #12]
  68              	.LVL4:
  69              		.loc 1 97 8 view .LVU22
  70 0018 9042     		cmp	r0, r2
  71 001a 38D3     		bcc	.L11
  74:Middlewares/ST/usbx/common/core/src/ux_utility_memory_byte_pool_search.c **** UCHAR               *current_ptr;
  72              		.loc 1 74 1 view .LVU23
  73 001c 70B5     		push	{r4, r5, r6, lr}
  74              	.LCFI0:
ARM GAS  C:\usertemp\ccGg8Wya.s 			page 4


  75              		.cfi_def_cfa_offset 16
  76              		.cfi_offset 4, -16
  77              		.cfi_offset 5, -12
  78              		.cfi_offset 6, -8
  79              		.cfi_offset 14, -4
  98:Middlewares/ST/usbx/common/core/src/ux_utility_memory_byte_pool_search.c ****         (pool_ptr -> ux_byte_pool_search > pool_ptr -> ux_byte_pool_start + pool_ptr -> ux_byte_poo
  80              		.loc 1 98 86 view .LVU24
  81 001e DCF81040 		ldr	r4, [ip, #16]
  82              		.loc 1 98 75 view .LVU25
  83 0022 2244     		add	r2, r2, r4
  97:Middlewares/ST/usbx/common/core/src/ux_utility_memory_byte_pool_search.c ****         (pool_ptr -> ux_byte_pool_search > pool_ptr -> ux_byte_pool_start + pool_ptr -> ux_byte_poo
  84              		.loc 1 97 76 discriminator 1 view .LVU26
  85 0024 9042     		cmp	r0, r2
  86 0026 34D8     		bhi	.L12
  99:Middlewares/ST/usbx/common/core/src/ux_utility_memory_byte_pool_search.c ****     {
 100:Middlewares/ST/usbx/common/core/src/ux_utility_memory_byte_pool_search.c **** 
 101:Middlewares/ST/usbx/common/core/src/ux_utility_memory_byte_pool_search.c ****         /* Return a NULL pointer.  */
 102:Middlewares/ST/usbx/common/core/src/ux_utility_memory_byte_pool_search.c ****         return(UX_NULL);
 103:Middlewares/ST/usbx/common/core/src/ux_utility_memory_byte_pool_search.c ****     }
 104:Middlewares/ST/usbx/common/core/src/ux_utility_memory_byte_pool_search.c **** 
 105:Middlewares/ST/usbx/common/core/src/ux_utility_memory_byte_pool_search.c ****     /* Walk through the memory pool in search for a large enough block.  */
 106:Middlewares/ST/usbx/common/core/src/ux_utility_memory_byte_pool_search.c ****     current_ptr =      pool_ptr -> ux_byte_pool_search;
  87              		.loc 1 106 5 is_stmt 1 view .LVU27
  88              	.LVL5:
 107:Middlewares/ST/usbx/common/core/src/ux_utility_memory_byte_pool_search.c ****     examine_blocks =   pool_ptr -> ux_byte_pool_fragments + ((UINT) 1);
  89              		.loc 1 107 5 view .LVU28
  90              		.loc 1 107 20 is_stmt 0 view .LVU29
  91 0028 0133     		adds	r3, r3, #1
  92              	.LVL6:
 108:Middlewares/ST/usbx/common/core/src/ux_utility_memory_byte_pool_search.c ****     available_bytes =  ((ULONG) 0);
  93              		.loc 1 108 5 is_stmt 1 view .LVU30
  81:Middlewares/ST/usbx/common/core/src/ux_utility_memory_byte_pool_search.c **** ALIGN_TYPE          *free_ptr;
  94              		.loc 1 81 21 is_stmt 0 view .LVU31
  95 002a 0025     		movs	r5, #0
  96 002c 21E0     		b	.L9
  97              	.LVL7:
  98              	.L20:
 109:Middlewares/ST/usbx/common/core/src/ux_utility_memory_byte_pool_search.c ****     do
 110:Middlewares/ST/usbx/common/core/src/ux_utility_memory_byte_pool_search.c ****     {
 111:Middlewares/ST/usbx/common/core/src/ux_utility_memory_byte_pool_search.c ****         /* Check to see if this block is free.  */
 112:Middlewares/ST/usbx/common/core/src/ux_utility_memory_byte_pool_search.c ****         work_ptr =  UX_UCHAR_POINTER_ADD(current_ptr, (sizeof(UCHAR *)));
 113:Middlewares/ST/usbx/common/core/src/ux_utility_memory_byte_pool_search.c ****         free_ptr =  UX_UCHAR_TO_ALIGN_TYPE_POINTER_CONVERT(work_ptr);
 114:Middlewares/ST/usbx/common/core/src/ux_utility_memory_byte_pool_search.c ****         if ((*free_ptr) == UX_BYTE_BLOCK_FREE)
 115:Middlewares/ST/usbx/common/core/src/ux_utility_memory_byte_pool_search.c ****         {
 116:Middlewares/ST/usbx/common/core/src/ux_utility_memory_byte_pool_search.c **** 
 117:Middlewares/ST/usbx/common/core/src/ux_utility_memory_byte_pool_search.c ****             /* Determine if this is the first free block.  */
 118:Middlewares/ST/usbx/common/core/src/ux_utility_memory_byte_pool_search.c ****             if (first_free_block_found == UX_FALSE)
  99              		.loc 1 118 13 is_stmt 1 view .LVU32
 100              		.loc 1 118 16 is_stmt 0 view .LVU33
 101 002e 15B9     		cbnz	r5, .L4
 119:Middlewares/ST/usbx/common/core/src/ux_utility_memory_byte_pool_search.c ****             {
 120:Middlewares/ST/usbx/common/core/src/ux_utility_memory_byte_pool_search.c ****                 /* This is the first free block.  */
 121:Middlewares/ST/usbx/common/core/src/ux_utility_memory_byte_pool_search.c ****                 pool_ptr->ux_byte_pool_search =  current_ptr;
 102              		.loc 1 121 17 is_stmt 1 view .LVU34
 103              		.loc 1 121 47 is_stmt 0 view .LVU35
 104 0030 CCF80800 		str	r0, [ip, #8]
 122:Middlewares/ST/usbx/common/core/src/ux_utility_memory_byte_pool_search.c **** 
ARM GAS  C:\usertemp\ccGg8Wya.s 			page 5


 123:Middlewares/ST/usbx/common/core/src/ux_utility_memory_byte_pool_search.c ****                 /* Set the flag to indicate we have found the first free
 124:Middlewares/ST/usbx/common/core/src/ux_utility_memory_byte_pool_search.c ****                     block.  */
 125:Middlewares/ST/usbx/common/core/src/ux_utility_memory_byte_pool_search.c ****                 first_free_block_found =  UX_TRUE;
 105              		.loc 1 125 17 is_stmt 1 view .LVU36
 106              	.LVL8:
 107              		.loc 1 125 40 is_stmt 0 view .LVU37
 108 0034 0125     		movs	r5, #1
 109              	.LVL9:
 110              	.L4:
 126:Middlewares/ST/usbx/common/core/src/ux_utility_memory_byte_pool_search.c ****             }
 127:Middlewares/ST/usbx/common/core/src/ux_utility_memory_byte_pool_search.c **** 
 128:Middlewares/ST/usbx/common/core/src/ux_utility_memory_byte_pool_search.c ****             /* Block is free, see if it is large enough.  */
 129:Middlewares/ST/usbx/common/core/src/ux_utility_memory_byte_pool_search.c **** 
 130:Middlewares/ST/usbx/common/core/src/ux_utility_memory_byte_pool_search.c ****             /* Pickup the next block's pointer.  */
 131:Middlewares/ST/usbx/common/core/src/ux_utility_memory_byte_pool_search.c ****             this_block_link_ptr =  UX_UCHAR_TO_INDIRECT_UCHAR_POINTER_CONVERT(current_ptr);
 111              		.loc 1 131 13 is_stmt 1 view .LVU38
 132:Middlewares/ST/usbx/common/core/src/ux_utility_memory_byte_pool_search.c ****             next_ptr =             *this_block_link_ptr;
 112              		.loc 1 132 13 view .LVU39
 113              		.loc 1 132 22 is_stmt 0 view .LVU40
 114 0036 0268     		ldr	r2, [r0]
 115              	.LVL10:
 133:Middlewares/ST/usbx/common/core/src/ux_utility_memory_byte_pool_search.c **** 
 134:Middlewares/ST/usbx/common/core/src/ux_utility_memory_byte_pool_search.c ****             /* Calculate the number of bytes available in this block.  */
 135:Middlewares/ST/usbx/common/core/src/ux_utility_memory_byte_pool_search.c ****             available_bytes =   UX_UCHAR_POINTER_DIF(next_ptr, current_ptr);
 116              		.loc 1 135 13 is_stmt 1 view .LVU41
 117              		.loc 1 135 33 is_stmt 0 view .LVU42
 118 0038 A2EB000E 		sub	lr, r2, r0
 119              	.LVL11:
 136:Middlewares/ST/usbx/common/core/src/ux_utility_memory_byte_pool_search.c ****             available_bytes =   available_bytes - UX_MEMORY_BLOCK_HEADER_SIZE;
 120              		.loc 1 136 13 is_stmt 1 view .LVU43
 121              		.loc 1 136 29 is_stmt 0 view .LVU44
 122 003c AEF1080E 		sub	lr, lr, #8
 123              	.LVL12:
 137:Middlewares/ST/usbx/common/core/src/ux_utility_memory_byte_pool_search.c **** 
 138:Middlewares/ST/usbx/common/core/src/ux_utility_memory_byte_pool_search.c ****             /* If this is large enough, we are done because our first-fit algorithm
 139:Middlewares/ST/usbx/common/core/src/ux_utility_memory_byte_pool_search.c ****                 has been satisfied!  */
 140:Middlewares/ST/usbx/common/core/src/ux_utility_memory_byte_pool_search.c ****             if (available_bytes >= memory_size)
 124              		.loc 1 140 13 is_stmt 1 view .LVU45
 125              		.loc 1 140 16 is_stmt 0 view .LVU46
 126 0040 7145     		cmp	r1, lr
 127 0042 1FD9     		bls	.L13
 141:Middlewares/ST/usbx/common/core/src/ux_utility_memory_byte_pool_search.c ****             {
 142:Middlewares/ST/usbx/common/core/src/ux_utility_memory_byte_pool_search.c **** 
 143:Middlewares/ST/usbx/common/core/src/ux_utility_memory_byte_pool_search.c ****                 /* Get out of the search loop!  */
 144:Middlewares/ST/usbx/common/core/src/ux_utility_memory_byte_pool_search.c ****                 break;
 145:Middlewares/ST/usbx/common/core/src/ux_utility_memory_byte_pool_search.c ****             }
 146:Middlewares/ST/usbx/common/core/src/ux_utility_memory_byte_pool_search.c ****             else
 147:Middlewares/ST/usbx/common/core/src/ux_utility_memory_byte_pool_search.c ****             {
 148:Middlewares/ST/usbx/common/core/src/ux_utility_memory_byte_pool_search.c **** 
 149:Middlewares/ST/usbx/common/core/src/ux_utility_memory_byte_pool_search.c ****                 /* Clear the available bytes variable.  */
 150:Middlewares/ST/usbx/common/core/src/ux_utility_memory_byte_pool_search.c ****                 available_bytes =  ((ULONG) 0);
 128              		.loc 1 150 17 is_stmt 1 view .LVU47
 129              	.LVL13:
 151:Middlewares/ST/usbx/common/core/src/ux_utility_memory_byte_pool_search.c **** 
 152:Middlewares/ST/usbx/common/core/src/ux_utility_memory_byte_pool_search.c ****                 /* Not enough memory, check to see if the neighbor is
 153:Middlewares/ST/usbx/common/core/src/ux_utility_memory_byte_pool_search.c ****                     free and can be merged.  */
 154:Middlewares/ST/usbx/common/core/src/ux_utility_memory_byte_pool_search.c ****                 work_ptr =  UX_UCHAR_POINTER_ADD(next_ptr, (sizeof(UCHAR *)));
ARM GAS  C:\usertemp\ccGg8Wya.s 			page 6


 130              		.loc 1 154 17 view .LVU48
 155:Middlewares/ST/usbx/common/core/src/ux_utility_memory_byte_pool_search.c ****                 free_ptr =  UX_UCHAR_TO_ALIGN_TYPE_POINTER_CONVERT(work_ptr);
 131              		.loc 1 155 17 view .LVU49
 156:Middlewares/ST/usbx/common/core/src/ux_utility_memory_byte_pool_search.c ****                 if ((*free_ptr) == UX_BYTE_BLOCK_FREE)
 132              		.loc 1 156 17 view .LVU50
 133              		.loc 1 156 20 is_stmt 0 view .LVU51
 134 0044 154C     		ldr	r4, .L22
 135 0046 5668     		ldr	r6, [r2, #4]
 136 0048 A642     		cmp	r6, r4
 137 004a 03D0     		beq	.L19
 157:Middlewares/ST/usbx/common/core/src/ux_utility_memory_byte_pool_search.c ****                 {
 158:Middlewares/ST/usbx/common/core/src/ux_utility_memory_byte_pool_search.c **** 
 159:Middlewares/ST/usbx/common/core/src/ux_utility_memory_byte_pool_search.c ****                     /* Yes, neighbor block can be merged!  This is quickly accomplished
 160:Middlewares/ST/usbx/common/core/src/ux_utility_memory_byte_pool_search.c ****                         by updating the current block with the next blocks pointer.  */
 161:Middlewares/ST/usbx/common/core/src/ux_utility_memory_byte_pool_search.c ****                     next_block_link_ptr =  UX_UCHAR_TO_INDIRECT_UCHAR_POINTER_CONVERT(next_ptr);
 162:Middlewares/ST/usbx/common/core/src/ux_utility_memory_byte_pool_search.c ****                     *this_block_link_ptr =  *next_block_link_ptr;
 163:Middlewares/ST/usbx/common/core/src/ux_utility_memory_byte_pool_search.c **** 
 164:Middlewares/ST/usbx/common/core/src/ux_utility_memory_byte_pool_search.c ****                     /* Reduce the fragment total.  We don't need to increase the bytes
 165:Middlewares/ST/usbx/common/core/src/ux_utility_memory_byte_pool_search.c ****                         available because all free headers are also included in the available
 166:Middlewares/ST/usbx/common/core/src/ux_utility_memory_byte_pool_search.c ****                         count.  */
 167:Middlewares/ST/usbx/common/core/src/ux_utility_memory_byte_pool_search.c ****                     pool_ptr -> ux_byte_pool_fragments--;
 168:Middlewares/ST/usbx/common/core/src/ux_utility_memory_byte_pool_search.c **** 
 169:Middlewares/ST/usbx/common/core/src/ux_utility_memory_byte_pool_search.c ****                     /* See if the search pointer is affected.  */
 170:Middlewares/ST/usbx/common/core/src/ux_utility_memory_byte_pool_search.c ****                     if (pool_ptr -> ux_byte_pool_search ==  next_ptr)
 171:Middlewares/ST/usbx/common/core/src/ux_utility_memory_byte_pool_search.c ****                     {
 172:Middlewares/ST/usbx/common/core/src/ux_utility_memory_byte_pool_search.c ****                         /* Yes, update the search pointer.   */
 173:Middlewares/ST/usbx/common/core/src/ux_utility_memory_byte_pool_search.c ****                         pool_ptr -> ux_byte_pool_search =  current_ptr;
 174:Middlewares/ST/usbx/common/core/src/ux_utility_memory_byte_pool_search.c ****                     }
 175:Middlewares/ST/usbx/common/core/src/ux_utility_memory_byte_pool_search.c ****                 }
 176:Middlewares/ST/usbx/common/core/src/ux_utility_memory_byte_pool_search.c ****                 else
 177:Middlewares/ST/usbx/common/core/src/ux_utility_memory_byte_pool_search.c ****                 {
 178:Middlewares/ST/usbx/common/core/src/ux_utility_memory_byte_pool_search.c ****                     /* Neighbor is not free so we can skip over it!  */
 179:Middlewares/ST/usbx/common/core/src/ux_utility_memory_byte_pool_search.c ****                     next_block_link_ptr =  UX_UCHAR_TO_INDIRECT_UCHAR_POINTER_CONVERT(next_ptr);
 138              		.loc 1 179 21 is_stmt 1 view .LVU52
 139              	.LVL14:
 180:Middlewares/ST/usbx/common/core/src/ux_utility_memory_byte_pool_search.c ****                     current_ptr =  *next_block_link_ptr;
 140              		.loc 1 180 21 view .LVU53
 141              		.loc 1 180 33 is_stmt 0 view .LVU54
 142 004c 1068     		ldr	r0, [r2]
 143              	.LVL15:
 181:Middlewares/ST/usbx/common/core/src/ux_utility_memory_byte_pool_search.c **** 
 182:Middlewares/ST/usbx/common/core/src/ux_utility_memory_byte_pool_search.c ****                     /* Decrement the examined block count to account for this one.  */
 183:Middlewares/ST/usbx/common/core/src/ux_utility_memory_byte_pool_search.c ****                     if (examine_blocks != ((UINT) 0))
 144              		.loc 1 183 21 is_stmt 1 view .LVU55
 145              		.loc 1 183 24 is_stmt 0 view .LVU56
 146 004e ABB1     		cbz	r3, .L7
 184:Middlewares/ST/usbx/common/core/src/ux_utility_memory_byte_pool_search.c ****                     {
 185:Middlewares/ST/usbx/common/core/src/ux_utility_memory_byte_pool_search.c ****                         examine_blocks--;
 147              		.loc 1 185 25 is_stmt 1 view .LVU57
 148              		.loc 1 185 39 is_stmt 0 view .LVU58
 149 0050 013B     		subs	r3, r3, #1
 150              	.LVL16:
 151              		.loc 1 185 39 view .LVU59
 152 0052 13E0     		b	.L7
 153              	.LVL17:
 154              	.L19:
 161:Middlewares/ST/usbx/common/core/src/ux_utility_memory_byte_pool_search.c ****                     *this_block_link_ptr =  *next_block_link_ptr;
ARM GAS  C:\usertemp\ccGg8Wya.s 			page 7


 155              		.loc 1 161 21 is_stmt 1 view .LVU60
 162:Middlewares/ST/usbx/common/core/src/ux_utility_memory_byte_pool_search.c **** 
 156              		.loc 1 162 21 view .LVU61
 162:Middlewares/ST/usbx/common/core/src/ux_utility_memory_byte_pool_search.c **** 
 157              		.loc 1 162 45 is_stmt 0 view .LVU62
 158 0054 1468     		ldr	r4, [r2]
 162:Middlewares/ST/usbx/common/core/src/ux_utility_memory_byte_pool_search.c **** 
 159              		.loc 1 162 42 view .LVU63
 160 0056 0460     		str	r4, [r0]
 167:Middlewares/ST/usbx/common/core/src/ux_utility_memory_byte_pool_search.c **** 
 161              		.loc 1 167 21 is_stmt 1 view .LVU64
 167:Middlewares/ST/usbx/common/core/src/ux_utility_memory_byte_pool_search.c **** 
 162              		.loc 1 167 30 is_stmt 0 view .LVU65
 163 0058 DCF80440 		ldr	r4, [ip, #4]
 167:Middlewares/ST/usbx/common/core/src/ux_utility_memory_byte_pool_search.c **** 
 164              		.loc 1 167 55 view .LVU66
 165 005c 013C     		subs	r4, r4, #1
 166 005e CCF80440 		str	r4, [ip, #4]
 170:Middlewares/ST/usbx/common/core/src/ux_utility_memory_byte_pool_search.c ****                     {
 167              		.loc 1 170 21 is_stmt 1 view .LVU67
 170:Middlewares/ST/usbx/common/core/src/ux_utility_memory_byte_pool_search.c ****                     {
 168              		.loc 1 170 34 is_stmt 0 view .LVU68
 169 0062 DCF80840 		ldr	r4, [ip, #8]
 170:Middlewares/ST/usbx/common/core/src/ux_utility_memory_byte_pool_search.c ****                     {
 170              		.loc 1 170 24 view .LVU69
 171 0066 9442     		cmp	r4, r2
 172 0068 08D1     		bne	.L7
 173:Middlewares/ST/usbx/common/core/src/ux_utility_memory_byte_pool_search.c ****                     }
 173              		.loc 1 173 25 is_stmt 1 view .LVU70
 173:Middlewares/ST/usbx/common/core/src/ux_utility_memory_byte_pool_search.c ****                     }
 174              		.loc 1 173 57 is_stmt 0 view .LVU71
 175 006a CCF80800 		str	r0, [ip, #8]
 176 006e 05E0     		b	.L7
 177              	.LVL18:
 178              	.L8:
 186:Middlewares/ST/usbx/common/core/src/ux_utility_memory_byte_pool_search.c ****                     }
 187:Middlewares/ST/usbx/common/core/src/ux_utility_memory_byte_pool_search.c ****                 }
 188:Middlewares/ST/usbx/common/core/src/ux_utility_memory_byte_pool_search.c ****             }
 189:Middlewares/ST/usbx/common/core/src/ux_utility_memory_byte_pool_search.c ****         }
 190:Middlewares/ST/usbx/common/core/src/ux_utility_memory_byte_pool_search.c ****         else
 191:Middlewares/ST/usbx/common/core/src/ux_utility_memory_byte_pool_search.c ****         {
 192:Middlewares/ST/usbx/common/core/src/ux_utility_memory_byte_pool_search.c **** 
 193:Middlewares/ST/usbx/common/core/src/ux_utility_memory_byte_pool_search.c ****             /* Block is not free, move to next block.  */
 194:Middlewares/ST/usbx/common/core/src/ux_utility_memory_byte_pool_search.c ****             this_block_link_ptr =  UX_UCHAR_TO_INDIRECT_UCHAR_POINTER_CONVERT(current_ptr);
 195:Middlewares/ST/usbx/common/core/src/ux_utility_memory_byte_pool_search.c ****             current_ptr =  *this_block_link_ptr;
 196:Middlewares/ST/usbx/common/core/src/ux_utility_memory_byte_pool_search.c ****         }
 197:Middlewares/ST/usbx/common/core/src/ux_utility_memory_byte_pool_search.c **** 
 198:Middlewares/ST/usbx/common/core/src/ux_utility_memory_byte_pool_search.c ****         /* Another block has been searched... decrement counter.  */
 199:Middlewares/ST/usbx/common/core/src/ux_utility_memory_byte_pool_search.c ****         if (examine_blocks != ((UINT) 0))
 200:Middlewares/ST/usbx/common/core/src/ux_utility_memory_byte_pool_search.c ****         {
 201:Middlewares/ST/usbx/common/core/src/ux_utility_memory_byte_pool_search.c **** 
 202:Middlewares/ST/usbx/common/core/src/ux_utility_memory_byte_pool_search.c ****             examine_blocks--;
 203:Middlewares/ST/usbx/common/core/src/ux_utility_memory_byte_pool_search.c ****         }
 204:Middlewares/ST/usbx/common/core/src/ux_utility_memory_byte_pool_search.c **** 
 205:Middlewares/ST/usbx/common/core/src/ux_utility_memory_byte_pool_search.c ****     } while(examine_blocks != ((UINT) 0));
 179              		.loc 1 205 28 is_stmt 1 view .LVU72
 180 0070 4BB1     		cbz	r3, .L5
ARM GAS  C:\usertemp\ccGg8Wya.s 			page 8


 181              	.LVL19:
 182              	.L9:
 109:Middlewares/ST/usbx/common/core/src/ux_utility_memory_byte_pool_search.c ****     {
 183              		.loc 1 109 5 view .LVU73
 112:Middlewares/ST/usbx/common/core/src/ux_utility_memory_byte_pool_search.c ****         free_ptr =  UX_UCHAR_TO_ALIGN_TYPE_POINTER_CONVERT(work_ptr);
 184              		.loc 1 112 9 view .LVU74
 113:Middlewares/ST/usbx/common/core/src/ux_utility_memory_byte_pool_search.c ****         if ((*free_ptr) == UX_BYTE_BLOCK_FREE)
 185              		.loc 1 113 9 view .LVU75
 114:Middlewares/ST/usbx/common/core/src/ux_utility_memory_byte_pool_search.c ****         {
 186              		.loc 1 114 9 view .LVU76
 114:Middlewares/ST/usbx/common/core/src/ux_utility_memory_byte_pool_search.c ****         {
 187              		.loc 1 114 12 is_stmt 0 view .LVU77
 188 0072 0A4A     		ldr	r2, .L22
 189 0074 4468     		ldr	r4, [r0, #4]
 190 0076 9442     		cmp	r4, r2
 191 0078 D9D0     		beq	.L20
 194:Middlewares/ST/usbx/common/core/src/ux_utility_memory_byte_pool_search.c ****             current_ptr =  *this_block_link_ptr;
 192              		.loc 1 194 13 is_stmt 1 view .LVU78
 193              	.LVL20:
 195:Middlewares/ST/usbx/common/core/src/ux_utility_memory_byte_pool_search.c ****         }
 194              		.loc 1 195 13 view .LVU79
 195:Middlewares/ST/usbx/common/core/src/ux_utility_memory_byte_pool_search.c ****         }
 195              		.loc 1 195 25 is_stmt 0 view .LVU80
 196 007a 0068     		ldr	r0, [r0]
 197              	.LVL21:
 198              	.L7:
 199:Middlewares/ST/usbx/common/core/src/ux_utility_memory_byte_pool_search.c ****         {
 199              		.loc 1 199 9 is_stmt 1 view .LVU81
 199:Middlewares/ST/usbx/common/core/src/ux_utility_memory_byte_pool_search.c ****         {
 200              		.loc 1 199 12 is_stmt 0 view .LVU82
 201 007c 002B     		cmp	r3, #0
 202 007e F7D0     		beq	.L8
 202:Middlewares/ST/usbx/common/core/src/ux_utility_memory_byte_pool_search.c ****         }
 203              		.loc 1 202 13 is_stmt 1 view .LVU83
 202:Middlewares/ST/usbx/common/core/src/ux_utility_memory_byte_pool_search.c ****         }
 204              		.loc 1 202 27 is_stmt 0 view .LVU84
 205 0080 013B     		subs	r3, r3, #1
 206              	.LVL22:
 202:Middlewares/ST/usbx/common/core/src/ux_utility_memory_byte_pool_search.c ****         }
 207              		.loc 1 202 27 view .LVU85
 208 0082 F5E7     		b	.L8
 209              	.LVL23:
 210              	.L13:
 136:Middlewares/ST/usbx/common/core/src/ux_utility_memory_byte_pool_search.c **** 
 211              		.loc 1 136 29 view .LVU86
 212 0084 7346     		mov	r3, lr
 213              	.LVL24:
 214              	.L5:
 206:Middlewares/ST/usbx/common/core/src/ux_utility_memory_byte_pool_search.c **** 
 207:Middlewares/ST/usbx/common/core/src/ux_utility_memory_byte_pool_search.c ****     /* If a block was found, just return. */
 208:Middlewares/ST/usbx/common/core/src/ux_utility_memory_byte_pool_search.c ****     if (available_bytes == ((ULONG) 0))
 215              		.loc 1 208 5 is_stmt 1 view .LVU87
 216              		.loc 1 208 8 is_stmt 0 view .LVU88
 217 0086 33B1     		cbz	r3, .L21
 218              	.LVL25:
 219              	.L1:
 209:Middlewares/ST/usbx/common/core/src/ux_utility_memory_byte_pool_search.c ****     {
ARM GAS  C:\usertemp\ccGg8Wya.s 			page 9


 210:Middlewares/ST/usbx/common/core/src/ux_utility_memory_byte_pool_search.c ****         return(UX_NULL);
 211:Middlewares/ST/usbx/common/core/src/ux_utility_memory_byte_pool_search.c ****     }
 212:Middlewares/ST/usbx/common/core/src/ux_utility_memory_byte_pool_search.c **** 
 213:Middlewares/ST/usbx/common/core/src/ux_utility_memory_byte_pool_search.c ****     /* Return the search pointer.  */
 214:Middlewares/ST/usbx/common/core/src/ux_utility_memory_byte_pool_search.c ****     return(current_ptr);
 215:Middlewares/ST/usbx/common/core/src/ux_utility_memory_byte_pool_search.c **** }
 220              		.loc 1 215 1 view .LVU89
 221 0088 70BD     		pop	{r4, r5, r6, pc}
 222              	.LVL26:
 223              	.L10:
 224              	.LCFI1:
 225              		.cfi_def_cfa_offset 0
 226              		.cfi_restore 4
 227              		.cfi_restore 5
 228              		.cfi_restore 6
 229              		.cfi_restore 14
  93:Middlewares/ST/usbx/common/core/src/ux_utility_memory_byte_pool_search.c ****     }
 230              		.loc 1 93 15 view .LVU90
 231 008a 0020     		movs	r0, #0
 232 008c 7047     		bx	lr
 233              	.LVL27:
 234              	.L11:
 102:Middlewares/ST/usbx/common/core/src/ux_utility_memory_byte_pool_search.c ****     }
 235              		.loc 1 102 15 view .LVU91
 236 008e 0020     		movs	r0, #0
 237              		.loc 1 215 1 view .LVU92
 238 0090 7047     		bx	lr
 239              	.L12:
 240              	.LCFI2:
 241              		.cfi_def_cfa_offset 16
 242              		.cfi_offset 4, -16
 243              		.cfi_offset 5, -12
 244              		.cfi_offset 6, -8
 245              		.cfi_offset 14, -4
 102:Middlewares/ST/usbx/common/core/src/ux_utility_memory_byte_pool_search.c ****     }
 246              		.loc 1 102 15 view .LVU93
 247 0092 0020     		movs	r0, #0
 248 0094 F8E7     		b	.L1
 249              	.LVL28:
 250              	.L21:
 210:Middlewares/ST/usbx/common/core/src/ux_utility_memory_byte_pool_search.c ****     }
 251              		.loc 1 210 15 view .LVU94
 252 0096 0020     		movs	r0, #0
 253              	.LVL29:
 210:Middlewares/ST/usbx/common/core/src/ux_utility_memory_byte_pool_search.c ****     }
 254              		.loc 1 210 15 view .LVU95
 255 0098 F6E7     		b	.L1
 256              	.L23:
 257 009a 00BF     		.align	2
 258              	.L22:
 259 009c EEEEFFFF 		.word	-4370
 260              		.cfi_endproc
 261              	.LFE3:
 263              		.text
 264              	.Letext0:
 265              		.file 2 "Middlewares/ST/usbx/ports/generic/inc/ux_port.h"
 266              		.file 3 "Middlewares/ST/usbx/common/core/inc/ux_api.h"
ARM GAS  C:\usertemp\ccGg8Wya.s 			page 10


ARM GAS  C:\usertemp\ccGg8Wya.s 			page 11


DEFINED SYMBOLS
                            *ABS*:00000000 ux_utility_memory_byte_pool_search.c
C:\usertemp\ccGg8Wya.s:22     .text._ux_utility_memory_byte_pool_search:00000000 $t
C:\usertemp\ccGg8Wya.s:28     .text._ux_utility_memory_byte_pool_search:00000000 _ux_utility_memory_byte_pool_search
C:\usertemp\ccGg8Wya.s:259    .text._ux_utility_memory_byte_pool_search:0000009c $d

NO UNDEFINED SYMBOLS
