ARM GAS  C:\usertemp\cc0hx2Mk.s 			page 1


   1              		.cpu cortex-m33
   2              		.arch armv8-m.main
   3              		.fpu fpv4-sp-d16
   4              		.arch_extension dsp
   5              		.eabi_attribute 27, 1
   6              		.eabi_attribute 28, 1
   7              		.eabi_attribute 20, 1
   8              		.eabi_attribute 21, 1
   9              		.eabi_attribute 23, 3
  10              		.eabi_attribute 24, 1
  11              		.eabi_attribute 25, 1
  12              		.eabi_attribute 26, 1
  13              		.eabi_attribute 30, 1
  14              		.eabi_attribute 34, 1
  15              		.eabi_attribute 18, 4
  16              		.file	"ux_utility_mutex_on.c"
  17              		.text
  18              	.Ltext0:
  19              		.cfi_sections	.debug_frame
  20              		.file 1 "Middlewares/ST/usbx/common/core/src/ux_utility_mutex_on.c"
  21              		.section	.text._ux_utility_mutex_on,"ax",%progbits
  22              		.align	1
  23              		.global	_ux_utility_mutex_on
  24              		.syntax unified
  25              		.thumb
  26              		.thumb_func
  28              	_ux_utility_mutex_on:
  29              	.LVL0:
  30              	.LFB11:
   1:Middlewares/ST/usbx/common/core/src/ux_utility_mutex_on.c **** /**************************************************************************/
   2:Middlewares/ST/usbx/common/core/src/ux_utility_mutex_on.c **** /*                                                                        */
   3:Middlewares/ST/usbx/common/core/src/ux_utility_mutex_on.c **** /*       Copyright (c) Microsoft Corporation. All rights reserved.        */
   4:Middlewares/ST/usbx/common/core/src/ux_utility_mutex_on.c **** /*                                                                        */
   5:Middlewares/ST/usbx/common/core/src/ux_utility_mutex_on.c **** /*       This software is licensed under the Microsoft Software License   */
   6:Middlewares/ST/usbx/common/core/src/ux_utility_mutex_on.c **** /*       Terms for Microsoft Azure RTOS. Full text of the license can be  */
   7:Middlewares/ST/usbx/common/core/src/ux_utility_mutex_on.c **** /*       found in the LICENSE file at https://aka.ms/AzureRTOS_EULA       */
   8:Middlewares/ST/usbx/common/core/src/ux_utility_mutex_on.c **** /*       and in the root directory of this software.                      */
   9:Middlewares/ST/usbx/common/core/src/ux_utility_mutex_on.c **** /*                                                                        */
  10:Middlewares/ST/usbx/common/core/src/ux_utility_mutex_on.c **** /**************************************************************************/
  11:Middlewares/ST/usbx/common/core/src/ux_utility_mutex_on.c **** 
  12:Middlewares/ST/usbx/common/core/src/ux_utility_mutex_on.c **** 
  13:Middlewares/ST/usbx/common/core/src/ux_utility_mutex_on.c **** /**************************************************************************/
  14:Middlewares/ST/usbx/common/core/src/ux_utility_mutex_on.c **** /**************************************************************************/
  15:Middlewares/ST/usbx/common/core/src/ux_utility_mutex_on.c **** /**                                                                       */ 
  16:Middlewares/ST/usbx/common/core/src/ux_utility_mutex_on.c **** /** USBX Component                                                        */ 
  17:Middlewares/ST/usbx/common/core/src/ux_utility_mutex_on.c **** /**                                                                       */
  18:Middlewares/ST/usbx/common/core/src/ux_utility_mutex_on.c **** /**   Utility                                                             */
  19:Middlewares/ST/usbx/common/core/src/ux_utility_mutex_on.c **** /**                                                                       */
  20:Middlewares/ST/usbx/common/core/src/ux_utility_mutex_on.c **** /**************************************************************************/
  21:Middlewares/ST/usbx/common/core/src/ux_utility_mutex_on.c **** /**************************************************************************/
  22:Middlewares/ST/usbx/common/core/src/ux_utility_mutex_on.c **** 
  23:Middlewares/ST/usbx/common/core/src/ux_utility_mutex_on.c **** 
  24:Middlewares/ST/usbx/common/core/src/ux_utility_mutex_on.c **** /* Include necessary system files.  */
  25:Middlewares/ST/usbx/common/core/src/ux_utility_mutex_on.c **** 
  26:Middlewares/ST/usbx/common/core/src/ux_utility_mutex_on.c **** #define UX_SOURCE_CODE
  27:Middlewares/ST/usbx/common/core/src/ux_utility_mutex_on.c **** 
  28:Middlewares/ST/usbx/common/core/src/ux_utility_mutex_on.c **** #include "ux_api.h"
ARM GAS  C:\usertemp\cc0hx2Mk.s 			page 2


  29:Middlewares/ST/usbx/common/core/src/ux_utility_mutex_on.c **** 
  30:Middlewares/ST/usbx/common/core/src/ux_utility_mutex_on.c **** 
  31:Middlewares/ST/usbx/common/core/src/ux_utility_mutex_on.c **** #if !defined(UX_STANDALONE)
  32:Middlewares/ST/usbx/common/core/src/ux_utility_mutex_on.c **** /**************************************************************************/ 
  33:Middlewares/ST/usbx/common/core/src/ux_utility_mutex_on.c **** /*                                                                        */ 
  34:Middlewares/ST/usbx/common/core/src/ux_utility_mutex_on.c **** /*  FUNCTION                                               RELEASE        */ 
  35:Middlewares/ST/usbx/common/core/src/ux_utility_mutex_on.c **** /*                                                                        */ 
  36:Middlewares/ST/usbx/common/core/src/ux_utility_mutex_on.c **** /*    _ux_utility_mutex_on                                PORTABLE C      */ 
  37:Middlewares/ST/usbx/common/core/src/ux_utility_mutex_on.c **** /*                                                           6.1.11       */
  38:Middlewares/ST/usbx/common/core/src/ux_utility_mutex_on.c **** /*  AUTHOR                                                                */
  39:Middlewares/ST/usbx/common/core/src/ux_utility_mutex_on.c **** /*                                                                        */
  40:Middlewares/ST/usbx/common/core/src/ux_utility_mutex_on.c **** /*    Chaoqiong Xiao, Microsoft Corporation                               */
  41:Middlewares/ST/usbx/common/core/src/ux_utility_mutex_on.c **** /*                                                                        */
  42:Middlewares/ST/usbx/common/core/src/ux_utility_mutex_on.c **** /*  DESCRIPTION                                                           */
  43:Middlewares/ST/usbx/common/core/src/ux_utility_mutex_on.c **** /*                                                                        */ 
  44:Middlewares/ST/usbx/common/core/src/ux_utility_mutex_on.c **** /*    This function gets system protection.                               */ 
  45:Middlewares/ST/usbx/common/core/src/ux_utility_mutex_on.c **** /*                                                                        */ 
  46:Middlewares/ST/usbx/common/core/src/ux_utility_mutex_on.c **** /*  INPUT                                                                 */ 
  47:Middlewares/ST/usbx/common/core/src/ux_utility_mutex_on.c **** /*                                                                        */ 
  48:Middlewares/ST/usbx/common/core/src/ux_utility_mutex_on.c **** /*    Mutex                                                               */ 
  49:Middlewares/ST/usbx/common/core/src/ux_utility_mutex_on.c **** /*                                                                        */ 
  50:Middlewares/ST/usbx/common/core/src/ux_utility_mutex_on.c **** /*  OUTPUT                                                                */ 
  51:Middlewares/ST/usbx/common/core/src/ux_utility_mutex_on.c **** /*                                                                        */ 
  52:Middlewares/ST/usbx/common/core/src/ux_utility_mutex_on.c **** /*    None                                                                */ 
  53:Middlewares/ST/usbx/common/core/src/ux_utility_mutex_on.c **** /*                                                                        */ 
  54:Middlewares/ST/usbx/common/core/src/ux_utility_mutex_on.c **** /*  CALLS                                                                 */ 
  55:Middlewares/ST/usbx/common/core/src/ux_utility_mutex_on.c **** /*                                                                        */ 
  56:Middlewares/ST/usbx/common/core/src/ux_utility_mutex_on.c **** /*    tx_mutex_get                          ThreadX mutex get             */
  57:Middlewares/ST/usbx/common/core/src/ux_utility_mutex_on.c **** /*                                                                        */ 
  58:Middlewares/ST/usbx/common/core/src/ux_utility_mutex_on.c **** /*  CALLED BY                                                             */ 
  59:Middlewares/ST/usbx/common/core/src/ux_utility_mutex_on.c **** /*                                                                        */ 
  60:Middlewares/ST/usbx/common/core/src/ux_utility_mutex_on.c **** /*    USBX Components                                                     */ 
  61:Middlewares/ST/usbx/common/core/src/ux_utility_mutex_on.c **** /*                                                                        */ 
  62:Middlewares/ST/usbx/common/core/src/ux_utility_mutex_on.c **** /*  RELEASE HISTORY                                                       */ 
  63:Middlewares/ST/usbx/common/core/src/ux_utility_mutex_on.c **** /*                                                                        */ 
  64:Middlewares/ST/usbx/common/core/src/ux_utility_mutex_on.c **** /*    DATE              NAME                      DESCRIPTION             */ 
  65:Middlewares/ST/usbx/common/core/src/ux_utility_mutex_on.c **** /*                                                                        */ 
  66:Middlewares/ST/usbx/common/core/src/ux_utility_mutex_on.c **** /*  05-19-2020     Chaoqiong Xiao           Initial Version 6.0           */
  67:Middlewares/ST/usbx/common/core/src/ux_utility_mutex_on.c **** /*  09-30-2020     Chaoqiong Xiao           Modified comment(s),          */
  68:Middlewares/ST/usbx/common/core/src/ux_utility_mutex_on.c **** /*                                            used UX prefix to refer to  */
  69:Middlewares/ST/usbx/common/core/src/ux_utility_mutex_on.c **** /*                                            TX symbols instead of using */
  70:Middlewares/ST/usbx/common/core/src/ux_utility_mutex_on.c **** /*                                            them directly,              */
  71:Middlewares/ST/usbx/common/core/src/ux_utility_mutex_on.c **** /*                                            resulting in version 6.1    */
  72:Middlewares/ST/usbx/common/core/src/ux_utility_mutex_on.c **** /*  04-25-2022     Chaoqiong Xiao           Modified comment(s),          */
  73:Middlewares/ST/usbx/common/core/src/ux_utility_mutex_on.c **** /*                                            off in standalone build,    */
  74:Middlewares/ST/usbx/common/core/src/ux_utility_mutex_on.c **** /*                                            resulting in version 6.1.11 */
  75:Middlewares/ST/usbx/common/core/src/ux_utility_mutex_on.c **** /*                                                                        */
  76:Middlewares/ST/usbx/common/core/src/ux_utility_mutex_on.c **** /**************************************************************************/
  77:Middlewares/ST/usbx/common/core/src/ux_utility_mutex_on.c **** VOID  _ux_utility_mutex_on(UX_MUTEX *mutex)
  78:Middlewares/ST/usbx/common/core/src/ux_utility_mutex_on.c **** {
  31              		.loc 1 78 1 view -0
  32              		.cfi_startproc
  33              		@ args = 0, pretend = 0, frame = 0
  34              		@ frame_needed = 0, uses_anonymous_args = 0
  35              		.loc 1 78 1 is_stmt 0 view .LVU1
  36 0000 08B5     		push	{r3, lr}
  37              	.LCFI0:
ARM GAS  C:\usertemp\cc0hx2Mk.s 			page 3


  38              		.cfi_def_cfa_offset 8
  39              		.cfi_offset 3, -8
  40              		.cfi_offset 14, -4
  79:Middlewares/ST/usbx/common/core/src/ux_utility_mutex_on.c **** 
  80:Middlewares/ST/usbx/common/core/src/ux_utility_mutex_on.c **** UINT    status;
  41              		.loc 1 80 1 is_stmt 1 view .LVU2
  81:Middlewares/ST/usbx/common/core/src/ux_utility_mutex_on.c **** 
  82:Middlewares/ST/usbx/common/core/src/ux_utility_mutex_on.c ****     /* Call ThreadX to get system mutex.  */
  83:Middlewares/ST/usbx/common/core/src/ux_utility_mutex_on.c ****     status =  tx_mutex_get(mutex, TX_WAIT_FOREVER);
  42              		.loc 1 83 5 view .LVU3
  43              		.loc 1 83 15 is_stmt 0 view .LVU4
  44 0002 4FF0FF31 		mov	r1, #-1
  45 0006 FFF7FEFF 		bl	_txe_mutex_get
  46              	.LVL1:
  84:Middlewares/ST/usbx/common/core/src/ux_utility_mutex_on.c **** 
  85:Middlewares/ST/usbx/common/core/src/ux_utility_mutex_on.c ****     /* Check for status.  */
  86:Middlewares/ST/usbx/common/core/src/ux_utility_mutex_on.c ****     if (status != UX_SUCCESS)
  47              		.loc 1 86 5 is_stmt 1 view .LVU5
  48              		.loc 1 86 8 is_stmt 0 view .LVU6
  49 000a 00B9     		cbnz	r0, .L4
  50              	.LVL2:
  51              	.L1:
  87:Middlewares/ST/usbx/common/core/src/ux_utility_mutex_on.c ****     {
  88:Middlewares/ST/usbx/common/core/src/ux_utility_mutex_on.c **** 
  89:Middlewares/ST/usbx/common/core/src/ux_utility_mutex_on.c ****         /* Error trap. */
  90:Middlewares/ST/usbx/common/core/src/ux_utility_mutex_on.c ****         _ux_system_error_handler(UX_SYSTEM_LEVEL_THREAD, UX_SYSTEM_CONTEXT_UTILITY, status);
  91:Middlewares/ST/usbx/common/core/src/ux_utility_mutex_on.c ****     }
  92:Middlewares/ST/usbx/common/core/src/ux_utility_mutex_on.c **** 
  93:Middlewares/ST/usbx/common/core/src/ux_utility_mutex_on.c ****     /* Return to caller.  */
  94:Middlewares/ST/usbx/common/core/src/ux_utility_mutex_on.c ****     return;
  95:Middlewares/ST/usbx/common/core/src/ux_utility_mutex_on.c **** }
  52              		.loc 1 95 1 view .LVU7
  53 000c 08BD     		pop	{r3, pc}
  54              	.LVL3:
  55              	.L4:
  56              		.loc 1 95 1 view .LVU8
  57 000e 0246     		mov	r2, r0
  90:Middlewares/ST/usbx/common/core/src/ux_utility_mutex_on.c ****     }
  58              		.loc 1 90 9 is_stmt 1 view .LVU9
  59 0010 0821     		movs	r1, #8
  60 0012 0220     		movs	r0, #2
  61              	.LVL4:
  90:Middlewares/ST/usbx/common/core/src/ux_utility_mutex_on.c ****     }
  62              		.loc 1 90 9 is_stmt 0 view .LVU10
  63 0014 FFF7FEFF 		bl	_ux_system_error_handler
  64              	.LVL5:
  94:Middlewares/ST/usbx/common/core/src/ux_utility_mutex_on.c **** }
  65              		.loc 1 94 5 is_stmt 1 view .LVU11
  66 0018 F8E7     		b	.L1
  67              		.cfi_endproc
  68              	.LFE11:
  70              		.text
  71              	.Letext0:
  72              		.file 2 "Middlewares/ST/threadx/ports/cortex_m33/gnu/inc/tx_port.h"
  73              		.file 3 "Middlewares/ST/threadx/common/inc/tx_api.h"
  74              		.file 4 "Middlewares/ST/usbx/common/core/inc/ux_utility.h"
ARM GAS  C:\usertemp\cc0hx2Mk.s 			page 4


DEFINED SYMBOLS
                            *ABS*:00000000 ux_utility_mutex_on.c
C:\usertemp\cc0hx2Mk.s:22     .text._ux_utility_mutex_on:00000000 $t
C:\usertemp\cc0hx2Mk.s:28     .text._ux_utility_mutex_on:00000000 _ux_utility_mutex_on

UNDEFINED SYMBOLS
_txe_mutex_get
_ux_system_error_handler
